

================================================================
== Vivado HLS Report for 'cos_lut_ap_fixed_9_6_5_3_0_s'
================================================================
* Date:           Sun Feb 26 10:56:00 2023

* Version:        2020.1 (Build 2897737 on Wed May 27 20:21:37 MDT 2020)
* Project:        myproject_prj
* Solution:       solution1
* Product family: virtexuplus
* Target device:  xcvu9p-flga2577-2-e


================================================================
== Performance Estimates
================================================================
+ Timing: 
    * Summary: 
    +--------+---------+----------+------------+
    |  Clock |  Target | Estimated| Uncertainty|
    +--------+---------+----------+------------+
    |ap_clk  | 5.00 ns | 4.339 ns |   0.62 ns  |
    +--------+---------+----------+------------+

+ Latency: 
    * Summary: 
    +---------+---------+-----------+-----------+-----+-----+----------+
    |  Latency (cycles) |   Latency (absolute)  |  Interval | Pipeline |
    |   min   |   max   |    min    |    max    | min | max |   Type   |
    +---------+---------+-----------+-----------+-----+-----+----------+
    |        3|        3| 15.000 ns | 15.000 ns |    1|    1| function |
    +---------+---------+-----------+-----------+-----+-----+----------+

    + Detail: 
        * Instance: 
        N/A

        * Loop: 
        N/A



================================================================
== Utilization Estimates
================================================================
* Summary: 
+---------------------+---------+-------+---------+---------+-----+
|         Name        | BRAM_18K| DSP48E|    FF   |   LUT   | URAM|
+---------------------+---------+-------+---------+---------+-----+
|DSP                  |        -|      1|        -|        -|    -|
|Expression           |        -|      -|       40|      908|    -|
|FIFO                 |        -|      -|        -|        -|    -|
|Instance             |        -|      0|      520|      336|    -|
|Memory               |        -|      -|        -|        -|    -|
|Multiplexer          |        -|      -|        -|        9|    -|
|Register             |        0|      -|      131|       32|    -|
+---------------------+---------+-------+---------+---------+-----+
|Total                |        0|      1|      691|     1285|    0|
+---------------------+---------+-------+---------+---------+-----+
|Available SLR        |     1440|   2280|   788160|   394080|  320|
+---------------------+---------+-------+---------+---------+-----+
|Utilization SLR (%)  |        0|   ~0  |    ~0   |    ~0   |    0|
+---------------------+---------+-------+---------+---------+-----+
|Available            |     4320|   6840|  2364480|  1182240|  960|
+---------------------+---------+-------+---------+---------+-----+
|Utilization (%)      |        0|   ~0  |    ~0   |    ~0   |    0|
+---------------------+---------+-------+---------+---------+-----+

+ Detail: 
    * Instance: 
    +------------------------------------+--------------------------------+---------+-------+-----+----+-----+
    |              Instance              |             Module             | BRAM_18K| DSP48E|  FF | LUT| URAM|
    +------------------------------------+--------------------------------+---------+-------+-----+----+-----+
    |myproject_dcmp_64ns_64ns_1_2_0_U9   |myproject_dcmp_64ns_64ns_1_2_0  |        0|      0|  130|  84|    0|
    |myproject_dcmp_64ns_64ns_1_2_0_U10  |myproject_dcmp_64ns_64ns_1_2_0  |        0|      0|  130|  84|    0|
    |myproject_dcmp_64ns_64ns_1_2_0_U11  |myproject_dcmp_64ns_64ns_1_2_0  |        0|      0|  130|  84|    0|
    |myproject_dcmp_64ns_64ns_1_2_0_U12  |myproject_dcmp_64ns_64ns_1_2_0  |        0|      0|  130|  84|    0|
    +------------------------------------+--------------------------------+---------+-------+-----+----+-----+
    |Total                               |                                |        0|      0|  520| 336|    0|
    +------------------------------------+--------------------------------+---------+-------+-----+----+-----+

    * DSP48E: 
    +--------------------------------------+----------------------------------+-----------+
    |               Instance               |              Module              | Expression|
    +--------------------------------------+----------------------------------+-----------+
    |myproject_mul_mul_15ns_9s_24_1_0_U13  |myproject_mul_mul_15ns_9s_24_1_0  |  i0 * i1  |
    +--------------------------------------+----------------------------------+-----------+

    * Memory: 
    N/A

    * FIFO: 
    N/A

    * Expression: 
    +--------------------------+----------+-------+----+-----+------------+------------+
    |       Variable Name      | Operation| DSP48E| FF | LUT | Bitwidth P0| Bitwidth P1|
    +--------------------------+----------+-------+----+-----+------------+------------+
    |add_ln147_fu_448_p2       |     +    |      0|   0|   11|           3|           3|
    |add_ln899_fu_260_p2       |     +    |      0|   0|   11|           2|           3|
    |add_ln908_fu_305_p2       |     +    |      0|   0|   39|           7|          32|
    |add_ln915_fu_378_p2       |     +    |      0|   0|   18|           1|          11|
    |lsb_index_fu_187_p2       |     +    |      0|   0|   39|           7|          32|
    |m_13_fu_345_p2            |     +    |      0|   0|   71|          64|          64|
    |sub_ln894_fu_177_p2       |     -    |      0|   0|   39|           2|          32|
    |sub_ln897_fu_213_p2       |     -    |      0|   0|    9|           1|           2|
    |sub_ln908_fu_320_p2       |     -    |      0|   0|   39|           6|          32|
    |sub_ln915_fu_373_p2       |     -    |      0|   0|   18|          10|          11|
    |a_fu_240_p2               |    and   |      0|   0|    2|           1|           1|
    |and_ln147_1_fu_517_p2     |    and   |      0|   0|    2|           1|           1|
    |and_ln147_fu_511_p2       |    and   |      0|   0|    2|           1|           1|
    |and_ln154_1_fu_534_p2     |    and   |      0|   0|    2|           1|           1|
    |and_ln154_fu_539_p2       |    and   |      0|   0|    2|           1|           1|
    |and_ln155_1_fu_551_p2     |    and   |      0|   0|    2|           1|           1|
    |and_ln155_fu_556_p2       |    and   |      0|   0|    2|           1|           1|
    |and_ln899_fu_273_p2       |    and   |      0|   0|    2|           1|           1|
    |p_Result_16_fu_229_p2     |    and   |      0|   0|    3|           3|           3|
    |l_fu_165_p3               |   cttz   |      0|  40|   36|          32|           0|
    |icmp_ln146_1_fu_490_p2    |   icmp   |      0|   0|    9|           3|           1|
    |icmp_ln146_2_fu_501_p2    |   icmp   |      0|   0|    9|           3|           3|
    |icmp_ln146_3_fu_506_p2    |   icmp   |      0|   0|    9|           3|           1|
    |icmp_ln146_fu_485_p2      |   icmp   |      0|   0|    9|           3|           3|
    |icmp_ln147_fu_463_p2      |   icmp   |      0|   0|    8|           2|           1|
    |icmp_ln879_2_fu_474_p2    |   icmp   |      0|   0|    9|           3|           3|
    |icmp_ln879_fu_469_p2      |   icmp   |      0|   0|    9|           3|           2|
    |icmp_ln885_fu_523_p2      |   icmp   |      0|   0|    9|           3|           1|
    |icmp_ln897_2_fu_234_p2    |   icmp   |      0|   0|    9|           3|           1|
    |icmp_ln897_fu_203_p2      |   icmp   |      0|   0|   20|          31|           1|
    |icmp_ln908_fu_293_p2      |   icmp   |      0|   0|   20|          32|           1|
    |icmp_ln924_2_fu_436_p2    |   icmp   |      0|   0|   29|          52|           1|
    |icmp_ln924_fu_430_p2      |   icmp   |      0|   0|   13|          11|           2|
    |lshr_ln897_fu_223_p2      |   lshr   |      0|   0|    7|           2|           3|
    |lshr_ln908_fu_310_p2      |   lshr   |      0|   0|   92|          32|          32|
    |or_ln146_fu_495_p2        |    or    |      0|   0|    2|           1|           1|
    |or_ln148_fu_479_p2        |    or    |      0|   0|    2|           1|           1|
    |or_ln154_1_fu_528_p2      |    or    |      0|   0|    2|           1|           1|
    |or_ln154_2_fu_584_p2      |    or    |      0|   0|    2|           1|           1|
    |or_ln154_3_fu_610_p2      |    or    |      0|   0|    2|           1|           1|
    |or_ln154_fu_570_p2        |    or    |      0|   0|    2|           1|           1|
    |or_ln155_fu_545_p2        |    or    |      0|   0|    2|           1|           1|
    |or_ln899_fu_279_p2        |    or    |      0|   0|    2|           1|           1|
    |or_ln924_fu_442_p2        |    or    |      0|   0|    2|           1|           1|
    |m_12_fu_335_p3            |  select  |      0|   0|   63|           1|          64|
    |select_ln154_1_fu_576_p3  |  select  |      0|   0|    5|           1|           5|
    |select_ln154_2_fu_590_p3  |  select  |      0|   0|    4|           1|           1|
    |select_ln154_3_fu_598_p3  |  select  |      0|   0|    4|           1|           4|
    |select_ln154_4_fu_616_p3  |  select  |      0|   0|    5|           1|           5|
    |select_ln154_fu_562_p3    |  select  |      0|   0|    4|           1|           3|
    |select_ln915_fu_384_p3    |  select  |      0|   0|   11|           1|          11|
    |shl_ln908_fu_329_p2       |    shl   |      0|   0|  182|          64|          64|
    |xor_ln899_fu_254_p2       |    xor   |      0|   0|    2|           1|           2|
    +--------------------------+----------+-------+----+-----+------------+------------+
    |Total                     |          |      0|  40|  908|         413|         457|
    +--------------------------+----------+-------+----+-----+------------+------------+

    * Multiplexer: 
    +-----------+----+-----------+-----+-----------+
    |    Name   | LUT| Input Size| Bits| Total Bits|
    +-----------+----+-----------+-----+-----------+
    |ap_return  |   9|          2|    5|         10|
    +-----------+----+-----------+-----+-----------+
    |Total      |   9|          2|    5|         10|
    +-----------+----+-----------+-----+-----------+

    * Register: 
    +---------------------+----+----+-----+-----------+
    |         Name        | FF | LUT| Bits| Const Bits|
    +---------------------+----+----+-----+-----------+
    |ap_ce_reg            |   1|   0|    1|          0|
    |ap_return_int_reg    |   5|   0|    5|          0|
    |icmp_ln908_reg_669   |   1|   0|    1|          0|
    |input_V_int_reg      |   9|   0|    9|          0|
    |or_ln899_s_reg_664   |   1|   0|   32|         31|
    |or_ln924_reg_682     |   1|   0|    1|          0|
    |p_Result_s_reg_648   |   3|   0|    3|          0|
    |p_Val2_53_reg_632    |   3|   0|    3|          0|
    |sub_ln894_reg_658    |  32|   0|   32|          0|
    |trunc_ln893_reg_653  |  11|   0|   11|          0|
    |p_Val2_53_reg_632    |  64|  32|    3|          0|
    +---------------------+----+----+-----+-----------+
    |Total                | 131|  32|  101|         31|
    +---------------------+----+----+-----+-----------+



================================================================
== Interface
================================================================
* Summary: 
+-----------+-----+-----+------------+-----------------------------------+--------------+
| RTL Ports | Dir | Bits|  Protocol  |           Source Object           |    C Type    |
+-----------+-----+-----+------------+-----------------------------------+--------------+
|ap_clk     |  in |    1| ap_ctrl_hs | cos_lut<ap_fixed<9, 6, 5, 3, 0> > | return value |
|ap_rst     |  in |    1| ap_ctrl_hs | cos_lut<ap_fixed<9, 6, 5, 3, 0> > | return value |
|ap_return  | out |    5| ap_ctrl_hs | cos_lut<ap_fixed<9, 6, 5, 3, 0> > | return value |
|ap_ce      |  in |    1| ap_ctrl_hs | cos_lut<ap_fixed<9, 6, 5, 3, 0> > | return value |
|input_V    |  in |    9|   ap_none  |              input_V              |    scalar    |
+-----------+-----+-----+------------+-----------------------------------+--------------+

