

================================================================
== Vivado HLS Report for 'cordic_circ_apfixed_18_3_0_s'
================================================================
* Date:           Sun Feb 26 11:23:02 2023

* Version:        2020.1 (Build 2897737 on Wed May 27 20:21:37 MDT 2020)
* Project:        myproject_prj
* Solution:       solution1
* Product family: virtexuplus
* Target device:  xcvu9p-flga2577-2-e


================================================================
== Performance Estimates
================================================================
+ Timing: 
    * Summary: 
    +--------+---------+----------+------------+
    |  Clock |  Target | Estimated| Uncertainty|
    +--------+---------+----------+------------+
    |ap_clk  | 5.00 ns | 4.361 ns |   0.62 ns  |
    +--------+---------+----------+------------+

+ Latency: 
    * Summary: 
    +---------+---------+-----------+-----------+-----+-----+----------+
    |  Latency (cycles) |   Latency (absolute)  |  Interval | Pipeline |
    |   min   |   max   |    min    |    max    | min | max |   Type   |
    +---------+---------+-----------+-----------+-----+-----+----------+
    |        4|        4| 20.000 ns | 20.000 ns |    1|    1| function |
    +---------+---------+-----------+-----------+-----+-----+----------+

    + Detail: 
        * Instance: 
        N/A

        * Loop: 
        N/A



================================================================
== Utilization Estimates
================================================================
* Summary: 
+---------------------+---------+-------+---------+---------+-----+
|         Name        | BRAM_18K| DSP48E|    FF   |   LUT   | URAM|
+---------------------+---------+-------+---------+---------+-----+
|DSP                  |        -|      -|        -|        -|    -|
|Expression           |        -|      -|        0|     4500|    -|
|FIFO                 |        -|      -|        -|        -|    -|
|Instance             |        -|      -|        -|        -|    -|
|Memory               |        -|      -|        -|        -|    -|
|Multiplexer          |        -|      -|        -|        -|    -|
|Register             |        -|      -|      273|        -|    -|
+---------------------+---------+-------+---------+---------+-----+
|Total                |        0|      0|      273|     4500|    0|
+---------------------+---------+-------+---------+---------+-----+
|Available SLR        |     1440|   2280|   788160|   394080|  320|
+---------------------+---------+-------+---------+---------+-----+
|Utilization SLR (%)  |        0|      0|    ~0   |        1|    0|
+---------------------+---------+-------+---------+---------+-----+
|Available            |     4320|   6840|  2364480|  1182240|  960|
+---------------------+---------+-------+---------+---------+-----+
|Utilization (%)      |        0|      0|    ~0   |    ~0   |    0|
+---------------------+---------+-------+---------+---------+-----+

+ Detail: 
    * Instance: 
    N/A

    * DSP48E: 
    N/A

    * Memory: 
    N/A

    * FIFO: 
    N/A

    * Expression: 
    +----------------------------+----------+-------+---+----+------------+------------+
    |        Variable Name       | Operation| DSP48E| FF| LUT| Bitwidth P0| Bitwidth P1|
    +----------------------------+----------+-------+---+----+------------+------------+
    |add_ln101_10_fu_693_p2      |     +    |      0|  0|  76|          18|          18|
    |add_ln101_11_fu_791_p2      |     +    |      0|  0|  76|          10|          18|
    |add_ln101_12_fu_797_p2      |     +    |      0|  0|  76|          18|          18|
    |add_ln101_13_fu_895_p2      |     +    |      0|  0|  76|           9|          18|
    |add_ln101_14_fu_901_p2      |     +    |      0|  0|  76|          18|          18|
    |add_ln101_15_fu_992_p2      |     +    |      0|  0|  76|           8|          18|
    |add_ln101_16_fu_997_p2      |     +    |      0|  0|  76|          18|          18|
    |add_ln101_17_fu_1093_p2     |     +    |      0|  0|  76|           7|          18|
    |add_ln101_18_fu_1099_p2     |     +    |      0|  0|  76|          18|          18|
    |add_ln101_19_fu_1197_p2     |     +    |      0|  0|  76|           6|          18|
    |add_ln101_1_fu_262_p2       |     +    |      0|  0|  76|          15|          18|
    |add_ln101_20_fu_1203_p2     |     +    |      0|  0|  76|          18|          18|
    |add_ln101_21_fu_1301_p2     |     +    |      0|  0|  76|           5|          18|
    |add_ln101_22_fu_1307_p2     |     +    |      0|  0|  76|          18|          18|
    |add_ln101_23_fu_1398_p2     |     +    |      0|  0|  76|           4|          18|
    |add_ln101_24_fu_1403_p2     |     +    |      0|  0|  76|          18|          18|
    |add_ln101_25_fu_1499_p2     |     +    |      0|  0|  76|           3|          18|
    |add_ln101_26_fu_1505_p2     |     +    |      0|  0|  76|          18|          18|
    |add_ln101_27_fu_1603_p2     |     +    |      0|  0|  76|           2|          18|
    |add_ln101_28_fu_1609_p2     |     +    |      0|  0|  76|          18|          18|
    |add_ln101_2_fu_268_p2       |     +    |      0|  0|  76|          18|          18|
    |add_ln101_3_fu_374_p2       |     +    |      0|  0|  76|          14|          18|
    |add_ln101_4_fu_380_p2       |     +    |      0|  0|  76|          18|          18|
    |add_ln101_5_fu_482_p2       |     +    |      0|  0|  76|          13|          18|
    |add_ln101_6_fu_488_p2       |     +    |      0|  0|  76|          18|          18|
    |add_ln101_7_fu_621_p2       |     +    |      0|  0|  76|          12|          18|
    |add_ln101_8_fu_626_p2       |     +    |      0|  0|  76|          18|          18|
    |add_ln101_9_fu_687_p2       |     +    |      0|  0|  76|          11|          18|
    |add_ln101_fu_200_p2         |     +    |      0|  0|  25|          18|          18|
    |add_ln203_10_fu_1157_p2     |     +    |      0|  0|  24|          17|          17|
    |add_ln203_11_fu_1261_p2     |     +    |      0|  0|  24|          17|          17|
    |add_ln203_12_fu_1371_p2     |     +    |      0|  0|  24|          17|          17|
    |add_ln203_13_fu_1459_p2     |     +    |      0|  0|  24|          17|          17|
    |add_ln203_14_fu_564_p2      |     +    |      0|  0|  24|          17|          17|
    |add_ln203_15_fu_1663_p2     |     +    |      0|  0|  24|          17|          17|
    |add_ln203_16_fu_1732_p2     |     +    |      0|  0|  24|          17|          17|
    |add_ln203_17_fu_1800_p2     |     +    |      0|  0|  24|          17|          17|
    |add_ln203_18_fu_665_p2      |     +    |      0|  0|  25|          18|          18|
    |add_ln203_19_fu_769_p2      |     +    |      0|  0|  25|          18|          18|
    |add_ln203_1_fu_352_p2       |     +    |      0|  0|  24|          17|          17|
    |add_ln203_20_fu_873_p2      |     +    |      0|  0|  25|          18|          18|
    |add_ln203_21_fu_980_p2      |     +    |      0|  0|  25|          18|          18|
    |add_ln203_22_fu_1071_p2     |     +    |      0|  0|  25|          18|          18|
    |add_ln203_23_fu_1175_p2     |     +    |      0|  0|  25|          18|          18|
    |add_ln203_24_fu_1279_p2     |     +    |      0|  0|  25|          18|          18|
    |add_ln203_25_fu_1386_p2     |     +    |      0|  0|  25|          18|          18|
    |add_ln203_26_fu_1477_p2     |     +    |      0|  0|  25|          18|          18|
    |add_ln203_27_fu_1563_p2     |     +    |      0|  0|  24|          17|          17|
    |add_ln203_28_fu_1581_p2     |     +    |      0|  0|  25|          18|          18|
    |add_ln203_29_fu_1699_p2     |     +    |      0|  0|  25|          18|          18|
    |add_ln203_2_fu_442_p2       |     +    |      0|  0|  24|          17|          17|
    |add_ln203_30_fu_1748_p2     |     +    |      0|  0|  25|          18|          18|
    |add_ln203_31_fu_1818_p2     |     +    |      0|  0|  25|          18|          18|
    |add_ln203_3_fu_460_p2       |     +    |      0|  0|  24|          17|          17|
    |add_ln203_4_fu_546_p2       |     +    |      0|  0|  24|          17|          17|
    |add_ln203_5_fu_649_p2       |     +    |      0|  0|  24|          17|          17|
    |add_ln203_6_fu_751_p2       |     +    |      0|  0|  24|          17|          17|
    |add_ln203_7_fu_855_p2       |     +    |      0|  0|  24|          17|          17|
    |add_ln203_8_fu_965_p2       |     +    |      0|  0|  24|          17|          17|
    |add_ln203_9_fu_1053_p2      |     +    |      0|  0|  24|          17|          17|
    |add_ln203_fu_334_p2         |     +    |      0|  0|  23|          16|          16|
    |sub_ln203_10_fu_1163_p2     |     -    |      0|  0|  25|          18|          18|
    |sub_ln203_11_fu_1267_p2     |     -    |      0|  0|  25|          18|          18|
    |sub_ln203_12_fu_1376_p2     |     -    |      0|  0|  25|          18|          18|
    |sub_ln203_13_fu_1465_p2     |     -    |      0|  0|  25|          18|          18|
    |sub_ln203_14_fu_1569_p2     |     -    |      0|  0|  25|          18|          18|
    |sub_ln203_15_fu_558_p2      |     -    |      0|  0|  24|          17|          17|
    |sub_ln203_16_fu_1737_p2     |     -    |      0|  0|  25|          18|          18|
    |sub_ln203_17_fu_1806_p2     |     -    |      0|  0|  25|          18|          18|
    |sub_ln203_18_fu_660_p2      |     -    |      0|  0|  24|          17|          17|
    |sub_ln203_19_fu_763_p2      |     -    |      0|  0|  24|          17|          17|
    |sub_ln203_1_fu_346_p2       |     -    |      0|  0|  23|          16|          16|
    |sub_ln203_20_fu_867_p2      |     -    |      0|  0|  24|          17|          17|
    |sub_ln203_21_fu_975_p2      |     -    |      0|  0|  24|          17|          17|
    |sub_ln203_22_fu_1065_p2     |     -    |      0|  0|  24|          17|          17|
    |sub_ln203_23_fu_1169_p2     |     -    |      0|  0|  24|          17|          17|
    |sub_ln203_24_fu_1273_p2     |     -    |      0|  0|  24|          17|          17|
    |sub_ln203_25_fu_1381_p2     |     -    |      0|  0|  24|          17|          17|
    |sub_ln203_26_fu_1471_p2     |     -    |      0|  0|  24|          17|          17|
    |sub_ln203_27_fu_1575_p2     |     -    |      0|  0|  24|          17|          17|
    |sub_ln203_28_fu_1694_p2     |     -    |      0|  0|  25|          18|          18|
    |sub_ln203_29_fu_1669_p2     |     -    |      0|  0|  24|          17|          17|
    |sub_ln203_2_fu_448_p2       |     -    |      0|  0|  24|          17|          17|
    |sub_ln203_30_fu_1743_p2     |     -    |      0|  0|  24|          17|          17|
    |sub_ln203_31_fu_1812_p2     |     -    |      0|  0|  24|          17|          17|
    |sub_ln203_3_fu_454_p2       |     -    |      0|  0|  24|          17|          17|
    |sub_ln203_4_fu_552_p2       |     -    |      0|  0|  24|          17|          17|
    |sub_ln203_5_fu_654_p2       |     -    |      0|  0|  25|          18|          18|
    |sub_ln203_6_fu_757_p2       |     -    |      0|  0|  25|          18|          18|
    |sub_ln203_7_fu_861_p2       |     -    |      0|  0|  25|          18|          18|
    |sub_ln203_8_fu_970_p2       |     -    |      0|  0|  25|          18|          18|
    |sub_ln203_9_fu_1059_p2      |     -    |      0|  0|  25|          18|          18|
    |sub_ln203_fu_340_p2         |     -    |      0|  0|  24|          17|          17|
    |select_ln101_10_fu_614_p3   |  select  |      0|  0|  12|           1|          12|
    |select_ln101_11_fu_578_p3   |  select  |      0|  0|  17|           1|          17|
    |select_ln101_12_fu_586_p3   |  select  |      0|  0|  17|           1|          17|
    |select_ln101_13_fu_679_p3   |  select  |      0|  0|  11|           1|          11|
    |select_ln101_14_fu_699_p3   |  select  |      0|  0|  18|           1|          18|
    |select_ln101_15_fu_707_p3   |  select  |      0|  0|  17|           1|          17|
    |select_ln101_16_fu_783_p3   |  select  |      0|  0|  10|           1|          10|
    |select_ln101_17_fu_803_p3   |  select  |      0|  0|  18|           1|          18|
    |select_ln101_18_fu_811_p3   |  select  |      0|  0|  17|           1|          17|
    |select_ln101_19_fu_887_p3   |  select  |      0|  0|   9|           1|           9|
    |select_ln101_1_fu_254_p3    |  select  |      0|  0|  15|           1|          15|
    |select_ln101_20_fu_907_p3   |  select  |      0|  0|  18|           1|          18|
    |select_ln101_21_fu_915_p3   |  select  |      0|  0|  17|           1|          17|
    |select_ln101_22_fu_985_p3   |  select  |      0|  0|   8|           1|           8|
    |select_ln101_23_fu_1003_p3  |  select  |      0|  0|  18|           1|          18|
    |select_ln101_24_fu_1010_p3  |  select  |      0|  0|  17|           1|          17|
    |select_ln101_25_fu_1085_p3  |  select  |      0|  0|   7|           1|           7|
    |select_ln101_26_fu_1105_p3  |  select  |      0|  0|  18|           1|          18|
    |select_ln101_27_fu_1113_p3  |  select  |      0|  0|  17|           1|          17|
    |select_ln101_28_fu_1189_p3  |  select  |      0|  0|   6|           1|           6|
    |select_ln101_29_fu_1209_p3  |  select  |      0|  0|  18|           1|          18|
    |select_ln101_2_fu_274_p3    |  select  |      0|  0|  16|           1|          16|
    |select_ln101_30_fu_1217_p3  |  select  |      0|  0|  17|           1|          17|
    |select_ln101_31_fu_1293_p3  |  select  |      0|  0|   5|           1|           5|
    |select_ln101_32_fu_1313_p3  |  select  |      0|  0|  18|           1|          18|
    |select_ln101_33_fu_1321_p3  |  select  |      0|  0|  17|           1|          17|
    |select_ln101_34_fu_1391_p3  |  select  |      0|  0|   4|           1|           4|
    |select_ln101_35_fu_1409_p3  |  select  |      0|  0|  18|           1|          18|
    |select_ln101_36_fu_1416_p3  |  select  |      0|  0|  17|           1|          17|
    |select_ln101_37_fu_1491_p3  |  select  |      0|  0|   3|           1|           3|
    |select_ln101_38_fu_1511_p3  |  select  |      0|  0|  18|           1|          18|
    |select_ln101_39_fu_1519_p3  |  select  |      0|  0|  17|           1|          17|
    |select_ln101_3_fu_286_p3    |  select  |      0|  0|  15|           1|          15|
    |select_ln101_40_fu_1595_p3  |  select  |      0|  0|   2|           1|           2|
    |select_ln101_41_fu_1615_p3  |  select  |      0|  0|  18|           1|          18|
    |select_ln101_42_fu_1623_p3  |  select  |      0|  0|  17|           1|          17|
    |select_ln101_43_fu_1704_p3  |  select  |      0|  0|  18|           1|          18|
    |select_ln101_44_fu_1675_p3  |  select  |      0|  0|  17|           1|          17|
    |select_ln101_45_fu_1754_p3  |  select  |      0|  0|  18|           1|          18|
    |select_ln101_46_fu_1761_p3  |  select  |      0|  0|  17|           1|          17|
    |select_ln101_47_fu_1824_p3  |  select  |      0|  0|  18|           1|          18|
    |select_ln101_48_fu_1831_p3  |  select  |      0|  0|  17|           1|          17|
    |select_ln101_4_fu_366_p3    |  select  |      0|  0|  14|           1|          14|
    |select_ln101_5_fu_386_p3    |  select  |      0|  0|  17|           1|          17|
    |select_ln101_6_fu_394_p3    |  select  |      0|  0|  16|           1|          16|
    |select_ln101_7_fu_474_p3    |  select  |      0|  0|  13|           1|          13|
    |select_ln101_8_fu_494_p3    |  select  |      0|  0|  17|           1|          17|
    |select_ln101_9_fu_502_p3    |  select  |      0|  0|  17|           1|          17|
    |select_ln101_fu_192_p3      |  select  |      0|  0|  16|           1|          15|
    |select_ln1371_1_fu_1776_p3  |  select  |      0|  0|   2|           1|           2|
    |select_ln1371_2_fu_1792_p3  |  select  |      0|  0|   2|           1|           2|
    |select_ln1371_fu_1711_p3    |  select  |      0|  0|   2|           1|           2|
    |select_ln203_1_fu_222_p3    |  select  |      0|  0|  16|           1|          16|
    |select_ln203_2_fu_230_p3    |  select  |      0|  0|  14|           1|          13|
    |select_ln203_3_fu_238_p3    |  select  |      0|  0|  15|           1|          15|
    |select_ln203_fu_214_p3      |  select  |      0|  0|  14|           1|          14|
    +----------------------------+----------+-------+---+----+------------+------------+
    |Total                       |          |      0|  0|4500|        1557|        2419|
    +----------------------------+----------+-------+---+----+------------+------------+

    * Multiplexer: 
    N/A

    * Register: 
    +--------------------------+----+----+-----+-----------+
    |           Name           | FF | LUT| Bits| Const Bits|
    +--------------------------+----+----+-----+-----------+
    |add_ln101_14_reg_1885     |  18|   0|   18|          0|
    |add_ln101_22_reg_1923     |  18|   0|   18|          0|
    |add_ln101_6_reg_1854      |  18|   0|   18|          0|
    |select_ln101_11_reg_1864  |  17|   0|   17|          0|
    |select_ln101_12_reg_1869  |  17|   0|   17|          0|
    |select_ln101_20_reg_1890  |  18|   0|   18|          0|
    |select_ln101_21_reg_1896  |  17|   0|   17|          0|
    |select_ln101_32_reg_1928  |  18|   0|   18|          0|
    |select_ln101_33_reg_1934  |  17|   0|   17|          0|
    |select_ln101_41_reg_1961  |  18|   0|   18|          0|
    |select_ln101_44_reg_1981  |  17|   0|   17|          0|
    |tmp_13_reg_1859           |   1|   0|    1|          0|
    |tmp_14_reg_1875           |  12|   0|   12|          0|
    |tmp_15_reg_1880           |  12|   0|   12|          0|
    |tmp_26_reg_1902           |   9|   0|    9|          0|
    |tmp_27_reg_1907           |  10|   0|   10|          0|
    |tmp_28_reg_1912           |   1|   0|    1|          0|
    |tmp_29_reg_1918           |   1|   0|    1|          0|
    |tmp_42_reg_1940           |   5|   0|    5|          0|
    |tmp_43_reg_1945           |   6|   0|    6|          0|
    |tmp_44_reg_1950           |   1|   0|    1|          0|
    |tmp_45_reg_1956           |   1|   0|    1|          0|
    |tmp_54_reg_1967           |   2|   0|    2|          0|
    |tmp_56_reg_1972           |   1|   0|    1|          0|
    |tmp_57_reg_1987           |   1|   0|    1|          0|
    |z_V_read_int_reg          |  17|   0|   17|          0|
    +--------------------------+----+----+-----+-----------+
    |Total                     | 273|   0|  273|          0|
    +--------------------------+----+----+-----+-----------+



================================================================
== Interface
================================================================
* Summary: 
+-------------+-----+-----+------------+-------------------------------+--------------+
|  RTL Ports  | Dir | Bits|  Protocol  |         Source Object         |    C Type    |
+-------------+-----+-----+------------+-------------------------------+--------------+
|ap_clk       |  in |    1| ap_ctrl_hs | cordic_circ_apfixed<18, 3, 0> | return value |
|ap_rst       |  in |    1| ap_ctrl_hs | cordic_circ_apfixed<18, 3, 0> | return value |
|ap_return_0  | out |   18| ap_ctrl_hs | cordic_circ_apfixed<18, 3, 0> | return value |
|ap_return_1  | out |   18| ap_ctrl_hs | cordic_circ_apfixed<18, 3, 0> | return value |
|ap_ce        |  in |    1| ap_ctrl_hs | cordic_circ_apfixed<18, 3, 0> | return value |
|z_V_read     |  in |   17|   ap_none  |            z_V_read           |    scalar    |
+-------------+-----+-----+------------+-------------------------------+--------------+

