

================================================================
== Vivado HLS Report for 'myproject'
================================================================
* Date:           Sun Feb 26 15:12:24 2023

* Version:        2020.1 (Build 2897737 on Wed May 27 20:21:37 MDT 2020)
* Project:        myproject_prj
* Solution:       solution1
* Product family: virtexuplus
* Target device:  xcvu9p-flga2577-2-e


================================================================
== Performance Estimates
================================================================
+ Timing: 
    * Summary: 
    +--------+---------+----------+------------+
    |  Clock |  Target | Estimated| Uncertainty|
    +--------+---------+----------+------------+
    |ap_clk  | 5.00 ns | 4.055 ns |   0.62 ns  |
    +--------+---------+----------+------------+

+ Latency: 
    * Summary: 
    +---------+---------+----------+----------+-----+-----+----------+
    |  Latency (cycles) |  Latency (absolute) |  Interval | Pipeline |
    |   min   |   max   |    min   |    max   | min | max |   Type   |
    +---------+---------+----------+----------+-----+-----+----------+
    |        1|        1| 5.000 ns | 5.000 ns |    1|    1| function |
    +---------+---------+----------+----------+-----+-----+----------+

    + Detail: 
        * Instance: 
        N/A

        * Loop: 
        N/A



================================================================
== Utilization Estimates
================================================================
* Summary: 
+---------------------+---------+-------+---------+---------+-----+
|         Name        | BRAM_18K| DSP48E|    FF   |   LUT   | URAM|
+---------------------+---------+-------+---------+---------+-----+
|DSP                  |        -|      -|        -|        -|    -|
|Expression           |        -|      0|        0|      394|    -|
|FIFO                 |        -|      -|        -|        -|    -|
|Instance             |        -|      -|        -|        -|    -|
|Memory               |        -|      -|        -|        -|    -|
|Multiplexer          |        -|      -|        -|       36|    -|
|Register             |        -|      -|      170|        -|    -|
+---------------------+---------+-------+---------+---------+-----+
|Total                |        0|      0|      170|      430|    0|
+---------------------+---------+-------+---------+---------+-----+
|Available SLR        |     1440|   2280|   788160|   394080|  320|
+---------------------+---------+-------+---------+---------+-----+
|Utilization SLR (%)  |        0|      0|    ~0   |    ~0   |    0|
+---------------------+---------+-------+---------+---------+-----+
|Available            |     4320|   6840|  2364480|  1182240|  960|
+---------------------+---------+-------+---------+---------+-----+
|Utilization (%)      |        0|      0|    ~0   |    ~0   |    0|
+---------------------+---------+-------+---------+---------+-----+

+ Detail: 
    * Instance: 
    N/A

    * DSP48E: 
    N/A

    * Memory: 
    N/A

    * FIFO: 
    N/A

    * Expression: 
    +----------------------------------+----------+-------+---+----+------------+------------+
    |           Variable Name          | Operation| DSP48E| FF| LUT| Bitwidth P0| Bitwidth P1|
    +----------------------------------+----------+-------+---+----+------------+------------+
    |r_V_2_fu_304_p2                   |     *    |      0|  0|  62|          10|           6|
    |add_ln1192_2_fu_344_p2            |     +    |      0|  0|  27|          27|          27|
    |add_ln1192_fu_271_p2              |     +    |      0|  0|  22|          15|          10|
    |ret_V_3_fu_257_p2                 |     +    |      0|  0|  27|          10|           6|
    |ret_V_7_fu_231_p2                 |     +    |      0|  0|  21|          14|          10|
    |ret_V_8_fu_350_p2                 |     +    |      0|  0|  27|          27|          22|
    |ret_V_9_fu_281_p2                 |     +    |      0|  0|  36|          29|          29|
    |r_V_3_fu_213_p2                   |     -    |      0|  0|  27|          12|          12|
    |ret_V_6_fu_175_p2                 |     -    |      0|  0|  17|          10|          10|
    |ret_V_fu_251_p2                   |     -    |      0|  0|  27|           5|          10|
    |sub_ln1118_fu_207_p2              |     -    |      0|  0|  27|           1|          12|
    |sub_ln1192_3_fu_338_p2            |     -    |      0|  0|  34|           1|          27|
    |sub_ln1192_fu_326_p2              |     -    |      0|  0|  34|          27|          27|
    |ap_block_pp0_stage0_01001         |    and   |      0|  0|   2|           1|           1|
    |ap_block_state1_pp0_stage0_iter0  |    or    |      0|  0|   2|           1|           1|
    |ap_enable_pp0                     |    xor   |      0|  0|   2|           1|           2|
    +----------------------------------+----------+-------+---+----+------------+------------+
    |Total                             |          |      0|  0| 394|         191|         212|
    +----------------------------------+----------+-------+---+----+------------+------------+

    * Multiplexer: 
    +-------------------+----+-----------+-----+-----------+
    |        Name       | LUT| Input Size| Bits| Total Bits|
    +-------------------+----+-----------+-----+-----------+
    |x_V_ap_vld_in_sig  |   9|          2|    1|          2|
    |x_V_ap_vld_preg    |   9|          2|    1|          2|
    |x_V_blk_n          |   9|          2|    1|          2|
    |x_V_in_sig         |   9|          2|  144|        288|
    +-------------------+----+-----------+-----+-----------+
    |Total              |  36|          8|  147|        294|
    +-------------------+----+-----------+-----+-----------+

    * Register: 
    +-------------------------+-----+----+-----+-----------+
    |           Name          |  FF | LUT| Bits| Const Bits|
    +-------------------------+-----+----+-----+-----------+
    |ap_CS_fsm                |    1|   0|    1|          0|
    |ap_enable_reg_pp0_iter1  |    1|   0|    1|          0|
    |ret_V_3_reg_376          |   10|   0|   10|          0|
    |tmp_2_reg_381            |    5|   0|    5|          0|
    |tmp_reg_371              |    8|   0|    8|          0|
    |x_V_ap_vld_preg          |    1|   0|    1|          0|
    |x_V_preg                 |  144|   0|  144|          0|
    +-------------------------+-----+----+-----+-----------+
    |Total                    |  170|   0|  170|          0|
    +-------------------------+-----+----+-----+-----------+



================================================================
== Interface
================================================================
* Summary: 
+--------------+-----+-----+------------+--------------+--------------+
|   RTL Ports  | Dir | Bits|  Protocol  | Source Object|    C Type    |
+--------------+-----+-----+------------+--------------+--------------+
|ap_clk        |  in |    1| ap_ctrl_hs |   myproject  | return value |
|ap_rst        |  in |    1| ap_ctrl_hs |   myproject  | return value |
|ap_start      |  in |    1| ap_ctrl_hs |   myproject  | return value |
|ap_done       | out |    1| ap_ctrl_hs |   myproject  | return value |
|ap_idle       | out |    1| ap_ctrl_hs |   myproject  | return value |
|ap_ready      | out |    1| ap_ctrl_hs |   myproject  | return value |
|x_V_ap_vld    |  in |    1|   ap_vld   |      x_V     |    pointer   |
|x_V           |  in |  144|   ap_vld   |      x_V     |    pointer   |
|y_0_V         | out |    9|   ap_vld   |     y_0_V    |    pointer   |
|y_0_V_ap_vld  | out |    1|   ap_vld   |     y_0_V    |    pointer   |
|y_1_V         | out |    9|   ap_vld   |     y_1_V    |    pointer   |
|y_1_V_ap_vld  | out |    1|   ap_vld   |     y_1_V    |    pointer   |
|y_2_V         | out |    9|   ap_vld   |     y_2_V    |    pointer   |
|y_2_V_ap_vld  | out |    1|   ap_vld   |     y_2_V    |    pointer   |
|y_3_V         | out |    9|   ap_vld   |     y_3_V    |    pointer   |
|y_3_V_ap_vld  | out |    1|   ap_vld   |     y_3_V    |    pointer   |
|y_4_V         | out |    9|   ap_vld   |     y_4_V    |    pointer   |
|y_4_V_ap_vld  | out |    1|   ap_vld   |     y_4_V    |    pointer   |
+--------------+-----+-----+------------+--------------+--------------+

