

================================================================
== Vivado HLS Report for 'myproject'
================================================================
* Date:           Thu Feb 23 14:30:50 2023

* Version:        2020.1 (Build 2897737 on Wed May 27 20:21:37 MDT 2020)
* Project:        myproject_prj
* Solution:       solution1
* Product family: virtexuplus
* Target device:  xcvu9p-flga2577-2-e


================================================================
== Performance Estimates
================================================================
+ Timing: 
    * Summary: 
    +--------+---------+----------+------------+
    |  Clock |  Target | Estimated| Uncertainty|
    +--------+---------+----------+------------+
    |ap_clk  | 5.00 ns | 4.339 ns |   0.62 ns  |
    +--------+---------+----------+------------+

+ Latency: 
    * Summary: 
    +---------+---------+-----------+-----------+-----+-----+----------+
    |  Latency (cycles) |   Latency (absolute)  |  Interval | Pipeline |
    |   min   |   max   |    min    |    max    | min | max |   Type   |
    +---------+---------+-----------+-----------+-----+-----+----------+
    |        8|        8| 40.000 ns | 40.000 ns |    1|    1| function |
    +---------+---------+-----------+-----------+-----+-----+----------+

    + Detail: 
        * Instance: 
        N/A

        * Loop: 
        N/A

============================================================
+ Verbose Summary: Synthesis Manager
============================================================
InlineROM: 1
ExposeGlobal: 0
============================================================
+ Verbose Summary: CDFG Model
============================================================
IsTopModel: 1
ResetActiveHigh: 1
IsCombinational: 0
IsDatapathOnly: 0
HasWiredReturn: 1
HasMFsm: 2
HasVarLatency: 0
IsPipeline: 1
IsRtlPipelined: 1
IsInstanceOverlapped: 0
IsDontTouch: 0
HasImplIP: 0
IsGatedGlobalClock: 0

+ Individual pipeline summary: 
  * Pipeline-0: initiation interval (II) = 1, depth = 9


============================================================
+ Verbose Summary: Schedule
============================================================
* Number of FSM states : 9
* Pipeline : 1
  Pipeline-0 : II = 1, D = 9, States = { 1 2 3 4 5 6 7 8 9 }
* Dataflow Pipeline: 0

* FSM state transitions: 
1 --> 2 
2 --> 3 
3 --> 4 
4 --> 5 
5 --> 6 
6 --> 7 
7 --> 8 
8 --> 9 
9 --> 

* FSM state operations: 

State 1 <SV = 0> <Delay = 2.53>
ST_1 : Operation 10 [1/1] (0.00ns)   --->   "%x_V_read = call i176 @_ssdm_op_Read.ap_vld.i176P(i176* %x_V)" [firmware/myproject.cpp:50]   --->   Operation 10 'read' 'x_V_read' <Predicate = true> <Delay = 0.00>
ST_1 : Operation 11 [1/1] (0.00ns)   --->   "%p_Val2_s = call i11 @_ssdm_op_PartSelect.i11.i176.i32.i32(i176 %x_V_read, i32 22, i32 32)" [firmware/myproject.cpp:50]   --->   Operation 11 'partselect' 'p_Val2_s' <Predicate = true> <Delay = 0.00>
ST_1 : Operation 12 [1/1] (0.00ns)   --->   "%p_Val2_11 = call i11 @_ssdm_op_PartSelect.i11.i176.i32.i32(i176 %x_V_read, i32 33, i32 43)" [firmware/myproject.cpp:50]   --->   Operation 12 'partselect' 'p_Val2_11' <Predicate = true> <Delay = 0.00>
ST_1 : Operation 13 [1/1] (0.00ns)   --->   "%p_Val2_1 = call i11 @_ssdm_op_PartSelect.i11.i176.i32.i32(i176 %x_V_read, i32 154, i32 164)" [firmware/myproject.cpp:50]   --->   Operation 13 'partselect' 'p_Val2_1' <Predicate = true> <Delay = 0.00>
ST_1 : Operation 14 [1/1] (0.00ns)   --->   "%p_Val2_2 = call i11 @_ssdm_op_PartSelect.i11.i176.i32.i32(i176 %x_V_read, i32 44, i32 54)" [firmware/myproject.cpp:50]   --->   Operation 14 'partselect' 'p_Val2_2' <Predicate = true> <Delay = 0.00>
ST_1 : Operation 15 [1/1] (0.00ns)   --->   "%p_Val2_3 = call i11 @_ssdm_op_PartSelect.i11.i176.i32.i32(i176 %x_V_read, i32 165, i32 175)" [firmware/myproject.cpp:50]   --->   Operation 15 'partselect' 'p_Val2_3' <Predicate = true> <Delay = 0.00>
ST_1 : Operation 16 [1/1] (0.00ns)   --->   "%tmp_9 = call i10 @_ssdm_op_PartSelect.i10.i176.i32.i32(i176 %x_V_read, i32 33, i32 42)" [firmware/myproject.cpp:51]   --->   Operation 16 'partselect' 'tmp_9' <Predicate = true> <Delay = 0.00>
ST_1 : Operation 17 [1/1] (0.00ns)   --->   "%sext_ln703_2 = sext i11 %p_Val2_1 to i16" [firmware/myproject.cpp:54]   --->   Operation 17 'sext' 'sext_ln703_2' <Predicate = true> <Delay = 0.00>
ST_1 : Operation 18 [1/1] (0.00ns)   --->   "%sext_ln1118_29 = sext i11 %p_Val2_1 to i21" [firmware/myproject.cpp:53]   --->   Operation 18 'sext' 'sext_ln1118_29' <Predicate = true> <Delay = 0.00>
ST_1 : Operation 19 [1/1] (2.53ns) (root node of the DSP)   --->   "%mul_ln700_2 = mul i21 %sext_ln1118_29, %sext_ln1118_29" [firmware/myproject.cpp:53]   --->   Operation 19 'mul' 'mul_ln700_2' <Predicate = true> <Delay = 2.53> <Core = "DSP48">   --->   Core 88 'DSP48' <Latency = 0> <II = 1> <Delay = 2.53> <IPBlock> <Opcode : 'mul' 'add' 'sub' 'select'> <InPorts = 2> <OutPorts = 1> <Sync> <CReg>
ST_1 : Operation 20 [1/1] (2.53ns) (root node of the DSP)   --->   "%mul_ln700_4 = mul i16 %sext_ln703_2, 105" [firmware/myproject.cpp:53]   --->   Operation 20 'mul' 'mul_ln700_4' <Predicate = true> <Delay = 2.53> <Core = "DSP48">   --->   Core 88 'DSP48' <Latency = 0> <II = 1> <Delay = 2.53> <IPBlock> <Opcode : 'mul' 'add' 'sub' 'select'> <InPorts = 2> <OutPorts = 1> <Sync> <CReg>
ST_1 : Operation 21 [1/1] (0.49ns) (grouped into DSP with root node ret_V_22)   --->   "%mul_ln703 = mul i16 %sext_ln703_2, 29" [firmware/myproject.cpp:54]   --->   Operation 21 'mul' 'mul_ln703' <Predicate = true> <Delay = 0.49> <Core = "DSP48">   --->   Core 88 'DSP48' <Latency = 0> <II = 1> <Delay = 2.53> <IPBlock> <Opcode : 'mul' 'add' 'sub' 'select'> <InPorts = 2> <OutPorts = 1> <Sync> <CReg>
ST_1 : Operation 22 [1/1] (2.03ns) (root node of the DSP)   --->   "%ret_V_22 = add i16 %mul_ln703, 1024" [firmware/myproject.cpp:54]   --->   Operation 22 'add' 'ret_V_22' <Predicate = true> <Delay = 2.03> <Core = "DSP48">   --->   Core 88 'DSP48' <Latency = 0> <II = 1> <Delay = 2.53> <IPBlock> <Opcode : 'mul' 'add' 'sub' 'select'> <InPorts = 2> <OutPorts = 1> <Sync> <CReg>

State 2 <SV = 1> <Delay = 3.98>
ST_2 : Operation 23 [1/1] (0.00ns)   --->   "%sext_ln728 = sext i11 %p_Val2_11 to i16" [firmware/myproject.cpp:53]   --->   Operation 23 'sext' 'sext_ln728' <Predicate = true> <Delay = 0.00>
ST_2 : Operation 24 [1/1] (0.00ns)   --->   "%lhs_V_1 = call i16 @_ssdm_op_BitConcatenate.i16.i11.i5(i11 %p_Val2_1, i5 0)" [firmware/myproject.cpp:50]   --->   Operation 24 'bitconcatenate' 'lhs_V_1' <Predicate = true> <Delay = 0.00>
ST_2 : Operation 25 [1/1] (0.49ns) (grouped into DSP with root node ret_V_27)   --->   "%mul_ln1193 = mul i16 %sext_ln728, -19" [firmware/myproject.cpp:50]   --->   Operation 25 'mul' 'mul_ln1193' <Predicate = true> <Delay = 0.49> <Core = "DSP48">   --->   Core 88 'DSP48' <Latency = 0> <II = 1> <Delay = 2.53> <IPBlock> <Opcode : 'mul' 'add' 'sub' 'select'> <InPorts = 2> <OutPorts = 1> <Sync> <CReg>
ST_2 : Operation 26 [1/1] (2.03ns) (root node of the DSP)   --->   "%ret_V_27 = add i16 %mul_ln1193, %lhs_V_1" [firmware/myproject.cpp:50]   --->   Operation 26 'add' 'ret_V_27' <Predicate = true> <Delay = 2.03> <Core = "DSP48">   --->   Core 88 'DSP48' <Latency = 0> <II = 1> <Delay = 2.53> <IPBlock> <Opcode : 'mul' 'add' 'sub' 'select'> <InPorts = 2> <OutPorts = 1> <Sync> <CReg>
ST_2 : Operation 27 [1/1] (0.00ns)   --->   "%trunc_ln = call i11 @_ssdm_op_PartSelect.i11.i16.i32.i32(i16 %ret_V_27, i32 5, i32 15)" [firmware/myproject.cpp:50]   --->   Operation 27 'partselect' 'trunc_ln' <Predicate = true> <Delay = 0.00>
ST_2 : Operation 28 [1/1] (0.00ns)   --->   "%sext_ln1118_2 = sext i11 %p_Val2_s to i16" [firmware/myproject.cpp:50]   --->   Operation 28 'sext' 'sext_ln1118_2' <Predicate = true> <Delay = 0.00>
ST_2 : Operation 29 [1/1] (2.53ns) (root node of the DSP)   --->   "%mul_ln1192_9 = mul i16 %sext_ln1118_2, %sext_ln1118_2" [firmware/myproject.cpp:51]   --->   Operation 29 'mul' 'mul_ln1192_9' <Predicate = true> <Delay = 2.53> <Core = "DSP48">   --->   Core 88 'DSP48' <Latency = 0> <II = 1> <Delay = 2.53> <IPBlock> <Opcode : 'mul' 'add' 'sub' 'select'> <InPorts = 2> <OutPorts = 1> <Sync> <CReg>
ST_2 : Operation 30 [1/1] (0.00ns)   --->   "%r_V_s = call i16 @_ssdm_op_BitConcatenate.i16.i10.i6(i10 %tmp_9, i6 0)" [firmware/myproject.cpp:51]   --->   Operation 30 'bitconcatenate' 'r_V_s' <Predicate = true> <Delay = 0.00>
ST_2 : Operation 31 [1/1] (0.78ns)   --->   "%add_ln1192_7 = add i16 %r_V_s, -224" [firmware/myproject.cpp:51]   --->   Operation 31 'add' 'add_ln1192_7' <Predicate = true> <Delay = 0.78> <Core = "AddSub">   --->   Core 14 'AddSub' <Latency = 0> <II = 1> <Delay = 0.73> <FuncUnit> <Opcode : 'add' 'sub'> <InPorts = 2> <OutPorts = 1>
ST_2 : Operation 32 [1/1] (0.00ns)   --->   "%trunc_ln708_5 = call i11 @_ssdm_op_PartSelect.i11.i16.i32.i32(i16 %add_ln1192_7, i32 5, i32 15)" [firmware/myproject.cpp:51]   --->   Operation 32 'partselect' 'trunc_ln708_5' <Predicate = true> <Delay = 0.00>
ST_2 : Operation 33 [4/4] (2.53ns)   --->   "%p_5 = call fastcc i7 @"sin_lut<ap_fixed<11, 6, 5, 3, 0> >"(i11 %trunc_ln708_5)" [firmware/myproject.cpp:51]   --->   Operation 33 'call' 'p_5' <Predicate = true> <Delay = 2.53> <CoreType = "Generic">   --->   Core 0 '' <Latency = 0> <II = 1> <Delay = 1.00> <Generic> <Opcode : >
ST_2 : Operation 34 [1/1] (0.00ns)   --->   "%shl_ln1118_s = call i15 @_ssdm_op_BitConcatenate.i15.i11.i4(i11 %p_Val2_1, i4 0)" [firmware/myproject.cpp:52]   --->   Operation 34 'bitconcatenate' 'shl_ln1118_s' <Predicate = true> <Delay = 0.00>
ST_2 : Operation 35 [1/1] (0.00ns)   --->   "%sext_ln1118_20 = sext i15 %shl_ln1118_s to i16" [firmware/myproject.cpp:52]   --->   Operation 35 'sext' 'sext_ln1118_20' <Predicate = true> <Delay = 0.00>
ST_2 : Operation 36 [1/1] (0.00ns)   --->   "%shl_ln1118_7 = call i13 @_ssdm_op_BitConcatenate.i13.i11.i2(i11 %p_Val2_1, i2 0)" [firmware/myproject.cpp:52]   --->   Operation 36 'bitconcatenate' 'shl_ln1118_7' <Predicate = true> <Delay = 0.00>
ST_2 : Operation 37 [1/1] (0.00ns)   --->   "%sext_ln1118_21 = sext i13 %shl_ln1118_7 to i16" [firmware/myproject.cpp:52]   --->   Operation 37 'sext' 'sext_ln1118_21' <Predicate = true> <Delay = 0.00>
ST_2 : Operation 38 [1/1] (0.77ns)   --->   "%r_V_27 = add i16 %sext_ln1118_20, %sext_ln1118_21" [firmware/myproject.cpp:52]   --->   Operation 38 'add' 'r_V_27' <Predicate = true> <Delay = 0.77> <Core = "AddSub">   --->   Core 14 'AddSub' <Latency = 0> <II = 1> <Delay = 0.73> <FuncUnit> <Opcode : 'add' 'sub'> <InPorts = 2> <OutPorts = 1>
ST_2 : Operation 39 [1/1] (0.00ns)   --->   "%shl_ln1118_9 = call i15 @_ssdm_op_BitConcatenate.i15.i11.i4(i11 %p_Val2_11, i4 0)" [firmware/myproject.cpp:52]   --->   Operation 39 'bitconcatenate' 'shl_ln1118_9' <Predicate = true> <Delay = 0.00>
ST_2 : Operation 40 [1/1] (0.00ns)   --->   "%sext_ln1118_22 = sext i15 %shl_ln1118_9 to i16" [firmware/myproject.cpp:52]   --->   Operation 40 'sext' 'sext_ln1118_22' <Predicate = true> <Delay = 0.00>
ST_2 : Operation 41 [1/1] (0.00ns)   --->   "%shl_ln1118_10 = call i13 @_ssdm_op_BitConcatenate.i13.i11.i2(i11 %p_Val2_11, i2 0)" [firmware/myproject.cpp:52]   --->   Operation 41 'bitconcatenate' 'shl_ln1118_10' <Predicate = true> <Delay = 0.00>
ST_2 : Operation 42 [1/1] (0.00ns)   --->   "%sext_ln1118_23 = sext i13 %shl_ln1118_10 to i16" [firmware/myproject.cpp:52]   --->   Operation 42 'sext' 'sext_ln1118_23' <Predicate = true> <Delay = 0.00>
ST_2 : Operation 43 [1/1] (0.77ns)   --->   "%r_V_28 = add i16 %sext_ln1118_22, %sext_ln1118_23" [firmware/myproject.cpp:52]   --->   Operation 43 'add' 'r_V_28' <Predicate = true> <Delay = 0.77> <Core = "AddSub">   --->   Core 14 'AddSub' <Latency = 0> <II = 1> <Delay = 0.73> <FuncUnit> <Opcode : 'add' 'sub'> <InPorts = 2> <OutPorts = 1>
ST_2 : Operation 44 [1/1] (0.00ns)   --->   "%sext_ln703_3 = sext i16 %r_V_27 to i17" [firmware/myproject.cpp:52]   --->   Operation 44 'sext' 'sext_ln703_3' <Predicate = true> <Delay = 0.00>
ST_2 : Operation 45 [1/1] (0.00ns)   --->   "%sext_ln703_4 = sext i16 %r_V_28 to i17" [firmware/myproject.cpp:52]   --->   Operation 45 'sext' 'sext_ln703_4' <Predicate = true> <Delay = 0.00>
ST_2 : Operation 46 [1/1] (0.00ns) (grouped into TernaryAdder)   --->   "%ret_V_35 = sub i17 %sext_ln703_3, %sext_ln703_4" [firmware/myproject.cpp:52]   --->   Operation 46 'sub' 'ret_V_35' <Predicate = true> <Delay = 0.00> <Core = "TAddSub">   --->   Core 83 'TAddSub' <Latency = 0> <II = 1> <Delay = 0.33> <IPBlock> <Opcode : 'add' 'sub'> <InPorts = 3> <OutPorts = 1> <Sync> <CReg>
ST_2 : Operation 47 [1/1] (0.67ns) (root node of TernaryAdder)   --->   "%add_ln1192_15 = add i17 %ret_V_35, 1024" [firmware/myproject.cpp:52]   --->   Operation 47 'add' 'add_ln1192_15' <Predicate = true> <Delay = 0.67> <Core = "TAddSub">   --->   Core 83 'TAddSub' <Latency = 0> <II = 1> <Delay = 0.33> <IPBlock> <Opcode : 'add' 'sub'> <InPorts = 3> <OutPorts = 1> <Sync> <CReg>
ST_2 : Operation 48 [1/1] (0.00ns)   --->   "%sext_ln1118_24 = sext i17 %add_ln1192_15 to i31" [firmware/myproject.cpp:52]   --->   Operation 48 'sext' 'sext_ln1118_24' <Predicate = true> <Delay = 0.00>
ST_2 : Operation 49 [1/1] (2.53ns) (root node of the DSP)   --->   "%mul_ln1118 = mul i31 %sext_ln1118_24, %sext_ln1118_24" [firmware/myproject.cpp:52]   --->   Operation 49 'mul' 'mul_ln1118' <Predicate = true> <Delay = 2.53> <Core = "DSP48">   --->   Core 88 'DSP48' <Latency = 0> <II = 1> <Delay = 2.53> <IPBlock> <Opcode : 'mul' 'add' 'sub' 'select'> <InPorts = 2> <OutPorts = 1> <Sync> <CReg>
ST_2 : Operation 50 [1/1] (0.49ns) (grouped into DSP with root node add_ln700)   --->   "%mul_ln700_3 = mul i21 %mul_ln700_2, 105" [firmware/myproject.cpp:53]   --->   Operation 50 'mul' 'mul_ln700_3' <Predicate = true> <Delay = 0.49> <Core = "DSP48">   --->   Core 88 'DSP48' <Latency = 0> <II = 1> <Delay = 2.53> <IPBlock> <Opcode : 'mul' 'add' 'sub' 'select'> <InPorts = 2> <OutPorts = 1> <Sync> <CReg>
ST_2 : Operation 51 [1/1] (0.00ns)   --->   "%shl_ln = call i21 @_ssdm_op_BitConcatenate.i21.i16.i5(i16 %mul_ln700_4, i5 0)" [firmware/myproject.cpp:53]   --->   Operation 51 'bitconcatenate' 'shl_ln' <Predicate = true> <Delay = 0.00>
ST_2 : Operation 52 [1/1] (2.03ns) (root node of the DSP)   --->   "%add_ln700 = add i21 %mul_ln700_3, %shl_ln" [firmware/myproject.cpp:53]   --->   Operation 52 'add' 'add_ln700' <Predicate = true> <Delay = 2.03> <Core = "DSP48">   --->   Core 88 'DSP48' <Latency = 0> <II = 1> <Delay = 2.53> <IPBlock> <Opcode : 'mul' 'add' 'sub' 'select'> <InPorts = 2> <OutPorts = 1> <Sync> <CReg>
ST_2 : Operation 53 [1/1] (2.53ns) (root node of the DSP)   --->   "%mul_ln728 = mul i16 %sext_ln728, 210" [firmware/myproject.cpp:53]   --->   Operation 53 'mul' 'mul_ln728' <Predicate = true> <Delay = 2.53> <Core = "DSP48">   --->   Core 88 'DSP48' <Latency = 0> <II = 1> <Delay = 2.53> <IPBlock> <Opcode : 'mul' 'add' 'sub' 'select'> <InPorts = 2> <OutPorts = 1> <Sync> <CReg>
ST_2 : Operation 54 [1/1] (0.00ns)   --->   "%rhs_V_5 = call i21 @_ssdm_op_BitConcatenate.i21.i16.i5(i16 %mul_ln728, i5 0)" [firmware/myproject.cpp:53]   --->   Operation 54 'bitconcatenate' 'rhs_V_5' <Predicate = true> <Delay = 0.00>
ST_2 : Operation 55 [1/1] (0.81ns)   --->   "%ret_V_37 = add i21 %add_ln700, %rhs_V_5" [firmware/myproject.cpp:53]   --->   Operation 55 'add' 'ret_V_37' <Predicate = true> <Delay = 0.81> <Core = "AddSub">   --->   Core 14 'AddSub' <Latency = 0> <II = 1> <Delay = 0.73> <FuncUnit> <Opcode : 'add' 'sub'> <InPorts = 2> <OutPorts = 1>
ST_2 : Operation 56 [1/1] (0.00ns)   --->   "%trunc_ln708_s = call i11 @_ssdm_op_PartSelect.i11.i21.i32.i32(i21 %ret_V_37, i32 10, i32 20)" [firmware/myproject.cpp:53]   --->   Operation 56 'partselect' 'trunc_ln708_s' <Predicate = true> <Delay = 0.00>
ST_2 : Operation 57 [1/1] (0.00ns) (grouped into TernaryAdder)   --->   "%add_ln1192_32 = add i16 %r_V_s, -1760" [firmware/myproject.cpp:54]   --->   Operation 57 'add' 'add_ln1192_32' <Predicate = true> <Delay = 0.00> <Core = "TAddSub">   --->   Core 83 'TAddSub' <Latency = 0> <II = 1> <Delay = 0.33> <IPBlock> <Opcode : 'add' 'sub'> <InPorts = 3> <OutPorts = 1> <Sync> <CReg>
ST_2 : Operation 58 [1/1] (0.67ns) (root node of TernaryAdder)   --->   "%add_ln1192_28 = add i16 %lhs_V_1, %add_ln1192_32" [firmware/myproject.cpp:54]   --->   Operation 58 'add' 'add_ln1192_28' <Predicate = true> <Delay = 0.67> <Core = "TAddSub">   --->   Core 83 'TAddSub' <Latency = 0> <II = 1> <Delay = 0.33> <IPBlock> <Opcode : 'add' 'sub'> <InPorts = 3> <OutPorts = 1> <Sync> <CReg>
ST_2 : Operation 59 [1/1] (0.00ns)   --->   "%trunc_ln708_12 = call i11 @_ssdm_op_PartSelect.i11.i16.i32.i32(i16 %add_ln1192_28, i32 5, i32 15)" [firmware/myproject.cpp:54]   --->   Operation 59 'partselect' 'trunc_ln708_12' <Predicate = true> <Delay = 0.00>
ST_2 : Operation 60 [4/4] (2.53ns)   --->   "%p_2 = call fastcc i7 @"sin_lut<ap_fixed<11, 6, 5, 3, 0> >"(i11 %trunc_ln708_12)" [firmware/myproject.cpp:54]   --->   Operation 60 'call' 'p_2' <Predicate = true> <Delay = 2.53> <CoreType = "Generic">   --->   Core 0 '' <Latency = 0> <II = 1> <Delay = 1.00> <Generic> <Opcode : >
ST_2 : Operation 61 [1/1] (0.00ns)   --->   "%sext_ln1118_34 = sext i16 %ret_V_22 to i31" [firmware/myproject.cpp:54]   --->   Operation 61 'sext' 'sext_ln1118_34' <Predicate = true> <Delay = 0.00>
ST_2 : Operation 62 [1/1] (2.53ns) (root node of the DSP)   --->   "%mul_ln1118_4 = mul i31 %sext_ln1118_34, %sext_ln1118_34" [firmware/myproject.cpp:54]   --->   Operation 62 'mul' 'mul_ln1118_4' <Predicate = true> <Delay = 2.53> <Core = "DSP48">   --->   Core 88 'DSP48' <Latency = 0> <II = 1> <Delay = 2.53> <IPBlock> <Opcode : 'mul' 'add' 'sub' 'select'> <InPorts = 2> <OutPorts = 1> <Sync> <CReg>
ST_2 : Operation 63 [1/1] (0.49ns) (grouped into DSP with root node ret_V_42)   --->   "%mul_ln1192_6 = mul i16 %sext_ln728, %sext_ln728" [firmware/myproject.cpp:54]   --->   Operation 63 'mul' 'mul_ln1192_6' <Predicate = true> <Delay = 0.49> <Core = "DSP48">   --->   Core 88 'DSP48' <Latency = 0> <II = 1> <Delay = 2.53> <IPBlock> <Opcode : 'mul' 'add' 'sub' 'select'> <InPorts = 2> <OutPorts = 1> <Sync> <CReg>
ST_2 : Operation 64 [1/1] (2.03ns) (root node of the DSP)   --->   "%ret_V_42 = add i16 %mul_ln1192_6, -544" [firmware/myproject.cpp:54]   --->   Operation 64 'add' 'ret_V_42' <Predicate = true> <Delay = 2.03> <Core = "DSP48">   --->   Core 88 'DSP48' <Latency = 0> <II = 1> <Delay = 2.53> <IPBlock> <Opcode : 'mul' 'add' 'sub' 'select'> <InPorts = 2> <OutPorts = 1> <Sync> <CReg>
ST_2 : Operation 65 [1/1] (0.00ns)   --->   "%trunc_ln708_14 = call i11 @_ssdm_op_PartSelect.i11.i16.i32.i32(i16 %ret_V_42, i32 5, i32 15)" [firmware/myproject.cpp:54]   --->   Operation 65 'partselect' 'trunc_ln708_14' <Predicate = true> <Delay = 0.00>

State 3 <SV = 2> <Delay = 4.33>
ST_3 : Operation 66 [4/4] (2.53ns)   --->   "%p_s = call fastcc i7 @"sin_lut<ap_fixed<11, 6, 5, 3, 0> >"(i11 %trunc_ln)" [firmware/myproject.cpp:50]   --->   Operation 66 'call' 'p_s' <Predicate = true> <Delay = 2.53> <CoreType = "Generic">   --->   Core 0 '' <Latency = 0> <II = 1> <Delay = 1.00> <Generic> <Opcode : >
ST_3 : Operation 67 [1/1] (0.00ns)   --->   "%sext_ln1118 = sext i11 %p_Val2_2 to i21" [firmware/myproject.cpp:50]   --->   Operation 67 'sext' 'sext_ln1118' <Predicate = true> <Delay = 0.00>
ST_3 : Operation 68 [1/1] (2.53ns) (root node of the DSP)   --->   "%mul_ln1192 = mul i21 %sext_ln1118, %sext_ln1118" [firmware/myproject.cpp:50]   --->   Operation 68 'mul' 'mul_ln1192' <Predicate = true> <Delay = 2.53> <Core = "DSP48">   --->   Core 88 'DSP48' <Latency = 0> <II = 1> <Delay = 2.53> <IPBlock> <Opcode : 'mul' 'add' 'sub' 'select'> <InPorts = 2> <OutPorts = 1> <Sync> <CReg>
ST_3 : Operation 69 [1/1] (0.00ns)   --->   "%lhs_V_3 = call i16 @_ssdm_op_BitConcatenate.i16.i11.i5(i11 %p_Val2_3, i5 0)" [firmware/myproject.cpp:50]   --->   Operation 69 'bitconcatenate' 'lhs_V_3' <Predicate = true> <Delay = 0.00>
ST_3 : Operation 70 [1/1] (0.00ns)   --->   "%shl_ln1118_1 = call i14 @_ssdm_op_BitConcatenate.i14.i11.i3(i11 %p_Val2_3, i3 0)" [firmware/myproject.cpp:50]   --->   Operation 70 'bitconcatenate' 'shl_ln1118_1' <Predicate = true> <Delay = 0.00>
ST_3 : Operation 71 [1/1] (0.00ns)   --->   "%sext_ln1192_3 = sext i14 %shl_ln1118_1 to i16" [firmware/myproject.cpp:50]   --->   Operation 71 'sext' 'sext_ln1192_3' <Predicate = true> <Delay = 0.00>
ST_3 : Operation 72 [1/1] (0.78ns)   --->   "%sub_ln1192 = sub i16 %sext_ln1192_3, %lhs_V_3" [firmware/myproject.cpp:50]   --->   Operation 72 'sub' 'sub_ln1192' <Predicate = true> <Delay = 0.78> <Core = "AddSub">   --->   Core 14 'AddSub' <Latency = 0> <II = 1> <Delay = 0.73> <FuncUnit> <Opcode : 'add' 'sub'> <InPorts = 2> <OutPorts = 1>
ST_3 : Operation 73 [1/1] (0.00ns)   --->   "%shl_ln1118_2 = call i16 @_ssdm_op_BitConcatenate.i16.i11.i5(i11 %p_Val2_s, i5 0)" [firmware/myproject.cpp:50]   --->   Operation 73 'bitconcatenate' 'shl_ln1118_2' <Predicate = true> <Delay = 0.00>
ST_3 : Operation 74 [1/1] (0.00ns)   --->   "%shl_ln1118_3 = call i14 @_ssdm_op_BitConcatenate.i14.i11.i3(i11 %p_Val2_s, i3 0)" [firmware/myproject.cpp:50]   --->   Operation 74 'bitconcatenate' 'shl_ln1118_3' <Predicate = true> <Delay = 0.00>
ST_3 : Operation 75 [1/1] (0.00ns)   --->   "%sext_ln1192_4 = sext i14 %shl_ln1118_3 to i16" [firmware/myproject.cpp:50]   --->   Operation 75 'sext' 'sext_ln1192_4' <Predicate = true> <Delay = 0.00>
ST_3 : Operation 76 [1/1] (0.78ns)   --->   "%sub_ln1192_1 = sub i16 %shl_ln1118_2, %sext_ln1192_4" [firmware/myproject.cpp:50]   --->   Operation 76 'sub' 'sub_ln1192_1' <Predicate = true> <Delay = 0.78> <Core = "AddSub">   --->   Core 14 'AddSub' <Latency = 0> <II = 1> <Delay = 0.73> <FuncUnit> <Opcode : 'add' 'sub'> <InPorts = 2> <OutPorts = 1>
ST_3 : Operation 77 [1/1] (0.00ns) (grouped into TernaryAdder)   --->   "%add_ln1192_4 = add i16 %sub_ln1192_1, %sub_ln1192" [firmware/myproject.cpp:50]   --->   Operation 77 'add' 'add_ln1192_4' <Predicate = true> <Delay = 0.00> <Core = "TAddSub">   --->   Core 83 'TAddSub' <Latency = 0> <II = 1> <Delay = 0.33> <IPBlock> <Opcode : 'add' 'sub'> <InPorts = 3> <OutPorts = 1> <Sync> <CReg>
ST_3 : Operation 78 [1/1] (0.67ns) (root node of TernaryAdder)   --->   "%ret_V_30 = add i16 %add_ln1192_4, 768" [firmware/myproject.cpp:50]   --->   Operation 78 'add' 'ret_V_30' <Predicate = true> <Delay = 0.67> <Core = "TAddSub">   --->   Core 83 'TAddSub' <Latency = 0> <II = 1> <Delay = 0.33> <IPBlock> <Opcode : 'add' 'sub'> <InPorts = 3> <OutPorts = 1> <Sync> <CReg>
ST_3 : Operation 79 [1/1] (0.00ns)   --->   "%trunc_ln708_2 = call i11 @_ssdm_op_PartSelect.i11.i16.i32.i32(i16 %ret_V_30, i32 5, i32 15)" [firmware/myproject.cpp:50]   --->   Operation 79 'partselect' 'trunc_ln708_2' <Predicate = true> <Delay = 0.00>
ST_3 : Operation 80 [4/4] (2.53ns)   --->   "%p_Val2_5 = call fastcc i7 @"sin_lut<ap_fixed<11, 6, 5, 3, 0> >"(i11 %trunc_ln708_2)" [firmware/myproject.cpp:50]   --->   Operation 80 'call' 'p_Val2_5' <Predicate = true> <Delay = 2.53> <CoreType = "Generic">   --->   Core 0 '' <Latency = 0> <II = 1> <Delay = 1.00> <Generic> <Opcode : >
ST_3 : Operation 81 [4/4] (2.53ns)   --->   "%p_Val2_6 = call fastcc i7 @"sin_lut<ap_fixed<11, 6, 5, 3, 0> >"(i11 %p_Val2_s)" [firmware/myproject.cpp:51]   --->   Operation 81 'call' 'p_Val2_6' <Predicate = true> <Delay = 2.53> <CoreType = "Generic">   --->   Core 0 '' <Latency = 0> <II = 1> <Delay = 1.00> <Generic> <Opcode : >
ST_3 : Operation 82 [1/1] (0.78ns)   --->   "%add_ln1192_8 = add i16 %mul_ln1192_9, %lhs_V_3" [firmware/myproject.cpp:51]   --->   Operation 82 'add' 'add_ln1192_8' <Predicate = true> <Delay = 0.78> <Core = "AddSub">   --->   Core 14 'AddSub' <Latency = 0> <II = 1> <Delay = 0.73> <FuncUnit> <Opcode : 'add' 'sub'> <InPorts = 2> <OutPorts = 1>
ST_3 : Operation 83 [1/1] (0.00ns)   --->   "%rhs_V_1 = call i16 @_ssdm_op_BitConcatenate.i16.i11.i5(i11 %p_Val2_11, i5 0)" [firmware/myproject.cpp:51]   --->   Operation 83 'bitconcatenate' 'rhs_V_1' <Predicate = true> <Delay = 0.00>
ST_3 : Operation 84 [1/1] (0.00ns) (grouped into TernaryAdder)   --->   "%sub_ln1192_2 = sub i16 %add_ln1192_8, %rhs_V_1" [firmware/myproject.cpp:51]   --->   Operation 84 'sub' 'sub_ln1192_2' <Predicate = true> <Delay = 0.00> <Core = "TAddSub">   --->   Core 83 'TAddSub' <Latency = 0> <II = 1> <Delay = 0.33> <IPBlock> <Opcode : 'add' 'sub'> <InPorts = 3> <OutPorts = 1> <Sync> <CReg>
ST_3 : Operation 85 [1/1] (0.67ns) (root node of TernaryAdder)   --->   "%ret_V_32 = add i16 %sub_ln1192_2, -1600" [firmware/myproject.cpp:51]   --->   Operation 85 'add' 'ret_V_32' <Predicate = true> <Delay = 0.67> <Core = "TAddSub">   --->   Core 83 'TAddSub' <Latency = 0> <II = 1> <Delay = 0.33> <IPBlock> <Opcode : 'add' 'sub'> <InPorts = 3> <OutPorts = 1> <Sync> <CReg>
ST_3 : Operation 86 [1/1] (0.00ns)   --->   "%trunc_ln708_4 = call i11 @_ssdm_op_PartSelect.i11.i16.i32.i32(i16 %ret_V_32, i32 5, i32 15)" [firmware/myproject.cpp:51]   --->   Operation 86 'partselect' 'trunc_ln708_4' <Predicate = true> <Delay = 0.00>
ST_3 : Operation 87 [4/4] (2.53ns)   --->   "%p_Val2_s_26 = call fastcc i7 @"sin_lut<ap_fixed<11, 6, 5, 3, 0> >"(i11 %trunc_ln708_4)" [firmware/myproject.cpp:51]   --->   Operation 87 'call' 'p_Val2_s_26' <Predicate = true> <Delay = 2.53> <CoreType = "Generic">   --->   Core 0 '' <Latency = 0> <II = 1> <Delay = 1.00> <Generic> <Opcode : >
ST_3 : Operation 88 [3/4] (4.33ns)   --->   "%p_5 = call fastcc i7 @"sin_lut<ap_fixed<11, 6, 5, 3, 0> >"(i11 %trunc_ln708_5)" [firmware/myproject.cpp:51]   --->   Operation 88 'call' 'p_5' <Predicate = true> <Delay = 4.33> <CoreType = "Generic">   --->   Core 0 '' <Latency = 0> <II = 1> <Delay = 1.00> <Generic> <Opcode : >
ST_3 : Operation 89 [4/4] (2.53ns)   --->   "%p_6 = call fastcc i7 @"sin_lut<ap_fixed<11, 6, 5, 3, 0> >"(i11 %p_Val2_1)" [firmware/myproject.cpp:51]   --->   Operation 89 'call' 'p_6' <Predicate = true> <Delay = 2.53> <CoreType = "Generic">   --->   Core 0 '' <Latency = 0> <II = 1> <Delay = 1.00> <Generic> <Opcode : >
ST_3 : Operation 90 [1/1] (0.00ns)   --->   "%sext_ln1118_10 = sext i11 %p_Val2_3 to i15" [firmware/myproject.cpp:52]   --->   Operation 90 'sext' 'sext_ln1118_10' <Predicate = true> <Delay = 0.00>
ST_3 : Operation 91 [1/1] (0.78ns)   --->   "%ret_V_34 = add i16 %mul_ln1192_9, -1152" [firmware/myproject.cpp:52]   --->   Operation 91 'add' 'ret_V_34' <Predicate = true> <Delay = 0.78> <Core = "AddSub">   --->   Core 14 'AddSub' <Latency = 0> <II = 1> <Delay = 0.73> <FuncUnit> <Opcode : 'add' 'sub'> <InPorts = 2> <OutPorts = 1>
ST_3 : Operation 92 [1/1] (0.00ns)   --->   "%trunc_ln708_7 = call i11 @_ssdm_op_PartSelect.i11.i16.i32.i32(i16 %ret_V_34, i32 5, i32 15)" [firmware/myproject.cpp:52]   --->   Operation 92 'partselect' 'trunc_ln708_7' <Predicate = true> <Delay = 0.00>
ST_3 : Operation 93 [4/4] (2.53ns)   --->   "%p_7 = call fastcc i7 @"sin_lut<ap_fixed<11, 6, 5, 3, 0> >"(i11 %trunc_ln708_7)" [firmware/myproject.cpp:52]   --->   Operation 93 'call' 'p_7' <Predicate = true> <Delay = 2.53> <CoreType = "Generic">   --->   Core 0 '' <Latency = 0> <II = 1> <Delay = 1.00> <Generic> <Opcode : >
ST_3 : Operation 94 [1/1] (3.09ns)   --->   "%r_V_29 = mul i31 %mul_ln1118, 78" [firmware/myproject.cpp:52]   --->   Operation 94 'mul' 'r_V_29' <Predicate = true> <Delay = 3.09> <Core = "Mul">   --->   Core 16 'Mul' <Latency = 0> <II = 1> <Delay = 3.09> <FuncUnit> <Opcode : 'mul'> <InPorts = 2> <OutPorts = 1>
ST_3 : Operation 95 [1/1] (0.00ns)   --->   "%trunc_ln708_8 = call i11 @_ssdm_op_PartSelect.i11.i31.i32.i32(i31 %r_V_29, i32 20, i32 30)" [firmware/myproject.cpp:52]   --->   Operation 95 'partselect' 'trunc_ln708_8' <Predicate = true> <Delay = 0.00>
ST_3 : Operation 96 [1/1] (0.73ns)   --->   "%add_ln703 = add i11 %p_Val2_11, -23" [firmware/myproject.cpp:53]   --->   Operation 96 'add' 'add_ln703' <Predicate = true> <Delay = 0.73> <Core = "AddSub">   --->   Core 14 'AddSub' <Latency = 0> <II = 1> <Delay = 0.73> <FuncUnit> <Opcode : 'add' 'sub'> <InPorts = 2> <OutPorts = 1>
ST_3 : Operation 97 [4/4] (2.53ns)   --->   "%p_9 = call fastcc i7 @"sin_lut<ap_fixed<11, 6, 5, 3, 0> >"(i11 %add_ln703)" [firmware/myproject.cpp:53]   --->   Operation 97 'call' 'p_9' <Predicate = true> <Delay = 2.53> <CoreType = "Generic">   --->   Core 0 '' <Latency = 0> <II = 1> <Delay = 1.00> <Generic> <Opcode : >
ST_3 : Operation 98 [4/4] (2.53ns)   --->   "%p_1 = call fastcc i7 @"sin_lut<ap_fixed<11, 6, 5, 3, 0> >"(i11 %trunc_ln708_s)" [firmware/myproject.cpp:53]   --->   Operation 98 'call' 'p_1' <Predicate = true> <Delay = 2.53> <CoreType = "Generic">   --->   Core 0 '' <Latency = 0> <II = 1> <Delay = 1.00> <Generic> <Opcode : >
ST_3 : Operation 99 [1/1] (0.73ns)   --->   "%add_ln703_1 = add i11 %p_Val2_3, %p_Val2_11" [firmware/myproject.cpp:53]   --->   Operation 99 'add' 'add_ln703_1' <Predicate = true> <Delay = 0.73> <Core = "AddSub">   --->   Core 14 'AddSub' <Latency = 0> <II = 1> <Delay = 0.73> <FuncUnit> <Opcode : 'add' 'sub'> <InPorts = 2> <OutPorts = 1>
ST_3 : Operation 100 [4/4] (2.53ns)   --->   "%p_Val2_8 = call fastcc i7 @"sin_lut<ap_fixed<11, 6, 5, 3, 0> >"(i11 %add_ln703_1)" [firmware/myproject.cpp:53]   --->   Operation 100 'call' 'p_Val2_8' <Predicate = true> <Delay = 2.53> <CoreType = "Generic">   --->   Core 0 '' <Latency = 0> <II = 1> <Delay = 1.00> <Generic> <Opcode : >
ST_3 : Operation 101 [1/1] (0.00ns)   --->   "%sext_ln1118_32 = sext i14 %shl_ln1118_1 to i15" [firmware/myproject.cpp:54]   --->   Operation 101 'sext' 'sext_ln1118_32' <Predicate = true> <Delay = 0.00>
ST_3 : Operation 102 [1/1] (0.76ns)   --->   "%r_V_32 = sub i15 %sext_ln1118_32, %sext_ln1118_10" [firmware/myproject.cpp:54]   --->   Operation 102 'sub' 'r_V_32' <Predicate = true> <Delay = 0.76> <Core = "AddSub">   --->   Core 14 'AddSub' <Latency = 0> <II = 1> <Delay = 0.73> <FuncUnit> <Opcode : 'add' 'sub'> <InPorts = 2> <OutPorts = 1>
ST_3 : Operation 103 [1/1] (0.00ns)   --->   "%trunc_ln708_11 = call i10 @_ssdm_op_PartSelect.i10.i15.i32.i32(i15 %r_V_32, i32 5, i32 14)" [firmware/myproject.cpp:54]   --->   Operation 103 'partselect' 'trunc_ln708_11' <Predicate = true> <Delay = 0.00>
ST_3 : Operation 104 [1/1] (0.00ns)   --->   "%sext_ln708 = sext i10 %trunc_ln708_11 to i11" [firmware/myproject.cpp:54]   --->   Operation 104 'sext' 'sext_ln708' <Predicate = true> <Delay = 0.00>
ST_3 : Operation 105 [4/4] (2.53ns)   --->   "%p_Val2_9 = call fastcc i7 @"sin_lut<ap_fixed<11, 6, 5, 3, 0> >"(i11 %sext_ln708)" [firmware/myproject.cpp:54]   --->   Operation 105 'call' 'p_Val2_9' <Predicate = true> <Delay = 2.53> <CoreType = "Generic">   --->   Core 0 '' <Latency = 0> <II = 1> <Delay = 1.00> <Generic> <Opcode : >
ST_3 : Operation 106 [3/4] (4.33ns)   --->   "%p_2 = call fastcc i7 @"sin_lut<ap_fixed<11, 6, 5, 3, 0> >"(i11 %trunc_ln708_12)" [firmware/myproject.cpp:54]   --->   Operation 106 'call' 'p_2' <Predicate = true> <Delay = 4.33> <CoreType = "Generic">   --->   Core 0 '' <Latency = 0> <II = 1> <Delay = 1.00> <Generic> <Opcode : >
ST_3 : Operation 107 [1/1] (3.09ns)   --->   "%r_V_35 = mul i31 %mul_ln1118_4, 146" [firmware/myproject.cpp:54]   --->   Operation 107 'mul' 'r_V_35' <Predicate = true> <Delay = 3.09> <Core = "Mul">   --->   Core 16 'Mul' <Latency = 0> <II = 1> <Delay = 3.09> <FuncUnit> <Opcode : 'mul'> <InPorts = 2> <OutPorts = 1>
ST_3 : Operation 108 [1/1] (0.00ns)   --->   "%trunc_ln708_13 = call i11 @_ssdm_op_PartSelect.i11.i31.i32.i32(i31 %r_V_35, i32 20, i32 30)" [firmware/myproject.cpp:54]   --->   Operation 108 'partselect' 'trunc_ln708_13' <Predicate = true> <Delay = 0.00>
ST_3 : Operation 109 [4/4] (2.53ns)   --->   "%p_Val2_7 = call fastcc i7 @"sin_lut<ap_fixed<11, 6, 5, 3, 0> >"(i11 %trunc_ln708_14)" [firmware/myproject.cpp:54]   --->   Operation 109 'call' 'p_Val2_7' <Predicate = true> <Delay = 2.53> <CoreType = "Generic">   --->   Core 0 '' <Latency = 0> <II = 1> <Delay = 1.00> <Generic> <Opcode : >

State 4 <SV = 3> <Delay = 4.33>
ST_4 : Operation 110 [3/4] (4.33ns)   --->   "%p_s = call fastcc i7 @"sin_lut<ap_fixed<11, 6, 5, 3, 0> >"(i11 %trunc_ln)" [firmware/myproject.cpp:50]   --->   Operation 110 'call' 'p_s' <Predicate = true> <Delay = 4.33> <CoreType = "Generic">   --->   Core 0 '' <Latency = 0> <II = 1> <Delay = 1.00> <Generic> <Opcode : >
ST_4 : Operation 111 [1/1] (0.00ns)   --->   "%sext_ln1192 = sext i11 %p_Val2_s to i21" [firmware/myproject.cpp:50]   --->   Operation 111 'sext' 'sext_ln1192' <Predicate = true> <Delay = 0.00>
ST_4 : Operation 112 [1/1] (0.49ns) (grouped into DSP with root node ret_V_28)   --->   "%mul_ln1192_1 = mul i21 %sext_ln1192, %mul_ln1192" [firmware/myproject.cpp:50]   --->   Operation 112 'mul' 'mul_ln1192_1' <Predicate = true> <Delay = 0.49> <Core = "DSP48">   --->   Core 88 'DSP48' <Latency = 0> <II = 1> <Delay = 2.53> <IPBlock> <Opcode : 'mul' 'add' 'sub' 'select'> <InPorts = 2> <OutPorts = 1> <Sync> <CReg>
ST_4 : Operation 113 [1/1] (0.00ns)   --->   "%lhs_V_2 = call i21 @_ssdm_op_BitConcatenate.i21.i11.i10(i11 %p_Val2_3, i10 0)" [firmware/myproject.cpp:50]   --->   Operation 113 'bitconcatenate' 'lhs_V_2' <Predicate = true> <Delay = 0.00>
ST_4 : Operation 114 [1/1] (2.03ns) (root node of the DSP)   --->   "%ret_V_28 = add i21 %mul_ln1192_1, %lhs_V_2" [firmware/myproject.cpp:50]   --->   Operation 114 'add' 'ret_V_28' <Predicate = true> <Delay = 2.03> <Core = "DSP48">   --->   Core 88 'DSP48' <Latency = 0> <II = 1> <Delay = 2.53> <IPBlock> <Opcode : 'mul' 'add' 'sub' 'select'> <InPorts = 2> <OutPorts = 1> <Sync> <CReg>
ST_4 : Operation 115 [1/1] (0.00ns)   --->   "%trunc_ln708_1 = call i11 @_ssdm_op_PartSelect.i11.i21.i32.i32(i21 %ret_V_28, i32 10, i32 20)" [firmware/myproject.cpp:50]   --->   Operation 115 'partselect' 'trunc_ln708_1' <Predicate = true> <Delay = 0.00>
ST_4 : Operation 116 [3/4] (4.33ns)   --->   "%p_Val2_5 = call fastcc i7 @"sin_lut<ap_fixed<11, 6, 5, 3, 0> >"(i11 %trunc_ln708_2)" [firmware/myproject.cpp:50]   --->   Operation 116 'call' 'p_Val2_5' <Predicate = true> <Delay = 4.33> <CoreType = "Generic">   --->   Core 0 '' <Latency = 0> <II = 1> <Delay = 1.00> <Generic> <Opcode : >
ST_4 : Operation 117 [3/4] (4.33ns)   --->   "%p_Val2_6 = call fastcc i7 @"sin_lut<ap_fixed<11, 6, 5, 3, 0> >"(i11 %p_Val2_s)" [firmware/myproject.cpp:51]   --->   Operation 117 'call' 'p_Val2_6' <Predicate = true> <Delay = 4.33> <CoreType = "Generic">   --->   Core 0 '' <Latency = 0> <II = 1> <Delay = 1.00> <Generic> <Opcode : >
ST_4 : Operation 118 [3/4] (4.33ns)   --->   "%p_Val2_s_26 = call fastcc i7 @"sin_lut<ap_fixed<11, 6, 5, 3, 0> >"(i11 %trunc_ln708_4)" [firmware/myproject.cpp:51]   --->   Operation 118 'call' 'p_Val2_s_26' <Predicate = true> <Delay = 4.33> <CoreType = "Generic">   --->   Core 0 '' <Latency = 0> <II = 1> <Delay = 1.00> <Generic> <Opcode : >
ST_4 : Operation 119 [2/4] (4.33ns)   --->   "%p_5 = call fastcc i7 @"sin_lut<ap_fixed<11, 6, 5, 3, 0> >"(i11 %trunc_ln708_5)" [firmware/myproject.cpp:51]   --->   Operation 119 'call' 'p_5' <Predicate = true> <Delay = 4.33> <CoreType = "Generic">   --->   Core 0 '' <Latency = 0> <II = 1> <Delay = 1.00> <Generic> <Opcode : >
ST_4 : Operation 120 [3/4] (4.33ns)   --->   "%p_6 = call fastcc i7 @"sin_lut<ap_fixed<11, 6, 5, 3, 0> >"(i11 %p_Val2_1)" [firmware/myproject.cpp:51]   --->   Operation 120 'call' 'p_6' <Predicate = true> <Delay = 4.33> <CoreType = "Generic">   --->   Core 0 '' <Latency = 0> <II = 1> <Delay = 1.00> <Generic> <Opcode : >
ST_4 : Operation 121 [3/4] (4.33ns)   --->   "%p_7 = call fastcc i7 @"sin_lut<ap_fixed<11, 6, 5, 3, 0> >"(i11 %trunc_ln708_7)" [firmware/myproject.cpp:52]   --->   Operation 121 'call' 'p_7' <Predicate = true> <Delay = 4.33> <CoreType = "Generic">   --->   Core 0 '' <Latency = 0> <II = 1> <Delay = 1.00> <Generic> <Opcode : >
ST_4 : Operation 122 [4/4] (2.53ns)   --->   "%p_8 = call fastcc i7 @"sin_lut<ap_fixed<11, 6, 5, 3, 0> >"(i11 %trunc_ln708_8)" [firmware/myproject.cpp:52]   --->   Operation 122 'call' 'p_8' <Predicate = true> <Delay = 2.53> <CoreType = "Generic">   --->   Core 0 '' <Latency = 0> <II = 1> <Delay = 1.00> <Generic> <Opcode : >
ST_4 : Operation 123 [3/4] (4.33ns)   --->   "%p_9 = call fastcc i7 @"sin_lut<ap_fixed<11, 6, 5, 3, 0> >"(i11 %add_ln703)" [firmware/myproject.cpp:53]   --->   Operation 123 'call' 'p_9' <Predicate = true> <Delay = 4.33> <CoreType = "Generic">   --->   Core 0 '' <Latency = 0> <II = 1> <Delay = 1.00> <Generic> <Opcode : >
ST_4 : Operation 124 [3/4] (4.33ns)   --->   "%p_1 = call fastcc i7 @"sin_lut<ap_fixed<11, 6, 5, 3, 0> >"(i11 %trunc_ln708_s)" [firmware/myproject.cpp:53]   --->   Operation 124 'call' 'p_1' <Predicate = true> <Delay = 4.33> <CoreType = "Generic">   --->   Core 0 '' <Latency = 0> <II = 1> <Delay = 1.00> <Generic> <Opcode : >
ST_4 : Operation 125 [3/4] (4.33ns)   --->   "%p_Val2_8 = call fastcc i7 @"sin_lut<ap_fixed<11, 6, 5, 3, 0> >"(i11 %add_ln703_1)" [firmware/myproject.cpp:53]   --->   Operation 125 'call' 'p_Val2_8' <Predicate = true> <Delay = 4.33> <CoreType = "Generic">   --->   Core 0 '' <Latency = 0> <II = 1> <Delay = 1.00> <Generic> <Opcode : >
ST_4 : Operation 126 [3/4] (4.33ns)   --->   "%p_Val2_9 = call fastcc i7 @"sin_lut<ap_fixed<11, 6, 5, 3, 0> >"(i11 %sext_ln708)" [firmware/myproject.cpp:54]   --->   Operation 126 'call' 'p_Val2_9' <Predicate = true> <Delay = 4.33> <CoreType = "Generic">   --->   Core 0 '' <Latency = 0> <II = 1> <Delay = 1.00> <Generic> <Opcode : >
ST_4 : Operation 127 [2/4] (4.33ns)   --->   "%p_2 = call fastcc i7 @"sin_lut<ap_fixed<11, 6, 5, 3, 0> >"(i11 %trunc_ln708_12)" [firmware/myproject.cpp:54]   --->   Operation 127 'call' 'p_2' <Predicate = true> <Delay = 4.33> <CoreType = "Generic">   --->   Core 0 '' <Latency = 0> <II = 1> <Delay = 1.00> <Generic> <Opcode : >
ST_4 : Operation 128 [4/4] (2.53ns)   --->   "%p_Val2_10 = call fastcc i7 @"sin_lut<ap_fixed<11, 6, 5, 3, 0> >"(i11 %trunc_ln708_13)" [firmware/myproject.cpp:54]   --->   Operation 128 'call' 'p_Val2_10' <Predicate = true> <Delay = 2.53> <CoreType = "Generic">   --->   Core 0 '' <Latency = 0> <II = 1> <Delay = 1.00> <Generic> <Opcode : >
ST_4 : Operation 129 [3/4] (4.33ns)   --->   "%p_Val2_7 = call fastcc i7 @"sin_lut<ap_fixed<11, 6, 5, 3, 0> >"(i11 %trunc_ln708_14)" [firmware/myproject.cpp:54]   --->   Operation 129 'call' 'p_Val2_7' <Predicate = true> <Delay = 4.33> <CoreType = "Generic">   --->   Core 0 '' <Latency = 0> <II = 1> <Delay = 1.00> <Generic> <Opcode : >

State 5 <SV = 4> <Delay = 4.33>
ST_5 : Operation 130 [2/4] (4.33ns)   --->   "%p_s = call fastcc i7 @"sin_lut<ap_fixed<11, 6, 5, 3, 0> >"(i11 %trunc_ln)" [firmware/myproject.cpp:50]   --->   Operation 130 'call' 'p_s' <Predicate = true> <Delay = 4.33> <CoreType = "Generic">   --->   Core 0 '' <Latency = 0> <II = 1> <Delay = 1.00> <Generic> <Opcode : >
ST_5 : Operation 131 [4/4] (2.53ns)   --->   "%p_Val2_4 = call fastcc i7 @"sin_lut<ap_fixed<11, 6, 5, 3, 0> >"(i11 %trunc_ln708_1)" [firmware/myproject.cpp:50]   --->   Operation 131 'call' 'p_Val2_4' <Predicate = true> <Delay = 2.53> <CoreType = "Generic">   --->   Core 0 '' <Latency = 0> <II = 1> <Delay = 1.00> <Generic> <Opcode : >
ST_5 : Operation 132 [2/4] (4.33ns)   --->   "%p_Val2_5 = call fastcc i7 @"sin_lut<ap_fixed<11, 6, 5, 3, 0> >"(i11 %trunc_ln708_2)" [firmware/myproject.cpp:50]   --->   Operation 132 'call' 'p_Val2_5' <Predicate = true> <Delay = 4.33> <CoreType = "Generic">   --->   Core 0 '' <Latency = 0> <II = 1> <Delay = 1.00> <Generic> <Opcode : >
ST_5 : Operation 133 [2/4] (4.33ns)   --->   "%p_Val2_6 = call fastcc i7 @"sin_lut<ap_fixed<11, 6, 5, 3, 0> >"(i11 %p_Val2_s)" [firmware/myproject.cpp:51]   --->   Operation 133 'call' 'p_Val2_6' <Predicate = true> <Delay = 4.33> <CoreType = "Generic">   --->   Core 0 '' <Latency = 0> <II = 1> <Delay = 1.00> <Generic> <Opcode : >
ST_5 : Operation 134 [2/4] (4.33ns)   --->   "%p_Val2_s_26 = call fastcc i7 @"sin_lut<ap_fixed<11, 6, 5, 3, 0> >"(i11 %trunc_ln708_4)" [firmware/myproject.cpp:51]   --->   Operation 134 'call' 'p_Val2_s_26' <Predicate = true> <Delay = 4.33> <CoreType = "Generic">   --->   Core 0 '' <Latency = 0> <II = 1> <Delay = 1.00> <Generic> <Opcode : >
ST_5 : Operation 135 [1/4] (2.85ns)   --->   "%p_5 = call fastcc i7 @"sin_lut<ap_fixed<11, 6, 5, 3, 0> >"(i11 %trunc_ln708_5)" [firmware/myproject.cpp:51]   --->   Operation 135 'call' 'p_5' <Predicate = true> <Delay = 2.85> <CoreType = "Generic">   --->   Core 0 '' <Latency = 0> <II = 1> <Delay = 1.00> <Generic> <Opcode : >
ST_5 : Operation 136 [2/4] (4.33ns)   --->   "%p_6 = call fastcc i7 @"sin_lut<ap_fixed<11, 6, 5, 3, 0> >"(i11 %p_Val2_1)" [firmware/myproject.cpp:51]   --->   Operation 136 'call' 'p_6' <Predicate = true> <Delay = 4.33> <CoreType = "Generic">   --->   Core 0 '' <Latency = 0> <II = 1> <Delay = 1.00> <Generic> <Opcode : >
ST_5 : Operation 137 [2/4] (4.33ns)   --->   "%p_7 = call fastcc i7 @"sin_lut<ap_fixed<11, 6, 5, 3, 0> >"(i11 %trunc_ln708_7)" [firmware/myproject.cpp:52]   --->   Operation 137 'call' 'p_7' <Predicate = true> <Delay = 4.33> <CoreType = "Generic">   --->   Core 0 '' <Latency = 0> <II = 1> <Delay = 1.00> <Generic> <Opcode : >
ST_5 : Operation 138 [3/4] (4.33ns)   --->   "%p_8 = call fastcc i7 @"sin_lut<ap_fixed<11, 6, 5, 3, 0> >"(i11 %trunc_ln708_8)" [firmware/myproject.cpp:52]   --->   Operation 138 'call' 'p_8' <Predicate = true> <Delay = 4.33> <CoreType = "Generic">   --->   Core 0 '' <Latency = 0> <II = 1> <Delay = 1.00> <Generic> <Opcode : >
ST_5 : Operation 139 [2/4] (4.33ns)   --->   "%p_9 = call fastcc i7 @"sin_lut<ap_fixed<11, 6, 5, 3, 0> >"(i11 %add_ln703)" [firmware/myproject.cpp:53]   --->   Operation 139 'call' 'p_9' <Predicate = true> <Delay = 4.33> <CoreType = "Generic">   --->   Core 0 '' <Latency = 0> <II = 1> <Delay = 1.00> <Generic> <Opcode : >
ST_5 : Operation 140 [2/4] (4.33ns)   --->   "%p_1 = call fastcc i7 @"sin_lut<ap_fixed<11, 6, 5, 3, 0> >"(i11 %trunc_ln708_s)" [firmware/myproject.cpp:53]   --->   Operation 140 'call' 'p_1' <Predicate = true> <Delay = 4.33> <CoreType = "Generic">   --->   Core 0 '' <Latency = 0> <II = 1> <Delay = 1.00> <Generic> <Opcode : >
ST_5 : Operation 141 [2/4] (4.33ns)   --->   "%p_Val2_8 = call fastcc i7 @"sin_lut<ap_fixed<11, 6, 5, 3, 0> >"(i11 %add_ln703_1)" [firmware/myproject.cpp:53]   --->   Operation 141 'call' 'p_Val2_8' <Predicate = true> <Delay = 4.33> <CoreType = "Generic">   --->   Core 0 '' <Latency = 0> <II = 1> <Delay = 1.00> <Generic> <Opcode : >
ST_5 : Operation 142 [2/4] (4.33ns)   --->   "%p_Val2_9 = call fastcc i7 @"sin_lut<ap_fixed<11, 6, 5, 3, 0> >"(i11 %sext_ln708)" [firmware/myproject.cpp:54]   --->   Operation 142 'call' 'p_Val2_9' <Predicate = true> <Delay = 4.33> <CoreType = "Generic">   --->   Core 0 '' <Latency = 0> <II = 1> <Delay = 1.00> <Generic> <Opcode : >
ST_5 : Operation 143 [1/4] (2.85ns)   --->   "%p_2 = call fastcc i7 @"sin_lut<ap_fixed<11, 6, 5, 3, 0> >"(i11 %trunc_ln708_12)" [firmware/myproject.cpp:54]   --->   Operation 143 'call' 'p_2' <Predicate = true> <Delay = 2.85> <CoreType = "Generic">   --->   Core 0 '' <Latency = 0> <II = 1> <Delay = 1.00> <Generic> <Opcode : >
ST_5 : Operation 144 [3/4] (4.33ns)   --->   "%p_Val2_10 = call fastcc i7 @"sin_lut<ap_fixed<11, 6, 5, 3, 0> >"(i11 %trunc_ln708_13)" [firmware/myproject.cpp:54]   --->   Operation 144 'call' 'p_Val2_10' <Predicate = true> <Delay = 4.33> <CoreType = "Generic">   --->   Core 0 '' <Latency = 0> <II = 1> <Delay = 1.00> <Generic> <Opcode : >
ST_5 : Operation 145 [2/4] (4.33ns)   --->   "%p_Val2_7 = call fastcc i7 @"sin_lut<ap_fixed<11, 6, 5, 3, 0> >"(i11 %trunc_ln708_14)" [firmware/myproject.cpp:54]   --->   Operation 145 'call' 'p_Val2_7' <Predicate = true> <Delay = 4.33> <CoreType = "Generic">   --->   Core 0 '' <Latency = 0> <II = 1> <Delay = 1.00> <Generic> <Opcode : >
ST_5 : Operation 146 [1/1] (0.73ns)   --->   "%add_ln703_2 = add i11 %p_Val2_1, 47" [firmware/myproject.cpp:54]   --->   Operation 146 'add' 'add_ln703_2' <Predicate = true> <Delay = 0.73> <Core = "AddSub">   --->   Core 14 'AddSub' <Latency = 0> <II = 1> <Delay = 0.73> <FuncUnit> <Opcode : 'add' 'sub'> <InPorts = 2> <OutPorts = 1>
ST_5 : Operation 147 [4/4] (2.53ns)   --->   "%p_0 = call fastcc i7 @"sin_lut<ap_fixed<11, 6, 5, 3, 0> >"(i11 %add_ln703_2)" [firmware/myproject.cpp:54]   --->   Operation 147 'call' 'p_0' <Predicate = true> <Delay = 2.53> <CoreType = "Generic">   --->   Core 0 '' <Latency = 0> <II = 1> <Delay = 1.00> <Generic> <Opcode : >

State 6 <SV = 5> <Delay = 4.33>
ST_6 : Operation 148 [1/4] (2.85ns)   --->   "%p_s = call fastcc i7 @"sin_lut<ap_fixed<11, 6, 5, 3, 0> >"(i11 %trunc_ln)" [firmware/myproject.cpp:50]   --->   Operation 148 'call' 'p_s' <Predicate = true> <Delay = 2.85> <CoreType = "Generic">   --->   Core 0 '' <Latency = 0> <II = 1> <Delay = 1.00> <Generic> <Opcode : >
ST_6 : Operation 149 [3/4] (4.33ns)   --->   "%p_Val2_4 = call fastcc i7 @"sin_lut<ap_fixed<11, 6, 5, 3, 0> >"(i11 %trunc_ln708_1)" [firmware/myproject.cpp:50]   --->   Operation 149 'call' 'p_Val2_4' <Predicate = true> <Delay = 4.33> <CoreType = "Generic">   --->   Core 0 '' <Latency = 0> <II = 1> <Delay = 1.00> <Generic> <Opcode : >
ST_6 : Operation 150 [1/4] (2.85ns)   --->   "%p_Val2_5 = call fastcc i7 @"sin_lut<ap_fixed<11, 6, 5, 3, 0> >"(i11 %trunc_ln708_2)" [firmware/myproject.cpp:50]   --->   Operation 150 'call' 'p_Val2_5' <Predicate = true> <Delay = 2.85> <CoreType = "Generic">   --->   Core 0 '' <Latency = 0> <II = 1> <Delay = 1.00> <Generic> <Opcode : >
ST_6 : Operation 151 [1/4] (2.85ns)   --->   "%p_Val2_6 = call fastcc i7 @"sin_lut<ap_fixed<11, 6, 5, 3, 0> >"(i11 %p_Val2_s)" [firmware/myproject.cpp:51]   --->   Operation 151 'call' 'p_Val2_6' <Predicate = true> <Delay = 2.85> <CoreType = "Generic">   --->   Core 0 '' <Latency = 0> <II = 1> <Delay = 1.00> <Generic> <Opcode : >
ST_6 : Operation 152 [1/4] (2.85ns)   --->   "%p_Val2_s_26 = call fastcc i7 @"sin_lut<ap_fixed<11, 6, 5, 3, 0> >"(i11 %trunc_ln708_4)" [firmware/myproject.cpp:51]   --->   Operation 152 'call' 'p_Val2_s_26' <Predicate = true> <Delay = 2.85> <CoreType = "Generic">   --->   Core 0 '' <Latency = 0> <II = 1> <Delay = 1.00> <Generic> <Opcode : >
ST_6 : Operation 153 [1/4] (2.85ns)   --->   "%p_6 = call fastcc i7 @"sin_lut<ap_fixed<11, 6, 5, 3, 0> >"(i11 %p_Val2_1)" [firmware/myproject.cpp:51]   --->   Operation 153 'call' 'p_6' <Predicate = true> <Delay = 2.85> <CoreType = "Generic">   --->   Core 0 '' <Latency = 0> <II = 1> <Delay = 1.00> <Generic> <Opcode : >
ST_6 : Operation 154 [1/1] (0.00ns)   --->   "%sext_ln1118_9 = sext i11 %p_Val2_3 to i14" [firmware/myproject.cpp:52]   --->   Operation 154 'sext' 'sext_ln1118_9' <Predicate = true> <Delay = 0.00>
ST_6 : Operation 155 [1/1] (0.00ns)   --->   "%shl_ln1118_6 = call i13 @_ssdm_op_BitConcatenate.i13.i11.i2(i11 %p_Val2_3, i2 0)" [firmware/myproject.cpp:52]   --->   Operation 155 'bitconcatenate' 'shl_ln1118_6' <Predicate = true> <Delay = 0.00>
ST_6 : Operation 156 [1/1] (0.00ns)   --->   "%sext_ln1118_12 = sext i13 %shl_ln1118_6 to i14" [firmware/myproject.cpp:52]   --->   Operation 156 'sext' 'sext_ln1118_12' <Predicate = true> <Delay = 0.00>
ST_6 : Operation 157 [1/1] (0.00ns) (grouped into TernaryAdder)   --->   "%r_V_23 = sub i14 %sext_ln1118_12, %sext_ln1118_9" [firmware/myproject.cpp:52]   --->   Operation 157 'sub' 'r_V_23' <Predicate = true> <Delay = 0.00> <Core = "TAddSub">   --->   Core 83 'TAddSub' <Latency = 0> <II = 1> <Delay = 0.33> <IPBlock> <Opcode : 'add' 'sub'> <InPorts = 3> <OutPorts = 1> <Sync> <CReg>
ST_6 : Operation 158 [1/4] (2.85ns)   --->   "%p_7 = call fastcc i7 @"sin_lut<ap_fixed<11, 6, 5, 3, 0> >"(i11 %trunc_ln708_7)" [firmware/myproject.cpp:52]   --->   Operation 158 'call' 'p_7' <Predicate = true> <Delay = 2.85> <CoreType = "Generic">   --->   Core 0 '' <Latency = 0> <II = 1> <Delay = 1.00> <Generic> <Opcode : >
ST_6 : Operation 159 [1/1] (0.00ns)   --->   "%sext_ln1118_13 = sext i7 %p_7 to i10" [firmware/myproject.cpp:52]   --->   Operation 159 'sext' 'sext_ln1118_13' <Predicate = true> <Delay = 0.00>
ST_6 : Operation 160 [1/1] (0.00ns)   --->   "%tmp_1 = call i9 @_ssdm_op_BitConcatenate.i9.i7.i2(i7 %p_7, i2 0)" [firmware/myproject.cpp:52]   --->   Operation 160 'bitconcatenate' 'tmp_1' <Predicate = true> <Delay = 0.00>
ST_6 : Operation 161 [1/1] (0.00ns)   --->   "%sext_ln1118_14 = sext i9 %tmp_1 to i10" [firmware/myproject.cpp:52]   --->   Operation 161 'sext' 'sext_ln1118_14' <Predicate = true> <Delay = 0.00>
ST_6 : Operation 162 [1/1] (0.71ns)   --->   "%r_V_24 = sub i10 %sext_ln1118_14, %sext_ln1118_13" [firmware/myproject.cpp:52]   --->   Operation 162 'sub' 'r_V_24' <Predicate = true> <Delay = 0.71> <Core = "AddSub">   --->   Core 14 'AddSub' <Latency = 0> <II = 1> <Delay = 0.73> <FuncUnit> <Opcode : 'add' 'sub'> <InPorts = 2> <OutPorts = 1>
ST_6 : Operation 163 [1/1] (0.00ns)   --->   "%sext_ln1118_15 = sext i10 %r_V_24 to i14" [firmware/myproject.cpp:52]   --->   Operation 163 'sext' 'sext_ln1118_15' <Predicate = true> <Delay = 0.00>
ST_6 : Operation 164 [1/1] (0.71ns) (root node of TernaryAdder)   --->   "%add_ln1192_12 = add i14 %r_V_23, %sext_ln1118_15" [firmware/myproject.cpp:52]   --->   Operation 164 'add' 'add_ln1192_12' <Predicate = true> <Delay = 0.71> <Core = "TAddSub">   --->   Core 83 'TAddSub' <Latency = 0> <II = 1> <Delay = 0.33> <IPBlock> <Opcode : 'add' 'sub'> <InPorts = 3> <OutPorts = 1> <Sync> <CReg>
ST_6 : Operation 165 [2/4] (4.33ns)   --->   "%p_8 = call fastcc i7 @"sin_lut<ap_fixed<11, 6, 5, 3, 0> >"(i11 %trunc_ln708_8)" [firmware/myproject.cpp:52]   --->   Operation 165 'call' 'p_8' <Predicate = true> <Delay = 4.33> <CoreType = "Generic">   --->   Core 0 '' <Latency = 0> <II = 1> <Delay = 1.00> <Generic> <Opcode : >
ST_6 : Operation 166 [1/4] (2.85ns)   --->   "%p_9 = call fastcc i7 @"sin_lut<ap_fixed<11, 6, 5, 3, 0> >"(i11 %add_ln703)" [firmware/myproject.cpp:53]   --->   Operation 166 'call' 'p_9' <Predicate = true> <Delay = 2.85> <CoreType = "Generic">   --->   Core 0 '' <Latency = 0> <II = 1> <Delay = 1.00> <Generic> <Opcode : >
ST_6 : Operation 167 [1/4] (2.85ns)   --->   "%p_1 = call fastcc i7 @"sin_lut<ap_fixed<11, 6, 5, 3, 0> >"(i11 %trunc_ln708_s)" [firmware/myproject.cpp:53]   --->   Operation 167 'call' 'p_1' <Predicate = true> <Delay = 2.85> <CoreType = "Generic">   --->   Core 0 '' <Latency = 0> <II = 1> <Delay = 1.00> <Generic> <Opcode : >
ST_6 : Operation 168 [1/4] (2.85ns)   --->   "%p_Val2_8 = call fastcc i7 @"sin_lut<ap_fixed<11, 6, 5, 3, 0> >"(i11 %add_ln703_1)" [firmware/myproject.cpp:53]   --->   Operation 168 'call' 'p_Val2_8' <Predicate = true> <Delay = 2.85> <CoreType = "Generic">   --->   Core 0 '' <Latency = 0> <II = 1> <Delay = 1.00> <Generic> <Opcode : >
ST_6 : Operation 169 [1/4] (2.85ns)   --->   "%p_Val2_9 = call fastcc i7 @"sin_lut<ap_fixed<11, 6, 5, 3, 0> >"(i11 %sext_ln708)" [firmware/myproject.cpp:54]   --->   Operation 169 'call' 'p_Val2_9' <Predicate = true> <Delay = 2.85> <CoreType = "Generic">   --->   Core 0 '' <Latency = 0> <II = 1> <Delay = 1.00> <Generic> <Opcode : >
ST_6 : Operation 170 [2/4] (4.33ns)   --->   "%p_Val2_10 = call fastcc i7 @"sin_lut<ap_fixed<11, 6, 5, 3, 0> >"(i11 %trunc_ln708_13)" [firmware/myproject.cpp:54]   --->   Operation 170 'call' 'p_Val2_10' <Predicate = true> <Delay = 4.33> <CoreType = "Generic">   --->   Core 0 '' <Latency = 0> <II = 1> <Delay = 1.00> <Generic> <Opcode : >
ST_6 : Operation 171 [1/4] (2.85ns)   --->   "%p_Val2_7 = call fastcc i7 @"sin_lut<ap_fixed<11, 6, 5, 3, 0> >"(i11 %trunc_ln708_14)" [firmware/myproject.cpp:54]   --->   Operation 171 'call' 'p_Val2_7' <Predicate = true> <Delay = 2.85> <CoreType = "Generic">   --->   Core 0 '' <Latency = 0> <II = 1> <Delay = 1.00> <Generic> <Opcode : >
ST_6 : Operation 172 [3/4] (4.33ns)   --->   "%p_0 = call fastcc i7 @"sin_lut<ap_fixed<11, 6, 5, 3, 0> >"(i11 %add_ln703_2)" [firmware/myproject.cpp:54]   --->   Operation 172 'call' 'p_0' <Predicate = true> <Delay = 4.33> <CoreType = "Generic">   --->   Core 0 '' <Latency = 0> <II = 1> <Delay = 1.00> <Generic> <Opcode : >

State 7 <SV = 6> <Delay = 4.33>
ST_7 : Operation 173 [1/1] (0.00ns)   --->   "%lhs_V = sext i11 %p_Val2_s to i12" [firmware/myproject.cpp:50]   --->   Operation 173 'sext' 'lhs_V' <Predicate = true> <Delay = 0.00>
ST_7 : Operation 174 [1/1] (0.00ns) (grouped into DSP with root node r_V_1)   --->   "%ret_V = add nsw i12 %lhs_V, -30" [firmware/myproject.cpp:50]   --->   Operation 174 'add' 'ret_V' <Predicate = true> <Delay = 0.00> <Core = "DSP48">   --->   Core 88 'DSP48' <Latency = 0> <II = 1> <Delay = 2.53> <IPBlock> <Opcode : 'mul' 'add' 'sub' 'select'> <InPorts = 2> <OutPorts = 1> <Sync> <CReg>
ST_7 : Operation 175 [1/1] (0.00ns) (grouped into DSP with root node r_V_1)   --->   "%r_V = sext i12 %ret_V to i24" [firmware/myproject.cpp:50]   --->   Operation 175 'sext' 'r_V' <Predicate = true> <Delay = 0.00>
ST_7 : Operation 176 [1/1] (2.53ns) (root node of the DSP)   --->   "%r_V_1 = mul i24 %r_V, %r_V" [firmware/myproject.cpp:50]   --->   Operation 176 'mul' 'r_V_1' <Predicate = true> <Delay = 2.53> <Core = "DSP48">   --->   Core 88 'DSP48' <Latency = 0> <II = 1> <Delay = 2.53> <IPBlock> <Opcode : 'mul' 'add' 'sub' 'select'> <InPorts = 2> <OutPorts = 1> <Sync> <CReg>
ST_7 : Operation 177 [1/1] (0.00ns)   --->   "%sext_ln1116 = sext i7 %p_s to i14" [firmware/myproject.cpp:50]   --->   Operation 177 'sext' 'sext_ln1116' <Predicate = true> <Delay = 0.00>
ST_7 : Operation 178 [1/1] (0.49ns) (grouped into DSP with root node ret_V_3)   --->   "%r_V_20 = mul i14 %sext_ln1116, %sext_ln1116" [firmware/myproject.cpp:50]   --->   Operation 178 'mul' 'r_V_20' <Predicate = true> <Delay = 0.49> <Core = "DSP48">   --->   Core 88 'DSP48' <Latency = 0> <II = 1> <Delay = 2.53> <IPBlock> <Opcode : 'mul' 'add' 'sub' 'select'> <InPorts = 2> <OutPorts = 1> <Sync> <CReg>
ST_7 : Operation 179 [1/1] (2.03ns) (root node of the DSP)   --->   "%ret_V_3 = add i14 %r_V_20, -160" [firmware/myproject.cpp:50]   --->   Operation 179 'add' 'ret_V_3' <Predicate = true> <Delay = 2.03> <Core = "DSP48">   --->   Core 88 'DSP48' <Latency = 0> <II = 1> <Delay = 2.53> <IPBlock> <Opcode : 'mul' 'add' 'sub' 'select'> <InPorts = 2> <OutPorts = 1> <Sync> <CReg>
ST_7 : Operation 180 [2/4] (4.33ns)   --->   "%p_Val2_4 = call fastcc i7 @"sin_lut<ap_fixed<11, 6, 5, 3, 0> >"(i11 %trunc_ln708_1)" [firmware/myproject.cpp:50]   --->   Operation 180 'call' 'p_Val2_4' <Predicate = true> <Delay = 4.33> <CoreType = "Generic">   --->   Core 0 '' <Latency = 0> <II = 1> <Delay = 1.00> <Generic> <Opcode : >
ST_7 : Operation 181 [1/1] (0.00ns)   --->   "%rhs_V_6 = sext i11 %p_Val2_3 to i12" [firmware/myproject.cpp:50]   --->   Operation 181 'sext' 'rhs_V_6' <Predicate = true> <Delay = 0.00>
ST_7 : Operation 182 [1/1] (0.00ns)   --->   "%sext_ln703 = sext i7 %p_Val2_6 to i8" [firmware/myproject.cpp:51]   --->   Operation 182 'sext' 'sext_ln703' <Predicate = true> <Delay = 0.00>
ST_7 : Operation 183 [1/1] (0.00ns) (grouped into DSP with root node r_V_3)   --->   "%ret_V_8 = add i8 %sext_ln703, -44" [firmware/myproject.cpp:51]   --->   Operation 183 'add' 'ret_V_8' <Predicate = true> <Delay = 0.00> <Core = "DSP48">   --->   Core 88 'DSP48' <Latency = 0> <II = 1> <Delay = 2.53> <IPBlock> <Opcode : 'mul' 'add' 'sub' 'select'> <InPorts = 2> <OutPorts = 1> <Sync> <CReg>
ST_7 : Operation 184 [1/1] (0.00ns)   --->   "%sext_ln703_1 = sext i7 %p_Val2_s_26 to i8" [firmware/myproject.cpp:51]   --->   Operation 184 'sext' 'sext_ln703_1' <Predicate = true> <Delay = 0.00>
ST_7 : Operation 185 [1/1] (0.70ns)   --->   "%ret_V_10 = add i8 %sext_ln703_1, -30" [firmware/myproject.cpp:51]   --->   Operation 185 'add' 'ret_V_10' <Predicate = true> <Delay = 0.70> <Core = "AddSub">   --->   Core 14 'AddSub' <Latency = 0> <II = 1> <Delay = 0.73> <FuncUnit> <Opcode : 'add' 'sub'> <InPorts = 2> <OutPorts = 1>
ST_7 : Operation 186 [1/1] (0.00ns) (grouped into DSP with root node r_V_3)   --->   "%sext_ln1116_1 = sext i8 %ret_V_8 to i16" [firmware/myproject.cpp:51]   --->   Operation 186 'sext' 'sext_ln1116_1' <Predicate = true> <Delay = 0.00>
ST_7 : Operation 187 [1/1] (0.00ns)   --->   "%sext_ln1118_3 = sext i8 %ret_V_10 to i16" [firmware/myproject.cpp:51]   --->   Operation 187 'sext' 'sext_ln1118_3' <Predicate = true> <Delay = 0.00>
ST_7 : Operation 188 [1/1] (2.53ns) (root node of the DSP)   --->   "%r_V_3 = mul i16 %sext_ln1116_1, %sext_ln1118_3" [firmware/myproject.cpp:51]   --->   Operation 188 'mul' 'r_V_3' <Predicate = true> <Delay = 2.53> <Core = "DSP48">   --->   Core 88 'DSP48' <Latency = 0> <II = 1> <Delay = 2.53> <IPBlock> <Opcode : 'mul' 'add' 'sub' 'select'> <InPorts = 2> <OutPorts = 1> <Sync> <CReg>
ST_7 : Operation 189 [1/1] (0.00ns)   --->   "%sext_ln1118_4 = sext i7 %p_5 to i11" [firmware/myproject.cpp:51]   --->   Operation 189 'sext' 'sext_ln1118_4' <Predicate = true> <Delay = 0.00>
ST_7 : Operation 190 [1/1] (0.00ns)   --->   "%tmp_s = call i10 @_ssdm_op_BitConcatenate.i10.i7.i3(i7 %p_5, i3 0)" [firmware/myproject.cpp:51]   --->   Operation 190 'bitconcatenate' 'tmp_s' <Predicate = true> <Delay = 0.00>
ST_7 : Operation 191 [1/1] (0.00ns)   --->   "%sext_ln1118_5 = sext i10 %tmp_s to i11" [firmware/myproject.cpp:51]   --->   Operation 191 'sext' 'sext_ln1118_5' <Predicate = true> <Delay = 0.00>
ST_7 : Operation 192 [1/1] (0.72ns)   --->   "%r_V_21 = add i11 %sext_ln1118_4, %sext_ln1118_5" [firmware/myproject.cpp:51]   --->   Operation 192 'add' 'r_V_21' <Predicate = true> <Delay = 0.72> <Core = "AddSub">   --->   Core 14 'AddSub' <Latency = 0> <II = 1> <Delay = 0.73> <FuncUnit> <Opcode : 'add' 'sub'> <InPorts = 2> <OutPorts = 1>
ST_7 : Operation 193 [1/1] (0.00ns)   --->   "%sext_ln1118_6 = sext i11 %r_V_21 to i12" [firmware/myproject.cpp:51]   --->   Operation 193 'sext' 'sext_ln1118_6' <Predicate = true> <Delay = 0.00>
ST_7 : Operation 194 [1/1] (0.00ns) (grouped into TernaryAdder)   --->   "%add_ln1192_13 = add i12 %rhs_V_6, -96" [firmware/myproject.cpp:51]   --->   Operation 194 'add' 'add_ln1192_13' <Predicate = true> <Delay = 0.00> <Core = "TAddSub">   --->   Core 83 'TAddSub' <Latency = 0> <II = 1> <Delay = 0.33> <IPBlock> <Opcode : 'add' 'sub'> <InPorts = 3> <OutPorts = 1> <Sync> <CReg>
ST_7 : Operation 195 [1/1] (0.75ns) (root node of TernaryAdder)   --->   "%add_ln1192_9 = add i12 %sext_ln1118_6, %add_ln1192_13" [firmware/myproject.cpp:51]   --->   Operation 195 'add' 'add_ln1192_9' <Predicate = true> <Delay = 0.75> <Core = "TAddSub">   --->   Core 83 'TAddSub' <Latency = 0> <II = 1> <Delay = 0.33> <IPBlock> <Opcode : 'add' 'sub'> <InPorts = 3> <OutPorts = 1> <Sync> <CReg>
ST_7 : Operation 196 [1/1] (0.00ns)   --->   "%shl_ln1118_4 = call i14 @_ssdm_op_BitConcatenate.i14.i11.i3(i11 %p_Val2_1, i3 0)" [firmware/myproject.cpp:52]   --->   Operation 196 'bitconcatenate' 'shl_ln1118_4' <Predicate = true> <Delay = 0.00>
ST_7 : Operation 197 [1/1] (0.00ns)   --->   "%sext_ln1118_7 = sext i14 %shl_ln1118_4 to i15" [firmware/myproject.cpp:52]   --->   Operation 197 'sext' 'sext_ln1118_7' <Predicate = true> <Delay = 0.00>
ST_7 : Operation 198 [1/1] (0.76ns)   --->   "%r_V_22 = sub i15 0, %sext_ln1118_7" [firmware/myproject.cpp:52]   --->   Operation 198 'sub' 'r_V_22' <Predicate = true> <Delay = 0.76> <Core = "AddSub">   --->   Core 14 'AddSub' <Latency = 0> <II = 1> <Delay = 0.73> <FuncUnit> <Opcode : 'add' 'sub'> <InPorts = 2> <OutPorts = 1>
ST_7 : Operation 199 [1/1] (0.00ns)   --->   "%sext_ln1118_8 = sext i11 %p_Val2_3 to i16" [firmware/myproject.cpp:52]   --->   Operation 199 'sext' 'sext_ln1118_8' <Predicate = true> <Delay = 0.00>
ST_7 : Operation 200 [1/1] (0.00ns)   --->   "%shl_ln1118_5 = call i15 @_ssdm_op_BitConcatenate.i15.i11.i4(i11 %p_Val2_3, i4 0)" [firmware/myproject.cpp:52]   --->   Operation 200 'bitconcatenate' 'shl_ln1118_5' <Predicate = true> <Delay = 0.00>
ST_7 : Operation 201 [1/1] (0.00ns)   --->   "%sext_ln1118_11 = sext i15 %shl_ln1118_5 to i16" [firmware/myproject.cpp:52]   --->   Operation 201 'sext' 'sext_ln1118_11' <Predicate = true> <Delay = 0.00>
ST_7 : Operation 202 [1/1] (0.00ns) (grouped into DSP with root node sub_ln1192_3)   --->   "%r_V_6 = add i16 %sext_ln1118_8, %sext_ln1118_11" [firmware/myproject.cpp:52]   --->   Operation 202 'add' 'r_V_6' <Predicate = true> <Delay = 0.00> <Core = "DSP48">   --->   Core 88 'DSP48' <Latency = 0> <II = 1> <Delay = 2.53> <IPBlock> <Opcode : 'mul' 'add' 'sub' 'select'> <InPorts = 2> <OutPorts = 1> <Sync> <CReg>
ST_7 : Operation 203 [1/1] (0.00ns) (grouped into DSP with root node sub_ln1192_3)   --->   "%sext_ln1192_9 = sext i16 %r_V_6 to i26" [firmware/myproject.cpp:52]   --->   Operation 203 'sext' 'sext_ln1192_9' <Predicate = true> <Delay = 0.00>
ST_7 : Operation 204 [1/1] (0.00ns)   --->   "%sext_ln1192_10 = sext i14 %add_ln1192_12 to i26" [firmware/myproject.cpp:52]   --->   Operation 204 'sext' 'sext_ln1192_10' <Predicate = true> <Delay = 0.00>
ST_7 : Operation 205 [1/1] (0.49ns) (grouped into DSP with root node sub_ln1192_3)   --->   "%mul_ln1192_4 = mul i26 %sext_ln1192_9, %sext_ln1192_10" [firmware/myproject.cpp:52]   --->   Operation 205 'mul' 'mul_ln1192_4' <Predicate = true> <Delay = 0.49> <Core = "DSP48">   --->   Core 88 'DSP48' <Latency = 0> <II = 1> <Delay = 2.53> <IPBlock> <Opcode : 'mul' 'add' 'sub' 'select'> <InPorts = 2> <OutPorts = 1> <Sync> <CReg>
ST_7 : Operation 206 [1/1] (0.00ns)   --->   "%lhs_V_4 = call i25 @_ssdm_op_BitConcatenate.i25.i15.i10(i15 %r_V_22, i10 0)" [firmware/myproject.cpp:52]   --->   Operation 206 'bitconcatenate' 'lhs_V_4' <Predicate = true> <Delay = 0.00>
ST_7 : Operation 207 [1/1] (0.00ns)   --->   "%sext_ln1192_11 = sext i25 %lhs_V_4 to i26" [firmware/myproject.cpp:52]   --->   Operation 207 'sext' 'sext_ln1192_11' <Predicate = true> <Delay = 0.00>
ST_7 : Operation 208 [1/1] (2.03ns) (root node of the DSP)   --->   "%sub_ln1192_3 = sub i26 %sext_ln1192_11, %mul_ln1192_4" [firmware/myproject.cpp:52]   --->   Operation 208 'sub' 'sub_ln1192_3' <Predicate = true> <Delay = 2.03> <Core = "DSP48">   --->   Core 88 'DSP48' <Latency = 0> <II = 1> <Delay = 2.53> <IPBlock> <Opcode : 'mul' 'add' 'sub' 'select'> <InPorts = 2> <OutPorts = 1> <Sync> <CReg>
ST_7 : Operation 209 [1/1] (0.00ns)   --->   "%shl_ln1118_8 = call i15 @_ssdm_op_BitConcatenate.i15.i11.i4(i11 %p_Val2_s, i4 0)" [firmware/myproject.cpp:52]   --->   Operation 209 'bitconcatenate' 'shl_ln1118_8' <Predicate = true> <Delay = 0.00>
ST_7 : Operation 210 [1/1] (0.00ns)   --->   "%sext_ln1118_16 = sext i15 %shl_ln1118_8 to i16" [firmware/myproject.cpp:52]   --->   Operation 210 'sext' 'sext_ln1118_16' <Predicate = true> <Delay = 0.00>
ST_7 : Operation 211 [1/1] (0.77ns)   --->   "%r_V_25 = add i16 %sext_ln1118_2, %sext_ln1118_16" [firmware/myproject.cpp:52]   --->   Operation 211 'add' 'r_V_25' <Predicate = true> <Delay = 0.77> <Core = "AddSub">   --->   Core 14 'AddSub' <Latency = 0> <II = 1> <Delay = 0.73> <FuncUnit> <Opcode : 'add' 'sub'> <InPorts = 2> <OutPorts = 1>
ST_7 : Operation 212 [1/1] (0.00ns)   --->   "%rhs_V_2 = call i26 @_ssdm_op_BitConcatenate.i26.i16.i10(i16 %r_V_25, i10 0)" [firmware/myproject.cpp:52]   --->   Operation 212 'bitconcatenate' 'rhs_V_2' <Predicate = true> <Delay = 0.00>
ST_7 : Operation 213 [1/1] (0.00ns) (grouped into TernaryAdder)   --->   "%add_ln1192_17 = add i26 %sub_ln1192_3, %rhs_V_2" [firmware/myproject.cpp:52]   --->   Operation 213 'add' 'add_ln1192_17' <Predicate = true> <Delay = 0.00> <Core = "TAddSub">   --->   Core 83 'TAddSub' <Latency = 0> <II = 1> <Delay = 0.33> <IPBlock> <Opcode : 'add' 'sub'> <InPorts = 3> <OutPorts = 1> <Sync> <CReg>
ST_7 : Operation 214 [1/1] (0.00ns)   --->   "%sext_ln1118_17 = sext i7 %p_6 to i14" [firmware/myproject.cpp:52]   --->   Operation 214 'sext' 'sext_ln1118_17' <Predicate = true> <Delay = 0.00>
ST_7 : Operation 215 [1/1] (0.00ns)   --->   "%sext_ln1118_18 = sext i7 %p_6 to i12" [firmware/myproject.cpp:52]   --->   Operation 215 'sext' 'sext_ln1118_18' <Predicate = true> <Delay = 0.00>
ST_7 : Operation 216 [1/1] (0.00ns)   --->   "%tmp_2 = call i11 @_ssdm_op_BitConcatenate.i11.i7.i4(i7 %p_6, i4 0)" [firmware/myproject.cpp:52]   --->   Operation 216 'bitconcatenate' 'tmp_2' <Predicate = true> <Delay = 0.00>
ST_7 : Operation 217 [1/1] (0.00ns)   --->   "%sext_ln1118_19 = sext i11 %tmp_2 to i12" [firmware/myproject.cpp:52]   --->   Operation 217 'sext' 'sext_ln1118_19' <Predicate = true> <Delay = 0.00>
ST_7 : Operation 218 [1/1] (0.73ns)   --->   "%r_V_26 = add i12 %sext_ln1118_18, %sext_ln1118_19" [firmware/myproject.cpp:52]   --->   Operation 218 'add' 'r_V_26' <Predicate = true> <Delay = 0.73> <Core = "AddSub">   --->   Core 14 'AddSub' <Latency = 0> <II = 1> <Delay = 0.73> <FuncUnit> <Opcode : 'add' 'sub'> <InPorts = 2> <OutPorts = 1>
ST_7 : Operation 219 [1/1] (0.00ns)   --->   "%tmp = call i22 @_ssdm_op_BitConcatenate.i22.i12.i10(i12 %r_V_26, i10 0)" [firmware/myproject.cpp:52]   --->   Operation 219 'bitconcatenate' 'tmp' <Predicate = true> <Delay = 0.00>
ST_7 : Operation 220 [1/1] (0.00ns)   --->   "%rhs_V_3 = sext i22 %tmp to i26" [firmware/myproject.cpp:52]   --->   Operation 220 'sext' 'rhs_V_3' <Predicate = true> <Delay = 0.00>
ST_7 : Operation 221 [1/1] (0.71ns) (root node of TernaryAdder)   --->   "%add_ln1192_18 = add i26 %add_ln1192_17, %rhs_V_3" [firmware/myproject.cpp:52]   --->   Operation 221 'add' 'add_ln1192_18' <Predicate = true> <Delay = 0.71> <Core = "TAddSub">   --->   Core 83 'TAddSub' <Latency = 0> <II = 1> <Delay = 0.33> <IPBlock> <Opcode : 'add' 'sub'> <InPorts = 3> <OutPorts = 1> <Sync> <CReg>
ST_7 : Operation 222 [1/4] (2.85ns)   --->   "%p_8 = call fastcc i7 @"sin_lut<ap_fixed<11, 6, 5, 3, 0> >"(i11 %trunc_ln708_8)" [firmware/myproject.cpp:52]   --->   Operation 222 'call' 'p_8' <Predicate = true> <Delay = 2.85> <CoreType = "Generic">   --->   Core 0 '' <Latency = 0> <II = 1> <Delay = 1.00> <Generic> <Opcode : >
ST_7 : Operation 223 [1/1] (0.00ns)   --->   "%sext_ln1118_25 = sext i7 %p_8 to i12" [firmware/myproject.cpp:52]   --->   Operation 223 'sext' 'sext_ln1118_25' <Predicate = true> <Delay = 0.00>
ST_7 : Operation 224 [1/1] (0.00ns)   --->   "%tmp_3 = call i11 @_ssdm_op_BitConcatenate.i11.i7.i4(i7 %p_8, i4 0)" [firmware/myproject.cpp:52]   --->   Operation 224 'bitconcatenate' 'tmp_3' <Predicate = true> <Delay = 0.00>
ST_7 : Operation 225 [1/1] (0.00ns)   --->   "%sext_ln1118_26 = sext i11 %tmp_3 to i12" [firmware/myproject.cpp:52]   --->   Operation 225 'sext' 'sext_ln1118_26' <Predicate = true> <Delay = 0.00>
ST_7 : Operation 226 [1/1] (0.73ns)   --->   "%r_V_30 = add i12 %sext_ln1118_25, %sext_ln1118_26" [firmware/myproject.cpp:52]   --->   Operation 226 'add' 'r_V_30' <Predicate = true> <Delay = 0.73> <Core = "AddSub">   --->   Core 14 'AddSub' <Latency = 0> <II = 1> <Delay = 0.73> <FuncUnit> <Opcode : 'add' 'sub'> <InPorts = 2> <OutPorts = 1>
ST_7 : Operation 227 [1/1] (0.00ns)   --->   "%tmp_10 = call i22 @_ssdm_op_BitConcatenate.i22.i12.i10(i12 %r_V_30, i10 0)" [firmware/myproject.cpp:52]   --->   Operation 227 'bitconcatenate' 'tmp_10' <Predicate = true> <Delay = 0.00>
ST_7 : Operation 228 [1/1] (0.00ns)   --->   "%rhs_V_4 = sext i22 %tmp_10 to i26" [firmware/myproject.cpp:52]   --->   Operation 228 'sext' 'rhs_V_4' <Predicate = true> <Delay = 0.00>
ST_7 : Operation 229 [1/1] (0.00ns) (grouped into TernaryAdder)   --->   "%add_ln1192_19 = add i26 %add_ln1192_18, %rhs_V_4" [firmware/myproject.cpp:52]   --->   Operation 229 'add' 'add_ln1192_19' <Predicate = true> <Delay = 0.00> <Core = "TAddSub">   --->   Core 83 'TAddSub' <Latency = 0> <II = 1> <Delay = 0.33> <IPBlock> <Opcode : 'add' 'sub'> <InPorts = 3> <OutPorts = 1> <Sync> <CReg>
ST_7 : Operation 230 [1/1] (0.71ns) (root node of TernaryAdder)   --->   "%ret_V_36 = add i26 %add_ln1192_19, -688128" [firmware/myproject.cpp:52]   --->   Operation 230 'add' 'ret_V_36' <Predicate = true> <Delay = 0.71> <Core = "TAddSub">   --->   Core 83 'TAddSub' <Latency = 0> <II = 1> <Delay = 0.33> <IPBlock> <Opcode : 'add' 'sub'> <InPorts = 3> <OutPorts = 1> <Sync> <CReg>
ST_7 : Operation 231 [1/1] (0.00ns)   --->   "%trunc_ln708_9 = call i11 @_ssdm_op_PartSelect.i11.i26.i32.i32(i26 %ret_V_36, i32 15, i32 25)" [firmware/myproject.cpp:52]   --->   Operation 231 'partselect' 'trunc_ln708_9' <Predicate = true> <Delay = 0.00>
ST_7 : Operation 232 [1/1] (0.00ns)   --->   "%sext_ln1118_27 = sext i7 %p_9 to i8" [firmware/myproject.cpp:53]   --->   Operation 232 'sext' 'sext_ln1118_27' <Predicate = true> <Delay = 0.00>
ST_7 : Operation 233 [1/1] (0.00ns)   --->   "%tmp_4 = call i9 @_ssdm_op_BitConcatenate.i9.i7.i2(i7 %p_9, i2 0)" [firmware/myproject.cpp:53]   --->   Operation 233 'bitconcatenate' 'tmp_4' <Predicate = true> <Delay = 0.00>
ST_7 : Operation 234 [1/1] (0.00ns)   --->   "%sext_ln1118_28 = sext i9 %tmp_4 to i10" [firmware/myproject.cpp:53]   --->   Operation 234 'sext' 'sext_ln1118_28' <Predicate = true> <Delay = 0.00>
ST_7 : Operation 235 [1/1] (0.00ns)   --->   "%sext_ln1118_30 = sext i7 %p_1 to i9" [firmware/myproject.cpp:53]   --->   Operation 235 'sext' 'sext_ln1118_30' <Predicate = true> <Delay = 0.00>
ST_7 : Operation 236 [1/1] (0.00ns)   --->   "%tmp_5 = call i9 @_ssdm_op_BitConcatenate.i9.i7.i2(i7 %p_1, i2 0)" [firmware/myproject.cpp:53]   --->   Operation 236 'bitconcatenate' 'tmp_5' <Predicate = true> <Delay = 0.00>
ST_7 : Operation 237 [1/1] (0.00ns)   --->   "%sext_ln1192_12 = sext i9 %tmp_5 to i10" [firmware/myproject.cpp:53]   --->   Operation 237 'sext' 'sext_ln1192_12' <Predicate = true> <Delay = 0.00>
ST_7 : Operation 238 [1/1] (0.71ns)   --->   "%add_ln1192_22 = add i10 %sext_ln1192_12, %sext_ln1118_28" [firmware/myproject.cpp:53]   --->   Operation 238 'add' 'add_ln1192_22' <Predicate = true> <Delay = 0.71> <Core = "AddSub">   --->   Core 14 'AddSub' <Latency = 0> <II = 1> <Delay = 0.73> <FuncUnit> <Opcode : 'add' 'sub'> <InPorts = 2> <OutPorts = 1>
ST_7 : Operation 239 [1/1] (0.00ns)   --->   "%sext_ln1192_13 = sext i10 %add_ln1192_22 to i11" [firmware/myproject.cpp:53]   --->   Operation 239 'sext' 'sext_ln1192_13' <Predicate = true> <Delay = 0.00>
ST_7 : Operation 240 [1/1] (0.70ns)   --->   "%add_ln1192_23 = add i8 %sext_ln1118_27, -32" [firmware/myproject.cpp:53]   --->   Operation 240 'add' 'add_ln1192_23' <Predicate = true> <Delay = 0.70> <Core = "AddSub">   --->   Core 14 'AddSub' <Latency = 0> <II = 1> <Delay = 0.73> <FuncUnit> <Opcode : 'add' 'sub'> <InPorts = 2> <OutPorts = 1>
ST_7 : Operation 241 [1/1] (0.00ns)   --->   "%sext_ln1192_16 = sext i8 %add_ln1192_23 to i9" [firmware/myproject.cpp:53]   --->   Operation 241 'sext' 'sext_ln1192_16' <Predicate = true> <Delay = 0.00>
ST_7 : Operation 242 [1/1] (0.70ns)   --->   "%add_ln1192_24 = add i9 %sext_ln1118_30, %sext_ln1192_16" [firmware/myproject.cpp:53]   --->   Operation 242 'add' 'add_ln1192_24' <Predicate = true> <Delay = 0.70> <Core = "AddSub">   --->   Core 14 'AddSub' <Latency = 0> <II = 1> <Delay = 0.73> <FuncUnit> <Opcode : 'add' 'sub'> <InPorts = 2> <OutPorts = 1>
ST_7 : Operation 243 [1/1] (0.00ns)   --->   "%sext_ln1192_17 = sext i9 %add_ln1192_24 to i11" [firmware/myproject.cpp:53]   --->   Operation 243 'sext' 'sext_ln1192_17' <Predicate = true> <Delay = 0.00>
ST_7 : Operation 244 [1/1] (0.72ns)   --->   "%add_ln1192_25 = add i11 %sext_ln1192_13, %sext_ln1192_17" [firmware/myproject.cpp:53]   --->   Operation 244 'add' 'add_ln1192_25' <Predicate = true> <Delay = 0.72> <Core = "AddSub">   --->   Core 14 'AddSub' <Latency = 0> <II = 1> <Delay = 0.73> <FuncUnit> <Opcode : 'add' 'sub'> <InPorts = 2> <OutPorts = 1>
ST_7 : Operation 245 [1/1] (0.00ns)   --->   "%lhs_V_5 = sext i11 %p_Val2_1 to i12" [firmware/myproject.cpp:53]   --->   Operation 245 'sext' 'lhs_V_5' <Predicate = true> <Delay = 0.00>
ST_7 : Operation 246 [1/1] (0.73ns)   --->   "%ret_V_38 = add nsw i12 %lhs_V_5, %rhs_V_6" [firmware/myproject.cpp:53]   --->   Operation 246 'add' 'ret_V_38' <Predicate = true> <Delay = 0.73> <Core = "AddSub">   --->   Core 14 'AddSub' <Latency = 0> <II = 1> <Delay = 0.73> <FuncUnit> <Opcode : 'add' 'sub'> <InPorts = 2> <OutPorts = 1>
ST_7 : Operation 247 [1/1] (0.49ns) (grouped into DSP with root node ret_V_39)   --->   "%r_V_31 = mul i14 %sext_ln1118_17, %sext_ln1118_17" [firmware/myproject.cpp:53]   --->   Operation 247 'mul' 'r_V_31' <Predicate = true> <Delay = 0.49> <Core = "DSP48">   --->   Core 88 'DSP48' <Latency = 0> <II = 1> <Delay = 2.53> <IPBlock> <Opcode : 'mul' 'add' 'sub' 'select'> <InPorts = 2> <OutPorts = 1> <Sync> <CReg>
ST_7 : Operation 248 [1/1] (0.00ns) (grouped into DSP with root node ret_V_39)   --->   "%sext_ln1118_31 = sext i14 %r_V_31 to i18" [firmware/myproject.cpp:53]   --->   Operation 248 'sext' 'sext_ln1118_31' <Predicate = true> <Delay = 0.00>
ST_7 : Operation 249 [1/1] (0.00ns)   --->   "%lhs_V_6 = call i17 @_ssdm_op_BitConcatenate.i17.i12.i5(i12 %ret_V_38, i5 0)" [firmware/myproject.cpp:53]   --->   Operation 249 'bitconcatenate' 'lhs_V_6' <Predicate = true> <Delay = 0.00>
ST_7 : Operation 250 [1/1] (0.00ns)   --->   "%sext_ln728_4 = sext i17 %lhs_V_6 to i18" [firmware/myproject.cpp:53]   --->   Operation 250 'sext' 'sext_ln728_4' <Predicate = true> <Delay = 0.00>
ST_7 : Operation 251 [1/1] (2.03ns) (root node of the DSP)   --->   "%ret_V_39 = add i18 %sext_ln1118_31, %sext_ln728_4" [firmware/myproject.cpp:53]   --->   Operation 251 'add' 'ret_V_39' <Predicate = true> <Delay = 2.03> <Core = "DSP48">   --->   Core 88 'DSP48' <Latency = 0> <II = 1> <Delay = 2.53> <IPBlock> <Opcode : 'mul' 'add' 'sub' 'select'> <InPorts = 2> <OutPorts = 1> <Sync> <CReg>
ST_7 : Operation 252 [1/1] (0.00ns)   --->   "%tmp_6 = call i12 @_ssdm_op_BitConcatenate.i12.i7.i5(i7 %p_Val2_8, i5 0)" [firmware/myproject.cpp:53]   --->   Operation 252 'bitconcatenate' 'tmp_6' <Predicate = true> <Delay = 0.00>
ST_7 : Operation 253 [1/1] (0.00ns)   --->   "%sext_ln1192_19 = sext i12 %tmp_6 to i18" [firmware/myproject.cpp:53]   --->   Operation 253 'sext' 'sext_ln1192_19' <Predicate = true> <Delay = 0.00>
ST_7 : Operation 254 [1/1] (0.00ns) (grouped into TernaryAdder)   --->   "%ret_V_40 = add i18 %ret_V_39, %sext_ln1192_19" [firmware/myproject.cpp:53]   --->   Operation 254 'add' 'ret_V_40' <Predicate = true> <Delay = 0.00> <Core = "TAddSub">   --->   Core 83 'TAddSub' <Latency = 0> <II = 1> <Delay = 0.33> <IPBlock> <Opcode : 'add' 'sub'> <InPorts = 3> <OutPorts = 1> <Sync> <CReg>
ST_7 : Operation 255 [1/1] (0.68ns) (root node of TernaryAdder)   --->   "%ret_V_19 = add i18 %ret_V_40, -3808" [firmware/myproject.cpp:53]   --->   Operation 255 'add' 'ret_V_19' <Predicate = true> <Delay = 0.68> <Core = "TAddSub">   --->   Core 83 'TAddSub' <Latency = 0> <II = 1> <Delay = 0.33> <IPBlock> <Opcode : 'add' 'sub'> <InPorts = 3> <OutPorts = 1> <Sync> <CReg>
ST_7 : Operation 256 [1/4] (2.85ns)   --->   "%p_Val2_10 = call fastcc i7 @"sin_lut<ap_fixed<11, 6, 5, 3, 0> >"(i11 %trunc_ln708_13)" [firmware/myproject.cpp:54]   --->   Operation 256 'call' 'p_Val2_10' <Predicate = true> <Delay = 2.85> <CoreType = "Generic">   --->   Core 0 '' <Latency = 0> <II = 1> <Delay = 1.00> <Generic> <Opcode : >
ST_7 : Operation 257 [1/1] (0.00ns)   --->   "%sext_ln703_7 = sext i7 %p_Val2_10 to i8" [firmware/myproject.cpp:54]   --->   Operation 257 'sext' 'sext_ln703_7' <Predicate = true> <Delay = 0.00>
ST_7 : Operation 258 [1/1] (0.00ns)   --->   "%sext_ln703_8 = sext i7 %p_Val2_7 to i8" [firmware/myproject.cpp:54]   --->   Operation 258 'sext' 'sext_ln703_8' <Predicate = true> <Delay = 0.00>
ST_7 : Operation 259 [1/1] (0.70ns)   --->   "%ret_V_43 = sub i8 %sext_ln703_7, %sext_ln703_8" [firmware/myproject.cpp:54]   --->   Operation 259 'sub' 'ret_V_43' <Predicate = true> <Delay = 0.70> <Core = "AddSub">   --->   Core 14 'AddSub' <Latency = 0> <II = 1> <Delay = 0.73> <FuncUnit> <Opcode : 'add' 'sub'> <InPorts = 2> <OutPorts = 1>
ST_7 : Operation 260 [2/4] (4.33ns)   --->   "%p_0 = call fastcc i7 @"sin_lut<ap_fixed<11, 6, 5, 3, 0> >"(i11 %add_ln703_2)" [firmware/myproject.cpp:54]   --->   Operation 260 'call' 'p_0' <Predicate = true> <Delay = 4.33> <CoreType = "Generic">   --->   Core 0 '' <Latency = 0> <II = 1> <Delay = 1.00> <Generic> <Opcode : >

State 8 <SV = 7> <Delay = 4.06>
ST_8 : Operation 261 [1/1] (0.00ns) (grouped into LUT with out node sub_ln1193_1)   --->   "%shl_ln1193 = shl i24 %r_V_1, 2" [firmware/myproject.cpp:50]   --->   Operation 261 'shl' 'shl_ln1193' <Predicate = true> <Delay = 0.00>
ST_8 : Operation 262 [1/1] (0.83ns) (out node of the LUT)   --->   "%sub_ln1193_1 = sub i24 0, %shl_ln1193" [firmware/myproject.cpp:50]   --->   Operation 262 'sub' 'sub_ln1193_1' <Predicate = true> <Delay = 0.83> <Core = "AddSub">   --->   Core 14 'AddSub' <Latency = 0> <II = 1> <Delay = 0.73> <FuncUnit> <Opcode : 'add' 'sub'> <InPorts = 2> <OutPorts = 1>
ST_8 : Operation 263 [1/1] (0.00ns) (grouped into TernaryAdder)   --->   "%add_ln1193 = add i24 %r_V_1, %sub_ln1193_1" [firmware/myproject.cpp:50]   --->   Operation 263 'add' 'add_ln1193' <Predicate = true> <Delay = 0.00> <Core = "TAddSub">   --->   Core 83 'TAddSub' <Latency = 0> <II = 1> <Delay = 0.33> <IPBlock> <Opcode : 'add' 'sub'> <InPorts = 3> <OutPorts = 1> <Sync> <CReg>
ST_8 : Operation 264 [1/1] (0.70ns) (root node of TernaryAdder)   --->   "%ret_V_1 = add i24 %add_ln1193, 13312" [firmware/myproject.cpp:50]   --->   Operation 264 'add' 'ret_V_1' <Predicate = true> <Delay = 0.70> <Core = "TAddSub">   --->   Core 83 'TAddSub' <Latency = 0> <II = 1> <Delay = 0.33> <IPBlock> <Opcode : 'add' 'sub'> <InPorts = 3> <OutPorts = 1> <Sync> <CReg>
ST_8 : Operation 265 [1/1] (0.00ns)   --->   "%sext_ln700 = sext i24 %ret_V_1 to i36" [firmware/myproject.cpp:50]   --->   Operation 265 'sext' 'sext_ln700' <Predicate = true> <Delay = 0.00>
ST_8 : Operation 266 [1/1] (0.00ns)   --->   "%sext_ln700_1 = sext i14 %ret_V_3 to i36" [firmware/myproject.cpp:50]   --->   Operation 266 'sext' 'sext_ln700_1' <Predicate = true> <Delay = 0.00>
ST_8 : Operation 267 [1/1] (2.53ns) (root node of the DSP)   --->   "%mul_ln700 = mul i36 %sext_ln700_1, %sext_ln700" [firmware/myproject.cpp:50]   --->   Operation 267 'mul' 'mul_ln700' <Predicate = true> <Delay = 2.53> <Core = "DSP48">   --->   Core 88 'DSP48' <Latency = 0> <II = 1> <Delay = 2.53> <IPBlock> <Opcode : 'mul' 'add' 'sub' 'select'> <InPorts = 2> <OutPorts = 1> <Sync> <CReg>
ST_8 : Operation 268 [1/4] (2.85ns)   --->   "%p_Val2_4 = call fastcc i7 @"sin_lut<ap_fixed<11, 6, 5, 3, 0> >"(i11 %trunc_ln708_1)" [firmware/myproject.cpp:50]   --->   Operation 268 'call' 'p_Val2_4' <Predicate = true> <Delay = 2.85> <CoreType = "Generic">   --->   Core 0 '' <Latency = 0> <II = 1> <Delay = 1.00> <Generic> <Opcode : >
ST_8 : Operation 269 [1/1] (0.00ns)   --->   "%sext_ln1192_1 = sext i11 %p_Val2_2 to i12" [firmware/myproject.cpp:50]   --->   Operation 269 'sext' 'sext_ln1192_1' <Predicate = true> <Delay = 0.00>
ST_8 : Operation 270 [1/1] (0.00ns)   --->   "%sext_ln1192_2 = sext i7 %p_Val2_4 to i12" [firmware/myproject.cpp:50]   --->   Operation 270 'sext' 'sext_ln1192_2' <Predicate = true> <Delay = 0.00>
ST_8 : Operation 271 [1/1] (0.00ns) (grouped into TernaryAdder)   --->   "%ret_V_29 = sub i12 %sext_ln1192_2, %sext_ln1192_1" [firmware/myproject.cpp:50]   --->   Operation 271 'sub' 'ret_V_29' <Predicate = true> <Delay = 0.00> <Core = "TAddSub">   --->   Core 83 'TAddSub' <Latency = 0> <II = 1> <Delay = 0.33> <IPBlock> <Opcode : 'add' 'sub'> <InPorts = 3> <OutPorts = 1> <Sync> <CReg>
ST_8 : Operation 272 [1/1] (0.75ns) (root node of TernaryAdder)   --->   "%add_ln1192 = add i12 %ret_V_29, 125" [firmware/myproject.cpp:50]   --->   Operation 272 'add' 'add_ln1192' <Predicate = true> <Delay = 0.75> <Core = "TAddSub">   --->   Core 83 'TAddSub' <Latency = 0> <II = 1> <Delay = 0.33> <IPBlock> <Opcode : 'add' 'sub'> <InPorts = 3> <OutPorts = 1> <Sync> <CReg>
ST_8 : Operation 273 [1/1] (0.00ns)   --->   "%sext_ln1192_5 = sext i16 %r_V_3 to i29" [firmware/myproject.cpp:51]   --->   Operation 273 'sext' 'sext_ln1192_5' <Predicate = true> <Delay = 0.00>
ST_8 : Operation 274 [1/1] (0.00ns)   --->   "%sext_ln1192_6 = sext i12 %add_ln1192_9 to i29" [firmware/myproject.cpp:51]   --->   Operation 274 'sext' 'sext_ln1192_6' <Predicate = true> <Delay = 0.00>
ST_8 : Operation 275 [1/1] (2.53ns) (root node of the DSP)   --->   "%mul_ln1192_2 = mul i29 %sext_ln1192_6, %sext_ln1192_5" [firmware/myproject.cpp:51]   --->   Operation 275 'mul' 'mul_ln1192_2' <Predicate = true> <Delay = 2.53> <Core = "DSP48">   --->   Core 88 'DSP48' <Latency = 0> <II = 1> <Delay = 2.53> <IPBlock> <Opcode : 'mul' 'add' 'sub' 'select'> <InPorts = 2> <OutPorts = 1> <Sync> <CReg>
ST_8 : Operation 276 [1/1] (0.00ns)   --->   "%sext_ln1192_14 = sext i11 %add_ln1192_25 to i26" [firmware/myproject.cpp:53]   --->   Operation 276 'sext' 'sext_ln1192_14' <Predicate = true> <Delay = 0.00>
ST_8 : Operation 277 [1/1] (0.00ns)   --->   "%sext_ln1192_15 = sext i18 %ret_V_19 to i26" [firmware/myproject.cpp:53]   --->   Operation 277 'sext' 'sext_ln1192_15' <Predicate = true> <Delay = 0.00>
ST_8 : Operation 278 [1/1] (0.49ns) (grouped into DSP with root node ret_V_41)   --->   "%mul_ln1192_5 = mul i26 %sext_ln1192_14, %sext_ln1192_15" [firmware/myproject.cpp:53]   --->   Operation 278 'mul' 'mul_ln1192_5' <Predicate = true> <Delay = 0.49> <Core = "DSP48">   --->   Core 88 'DSP48' <Latency = 0> <II = 1> <Delay = 2.53> <IPBlock> <Opcode : 'mul' 'add' 'sub' 'select'> <InPorts = 2> <OutPorts = 1> <Sync> <CReg>
ST_8 : Operation 279 [1/1] (2.03ns) (root node of the DSP)   --->   "%ret_V_41 = add i26 %mul_ln1192_5, -1015808" [firmware/myproject.cpp:53]   --->   Operation 279 'add' 'ret_V_41' <Predicate = true> <Delay = 2.03> <Core = "DSP48">   --->   Core 88 'DSP48' <Latency = 0> <II = 1> <Delay = 2.53> <IPBlock> <Opcode : 'mul' 'add' 'sub' 'select'> <InPorts = 2> <OutPorts = 1> <Sync> <CReg>
ST_8 : Operation 280 [1/1] (0.00ns)   --->   "%trunc_ln708_10 = call i11 @_ssdm_op_PartSelect.i11.i26.i32.i32(i26 %ret_V_41, i32 15, i32 25)" [firmware/myproject.cpp:53]   --->   Operation 280 'partselect' 'trunc_ln708_10' <Predicate = true> <Delay = 0.00>
ST_8 : Operation 281 [1/1] (0.00ns)   --->   "%sext_ln1253 = sext i7 %p_Val2_9 to i8" [firmware/myproject.cpp:54]   --->   Operation 281 'sext' 'sext_ln1253' <Predicate = true> <Delay = 0.00>
ST_8 : Operation 282 [1/1] (0.70ns)   --->   "%r_V_33 = sub i8 0, %sext_ln1253" [firmware/myproject.cpp:54]   --->   Operation 282 'sub' 'r_V_33' <Predicate = true> <Delay = 0.70> <Core = "AddSub">   --->   Core 14 'AddSub' <Latency = 0> <II = 1> <Delay = 0.73> <FuncUnit> <Opcode : 'add' 'sub'> <InPorts = 2> <OutPorts = 1>
ST_8 : Operation 283 [1/1] (0.00ns)   --->   "%sext_ln1116_2 = sext i7 %p_2 to i14" [firmware/myproject.cpp:54]   --->   Operation 283 'sext' 'sext_ln1116_2' <Predicate = true> <Delay = 0.00>
ST_8 : Operation 284 [1/1] (1.27ns)   --->   "%r_V_34 = mul i14 %sext_ln1116_2, %sext_ln1116_2" [firmware/myproject.cpp:54]   --->   Operation 284 'mul' 'r_V_34' <Predicate = true> <Delay = 1.27> <Core = "Mul">   --->   Core 16 'Mul' <Latency = 0> <II = 1> <Delay = 3.09> <FuncUnit> <Opcode : 'mul'> <InPorts = 2> <OutPorts = 1>
ST_8 : Operation 285 [1/1] (0.00ns)   --->   "%sext_ln1118_33 = sext i14 %r_V_34 to i15" [firmware/myproject.cpp:54]   --->   Operation 285 'sext' 'sext_ln1118_33' <Predicate = true> <Delay = 0.00>
ST_8 : Operation 286 [1/1] (0.00ns)   --->   "%tmp_11 = call i13 @_ssdm_op_BitConcatenate.i13.i8.i5(i8 %r_V_33, i5 0)" [firmware/myproject.cpp:54]   --->   Operation 286 'bitconcatenate' 'tmp_11' <Predicate = true> <Delay = 0.00>
ST_8 : Operation 287 [1/1] (0.00ns)   --->   "%sext_ln700_3 = sext i13 %tmp_11 to i15" [firmware/myproject.cpp:54]   --->   Operation 287 'sext' 'sext_ln700_3' <Predicate = true> <Delay = 0.00>
ST_8 : Operation 288 [1/1] (0.00ns) (grouped into DSP with root node mul_ln1192_7)   --->   "%ret_V_21 = add i15 %sext_ln1118_33, %sext_ln700_3" [firmware/myproject.cpp:54]   --->   Operation 288 'add' 'ret_V_21' <Predicate = true> <Delay = 0.00> <Core = "DSP48">   --->   Core 88 'DSP48' <Latency = 0> <II = 1> <Delay = 2.53> <IPBlock> <Opcode : 'mul' 'add' 'sub' 'select'> <InPorts = 2> <OutPorts = 1> <Sync> <CReg>
ST_8 : Operation 289 [1/1] (0.00ns)   --->   "%sext_ln703_9 = sext i8 %ret_V_43 to i9" [firmware/myproject.cpp:54]   --->   Operation 289 'sext' 'sext_ln703_9' <Predicate = true> <Delay = 0.00>
ST_8 : Operation 290 [1/1] (0.70ns)   --->   "%ret_V_25 = add i9 %sext_ln703_9, 7" [firmware/myproject.cpp:54]   --->   Operation 290 'add' 'ret_V_25' <Predicate = true> <Delay = 0.70> <Core = "AddSub">   --->   Core 14 'AddSub' <Latency = 0> <II = 1> <Delay = 0.73> <FuncUnit> <Opcode : 'add' 'sub'> <InPorts = 2> <OutPorts = 1>
ST_8 : Operation 291 [1/1] (0.00ns) (grouped into DSP with root node mul_ln1192_7)   --->   "%sext_ln1192_20 = sext i15 %ret_V_21 to i24" [firmware/myproject.cpp:54]   --->   Operation 291 'sext' 'sext_ln1192_20' <Predicate = true> <Delay = 0.00>
ST_8 : Operation 292 [1/1] (0.00ns)   --->   "%sext_ln1192_21 = sext i9 %ret_V_25 to i24" [firmware/myproject.cpp:54]   --->   Operation 292 'sext' 'sext_ln1192_21' <Predicate = true> <Delay = 0.00>
ST_8 : Operation 293 [1/1] (2.53ns) (root node of the DSP)   --->   "%mul_ln1192_7 = mul i24 %sext_ln1192_21, %sext_ln1192_20" [firmware/myproject.cpp:54]   --->   Operation 293 'mul' 'mul_ln1192_7' <Predicate = true> <Delay = 2.53> <Core = "DSP48">   --->   Core 88 'DSP48' <Latency = 0> <II = 1> <Delay = 2.53> <IPBlock> <Opcode : 'mul' 'add' 'sub' 'select'> <InPorts = 2> <OutPorts = 1> <Sync> <CReg>
ST_8 : Operation 294 [1/4] (2.85ns)   --->   "%p_0 = call fastcc i7 @"sin_lut<ap_fixed<11, 6, 5, 3, 0> >"(i11 %add_ln703_2)" [firmware/myproject.cpp:54]   --->   Operation 294 'call' 'p_0' <Predicate = true> <Delay = 2.85> <CoreType = "Generic">   --->   Core 0 '' <Latency = 0> <II = 1> <Delay = 1.00> <Generic> <Opcode : >

State 9 <SV = 8> <Delay = 3.99>
ST_9 : Operation 295 [1/1] (0.00ns)   --->   "call void (...)* @_ssdm_op_SpecBitsMap(i11* %y_4_V), !map !197"   --->   Operation 295 'specbitsmap' <Predicate = true> <Delay = 0.00>
ST_9 : Operation 296 [1/1] (0.00ns)   --->   "call void (...)* @_ssdm_op_SpecBitsMap(i11* %y_3_V), !map !203"   --->   Operation 296 'specbitsmap' <Predicate = true> <Delay = 0.00>
ST_9 : Operation 297 [1/1] (0.00ns)   --->   "call void (...)* @_ssdm_op_SpecBitsMap(i11* %y_2_V), !map !209"   --->   Operation 297 'specbitsmap' <Predicate = true> <Delay = 0.00>
ST_9 : Operation 298 [1/1] (0.00ns)   --->   "call void (...)* @_ssdm_op_SpecBitsMap(i11* %y_1_V), !map !215"   --->   Operation 298 'specbitsmap' <Predicate = true> <Delay = 0.00>
ST_9 : Operation 299 [1/1] (0.00ns)   --->   "call void (...)* @_ssdm_op_SpecBitsMap(i11* %y_0_V), !map !221"   --->   Operation 299 'specbitsmap' <Predicate = true> <Delay = 0.00>
ST_9 : Operation 300 [1/1] (0.00ns)   --->   "call void (...)* @_ssdm_op_SpecBitsMap(i176* %x_V), !map !227"   --->   Operation 300 'specbitsmap' <Predicate = true> <Delay = 0.00>
ST_9 : Operation 301 [1/1] (0.00ns)   --->   "call void (...)* @_ssdm_op_SpecTopModule([10 x i8]* @myproject_str) nounwind"   --->   Operation 301 'spectopmodule' <Predicate = true> <Delay = 0.00>
ST_9 : Operation 302 [1/1] (0.00ns)   --->   "call void (...)* @_ssdm_op_SpecInterface(i176* %x_V, [7 x i8]* @p_str2, i32 0, i32 0, [1 x i8]* @p_str1, i32 0, i32 0, [1 x i8]* @p_str1, [1 x i8]* @p_str1, [1 x i8]* @p_str1, i32 0, i32 0, i32 0, i32 0, [1 x i8]* @p_str1, [1 x i8]* @p_str1) nounwind"   --->   Operation 302 'specinterface' <Predicate = true> <Delay = 0.00>
ST_9 : Operation 303 [1/1] (0.00ns)   --->   "call void (...)* @_ssdm_op_SpecInterface(i11* %y_0_V, i11* %y_1_V, i11* %y_2_V, i11* %y_3_V, i11* %y_4_V, [7 x i8]* @p_str2, i32 0, i32 0, [1 x i8]* @p_str1, i32 0, i32 0, [1 x i8]* @p_str1, [1 x i8]* @p_str1, [1 x i8]* @p_str1, i32 0, i32 0, i32 0, i32 0, [1 x i8]* @p_str1, [1 x i8]* @p_str1) nounwind" [firmware/myproject.cpp:32]   --->   Operation 303 'specinterface' <Predicate = true> <Delay = 0.00>
ST_9 : Operation 304 [1/1] (0.00ns)   --->   "call void (...)* @_ssdm_op_SpecPipeline(i32 -1, i32 1, i32 1, i32 0, [1 x i8]* @p_str1) nounwind" [firmware/myproject.cpp:33]   --->   Operation 304 'specpipeline' <Predicate = true> <Delay = 0.00>
ST_9 : Operation 305 [1/1] (0.00ns)   --->   "%sext_ln700_2 = sext i12 %add_ln1192 to i36" [firmware/myproject.cpp:50]   --->   Operation 305 'sext' 'sext_ln700_2' <Predicate = true> <Delay = 0.00>
ST_9 : Operation 306 [1/1] (3.07ns)   --->   "%mul_ln700_1 = mul i36 %sext_ln700_2, %mul_ln700" [firmware/myproject.cpp:50]   --->   Operation 306 'mul' 'mul_ln700_1' <Predicate = true> <Delay = 3.07> <Core = "Mul">   --->   Core 16 'Mul' <Latency = 0> <II = 1> <Delay = 3.09> <FuncUnit> <Opcode : 'mul'> <InPorts = 2> <OutPorts = 1>
ST_9 : Operation 307 [1/1] (0.00ns)   --->   "%tmp_7 = call i32 @_ssdm_op_BitConcatenate.i32.i7.i25(i7 %p_Val2_5, i25 0)" [firmware/myproject.cpp:50]   --->   Operation 307 'bitconcatenate' 'tmp_7' <Predicate = true> <Delay = 0.00>
ST_9 : Operation 308 [1/1] (0.00ns)   --->   "%rhs_V = sext i32 %tmp_7 to i36" [firmware/myproject.cpp:50]   --->   Operation 308 'sext' 'rhs_V' <Predicate = true> <Delay = 0.00>
ST_9 : Operation 309 [1/1] (0.92ns)   --->   "%ret_V_31 = sub i36 %mul_ln700_1, %rhs_V" [firmware/myproject.cpp:50]   --->   Operation 309 'sub' 'ret_V_31' <Predicate = true> <Delay = 0.92> <Core = "AddSub">   --->   Core 14 'AddSub' <Latency = 0> <II = 1> <Delay = 0.73> <FuncUnit> <Opcode : 'add' 'sub'> <InPorts = 2> <OutPorts = 1>
ST_9 : Operation 310 [1/1] (0.00ns)   --->   "%trunc_ln708_3 = call i11 @_ssdm_op_PartSelect.i11.i36.i32.i32(i36 %ret_V_31, i32 25, i32 35)" [firmware/myproject.cpp:50]   --->   Operation 310 'partselect' 'trunc_ln708_3' <Predicate = true> <Delay = 0.00>
ST_9 : Operation 311 [1/1] (0.00ns)   --->   "call void @_ssdm_op_Write.ap_vld.i11P(i11* %y_0_V, i11 %trunc_ln708_3)" [firmware/myproject.cpp:50]   --->   Operation 311 'write' <Predicate = true> <Delay = 0.00>
ST_9 : Operation 312 [1/1] (0.00ns)   --->   "%sext_ln1192_7 = sext i29 %mul_ln1192_2 to i31" [firmware/myproject.cpp:51]   --->   Operation 312 'sext' 'sext_ln1192_7' <Predicate = true> <Delay = 0.00>
ST_9 : Operation 313 [1/1] (0.00ns)   --->   "%sext_ln1192_8 = sext i7 %p_6 to i31" [firmware/myproject.cpp:51]   --->   Operation 313 'sext' 'sext_ln1192_8' <Predicate = true> <Delay = 0.00>
ST_9 : Operation 314 [1/1] (2.87ns)   --->   "%mul_ln1192_3 = mul i31 %sext_ln1192_8, %sext_ln1192_7" [firmware/myproject.cpp:51]   --->   Operation 314 'mul' 'mul_ln1192_3' <Predicate = true> <Delay = 2.87> <Core = "Mul">   --->   Core 16 'Mul' <Latency = 0> <II = 1> <Delay = 3.09> <FuncUnit> <Opcode : 'mul'> <InPorts = 2> <OutPorts = 1>
ST_9 : Operation 315 [1/1] (0.87ns)   --->   "%ret_V_33 = add i31 %mul_ln1192_3, -29360128" [firmware/myproject.cpp:51]   --->   Operation 315 'add' 'ret_V_33' <Predicate = true> <Delay = 0.87> <Core = "AddSub">   --->   Core 14 'AddSub' <Latency = 0> <II = 1> <Delay = 0.73> <FuncUnit> <Opcode : 'add' 'sub'> <InPorts = 2> <OutPorts = 1>
ST_9 : Operation 316 [1/1] (0.00ns)   --->   "%trunc_ln708_6 = call i11 @_ssdm_op_PartSelect.i11.i31.i32.i32(i31 %ret_V_33, i32 20, i32 30)" [firmware/myproject.cpp:51]   --->   Operation 316 'partselect' 'trunc_ln708_6' <Predicate = true> <Delay = 0.00>
ST_9 : Operation 317 [1/1] (0.00ns)   --->   "call void @_ssdm_op_Write.ap_vld.i11P(i11* %y_1_V, i11 %trunc_ln708_6)" [firmware/myproject.cpp:51]   --->   Operation 317 'write' <Predicate = true> <Delay = 0.00>
ST_9 : Operation 318 [1/1] (0.00ns)   --->   "call void @_ssdm_op_Write.ap_vld.i11P(i11* %y_2_V, i11 %trunc_ln708_9)" [firmware/myproject.cpp:52]   --->   Operation 318 'write' <Predicate = true> <Delay = 0.00>
ST_9 : Operation 319 [1/1] (0.00ns)   --->   "call void @_ssdm_op_Write.ap_vld.i11P(i11* %y_3_V, i11 %trunc_ln708_10)" [firmware/myproject.cpp:53]   --->   Operation 319 'write' <Predicate = true> <Delay = 0.00>
ST_9 : Operation 320 [1/1] (0.00ns)   --->   "%sext_ln1192_22 = sext i24 %mul_ln1192_7 to i26" [firmware/myproject.cpp:54]   --->   Operation 320 'sext' 'sext_ln1192_22' <Predicate = true> <Delay = 0.00>
ST_9 : Operation 321 [1/1] (0.00ns)   --->   "%sext_ln1192_18 = sext i7 %p_0 to i26" [firmware/myproject.cpp:54]   --->   Operation 321 'sext' 'sext_ln1192_18' <Predicate = true> <Delay = 0.00>
ST_9 : Operation 322 [1/1] (0.49ns) (grouped into DSP with root node ret_V_44)   --->   "%mul_ln1192_8 = mul i26 %sext_ln1192_18, %sext_ln1192_22" [firmware/myproject.cpp:54]   --->   Operation 322 'mul' 'mul_ln1192_8' <Predicate = true> <Delay = 0.49> <Core = "DSP48">   --->   Core 88 'DSP48' <Latency = 0> <II = 1> <Delay = 2.53> <IPBlock> <Opcode : 'mul' 'add' 'sub' 'select'> <InPorts = 2> <OutPorts = 1> <Sync> <CReg>
ST_9 : Operation 323 [1/1] (2.03ns) (root node of the DSP)   --->   "%ret_V_44 = add i26 %mul_ln1192_8, -917504" [firmware/myproject.cpp:54]   --->   Operation 323 'add' 'ret_V_44' <Predicate = true> <Delay = 2.03> <Core = "DSP48">   --->   Core 88 'DSP48' <Latency = 0> <II = 1> <Delay = 2.53> <IPBlock> <Opcode : 'mul' 'add' 'sub' 'select'> <InPorts = 2> <OutPorts = 1> <Sync> <CReg>
ST_9 : Operation 324 [1/1] (0.00ns)   --->   "%trunc_ln708_15 = call i11 @_ssdm_op_PartSelect.i11.i26.i32.i32(i26 %ret_V_44, i32 15, i32 25)" [firmware/myproject.cpp:54]   --->   Operation 324 'partselect' 'trunc_ln708_15' <Predicate = true> <Delay = 0.00>
ST_9 : Operation 325 [1/1] (0.00ns)   --->   "call void @_ssdm_op_Write.ap_vld.i11P(i11* %y_4_V, i11 %trunc_ln708_15)" [firmware/myproject.cpp:54]   --->   Operation 325 'write' <Predicate = true> <Delay = 0.00>
ST_9 : Operation 326 [1/1] (0.00ns)   --->   "ret void" [firmware/myproject.cpp:56]   --->   Operation 326 'ret' <Predicate = true> <Delay = 0.00>


============================================================
+ Verbose Summary: Timing violations
============================================================
Target clock period: 5ns, clock uncertainty: 0.625ns.

 <State 1>: 2.53ns
The critical path consists of the following:
	wire read on port 'x_V' (firmware/myproject.cpp:50) [21]  (0 ns)
	'mul' operation of DSP[193] ('mul_ln700_2', firmware/myproject.cpp:53) [193]  (2.53 ns)

 <State 2>: 3.99ns
The critical path consists of the following:
	'add' operation ('r.V', firmware/myproject.cpp:52) [162]  (0.775 ns)
	'sub' operation ('ret.V', firmware/myproject.cpp:52) [170]  (0 ns)
	'add' operation ('add_ln1192_15', firmware/myproject.cpp:52) [171]  (0.678 ns)
	'mul' operation of DSP[173] ('mul_ln1118', firmware/myproject.cpp:52) [173]  (2.53 ns)

 <State 3>: 4.34ns
The critical path consists of the following:
	'call' operation ('p_5', firmware/myproject.cpp:51) to 'sin_lut<ap_fixed<11, 6, 5, 3, 0> >' [99]  (4.34 ns)

 <State 4>: 4.34ns
The critical path consists of the following:
	'call' operation ('p_s', firmware/myproject.cpp:50) to 'sin_lut<ap_fixed<11, 6, 5, 3, 0> >' [38]  (4.34 ns)

 <State 5>: 4.34ns
The critical path consists of the following:
	'call' operation ('p_s', firmware/myproject.cpp:50) to 'sin_lut<ap_fixed<11, 6, 5, 3, 0> >' [38]  (4.34 ns)

 <State 6>: 4.34ns
The critical path consists of the following:
	'call' operation ('p_Val2_4', firmware/myproject.cpp:50) to 'sin_lut<ap_fixed<11, 6, 5, 3, 0> >' [54]  (4.34 ns)

 <State 7>: 4.34ns
The critical path consists of the following:
	'call' operation ('p_Val2_4', firmware/myproject.cpp:50) to 'sin_lut<ap_fixed<11, 6, 5, 3, 0> >' [54]  (4.34 ns)

 <State 8>: 4.07ns
The critical path consists of the following:
	'shl' operation ('shl_ln1193', firmware/myproject.cpp:50) [27]  (0 ns)
	'sub' operation ('sub_ln1193_1', firmware/myproject.cpp:50) [28]  (0.833 ns)
	'add' operation ('add_ln1193', firmware/myproject.cpp:50) [29]  (0 ns)
	'add' operation ('ret.V', firmware/myproject.cpp:50) [30]  (0.703 ns)
	'mul' operation of DSP[44] ('mul_ln700', firmware/myproject.cpp:50) [44]  (2.53 ns)

 <State 9>: 3.99ns
The critical path consists of the following:
	'mul' operation ('mul_ln700_1', firmware/myproject.cpp:50) [60]  (3.07 ns)
	'sub' operation ('ret.V', firmware/myproject.cpp:50) [77]  (0.922 ns)


============================================================
+ Verbose Summary: Binding
============================================================
N/A
* FSMD analyzer results:
  - Output states:
 - Input state : 
  - Chain level:
	State 1
	State 2
	State 3
	State 4
	State 5
	State 6
	State 7
	State 8
	State 9


============================================================
+ Verbose Summary: Datapath Resource usage 
============================================================
N/A
