

================================================================
== Vivado HLS Report for 'myproject'
================================================================
* Date:           Thu Feb 23 14:54:34 2023

* Version:        2020.1 (Build 2897737 on Wed May 27 20:21:37 MDT 2020)
* Project:        myproject_prj
* Solution:       solution1
* Product family: virtexuplus
* Target device:  xcvu9p-flga2577-2-e


================================================================
== Performance Estimates
================================================================
+ Timing: 
    * Summary: 
    +--------+---------+----------+------------+
    |  Clock |  Target | Estimated| Uncertainty|
    +--------+---------+----------+------------+
    |ap_clk  | 5.00 ns | 4.069 ns |   0.62 ns  |
    +--------+---------+----------+------------+

+ Latency: 
    * Summary: 
    +---------+---------+-----------+-----------+-----+-----+----------+
    |  Latency (cycles) |   Latency (absolute)  |  Interval | Pipeline |
    |   min   |   max   |    min    |    max    | min | max |   Type   |
    +---------+---------+-----------+-----------+-----+-----+----------+
    |        2|        2| 10.000 ns | 10.000 ns |    1|    1| function |
    +---------+---------+-----------+-----------+-----+-----+----------+

    + Detail: 
        * Instance: 
        N/A

        * Loop: 
        N/A



================================================================
== Utilization Estimates
================================================================
* Summary: 
+---------------------+---------+-------+---------+---------+-----+
|         Name        | BRAM_18K| DSP48E|    FF   |   LUT   | URAM|
+---------------------+---------+-------+---------+---------+-----+
|DSP                  |        -|      5|        -|        -|    -|
|Expression           |        -|      2|        0|      394|    -|
|FIFO                 |        -|      -|        -|        -|    -|
|Instance             |        -|      -|        -|        -|    -|
|Memory               |        -|      -|        -|        -|    -|
|Multiplexer          |        -|      -|        -|       36|    -|
|Register             |        -|      -|      324|        -|    -|
+---------------------+---------+-------+---------+---------+-----+
|Total                |        0|      7|      324|      430|    0|
+---------------------+---------+-------+---------+---------+-----+
|Available SLR        |     1440|   2280|   788160|   394080|  320|
+---------------------+---------+-------+---------+---------+-----+
|Utilization SLR (%)  |        0|   ~0  |    ~0   |    ~0   |    0|
+---------------------+---------+-------+---------+---------+-----+
|Available            |     4320|   6840|  2364480|  1182240|  960|
+---------------------+---------+-------+---------+---------+-----+
|Utilization (%)      |        0|   ~0  |    ~0   |    ~0   |    0|
+---------------------+---------+-------+---------+---------+-----+

+ Detail: 
    * Instance: 
    N/A

    * DSP48E: 
    +---------------------------------------------------+------------------------------------------------+-----------------------+
    |                      Instance                     |                     Module                     |       Expression      |
    +---------------------------------------------------+------------------------------------------------+-----------------------+
    |myproject_am_addmul_11s_6s_24_1_1_U1               |myproject_am_addmul_11s_6s_24_1_1               | (i0 + i1) * (i0 + i1) |
    |myproject_ama_addmuladd_17s_13s_10s_21s_26_1_1_U4  |myproject_ama_addmuladd_17s_13s_10s_21s_26_1_1  |  (i0 + i1) * i2 + i3  |
    |myproject_ama_addmulsub_15s_11s_14s_25s_26_1_1_U3  |myproject_ama_addmulsub_15s_11s_14s_25s_26_1_1  |  i0 - i1 * (i2 + i3)  |
    |myproject_mac_muladd_12s_19s_26s_29_1_1_U2         |myproject_mac_muladd_12s_19s_26s_29_1_1         |      i0 * i1 + i2     |
    |myproject_mul_mul_24s_11ns_35_1_1_U5               |myproject_mul_mul_24s_11ns_35_1_1               |        i0 * i1        |
    +---------------------------------------------------+------------------------------------------------+-----------------------+

    * Memory: 
    N/A

    * FIFO: 
    N/A

    * Expression: 
    +----------------------------------+----------+-------+---+----+------------+------------+
    |           Variable Name          | Operation| DSP48E| FF| LUT| Bitwidth P0| Bitwidth P1|
    +----------------------------------+----------+-------+---+----+------------+------------+
    |mul_ln700_1_fu_444_p2             |     *    |      2|  0|  23|          35|          12|
    |add_ln1192_2_fu_222_p2            |     +    |      0|  0|  19|          12|          10|
    |add_ln1192_4_fu_297_p2            |     +    |      0|  0|  26|          14|           8|
    |add_ln1192_5_fu_345_p2            |     +    |      0|  0|  26|          26|          26|
    |add_ln1192_fu_432_p2              |     +    |      0|  0|  26|          12|           7|
    |add_ln1193_fu_408_p2              |     +    |      0|  0|  26|          24|          24|
    |r_V_8_fu_331_p2                   |     +    |      0|  0|  23|          16|          16|
    |ret_V_10_fu_450_p2                |     +    |      0|  0|  43|          36|          30|
    |ret_V_12_fu_350_p2                |     +    |      0|  0|  26|          26|          22|
    |ret_V_13_fu_370_p2                |     +    |      0|  0|  19|          12|          12|
    |ret_V_1_fu_413_p2                 |     +    |      0|  0|  26|          24|          14|
    |r_V_6_fu_253_p2                   |     -    |      0|  0|  22|           1|          15|
    |r_V_7_fu_291_p2                   |     -    |      0|  0|  26|          14|          14|
    |ret_V_9_fu_426_p2                 |     -    |      0|  0|  26|           6|          12|
    |sub_ln1193_1_fu_402_p2            |     -    |      0|  0|  31|           1|          24|
    |ap_block_pp0_stage0_01001         |    and   |      0|  0|   2|           1|           1|
    |ap_block_state1_pp0_stage0_iter0  |    or    |      0|  0|   2|           1|           1|
    |ap_enable_pp0                     |    xor   |      0|  0|   2|           1|           2|
    +----------------------------------+----------+-------+---+----+------------+------------+
    |Total                             |          |      2|  0| 394|         262|         250|
    +----------------------------------+----------+-------+---+----+------------+------------+

    * Multiplexer: 
    +-------------------+----+-----------+-----+-----------+
    |        Name       | LUT| Input Size| Bits| Total Bits|
    +-------------------+----+-----------+-----+-----------+
    |x_V_ap_vld_in_sig  |   9|          2|    1|          2|
    |x_V_ap_vld_preg    |   9|          2|    1|          2|
    |x_V_blk_n          |   9|          2|    1|          2|
    |x_V_in_sig         |   9|          2|  176|        352|
    +-------------------+----+-----------+-----+-----------+
    |Total              |  36|          8|  179|        358|
    +-------------------+----+-----------+-----+-----------+

    * Register: 
    +-------------------------------------+-----+----+-----+-----------+
    |                 Name                |  FF | LUT| Bits| Const Bits|
    +-------------------------------------+-----+----+-----+-----------+
    |add_ln1192_reg_545                   |   12|   0|   12|          0|
    |ap_CS_fsm                            |    1|   0|    1|          0|
    |ap_enable_reg_pp0_iter1              |    1|   0|    1|          0|
    |ap_enable_reg_pp0_iter2              |    1|   0|    1|          0|
    |mul_ln700_reg_540                    |   35|   0|   35|          0|
    |p_Val2_2_reg_520                     |   11|   0|   11|          0|
    |r_V_1_reg_514                        |   24|   0|   24|          0|
    |tmp_reg_525                          |    9|   0|    9|          0|
    |tmp_reg_525_pp0_iter1_reg            |    9|   0|    9|          0|
    |trunc_ln708_9_reg_530                |   11|   0|   11|          0|
    |trunc_ln708_9_reg_530_pp0_iter1_reg  |   11|   0|   11|          0|
    |trunc_ln708_s_reg_535                |   11|   0|   11|          0|
    |trunc_ln708_s_reg_535_pp0_iter1_reg  |   11|   0|   11|          0|
    |x_V_ap_vld_preg                      |    1|   0|    1|          0|
    |x_V_preg                             |  176|   0|  176|          0|
    +-------------------------------------+-----+----+-----+-----------+
    |Total                                |  324|   0|  324|          0|
    +-------------------------------------+-----+----+-----+-----------+



================================================================
== Interface
================================================================
* Summary: 
+--------------+-----+-----+------------+--------------+--------------+
|   RTL Ports  | Dir | Bits|  Protocol  | Source Object|    C Type    |
+--------------+-----+-----+------------+--------------+--------------+
|ap_clk        |  in |    1| ap_ctrl_hs |   myproject  | return value |
|ap_rst        |  in |    1| ap_ctrl_hs |   myproject  | return value |
|ap_start      |  in |    1| ap_ctrl_hs |   myproject  | return value |
|ap_done       | out |    1| ap_ctrl_hs |   myproject  | return value |
|ap_idle       | out |    1| ap_ctrl_hs |   myproject  | return value |
|ap_ready      | out |    1| ap_ctrl_hs |   myproject  | return value |
|x_V_ap_vld    |  in |    1|   ap_vld   |      x_V     |    pointer   |
|x_V           |  in |  176|   ap_vld   |      x_V     |    pointer   |
|y_0_V         | out |   11|   ap_vld   |     y_0_V    |    pointer   |
|y_0_V_ap_vld  | out |    1|   ap_vld   |     y_0_V    |    pointer   |
|y_1_V         | out |   11|   ap_vld   |     y_1_V    |    pointer   |
|y_1_V_ap_vld  | out |    1|   ap_vld   |     y_1_V    |    pointer   |
|y_2_V         | out |   11|   ap_vld   |     y_2_V    |    pointer   |
|y_2_V_ap_vld  | out |    1|   ap_vld   |     y_2_V    |    pointer   |
|y_3_V         | out |   11|   ap_vld   |     y_3_V    |    pointer   |
|y_3_V_ap_vld  | out |    1|   ap_vld   |     y_3_V    |    pointer   |
|y_4_V         | out |   11|   ap_vld   |     y_4_V    |    pointer   |
|y_4_V_ap_vld  | out |    1|   ap_vld   |     y_4_V    |    pointer   |
+--------------+-----+-----+------------+--------------+--------------+

