

================================================================
== Vivado HLS Report for 'cordic_circ_apfixed_13_3_0_s'
================================================================
* Date:           Thu Feb 23 14:28:55 2023

* Version:        2020.1 (Build 2897737 on Wed May 27 20:21:37 MDT 2020)
* Project:        myproject_prj
* Solution:       solution1
* Product family: virtexuplus
* Target device:  xcvu9p-flga2577-2-e


================================================================
== Performance Estimates
================================================================
+ Timing: 
    * Summary: 
    +--------+---------+----------+------------+
    |  Clock |  Target | Estimated| Uncertainty|
    +--------+---------+----------+------------+
    |ap_clk  | 5.00 ns | 4.171 ns |   0.62 ns  |
    +--------+---------+----------+------------+

+ Latency: 
    * Summary: 
    +---------+---------+-----------+-----------+-----+-----+----------+
    |  Latency (cycles) |   Latency (absolute)  |  Interval | Pipeline |
    |   min   |   max   |    min    |    max    | min | max |   Type   |
    +---------+---------+-----------+-----------+-----+-----+----------+
    |        3|        3| 15.000 ns | 15.000 ns |    1|    1| function |
    +---------+---------+-----------+-----------+-----+-----+----------+

    + Detail: 
        * Instance: 
        N/A

        * Loop: 
        N/A

============================================================
+ Verbose Summary: Synthesis Manager
============================================================
InlineROM: 1
ExposeGlobal: 0
============================================================
+ Verbose Summary: CDFG Model
============================================================
IsTopModel: 0
ResetActiveHigh: 1
IsCombinational: 0
IsDatapathOnly: 0
HasWiredReturn: 1
HasMFsm: 2
HasVarLatency: 0
IsPipeline: 1
IsRtlPipelined: 1
IsInstanceOverlapped: 0
IsDontTouch: 0
HasImplIP: 0
IsGatedGlobalClock: 0

+ Individual pipeline summary: 
  * Pipeline-0: initiation interval (II) = 1, depth = 4


============================================================
+ Verbose Summary: Schedule
============================================================
* Number of FSM states : 4
* Pipeline : 1
  Pipeline-0 : II = 1, D = 4, States = { 1 2 3 4 }
* Dataflow Pipeline: 0

* FSM state transitions: 
1 --> 2 
2 --> 3 
3 --> 4 
4 --> 

* FSM state operations: 

State 1 <SV = 0> <Delay = 4.17>
ST_1 : Operation 5 [1/1] (0.00ns)   --->   "%z_V_read_1 = call i12 @_ssdm_op_Read.ap_auto.i12(i12 %z_V_read)"   --->   Operation 5 'read' 'z_V_read_1' <Predicate = true> <Delay = 0.00>
ST_1 : Operation 6 [1/1] (0.00ns) (grouped into LUT with out node add_ln101)   --->   "%z_V_read_cast = sext i12 %z_V_read_1 to i13"   --->   Operation 6 'sext' 'z_V_read_cast' <Predicate = true> <Delay = 0.00>
ST_1 : Operation 7 [1/1] (0.00ns)   --->   "%tmp = call i1 @_ssdm_op_BitSelect.i1.i12.i32(i12 %z_V_read_1, i32 11)" [/data/tools/Xilinx/Vivado/2020.1/common/technology/autopilot/hls_cordic_apfixed.h:101]   --->   Operation 7 'bitselect' 'tmp' <Predicate = true> <Delay = 0.00>
ST_1 : Operation 8 [1/1] (0.00ns) (grouped into LUT with out node add_ln101)   --->   "%select_ln101_1 = select i1 %tmp, i13 804, i13 -804" [/data/tools/Xilinx/Vivado/2020.1/common/technology/autopilot/hls_cordic_apfixed.h:101]   --->   Operation 8 'select' 'select_ln101_1' <Predicate = true> <Delay = 0.00> <Core = "Sel">   --->   Core 26 'Sel' <Latency = 0> <II = 1> <Delay = 0.32> <FuncUnit> <Opcode : 'select'> <InPorts = 3> <OutPorts = 1>
ST_1 : Operation 9 [1/1] (0.74ns) (out node of the LUT)   --->   "%add_ln101 = add i13 %select_ln101_1, %z_V_read_cast" [/data/tools/Xilinx/Vivado/2020.1/common/technology/autopilot/hls_cordic_apfixed.h:101]   --->   Operation 9 'add' 'add_ln101' <Predicate = true> <Delay = 0.74> <Core = "AddSub">   --->   Core 14 'AddSub' <Latency = 0> <II = 1> <Delay = 0.75> <FuncUnit> <Opcode : 'add' 'sub'> <InPorts = 2> <OutPorts = 1>
ST_1 : Operation 10 [1/1] (0.00ns)   --->   "%tmp_1 = call i1 @_ssdm_op_BitSelect.i1.i13.i32(i13 %add_ln101, i32 12)" [/data/tools/Xilinx/Vivado/2020.1/common/technology/autopilot/hls_cordic_apfixed.h:101]   --->   Operation 10 'bitselect' 'tmp_1' <Predicate = true> <Delay = 0.00>
ST_1 : Operation 11 [1/1] (0.00ns) (grouped into LUT with out node select_ln101_4)   --->   "%select_ln203 = select i1 %tmp, i10 310, i10 -93" [/data/tools/Xilinx/Vivado/2020.1/common/technology/autopilot/hls_cordic_apfixed.h:102]   --->   Operation 11 'select' 'select_ln203' <Predicate = true> <Delay = 0.00> <Core = "Sel">   --->   Core 26 'Sel' <Latency = 0> <II = 1> <Delay = 0.32> <FuncUnit> <Opcode : 'select'> <InPorts = 3> <OutPorts = 1>
ST_1 : Operation 12 [1/1] (0.00ns) (grouped into LUT with out node select_ln101_3)   --->   "%select_ln203_1 = select i1 %tmp, i11 -931, i11 311" [/data/tools/Xilinx/Vivado/2020.1/common/technology/autopilot/hls_cordic_apfixed.h:103]   --->   Operation 12 'select' 'select_ln203_1' <Predicate = true> <Delay = 0.00> <Core = "Sel">   --->   Core 26 'Sel' <Latency = 0> <II = 1> <Delay = 0.32> <FuncUnit> <Opcode : 'select'> <InPorts = 3> <OutPorts = 1>
ST_1 : Operation 13 [1/1] (0.00ns) (grouped into LUT with out node select_ln101_4)   --->   "%select_ln203_2 = select i1 %tmp, i10 -92, i10 311" [/data/tools/Xilinx/Vivado/2020.1/common/technology/autopilot/hls_cordic_apfixed.h:102]   --->   Operation 13 'select' 'select_ln203_2' <Predicate = true> <Delay = 0.00> <Core = "Sel">   --->   Core 26 'Sel' <Latency = 0> <II = 1> <Delay = 0.32> <FuncUnit> <Opcode : 'select'> <InPorts = 3> <OutPorts = 1>
ST_1 : Operation 14 [1/1] (0.00ns) (grouped into LUT with out node select_ln101_3)   --->   "%select_ln203_3 = select i1 %tmp, i11 -311, i11 931" [/data/tools/Xilinx/Vivado/2020.1/common/technology/autopilot/hls_cordic_apfixed.h:103]   --->   Operation 14 'select' 'select_ln203_3' <Predicate = true> <Delay = 0.00> <Core = "Sel">   --->   Core 26 'Sel' <Latency = 0> <II = 1> <Delay = 0.32> <FuncUnit> <Opcode : 'select'> <InPorts = 3> <OutPorts = 1>
ST_1 : Operation 15 [1/1] (0.00ns)   --->   "%tmp_2 = call i1 @_ssdm_op_BitSelect.i1.i13.i32(i13 %add_ln101, i32 12)" [/data/tools/Xilinx/Vivado/2020.1/common/technology/autopilot/hls_cordic_apfixed.h:101]   --->   Operation 15 'bitselect' 'tmp_2' <Predicate = true> <Delay = 0.00>
ST_1 : Operation 16 [1/1] (0.30ns)   --->   "%select_ln101_2 = select i1 %tmp_2, i13 948, i13 0" [/data/tools/Xilinx/Vivado/2020.1/common/technology/autopilot/hls_cordic_apfixed.h:101]   --->   Operation 16 'select' 'select_ln101_2' <Predicate = true> <Delay = 0.30> <Core = "Sel">   --->   Core 26 'Sel' <Latency = 0> <II = 1> <Delay = 0.32> <FuncUnit> <Opcode : 'select'> <InPorts = 3> <OutPorts = 1>
ST_1 : Operation 17 [1/1] (0.00ns) (grouped into TernaryAdder)   --->   "%add_ln101_1 = add i13 -474, %add_ln101" [/data/tools/Xilinx/Vivado/2020.1/common/technology/autopilot/hls_cordic_apfixed.h:101]   --->   Operation 17 'add' 'add_ln101_1' <Predicate = true> <Delay = 0.00> <Core = "TAddSub">   --->   Core 83 'TAddSub' <Latency = 0> <II = 1> <Delay = 0.36> <IPBlock> <Opcode : 'add' 'sub'> <InPorts = 3> <OutPorts = 1> <Sync> <CReg>
ST_1 : Operation 18 [1/1] (0.73ns) (root node of TernaryAdder)   --->   "%add_ln101_2 = add i13 %add_ln101_1, %select_ln101_2" [/data/tools/Xilinx/Vivado/2020.1/common/technology/autopilot/hls_cordic_apfixed.h:101]   --->   Operation 18 'add' 'add_ln101_2' <Predicate = true> <Delay = 0.73> <Core = "TAddSub">   --->   Core 83 'TAddSub' <Latency = 0> <II = 1> <Delay = 0.36> <IPBlock> <Opcode : 'add' 'sub'> <InPorts = 3> <OutPorts = 1> <Sync> <CReg>
ST_1 : Operation 19 [1/1] (0.30ns) (out node of the LUT)   --->   "%select_ln101_3 = select i1 %tmp_1, i11 %select_ln203_1, i11 %select_ln203_3" [/data/tools/Xilinx/Vivado/2020.1/common/technology/autopilot/hls_cordic_apfixed.h:101]   --->   Operation 19 'select' 'select_ln101_3' <Predicate = true> <Delay = 0.30> <Core = "Sel">   --->   Core 26 'Sel' <Latency = 0> <II = 1> <Delay = 0.32> <FuncUnit> <Opcode : 'select'> <InPorts = 3> <OutPorts = 1>
ST_1 : Operation 20 [1/1] (0.00ns)   --->   "%sext_ln101 = sext i11 %select_ln101_3 to i12" [/data/tools/Xilinx/Vivado/2020.1/common/technology/autopilot/hls_cordic_apfixed.h:101]   --->   Operation 20 'sext' 'sext_ln101' <Predicate = true> <Delay = 0.00>
ST_1 : Operation 21 [1/1] (0.30ns) (out node of the LUT)   --->   "%select_ln101_4 = select i1 %tmp_1, i10 %select_ln203, i10 %select_ln203_2" [/data/tools/Xilinx/Vivado/2020.1/common/technology/autopilot/hls_cordic_apfixed.h:101]   --->   Operation 21 'select' 'select_ln101_4' <Predicate = true> <Delay = 0.30> <Core = "Sel">   --->   Core 26 'Sel' <Latency = 0> <II = 1> <Delay = 0.32> <FuncUnit> <Opcode : 'select'> <InPorts = 3> <OutPorts = 1>
ST_1 : Operation 22 [1/1] (0.00ns)   --->   "%zext_ln1333_2 = zext i10 %select_ln101_4 to i11" [/data/tools/Xilinx/Vivado/2020.1/common/technology/autopilot/hls_cordic_apfixed.h:97]   --->   Operation 22 'zext' 'zext_ln1333_2' <Predicate = true> <Delay = 0.00>
ST_1 : Operation 23 [1/1] (0.00ns)   --->   "%lshr_ln = call i8 @_ssdm_op_PartSelect.i8.i10.i32.i32(i10 %select_ln101_4, i32 2, i32 9)" [/data/tools/Xilinx/Vivado/2020.1/common/technology/autopilot/hls_cordic_apfixed.h:97]   --->   Operation 23 'partselect' 'lshr_ln' <Predicate = true> <Delay = 0.00>
ST_1 : Operation 24 [1/1] (0.00ns)   --->   "%zext_ln1333 = zext i8 %lshr_ln to i12" [/data/tools/Xilinx/Vivado/2020.1/common/technology/autopilot/hls_cordic_apfixed.h:98]   --->   Operation 24 'zext' 'zext_ln1333' <Predicate = true> <Delay = 0.00>
ST_1 : Operation 25 [1/1] (0.00ns)   --->   "%tmp_3 = call i9 @_ssdm_op_PartSelect.i9.i11.i32.i32(i11 %select_ln101_3, i32 2, i32 10)" [/data/tools/Xilinx/Vivado/2020.1/common/technology/autopilot/hls_cordic_apfixed.h:101]   --->   Operation 25 'partselect' 'tmp_3' <Predicate = true> <Delay = 0.00>
ST_1 : Operation 26 [1/1] (0.00ns)   --->   "%sext_ln101_1 = sext i9 %tmp_3 to i11" [/data/tools/Xilinx/Vivado/2020.1/common/technology/autopilot/hls_cordic_apfixed.h:101]   --->   Operation 26 'sext' 'sext_ln101_1' <Predicate = true> <Delay = 0.00>
ST_1 : Operation 27 [1/1] (0.00ns)   --->   "%tmp_4 = call i1 @_ssdm_op_BitSelect.i1.i13.i32(i13 %add_ln101_2, i32 12)" [/data/tools/Xilinx/Vivado/2020.1/common/technology/autopilot/hls_cordic_apfixed.h:101]   --->   Operation 27 'bitselect' 'tmp_4' <Predicate = true> <Delay = 0.00>
ST_1 : Operation 28 [1/1] (0.72ns)   --->   "%add_ln203 = add i11 %zext_ln1333_2, %sext_ln101_1" [/data/tools/Xilinx/Vivado/2020.1/common/technology/autopilot/hls_cordic_apfixed.h:102]   --->   Operation 28 'add' 'add_ln203' <Predicate = true> <Delay = 0.72> <Core = "AddSub">   --->   Core 14 'AddSub' <Latency = 0> <II = 1> <Delay = 0.75> <FuncUnit> <Opcode : 'add' 'sub'> <InPorts = 2> <OutPorts = 1>
ST_1 : Operation 29 [1/1] (0.73ns)   --->   "%sub_ln203 = sub i12 %sext_ln101, %zext_ln1333" [/data/tools/Xilinx/Vivado/2020.1/common/technology/autopilot/hls_cordic_apfixed.h:103]   --->   Operation 29 'sub' 'sub_ln203' <Predicate = true> <Delay = 0.73> <Core = "AddSub">   --->   Core 14 'AddSub' <Latency = 0> <II = 1> <Delay = 0.75> <FuncUnit> <Opcode : 'add' 'sub'> <InPorts = 2> <OutPorts = 1>
ST_1 : Operation 30 [1/1] (0.72ns)   --->   "%sub_ln203_1 = sub i11 %zext_ln1333_2, %sext_ln101_1" [/data/tools/Xilinx/Vivado/2020.1/common/technology/autopilot/hls_cordic_apfixed.h:102]   --->   Operation 30 'sub' 'sub_ln203_1' <Predicate = true> <Delay = 0.72> <Core = "AddSub">   --->   Core 14 'AddSub' <Latency = 0> <II = 1> <Delay = 0.75> <FuncUnit> <Opcode : 'add' 'sub'> <InPorts = 2> <OutPorts = 1>
ST_1 : Operation 31 [1/1] (0.73ns)   --->   "%add_ln203_1 = add i12 %sext_ln101, %zext_ln1333" [/data/tools/Xilinx/Vivado/2020.1/common/technology/autopilot/hls_cordic_apfixed.h:103]   --->   Operation 31 'add' 'add_ln203_1' <Predicate = true> <Delay = 0.73> <Core = "AddSub">   --->   Core 14 'AddSub' <Latency = 0> <II = 1> <Delay = 0.75> <FuncUnit> <Opcode : 'add' 'sub'> <InPorts = 2> <OutPorts = 1>
ST_1 : Operation 32 [1/1] (0.00ns)   --->   "%tmp_5 = call i1 @_ssdm_op_BitSelect.i1.i13.i32(i13 %add_ln101_2, i32 12)" [/data/tools/Xilinx/Vivado/2020.1/common/technology/autopilot/hls_cordic_apfixed.h:101]   --->   Operation 32 'bitselect' 'tmp_5' <Predicate = true> <Delay = 0.00>
ST_1 : Operation 33 [1/1] (0.30ns)   --->   "%select_ln101_5 = select i1 %tmp_5, i13 500, i13 0" [/data/tools/Xilinx/Vivado/2020.1/common/technology/autopilot/hls_cordic_apfixed.h:101]   --->   Operation 33 'select' 'select_ln101_5' <Predicate = true> <Delay = 0.30> <Core = "Sel">   --->   Core 26 'Sel' <Latency = 0> <II = 1> <Delay = 0.32> <FuncUnit> <Opcode : 'select'> <InPorts = 3> <OutPorts = 1>
ST_1 : Operation 34 [1/1] (0.00ns) (grouped into TernaryAdder)   --->   "%add_ln101_3 = add i13 -250, %add_ln101_2" [/data/tools/Xilinx/Vivado/2020.1/common/technology/autopilot/hls_cordic_apfixed.h:101]   --->   Operation 34 'add' 'add_ln101_3' <Predicate = true> <Delay = 0.00> <Core = "TAddSub">   --->   Core 83 'TAddSub' <Latency = 0> <II = 1> <Delay = 0.36> <IPBlock> <Opcode : 'add' 'sub'> <InPorts = 3> <OutPorts = 1> <Sync> <CReg>
ST_1 : Operation 35 [1/1] (0.73ns) (root node of TernaryAdder)   --->   "%add_ln101_4 = add i13 %add_ln101_3, %select_ln101_5" [/data/tools/Xilinx/Vivado/2020.1/common/technology/autopilot/hls_cordic_apfixed.h:101]   --->   Operation 35 'add' 'add_ln101_4' <Predicate = true> <Delay = 0.73> <Core = "TAddSub">   --->   Core 83 'TAddSub' <Latency = 0> <II = 1> <Delay = 0.36> <IPBlock> <Opcode : 'add' 'sub'> <InPorts = 3> <OutPorts = 1> <Sync> <CReg>
ST_1 : Operation 36 [1/1] (0.29ns)   --->   "%select_ln101_6 = select i1 %tmp_4, i12 %sub_ln203, i12 %add_ln203_1" [/data/tools/Xilinx/Vivado/2020.1/common/technology/autopilot/hls_cordic_apfixed.h:101]   --->   Operation 36 'select' 'select_ln101_6' <Predicate = true> <Delay = 0.29> <Core = "Sel">   --->   Core 26 'Sel' <Latency = 0> <II = 1> <Delay = 0.32> <FuncUnit> <Opcode : 'select'> <InPorts = 3> <OutPorts = 1>
ST_1 : Operation 37 [1/1] (0.30ns)   --->   "%select_ln101_7 = select i1 %tmp_4, i11 %add_ln203, i11 %sub_ln203_1" [/data/tools/Xilinx/Vivado/2020.1/common/technology/autopilot/hls_cordic_apfixed.h:101]   --->   Operation 37 'select' 'select_ln101_7' <Predicate = true> <Delay = 0.30> <Core = "Sel">   --->   Core 26 'Sel' <Latency = 0> <II = 1> <Delay = 0.32> <FuncUnit> <Opcode : 'select'> <InPorts = 3> <OutPorts = 1>
ST_1 : Operation 38 [1/1] (0.00ns)   --->   "%zext_ln101 = zext i11 %select_ln101_7 to i12" [/data/tools/Xilinx/Vivado/2020.1/common/technology/autopilot/hls_cordic_apfixed.h:101]   --->   Operation 38 'zext' 'zext_ln101' <Predicate = true> <Delay = 0.00>
ST_1 : Operation 39 [1/1] (0.00ns)   --->   "%tmp_6 = call i8 @_ssdm_op_PartSelect.i8.i11.i32.i32(i11 %select_ln101_7, i32 3, i32 10)" [/data/tools/Xilinx/Vivado/2020.1/common/technology/autopilot/hls_cordic_apfixed.h:97]   --->   Operation 39 'partselect' 'tmp_6' <Predicate = true> <Delay = 0.00>
ST_1 : Operation 40 [1/1] (0.00ns)   --->   "%zext_ln1333_1 = zext i8 %tmp_6 to i12" [/data/tools/Xilinx/Vivado/2020.1/common/technology/autopilot/hls_cordic_apfixed.h:98]   --->   Operation 40 'zext' 'zext_ln1333_1' <Predicate = true> <Delay = 0.00>
ST_1 : Operation 41 [1/1] (0.00ns)   --->   "%tmp_7 = call i9 @_ssdm_op_PartSelect.i9.i12.i32.i32(i12 %select_ln101_6, i32 3, i32 11)" [/data/tools/Xilinx/Vivado/2020.1/common/technology/autopilot/hls_cordic_apfixed.h:101]   --->   Operation 41 'partselect' 'tmp_7' <Predicate = true> <Delay = 0.00>
ST_1 : Operation 42 [1/1] (0.00ns)   --->   "%sext_ln101_3 = sext i9 %tmp_7 to i12" [/data/tools/Xilinx/Vivado/2020.1/common/technology/autopilot/hls_cordic_apfixed.h:101]   --->   Operation 42 'sext' 'sext_ln101_3' <Predicate = true> <Delay = 0.00>
ST_1 : Operation 43 [1/1] (0.00ns)   --->   "%tmp_8 = call i1 @_ssdm_op_BitSelect.i1.i13.i32(i13 %add_ln101_4, i32 12)" [/data/tools/Xilinx/Vivado/2020.1/common/technology/autopilot/hls_cordic_apfixed.h:101]   --->   Operation 43 'bitselect' 'tmp_8' <Predicate = true> <Delay = 0.00>
ST_1 : Operation 44 [1/1] (0.73ns)   --->   "%add_ln203_2 = add i12 %zext_ln101, %sext_ln101_3" [/data/tools/Xilinx/Vivado/2020.1/common/technology/autopilot/hls_cordic_apfixed.h:102]   --->   Operation 44 'add' 'add_ln203_2' <Predicate = true> <Delay = 0.73> <Core = "AddSub">   --->   Core 14 'AddSub' <Latency = 0> <II = 1> <Delay = 0.75> <FuncUnit> <Opcode : 'add' 'sub'> <InPorts = 2> <OutPorts = 1>
ST_1 : Operation 45 [1/1] (0.74ns)   --->   "%sub_ln203_2 = sub i12 %select_ln101_6, %zext_ln1333_1" [/data/tools/Xilinx/Vivado/2020.1/common/technology/autopilot/hls_cordic_apfixed.h:103]   --->   Operation 45 'sub' 'sub_ln203_2' <Predicate = true> <Delay = 0.74> <Core = "AddSub">   --->   Core 14 'AddSub' <Latency = 0> <II = 1> <Delay = 0.75> <FuncUnit> <Opcode : 'add' 'sub'> <InPorts = 2> <OutPorts = 1>
ST_1 : Operation 46 [1/1] (0.73ns)   --->   "%sub_ln203_3 = sub i12 %zext_ln101, %sext_ln101_3" [/data/tools/Xilinx/Vivado/2020.1/common/technology/autopilot/hls_cordic_apfixed.h:102]   --->   Operation 46 'sub' 'sub_ln203_3' <Predicate = true> <Delay = 0.73> <Core = "AddSub">   --->   Core 14 'AddSub' <Latency = 0> <II = 1> <Delay = 0.75> <FuncUnit> <Opcode : 'add' 'sub'> <InPorts = 2> <OutPorts = 1>
ST_1 : Operation 47 [1/1] (0.74ns)   --->   "%add_ln203_3 = add i12 %select_ln101_6, %zext_ln1333_1" [/data/tools/Xilinx/Vivado/2020.1/common/technology/autopilot/hls_cordic_apfixed.h:103]   --->   Operation 47 'add' 'add_ln203_3' <Predicate = true> <Delay = 0.74> <Core = "AddSub">   --->   Core 14 'AddSub' <Latency = 0> <II = 1> <Delay = 0.75> <FuncUnit> <Opcode : 'add' 'sub'> <InPorts = 2> <OutPorts = 1>
ST_1 : Operation 48 [1/1] (0.00ns)   --->   "%tmp_9 = call i1 @_ssdm_op_BitSelect.i1.i13.i32(i13 %add_ln101_4, i32 12)" [/data/tools/Xilinx/Vivado/2020.1/common/technology/autopilot/hls_cordic_apfixed.h:101]   --->   Operation 48 'bitselect' 'tmp_9' <Predicate = true> <Delay = 0.00>
ST_1 : Operation 49 [1/1] (0.30ns)   --->   "%select_ln101_8 = select i1 %tmp_9, i13 254, i13 0" [/data/tools/Xilinx/Vivado/2020.1/common/technology/autopilot/hls_cordic_apfixed.h:101]   --->   Operation 49 'select' 'select_ln101_8' <Predicate = true> <Delay = 0.30> <Core = "Sel">   --->   Core 26 'Sel' <Latency = 0> <II = 1> <Delay = 0.32> <FuncUnit> <Opcode : 'select'> <InPorts = 3> <OutPorts = 1>
ST_1 : Operation 50 [1/1] (0.00ns) (grouped into TernaryAdder)   --->   "%add_ln101_5 = add i13 -127, %add_ln101_4" [/data/tools/Xilinx/Vivado/2020.1/common/technology/autopilot/hls_cordic_apfixed.h:101]   --->   Operation 50 'add' 'add_ln101_5' <Predicate = true> <Delay = 0.00> <Core = "TAddSub">   --->   Core 83 'TAddSub' <Latency = 0> <II = 1> <Delay = 0.36> <IPBlock> <Opcode : 'add' 'sub'> <InPorts = 3> <OutPorts = 1> <Sync> <CReg>
ST_1 : Operation 51 [1/1] (0.73ns) (root node of TernaryAdder)   --->   "%add_ln101_6 = add i13 %add_ln101_5, %select_ln101_8" [/data/tools/Xilinx/Vivado/2020.1/common/technology/autopilot/hls_cordic_apfixed.h:101]   --->   Operation 51 'add' 'add_ln101_6' <Predicate = true> <Delay = 0.73> <Core = "TAddSub">   --->   Core 83 'TAddSub' <Latency = 0> <II = 1> <Delay = 0.36> <IPBlock> <Opcode : 'add' 'sub'> <InPorts = 3> <OutPorts = 1> <Sync> <CReg>
ST_1 : Operation 52 [1/1] (0.29ns)   --->   "%select_ln101_9 = select i1 %tmp_8, i12 %sub_ln203_2, i12 %add_ln203_3" [/data/tools/Xilinx/Vivado/2020.1/common/technology/autopilot/hls_cordic_apfixed.h:101]   --->   Operation 52 'select' 'select_ln101_9' <Predicate = true> <Delay = 0.29> <Core = "Sel">   --->   Core 26 'Sel' <Latency = 0> <II = 1> <Delay = 0.32> <FuncUnit> <Opcode : 'select'> <InPorts = 3> <OutPorts = 1>
ST_1 : Operation 53 [1/1] (0.29ns)   --->   "%select_ln101_10 = select i1 %tmp_8, i12 %add_ln203_2, i12 %sub_ln203_3" [/data/tools/Xilinx/Vivado/2020.1/common/technology/autopilot/hls_cordic_apfixed.h:101]   --->   Operation 53 'select' 'select_ln101_10' <Predicate = true> <Delay = 0.29> <Core = "Sel">   --->   Core 26 'Sel' <Latency = 0> <II = 1> <Delay = 0.32> <FuncUnit> <Opcode : 'select'> <InPorts = 3> <OutPorts = 1>
ST_1 : Operation 54 [1/1] (0.00ns)   --->   "%tmp_10 = call i8 @_ssdm_op_PartSelect.i8.i12.i32.i32(i12 %select_ln101_10, i32 4, i32 11)" [/data/tools/Xilinx/Vivado/2020.1/common/technology/autopilot/hls_cordic_apfixed.h:97]   --->   Operation 54 'partselect' 'tmp_10' <Predicate = true> <Delay = 0.00>
ST_1 : Operation 55 [1/1] (0.00ns)   --->   "%sext_ln1333 = sext i8 %tmp_10 to i12" [/data/tools/Xilinx/Vivado/2020.1/common/technology/autopilot/hls_cordic_apfixed.h:98]   --->   Operation 55 'sext' 'sext_ln1333' <Predicate = true> <Delay = 0.00>
ST_1 : Operation 56 [1/1] (0.00ns)   --->   "%tmp_11 = call i8 @_ssdm_op_PartSelect.i8.i12.i32.i32(i12 %select_ln101_9, i32 4, i32 11)" [/data/tools/Xilinx/Vivado/2020.1/common/technology/autopilot/hls_cordic_apfixed.h:101]   --->   Operation 56 'partselect' 'tmp_11' <Predicate = true> <Delay = 0.00>
ST_1 : Operation 57 [1/1] (0.00ns)   --->   "%sext_ln101_4 = sext i8 %tmp_11 to i12" [/data/tools/Xilinx/Vivado/2020.1/common/technology/autopilot/hls_cordic_apfixed.h:101]   --->   Operation 57 'sext' 'sext_ln101_4' <Predicate = true> <Delay = 0.00>
ST_1 : Operation 58 [1/1] (0.00ns)   --->   "%tmp_12 = call i1 @_ssdm_op_BitSelect.i1.i13.i32(i13 %add_ln101_6, i32 12)" [/data/tools/Xilinx/Vivado/2020.1/common/technology/autopilot/hls_cordic_apfixed.h:101]   --->   Operation 58 'bitselect' 'tmp_12' <Predicate = true> <Delay = 0.00>
ST_1 : Operation 59 [1/1] (0.74ns)   --->   "%add_ln203_4 = add i12 %select_ln101_10, %sext_ln101_4" [/data/tools/Xilinx/Vivado/2020.1/common/technology/autopilot/hls_cordic_apfixed.h:102]   --->   Operation 59 'add' 'add_ln203_4' <Predicate = true> <Delay = 0.74> <Core = "AddSub">   --->   Core 14 'AddSub' <Latency = 0> <II = 1> <Delay = 0.75> <FuncUnit> <Opcode : 'add' 'sub'> <InPorts = 2> <OutPorts = 1>
ST_1 : Operation 60 [1/1] (0.74ns)   --->   "%sub_ln203_4 = sub i12 %select_ln101_9, %sext_ln1333" [/data/tools/Xilinx/Vivado/2020.1/common/technology/autopilot/hls_cordic_apfixed.h:103]   --->   Operation 60 'sub' 'sub_ln203_4' <Predicate = true> <Delay = 0.74> <Core = "AddSub">   --->   Core 14 'AddSub' <Latency = 0> <II = 1> <Delay = 0.75> <FuncUnit> <Opcode : 'add' 'sub'> <InPorts = 2> <OutPorts = 1>
ST_1 : Operation 61 [1/1] (0.74ns)   --->   "%sub_ln203_13 = sub i12 %select_ln101_10, %sext_ln101_4" [/data/tools/Xilinx/Vivado/2020.1/common/technology/autopilot/hls_cordic_apfixed.h:102]   --->   Operation 61 'sub' 'sub_ln203_13' <Predicate = true> <Delay = 0.74> <Core = "AddSub">   --->   Core 14 'AddSub' <Latency = 0> <II = 1> <Delay = 0.75> <FuncUnit> <Opcode : 'add' 'sub'> <InPorts = 2> <OutPorts = 1>
ST_1 : Operation 62 [1/1] (0.74ns)   --->   "%add_ln203_12 = add i12 %select_ln101_9, %sext_ln1333" [/data/tools/Xilinx/Vivado/2020.1/common/technology/autopilot/hls_cordic_apfixed.h:103]   --->   Operation 62 'add' 'add_ln203_12' <Predicate = true> <Delay = 0.74> <Core = "AddSub">   --->   Core 14 'AddSub' <Latency = 0> <II = 1> <Delay = 0.75> <FuncUnit> <Opcode : 'add' 'sub'> <InPorts = 2> <OutPorts = 1>
ST_1 : Operation 63 [1/1] (0.00ns)   --->   "%tmp_13 = call i1 @_ssdm_op_BitSelect.i1.i13.i32(i13 %add_ln101_6, i32 12)" [/data/tools/Xilinx/Vivado/2020.1/common/technology/autopilot/hls_cordic_apfixed.h:101]   --->   Operation 63 'bitselect' 'tmp_13' <Predicate = true> <Delay = 0.00>
ST_1 : Operation 64 [1/1] (0.29ns)   --->   "%select_ln101_12 = select i1 %tmp_12, i12 %sub_ln203_4, i12 %add_ln203_12" [/data/tools/Xilinx/Vivado/2020.1/common/technology/autopilot/hls_cordic_apfixed.h:101]   --->   Operation 64 'select' 'select_ln101_12' <Predicate = true> <Delay = 0.29> <Core = "Sel">   --->   Core 26 'Sel' <Latency = 0> <II = 1> <Delay = 0.32> <FuncUnit> <Opcode : 'select'> <InPorts = 3> <OutPorts = 1>
ST_1 : Operation 65 [1/1] (0.29ns)   --->   "%select_ln101_13 = select i1 %tmp_12, i12 %add_ln203_4, i12 %sub_ln203_13" [/data/tools/Xilinx/Vivado/2020.1/common/technology/autopilot/hls_cordic_apfixed.h:101]   --->   Operation 65 'select' 'select_ln101_13' <Predicate = true> <Delay = 0.29> <Core = "Sel">   --->   Core 26 'Sel' <Latency = 0> <II = 1> <Delay = 0.32> <FuncUnit> <Opcode : 'select'> <InPorts = 3> <OutPorts = 1>
ST_1 : Operation 66 [1/1] (0.00ns)   --->   "%tmp_14 = call i7 @_ssdm_op_PartSelect.i7.i12.i32.i32(i12 %select_ln101_13, i32 5, i32 11)" [/data/tools/Xilinx/Vivado/2020.1/common/technology/autopilot/hls_cordic_apfixed.h:97]   --->   Operation 66 'partselect' 'tmp_14' <Predicate = true> <Delay = 0.00>
ST_1 : Operation 67 [1/1] (0.00ns)   --->   "%tmp_15 = call i7 @_ssdm_op_PartSelect.i7.i12.i32.i32(i12 %select_ln101_12, i32 5, i32 11)" [/data/tools/Xilinx/Vivado/2020.1/common/technology/autopilot/hls_cordic_apfixed.h:101]   --->   Operation 67 'partselect' 'tmp_15' <Predicate = true> <Delay = 0.00>

State 2 <SV = 1> <Delay = 3.51>
ST_2 : Operation 68 [1/1] (0.30ns)   --->   "%select_ln101_11 = select i1 %tmp_13, i13 126, i13 0" [/data/tools/Xilinx/Vivado/2020.1/common/technology/autopilot/hls_cordic_apfixed.h:101]   --->   Operation 68 'select' 'select_ln101_11' <Predicate = true> <Delay = 0.30> <Core = "Sel">   --->   Core 26 'Sel' <Latency = 0> <II = 1> <Delay = 0.32> <FuncUnit> <Opcode : 'select'> <InPorts = 3> <OutPorts = 1>
ST_2 : Operation 69 [1/1] (0.00ns) (grouped into TernaryAdder)   --->   "%add_ln101_7 = add i13 -63, %add_ln101_6" [/data/tools/Xilinx/Vivado/2020.1/common/technology/autopilot/hls_cordic_apfixed.h:101]   --->   Operation 69 'add' 'add_ln101_7' <Predicate = true> <Delay = 0.00> <Core = "TAddSub">   --->   Core 83 'TAddSub' <Latency = 0> <II = 1> <Delay = 0.36> <IPBlock> <Opcode : 'add' 'sub'> <InPorts = 3> <OutPorts = 1> <Sync> <CReg>
ST_2 : Operation 70 [1/1] (0.73ns) (root node of TernaryAdder)   --->   "%add_ln101_8 = add i13 %add_ln101_7, %select_ln101_11" [/data/tools/Xilinx/Vivado/2020.1/common/technology/autopilot/hls_cordic_apfixed.h:101]   --->   Operation 70 'add' 'add_ln101_8' <Predicate = true> <Delay = 0.73> <Core = "TAddSub">   --->   Core 83 'TAddSub' <Latency = 0> <II = 1> <Delay = 0.36> <IPBlock> <Opcode : 'add' 'sub'> <InPorts = 3> <OutPorts = 1> <Sync> <CReg>
ST_2 : Operation 71 [1/1] (0.00ns)   --->   "%sext_ln101_2 = sext i12 %select_ln101_12 to i13" [/data/tools/Xilinx/Vivado/2020.1/common/technology/autopilot/hls_cordic_apfixed.h:101]   --->   Operation 71 'sext' 'sext_ln101_2' <Predicate = true> <Delay = 0.00>
ST_2 : Operation 72 [1/1] (0.00ns)   --->   "%sext_ln1371 = sext i7 %tmp_14 to i13" [/data/tools/Xilinx/Vivado/2020.1/common/technology/autopilot/hls_cordic_apfixed.h:97]   --->   Operation 72 'sext' 'sext_ln1371' <Predicate = true> <Delay = 0.00>
ST_2 : Operation 73 [1/1] (0.00ns)   --->   "%sext_ln101_5 = sext i7 %tmp_15 to i12" [/data/tools/Xilinx/Vivado/2020.1/common/technology/autopilot/hls_cordic_apfixed.h:101]   --->   Operation 73 'sext' 'sext_ln101_5' <Predicate = true> <Delay = 0.00>
ST_2 : Operation 74 [1/1] (0.00ns)   --->   "%tmp_16 = call i1 @_ssdm_op_BitSelect.i1.i13.i32(i13 %add_ln101_8, i32 12)" [/data/tools/Xilinx/Vivado/2020.1/common/technology/autopilot/hls_cordic_apfixed.h:101]   --->   Operation 74 'bitselect' 'tmp_16' <Predicate = true> <Delay = 0.00>
ST_2 : Operation 75 [1/1] (0.74ns)   --->   "%add_ln203_5 = add i12 %select_ln101_13, %sext_ln101_5" [/data/tools/Xilinx/Vivado/2020.1/common/technology/autopilot/hls_cordic_apfixed.h:102]   --->   Operation 75 'add' 'add_ln203_5' <Predicate = true> <Delay = 0.74> <Core = "AddSub">   --->   Core 14 'AddSub' <Latency = 0> <II = 1> <Delay = 0.75> <FuncUnit> <Opcode : 'add' 'sub'> <InPorts = 2> <OutPorts = 1>
ST_2 : Operation 76 [1/1] (0.74ns)   --->   "%sub_ln203_5 = sub i13 %sext_ln101_2, %sext_ln1371" [/data/tools/Xilinx/Vivado/2020.1/common/technology/autopilot/hls_cordic_apfixed.h:103]   --->   Operation 76 'sub' 'sub_ln203_5' <Predicate = true> <Delay = 0.74> <Core = "AddSub">   --->   Core 14 'AddSub' <Latency = 0> <II = 1> <Delay = 0.75> <FuncUnit> <Opcode : 'add' 'sub'> <InPorts = 2> <OutPorts = 1>
ST_2 : Operation 77 [1/1] (0.74ns)   --->   "%sub_ln203_14 = sub i12 %select_ln101_13, %sext_ln101_5" [/data/tools/Xilinx/Vivado/2020.1/common/technology/autopilot/hls_cordic_apfixed.h:102]   --->   Operation 77 'sub' 'sub_ln203_14' <Predicate = true> <Delay = 0.74> <Core = "AddSub">   --->   Core 14 'AddSub' <Latency = 0> <II = 1> <Delay = 0.75> <FuncUnit> <Opcode : 'add' 'sub'> <InPorts = 2> <OutPorts = 1>
ST_2 : Operation 78 [1/1] (0.74ns)   --->   "%add_ln203_13 = add i13 %sext_ln101_2, %sext_ln1371" [/data/tools/Xilinx/Vivado/2020.1/common/technology/autopilot/hls_cordic_apfixed.h:103]   --->   Operation 78 'add' 'add_ln203_13' <Predicate = true> <Delay = 0.74> <Core = "AddSub">   --->   Core 14 'AddSub' <Latency = 0> <II = 1> <Delay = 0.75> <FuncUnit> <Opcode : 'add' 'sub'> <InPorts = 2> <OutPorts = 1>
ST_2 : Operation 79 [1/1] (0.00ns)   --->   "%tmp_17 = call i1 @_ssdm_op_BitSelect.i1.i13.i32(i13 %add_ln101_8, i32 12)" [/data/tools/Xilinx/Vivado/2020.1/common/technology/autopilot/hls_cordic_apfixed.h:101]   --->   Operation 79 'bitselect' 'tmp_17' <Predicate = true> <Delay = 0.00>
ST_2 : Operation 80 [1/1] (0.30ns)   --->   "%select_ln101_14 = select i1 %tmp_17, i13 62, i13 0" [/data/tools/Xilinx/Vivado/2020.1/common/technology/autopilot/hls_cordic_apfixed.h:101]   --->   Operation 80 'select' 'select_ln101_14' <Predicate = true> <Delay = 0.30> <Core = "Sel">   --->   Core 26 'Sel' <Latency = 0> <II = 1> <Delay = 0.32> <FuncUnit> <Opcode : 'select'> <InPorts = 3> <OutPorts = 1>
ST_2 : Operation 81 [1/1] (0.00ns) (grouped into TernaryAdder)   --->   "%add_ln101_9 = add i13 -31, %add_ln101_8" [/data/tools/Xilinx/Vivado/2020.1/common/technology/autopilot/hls_cordic_apfixed.h:101]   --->   Operation 81 'add' 'add_ln101_9' <Predicate = true> <Delay = 0.00> <Core = "TAddSub">   --->   Core 83 'TAddSub' <Latency = 0> <II = 1> <Delay = 0.36> <IPBlock> <Opcode : 'add' 'sub'> <InPorts = 3> <OutPorts = 1> <Sync> <CReg>
ST_2 : Operation 82 [1/1] (0.73ns) (root node of TernaryAdder)   --->   "%add_ln101_10 = add i13 %add_ln101_9, %select_ln101_14" [/data/tools/Xilinx/Vivado/2020.1/common/technology/autopilot/hls_cordic_apfixed.h:101]   --->   Operation 82 'add' 'add_ln101_10' <Predicate = true> <Delay = 0.73> <Core = "TAddSub">   --->   Core 83 'TAddSub' <Latency = 0> <II = 1> <Delay = 0.36> <IPBlock> <Opcode : 'add' 'sub'> <InPorts = 3> <OutPorts = 1> <Sync> <CReg>
ST_2 : Operation 83 [1/1] (0.32ns)   --->   "%select_ln101_15 = select i1 %tmp_16, i13 %sub_ln203_5, i13 %add_ln203_13" [/data/tools/Xilinx/Vivado/2020.1/common/technology/autopilot/hls_cordic_apfixed.h:101]   --->   Operation 83 'select' 'select_ln101_15' <Predicate = true> <Delay = 0.32> <Core = "Sel">   --->   Core 26 'Sel' <Latency = 0> <II = 1> <Delay = 0.32> <FuncUnit> <Opcode : 'select'> <InPorts = 3> <OutPorts = 1>
ST_2 : Operation 84 [1/1] (0.29ns)   --->   "%select_ln101_16 = select i1 %tmp_16, i12 %add_ln203_5, i12 %sub_ln203_14" [/data/tools/Xilinx/Vivado/2020.1/common/technology/autopilot/hls_cordic_apfixed.h:101]   --->   Operation 84 'select' 'select_ln101_16' <Predicate = true> <Delay = 0.29> <Core = "Sel">   --->   Core 26 'Sel' <Latency = 0> <II = 1> <Delay = 0.32> <FuncUnit> <Opcode : 'select'> <InPorts = 3> <OutPorts = 1>
ST_2 : Operation 85 [1/1] (0.00ns)   --->   "%tmp_18 = call i6 @_ssdm_op_PartSelect.i6.i12.i32.i32(i12 %select_ln101_16, i32 6, i32 11)" [/data/tools/Xilinx/Vivado/2020.1/common/technology/autopilot/hls_cordic_apfixed.h:97]   --->   Operation 85 'partselect' 'tmp_18' <Predicate = true> <Delay = 0.00>
ST_2 : Operation 86 [1/1] (0.00ns)   --->   "%sext_ln1371_1 = sext i6 %tmp_18 to i13" [/data/tools/Xilinx/Vivado/2020.1/common/technology/autopilot/hls_cordic_apfixed.h:97]   --->   Operation 86 'sext' 'sext_ln1371_1' <Predicate = true> <Delay = 0.00>
ST_2 : Operation 87 [1/1] (0.00ns)   --->   "%tmp_19 = call i7 @_ssdm_op_PartSelect.i7.i13.i32.i32(i13 %select_ln101_15, i32 6, i32 12)" [/data/tools/Xilinx/Vivado/2020.1/common/technology/autopilot/hls_cordic_apfixed.h:101]   --->   Operation 87 'partselect' 'tmp_19' <Predicate = true> <Delay = 0.00>
ST_2 : Operation 88 [1/1] (0.00ns)   --->   "%sext_ln101_6 = sext i7 %tmp_19 to i12" [/data/tools/Xilinx/Vivado/2020.1/common/technology/autopilot/hls_cordic_apfixed.h:101]   --->   Operation 88 'sext' 'sext_ln101_6' <Predicate = true> <Delay = 0.00>
ST_2 : Operation 89 [1/1] (0.00ns)   --->   "%tmp_20 = call i1 @_ssdm_op_BitSelect.i1.i13.i32(i13 %add_ln101_10, i32 12)" [/data/tools/Xilinx/Vivado/2020.1/common/technology/autopilot/hls_cordic_apfixed.h:101]   --->   Operation 89 'bitselect' 'tmp_20' <Predicate = true> <Delay = 0.00>
ST_2 : Operation 90 [1/1] (0.74ns)   --->   "%add_ln203_6 = add i12 %select_ln101_16, %sext_ln101_6" [/data/tools/Xilinx/Vivado/2020.1/common/technology/autopilot/hls_cordic_apfixed.h:102]   --->   Operation 90 'add' 'add_ln203_6' <Predicate = true> <Delay = 0.74> <Core = "AddSub">   --->   Core 14 'AddSub' <Latency = 0> <II = 1> <Delay = 0.75> <FuncUnit> <Opcode : 'add' 'sub'> <InPorts = 2> <OutPorts = 1>
ST_2 : Operation 91 [1/1] (0.75ns)   --->   "%sub_ln203_6 = sub i13 %select_ln101_15, %sext_ln1371_1" [/data/tools/Xilinx/Vivado/2020.1/common/technology/autopilot/hls_cordic_apfixed.h:103]   --->   Operation 91 'sub' 'sub_ln203_6' <Predicate = true> <Delay = 0.75> <Core = "AddSub">   --->   Core 14 'AddSub' <Latency = 0> <II = 1> <Delay = 0.75> <FuncUnit> <Opcode : 'add' 'sub'> <InPorts = 2> <OutPorts = 1>
ST_2 : Operation 92 [1/1] (0.74ns)   --->   "%sub_ln203_15 = sub i12 %select_ln101_16, %sext_ln101_6" [/data/tools/Xilinx/Vivado/2020.1/common/technology/autopilot/hls_cordic_apfixed.h:102]   --->   Operation 92 'sub' 'sub_ln203_15' <Predicate = true> <Delay = 0.74> <Core = "AddSub">   --->   Core 14 'AddSub' <Latency = 0> <II = 1> <Delay = 0.75> <FuncUnit> <Opcode : 'add' 'sub'> <InPorts = 2> <OutPorts = 1>
ST_2 : Operation 93 [1/1] (0.75ns)   --->   "%add_ln203_14 = add i13 %select_ln101_15, %sext_ln1371_1" [/data/tools/Xilinx/Vivado/2020.1/common/technology/autopilot/hls_cordic_apfixed.h:103]   --->   Operation 93 'add' 'add_ln203_14' <Predicate = true> <Delay = 0.75> <Core = "AddSub">   --->   Core 14 'AddSub' <Latency = 0> <II = 1> <Delay = 0.75> <FuncUnit> <Opcode : 'add' 'sub'> <InPorts = 2> <OutPorts = 1>
ST_2 : Operation 94 [1/1] (0.00ns)   --->   "%tmp_21 = call i1 @_ssdm_op_BitSelect.i1.i13.i32(i13 %add_ln101_10, i32 12)" [/data/tools/Xilinx/Vivado/2020.1/common/technology/autopilot/hls_cordic_apfixed.h:101]   --->   Operation 94 'bitselect' 'tmp_21' <Predicate = true> <Delay = 0.00>
ST_2 : Operation 95 [1/1] (0.29ns)   --->   "%select_ln101_17 = select i1 %tmp_21, i13 30, i13 0" [/data/tools/Xilinx/Vivado/2020.1/common/technology/autopilot/hls_cordic_apfixed.h:101]   --->   Operation 95 'select' 'select_ln101_17' <Predicate = true> <Delay = 0.29> <Core = "Sel">   --->   Core 26 'Sel' <Latency = 0> <II = 1> <Delay = 0.32> <FuncUnit> <Opcode : 'select'> <InPorts = 3> <OutPorts = 1>
ST_2 : Operation 96 [1/1] (0.00ns) (grouped into TernaryAdder)   --->   "%add_ln101_11 = add i13 -15, %add_ln101_10" [/data/tools/Xilinx/Vivado/2020.1/common/technology/autopilot/hls_cordic_apfixed.h:101]   --->   Operation 96 'add' 'add_ln101_11' <Predicate = true> <Delay = 0.00> <Core = "TAddSub">   --->   Core 83 'TAddSub' <Latency = 0> <II = 1> <Delay = 0.36> <IPBlock> <Opcode : 'add' 'sub'> <InPorts = 3> <OutPorts = 1> <Sync> <CReg>
ST_2 : Operation 97 [1/1] (0.73ns) (root node of TernaryAdder)   --->   "%add_ln101_12 = add i13 %add_ln101_11, %select_ln101_17" [/data/tools/Xilinx/Vivado/2020.1/common/technology/autopilot/hls_cordic_apfixed.h:101]   --->   Operation 97 'add' 'add_ln101_12' <Predicate = true> <Delay = 0.73> <Core = "TAddSub">   --->   Core 83 'TAddSub' <Latency = 0> <II = 1> <Delay = 0.36> <IPBlock> <Opcode : 'add' 'sub'> <InPorts = 3> <OutPorts = 1> <Sync> <CReg>
ST_2 : Operation 98 [1/1] (0.32ns)   --->   "%select_ln101_18 = select i1 %tmp_20, i13 %sub_ln203_6, i13 %add_ln203_14" [/data/tools/Xilinx/Vivado/2020.1/common/technology/autopilot/hls_cordic_apfixed.h:101]   --->   Operation 98 'select' 'select_ln101_18' <Predicate = true> <Delay = 0.32> <Core = "Sel">   --->   Core 26 'Sel' <Latency = 0> <II = 1> <Delay = 0.32> <FuncUnit> <Opcode : 'select'> <InPorts = 3> <OutPorts = 1>
ST_2 : Operation 99 [1/1] (0.29ns)   --->   "%select_ln101_19 = select i1 %tmp_20, i12 %add_ln203_6, i12 %sub_ln203_15" [/data/tools/Xilinx/Vivado/2020.1/common/technology/autopilot/hls_cordic_apfixed.h:101]   --->   Operation 99 'select' 'select_ln101_19' <Predicate = true> <Delay = 0.29> <Core = "Sel">   --->   Core 26 'Sel' <Latency = 0> <II = 1> <Delay = 0.32> <FuncUnit> <Opcode : 'select'> <InPorts = 3> <OutPorts = 1>
ST_2 : Operation 100 [1/1] (0.00ns)   --->   "%tmp_22 = call i5 @_ssdm_op_PartSelect.i5.i12.i32.i32(i12 %select_ln101_19, i32 7, i32 11)" [/data/tools/Xilinx/Vivado/2020.1/common/technology/autopilot/hls_cordic_apfixed.h:97]   --->   Operation 100 'partselect' 'tmp_22' <Predicate = true> <Delay = 0.00>
ST_2 : Operation 101 [1/1] (0.00ns)   --->   "%sext_ln1371_2 = sext i5 %tmp_22 to i13" [/data/tools/Xilinx/Vivado/2020.1/common/technology/autopilot/hls_cordic_apfixed.h:97]   --->   Operation 101 'sext' 'sext_ln1371_2' <Predicate = true> <Delay = 0.00>
ST_2 : Operation 102 [1/1] (0.00ns)   --->   "%tmp_23 = call i6 @_ssdm_op_PartSelect.i6.i13.i32.i32(i13 %select_ln101_18, i32 7, i32 12)" [/data/tools/Xilinx/Vivado/2020.1/common/technology/autopilot/hls_cordic_apfixed.h:101]   --->   Operation 102 'partselect' 'tmp_23' <Predicate = true> <Delay = 0.00>
ST_2 : Operation 103 [1/1] (0.00ns)   --->   "%sext_ln101_7 = sext i6 %tmp_23 to i12" [/data/tools/Xilinx/Vivado/2020.1/common/technology/autopilot/hls_cordic_apfixed.h:101]   --->   Operation 103 'sext' 'sext_ln101_7' <Predicate = true> <Delay = 0.00>
ST_2 : Operation 104 [1/1] (0.00ns)   --->   "%tmp_24 = call i1 @_ssdm_op_BitSelect.i1.i13.i32(i13 %add_ln101_12, i32 12)" [/data/tools/Xilinx/Vivado/2020.1/common/technology/autopilot/hls_cordic_apfixed.h:101]   --->   Operation 104 'bitselect' 'tmp_24' <Predicate = true> <Delay = 0.00>
ST_2 : Operation 105 [1/1] (0.74ns)   --->   "%add_ln203_7 = add i12 %select_ln101_19, %sext_ln101_7" [/data/tools/Xilinx/Vivado/2020.1/common/technology/autopilot/hls_cordic_apfixed.h:102]   --->   Operation 105 'add' 'add_ln203_7' <Predicate = true> <Delay = 0.74> <Core = "AddSub">   --->   Core 14 'AddSub' <Latency = 0> <II = 1> <Delay = 0.75> <FuncUnit> <Opcode : 'add' 'sub'> <InPorts = 2> <OutPorts = 1>
ST_2 : Operation 106 [1/1] (0.75ns)   --->   "%sub_ln203_7 = sub i13 %select_ln101_18, %sext_ln1371_2" [/data/tools/Xilinx/Vivado/2020.1/common/technology/autopilot/hls_cordic_apfixed.h:103]   --->   Operation 106 'sub' 'sub_ln203_7' <Predicate = true> <Delay = 0.75> <Core = "AddSub">   --->   Core 14 'AddSub' <Latency = 0> <II = 1> <Delay = 0.75> <FuncUnit> <Opcode : 'add' 'sub'> <InPorts = 2> <OutPorts = 1>
ST_2 : Operation 107 [1/1] (0.74ns)   --->   "%sub_ln203_16 = sub i12 %select_ln101_19, %sext_ln101_7" [/data/tools/Xilinx/Vivado/2020.1/common/technology/autopilot/hls_cordic_apfixed.h:102]   --->   Operation 107 'sub' 'sub_ln203_16' <Predicate = true> <Delay = 0.74> <Core = "AddSub">   --->   Core 14 'AddSub' <Latency = 0> <II = 1> <Delay = 0.75> <FuncUnit> <Opcode : 'add' 'sub'> <InPorts = 2> <OutPorts = 1>
ST_2 : Operation 108 [1/1] (0.75ns)   --->   "%add_ln203_15 = add i13 %select_ln101_18, %sext_ln1371_2" [/data/tools/Xilinx/Vivado/2020.1/common/technology/autopilot/hls_cordic_apfixed.h:103]   --->   Operation 108 'add' 'add_ln203_15' <Predicate = true> <Delay = 0.75> <Core = "AddSub">   --->   Core 14 'AddSub' <Latency = 0> <II = 1> <Delay = 0.75> <FuncUnit> <Opcode : 'add' 'sub'> <InPorts = 2> <OutPorts = 1>
ST_2 : Operation 109 [1/1] (0.00ns)   --->   "%tmp_25 = call i1 @_ssdm_op_BitSelect.i1.i13.i32(i13 %add_ln101_12, i32 12)" [/data/tools/Xilinx/Vivado/2020.1/common/technology/autopilot/hls_cordic_apfixed.h:101]   --->   Operation 109 'bitselect' 'tmp_25' <Predicate = true> <Delay = 0.00>
ST_2 : Operation 110 [1/1] (0.32ns)   --->   "%select_ln101_21 = select i1 %tmp_24, i13 %sub_ln203_7, i13 %add_ln203_15" [/data/tools/Xilinx/Vivado/2020.1/common/technology/autopilot/hls_cordic_apfixed.h:101]   --->   Operation 110 'select' 'select_ln101_21' <Predicate = true> <Delay = 0.32> <Core = "Sel">   --->   Core 26 'Sel' <Latency = 0> <II = 1> <Delay = 0.32> <FuncUnit> <Opcode : 'select'> <InPorts = 3> <OutPorts = 1>
ST_2 : Operation 111 [1/1] (0.29ns)   --->   "%select_ln101_22 = select i1 %tmp_24, i12 %add_ln203_7, i12 %sub_ln203_16" [/data/tools/Xilinx/Vivado/2020.1/common/technology/autopilot/hls_cordic_apfixed.h:101]   --->   Operation 111 'select' 'select_ln101_22' <Predicate = true> <Delay = 0.29> <Core = "Sel">   --->   Core 26 'Sel' <Latency = 0> <II = 1> <Delay = 0.32> <FuncUnit> <Opcode : 'select'> <InPorts = 3> <OutPorts = 1>
ST_2 : Operation 112 [1/1] (0.00ns)   --->   "%tmp_26 = call i4 @_ssdm_op_PartSelect.i4.i12.i32.i32(i12 %select_ln101_22, i32 8, i32 11)" [/data/tools/Xilinx/Vivado/2020.1/common/technology/autopilot/hls_cordic_apfixed.h:97]   --->   Operation 112 'partselect' 'tmp_26' <Predicate = true> <Delay = 0.00>
ST_2 : Operation 113 [1/1] (0.00ns)   --->   "%tmp_27 = call i5 @_ssdm_op_PartSelect.i5.i13.i32.i32(i13 %select_ln101_21, i32 8, i32 12)" [/data/tools/Xilinx/Vivado/2020.1/common/technology/autopilot/hls_cordic_apfixed.h:101]   --->   Operation 113 'partselect' 'tmp_27' <Predicate = true> <Delay = 0.00>

State 3 <SV = 2> <Delay = 3.46>
ST_3 : Operation 114 [1/1] (0.27ns)   --->   "%select_ln101_20 = select i1 %tmp_25, i13 14, i13 0" [/data/tools/Xilinx/Vivado/2020.1/common/technology/autopilot/hls_cordic_apfixed.h:101]   --->   Operation 114 'select' 'select_ln101_20' <Predicate = true> <Delay = 0.27> <Core = "Sel">   --->   Core 26 'Sel' <Latency = 0> <II = 1> <Delay = 0.32> <FuncUnit> <Opcode : 'select'> <InPorts = 3> <OutPorts = 1>
ST_3 : Operation 115 [1/1] (0.00ns) (grouped into TernaryAdder)   --->   "%add_ln101_13 = add i13 -7, %add_ln101_12" [/data/tools/Xilinx/Vivado/2020.1/common/technology/autopilot/hls_cordic_apfixed.h:101]   --->   Operation 115 'add' 'add_ln101_13' <Predicate = true> <Delay = 0.00> <Core = "TAddSub">   --->   Core 83 'TAddSub' <Latency = 0> <II = 1> <Delay = 0.36> <IPBlock> <Opcode : 'add' 'sub'> <InPorts = 3> <OutPorts = 1> <Sync> <CReg>
ST_3 : Operation 116 [1/1] (0.73ns) (root node of TernaryAdder)   --->   "%add_ln101_14 = add i13 %add_ln101_13, %select_ln101_20" [/data/tools/Xilinx/Vivado/2020.1/common/technology/autopilot/hls_cordic_apfixed.h:101]   --->   Operation 116 'add' 'add_ln101_14' <Predicate = true> <Delay = 0.73> <Core = "TAddSub">   --->   Core 83 'TAddSub' <Latency = 0> <II = 1> <Delay = 0.36> <IPBlock> <Opcode : 'add' 'sub'> <InPorts = 3> <OutPorts = 1> <Sync> <CReg>
ST_3 : Operation 117 [1/1] (0.00ns)   --->   "%sext_ln1371_3 = sext i4 %tmp_26 to i13" [/data/tools/Xilinx/Vivado/2020.1/common/technology/autopilot/hls_cordic_apfixed.h:97]   --->   Operation 117 'sext' 'sext_ln1371_3' <Predicate = true> <Delay = 0.00>
ST_3 : Operation 118 [1/1] (0.00ns)   --->   "%sext_ln101_8 = sext i5 %tmp_27 to i12" [/data/tools/Xilinx/Vivado/2020.1/common/technology/autopilot/hls_cordic_apfixed.h:101]   --->   Operation 118 'sext' 'sext_ln101_8' <Predicate = true> <Delay = 0.00>
ST_3 : Operation 119 [1/1] (0.00ns)   --->   "%tmp_28 = call i1 @_ssdm_op_BitSelect.i1.i13.i32(i13 %add_ln101_14, i32 12)" [/data/tools/Xilinx/Vivado/2020.1/common/technology/autopilot/hls_cordic_apfixed.h:101]   --->   Operation 119 'bitselect' 'tmp_28' <Predicate = true> <Delay = 0.00>
ST_3 : Operation 120 [1/1] (0.74ns)   --->   "%add_ln203_8 = add i12 %select_ln101_22, %sext_ln101_8" [/data/tools/Xilinx/Vivado/2020.1/common/technology/autopilot/hls_cordic_apfixed.h:102]   --->   Operation 120 'add' 'add_ln203_8' <Predicate = true> <Delay = 0.74> <Core = "AddSub">   --->   Core 14 'AddSub' <Latency = 0> <II = 1> <Delay = 0.75> <FuncUnit> <Opcode : 'add' 'sub'> <InPorts = 2> <OutPorts = 1>
ST_3 : Operation 121 [1/1] (0.75ns)   --->   "%sub_ln203_8 = sub i13 %select_ln101_21, %sext_ln1371_3" [/data/tools/Xilinx/Vivado/2020.1/common/technology/autopilot/hls_cordic_apfixed.h:103]   --->   Operation 121 'sub' 'sub_ln203_8' <Predicate = true> <Delay = 0.75> <Core = "AddSub">   --->   Core 14 'AddSub' <Latency = 0> <II = 1> <Delay = 0.75> <FuncUnit> <Opcode : 'add' 'sub'> <InPorts = 2> <OutPorts = 1>
ST_3 : Operation 122 [1/1] (0.74ns)   --->   "%sub_ln203_17 = sub i12 %select_ln101_22, %sext_ln101_8" [/data/tools/Xilinx/Vivado/2020.1/common/technology/autopilot/hls_cordic_apfixed.h:102]   --->   Operation 122 'sub' 'sub_ln203_17' <Predicate = true> <Delay = 0.74> <Core = "AddSub">   --->   Core 14 'AddSub' <Latency = 0> <II = 1> <Delay = 0.75> <FuncUnit> <Opcode : 'add' 'sub'> <InPorts = 2> <OutPorts = 1>
ST_3 : Operation 123 [1/1] (0.75ns)   --->   "%add_ln203_16 = add i13 %select_ln101_21, %sext_ln1371_3" [/data/tools/Xilinx/Vivado/2020.1/common/technology/autopilot/hls_cordic_apfixed.h:103]   --->   Operation 123 'add' 'add_ln203_16' <Predicate = true> <Delay = 0.75> <Core = "AddSub">   --->   Core 14 'AddSub' <Latency = 0> <II = 1> <Delay = 0.75> <FuncUnit> <Opcode : 'add' 'sub'> <InPorts = 2> <OutPorts = 1>
ST_3 : Operation 124 [1/1] (0.00ns)   --->   "%tmp_29 = call i1 @_ssdm_op_BitSelect.i1.i13.i32(i13 %add_ln101_14, i32 12)" [/data/tools/Xilinx/Vivado/2020.1/common/technology/autopilot/hls_cordic_apfixed.h:101]   --->   Operation 124 'bitselect' 'tmp_29' <Predicate = true> <Delay = 0.00>
ST_3 : Operation 125 [1/1] (0.35ns)   --->   "%select_ln101_23 = select i1 %tmp_29, i13 6, i13 0" [/data/tools/Xilinx/Vivado/2020.1/common/technology/autopilot/hls_cordic_apfixed.h:101]   --->   Operation 125 'select' 'select_ln101_23' <Predicate = true> <Delay = 0.35> <Core = "Sel">   --->   Core 26 'Sel' <Latency = 0> <II = 1> <Delay = 0.32> <FuncUnit> <Opcode : 'select'> <InPorts = 3> <OutPorts = 1>
ST_3 : Operation 126 [1/1] (0.00ns) (grouped into TernaryAdder)   --->   "%add_ln101_15 = add i13 -3, %add_ln101_14" [/data/tools/Xilinx/Vivado/2020.1/common/technology/autopilot/hls_cordic_apfixed.h:101]   --->   Operation 126 'add' 'add_ln101_15' <Predicate = true> <Delay = 0.00> <Core = "TAddSub">   --->   Core 83 'TAddSub' <Latency = 0> <II = 1> <Delay = 0.36> <IPBlock> <Opcode : 'add' 'sub'> <InPorts = 3> <OutPorts = 1> <Sync> <CReg>
ST_3 : Operation 127 [1/1] (0.73ns) (root node of TernaryAdder)   --->   "%add_ln101_16 = add i13 %add_ln101_15, %select_ln101_23" [/data/tools/Xilinx/Vivado/2020.1/common/technology/autopilot/hls_cordic_apfixed.h:101]   --->   Operation 127 'add' 'add_ln101_16' <Predicate = true> <Delay = 0.73> <Core = "TAddSub">   --->   Core 83 'TAddSub' <Latency = 0> <II = 1> <Delay = 0.36> <IPBlock> <Opcode : 'add' 'sub'> <InPorts = 3> <OutPorts = 1> <Sync> <CReg>
ST_3 : Operation 128 [1/1] (0.32ns)   --->   "%select_ln101_24 = select i1 %tmp_28, i13 %sub_ln203_8, i13 %add_ln203_16" [/data/tools/Xilinx/Vivado/2020.1/common/technology/autopilot/hls_cordic_apfixed.h:101]   --->   Operation 128 'select' 'select_ln101_24' <Predicate = true> <Delay = 0.32> <Core = "Sel">   --->   Core 26 'Sel' <Latency = 0> <II = 1> <Delay = 0.32> <FuncUnit> <Opcode : 'select'> <InPorts = 3> <OutPorts = 1>
ST_3 : Operation 129 [1/1] (0.29ns)   --->   "%select_ln101_25 = select i1 %tmp_28, i12 %add_ln203_8, i12 %sub_ln203_17" [/data/tools/Xilinx/Vivado/2020.1/common/technology/autopilot/hls_cordic_apfixed.h:101]   --->   Operation 129 'select' 'select_ln101_25' <Predicate = true> <Delay = 0.29> <Core = "Sel">   --->   Core 26 'Sel' <Latency = 0> <II = 1> <Delay = 0.32> <FuncUnit> <Opcode : 'select'> <InPorts = 3> <OutPorts = 1>
ST_3 : Operation 130 [1/1] (0.00ns)   --->   "%tmp_30 = call i3 @_ssdm_op_PartSelect.i3.i12.i32.i32(i12 %select_ln101_25, i32 9, i32 11)" [/data/tools/Xilinx/Vivado/2020.1/common/technology/autopilot/hls_cordic_apfixed.h:97]   --->   Operation 130 'partselect' 'tmp_30' <Predicate = true> <Delay = 0.00>
ST_3 : Operation 131 [1/1] (0.00ns)   --->   "%sext_ln1371_4 = sext i3 %tmp_30 to i13" [/data/tools/Xilinx/Vivado/2020.1/common/technology/autopilot/hls_cordic_apfixed.h:97]   --->   Operation 131 'sext' 'sext_ln1371_4' <Predicate = true> <Delay = 0.00>
ST_3 : Operation 132 [1/1] (0.00ns)   --->   "%tmp_31 = call i4 @_ssdm_op_PartSelect.i4.i13.i32.i32(i13 %select_ln101_24, i32 9, i32 12)" [/data/tools/Xilinx/Vivado/2020.1/common/technology/autopilot/hls_cordic_apfixed.h:101]   --->   Operation 132 'partselect' 'tmp_31' <Predicate = true> <Delay = 0.00>
ST_3 : Operation 133 [1/1] (0.00ns)   --->   "%sext_ln101_9 = sext i4 %tmp_31 to i12" [/data/tools/Xilinx/Vivado/2020.1/common/technology/autopilot/hls_cordic_apfixed.h:101]   --->   Operation 133 'sext' 'sext_ln101_9' <Predicate = true> <Delay = 0.00>
ST_3 : Operation 134 [1/1] (0.00ns)   --->   "%tmp_32 = call i1 @_ssdm_op_BitSelect.i1.i13.i32(i13 %add_ln101_16, i32 12)" [/data/tools/Xilinx/Vivado/2020.1/common/technology/autopilot/hls_cordic_apfixed.h:101]   --->   Operation 134 'bitselect' 'tmp_32' <Predicate = true> <Delay = 0.00>
ST_3 : Operation 135 [1/1] (0.74ns)   --->   "%add_ln203_9 = add i12 %select_ln101_25, %sext_ln101_9" [/data/tools/Xilinx/Vivado/2020.1/common/technology/autopilot/hls_cordic_apfixed.h:102]   --->   Operation 135 'add' 'add_ln203_9' <Predicate = true> <Delay = 0.74> <Core = "AddSub">   --->   Core 14 'AddSub' <Latency = 0> <II = 1> <Delay = 0.75> <FuncUnit> <Opcode : 'add' 'sub'> <InPorts = 2> <OutPorts = 1>
ST_3 : Operation 136 [1/1] (0.75ns)   --->   "%sub_ln203_9 = sub i13 %select_ln101_24, %sext_ln1371_4" [/data/tools/Xilinx/Vivado/2020.1/common/technology/autopilot/hls_cordic_apfixed.h:103]   --->   Operation 136 'sub' 'sub_ln203_9' <Predicate = true> <Delay = 0.75> <Core = "AddSub">   --->   Core 14 'AddSub' <Latency = 0> <II = 1> <Delay = 0.75> <FuncUnit> <Opcode : 'add' 'sub'> <InPorts = 2> <OutPorts = 1>
ST_3 : Operation 137 [1/1] (0.74ns)   --->   "%sub_ln203_18 = sub i12 %select_ln101_25, %sext_ln101_9" [/data/tools/Xilinx/Vivado/2020.1/common/technology/autopilot/hls_cordic_apfixed.h:102]   --->   Operation 137 'sub' 'sub_ln203_18' <Predicate = true> <Delay = 0.74> <Core = "AddSub">   --->   Core 14 'AddSub' <Latency = 0> <II = 1> <Delay = 0.75> <FuncUnit> <Opcode : 'add' 'sub'> <InPorts = 2> <OutPorts = 1>
ST_3 : Operation 138 [1/1] (0.75ns)   --->   "%add_ln203_17 = add i13 %select_ln101_24, %sext_ln1371_4" [/data/tools/Xilinx/Vivado/2020.1/common/technology/autopilot/hls_cordic_apfixed.h:103]   --->   Operation 138 'add' 'add_ln203_17' <Predicate = true> <Delay = 0.75> <Core = "AddSub">   --->   Core 14 'AddSub' <Latency = 0> <II = 1> <Delay = 0.75> <FuncUnit> <Opcode : 'add' 'sub'> <InPorts = 2> <OutPorts = 1>
ST_3 : Operation 139 [1/1] (0.00ns)   --->   "%tmp_33 = call i1 @_ssdm_op_BitSelect.i1.i13.i32(i13 %add_ln101_16, i32 12)" [/data/tools/Xilinx/Vivado/2020.1/common/technology/autopilot/hls_cordic_apfixed.h:101]   --->   Operation 139 'bitselect' 'tmp_33' <Predicate = true> <Delay = 0.00>
ST_3 : Operation 140 [1/1] (0.27ns)   --->   "%select_ln101_26 = select i1 %tmp_33, i13 2, i13 0" [/data/tools/Xilinx/Vivado/2020.1/common/technology/autopilot/hls_cordic_apfixed.h:101]   --->   Operation 140 'select' 'select_ln101_26' <Predicate = true> <Delay = 0.27> <Core = "Sel">   --->   Core 26 'Sel' <Latency = 0> <II = 1> <Delay = 0.32> <FuncUnit> <Opcode : 'select'> <InPorts = 3> <OutPorts = 1>
ST_3 : Operation 141 [1/1] (0.00ns) (grouped into TernaryAdder)   --->   "%add_ln101_17 = add i13 -1, %add_ln101_16" [/data/tools/Xilinx/Vivado/2020.1/common/technology/autopilot/hls_cordic_apfixed.h:101]   --->   Operation 141 'add' 'add_ln101_17' <Predicate = true> <Delay = 0.00> <Core = "TAddSub">   --->   Core 83 'TAddSub' <Latency = 0> <II = 1> <Delay = 0.36> <IPBlock> <Opcode : 'add' 'sub'> <InPorts = 3> <OutPorts = 1> <Sync> <CReg>
ST_3 : Operation 142 [1/1] (0.73ns) (root node of TernaryAdder)   --->   "%add_ln101_18 = add i13 %add_ln101_17, %select_ln101_26" [/data/tools/Xilinx/Vivado/2020.1/common/technology/autopilot/hls_cordic_apfixed.h:101]   --->   Operation 142 'add' 'add_ln101_18' <Predicate = true> <Delay = 0.73> <Core = "TAddSub">   --->   Core 83 'TAddSub' <Latency = 0> <II = 1> <Delay = 0.36> <IPBlock> <Opcode : 'add' 'sub'> <InPorts = 3> <OutPorts = 1> <Sync> <CReg>
ST_3 : Operation 143 [1/1] (0.32ns)   --->   "%select_ln101_27 = select i1 %tmp_32, i13 %sub_ln203_9, i13 %add_ln203_17" [/data/tools/Xilinx/Vivado/2020.1/common/technology/autopilot/hls_cordic_apfixed.h:101]   --->   Operation 143 'select' 'select_ln101_27' <Predicate = true> <Delay = 0.32> <Core = "Sel">   --->   Core 26 'Sel' <Latency = 0> <II = 1> <Delay = 0.32> <FuncUnit> <Opcode : 'select'> <InPorts = 3> <OutPorts = 1>
ST_3 : Operation 144 [1/1] (0.29ns)   --->   "%select_ln101_28 = select i1 %tmp_32, i12 %add_ln203_9, i12 %sub_ln203_18" [/data/tools/Xilinx/Vivado/2020.1/common/technology/autopilot/hls_cordic_apfixed.h:101]   --->   Operation 144 'select' 'select_ln101_28' <Predicate = true> <Delay = 0.29> <Core = "Sel">   --->   Core 26 'Sel' <Latency = 0> <II = 1> <Delay = 0.32> <FuncUnit> <Opcode : 'select'> <InPorts = 3> <OutPorts = 1>
ST_3 : Operation 145 [1/1] (0.00ns)   --->   "%tmp_34 = call i2 @_ssdm_op_PartSelect.i2.i12.i32.i32(i12 %select_ln101_28, i32 10, i32 11)" [/data/tools/Xilinx/Vivado/2020.1/common/technology/autopilot/hls_cordic_apfixed.h:97]   --->   Operation 145 'partselect' 'tmp_34' <Predicate = true> <Delay = 0.00>
ST_3 : Operation 146 [1/1] (0.00ns)   --->   "%tmp_35 = call i3 @_ssdm_op_PartSelect.i3.i13.i32.i32(i13 %select_ln101_27, i32 10, i32 12)" [/data/tools/Xilinx/Vivado/2020.1/common/technology/autopilot/hls_cordic_apfixed.h:101]   --->   Operation 146 'partselect' 'tmp_35' <Predicate = true> <Delay = 0.00>
ST_3 : Operation 147 [1/1] (0.00ns)   --->   "%sext_ln101_10 = sext i3 %tmp_35 to i12" [/data/tools/Xilinx/Vivado/2020.1/common/technology/autopilot/hls_cordic_apfixed.h:101]   --->   Operation 147 'sext' 'sext_ln101_10' <Predicate = true> <Delay = 0.00>
ST_3 : Operation 148 [1/1] (0.00ns)   --->   "%tmp_36 = call i1 @_ssdm_op_BitSelect.i1.i13.i32(i13 %add_ln101_18, i32 12)" [/data/tools/Xilinx/Vivado/2020.1/common/technology/autopilot/hls_cordic_apfixed.h:101]   --->   Operation 148 'bitselect' 'tmp_36' <Predicate = true> <Delay = 0.00>
ST_3 : Operation 149 [1/1] (0.74ns)   --->   "%add_ln203_10 = add i12 %select_ln101_28, %sext_ln101_10" [/data/tools/Xilinx/Vivado/2020.1/common/technology/autopilot/hls_cordic_apfixed.h:102]   --->   Operation 149 'add' 'add_ln203_10' <Predicate = true> <Delay = 0.74> <Core = "AddSub">   --->   Core 14 'AddSub' <Latency = 0> <II = 1> <Delay = 0.75> <FuncUnit> <Opcode : 'add' 'sub'> <InPorts = 2> <OutPorts = 1>
ST_3 : Operation 150 [1/1] (0.74ns)   --->   "%sub_ln203_19 = sub i12 %select_ln101_28, %sext_ln101_10" [/data/tools/Xilinx/Vivado/2020.1/common/technology/autopilot/hls_cordic_apfixed.h:102]   --->   Operation 150 'sub' 'sub_ln203_19' <Predicate = true> <Delay = 0.74> <Core = "AddSub">   --->   Core 14 'AddSub' <Latency = 0> <II = 1> <Delay = 0.75> <FuncUnit> <Opcode : 'add' 'sub'> <InPorts = 2> <OutPorts = 1>
ST_3 : Operation 151 [1/1] (0.29ns)   --->   "%select_ln101_30 = select i1 %tmp_36, i12 %add_ln203_10, i12 %sub_ln203_19" [/data/tools/Xilinx/Vivado/2020.1/common/technology/autopilot/hls_cordic_apfixed.h:101]   --->   Operation 151 'select' 'select_ln101_30' <Predicate = true> <Delay = 0.29> <Core = "Sel">   --->   Core 26 'Sel' <Latency = 0> <II = 1> <Delay = 0.32> <FuncUnit> <Opcode : 'select'> <InPorts = 3> <OutPorts = 1>
ST_3 : Operation 152 [1/1] (0.00ns)   --->   "%tmp_37 = call i1 @_ssdm_op_BitSelect.i1.i12.i32(i12 %select_ln101_30, i32 11)" [/data/tools/Xilinx/Vivado/2020.1/common/technology/autopilot/hls_cordic_apfixed.h:97]   --->   Operation 152 'bitselect' 'tmp_37' <Predicate = true> <Delay = 0.00>

State 4 <SV = 3> <Delay = 3.22>
ST_4 : Operation 153 [1/1] (0.00ns)   --->   "%sext_ln1371_5 = sext i2 %tmp_34 to i13" [/data/tools/Xilinx/Vivado/2020.1/common/technology/autopilot/hls_cordic_apfixed.h:97]   --->   Operation 153 'sext' 'sext_ln1371_5' <Predicate = true> <Delay = 0.00>
ST_4 : Operation 154 [1/1] (0.75ns)   --->   "%sub_ln203_10 = sub i13 %select_ln101_27, %sext_ln1371_5" [/data/tools/Xilinx/Vivado/2020.1/common/technology/autopilot/hls_cordic_apfixed.h:103]   --->   Operation 154 'sub' 'sub_ln203_10' <Predicate = (tmp_36)> <Delay = 0.75> <Core = "AddSub">   --->   Core 14 'AddSub' <Latency = 0> <II = 1> <Delay = 0.75> <FuncUnit> <Opcode : 'add' 'sub'> <InPorts = 2> <OutPorts = 1>
ST_4 : Operation 155 [1/1] (0.75ns)   --->   "%add_ln203_18 = add i13 %select_ln101_27, %sext_ln1371_5" [/data/tools/Xilinx/Vivado/2020.1/common/technology/autopilot/hls_cordic_apfixed.h:103]   --->   Operation 155 'add' 'add_ln203_18' <Predicate = (!tmp_36)> <Delay = 0.75> <Core = "AddSub">   --->   Core 14 'AddSub' <Latency = 0> <II = 1> <Delay = 0.75> <FuncUnit> <Opcode : 'add' 'sub'> <InPorts = 2> <OutPorts = 1>
ST_4 : Operation 156 [1/1] (0.32ns)   --->   "%select_ln101_29 = select i1 %tmp_36, i13 %sub_ln203_10, i13 %add_ln203_18" [/data/tools/Xilinx/Vivado/2020.1/common/technology/autopilot/hls_cordic_apfixed.h:101]   --->   Operation 156 'select' 'select_ln101_29' <Predicate = true> <Delay = 0.32> <Core = "Sel">   --->   Core 26 'Sel' <Latency = 0> <II = 1> <Delay = 0.32> <FuncUnit> <Opcode : 'select'> <InPorts = 3> <OutPorts = 1>
ST_4 : Operation 157 [1/1] (0.27ns)   --->   "%select_ln1371 = select i1 %tmp_37, i13 -1, i13 0" [/data/tools/Xilinx/Vivado/2020.1/common/technology/autopilot/hls_cordic_apfixed.h:97]   --->   Operation 157 'select' 'select_ln1371' <Predicate = true> <Delay = 0.27> <Core = "Sel">   --->   Core 26 'Sel' <Latency = 0> <II = 1> <Delay = 0.32> <FuncUnit> <Opcode : 'select'> <InPorts = 3> <OutPorts = 1>
ST_4 : Operation 158 [1/1] (0.00ns)   --->   "%tmp_38 = call i2 @_ssdm_op_PartSelect.i2.i13.i32.i32(i13 %select_ln101_29, i32 11, i32 12)" [/data/tools/Xilinx/Vivado/2020.1/common/technology/autopilot/hls_cordic_apfixed.h:102]   --->   Operation 158 'partselect' 'tmp_38' <Predicate = true> <Delay = 0.00>
ST_4 : Operation 159 [1/1] (0.00ns)   --->   "%sext_ln203 = sext i2 %tmp_38 to i12" [/data/tools/Xilinx/Vivado/2020.1/common/technology/autopilot/hls_cordic_apfixed.h:102]   --->   Operation 159 'sext' 'sext_ln203' <Predicate = true> <Delay = 0.00>
ST_4 : Operation 160 [1/1] (0.74ns)   --->   "%add_ln203_11 = add i12 %select_ln101_30, %sext_ln203" [/data/tools/Xilinx/Vivado/2020.1/common/technology/autopilot/hls_cordic_apfixed.h:102]   --->   Operation 160 'add' 'add_ln203_11' <Predicate = (tmp_36)> <Delay = 0.74> <Core = "AddSub">   --->   Core 14 'AddSub' <Latency = 0> <II = 1> <Delay = 0.75> <FuncUnit> <Opcode : 'add' 'sub'> <InPorts = 2> <OutPorts = 1>
ST_4 : Operation 161 [1/1] (0.75ns)   --->   "%sub_ln203_11 = sub i13 %select_ln101_29, %select_ln1371" [/data/tools/Xilinx/Vivado/2020.1/common/technology/autopilot/hls_cordic_apfixed.h:103]   --->   Operation 161 'sub' 'sub_ln203_11' <Predicate = (tmp_36)> <Delay = 0.75> <Core = "AddSub">   --->   Core 14 'AddSub' <Latency = 0> <II = 1> <Delay = 0.75> <FuncUnit> <Opcode : 'add' 'sub'> <InPorts = 2> <OutPorts = 1>
ST_4 : Operation 162 [1/1] (0.74ns)   --->   "%sub_ln203_20 = sub i12 %select_ln101_30, %sext_ln203" [/data/tools/Xilinx/Vivado/2020.1/common/technology/autopilot/hls_cordic_apfixed.h:102]   --->   Operation 162 'sub' 'sub_ln203_20' <Predicate = (!tmp_36)> <Delay = 0.74> <Core = "AddSub">   --->   Core 14 'AddSub' <Latency = 0> <II = 1> <Delay = 0.75> <FuncUnit> <Opcode : 'add' 'sub'> <InPorts = 2> <OutPorts = 1>
ST_4 : Operation 163 [1/1] (0.75ns)   --->   "%add_ln203_19 = add i13 %select_ln101_29, %select_ln1371" [/data/tools/Xilinx/Vivado/2020.1/common/technology/autopilot/hls_cordic_apfixed.h:103]   --->   Operation 163 'add' 'add_ln203_19' <Predicate = (!tmp_36)> <Delay = 0.75> <Core = "AddSub">   --->   Core 14 'AddSub' <Latency = 0> <II = 1> <Delay = 0.75> <FuncUnit> <Opcode : 'add' 'sub'> <InPorts = 2> <OutPorts = 1>
ST_4 : Operation 164 [1/1] (0.32ns)   --->   "%select_ln101_31 = select i1 %tmp_36, i13 %sub_ln203_11, i13 %add_ln203_19" [/data/tools/Xilinx/Vivado/2020.1/common/technology/autopilot/hls_cordic_apfixed.h:101]   --->   Operation 164 'select' 'select_ln101_31' <Predicate = true> <Delay = 0.32> <Core = "Sel">   --->   Core 26 'Sel' <Latency = 0> <II = 1> <Delay = 0.32> <FuncUnit> <Opcode : 'select'> <InPorts = 3> <OutPorts = 1>
ST_4 : Operation 165 [1/1] (0.00ns) (grouped into LUT with out node select_ln1371_1)   --->   "%tmp_39 = call i1 @_ssdm_op_BitSelect.i1.i12.i32(i12 %add_ln203_11, i32 11)" [/data/tools/Xilinx/Vivado/2020.1/common/technology/autopilot/hls_cordic_apfixed.h:97]   --->   Operation 165 'bitselect' 'tmp_39' <Predicate = (tmp_36)> <Delay = 0.00>
ST_4 : Operation 166 [1/1] (0.00ns) (grouped into LUT with out node select_ln1371_1)   --->   "%tmp_40 = call i1 @_ssdm_op_BitSelect.i1.i12.i32(i12 %sub_ln203_20, i32 11)" [/data/tools/Xilinx/Vivado/2020.1/common/technology/autopilot/hls_cordic_apfixed.h:97]   --->   Operation 166 'bitselect' 'tmp_40' <Predicate = (!tmp_36)> <Delay = 0.00>
ST_4 : Operation 167 [1/1] (0.00ns) (grouped into LUT with out node select_ln1371_1)   --->   "%select_ln101_32 = select i1 %tmp_36, i1 %tmp_39, i1 %tmp_40" [/data/tools/Xilinx/Vivado/2020.1/common/technology/autopilot/hls_cordic_apfixed.h:101]   --->   Operation 167 'select' 'select_ln101_32' <Predicate = true> <Delay = 0.00> <Core = "Sel">   --->   Core 26 'Sel' <Latency = 0> <II = 1> <Delay = 0.32> <FuncUnit> <Opcode : 'select'> <InPorts = 3> <OutPorts = 1>
ST_4 : Operation 168 [1/1] (0.27ns) (out node of the LUT)   --->   "%select_ln1371_1 = select i1 %select_ln101_32, i13 -1, i13 0" [/data/tools/Xilinx/Vivado/2020.1/common/technology/autopilot/hls_cordic_apfixed.h:97]   --->   Operation 168 'select' 'select_ln1371_1' <Predicate = true> <Delay = 0.27> <Core = "Sel">   --->   Core 26 'Sel' <Latency = 0> <II = 1> <Delay = 0.32> <FuncUnit> <Opcode : 'select'> <InPorts = 3> <OutPorts = 1>
ST_4 : Operation 169 [1/1] (0.75ns)   --->   "%sub_ln203_12 = sub i13 %select_ln101_31, %select_ln1371_1" [/data/tools/Xilinx/Vivado/2020.1/common/technology/autopilot/hls_cordic_apfixed.h:103]   --->   Operation 169 'sub' 'sub_ln203_12' <Predicate = (tmp_36)> <Delay = 0.75> <Core = "AddSub">   --->   Core 14 'AddSub' <Latency = 0> <II = 1> <Delay = 0.75> <FuncUnit> <Opcode : 'add' 'sub'> <InPorts = 2> <OutPorts = 1>
ST_4 : Operation 170 [1/1] (0.75ns)   --->   "%add_ln203_20 = add i13 %select_ln101_31, %select_ln1371_1" [/data/tools/Xilinx/Vivado/2020.1/common/technology/autopilot/hls_cordic_apfixed.h:103]   --->   Operation 170 'add' 'add_ln203_20' <Predicate = (!tmp_36)> <Delay = 0.75> <Core = "AddSub">   --->   Core 14 'AddSub' <Latency = 0> <II = 1> <Delay = 0.75> <FuncUnit> <Opcode : 'add' 'sub'> <InPorts = 2> <OutPorts = 1>
ST_4 : Operation 171 [1/1] (0.32ns)   --->   "%select_ln101 = select i1 %tmp_36, i13 %sub_ln203_12, i13 %add_ln203_20" [/data/tools/Xilinx/Vivado/2020.1/common/technology/autopilot/hls_cordic_apfixed.h:101]   --->   Operation 171 'select' 'select_ln101' <Predicate = true> <Delay = 0.32> <Core = "Sel">   --->   Core 26 'Sel' <Latency = 0> <II = 1> <Delay = 0.32> <FuncUnit> <Opcode : 'select'> <InPorts = 3> <OutPorts = 1>
ST_4 : Operation 172 [1/1] (0.00ns)   --->   "ret i13 %select_ln101" [/data/tools/Xilinx/Vivado/2020.1/common/technology/autopilot/hls_cordic_apfixed.h:101]   --->   Operation 172 'ret' <Predicate = true> <Delay = 0.00>


============================================================
+ Verbose Summary: Timing violations
============================================================
Target clock period: 5ns, clock uncertainty: 0.625ns.

 <State 1>: 4.17ns
The critical path consists of the following:
	wire read on port 'z_V_read' [2]  (0 ns)
	'select' operation ('select_ln101_1', /data/tools/Xilinx/Vivado/2020.1/common/technology/autopilot/hls_cordic_apfixed.h:101) [5]  (0 ns)
	'add' operation ('add_ln101', /data/tools/Xilinx/Vivado/2020.1/common/technology/autopilot/hls_cordic_apfixed.h:101) [6]  (0.745 ns)
	'select' operation ('select_ln101_2', /data/tools/Xilinx/Vivado/2020.1/common/technology/autopilot/hls_cordic_apfixed.h:101) [13]  (0.301 ns)
	'add' operation ('add_ln101_2', /data/tools/Xilinx/Vivado/2020.1/common/technology/autopilot/hls_cordic_apfixed.h:101) [15]  (0.736 ns)
	'select' operation ('select_ln101_7', /data/tools/Xilinx/Vivado/2020.1/common/technology/autopilot/hls_cordic_apfixed.h:101) [34]  (0.301 ns)
	'sub' operation ('sub_ln203_2', /data/tools/Xilinx/Vivado/2020.1/common/technology/autopilot/hls_cordic_apfixed.h:103) [42]  (0.745 ns)
	'select' operation ('select_ln101_9', /data/tools/Xilinx/Vivado/2020.1/common/technology/autopilot/hls_cordic_apfixed.h:101) [49]  (0.299 ns)
	'sub' operation ('sub_ln203_4', /data/tools/Xilinx/Vivado/2020.1/common/technology/autopilot/hls_cordic_apfixed.h:103) [57]  (0.745 ns)
	'select' operation ('select_ln101_12', /data/tools/Xilinx/Vivado/2020.1/common/technology/autopilot/hls_cordic_apfixed.h:101) [64]  (0.299 ns)

 <State 2>: 3.51ns
The critical path consists of the following:
	'select' operation ('select_ln101_11', /data/tools/Xilinx/Vivado/2020.1/common/technology/autopilot/hls_cordic_apfixed.h:101) [61]  (0.303 ns)
	'add' operation ('add_ln101_8', /data/tools/Xilinx/Vivado/2020.1/common/technology/autopilot/hls_cordic_apfixed.h:101) [63]  (0.736 ns)
	'select' operation ('select_ln101_15', /data/tools/Xilinx/Vivado/2020.1/common/technology/autopilot/hls_cordic_apfixed.h:101) [80]  (0.321 ns)
	'sub' operation ('sub_ln203_6', /data/tools/Xilinx/Vivado/2020.1/common/technology/autopilot/hls_cordic_apfixed.h:103) [88]  (0.755 ns)
	'select' operation ('select_ln101_18', /data/tools/Xilinx/Vivado/2020.1/common/technology/autopilot/hls_cordic_apfixed.h:101) [95]  (0.321 ns)
	'sub' operation ('sub_ln203_7', /data/tools/Xilinx/Vivado/2020.1/common/technology/autopilot/hls_cordic_apfixed.h:103) [103]  (0.755 ns)
	'select' operation ('select_ln101_21', /data/tools/Xilinx/Vivado/2020.1/common/technology/autopilot/hls_cordic_apfixed.h:101) [110]  (0.321 ns)

 <State 3>: 3.47ns
The critical path consists of the following:
	'select' operation ('select_ln101_20', /data/tools/Xilinx/Vivado/2020.1/common/technology/autopilot/hls_cordic_apfixed.h:101) [107]  (0.278 ns)
	'add' operation ('add_ln101_14', /data/tools/Xilinx/Vivado/2020.1/common/technology/autopilot/hls_cordic_apfixed.h:101) [109]  (0.736 ns)
	'select' operation ('select_ln101_23', /data/tools/Xilinx/Vivado/2020.1/common/technology/autopilot/hls_cordic_apfixed.h:101) [122]  (0.351 ns)
	'add' operation ('add_ln101_16', /data/tools/Xilinx/Vivado/2020.1/common/technology/autopilot/hls_cordic_apfixed.h:101) [124]  (0.736 ns)
	'select' operation ('select_ln101_27', /data/tools/Xilinx/Vivado/2020.1/common/technology/autopilot/hls_cordic_apfixed.h:101) [140]  (0.321 ns)
	'add' operation ('add_ln203_10', /data/tools/Xilinx/Vivado/2020.1/common/technology/autopilot/hls_cordic_apfixed.h:102) [147]  (0.745 ns)
	'select' operation ('select_ln101_30', /data/tools/Xilinx/Vivado/2020.1/common/technology/autopilot/hls_cordic_apfixed.h:101) [152]  (0.299 ns)

 <State 4>: 3.23ns
The critical path consists of the following:
	'sub' operation ('sub_ln203_10', /data/tools/Xilinx/Vivado/2020.1/common/technology/autopilot/hls_cordic_apfixed.h:103) [148]  (0.755 ns)
	'select' operation ('select_ln101_29', /data/tools/Xilinx/Vivado/2020.1/common/technology/autopilot/hls_cordic_apfixed.h:101) [151]  (0.321 ns)
	'sub' operation ('sub_ln203_11', /data/tools/Xilinx/Vivado/2020.1/common/technology/autopilot/hls_cordic_apfixed.h:103) [158]  (0.755 ns)
	'select' operation ('select_ln101_31', /data/tools/Xilinx/Vivado/2020.1/common/technology/autopilot/hls_cordic_apfixed.h:101) [161]  (0.321 ns)
	'sub' operation ('sub_ln203_12', /data/tools/Xilinx/Vivado/2020.1/common/technology/autopilot/hls_cordic_apfixed.h:103) [166]  (0.755 ns)
	'select' operation ('select_ln101', /data/tools/Xilinx/Vivado/2020.1/common/technology/autopilot/hls_cordic_apfixed.h:101) [168]  (0.321 ns)


============================================================
+ Verbose Summary: Binding
============================================================
N/A
* FSMD analyzer results:
  - Output states:
 - Input state : 
  - Chain level:
	State 1
	State 2
	State 3
	State 4


============================================================
+ Verbose Summary: Datapath Resource usage 
============================================================
N/A
