

================================================================
== Vivado HLS Report for 'myproject'
================================================================
* Date:           Sun Feb 26 11:03:11 2023

* Version:        2020.1 (Build 2897737 on Wed May 27 20:21:37 MDT 2020)
* Project:        myproject_prj
* Solution:       solution1
* Product family: virtexuplus
* Target device:  xcvu9p-flga2577-2-e


================================================================
== Performance Estimates
================================================================
+ Timing: 
    * Summary: 
    +--------+---------+----------+------------+
    |  Clock |  Target | Estimated| Uncertainty|
    +--------+---------+----------+------------+
    |ap_clk  | 5.00 ns | 4.055 ns |   0.62 ns  |
    +--------+---------+----------+------------+

+ Latency: 
    * Summary: 
    +---------+---------+----------+----------+-----+-----+----------+
    |  Latency (cycles) |  Latency (absolute) |  Interval | Pipeline |
    |   min   |   max   |    min   |    max   | min | max |   Type   |
    +---------+---------+----------+----------+-----+-----+----------+
    |        1|        1| 5.000 ns | 5.000 ns |    1|    1| function |
    +---------+---------+----------+----------+-----+-----+----------+

    + Detail: 
        * Instance: 
        N/A

        * Loop: 
        N/A



================================================================
== Utilization Estimates
================================================================
* Summary: 
+---------------------+---------+-------+---------+---------+-----+
|         Name        | BRAM_18K| DSP48E|    FF   |   LUT   | URAM|
+---------------------+---------+-------+---------+---------+-----+
|DSP                  |        -|      1|        -|        -|    -|
|Expression           |        -|      -|        0|      381|    -|
|FIFO                 |        -|      -|        -|        -|    -|
|Instance             |        -|      -|        -|        -|    -|
|Memory               |        -|      -|        -|        -|    -|
|Multiplexer          |        -|      -|        -|       36|    -|
|Register             |        -|      -|      199|        -|    -|
+---------------------+---------+-------+---------+---------+-----+
|Total                |        0|      1|      199|      417|    0|
+---------------------+---------+-------+---------+---------+-----+
|Available SLR        |     1440|   2280|   788160|   394080|  320|
+---------------------+---------+-------+---------+---------+-----+
|Utilization SLR (%)  |        0|   ~0  |    ~0   |    ~0   |    0|
+---------------------+---------+-------+---------+---------+-----+
|Available            |     4320|   6840|  2364480|  1182240|  960|
+---------------------+---------+-------+---------+---------+-----+
|Utilization (%)      |        0|   ~0  |    ~0   |    ~0   |    0|
+---------------------+---------+-------+---------+---------+-----+

+ Detail: 
    * Instance: 
    N/A

    * DSP48E: 
    +-------------------------------------+----------------------------------+-----------+
    |               Instance              |              Module              | Expression|
    +-------------------------------------+----------------------------------+-----------+
    |myproject_mul_mul_12s_9ns_21_1_1_U1  |myproject_mul_mul_12s_9ns_21_1_1  |  i0 * i1  |
    +-------------------------------------+----------------------------------+-----------+

    * Memory: 
    N/A

    * FIFO: 
    N/A

    * Expression: 
    +----------------------------------+----------+-------+---+----+------------+------------+
    |           Variable Name          | Operation| DSP48E| FF| LUT| Bitwidth P0| Bitwidth P1|
    +----------------------------------+----------+-------+---+----+------------+------------+
    |add_ln1192_3_fu_449_p2            |     +    |      0|  0|  18|          34|          34|
    |add_ln1192_4_fu_371_p2            |     +    |      0|  0|  25|          18|          13|
    |add_ln1192_fu_231_p2              |     +    |      0|  0|  18|          11|          10|
    |add_ln700_fu_275_p2               |     +    |      0|  0|  18|          17|          17|
    |ret_V_10_fu_455_p2                |     +    |      0|  0|  18|          34|          29|
    |ret_V_11_fu_389_p2                |     +    |      0|  0|  45|          38|          38|
    |ret_V_4_fu_317_p2                 |     +    |      0|  0|  19|          12|           8|
    |ret_V_8_fu_281_p2                 |     +    |      0|  0|  18|          17|          12|
    |ret_V_fu_303_p2                   |     +    |      0|  0|  18|          11|           6|
    |r_V_8_fu_253_p2                   |     -    |      0|  0|  23|          16|          16|
    |r_V_9_fu_357_p2                   |     -    |      0|  0|  18|          14|          14|
    |ret_V_7_fu_211_p2                 |     -    |      0|  0|  19|          12|          12|
    |ret_V_9_fu_297_p2                 |     -    |      0|  0|  18|           3|          11|
    |sub_ln1118_fu_339_p2              |     -    |      0|  0|  18|           1|          14|
    |sub_ln1192_2_fu_443_p2            |     -    |      0|  0|  41|           1|          34|
    |sub_ln1192_fu_431_p2              |     -    |      0|  0|  41|          34|          34|
    |ap_block_pp0_stage0_01001         |    and   |      0|  0|   2|           1|           1|
    |ap_block_state1_pp0_stage0_iter0  |    or    |      0|  0|   2|           1|           1|
    |ap_enable_pp0                     |    xor   |      0|  0|   2|           1|           2|
    +----------------------------------+----------+-------+---+----+------------+------------+
    |Total                             |          |      0|  0| 381|         276|         306|
    +----------------------------------+----------+-------+---+----+------------+------------+

    * Multiplexer: 
    +-------------------+----+-----------+-----+-----------+
    |        Name       | LUT| Input Size| Bits| Total Bits|
    +-------------------+----+-----------+-----+-----------+
    |x_V_ap_vld_in_sig  |   9|          2|    1|          2|
    |x_V_ap_vld_preg    |   9|          2|    1|          2|
    |x_V_blk_n          |   9|          2|    1|          2|
    |x_V_in_sig         |   9|          2|  160|        320|
    +-------------------+----+-----------+-----+-----------+
    |Total              |  36|          8|  163|        326|
    +-------------------+----+-----------+-----+-----------+

    * Register: 
    +-------------------------+-----+----+-----+-----------+
    |           Name          |  FF | LUT| Bits| Const Bits|
    +-------------------------+-----+----+-----+-----------+
    |ap_CS_fsm                |    1|   0|    1|          0|
    |ap_enable_reg_pp0_iter1  |    1|   0|    1|          0|
    |r_V_4_reg_487            |   21|   0|   21|          0|
    |tmp_3_reg_482            |    9|   0|    9|          0|
    |tmp_6_reg_493            |    6|   0|    6|          0|
    |x_V_ap_vld_preg          |    1|   0|    1|          0|
    |x_V_preg                 |  160|   0|  160|          0|
    +-------------------------+-----+----+-----+-----------+
    |Total                    |  199|   0|  199|          0|
    +-------------------------+-----+----+-----+-----------+



================================================================
== Interface
================================================================
* Summary: 
+--------------+-----+-----+------------+--------------+--------------+
|   RTL Ports  | Dir | Bits|  Protocol  | Source Object|    C Type    |
+--------------+-----+-----+------------+--------------+--------------+
|ap_clk        |  in |    1| ap_ctrl_hs |   myproject  | return value |
|ap_rst        |  in |    1| ap_ctrl_hs |   myproject  | return value |
|ap_start      |  in |    1| ap_ctrl_hs |   myproject  | return value |
|ap_done       | out |    1| ap_ctrl_hs |   myproject  | return value |
|ap_idle       | out |    1| ap_ctrl_hs |   myproject  | return value |
|ap_ready      | out |    1| ap_ctrl_hs |   myproject  | return value |
|x_V_ap_vld    |  in |    1|   ap_vld   |      x_V     |    pointer   |
|x_V           |  in |  160|   ap_vld   |      x_V     |    pointer   |
|y_0_V         | out |   10|   ap_vld   |     y_0_V    |    pointer   |
|y_0_V_ap_vld  | out |    1|   ap_vld   |     y_0_V    |    pointer   |
|y_1_V         | out |   10|   ap_vld   |     y_1_V    |    pointer   |
|y_1_V_ap_vld  | out |    1|   ap_vld   |     y_1_V    |    pointer   |
|y_2_V         | out |   10|   ap_vld   |     y_2_V    |    pointer   |
|y_2_V_ap_vld  | out |    1|   ap_vld   |     y_2_V    |    pointer   |
|y_3_V         | out |   10|   ap_vld   |     y_3_V    |    pointer   |
|y_3_V_ap_vld  | out |    1|   ap_vld   |     y_3_V    |    pointer   |
|y_4_V         | out |   10|   ap_vld   |     y_4_V    |    pointer   |
|y_4_V_ap_vld  | out |    1|   ap_vld   |     y_4_V    |    pointer   |
+--------------+-----+-----+------------+--------------+--------------+

