

================================================================
== Vivado HLS Report for 'cordic_circ_apfixed_14_3_0_s'
================================================================
* Date:           Thu Feb 23 14:32:44 2023

* Version:        2020.1 (Build 2897737 on Wed May 27 20:21:37 MDT 2020)
* Project:        myproject_prj
* Solution:       solution1
* Product family: virtexuplus
* Target device:  xcvu9p-flga2577-2-e


================================================================
== Performance Estimates
================================================================
+ Timing: 
    * Summary: 
    +--------+---------+----------+------------+
    |  Clock |  Target | Estimated| Uncertainty|
    +--------+---------+----------+------------+
    |ap_clk  | 5.00 ns | 4.272 ns |   0.62 ns  |
    +--------+---------+----------+------------+

+ Latency: 
    * Summary: 
    +---------+---------+-----------+-----------+-----+-----+----------+
    |  Latency (cycles) |   Latency (absolute)  |  Interval | Pipeline |
    |   min   |   max   |    min    |    max    | min | max |   Type   |
    +---------+---------+-----------+-----------+-----+-----+----------+
    |        3|        3| 15.000 ns | 15.000 ns |    1|    1| function |
    +---------+---------+-----------+-----------+-----+-----+----------+

    + Detail: 
        * Instance: 
        N/A

        * Loop: 
        N/A



================================================================
== Utilization Estimates
================================================================
* Summary: 
+---------------------+---------+-------+---------+---------+-----+
|         Name        | BRAM_18K| DSP48E|    FF   |   LUT   | URAM|
+---------------------+---------+-------+---------+---------+-----+
|DSP                  |        -|      -|        -|        -|    -|
|Expression           |        -|      -|        0|     1760|    -|
|FIFO                 |        -|      -|        -|        -|    -|
|Instance             |        -|      -|        -|        -|    -|
|Memory               |        -|      -|        -|        -|    -|
|Multiplexer          |        -|      -|        -|        -|    -|
|Register             |        -|      -|      156|        -|    -|
+---------------------+---------+-------+---------+---------+-----+
|Total                |        0|      0|      156|     1760|    0|
+---------------------+---------+-------+---------+---------+-----+
|Available SLR        |     1440|   2280|   788160|   394080|  320|
+---------------------+---------+-------+---------+---------+-----+
|Utilization SLR (%)  |        0|      0|    ~0   |    ~0   |    0|
+---------------------+---------+-------+---------+---------+-----+
|Available            |     4320|   6840|  2364480|  1182240|  960|
+---------------------+---------+-------+---------+---------+-----+
|Utilization (%)      |        0|      0|    ~0   |    ~0   |    0|
+---------------------+---------+-------+---------+---------+-----+

+ Detail: 
    * Instance: 
    N/A

    * DSP48E: 
    N/A

    * Memory: 
    N/A

    * FIFO: 
    N/A

    * Expression: 
    +----------------------------+----------+-------+---+----+------------+------------+
    |        Variable Name       | Operation| DSP48E| FF| LUT| Bitwidth P0| Bitwidth P1|
    +----------------------------+----------+-------+---+----+------------+------------+
    |add_ln101_10_fu_651_p2      |     +    |      0|  0|  18|          14|          14|
    |add_ln101_11_fu_749_p2      |     +    |      0|  0|  18|           6|          14|
    |add_ln101_12_fu_755_p2      |     +    |      0|  0|  18|          14|          14|
    |add_ln101_13_fu_888_p2      |     +    |      0|  0|  18|           5|          14|
    |add_ln101_14_fu_893_p2      |     +    |      0|  0|  18|          14|          14|
    |add_ln101_15_fu_949_p2      |     +    |      0|  0|  18|           4|          14|
    |add_ln101_16_fu_955_p2      |     +    |      0|  0|  18|          14|          14|
    |add_ln101_17_fu_1053_p2     |     +    |      0|  0|  18|           3|          14|
    |add_ln101_18_fu_1059_p2     |     +    |      0|  0|  18|          14|          14|
    |add_ln101_19_fu_1157_p2     |     +    |      0|  0|  18|           2|          14|
    |add_ln101_1_fu_220_p2       |     +    |      0|  0|  18|          11|          14|
    |add_ln101_20_fu_1163_p2     |     +    |      0|  0|  18|          14|          14|
    |add_ln101_2_fu_226_p2       |     +    |      0|  0|  18|          14|          14|
    |add_ln101_3_fu_332_p2       |     +    |      0|  0|  18|          10|          14|
    |add_ln101_4_fu_338_p2       |     +    |      0|  0|  18|          14|          14|
    |add_ln101_5_fu_440_p2       |     +    |      0|  0|  18|           9|          14|
    |add_ln101_6_fu_446_p2       |     +    |      0|  0|  18|          14|          14|
    |add_ln101_7_fu_579_p2       |     +    |      0|  0|  18|           8|          14|
    |add_ln101_8_fu_584_p2       |     +    |      0|  0|  18|          14|          14|
    |add_ln101_9_fu_645_p2       |     +    |      0|  0|  18|           7|          14|
    |add_ln101_fu_158_p2         |     +    |      0|  0|  21|          14|          14|
    |add_ln203_10_fu_1117_p2     |     +    |      0|  0|  20|          13|          13|
    |add_ln203_11_fu_1219_p2     |     +    |      0|  0|  20|          13|          13|
    |add_ln203_12_fu_1283_p2     |     +    |      0|  0|  20|          13|          13|
    |add_ln203_13_fu_522_p2      |     +    |      0|  0|  20|          13|          13|
    |add_ln203_14_fu_623_p2      |     +    |      0|  0|  21|          14|          14|
    |add_ln203_15_fu_727_p2      |     +    |      0|  0|  21|          14|          14|
    |add_ln203_16_fu_831_p2      |     +    |      0|  0|  21|          14|          14|
    |add_ln203_17_fu_928_p2      |     +    |      0|  0|  21|          14|          14|
    |add_ln203_18_fu_1031_p2     |     +    |      0|  0|  21|          14|          14|
    |add_ln203_19_fu_1135_p2     |     +    |      0|  0|  21|          14|          14|
    |add_ln203_1_fu_310_p2       |     +    |      0|  0|  20|          13|          13|
    |add_ln203_20_fu_1234_p2     |     +    |      0|  0|  21|          14|          14|
    |add_ln203_21_fu_1301_p2     |     +    |      0|  0|  21|          14|          14|
    |add_ln203_22_fu_1351_p2     |     +    |      0|  0|  21|          14|          14|
    |add_ln203_2_fu_400_p2       |     +    |      0|  0|  20|          13|          13|
    |add_ln203_3_fu_418_p2       |     +    |      0|  0|  20|          13|          13|
    |add_ln203_4_fu_504_p2       |     +    |      0|  0|  20|          13|          13|
    |add_ln203_5_fu_607_p2       |     +    |      0|  0|  20|          13|          13|
    |add_ln203_6_fu_709_p2       |     +    |      0|  0|  20|          13|          13|
    |add_ln203_7_fu_813_p2       |     +    |      0|  0|  20|          13|          13|
    |add_ln203_8_fu_913_p2       |     +    |      0|  0|  20|          13|          13|
    |add_ln203_9_fu_1013_p2      |     +    |      0|  0|  20|          13|          13|
    |add_ln203_fu_292_p2         |     +    |      0|  0|  19|          12|          12|
    |sub_ln203_10_fu_1123_p2     |     -    |      0|  0|  21|          14|          14|
    |sub_ln203_11_fu_1224_p2     |     -    |      0|  0|  21|          14|          14|
    |sub_ln203_12_fu_1289_p2     |     -    |      0|  0|  21|          14|          14|
    |sub_ln203_13_fu_1345_p2     |     -    |      0|  0|  21|          14|          14|
    |sub_ln203_14_fu_516_p2      |     -    |      0|  0|  20|          13|          13|
    |sub_ln203_15_fu_618_p2      |     -    |      0|  0|  20|          13|          13|
    |sub_ln203_16_fu_721_p2      |     -    |      0|  0|  20|          13|          13|
    |sub_ln203_17_fu_825_p2      |     -    |      0|  0|  20|          13|          13|
    |sub_ln203_18_fu_923_p2      |     -    |      0|  0|  20|          13|          13|
    |sub_ln203_19_fu_1025_p2     |     -    |      0|  0|  20|          13|          13|
    |sub_ln203_1_fu_304_p2       |     -    |      0|  0|  19|          12|          12|
    |sub_ln203_20_fu_1129_p2     |     -    |      0|  0|  20|          13|          13|
    |sub_ln203_21_fu_1229_p2     |     -    |      0|  0|  20|          13|          13|
    |sub_ln203_22_fu_1295_p2     |     -    |      0|  0|  20|          13|          13|
    |sub_ln203_2_fu_406_p2       |     -    |      0|  0|  20|          13|          13|
    |sub_ln203_3_fu_412_p2       |     -    |      0|  0|  20|          13|          13|
    |sub_ln203_4_fu_510_p2       |     -    |      0|  0|  20|          13|          13|
    |sub_ln203_5_fu_612_p2       |     -    |      0|  0|  21|          14|          14|
    |sub_ln203_6_fu_715_p2       |     -    |      0|  0|  21|          14|          14|
    |sub_ln203_7_fu_819_p2       |     -    |      0|  0|  21|          14|          14|
    |sub_ln203_8_fu_918_p2       |     -    |      0|  0|  21|          14|          14|
    |sub_ln203_9_fu_1019_p2      |     -    |      0|  0|  21|          14|          14|
    |sub_ln203_fu_298_p2         |     -    |      0|  0|  20|          13|          13|
    |ap_return                   |  select  |      0|  0|  14|           1|          14|
    |select_ln101_10_fu_460_p3   |  select  |      0|  0|  13|           1|          13|
    |select_ln101_11_fu_572_p3   |  select  |      0|  0|   8|           1|           8|
    |select_ln101_12_fu_536_p3   |  select  |      0|  0|  13|           1|          13|
    |select_ln101_13_fu_544_p3   |  select  |      0|  0|  13|           1|          13|
    |select_ln101_14_fu_637_p3   |  select  |      0|  0|   7|           1|           7|
    |select_ln101_15_fu_657_p3   |  select  |      0|  0|  14|           1|          14|
    |select_ln101_16_fu_665_p3   |  select  |      0|  0|  13|           1|          13|
    |select_ln101_17_fu_741_p3   |  select  |      0|  0|   6|           1|           6|
    |select_ln101_18_fu_761_p3   |  select  |      0|  0|  14|           1|          14|
    |select_ln101_19_fu_769_p3   |  select  |      0|  0|  13|           1|          13|
    |select_ln101_1_fu_150_p3    |  select  |      0|  0|  12|           1|          11|
    |select_ln101_20_fu_881_p3   |  select  |      0|  0|   5|           1|           5|
    |select_ln101_21_fu_845_p3   |  select  |      0|  0|  14|           1|          14|
    |select_ln101_22_fu_853_p3   |  select  |      0|  0|  13|           1|          13|
    |select_ln101_23_fu_941_p3   |  select  |      0|  0|   4|           1|           4|
    |select_ln101_24_fu_961_p3   |  select  |      0|  0|  14|           1|          14|
    |select_ln101_25_fu_969_p3   |  select  |      0|  0|  13|           1|          13|
    |select_ln101_26_fu_1045_p3  |  select  |      0|  0|   3|           1|           3|
    |select_ln101_27_fu_1065_p3  |  select  |      0|  0|  14|           1|          14|
    |select_ln101_28_fu_1073_p3  |  select  |      0|  0|  13|           1|          13|
    |select_ln101_29_fu_1149_p3  |  select  |      0|  0|   2|           1|           2|
    |select_ln101_2_fu_212_p3    |  select  |      0|  0|  11|           1|          11|
    |select_ln101_30_fu_1169_p3  |  select  |      0|  0|  14|           1|          14|
    |select_ln101_31_fu_1177_p3  |  select  |      0|  0|  13|           1|          13|
    |select_ln101_32_fu_1239_p3  |  select  |      0|  0|  14|           1|          14|
    |select_ln101_33_fu_1246_p3  |  select  |      0|  0|  13|           1|          13|
    |select_ln101_34_fu_1307_p3  |  select  |      0|  0|  14|           1|          14|
    |select_ln101_35_fu_1330_p3  |  select  |      0|  0|   2|           1|           1|
    |select_ln101_3_fu_232_p3    |  select  |      0|  0|  12|           1|          12|
    |select_ln101_4_fu_244_p3    |  select  |      0|  0|  11|           1|          11|
    |select_ln101_5_fu_324_p3    |  select  |      0|  0|  10|           1|          10|
    |select_ln101_6_fu_344_p3    |  select  |      0|  0|  13|           1|          13|
    |select_ln101_7_fu_352_p3    |  select  |      0|  0|  12|           1|          12|
    |select_ln101_8_fu_432_p3    |  select  |      0|  0|   9|           1|           9|
    |select_ln101_9_fu_452_p3    |  select  |      0|  0|  13|           1|          13|
    |select_ln1371_1_fu_1337_p3  |  select  |      0|  0|   2|           1|           2|
    |select_ln1371_fu_1261_p3    |  select  |      0|  0|   2|           1|           2|
    |select_ln203_1_fu_180_p3    |  select  |      0|  0|  12|           1|          12|
    |select_ln203_2_fu_188_p3    |  select  |      0|  0|  10|           1|           9|
    |select_ln203_3_fu_196_p3    |  select  |      0|  0|  11|           1|          11|
    |select_ln203_fu_172_p3      |  select  |      0|  0|  10|           1|          10|
    +----------------------------+----------+-------+---+----+------------+------------+
    |Total                       |          |      0|  0|1760|         875|        1348|
    +----------------------------+----------+-------+---+----+------------+------------+

    * Multiplexer: 
    N/A

    * Register: 
    +--------------------------+----+----+-----+-----------+
    |           Name           | FF | LUT| Bits| Const Bits|
    +--------------------------+----+----+-----+-----------+
    |add_ln101_12_reg_1395     |  14|   0|   14|          0|
    |add_ln101_6_reg_1364      |  14|   0|   14|          0|
    |select_ln101_12_reg_1374  |  13|   0|   13|          0|
    |select_ln101_13_reg_1379  |  13|   0|   13|          0|
    |select_ln101_21_reg_1405  |  14|   0|   14|          0|
    |select_ln101_22_reg_1411  |  13|   0|   13|          0|
    |select_ln101_30_reg_1427  |  14|   0|   14|          0|
    |select_ln101_31_reg_1433  |  13|   0|   13|          0|
    |tmp_13_reg_1369           |   1|   0|    1|          0|
    |tmp_14_reg_1385           |   8|   0|    8|          0|
    |tmp_15_reg_1390           |   8|   0|    8|          0|
    |tmp_25_reg_1400           |   1|   0|    1|          0|
    |tmp_26_reg_1417           |   5|   0|    5|          0|
    |tmp_27_reg_1422           |   6|   0|    6|          0|
    |tmp_38_reg_1439           |   2|   0|    2|          0|
    |tmp_39_reg_1444           |   3|   0|    3|          0|
    |tmp_40_reg_1449           |   1|   0|    1|          0|
    |z_V_read_int_reg          |  13|   0|   13|          0|
    +--------------------------+----+----+-----+-----------+
    |Total                     | 156|   0|  156|          0|
    +--------------------------+----+----+-----+-----------+



================================================================
== Interface
================================================================
* Summary: 
+-----------+-----+-----+------------+-------------------------------+--------------+
| RTL Ports | Dir | Bits|  Protocol  |         Source Object         |    C Type    |
+-----------+-----+-----+------------+-------------------------------+--------------+
|ap_clk     |  in |    1| ap_ctrl_hs | cordic_circ_apfixed<14, 3, 0> | return value |
|ap_rst     |  in |    1| ap_ctrl_hs | cordic_circ_apfixed<14, 3, 0> | return value |
|ap_return  | out |   14| ap_ctrl_hs | cordic_circ_apfixed<14, 3, 0> | return value |
|ap_ce      |  in |    1| ap_ctrl_hs | cordic_circ_apfixed<14, 3, 0> | return value |
|z_V_read   |  in |   13|   ap_none  |            z_V_read           |    scalar    |
+-----------+-----+-----+------------+-------------------------------+--------------+

