

================================================================
== Vivado HLS Report for 'cordic_circ_apfixed_18_3_0_s'
================================================================
* Date:           Thu Feb 23 14:40:34 2023

* Version:        2020.1 (Build 2897737 on Wed May 27 20:21:37 MDT 2020)
* Project:        myproject_prj
* Solution:       solution1
* Product family: virtexuplus
* Target device:  xcvu9p-flga2577-2-e


================================================================
== Performance Estimates
================================================================
+ Timing: 
    * Summary: 
    +--------+---------+----------+------------+
    |  Clock |  Target | Estimated| Uncertainty|
    +--------+---------+----------+------------+
    |ap_clk  | 5.00 ns | 4.361 ns |   0.62 ns  |
    +--------+---------+----------+------------+

+ Latency: 
    * Summary: 
    +---------+---------+-----------+-----------+-----+-----+----------+
    |  Latency (cycles) |   Latency (absolute)  |  Interval | Pipeline |
    |   min   |   max   |    min    |    max    | min | max |   Type   |
    +---------+---------+-----------+-----------+-----+-----+----------+
    |        4|        4| 20.000 ns | 20.000 ns |    1|    1| function |
    +---------+---------+-----------+-----------+-----+-----+----------+

    + Detail: 
        * Instance: 
        N/A

        * Loop: 
        N/A



================================================================
== Utilization Estimates
================================================================
* Summary: 
+---------------------+---------+-------+---------+---------+-----+
|         Name        | BRAM_18K| DSP48E|    FF   |   LUT   | URAM|
+---------------------+---------+-------+---------+---------+-----+
|DSP                  |        -|      -|        -|        -|    -|
|Expression           |        -|      -|        0|     3018|    -|
|FIFO                 |        -|      -|        -|        -|    -|
|Instance             |        -|      -|        -|        -|    -|
|Memory               |        -|      -|        -|        -|    -|
|Multiplexer          |        -|      -|        -|        -|    -|
|Register             |        -|      -|      273|        -|    -|
+---------------------+---------+-------+---------+---------+-----+
|Total                |        0|      0|      273|     3018|    0|
+---------------------+---------+-------+---------+---------+-----+
|Available SLR        |     1440|   2280|   788160|   394080|  320|
+---------------------+---------+-------+---------+---------+-----+
|Utilization SLR (%)  |        0|      0|    ~0   |    ~0   |    0|
+---------------------+---------+-------+---------+---------+-----+
|Available            |     4320|   6840|  2364480|  1182240|  960|
+---------------------+---------+-------+---------+---------+-----+
|Utilization (%)      |        0|      0|    ~0   |    ~0   |    0|
+---------------------+---------+-------+---------+---------+-----+

+ Detail: 
    * Instance: 
    N/A

    * DSP48E: 
    N/A

    * Memory: 
    N/A

    * FIFO: 
    N/A

    * Expression: 
    +----------------------------+----------+-------+---+----+------------+------------+
    |        Variable Name       | Operation| DSP48E| FF| LUT| Bitwidth P0| Bitwidth P1|
    +----------------------------+----------+-------+---+----+------------+------------+
    |add_ln101_10_fu_687_p2      |     +    |      0|  0|  26|          18|          18|
    |add_ln101_11_fu_785_p2      |     +    |      0|  0|  26|          10|          18|
    |add_ln101_12_fu_791_p2      |     +    |      0|  0|  26|          18|          18|
    |add_ln101_13_fu_889_p2      |     +    |      0|  0|  26|           9|          18|
    |add_ln101_14_fu_895_p2      |     +    |      0|  0|  26|          18|          18|
    |add_ln101_15_fu_986_p2      |     +    |      0|  0|  26|           8|          18|
    |add_ln101_16_fu_991_p2      |     +    |      0|  0|  26|          18|          18|
    |add_ln101_17_fu_1087_p2     |     +    |      0|  0|  26|           7|          18|
    |add_ln101_18_fu_1093_p2     |     +    |      0|  0|  26|          18|          18|
    |add_ln101_19_fu_1191_p2     |     +    |      0|  0|  26|           6|          18|
    |add_ln101_1_fu_256_p2       |     +    |      0|  0|  26|          15|          18|
    |add_ln101_20_fu_1197_p2     |     +    |      0|  0|  26|          18|          18|
    |add_ln101_21_fu_1295_p2     |     +    |      0|  0|  26|           5|          18|
    |add_ln101_22_fu_1301_p2     |     +    |      0|  0|  26|          18|          18|
    |add_ln101_23_fu_1392_p2     |     +    |      0|  0|  26|           4|          18|
    |add_ln101_24_fu_1397_p2     |     +    |      0|  0|  26|          18|          18|
    |add_ln101_25_fu_1493_p2     |     +    |      0|  0|  26|           3|          18|
    |add_ln101_26_fu_1499_p2     |     +    |      0|  0|  26|          18|          18|
    |add_ln101_27_fu_1597_p2     |     +    |      0|  0|  26|           2|          18|
    |add_ln101_28_fu_1603_p2     |     +    |      0|  0|  26|          18|          18|
    |add_ln101_2_fu_262_p2       |     +    |      0|  0|  26|          18|          18|
    |add_ln101_3_fu_368_p2       |     +    |      0|  0|  26|          14|          18|
    |add_ln101_4_fu_374_p2       |     +    |      0|  0|  26|          18|          18|
    |add_ln101_5_fu_476_p2       |     +    |      0|  0|  26|          13|          18|
    |add_ln101_6_fu_482_p2       |     +    |      0|  0|  26|          18|          18|
    |add_ln101_7_fu_615_p2       |     +    |      0|  0|  26|          12|          18|
    |add_ln101_8_fu_620_p2       |     +    |      0|  0|  26|          18|          18|
    |add_ln101_9_fu_681_p2       |     +    |      0|  0|  26|          11|          18|
    |add_ln101_fu_194_p2         |     +    |      0|  0|  25|          18|          18|
    |add_ln203_10_fu_1151_p2     |     +    |      0|  0|  24|          17|          17|
    |add_ln203_11_fu_1255_p2     |     +    |      0|  0|  24|          17|          17|
    |add_ln203_12_fu_1365_p2     |     +    |      0|  0|  24|          17|          17|
    |add_ln203_13_fu_1453_p2     |     +    |      0|  0|  24|          17|          17|
    |add_ln203_14_fu_558_p2      |     +    |      0|  0|  24|          17|          17|
    |add_ln203_15_fu_1657_p2     |     +    |      0|  0|  24|          17|          17|
    |add_ln203_16_fu_1726_p2     |     +    |      0|  0|  24|          17|          17|
    |add_ln203_17_fu_659_p2      |     +    |      0|  0|  25|          18|          18|
    |add_ln203_18_fu_763_p2      |     +    |      0|  0|  25|          18|          18|
    |add_ln203_19_fu_867_p2      |     +    |      0|  0|  25|          18|          18|
    |add_ln203_1_fu_346_p2       |     +    |      0|  0|  24|          17|          17|
    |add_ln203_20_fu_974_p2      |     +    |      0|  0|  25|          18|          18|
    |add_ln203_21_fu_1065_p2     |     +    |      0|  0|  25|          18|          18|
    |add_ln203_22_fu_1169_p2     |     +    |      0|  0|  25|          18|          18|
    |add_ln203_23_fu_1273_p2     |     +    |      0|  0|  25|          18|          18|
    |add_ln203_24_fu_1380_p2     |     +    |      0|  0|  25|          18|          18|
    |add_ln203_25_fu_1471_p2     |     +    |      0|  0|  25|          18|          18|
    |add_ln203_26_fu_1557_p2     |     +    |      0|  0|  24|          17|          17|
    |add_ln203_27_fu_1575_p2     |     +    |      0|  0|  25|          18|          18|
    |add_ln203_28_fu_1693_p2     |     +    |      0|  0|  25|          18|          18|
    |add_ln203_29_fu_1742_p2     |     +    |      0|  0|  25|          18|          18|
    |add_ln203_2_fu_436_p2       |     +    |      0|  0|  24|          17|          17|
    |add_ln203_30_fu_1792_p2     |     +    |      0|  0|  25|          18|          18|
    |add_ln203_3_fu_454_p2       |     +    |      0|  0|  24|          17|          17|
    |add_ln203_4_fu_540_p2       |     +    |      0|  0|  24|          17|          17|
    |add_ln203_5_fu_643_p2       |     +    |      0|  0|  24|          17|          17|
    |add_ln203_6_fu_745_p2       |     +    |      0|  0|  24|          17|          17|
    |add_ln203_7_fu_849_p2       |     +    |      0|  0|  24|          17|          17|
    |add_ln203_8_fu_959_p2       |     +    |      0|  0|  24|          17|          17|
    |add_ln203_9_fu_1047_p2      |     +    |      0|  0|  24|          17|          17|
    |add_ln203_fu_328_p2         |     +    |      0|  0|  23|          16|          16|
    |sub_ln203_10_fu_1157_p2     |     -    |      0|  0|  25|          18|          18|
    |sub_ln203_11_fu_1261_p2     |     -    |      0|  0|  25|          18|          18|
    |sub_ln203_12_fu_1370_p2     |     -    |      0|  0|  25|          18|          18|
    |sub_ln203_13_fu_1459_p2     |     -    |      0|  0|  25|          18|          18|
    |sub_ln203_14_fu_1563_p2     |     -    |      0|  0|  25|          18|          18|
    |sub_ln203_15_fu_552_p2      |     -    |      0|  0|  24|          17|          17|
    |sub_ln203_16_fu_1731_p2     |     -    |      0|  0|  25|          18|          18|
    |sub_ln203_17_fu_1786_p2     |     -    |      0|  0|  25|          18|          18|
    |sub_ln203_18_fu_654_p2      |     -    |      0|  0|  24|          17|          17|
    |sub_ln203_19_fu_757_p2      |     -    |      0|  0|  24|          17|          17|
    |sub_ln203_1_fu_340_p2       |     -    |      0|  0|  23|          16|          16|
    |sub_ln203_20_fu_861_p2      |     -    |      0|  0|  24|          17|          17|
    |sub_ln203_21_fu_969_p2      |     -    |      0|  0|  24|          17|          17|
    |sub_ln203_22_fu_1059_p2     |     -    |      0|  0|  24|          17|          17|
    |sub_ln203_23_fu_1163_p2     |     -    |      0|  0|  24|          17|          17|
    |sub_ln203_24_fu_1267_p2     |     -    |      0|  0|  24|          17|          17|
    |sub_ln203_25_fu_1375_p2     |     -    |      0|  0|  24|          17|          17|
    |sub_ln203_26_fu_1465_p2     |     -    |      0|  0|  24|          17|          17|
    |sub_ln203_27_fu_1569_p2     |     -    |      0|  0|  24|          17|          17|
    |sub_ln203_28_fu_1688_p2     |     -    |      0|  0|  25|          18|          18|
    |sub_ln203_29_fu_1663_p2     |     -    |      0|  0|  24|          17|          17|
    |sub_ln203_2_fu_442_p2       |     -    |      0|  0|  24|          17|          17|
    |sub_ln203_30_fu_1737_p2     |     -    |      0|  0|  24|          17|          17|
    |sub_ln203_3_fu_448_p2       |     -    |      0|  0|  24|          17|          17|
    |sub_ln203_4_fu_546_p2       |     -    |      0|  0|  24|          17|          17|
    |sub_ln203_5_fu_648_p2       |     -    |      0|  0|  25|          18|          18|
    |sub_ln203_6_fu_751_p2       |     -    |      0|  0|  25|          18|          18|
    |sub_ln203_7_fu_855_p2       |     -    |      0|  0|  25|          18|          18|
    |sub_ln203_8_fu_964_p2       |     -    |      0|  0|  25|          18|          18|
    |sub_ln203_9_fu_1053_p2      |     -    |      0|  0|  25|          18|          18|
    |sub_ln203_fu_334_p2         |     -    |      0|  0|  24|          17|          17|
    |ap_return                   |  select  |      0|  0|  18|           1|          18|
    |select_ln101_10_fu_496_p3   |  select  |      0|  0|  17|           1|          17|
    |select_ln101_11_fu_608_p3   |  select  |      0|  0|  12|           1|          12|
    |select_ln101_12_fu_572_p3   |  select  |      0|  0|  17|           1|          17|
    |select_ln101_13_fu_580_p3   |  select  |      0|  0|  17|           1|          17|
    |select_ln101_14_fu_673_p3   |  select  |      0|  0|  11|           1|          11|
    |select_ln101_15_fu_693_p3   |  select  |      0|  0|  18|           1|          18|
    |select_ln101_16_fu_701_p3   |  select  |      0|  0|  17|           1|          17|
    |select_ln101_17_fu_777_p3   |  select  |      0|  0|  10|           1|          10|
    |select_ln101_18_fu_797_p3   |  select  |      0|  0|  18|           1|          18|
    |select_ln101_19_fu_805_p3   |  select  |      0|  0|  17|           1|          17|
    |select_ln101_1_fu_186_p3    |  select  |      0|  0|  16|           1|          15|
    |select_ln101_20_fu_881_p3   |  select  |      0|  0|   9|           1|           9|
    |select_ln101_21_fu_901_p3   |  select  |      0|  0|  18|           1|          18|
    |select_ln101_22_fu_909_p3   |  select  |      0|  0|  17|           1|          17|
    |select_ln101_23_fu_979_p3   |  select  |      0|  0|   8|           1|           8|
    |select_ln101_24_fu_997_p3   |  select  |      0|  0|  18|           1|          18|
    |select_ln101_25_fu_1004_p3  |  select  |      0|  0|  17|           1|          17|
    |select_ln101_26_fu_1079_p3  |  select  |      0|  0|   7|           1|           7|
    |select_ln101_27_fu_1099_p3  |  select  |      0|  0|  18|           1|          18|
    |select_ln101_28_fu_1107_p3  |  select  |      0|  0|  17|           1|          17|
    |select_ln101_29_fu_1183_p3  |  select  |      0|  0|   6|           1|           6|
    |select_ln101_2_fu_248_p3    |  select  |      0|  0|  15|           1|          15|
    |select_ln101_30_fu_1203_p3  |  select  |      0|  0|  18|           1|          18|
    |select_ln101_31_fu_1211_p3  |  select  |      0|  0|  17|           1|          17|
    |select_ln101_32_fu_1287_p3  |  select  |      0|  0|   5|           1|           5|
    |select_ln101_33_fu_1307_p3  |  select  |      0|  0|  18|           1|          18|
    |select_ln101_34_fu_1315_p3  |  select  |      0|  0|  17|           1|          17|
    |select_ln101_35_fu_1385_p3  |  select  |      0|  0|   4|           1|           4|
    |select_ln101_36_fu_1403_p3  |  select  |      0|  0|  18|           1|          18|
    |select_ln101_37_fu_1410_p3  |  select  |      0|  0|  17|           1|          17|
    |select_ln101_38_fu_1485_p3  |  select  |      0|  0|   3|           1|           3|
    |select_ln101_39_fu_1505_p3  |  select  |      0|  0|  18|           1|          18|
    |select_ln101_3_fu_268_p3    |  select  |      0|  0|  16|           1|          16|
    |select_ln101_40_fu_1513_p3  |  select  |      0|  0|  17|           1|          17|
    |select_ln101_41_fu_1589_p3  |  select  |      0|  0|   2|           1|           2|
    |select_ln101_42_fu_1609_p3  |  select  |      0|  0|  18|           1|          18|
    |select_ln101_43_fu_1617_p3  |  select  |      0|  0|  17|           1|          17|
    |select_ln101_44_fu_1698_p3  |  select  |      0|  0|  18|           1|          18|
    |select_ln101_45_fu_1669_p3  |  select  |      0|  0|  17|           1|          17|
    |select_ln101_46_fu_1748_p3  |  select  |      0|  0|  18|           1|          18|
    |select_ln101_47_fu_1771_p3  |  select  |      0|  0|   2|           1|           1|
    |select_ln101_4_fu_280_p3    |  select  |      0|  0|  15|           1|          15|
    |select_ln101_5_fu_360_p3    |  select  |      0|  0|  14|           1|          14|
    |select_ln101_6_fu_380_p3    |  select  |      0|  0|  17|           1|          17|
    |select_ln101_7_fu_388_p3    |  select  |      0|  0|  16|           1|          16|
    |select_ln101_8_fu_468_p3    |  select  |      0|  0|  13|           1|          13|
    |select_ln101_9_fu_488_p3    |  select  |      0|  0|  17|           1|          17|
    |select_ln1371_1_fu_1778_p3  |  select  |      0|  0|   2|           1|           2|
    |select_ln1371_fu_1705_p3    |  select  |      0|  0|   2|           1|           2|
    |select_ln203_1_fu_216_p3    |  select  |      0|  0|  16|           1|          16|
    |select_ln203_2_fu_224_p3    |  select  |      0|  0|  14|           1|          13|
    |select_ln203_3_fu_232_p3    |  select  |      0|  0|  15|           1|          15|
    |select_ln203_fu_208_p3      |  select  |      0|  0|  14|           1|          14|
    +----------------------------+----------+-------+---+----+------------+------------+
    |Total                       |          |      0|  0|3018|        1521|        2350|
    +----------------------------+----------+-------+---+----+------------+------------+

    * Multiplexer: 
    N/A

    * Register: 
    +--------------------------+----+----+-----+-----------+
    |           Name           | FF | LUT| Bits| Const Bits|
    +--------------------------+----+----+-----+-----------+
    |add_ln101_14_reg_1836     |  18|   0|   18|          0|
    |add_ln101_22_reg_1874     |  18|   0|   18|          0|
    |add_ln101_6_reg_1805      |  18|   0|   18|          0|
    |select_ln101_12_reg_1815  |  17|   0|   17|          0|
    |select_ln101_13_reg_1820  |  17|   0|   17|          0|
    |select_ln101_21_reg_1841  |  18|   0|   18|          0|
    |select_ln101_22_reg_1847  |  17|   0|   17|          0|
    |select_ln101_33_reg_1879  |  18|   0|   18|          0|
    |select_ln101_34_reg_1885  |  17|   0|   17|          0|
    |select_ln101_42_reg_1912  |  18|   0|   18|          0|
    |select_ln101_45_reg_1931  |  17|   0|   17|          0|
    |tmp_13_reg_1810           |   1|   0|    1|          0|
    |tmp_14_reg_1826           |  12|   0|   12|          0|
    |tmp_15_reg_1831           |  12|   0|   12|          0|
    |tmp_26_reg_1853           |   9|   0|    9|          0|
    |tmp_27_reg_1858           |  10|   0|   10|          0|
    |tmp_28_reg_1863           |   1|   0|    1|          0|
    |tmp_29_reg_1869           |   1|   0|    1|          0|
    |tmp_42_reg_1891           |   5|   0|    5|          0|
    |tmp_43_reg_1896           |   6|   0|    6|          0|
    |tmp_44_reg_1901           |   1|   0|    1|          0|
    |tmp_45_reg_1907           |   1|   0|    1|          0|
    |tmp_54_reg_1918           |   2|   0|    2|          0|
    |tmp_56_reg_1923           |   1|   0|    1|          0|
    |tmp_57_reg_1937           |   1|   0|    1|          0|
    |z_V_read_int_reg          |  17|   0|   17|          0|
    +--------------------------+----+----+-----+-----------+
    |Total                     | 273|   0|  273|          0|
    +--------------------------+----+----+-----+-----------+



================================================================
== Interface
================================================================
* Summary: 
+-----------+-----+-----+------------+-------------------------------+--------------+
| RTL Ports | Dir | Bits|  Protocol  |         Source Object         |    C Type    |
+-----------+-----+-----+------------+-------------------------------+--------------+
|ap_clk     |  in |    1| ap_ctrl_hs | cordic_circ_apfixed<18, 3, 0> | return value |
|ap_rst     |  in |    1| ap_ctrl_hs | cordic_circ_apfixed<18, 3, 0> | return value |
|ap_return  | out |   18| ap_ctrl_hs | cordic_circ_apfixed<18, 3, 0> | return value |
|ap_ce      |  in |    1| ap_ctrl_hs | cordic_circ_apfixed<18, 3, 0> | return value |
|z_V_read   |  in |   17|   ap_none  |            z_V_read           |    scalar    |
+-----------+-----+-----+------------+-------------------------------+--------------+

