

================================================================
== Vivado HLS Report for 'generic_sincos_16_6_s'
================================================================
* Date:           Thu Feb 23 14:40:35 2023

* Version:        2020.1 (Build 2897737 on Wed May 27 20:21:37 MDT 2020)
* Project:        myproject_prj
* Solution:       solution1
* Product family: virtexuplus
* Target device:  xcvu9p-flga2577-2-e


================================================================
== Performance Estimates
================================================================
+ Timing: 
    * Summary: 
    +--------+---------+----------+------------+
    |  Clock |  Target | Estimated| Uncertainty|
    +--------+---------+----------+------------+
    |ap_clk  | 5.00 ns | 4.367 ns |   0.62 ns  |
    +--------+---------+----------+------------+

+ Latency: 
    * Summary: 
    +---------+---------+-----------+-----------+-----+-----+----------+
    |  Latency (cycles) |   Latency (absolute)  |  Interval | Pipeline |
    |   min   |   max   |    min    |    max    | min | max |   Type   |
    +---------+---------+-----------+-----------+-----+-----+----------+
    |        8|        8| 40.000 ns | 40.000 ns |    1|    1| function |
    +---------+---------+-----------+-----------+-----+-----+----------+

    + Detail: 
        * Instance: 
        +----------------------------------------+------------------------------+---------+---------+-----------+-----------+-----+-----+----------+
        |                                        |                              |  Latency (cycles) |   Latency (absolute)  |  Interval | Pipeline |
        |                Instance                |            Module            |   min   |   max   |    min    |    max    | min | max |   Type   |
        +----------------------------------------+------------------------------+---------+---------+-----------+-----------+-----+-----+----------+
        |grp_cordic_circ_apfixed_18_3_0_s_fu_66  |cordic_circ_apfixed_18_3_0_s  |        4|        4| 20.000 ns | 20.000 ns |    1|    1| function |
        +----------------------------------------+------------------------------+---------+---------+-----------+-----------+-----+-----+----------+

        * Loop: 
        N/A



================================================================
== Utilization Estimates
================================================================
* Summary: 
+---------------------+---------+-------+---------+---------+-----+
|         Name        | BRAM_18K| DSP48E|    FF   |   LUT   | URAM|
+---------------------+---------+-------+---------+---------+-----+
|DSP                  |        -|      2|        -|        -|    -|
|Expression           |        -|      -|        0|      205|    -|
|FIFO                 |        -|      -|        -|        -|    -|
|Instance             |        -|      -|      273|     3018|    -|
|Memory               |        -|      -|        -|        -|    -|
|Multiplexer          |        -|      -|        -|        9|    -|
|Register             |        0|      -|      277|       96|    -|
+---------------------+---------+-------+---------+---------+-----+
|Total                |        0|      2|      550|     3328|    0|
+---------------------+---------+-------+---------+---------+-----+
|Available SLR        |     1440|   2280|   788160|   394080|  320|
+---------------------+---------+-------+---------+---------+-----+
|Utilization SLR (%)  |        0|   ~0  |    ~0   |    ~0   |    0|
+---------------------+---------+-------+---------+---------+-----+
|Available            |     4320|   6840|  2364480|  1182240|  960|
+---------------------+---------+-------+---------+---------+-----+
|Utilization (%)      |        0|   ~0  |    ~0   |    ~0   |    0|
+---------------------+---------+-------+---------+---------+-----+

+ Detail: 
    * Instance: 
    +----------------------------------------+------------------------------+---------+-------+-----+------+-----+
    |                Instance                |            Module            | BRAM_18K| DSP48E|  FF |  LUT | URAM|
    +----------------------------------------+------------------------------+---------+-------+-----+------+-----+
    |grp_cordic_circ_apfixed_18_3_0_s_fu_66  |cordic_circ_apfixed_18_3_0_s  |        0|      0|  273|  3018|    0|
    +----------------------------------------+------------------------------+---------+-------+-----+------+-----+
    |Total                                   |                              |        0|      0|  273|  3018|    0|
    +----------------------------------------+------------------------------+---------+-------+-----+------+-----+

    * DSP48E: 
    +----------------------------------------------+-------------------------------------------+--------------+
    |                   Instance                   |                   Module                  |  Expression  |
    +----------------------------------------------+-------------------------------------------+--------------+
    |myproject_mac_mulsub_6ns_19ns_23ns_25_1_0_U3  |myproject_mac_mulsub_6ns_19ns_23ns_25_1_0  | i0 - i1 * i2 |
    |myproject_mul_mul_16ns_24ns_39_1_0_U2         |myproject_mul_mul_16ns_24ns_39_1_0         |    i0 * i1   |
    +----------------------------------------------+-------------------------------------------+--------------+

    * Memory: 
    N/A

    * FIFO: 
    N/A

    * Expression: 
    +------------------------+----------+-------+---+----+------------+------------+
    |      Variable Name     | Operation| DSP48E| FF| LUT| Bitwidth P0| Bitwidth P1|
    +------------------------+----------+-------+---+----+------------+------------+
    |inabs_V_fu_77_p2        |     -    |      0|  0|  23|           1|          16|
    |ret_V_51_fu_158_p2      |     -    |      0|  0|  25|          17|          18|
    |sub_ln1253_fu_212_p2    |     -    |      0|  0|  26|           1|          19|
    |sub_ln703_fu_253_p2     |     -    |      0|  0|  19|           1|          12|
    |and_ln879_fu_240_p2     |    and   |      0|  0|   2|           1|           1|
    |icmp_ln251_fu_174_p2    |   icmp   |      0|  0|   8|           2|           2|
    |icmp_ln879_1_fu_193_p2  |   icmp   |      0|  0|   8|           2|           1|
    |icmp_ln879_fu_136_p2    |   icmp   |      0|  0|   8|           2|           1|
    |sign0_V_fu_71_p2        |   icmp   |      0|  0|  13|          16|           1|
    |or_ln251_fu_179_p2      |    or    |      0|  0|   2|           1|           1|
    |p_Val2_48_fu_245_p3     |  select  |      0|  0|  12|           1|          12|
    |p_Val2_49_fu_258_p3     |  select  |      0|  0|  12|           1|          12|
    |p_Val2_s_fu_83_p3       |  select  |      0|  0|  16|           1|          16|
    |select_ln879_fu_228_p3  |  select  |      0|  0|  12|           1|          12|
    |z_V_1_fu_185_p3         |  select  |      0|  0|  17|           1|          17|
    |xor_ln879_fu_235_p2     |    xor   |      0|  0|   2|           1|           2|
    +------------------------+----------+-------+---+----+------------+------------+
    |Total                   |          |      0|  0| 205|          50|         143|
    +------------------------+----------+-------+---+----+------------+------------+

    * Multiplexer: 
    +-----------+----+-----------+-----+-----------+
    |    Name   | LUT| Input Size| Bits| Total Bits|
    +-----------+----+-----------+-----+-----------+
    |ap_return  |   9|          2|   12|         24|
    +-----------+----+-----------+-----+-----------+
    |Total      |   9|          2|   12|         24|
    +-----------+----+-----------+-----+-----------+

    * Register: 
    +----------------------+----+----+-----+-----------+
    |         Name         | FF | LUT| Bits| Const Bits|
    +----------------------+----+----+-----+-----------+
    |ap_ce_reg             |   1|   0|    1|          0|
    |ap_return_int_reg     |  12|   0|   12|          0|
    |icmp_ln879_1_reg_314  |   1|   0|    1|          0|
    |icmp_ln879_reg_304    |   1|   0|    1|          0|
    |in_V_int_reg          |  16|   0|   16|          0|
    |k_V_reg_297           |   2|   0|    2|          0|
    |p_Val2_48_reg_320     |  12|   0|   12|          0|
    |p_Val2_s_reg_287      |  16|   0|   16|          0|
    |ret_V_reg_292         |   6|   0|    6|          0|
    |sign0_V_reg_282       |   1|   0|    1|          0|
    |z_V_1_reg_309         |  17|   0|   17|          0|
    |icmp_ln879_1_reg_314  |  64|  32|    1|          0|
    |icmp_ln879_reg_304    |  64|  32|    1|          0|
    |sign0_V_reg_282       |  64|  32|    1|          0|
    +----------------------+----+----+-----+-----------+
    |Total                 | 277|  96|   88|          0|
    +----------------------+----+----+-----+-----------+



================================================================
== Interface
================================================================
* Summary: 
+-----------+-----+-----+------------+-----------------------+--------------+
| RTL Ports | Dir | Bits|  Protocol  |     Source Object     |    C Type    |
+-----------+-----+-----+------------+-----------------------+--------------+
|ap_clk     |  in |    1| ap_ctrl_hs | generic_sincos<16, 6> | return value |
|ap_rst     |  in |    1| ap_ctrl_hs | generic_sincos<16, 6> | return value |
|ap_return  | out |   12| ap_ctrl_hs | generic_sincos<16, 6> | return value |
|ap_ce      |  in |    1| ap_ctrl_hs | generic_sincos<16, 6> | return value |
|in_V       |  in |   16|   ap_none  |          in_V         |    scalar    |
+-----------+-----+-----+------------+-----------------------+--------------+

