

================================================================
== Vivado HLS Report for 'myproject'
================================================================
* Date:           Sun Feb 26 11:06:58 2023

* Version:        2020.1 (Build 2897737 on Wed May 27 20:21:37 MDT 2020)
* Project:        myproject_prj
* Solution:       solution1
* Product family: virtexuplus
* Target device:  xcvu9p-flga2577-2-e


================================================================
== Performance Estimates
================================================================
+ Timing: 
    * Summary: 
    +--------+---------+----------+------------+
    |  Clock |  Target | Estimated| Uncertainty|
    +--------+---------+----------+------------+
    |ap_clk  | 5.00 ns | 4.340 ns |   0.62 ns  |
    +--------+---------+----------+------------+

+ Latency: 
    * Summary: 
    +---------+---------+-----------+-----------+-----+-----+----------+
    |  Latency (cycles) |   Latency (absolute)  |  Interval | Pipeline |
    |   min   |   max   |    min    |    max    | min | max |   Type   |
    +---------+---------+-----------+-----------+-----+-----+----------+
    |        9|        9| 45.000 ns | 45.000 ns |    1|    1| function |
    +---------+---------+-----------+-----------+-----+-----+----------+

    + Detail: 
        * Instance: 
        N/A

        * Loop: 
        N/A

============================================================
+ Verbose Summary: Synthesis Manager
============================================================
InlineROM: 1
ExposeGlobal: 0
============================================================
+ Verbose Summary: CDFG Model
============================================================
IsTopModel: 1
ResetActiveHigh: 1
IsCombinational: 0
IsDatapathOnly: 0
HasWiredReturn: 1
HasMFsm: 2
HasVarLatency: 0
IsPipeline: 1
IsRtlPipelined: 1
IsInstanceOverlapped: 0
IsDontTouch: 0
HasImplIP: 0
IsGatedGlobalClock: 0

+ Individual pipeline summary: 
  * Pipeline-0: initiation interval (II) = 1, depth = 10


============================================================
+ Verbose Summary: Schedule
============================================================
* Number of FSM states : 10
* Pipeline : 1
  Pipeline-0 : II = 1, D = 10, States = { 1 2 3 4 5 6 7 8 9 10 }
* Dataflow Pipeline: 0

* FSM state transitions: 
1 --> 2 
2 --> 3 
3 --> 4 
4 --> 5 
5 --> 6 
6 --> 7 
7 --> 8 
8 --> 9 
9 --> 10 
10 --> 

* FSM state operations: 

State 1 <SV = 0> <Delay = 3.26>
ST_1 : Operation 11 [1/1] (0.00ns)   --->   "%x_V_read = call i176 @_ssdm_op_Read.ap_vld.i176P(i176* %x_V)" [firmware/myproject.cpp:50]   --->   Operation 11 'read' 'x_V_read' <Predicate = true> <Delay = 0.00>
ST_1 : Operation 12 [1/1] (0.00ns)   --->   "%p_Val2_10 = call i11 @_ssdm_op_PartSelect.i11.i176.i32.i32(i176 %x_V_read, i32 154, i32 164)" [firmware/myproject.cpp:50]   --->   Operation 12 'partselect' 'p_Val2_10' <Predicate = true> <Delay = 0.00>
ST_1 : Operation 13 [1/1] (0.00ns)   --->   "%sext_ln700 = sext i11 %p_Val2_10 to i16" [firmware/myproject.cpp:54]   --->   Operation 13 'sext' 'sext_ln700' <Predicate = true> <Delay = 0.00>
ST_1 : Operation 14 [1/1] (0.00ns)   --->   "%p_Val2_1 = call i11 @_ssdm_op_PartSelect.i11.i176.i32.i32(i176 %x_V_read, i32 44, i32 54)" [firmware/myproject.cpp:50]   --->   Operation 14 'partselect' 'p_Val2_1' <Predicate = true> <Delay = 0.00>
ST_1 : Operation 15 [1/1] (0.00ns)   --->   "%p_Val2_2 = call i11 @_ssdm_op_PartSelect.i11.i176.i32.i32(i176 %x_V_read, i32 165, i32 175)" [firmware/myproject.cpp:50]   --->   Operation 15 'partselect' 'p_Val2_2' <Predicate = true> <Delay = 0.00>
ST_1 : Operation 16 [1/1] (0.00ns)   --->   "%p_Val2_3 = call i11 @_ssdm_op_PartSelect.i11.i176.i32.i32(i176 %x_V_read, i32 22, i32 32)" [firmware/myproject.cpp:50]   --->   Operation 16 'partselect' 'p_Val2_3' <Predicate = true> <Delay = 0.00>
ST_1 : Operation 17 [1/1] (0.00ns)   --->   "%sext_ln728 = sext i11 %p_Val2_2 to i16" [firmware/myproject.cpp:53]   --->   Operation 17 'sext' 'sext_ln728' <Predicate = true> <Delay = 0.00>
ST_1 : Operation 18 [1/1] (2.53ns) (root node of the DSP)   --->   "%mul_ln1192_1 = mul i16 -22, %sext_ln728" [firmware/myproject.cpp:50]   --->   Operation 18 'mul' 'mul_ln1192_1' <Predicate = true> <Delay = 2.53> <Core = "DSP48">   --->   Core 88 'DSP48' <Latency = 0> <II = 1> <Delay = 2.53> <IPBlock> <Opcode : 'mul' 'add' 'sub' 'select'> <InPorts = 2> <OutPorts = 1> <Sync> <CReg>
ST_1 : Operation 19 [1/1] (0.00ns)   --->   "%trunc_ln51 = trunc i176 %x_V_read to i11" [firmware/myproject.cpp:51]   --->   Operation 19 'trunc' 'trunc_ln51' <Predicate = true> <Delay = 0.00>
ST_1 : Operation 20 [4/4] (2.53ns)   --->   "%p_Val2_s = call fastcc i7 @"cos_lut<ap_fixed<11, 6, 5, 3, 0> >"(i11 %trunc_ln51)" [firmware/myproject.cpp:51]   --->   Operation 20 'call' 'p_Val2_s' <Predicate = true> <Delay = 2.53> <CoreType = "Generic">   --->   Core 0 '' <Latency = 0> <II = 1> <Delay = 1.00> <Generic> <Opcode : >
ST_1 : Operation 21 [1/1] (0.73ns)   --->   "%sub_ln703_1 = sub i11 %p_Val2_10, %p_Val2_1" [firmware/myproject.cpp:51]   --->   Operation 21 'sub' 'sub_ln703_1' <Predicate = true> <Delay = 0.73> <Core = "AddSub">   --->   Core 14 'AddSub' <Latency = 0> <II = 1> <Delay = 0.95> <FuncUnit> <Opcode : 'add' 'sub'> <InPorts = 2> <OutPorts = 1>
ST_1 : Operation 22 [4/4] (2.53ns)   --->   "%p_4 = call fastcc i7 @"cos_lut<ap_fixed<11, 6, 5, 3, 0> >"(i11 %sub_ln703_1)" [firmware/myproject.cpp:51]   --->   Operation 22 'call' 'p_4' <Predicate = true> <Delay = 2.53> <CoreType = "Generic">   --->   Core 0 '' <Latency = 0> <II = 1> <Delay = 1.00> <Generic> <Opcode : >
ST_1 : Operation 23 [1/1] (0.73ns)   --->   "%add_ln703_2 = add i11 -13, %p_Val2_3" [firmware/myproject.cpp:51]   --->   Operation 23 'add' 'add_ln703_2' <Predicate = true> <Delay = 0.73> <Core = "AddSub">   --->   Core 14 'AddSub' <Latency = 0> <II = 1> <Delay = 0.95> <FuncUnit> <Opcode : 'add' 'sub'> <InPorts = 2> <OutPorts = 1>
ST_1 : Operation 24 [4/4] (2.53ns)   --->   "%p_Val2_5 = call fastcc i7 @"sin_lut<ap_fixed<11, 6, 5, 3, 0> >"(i11 %add_ln703_2)" [firmware/myproject.cpp:51]   --->   Operation 24 'call' 'p_Val2_5' <Predicate = true> <Delay = 2.53> <CoreType = "Generic">   --->   Core 0 '' <Latency = 0> <II = 1> <Delay = 1.00> <Generic> <Opcode : >
ST_1 : Operation 25 [1/1] (0.00ns)   --->   "%p_Val2_7 = call i11 @_ssdm_op_PartSelect.i11.i176.i32.i32(i176 %x_V_read, i32 33, i32 43)" [firmware/myproject.cpp:51]   --->   Operation 25 'partselect' 'p_Val2_7' <Predicate = true> <Delay = 0.00>
ST_1 : Operation 26 [4/4] (2.53ns)   --->   "%p_3 = call fastcc i7 @"cos_lut<ap_fixed<11, 6, 5, 3, 0> >"(i11 %p_Val2_3)" [firmware/myproject.cpp:51]   --->   Operation 26 'call' 'p_3' <Predicate = true> <Delay = 2.53> <CoreType = "Generic">   --->   Core 0 '' <Latency = 0> <II = 1> <Delay = 1.00> <Generic> <Opcode : >
ST_1 : Operation 27 [4/4] (2.53ns)   --->   "%p_Val2_9 = call fastcc i7 @"sin_lut<ap_fixed<11, 6, 5, 3, 0> >"(i11 %p_Val2_7)" [firmware/myproject.cpp:53]   --->   Operation 27 'call' 'p_Val2_9' <Predicate = true> <Delay = 2.53> <CoreType = "Generic">   --->   Core 0 '' <Latency = 0> <II = 1> <Delay = 1.00> <Generic> <Opcode : >
ST_1 : Operation 28 [1/1] (0.49ns) (grouped into DSP with root node ret_V_42)   --->   "%mul_ln700_5 = mul i16 156, %sext_ln700" [firmware/myproject.cpp:54]   --->   Operation 28 'mul' 'mul_ln700_5' <Predicate = true> <Delay = 0.49> <Core = "DSP48">   --->   Core 88 'DSP48' <Latency = 0> <II = 1> <Delay = 2.53> <IPBlock> <Opcode : 'mul' 'add' 'sub' 'select'> <InPorts = 2> <OutPorts = 1> <Sync> <CReg>
ST_1 : Operation 29 [1/1] (0.00ns)   --->   "%rhs_V_6 = call i16 @_ssdm_op_BitConcatenate.i16.i11.i5(i11 %p_Val2_7, i5 0)" [firmware/myproject.cpp:54]   --->   Operation 29 'bitconcatenate' 'rhs_V_6' <Predicate = true> <Delay = 0.00>
ST_1 : Operation 30 [1/1] (2.03ns) (root node of the DSP)   --->   "%ret_V_42 = add i16 %rhs_V_6, %mul_ln700_5" [firmware/myproject.cpp:54]   --->   Operation 30 'add' 'ret_V_42' <Predicate = true> <Delay = 2.03> <Core = "DSP48">   --->   Core 88 'DSP48' <Latency = 0> <II = 1> <Delay = 2.53> <IPBlock> <Opcode : 'mul' 'add' 'sub' 'select'> <InPorts = 2> <OutPorts = 1> <Sync> <CReg>
ST_1 : Operation 31 [1/1] (0.00ns)   --->   "%trunc_ln708_9 = call i11 @_ssdm_op_PartSelect.i11.i16.i32.i32(i16 %ret_V_42, i32 5, i32 15)" [firmware/myproject.cpp:54]   --->   Operation 31 'partselect' 'trunc_ln708_9' <Predicate = true> <Delay = 0.00>

State 2 <SV = 1> <Delay = 4.33>
ST_2 : Operation 32 [1/1] (0.00ns)   --->   "%sext_ln703 = sext i11 %p_Val2_10 to i18" [firmware/myproject.cpp:53]   --->   Operation 32 'sext' 'sext_ln703' <Predicate = true> <Delay = 0.00>
ST_2 : Operation 33 [4/4] (2.53ns)   --->   "%p_0 = call fastcc i7 @"sin_lut<ap_fixed<11, 6, 5, 3, 0> >"(i11 %p_Val2_3)" [firmware/myproject.cpp:50]   --->   Operation 33 'call' 'p_0' <Predicate = true> <Delay = 2.53> <CoreType = "Generic">   --->   Core 0 '' <Latency = 0> <II = 1> <Delay = 1.00> <Generic> <Opcode : >
ST_2 : Operation 34 [1/1] (0.00ns)   --->   "%sext_ln1192 = sext i11 %p_Val2_3 to i16" [firmware/myproject.cpp:50]   --->   Operation 34 'sext' 'sext_ln1192' <Predicate = true> <Delay = 0.00>
ST_2 : Operation 35 [1/1] (0.49ns) (grouped into DSP with root node add_ln1192_2)   --->   "%mul_ln1192 = mul i16 22, %sext_ln1192" [firmware/myproject.cpp:50]   --->   Operation 35 'mul' 'mul_ln1192' <Predicate = true> <Delay = 0.49> <Core = "DSP48">   --->   Core 88 'DSP48' <Latency = 0> <II = 1> <Delay = 2.53> <IPBlock> <Opcode : 'mul' 'add' 'sub' 'select'> <InPorts = 2> <OutPorts = 1> <Sync> <CReg>
ST_2 : Operation 36 [1/1] (2.03ns) (root node of the DSP)   --->   "%add_ln1192_2 = add i16 %mul_ln1192_1, %mul_ln1192" [firmware/myproject.cpp:50]   --->   Operation 36 'add' 'add_ln1192_2' <Predicate = true> <Delay = 2.03> <Core = "DSP48">   --->   Core 88 'DSP48' <Latency = 0> <II = 1> <Delay = 2.53> <IPBlock> <Opcode : 'mul' 'add' 'sub' 'select'> <InPorts = 2> <OutPorts = 1> <Sync> <CReg>
ST_2 : Operation 37 [1/1] (0.78ns)   --->   "%ret_V_30 = add i16 800, %add_ln1192_2" [firmware/myproject.cpp:50]   --->   Operation 37 'add' 'ret_V_30' <Predicate = true> <Delay = 0.78> <Core = "AddSub">   --->   Core 14 'AddSub' <Latency = 0> <II = 1> <Delay = 0.95> <FuncUnit> <Opcode : 'add' 'sub'> <InPorts = 2> <OutPorts = 1>
ST_2 : Operation 38 [1/1] (0.00ns)   --->   "%trunc_ln = call i11 @_ssdm_op_PartSelect.i11.i16.i32.i32(i16 %ret_V_30, i32 5, i32 15)" [firmware/myproject.cpp:50]   --->   Operation 38 'partselect' 'trunc_ln' <Predicate = true> <Delay = 0.00>
ST_2 : Operation 39 [3/4] (4.33ns)   --->   "%p_Val2_s = call fastcc i7 @"cos_lut<ap_fixed<11, 6, 5, 3, 0> >"(i11 %trunc_ln51)" [firmware/myproject.cpp:51]   --->   Operation 39 'call' 'p_Val2_s' <Predicate = true> <Delay = 4.33> <CoreType = "Generic">   --->   Core 0 '' <Latency = 0> <II = 1> <Delay = 1.00> <Generic> <Opcode : >
ST_2 : Operation 40 [3/4] (4.33ns)   --->   "%p_4 = call fastcc i7 @"cos_lut<ap_fixed<11, 6, 5, 3, 0> >"(i11 %sub_ln703_1)" [firmware/myproject.cpp:51]   --->   Operation 40 'call' 'p_4' <Predicate = true> <Delay = 4.33> <CoreType = "Generic">   --->   Core 0 '' <Latency = 0> <II = 1> <Delay = 1.00> <Generic> <Opcode : >
ST_2 : Operation 41 [3/4] (4.33ns)   --->   "%p_Val2_5 = call fastcc i7 @"sin_lut<ap_fixed<11, 6, 5, 3, 0> >"(i11 %add_ln703_2)" [firmware/myproject.cpp:51]   --->   Operation 41 'call' 'p_Val2_5' <Predicate = true> <Delay = 4.33> <CoreType = "Generic">   --->   Core 0 '' <Latency = 0> <II = 1> <Delay = 1.00> <Generic> <Opcode : >
ST_2 : Operation 42 [1/1] (0.00ns)   --->   "%shl_ln1118_5 = call i15 @_ssdm_op_BitConcatenate.i15.i11.i4(i11 %p_Val2_2, i4 0)" [firmware/myproject.cpp:51]   --->   Operation 42 'bitconcatenate' 'shl_ln1118_5' <Predicate = true> <Delay = 0.00>
ST_2 : Operation 43 [1/1] (0.00ns)   --->   "%sext_ln1118_10 = sext i15 %shl_ln1118_5 to i16" [firmware/myproject.cpp:51]   --->   Operation 43 'sext' 'sext_ln1118_10' <Predicate = true> <Delay = 0.00>
ST_2 : Operation 44 [1/1] (0.00ns)   --->   "%shl_ln1118_6 = call i13 @_ssdm_op_BitConcatenate.i13.i11.i2(i11 %p_Val2_2, i2 0)" [firmware/myproject.cpp:51]   --->   Operation 44 'bitconcatenate' 'shl_ln1118_6' <Predicate = true> <Delay = 0.00>
ST_2 : Operation 45 [1/1] (0.00ns)   --->   "%sext_ln1118_11 = sext i13 %shl_ln1118_6 to i16" [firmware/myproject.cpp:51]   --->   Operation 45 'sext' 'sext_ln1118_11' <Predicate = true> <Delay = 0.00>
ST_2 : Operation 46 [1/1] (0.77ns)   --->   "%r_V_33 = sub i16 %sext_ln1118_10, %sext_ln1118_11" [firmware/myproject.cpp:51]   --->   Operation 46 'sub' 'r_V_33' <Predicate = true> <Delay = 0.77> <Core = "AddSub">   --->   Core 14 'AddSub' <Latency = 0> <II = 1> <Delay = 0.95> <FuncUnit> <Opcode : 'add' 'sub'> <InPorts = 2> <OutPorts = 1>
ST_2 : Operation 47 [1/1] (0.00ns)   --->   "%trunc_ln708_2 = call i11 @_ssdm_op_PartSelect.i11.i16.i32.i32(i16 %r_V_33, i32 5, i32 15)" [firmware/myproject.cpp:51]   --->   Operation 47 'partselect' 'trunc_ln708_2' <Predicate = true> <Delay = 0.00>
ST_2 : Operation 48 [4/4] (2.53ns)   --->   "%p_Val2_6 = call fastcc i7 @"sin_lut<ap_fixed<11, 6, 5, 3, 0> >"(i11 %trunc_ln708_2)" [firmware/myproject.cpp:51]   --->   Operation 48 'call' 'p_Val2_6' <Predicate = true> <Delay = 2.53> <CoreType = "Generic">   --->   Core 0 '' <Latency = 0> <II = 1> <Delay = 1.00> <Generic> <Opcode : >
ST_2 : Operation 49 [4/4] (2.53ns)   --->   "%p_Val2_4 = call fastcc i7 @"cos_lut<ap_fixed<11, 6, 5, 3, 0> >"(i11 %p_Val2_7)" [firmware/myproject.cpp:51]   --->   Operation 49 'call' 'p_Val2_4' <Predicate = true> <Delay = 2.53> <CoreType = "Generic">   --->   Core 0 '' <Latency = 0> <II = 1> <Delay = 1.00> <Generic> <Opcode : >
ST_2 : Operation 50 [3/4] (4.33ns)   --->   "%p_3 = call fastcc i7 @"cos_lut<ap_fixed<11, 6, 5, 3, 0> >"(i11 %p_Val2_3)" [firmware/myproject.cpp:51]   --->   Operation 50 'call' 'p_3' <Predicate = true> <Delay = 4.33> <CoreType = "Generic">   --->   Core 0 '' <Latency = 0> <II = 1> <Delay = 1.00> <Generic> <Opcode : >
ST_2 : Operation 51 [1/1] (0.00ns)   --->   "%lhs_V_2 = sext i11 %p_Val2_10 to i12" [firmware/myproject.cpp:52]   --->   Operation 51 'sext' 'lhs_V_2' <Predicate = true> <Delay = 0.00>
ST_2 : Operation 52 [1/1] (0.00ns)   --->   "%rhs_V_3 = sext i11 %p_Val2_7 to i12" [firmware/myproject.cpp:52]   --->   Operation 52 'sext' 'rhs_V_3' <Predicate = true> <Delay = 0.00>
ST_2 : Operation 53 [1/1] (0.73ns)   --->   "%ret_V_35 = sub i12 %lhs_V_2, %rhs_V_3" [firmware/myproject.cpp:52]   --->   Operation 53 'sub' 'ret_V_35' <Predicate = true> <Delay = 0.73> <Core = "AddSub">   --->   Core 14 'AddSub' <Latency = 0> <II = 1> <Delay = 0.95> <FuncUnit> <Opcode : 'add' 'sub'> <InPorts = 2> <OutPorts = 1>
ST_2 : Operation 54 [1/1] (0.00ns)   --->   "%lhs_V_4 = sext i12 %ret_V_35 to i13" [firmware/myproject.cpp:52]   --->   Operation 54 'sext' 'lhs_V_4' <Predicate = true> <Delay = 0.00>
ST_2 : Operation 55 [1/1] (0.74ns)   --->   "%ret_V_13 = add nsw i13 22, %lhs_V_4" [firmware/myproject.cpp:52]   --->   Operation 55 'add' 'ret_V_13' <Predicate = true> <Delay = 0.74> <Core = "AddSub">   --->   Core 14 'AddSub' <Latency = 0> <II = 1> <Delay = 0.95> <FuncUnit> <Opcode : 'add' 'sub'> <InPorts = 2> <OutPorts = 1>
ST_2 : Operation 56 [1/1] (0.00ns)   --->   "%sext_ln1118_16 = sext i13 %ret_V_13 to i16" [firmware/myproject.cpp:52]   --->   Operation 56 'sext' 'sext_ln1118_16' <Predicate = true> <Delay = 0.00>
ST_2 : Operation 57 [1/1] (0.00ns)   --->   "%lhs_V_5 = call i16 @_ssdm_op_BitConcatenate.i16.i11.i5(i11 %p_Val2_3, i5 0)" [firmware/myproject.cpp:52]   --->   Operation 57 'bitconcatenate' 'lhs_V_5' <Predicate = true> <Delay = 0.00>
ST_2 : Operation 58 [1/1] (0.49ns) (grouped into DSP with root node ret_V_36)   --->   "%mul_ln1193 = mul i16 %sext_ln1118_16, %sext_ln1118_16" [firmware/myproject.cpp:52]   --->   Operation 58 'mul' 'mul_ln1193' <Predicate = true> <Delay = 0.49> <Core = "DSP48">   --->   Core 88 'DSP48' <Latency = 0> <II = 1> <Delay = 2.53> <IPBlock> <Opcode : 'mul' 'add' 'sub' 'select'> <InPorts = 2> <OutPorts = 1> <Sync> <CReg>
ST_2 : Operation 59 [1/1] (2.03ns) (root node of the DSP)   --->   "%ret_V_36 = sub i16 %lhs_V_5, %mul_ln1193" [firmware/myproject.cpp:52]   --->   Operation 59 'sub' 'ret_V_36' <Predicate = true> <Delay = 2.03> <Core = "DSP48">   --->   Core 88 'DSP48' <Latency = 0> <II = 1> <Delay = 2.53> <IPBlock> <Opcode : 'mul' 'add' 'sub' 'select'> <InPorts = 2> <OutPorts = 1> <Sync> <CReg>
ST_2 : Operation 60 [1/1] (0.00ns)   --->   "%trunc_ln708_4 = call i11 @_ssdm_op_PartSelect.i11.i16.i32.i32(i16 %ret_V_36, i32 5, i32 15)" [firmware/myproject.cpp:52]   --->   Operation 60 'partselect' 'trunc_ln708_4' <Predicate = true> <Delay = 0.00>
ST_2 : Operation 61 [3/4] (4.33ns)   --->   "%p_Val2_9 = call fastcc i7 @"sin_lut<ap_fixed<11, 6, 5, 3, 0> >"(i11 %p_Val2_7)" [firmware/myproject.cpp:53]   --->   Operation 61 'call' 'p_Val2_9' <Predicate = true> <Delay = 4.33> <CoreType = "Generic">   --->   Core 0 '' <Latency = 0> <II = 1> <Delay = 1.00> <Generic> <Opcode : >
ST_2 : Operation 62 [1/1] (0.00ns)   --->   "%sext_ln1118_18 = sext i11 %p_Val2_7 to i16" [firmware/myproject.cpp:53]   --->   Operation 62 'sext' 'sext_ln1118_18' <Predicate = true> <Delay = 0.00>
ST_2 : Operation 63 [1/1] (0.49ns) (grouped into DSP with root node ret_V_39)   --->   "%mul_ln1192_6 = mul i16 75, %sext_ln1118_18" [firmware/myproject.cpp:53]   --->   Operation 63 'mul' 'mul_ln1192_6' <Predicate = true> <Delay = 0.49> <Core = "DSP48">   --->   Core 88 'DSP48' <Latency = 0> <II = 1> <Delay = 2.53> <IPBlock> <Opcode : 'mul' 'add' 'sub' 'select'> <InPorts = 2> <OutPorts = 1> <Sync> <CReg>
ST_2 : Operation 64 [1/1] (2.03ns) (root node of the DSP)   --->   "%ret_V_39 = add i16 864, %mul_ln1192_6" [firmware/myproject.cpp:53]   --->   Operation 64 'add' 'ret_V_39' <Predicate = true> <Delay = 2.03> <Core = "DSP48">   --->   Core 88 'DSP48' <Latency = 0> <II = 1> <Delay = 2.53> <IPBlock> <Opcode : 'mul' 'add' 'sub' 'select'> <InPorts = 2> <OutPorts = 1> <Sync> <CReg>
ST_2 : Operation 65 [1/1] (0.00ns)   --->   "%trunc_ln708_6 = call i11 @_ssdm_op_PartSelect.i11.i16.i32.i32(i16 %ret_V_39, i32 5, i32 15)" [firmware/myproject.cpp:53]   --->   Operation 65 'partselect' 'trunc_ln708_6' <Predicate = true> <Delay = 0.00>
ST_2 : Operation 66 [1/1] (0.49ns) (grouped into DSP with root node ret_V_20)   --->   "%mul_ln703 = mul i18 75, %sext_ln703" [firmware/myproject.cpp:53]   --->   Operation 66 'mul' 'mul_ln703' <Predicate = true> <Delay = 0.49> <Core = "DSP48">   --->   Core 88 'DSP48' <Latency = 0> <II = 1> <Delay = 2.53> <IPBlock> <Opcode : 'mul' 'add' 'sub' 'select'> <InPorts = 2> <OutPorts = 1> <Sync> <CReg>
ST_2 : Operation 67 [1/1] (2.03ns) (root node of the DSP)   --->   "%ret_V_20 = add i18 4512, %mul_ln703" [firmware/myproject.cpp:53]   --->   Operation 67 'add' 'ret_V_20' <Predicate = true> <Delay = 2.03> <Core = "DSP48">   --->   Core 88 'DSP48' <Latency = 0> <II = 1> <Delay = 2.53> <IPBlock> <Opcode : 'mul' 'add' 'sub' 'select'> <InPorts = 2> <OutPorts = 1> <Sync> <CReg>
ST_2 : Operation 68 [4/4] (2.53ns)   --->   "%p_7 = call fastcc i7 @"sin_lut<ap_fixed<11, 6, 5, 3, 0> >"(i11 %trunc_ln708_9)" [firmware/myproject.cpp:54]   --->   Operation 68 'call' 'p_7' <Predicate = true> <Delay = 2.53> <CoreType = "Generic">   --->   Core 0 '' <Latency = 0> <II = 1> <Delay = 1.00> <Generic> <Opcode : >
ST_2 : Operation 69 [1/1] (0.49ns) (grouped into DSP with root node ret_V_43)   --->   "%mul_ln1192_9 = mul i16 91, %sext_ln1118_18" [firmware/myproject.cpp:54]   --->   Operation 69 'mul' 'mul_ln1192_9' <Predicate = true> <Delay = 0.49> <Core = "DSP48">   --->   Core 88 'DSP48' <Latency = 0> <II = 1> <Delay = 2.53> <IPBlock> <Opcode : 'mul' 'add' 'sub' 'select'> <InPorts = 2> <OutPorts = 1> <Sync> <CReg>
ST_2 : Operation 70 [1/1] (2.03ns) (root node of the DSP)   --->   "%ret_V_43 = add i16 160, %mul_ln1192_9" [firmware/myproject.cpp:54]   --->   Operation 70 'add' 'ret_V_43' <Predicate = true> <Delay = 2.03> <Core = "DSP48">   --->   Core 88 'DSP48' <Latency = 0> <II = 1> <Delay = 2.53> <IPBlock> <Opcode : 'mul' 'add' 'sub' 'select'> <InPorts = 2> <OutPorts = 1> <Sync> <CReg>
ST_2 : Operation 71 [1/1] (0.00ns)   --->   "%trunc_ln708_s = call i11 @_ssdm_op_PartSelect.i11.i16.i32.i32(i16 %ret_V_43, i32 5, i32 15)" [firmware/myproject.cpp:54]   --->   Operation 71 'partselect' 'trunc_ln708_s' <Predicate = true> <Delay = 0.00>

State 3 <SV = 2> <Delay = 4.33>
ST_3 : Operation 72 [3/4] (4.33ns)   --->   "%p_0 = call fastcc i7 @"sin_lut<ap_fixed<11, 6, 5, 3, 0> >"(i11 %p_Val2_3)" [firmware/myproject.cpp:50]   --->   Operation 72 'call' 'p_0' <Predicate = true> <Delay = 4.33> <CoreType = "Generic">   --->   Core 0 '' <Latency = 0> <II = 1> <Delay = 1.00> <Generic> <Opcode : >
ST_3 : Operation 73 [1/1] (0.73ns)   --->   "%add_ln703 = add i11 %p_Val2_2, %p_Val2_1" [firmware/myproject.cpp:50]   --->   Operation 73 'add' 'add_ln703' <Predicate = true> <Delay = 0.73> <Core = "AddSub">   --->   Core 14 'AddSub' <Latency = 0> <II = 1> <Delay = 0.95> <FuncUnit> <Opcode : 'add' 'sub'> <InPorts = 2> <OutPorts = 1>
ST_3 : Operation 74 [4/4] (2.53ns)   --->   "%p_s = call fastcc i7 @"cos_lut<ap_fixed<11, 6, 5, 3, 0> >"(i11 %add_ln703)" [firmware/myproject.cpp:50]   --->   Operation 74 'call' 'p_s' <Predicate = true> <Delay = 2.53> <CoreType = "Generic">   --->   Core 0 '' <Latency = 0> <II = 1> <Delay = 1.00> <Generic> <Opcode : >
ST_3 : Operation 75 [4/4] (2.53ns)   --->   "%p_1 = call fastcc i7 @"sin_lut<ap_fixed<11, 6, 5, 3, 0> >"(i11 %trunc_ln)" [firmware/myproject.cpp:50]   --->   Operation 75 'call' 'p_1' <Predicate = true> <Delay = 2.53> <CoreType = "Generic">   --->   Core 0 '' <Latency = 0> <II = 1> <Delay = 1.00> <Generic> <Opcode : >
ST_3 : Operation 76 [1/1] (0.00ns) (grouped into TernaryAdder)   --->   "%sub_ln703 = sub i11 %p_Val2_10, %p_Val2_3" [firmware/myproject.cpp:50]   --->   Operation 76 'sub' 'sub_ln703' <Predicate = true> <Delay = 0.00> <Core = "TAddSub">   --->   Core 83 'TAddSub' <Latency = 0> <II = 1> <Delay = 0.33> <IPBlock> <Opcode : 'add' 'sub'> <InPorts = 3> <OutPorts = 1> <Sync> <CReg>
ST_3 : Operation 77 [1/1] (0.77ns) (root node of TernaryAdder)   --->   "%add_ln703_1 = add i11 9, %sub_ln703" [firmware/myproject.cpp:50]   --->   Operation 77 'add' 'add_ln703_1' <Predicate = true> <Delay = 0.77> <Core = "TAddSub">   --->   Core 83 'TAddSub' <Latency = 0> <II = 1> <Delay = 0.33> <IPBlock> <Opcode : 'add' 'sub'> <InPorts = 3> <OutPorts = 1> <Sync> <CReg>
ST_3 : Operation 78 [4/4] (2.53ns)   --->   "%p_2 = call fastcc i7 @"sin_lut<ap_fixed<11, 6, 5, 3, 0> >"(i11 %add_ln703_1)" [firmware/myproject.cpp:50]   --->   Operation 78 'call' 'p_2' <Predicate = true> <Delay = 2.53> <CoreType = "Generic">   --->   Core 0 '' <Latency = 0> <II = 1> <Delay = 1.00> <Generic> <Opcode : >
ST_3 : Operation 79 [2/4] (4.33ns)   --->   "%p_Val2_s = call fastcc i7 @"cos_lut<ap_fixed<11, 6, 5, 3, 0> >"(i11 %trunc_ln51)" [firmware/myproject.cpp:51]   --->   Operation 79 'call' 'p_Val2_s' <Predicate = true> <Delay = 4.33> <CoreType = "Generic">   --->   Core 0 '' <Latency = 0> <II = 1> <Delay = 1.00> <Generic> <Opcode : >
ST_3 : Operation 80 [2/4] (4.33ns)   --->   "%p_4 = call fastcc i7 @"cos_lut<ap_fixed<11, 6, 5, 3, 0> >"(i11 %sub_ln703_1)" [firmware/myproject.cpp:51]   --->   Operation 80 'call' 'p_4' <Predicate = true> <Delay = 4.33> <CoreType = "Generic">   --->   Core 0 '' <Latency = 0> <II = 1> <Delay = 1.00> <Generic> <Opcode : >
ST_3 : Operation 81 [2/4] (4.33ns)   --->   "%p_Val2_5 = call fastcc i7 @"sin_lut<ap_fixed<11, 6, 5, 3, 0> >"(i11 %add_ln703_2)" [firmware/myproject.cpp:51]   --->   Operation 81 'call' 'p_Val2_5' <Predicate = true> <Delay = 4.33> <CoreType = "Generic">   --->   Core 0 '' <Latency = 0> <II = 1> <Delay = 1.00> <Generic> <Opcode : >
ST_3 : Operation 82 [3/4] (4.33ns)   --->   "%p_Val2_6 = call fastcc i7 @"sin_lut<ap_fixed<11, 6, 5, 3, 0> >"(i11 %trunc_ln708_2)" [firmware/myproject.cpp:51]   --->   Operation 82 'call' 'p_Val2_6' <Predicate = true> <Delay = 4.33> <CoreType = "Generic">   --->   Core 0 '' <Latency = 0> <II = 1> <Delay = 1.00> <Generic> <Opcode : >
ST_3 : Operation 83 [3/4] (4.33ns)   --->   "%p_Val2_4 = call fastcc i7 @"cos_lut<ap_fixed<11, 6, 5, 3, 0> >"(i11 %p_Val2_7)" [firmware/myproject.cpp:51]   --->   Operation 83 'call' 'p_Val2_4' <Predicate = true> <Delay = 4.33> <CoreType = "Generic">   --->   Core 0 '' <Latency = 0> <II = 1> <Delay = 1.00> <Generic> <Opcode : >
ST_3 : Operation 84 [4/4] (2.53ns)   --->   "%p_8 = call fastcc i7 @"sin_lut<ap_fixed<11, 6, 5, 3, 0> >"(i11 %p_Val2_10)" [firmware/myproject.cpp:51]   --->   Operation 84 'call' 'p_8' <Predicate = true> <Delay = 2.53> <CoreType = "Generic">   --->   Core 0 '' <Latency = 0> <II = 1> <Delay = 1.00> <Generic> <Opcode : >
ST_3 : Operation 85 [2/4] (4.33ns)   --->   "%p_3 = call fastcc i7 @"cos_lut<ap_fixed<11, 6, 5, 3, 0> >"(i11 %p_Val2_3)" [firmware/myproject.cpp:51]   --->   Operation 85 'call' 'p_3' <Predicate = true> <Delay = 4.33> <CoreType = "Generic">   --->   Core 0 '' <Latency = 0> <II = 1> <Delay = 1.00> <Generic> <Opcode : >
ST_3 : Operation 86 [4/4] (2.53ns)   --->   "%p_Val2_8 = call fastcc i7 @"sin_lut<ap_fixed<11, 6, 5, 3, 0> >"(i11 %trunc_ln708_4)" [firmware/myproject.cpp:52]   --->   Operation 86 'call' 'p_Val2_8' <Predicate = true> <Delay = 2.53> <CoreType = "Generic">   --->   Core 0 '' <Latency = 0> <II = 1> <Delay = 1.00> <Generic> <Opcode : >
ST_3 : Operation 87 [2/4] (4.33ns)   --->   "%p_Val2_9 = call fastcc i7 @"sin_lut<ap_fixed<11, 6, 5, 3, 0> >"(i11 %p_Val2_7)" [firmware/myproject.cpp:53]   --->   Operation 87 'call' 'p_Val2_9' <Predicate = true> <Delay = 4.33> <CoreType = "Generic">   --->   Core 0 '' <Latency = 0> <II = 1> <Delay = 1.00> <Generic> <Opcode : >
ST_3 : Operation 88 [4/4] (2.53ns)   --->   "%p_5 = call fastcc i7 @"cos_lut<ap_fixed<11, 6, 5, 3, 0> >"(i11 %trunc_ln708_6)" [firmware/myproject.cpp:53]   --->   Operation 88 'call' 'p_5' <Predicate = true> <Delay = 2.53> <CoreType = "Generic">   --->   Core 0 '' <Latency = 0> <II = 1> <Delay = 1.00> <Generic> <Opcode : >
ST_3 : Operation 89 [1/1] (0.00ns)   --->   "%sext_ln700_9 = sext i11 %p_Val2_10 to i21" [firmware/myproject.cpp:53]   --->   Operation 89 'sext' 'sext_ln700_9' <Predicate = true> <Delay = 0.00>
ST_3 : Operation 90 [1/1] (0.00ns)   --->   "%sext_ln700_10 = sext i18 %ret_V_20 to i21" [firmware/myproject.cpp:53]   --->   Operation 90 'sext' 'sext_ln700_10' <Predicate = true> <Delay = 0.00>
ST_3 : Operation 91 [1/1] (0.49ns) (grouped into DSP with root node ret_V_40)   --->   "%mul_ln700_4 = mul i21 %sext_ln700_10, %sext_ln700_9" [firmware/myproject.cpp:53]   --->   Operation 91 'mul' 'mul_ln700_4' <Predicate = true> <Delay = 0.49> <Core = "DSP48">   --->   Core 88 'DSP48' <Latency = 0> <II = 1> <Delay = 2.53> <IPBlock> <Opcode : 'mul' 'add' 'sub' 'select'> <InPorts = 2> <OutPorts = 1> <Sync> <CReg>
ST_3 : Operation 92 [1/1] (0.00ns)   --->   "%rhs_V_5 = call i21 @_ssdm_op_BitConcatenate.i21.i11.i10(i11 %p_Val2_7, i10 0)" [firmware/myproject.cpp:53]   --->   Operation 92 'bitconcatenate' 'rhs_V_5' <Predicate = true> <Delay = 0.00>
ST_3 : Operation 93 [1/1] (2.03ns) (root node of the DSP)   --->   "%ret_V_40 = add i21 %rhs_V_5, %mul_ln700_4" [firmware/myproject.cpp:53]   --->   Operation 93 'add' 'ret_V_40' <Predicate = true> <Delay = 2.03> <Core = "DSP48">   --->   Core 88 'DSP48' <Latency = 0> <II = 1> <Delay = 2.53> <IPBlock> <Opcode : 'mul' 'add' 'sub' 'select'> <InPorts = 2> <OutPorts = 1> <Sync> <CReg>
ST_3 : Operation 94 [1/1] (0.00ns)   --->   "%trunc_ln708_7 = call i11 @_ssdm_op_PartSelect.i11.i21.i32.i32(i21 %ret_V_40, i32 10, i32 20)" [firmware/myproject.cpp:53]   --->   Operation 94 'partselect' 'trunc_ln708_7' <Predicate = true> <Delay = 0.00>
ST_3 : Operation 95 [3/4] (4.33ns)   --->   "%p_7 = call fastcc i7 @"sin_lut<ap_fixed<11, 6, 5, 3, 0> >"(i11 %trunc_ln708_9)" [firmware/myproject.cpp:54]   --->   Operation 95 'call' 'p_7' <Predicate = true> <Delay = 4.33> <CoreType = "Generic">   --->   Core 0 '' <Latency = 0> <II = 1> <Delay = 1.00> <Generic> <Opcode : >
ST_3 : Operation 96 [4/4] (2.53ns)   --->   "%p_10 = call fastcc i7 @"cos_lut<ap_fixed<11, 6, 5, 3, 0> >"(i11 %trunc_ln708_s)" [firmware/myproject.cpp:54]   --->   Operation 96 'call' 'p_10' <Predicate = true> <Delay = 2.53> <CoreType = "Generic">   --->   Core 0 '' <Latency = 0> <II = 1> <Delay = 1.00> <Generic> <Opcode : >

State 4 <SV = 3> <Delay = 4.33>
ST_4 : Operation 97 [1/1] (0.00ns)   --->   "%r_V_30 = call i12 @_ssdm_op_BitConcatenate.i12.i11.i1(i11 %p_Val2_2, i1 false)" [firmware/myproject.cpp:50]   --->   Operation 97 'bitconcatenate' 'r_V_30' <Predicate = true> <Delay = 0.00>
ST_4 : Operation 98 [1/1] (0.00ns)   --->   "%sext_ln1118_6 = sext i12 %r_V_30 to i16" [firmware/myproject.cpp:50]   --->   Operation 98 'sext' 'sext_ln1118_6' <Predicate = true> <Delay = 0.00>
ST_4 : Operation 99 [2/4] (4.33ns)   --->   "%p_0 = call fastcc i7 @"sin_lut<ap_fixed<11, 6, 5, 3, 0> >"(i11 %p_Val2_3)" [firmware/myproject.cpp:50]   --->   Operation 99 'call' 'p_0' <Predicate = true> <Delay = 4.33> <CoreType = "Generic">   --->   Core 0 '' <Latency = 0> <II = 1> <Delay = 1.00> <Generic> <Opcode : >
ST_4 : Operation 100 [3/4] (4.33ns)   --->   "%p_s = call fastcc i7 @"cos_lut<ap_fixed<11, 6, 5, 3, 0> >"(i11 %add_ln703)" [firmware/myproject.cpp:50]   --->   Operation 100 'call' 'p_s' <Predicate = true> <Delay = 4.33> <CoreType = "Generic">   --->   Core 0 '' <Latency = 0> <II = 1> <Delay = 1.00> <Generic> <Opcode : >
ST_4 : Operation 101 [3/4] (4.33ns)   --->   "%p_1 = call fastcc i7 @"sin_lut<ap_fixed<11, 6, 5, 3, 0> >"(i11 %trunc_ln)" [firmware/myproject.cpp:50]   --->   Operation 101 'call' 'p_1' <Predicate = true> <Delay = 4.33> <CoreType = "Generic">   --->   Core 0 '' <Latency = 0> <II = 1> <Delay = 1.00> <Generic> <Opcode : >
ST_4 : Operation 102 [3/4] (4.33ns)   --->   "%p_2 = call fastcc i7 @"sin_lut<ap_fixed<11, 6, 5, 3, 0> >"(i11 %add_ln703_1)" [firmware/myproject.cpp:50]   --->   Operation 102 'call' 'p_2' <Predicate = true> <Delay = 4.33> <CoreType = "Generic">   --->   Core 0 '' <Latency = 0> <II = 1> <Delay = 1.00> <Generic> <Opcode : >
ST_4 : Operation 103 [1/4] (2.87ns)   --->   "%p_Val2_s = call fastcc i7 @"cos_lut<ap_fixed<11, 6, 5, 3, 0> >"(i11 %trunc_ln51)" [firmware/myproject.cpp:51]   --->   Operation 103 'call' 'p_Val2_s' <Predicate = true> <Delay = 2.87> <CoreType = "Generic">   --->   Core 0 '' <Latency = 0> <II = 1> <Delay = 1.00> <Generic> <Opcode : >
ST_4 : Operation 104 [1/4] (2.87ns)   --->   "%p_4 = call fastcc i7 @"cos_lut<ap_fixed<11, 6, 5, 3, 0> >"(i11 %sub_ln703_1)" [firmware/myproject.cpp:51]   --->   Operation 104 'call' 'p_4' <Predicate = true> <Delay = 2.87> <CoreType = "Generic">   --->   Core 0 '' <Latency = 0> <II = 1> <Delay = 1.00> <Generic> <Opcode : >
ST_4 : Operation 105 [1/4] (2.85ns)   --->   "%p_Val2_5 = call fastcc i7 @"sin_lut<ap_fixed<11, 6, 5, 3, 0> >"(i11 %add_ln703_2)" [firmware/myproject.cpp:51]   --->   Operation 105 'call' 'p_Val2_5' <Predicate = true> <Delay = 2.85> <CoreType = "Generic">   --->   Core 0 '' <Latency = 0> <II = 1> <Delay = 1.00> <Generic> <Opcode : >
ST_4 : Operation 106 [2/4] (4.33ns)   --->   "%p_Val2_6 = call fastcc i7 @"sin_lut<ap_fixed<11, 6, 5, 3, 0> >"(i11 %trunc_ln708_2)" [firmware/myproject.cpp:51]   --->   Operation 106 'call' 'p_Val2_6' <Predicate = true> <Delay = 4.33> <CoreType = "Generic">   --->   Core 0 '' <Latency = 0> <II = 1> <Delay = 1.00> <Generic> <Opcode : >
ST_4 : Operation 107 [2/4] (4.33ns)   --->   "%p_Val2_4 = call fastcc i7 @"cos_lut<ap_fixed<11, 6, 5, 3, 0> >"(i11 %p_Val2_7)" [firmware/myproject.cpp:51]   --->   Operation 107 'call' 'p_Val2_4' <Predicate = true> <Delay = 4.33> <CoreType = "Generic">   --->   Core 0 '' <Latency = 0> <II = 1> <Delay = 1.00> <Generic> <Opcode : >
ST_4 : Operation 108 [3/4] (4.33ns)   --->   "%p_8 = call fastcc i7 @"sin_lut<ap_fixed<11, 6, 5, 3, 0> >"(i11 %p_Val2_10)" [firmware/myproject.cpp:51]   --->   Operation 108 'call' 'p_8' <Predicate = true> <Delay = 4.33> <CoreType = "Generic">   --->   Core 0 '' <Latency = 0> <II = 1> <Delay = 1.00> <Generic> <Opcode : >
ST_4 : Operation 109 [1/1] (0.73ns)   --->   "%add_ln703_3 = add i11 -2, %p_Val2_7" [firmware/myproject.cpp:51]   --->   Operation 109 'add' 'add_ln703_3' <Predicate = true> <Delay = 0.73> <Core = "AddSub">   --->   Core 14 'AddSub' <Latency = 0> <II = 1> <Delay = 0.95> <FuncUnit> <Opcode : 'add' 'sub'> <InPorts = 2> <OutPorts = 1>
ST_4 : Operation 110 [4/4] (2.53ns)   --->   "%p_9 = call fastcc i7 @"sin_lut<ap_fixed<11, 6, 5, 3, 0> >"(i11 %add_ln703_3)" [firmware/myproject.cpp:51]   --->   Operation 110 'call' 'p_9' <Predicate = true> <Delay = 2.53> <CoreType = "Generic">   --->   Core 0 '' <Latency = 0> <II = 1> <Delay = 1.00> <Generic> <Opcode : >
ST_4 : Operation 111 [1/4] (2.87ns)   --->   "%p_3 = call fastcc i7 @"cos_lut<ap_fixed<11, 6, 5, 3, 0> >"(i11 %p_Val2_3)" [firmware/myproject.cpp:51]   --->   Operation 111 'call' 'p_3' <Predicate = true> <Delay = 2.87> <CoreType = "Generic">   --->   Core 0 '' <Latency = 0> <II = 1> <Delay = 1.00> <Generic> <Opcode : >
ST_4 : Operation 112 [1/1] (0.00ns)   --->   "%r_V_12 = sext i11 %p_Val2_7 to i22" [firmware/myproject.cpp:52]   --->   Operation 112 'sext' 'r_V_12' <Predicate = true> <Delay = 0.00>
ST_4 : Operation 113 [1/1] (2.53ns) (root node of the DSP)   --->   "%r_V_13 = mul i22 %r_V_12, %r_V_12" [firmware/myproject.cpp:52]   --->   Operation 113 'mul' 'r_V_13' <Predicate = true> <Delay = 2.53> <Core = "DSP48">   --->   Core 88 'DSP48' <Latency = 0> <II = 1> <Delay = 2.53> <IPBlock> <Opcode : 'mul' 'add' 'sub' 'select'> <InPorts = 2> <OutPorts = 1> <Sync> <CReg>
ST_4 : Operation 114 [1/1] (0.00ns)   --->   "%rhs_V_2 = sext i11 %p_Val2_1 to i12" [firmware/myproject.cpp:52]   --->   Operation 114 'sext' 'rhs_V_2' <Predicate = true> <Delay = 0.00>
ST_4 : Operation 115 [1/1] (0.73ns)   --->   "%ret_V_34 = sub i12 %lhs_V_2, %rhs_V_2" [firmware/myproject.cpp:52]   --->   Operation 115 'sub' 'ret_V_34' <Predicate = true> <Delay = 0.73> <Core = "AddSub">   --->   Core 14 'AddSub' <Latency = 0> <II = 1> <Delay = 0.95> <FuncUnit> <Opcode : 'add' 'sub'> <InPorts = 2> <OutPorts = 1>
ST_4 : Operation 116 [1/1] (0.00ns)   --->   "%lhs_V_3 = sext i12 %ret_V_34 to i13" [firmware/myproject.cpp:52]   --->   Operation 116 'sext' 'lhs_V_3' <Predicate = true> <Delay = 0.00>
ST_4 : Operation 117 [1/1] (0.74ns)   --->   "%ret_V_11 = add nsw i13 17, %lhs_V_3" [firmware/myproject.cpp:52]   --->   Operation 117 'add' 'ret_V_11' <Predicate = true> <Delay = 0.74> <Core = "AddSub">   --->   Core 14 'AddSub' <Latency = 0> <II = 1> <Delay = 0.95> <FuncUnit> <Opcode : 'add' 'sub'> <InPorts = 2> <OutPorts = 1>
ST_4 : Operation 118 [1/1] (0.00ns)   --->   "%r_V_14 = sext i13 %ret_V_11 to i26" [firmware/myproject.cpp:52]   --->   Operation 118 'sext' 'r_V_14' <Predicate = true> <Delay = 0.00>
ST_4 : Operation 119 [1/1] (2.53ns) (root node of the DSP)   --->   "%r_V_15 = mul i26 %r_V_14, %r_V_14" [firmware/myproject.cpp:52]   --->   Operation 119 'mul' 'r_V_15' <Predicate = true> <Delay = 2.53> <Core = "DSP48">   --->   Core 88 'DSP48' <Latency = 0> <II = 1> <Delay = 2.53> <IPBlock> <Opcode : 'mul' 'add' 'sub' 'select'> <InPorts = 2> <OutPorts = 1> <Sync> <CReg>
ST_4 : Operation 120 [3/4] (4.33ns)   --->   "%p_Val2_8 = call fastcc i7 @"sin_lut<ap_fixed<11, 6, 5, 3, 0> >"(i11 %trunc_ln708_4)" [firmware/myproject.cpp:52]   --->   Operation 120 'call' 'p_Val2_8' <Predicate = true> <Delay = 4.33> <CoreType = "Generic">   --->   Core 0 '' <Latency = 0> <II = 1> <Delay = 1.00> <Generic> <Opcode : >
ST_4 : Operation 121 [1/1] (2.53ns) (root node of the DSP)   --->   "%mul_ln728 = mul i16 -21, %sext_ln728" [firmware/myproject.cpp:53]   --->   Operation 121 'mul' 'mul_ln728' <Predicate = true> <Delay = 2.53> <Core = "DSP48">   --->   Core 88 'DSP48' <Latency = 0> <II = 1> <Delay = 2.53> <IPBlock> <Opcode : 'mul' 'add' 'sub' 'select'> <InPorts = 2> <OutPorts = 1> <Sync> <CReg>
ST_4 : Operation 122 [1/4] (2.85ns)   --->   "%p_Val2_9 = call fastcc i7 @"sin_lut<ap_fixed<11, 6, 5, 3, 0> >"(i11 %p_Val2_7)" [firmware/myproject.cpp:53]   --->   Operation 122 'call' 'p_Val2_9' <Predicate = true> <Delay = 2.85> <CoreType = "Generic">   --->   Core 0 '' <Latency = 0> <II = 1> <Delay = 1.00> <Generic> <Opcode : >
ST_4 : Operation 123 [1/1] (0.00ns)   --->   "%sext_ln703_10 = sext i7 %p_Val2_9 to i8" [firmware/myproject.cpp:53]   --->   Operation 123 'sext' 'sext_ln703_10' <Predicate = true> <Delay = 0.00>
ST_4 : Operation 124 [1/1] (0.70ns)   --->   "%ret_V_16 = add i8 13, %sext_ln703_10" [firmware/myproject.cpp:53]   --->   Operation 124 'add' 'ret_V_16' <Predicate = true> <Delay = 0.70> <Core = "AddSub">   --->   Core 14 'AddSub' <Latency = 0> <II = 1> <Delay = 0.95> <FuncUnit> <Opcode : 'add' 'sub'> <InPorts = 2> <OutPorts = 1>
ST_4 : Operation 125 [3/4] (4.33ns)   --->   "%p_5 = call fastcc i7 @"cos_lut<ap_fixed<11, 6, 5, 3, 0> >"(i11 %trunc_ln708_6)" [firmware/myproject.cpp:53]   --->   Operation 125 'call' 'p_5' <Predicate = true> <Delay = 4.33> <CoreType = "Generic">   --->   Core 0 '' <Latency = 0> <II = 1> <Delay = 1.00> <Generic> <Opcode : >
ST_4 : Operation 126 [4/4] (2.53ns)   --->   "%p_6 = call fastcc i7 @"cos_lut<ap_fixed<11, 6, 5, 3, 0> >"(i11 %trunc_ln708_7)" [firmware/myproject.cpp:53]   --->   Operation 126 'call' 'p_6' <Predicate = true> <Delay = 2.53> <CoreType = "Generic">   --->   Core 0 '' <Latency = 0> <II = 1> <Delay = 1.00> <Generic> <Opcode : >
ST_4 : Operation 127 [2/4] (4.33ns)   --->   "%p_7 = call fastcc i7 @"sin_lut<ap_fixed<11, 6, 5, 3, 0> >"(i11 %trunc_ln708_9)" [firmware/myproject.cpp:54]   --->   Operation 127 'call' 'p_7' <Predicate = true> <Delay = 4.33> <CoreType = "Generic">   --->   Core 0 '' <Latency = 0> <II = 1> <Delay = 1.00> <Generic> <Opcode : >
ST_4 : Operation 128 [3/4] (4.33ns)   --->   "%p_10 = call fastcc i7 @"cos_lut<ap_fixed<11, 6, 5, 3, 0> >"(i11 %trunc_ln708_s)" [firmware/myproject.cpp:54]   --->   Operation 128 'call' 'p_10' <Predicate = true> <Delay = 4.33> <CoreType = "Generic">   --->   Core 0 '' <Latency = 0> <II = 1> <Delay = 1.00> <Generic> <Opcode : >
ST_4 : Operation 129 [1/1] (0.77ns)   --->   "%r_V_37 = sub i16 %sext_ln1118_10, %sext_ln1118_6" [firmware/myproject.cpp:54]   --->   Operation 129 'sub' 'r_V_37' <Predicate = true> <Delay = 0.77> <Core = "AddSub">   --->   Core 14 'AddSub' <Latency = 0> <II = 1> <Delay = 0.95> <FuncUnit> <Opcode : 'add' 'sub'> <InPorts = 2> <OutPorts = 1>
ST_4 : Operation 130 [1/1] (0.00ns)   --->   "%shl_ln1118_7 = call i15 @_ssdm_op_BitConcatenate.i15.i11.i4(i11 %p_Val2_7, i4 0)" [firmware/myproject.cpp:54]   --->   Operation 130 'bitconcatenate' 'shl_ln1118_7' <Predicate = true> <Delay = 0.00>
ST_4 : Operation 131 [1/1] (0.00ns)   --->   "%sext_ln1118_20 = sext i15 %shl_ln1118_7 to i16" [firmware/myproject.cpp:54]   --->   Operation 131 'sext' 'sext_ln1118_20' <Predicate = true> <Delay = 0.00>
ST_4 : Operation 132 [1/1] (0.00ns)   --->   "%shl_ln1118_8 = call i12 @_ssdm_op_BitConcatenate.i12.i11.i1(i11 %p_Val2_7, i1 false)" [firmware/myproject.cpp:54]   --->   Operation 132 'bitconcatenate' 'shl_ln1118_8' <Predicate = true> <Delay = 0.00>
ST_4 : Operation 133 [1/1] (0.00ns)   --->   "%sext_ln1118_21 = sext i12 %shl_ln1118_8 to i16" [firmware/myproject.cpp:54]   --->   Operation 133 'sext' 'sext_ln1118_21' <Predicate = true> <Delay = 0.00>
ST_4 : Operation 134 [1/1] (0.77ns)   --->   "%r_V_38 = sub i16 %sext_ln1118_20, %sext_ln1118_21" [firmware/myproject.cpp:54]   --->   Operation 134 'sub' 'r_V_38' <Predicate = true> <Delay = 0.77> <Core = "AddSub">   --->   Core 14 'AddSub' <Latency = 0> <II = 1> <Delay = 0.95> <FuncUnit> <Opcode : 'add' 'sub'> <InPorts = 2> <OutPorts = 1>
ST_4 : Operation 135 [1/1] (0.00ns) (grouped into TernaryAdder)   --->   "%add_ln1192_21 = add i16 %r_V_37, %r_V_38" [firmware/myproject.cpp:54]   --->   Operation 135 'add' 'add_ln1192_21' <Predicate = true> <Delay = 0.00> <Core = "TAddSub">   --->   Core 83 'TAddSub' <Latency = 0> <II = 1> <Delay = 0.33> <IPBlock> <Opcode : 'add' 'sub'> <InPorts = 3> <OutPorts = 1> <Sync> <CReg>
ST_4 : Operation 136 [1/1] (0.67ns) (root node of TernaryAdder)   --->   "%ret_V_44 = add i16 384, %add_ln1192_21" [firmware/myproject.cpp:54]   --->   Operation 136 'add' 'ret_V_44' <Predicate = true> <Delay = 0.67> <Core = "TAddSub">   --->   Core 83 'TAddSub' <Latency = 0> <II = 1> <Delay = 0.33> <IPBlock> <Opcode : 'add' 'sub'> <InPorts = 3> <OutPorts = 1> <Sync> <CReg>
ST_4 : Operation 137 [1/1] (0.00ns)   --->   "%trunc_ln708_10 = call i11 @_ssdm_op_PartSelect.i11.i16.i32.i32(i16 %ret_V_44, i32 5, i32 15)" [firmware/myproject.cpp:54]   --->   Operation 137 'partselect' 'trunc_ln708_10' <Predicate = true> <Delay = 0.00>
ST_4 : Operation 138 [4/4] (2.53ns)   --->   "%p_11 = call fastcc i7 @"cos_lut<ap_fixed<11, 6, 5, 3, 0> >"(i11 %trunc_ln708_10)" [firmware/myproject.cpp:54]   --->   Operation 138 'call' 'p_11' <Predicate = true> <Delay = 2.53> <CoreType = "Generic">   --->   Core 0 '' <Latency = 0> <II = 1> <Delay = 1.00> <Generic> <Opcode : >

State 5 <SV = 4> <Delay = 4.33>
ST_5 : Operation 139 [1/1] (0.00ns)   --->   "%sext_ln1118 = sext i11 %p_Val2_10 to i14" [firmware/myproject.cpp:50]   --->   Operation 139 'sext' 'sext_ln1118' <Predicate = true> <Delay = 0.00>
ST_5 : Operation 140 [1/1] (0.00ns)   --->   "%shl_ln = call i13 @_ssdm_op_BitConcatenate.i13.i11.i2(i11 %p_Val2_10, i2 0)" [firmware/myproject.cpp:50]   --->   Operation 140 'bitconcatenate' 'shl_ln' <Predicate = true> <Delay = 0.00>
ST_5 : Operation 141 [1/1] (0.00ns)   --->   "%sext_ln1118_1 = sext i13 %shl_ln to i14" [firmware/myproject.cpp:50]   --->   Operation 141 'sext' 'sext_ln1118_1' <Predicate = true> <Delay = 0.00>
ST_5 : Operation 142 [1/1] (0.75ns)   --->   "%r_V_28 = add i14 %sext_ln1118_1, %sext_ln1118" [firmware/myproject.cpp:50]   --->   Operation 142 'add' 'r_V_28' <Predicate = true> <Delay = 0.75> <Core = "AddSub">   --->   Core 14 'AddSub' <Latency = 0> <II = 1> <Delay = 0.95> <FuncUnit> <Opcode : 'add' 'sub'> <InPorts = 2> <OutPorts = 1>
ST_5 : Operation 143 [1/1] (0.00ns)   --->   "%sext_ln1118_2 = sext i11 %p_Val2_1 to i18" [firmware/myproject.cpp:50]   --->   Operation 143 'sext' 'sext_ln1118_2' <Predicate = true> <Delay = 0.00>
ST_5 : Operation 144 [1/1] (0.00ns)   --->   "%sext_ln1118_3 = sext i11 %p_Val2_1 to i14" [firmware/myproject.cpp:50]   --->   Operation 144 'sext' 'sext_ln1118_3' <Predicate = true> <Delay = 0.00>
ST_5 : Operation 145 [1/1] (0.00ns)   --->   "%shl_ln1118_1 = call i13 @_ssdm_op_BitConcatenate.i13.i11.i2(i11 %p_Val2_1, i2 0)" [firmware/myproject.cpp:50]   --->   Operation 145 'bitconcatenate' 'shl_ln1118_1' <Predicate = true> <Delay = 0.00>
ST_5 : Operation 146 [1/1] (0.00ns)   --->   "%sext_ln1118_4 = sext i13 %shl_ln1118_1 to i14" [firmware/myproject.cpp:50]   --->   Operation 146 'sext' 'sext_ln1118_4' <Predicate = true> <Delay = 0.00>
ST_5 : Operation 147 [1/1] (0.75ns)   --->   "%r_V_29 = add i14 %sext_ln1118_4, %sext_ln1118_3" [firmware/myproject.cpp:50]   --->   Operation 147 'add' 'r_V_29' <Predicate = true> <Delay = 0.75> <Core = "AddSub">   --->   Core 14 'AddSub' <Latency = 0> <II = 1> <Delay = 0.95> <FuncUnit> <Opcode : 'add' 'sub'> <InPorts = 2> <OutPorts = 1>
ST_5 : Operation 148 [1/1] (0.00ns)   --->   "%sext_ln703_1 = sext i14 %r_V_28 to i15" [firmware/myproject.cpp:50]   --->   Operation 148 'sext' 'sext_ln703_1' <Predicate = true> <Delay = 0.00>
ST_5 : Operation 149 [1/1] (0.00ns)   --->   "%sext_ln703_2 = sext i14 %r_V_29 to i15" [firmware/myproject.cpp:50]   --->   Operation 149 'sext' 'sext_ln703_2' <Predicate = true> <Delay = 0.00>
ST_5 : Operation 150 [1/1] (0.76ns)   --->   "%ret_V_28 = sub i15 %sext_ln703_1, %sext_ln703_2" [firmware/myproject.cpp:50]   --->   Operation 150 'sub' 'ret_V_28' <Predicate = true> <Delay = 0.76> <Core = "AddSub">   --->   Core 14 'AddSub' <Latency = 0> <II = 1> <Delay = 0.95> <FuncUnit> <Opcode : 'add' 'sub'> <InPorts = 2> <OutPorts = 1>
ST_5 : Operation 151 [1/1] (0.00ns)   --->   "%sext_ln1118_5 = sext i12 %r_V_30 to i13" [firmware/myproject.cpp:50]   --->   Operation 151 'sext' 'sext_ln1118_5' <Predicate = true> <Delay = 0.00>
ST_5 : Operation 152 [1/4] (2.85ns)   --->   "%p_0 = call fastcc i7 @"sin_lut<ap_fixed<11, 6, 5, 3, 0> >"(i11 %p_Val2_3)" [firmware/myproject.cpp:50]   --->   Operation 152 'call' 'p_0' <Predicate = true> <Delay = 2.85> <CoreType = "Generic">   --->   Core 0 '' <Latency = 0> <II = 1> <Delay = 1.00> <Generic> <Opcode : >
ST_5 : Operation 153 [1/1] (0.00ns)   --->   "%sext_ln1118_7 = sext i7 %p_0 to i14" [firmware/myproject.cpp:50]   --->   Operation 153 'sext' 'sext_ln1118_7' <Predicate = true> <Delay = 0.00>
ST_5 : Operation 154 [1/1] (0.00ns)   --->   "%tmp_4 = call i8 @_ssdm_op_BitConcatenate.i8.i7.i1(i7 %p_0, i1 false)" [firmware/myproject.cpp:50]   --->   Operation 154 'bitconcatenate' 'tmp_4' <Predicate = true> <Delay = 0.00>
ST_5 : Operation 155 [1/1] (0.00ns)   --->   "%sext_ln1118_8 = sext i8 %tmp_4 to i13" [firmware/myproject.cpp:50]   --->   Operation 155 'sext' 'sext_ln1118_8' <Predicate = true> <Delay = 0.00>
ST_5 : Operation 156 [1/1] (0.74ns)   --->   "%add_ln1192 = add i13 %sext_ln1118_5, %sext_ln1118_8" [firmware/myproject.cpp:50]   --->   Operation 156 'add' 'add_ln1192' <Predicate = true> <Delay = 0.74> <Core = "AddSub">   --->   Core 14 'AddSub' <Latency = 0> <II = 1> <Delay = 0.95> <FuncUnit> <Opcode : 'add' 'sub'> <InPorts = 2> <OutPorts = 1>
ST_5 : Operation 157 [2/4] (4.33ns)   --->   "%p_s = call fastcc i7 @"cos_lut<ap_fixed<11, 6, 5, 3, 0> >"(i11 %add_ln703)" [firmware/myproject.cpp:50]   --->   Operation 157 'call' 'p_s' <Predicate = true> <Delay = 4.33> <CoreType = "Generic">   --->   Core 0 '' <Latency = 0> <II = 1> <Delay = 1.00> <Generic> <Opcode : >
ST_5 : Operation 158 [1/1] (0.00ns)   --->   "%r_V_9 = sext i11 %p_Val2_3 to i22" [firmware/myproject.cpp:50]   --->   Operation 158 'sext' 'r_V_9' <Predicate = true> <Delay = 0.00>
ST_5 : Operation 159 [2/4] (4.33ns)   --->   "%p_1 = call fastcc i7 @"sin_lut<ap_fixed<11, 6, 5, 3, 0> >"(i11 %trunc_ln)" [firmware/myproject.cpp:50]   --->   Operation 159 'call' 'p_1' <Predicate = true> <Delay = 4.33> <CoreType = "Generic">   --->   Core 0 '' <Latency = 0> <II = 1> <Delay = 1.00> <Generic> <Opcode : >
ST_5 : Operation 160 [2/4] (4.33ns)   --->   "%p_2 = call fastcc i7 @"sin_lut<ap_fixed<11, 6, 5, 3, 0> >"(i11 %add_ln703_1)" [firmware/myproject.cpp:50]   --->   Operation 160 'call' 'p_2' <Predicate = true> <Delay = 4.33> <CoreType = "Generic">   --->   Core 0 '' <Latency = 0> <II = 1> <Delay = 1.00> <Generic> <Opcode : >
ST_5 : Operation 161 [1/1] (0.00ns)   --->   "%r_V = sext i11 %p_Val2_2 to i12" [firmware/myproject.cpp:51]   --->   Operation 161 'sext' 'r_V' <Predicate = true> <Delay = 0.00>
ST_5 : Operation 162 [1/1] (0.73ns)   --->   "%r_V_32 = sub i12 0, %r_V" [firmware/myproject.cpp:51]   --->   Operation 162 'sub' 'r_V_32' <Predicate = true> <Delay = 0.73> <Core = "AddSub">   --->   Core 14 'AddSub' <Latency = 0> <II = 1> <Delay = 0.95> <FuncUnit> <Opcode : 'add' 'sub'> <InPorts = 2> <OutPorts = 1>
ST_5 : Operation 163 [1/1] (0.00ns)   --->   "%sext_ln703_4 = sext i7 %p_Val2_s to i12" [firmware/myproject.cpp:51]   --->   Operation 163 'sext' 'sext_ln703_4' <Predicate = true> <Delay = 0.00>
ST_5 : Operation 164 [1/1] (0.00ns) (grouped into TernaryAdder)   --->   "%ret_V_32 = sub i12 %r_V_32, %sext_ln703_4" [firmware/myproject.cpp:51]   --->   Operation 164 'sub' 'ret_V_32' <Predicate = true> <Delay = 0.00> <Core = "TAddSub">   --->   Core 83 'TAddSub' <Latency = 0> <II = 1> <Delay = 0.33> <IPBlock> <Opcode : 'add' 'sub'> <InPorts = 3> <OutPorts = 1> <Sync> <CReg>
ST_5 : Operation 165 [1/1] (0.75ns) (root node of TernaryAdder)   --->   "%ret_V = add i12 103, %ret_V_32" [firmware/myproject.cpp:51]   --->   Operation 165 'add' 'ret_V' <Predicate = true> <Delay = 0.75> <Core = "TAddSub">   --->   Core 83 'TAddSub' <Latency = 0> <II = 1> <Delay = 0.33> <IPBlock> <Opcode : 'add' 'sub'> <InPorts = 3> <OutPorts = 1> <Sync> <CReg>
ST_5 : Operation 166 [1/1] (0.00ns)   --->   "%sext_ln728_2 = sext i12 %ret_V to i18" [firmware/myproject.cpp:51]   --->   Operation 166 'sext' 'sext_ln728_2' <Predicate = true> <Delay = 0.00>
ST_5 : Operation 167 [1/1] (0.00ns)   --->   "%sext_ln728_3 = sext i7 %p_4 to i18" [firmware/myproject.cpp:51]   --->   Operation 167 'sext' 'sext_ln728_3' <Predicate = true> <Delay = 0.00>
ST_5 : Operation 168 [1/1] (0.49ns) (grouped into DSP with root node ret_V_6)   --->   "%mul_ln728_1 = mul i18 %sext_ln728_2, %sext_ln728_3" [firmware/myproject.cpp:51]   --->   Operation 168 'mul' 'mul_ln728_1' <Predicate = true> <Delay = 0.49> <Core = "DSP48">   --->   Core 88 'DSP48' <Latency = 0> <II = 1> <Delay = 2.53> <IPBlock> <Opcode : 'mul' 'add' 'sub' 'select'> <InPorts = 2> <OutPorts = 1> <Sync> <CReg>
ST_5 : Operation 169 [1/1] (0.00ns)   --->   "%tmp_7 = call i12 @_ssdm_op_BitConcatenate.i12.i7.i5(i7 %p_Val2_5, i5 0)" [firmware/myproject.cpp:51]   --->   Operation 169 'bitconcatenate' 'tmp_7' <Predicate = true> <Delay = 0.00>
ST_5 : Operation 170 [1/1] (0.00ns)   --->   "%sext_ln1193_1 = sext i12 %tmp_7 to i18" [firmware/myproject.cpp:51]   --->   Operation 170 'sext' 'sext_ln1193_1' <Predicate = true> <Delay = 0.00>
ST_5 : Operation 171 [1/1] (2.03ns) (root node of the DSP)   --->   "%ret_V_6 = sub i18 %mul_ln728_1, %sext_ln1193_1" [firmware/myproject.cpp:51]   --->   Operation 171 'sub' 'ret_V_6' <Predicate = true> <Delay = 2.03> <Core = "DSP48">   --->   Core 88 'DSP48' <Latency = 0> <II = 1> <Delay = 2.53> <IPBlock> <Opcode : 'mul' 'add' 'sub' 'select'> <InPorts = 2> <OutPorts = 1> <Sync> <CReg>
ST_5 : Operation 172 [1/4] (2.85ns)   --->   "%p_Val2_6 = call fastcc i7 @"sin_lut<ap_fixed<11, 6, 5, 3, 0> >"(i11 %trunc_ln708_2)" [firmware/myproject.cpp:51]   --->   Operation 172 'call' 'p_Val2_6' <Predicate = true> <Delay = 2.85> <CoreType = "Generic">   --->   Core 0 '' <Latency = 0> <II = 1> <Delay = 1.00> <Generic> <Opcode : >
ST_5 : Operation 173 [1/4] (2.87ns)   --->   "%p_Val2_4 = call fastcc i7 @"cos_lut<ap_fixed<11, 6, 5, 3, 0> >"(i11 %p_Val2_7)" [firmware/myproject.cpp:51]   --->   Operation 173 'call' 'p_Val2_4' <Predicate = true> <Delay = 2.87> <CoreType = "Generic">   --->   Core 0 '' <Latency = 0> <II = 1> <Delay = 1.00> <Generic> <Opcode : >
ST_5 : Operation 174 [2/4] (4.33ns)   --->   "%p_8 = call fastcc i7 @"sin_lut<ap_fixed<11, 6, 5, 3, 0> >"(i11 %p_Val2_10)" [firmware/myproject.cpp:51]   --->   Operation 174 'call' 'p_8' <Predicate = true> <Delay = 4.33> <CoreType = "Generic">   --->   Core 0 '' <Latency = 0> <II = 1> <Delay = 1.00> <Generic> <Opcode : >
ST_5 : Operation 175 [3/4] (4.33ns)   --->   "%p_9 = call fastcc i7 @"sin_lut<ap_fixed<11, 6, 5, 3, 0> >"(i11 %add_ln703_3)" [firmware/myproject.cpp:51]   --->   Operation 175 'call' 'p_9' <Predicate = true> <Delay = 4.33> <CoreType = "Generic">   --->   Core 0 '' <Latency = 0> <II = 1> <Delay = 1.00> <Generic> <Opcode : >
ST_5 : Operation 176 [1/1] (0.00ns)   --->   "%sext_ln1118_13 = sext i11 %p_Val2_2 to i21" [firmware/myproject.cpp:52]   --->   Operation 176 'sext' 'sext_ln1118_13' <Predicate = true> <Delay = 0.00>
ST_5 : Operation 177 [1/1] (0.00ns)   --->   "%sext_ln1118_15 = sext i11 %p_Val2_2 to i21" [firmware/myproject.cpp:52]   --->   Operation 177 'sext' 'sext_ln1118_15' <Predicate = true> <Delay = 0.00>
ST_5 : Operation 178 [1/1] (0.00ns)   --->   "%rhs_V_7 = call i16 @_ssdm_op_BitConcatenate.i16.i11.i5(i11 %p_Val2_2, i5 0)" [firmware/myproject.cpp:52]   --->   Operation 178 'bitconcatenate' 'rhs_V_7' <Predicate = true> <Delay = 0.00>
ST_5 : Operation 179 [1/1] (0.00ns)   --->   "%sext_ln728_4 = sext i16 %rhs_V_7 to i18" [firmware/myproject.cpp:52]   --->   Operation 179 'sext' 'sext_ln728_4' <Predicate = true> <Delay = 0.00>
ST_5 : Operation 180 [1/1] (0.00ns)   --->   "%sext_ln1192_10 = sext i16 %rhs_V_7 to i21" [firmware/myproject.cpp:52]   --->   Operation 180 'sext' 'sext_ln1192_10' <Predicate = true> <Delay = 0.00>
ST_5 : Operation 181 [1/1] (0.49ns) (grouped into DSP with root node sub_ln700_2)   --->   "%mul_ln1192_12 = mul i21 %sext_ln1118_15, %sext_ln1118_13" [firmware/myproject.cpp:52]   --->   Operation 181 'mul' 'mul_ln1192_12' <Predicate = true> <Delay = 0.49> <Core = "DSP48">   --->   Core 88 'DSP48' <Latency = 0> <II = 1> <Delay = 2.53> <IPBlock> <Opcode : 'mul' 'add' 'sub' 'select'> <InPorts = 2> <OutPorts = 1> <Sync> <CReg>
ST_5 : Operation 182 [1/1] (2.53ns) (root node of the DSP)   --->   "%r_V_10 = mul i22 %r_V_9, %r_V_9" [firmware/myproject.cpp:52]   --->   Operation 182 'mul' 'r_V_10' <Predicate = true> <Delay = 2.53> <Core = "DSP48">   --->   Core 88 'DSP48' <Latency = 0> <II = 1> <Delay = 2.53> <IPBlock> <Opcode : 'mul' 'add' 'sub' 'select'> <InPorts = 2> <OutPorts = 1> <Sync> <CReg>
ST_5 : Operation 183 [1/1] (0.00ns)   --->   "%sext_ln1118_14 = sext i7 %p_3 to i18" [firmware/myproject.cpp:52]   --->   Operation 183 'sext' 'sext_ln1118_14' <Predicate = true> <Delay = 0.00>
ST_5 : Operation 184 [1/1] (0.49ns) (grouped into DSP with root node ret_V_9)   --->   "%r_V_36 = mul i18 %sext_ln1118_2, %sext_ln1118_14" [firmware/myproject.cpp:52]   --->   Operation 184 'mul' 'r_V_36' <Predicate = true> <Delay = 0.49> <Core = "DSP48">   --->   Core 88 'DSP48' <Latency = 0> <II = 1> <Delay = 2.53> <IPBlock> <Opcode : 'mul' 'add' 'sub' 'select'> <InPorts = 2> <OutPorts = 1> <Sync> <CReg>
ST_5 : Operation 185 [1/1] (2.03ns) (root node of the DSP)   --->   "%ret_V_9 = add i18 %sext_ln728_4, %r_V_36" [firmware/myproject.cpp:52]   --->   Operation 185 'add' 'ret_V_9' <Predicate = true> <Delay = 2.03> <Core = "DSP48">   --->   Core 88 'DSP48' <Latency = 0> <II = 1> <Delay = 2.53> <IPBlock> <Opcode : 'mul' 'add' 'sub' 'select'> <InPorts = 2> <OutPorts = 1> <Sync> <CReg>
ST_5 : Operation 186 [1/1] (2.03ns) (root node of the DSP)   --->   "%sub_ln700_2 = sub i21 %sext_ln1192_10, %mul_ln1192_12" [firmware/myproject.cpp:52]   --->   Operation 186 'sub' 'sub_ln700_2' <Predicate = true> <Delay = 2.03> <Core = "DSP48">   --->   Core 88 'DSP48' <Latency = 0> <II = 1> <Delay = 2.53> <IPBlock> <Opcode : 'mul' 'add' 'sub' 'select'> <InPorts = 2> <OutPorts = 1> <Sync> <CReg>
ST_5 : Operation 187 [1/1] (0.00ns)   --->   "%sext_ln700_6 = sext i22 %r_V_13 to i41" [firmware/myproject.cpp:52]   --->   Operation 187 'sext' 'sext_ln700_6' <Predicate = true> <Delay = 0.00>
ST_5 : Operation 188 [1/1] (0.00ns)   --->   "%sext_ln700_7 = sext i26 %r_V_15 to i41" [firmware/myproject.cpp:52]   --->   Operation 188 'sext' 'sext_ln700_7' <Predicate = true> <Delay = 0.00>
ST_5 : Operation 189 [1/1] (2.73ns)   --->   "%mul_ln700_2 = mul i41 %sext_ln700_7, %sext_ln700_6" [firmware/myproject.cpp:52]   --->   Operation 189 'mul' 'mul_ln700_2' <Predicate = true> <Delay = 2.73> <Core = "Mul">   --->   Core 16 'Mul' <Latency = 0> <II = 1> <Delay = 3.68> <FuncUnit> <Opcode : 'mul'> <InPorts = 2> <OutPorts = 1>
ST_5 : Operation 190 [1/1] (1.27ns)   --->   "%r_V_16 = mul i14 %sext_ln1118_7, %sext_ln1118_7" [firmware/myproject.cpp:52]   --->   Operation 190 'mul' 'r_V_16' <Predicate = true> <Delay = 1.27> <Core = "Mul">   --->   Core 16 'Mul' <Latency = 0> <II = 1> <Delay = 3.68> <FuncUnit> <Opcode : 'mul'> <InPorts = 2> <OutPorts = 1>
ST_5 : Operation 191 [2/4] (4.33ns)   --->   "%p_Val2_8 = call fastcc i7 @"sin_lut<ap_fixed<11, 6, 5, 3, 0> >"(i11 %trunc_ln708_4)" [firmware/myproject.cpp:52]   --->   Operation 191 'call' 'p_Val2_8' <Predicate = true> <Delay = 4.33> <CoreType = "Generic">   --->   Core 0 '' <Latency = 0> <II = 1> <Delay = 1.00> <Generic> <Opcode : >
ST_5 : Operation 192 [1/1] (0.00ns)   --->   "%sext_ln1116_4 = sext i8 %ret_V_16 to i16" [firmware/myproject.cpp:53]   --->   Operation 192 'sext' 'sext_ln1116_4' <Predicate = true> <Delay = 0.00>
ST_5 : Operation 193 [1/1] (1.55ns)   --->   "%r_V_17 = mul i16 %sext_ln1116_4, %sext_ln1116_4" [firmware/myproject.cpp:53]   --->   Operation 193 'mul' 'r_V_17' <Predicate = true> <Delay = 1.55> <Core = "Mul">   --->   Core 16 'Mul' <Latency = 0> <II = 1> <Delay = 3.68> <FuncUnit> <Opcode : 'mul'> <InPorts = 2> <OutPorts = 1>
ST_5 : Operation 194 [1/1] (0.00ns)   --->   "%sext_ln728_6 = sext i16 %r_V_17 to i22" [firmware/myproject.cpp:53]   --->   Operation 194 'sext' 'sext_ln728_6' <Predicate = true> <Delay = 0.00>
ST_5 : Operation 195 [1/1] (0.00ns)   --->   "%lhs_V_6 = call i21 @_ssdm_op_BitConcatenate.i21.i16.i5(i16 %mul_ln728, i5 0)" [firmware/myproject.cpp:53]   --->   Operation 195 'bitconcatenate' 'lhs_V_6' <Predicate = true> <Delay = 0.00>
ST_5 : Operation 196 [1/1] (0.00ns)   --->   "%sext_ln728_7 = sext i21 %lhs_V_6 to i22" [firmware/myproject.cpp:53]   --->   Operation 196 'sext' 'sext_ln728_7' <Predicate = true> <Delay = 0.00>
ST_5 : Operation 197 [1/1] (0.49ns) (grouped into DSP with root node ret_V_38)   --->   "%mul_ln1193_1 = mul i22 -21, %sext_ln728_6" [firmware/myproject.cpp:53]   --->   Operation 197 'mul' 'mul_ln1193_1' <Predicate = true> <Delay = 0.49> <Core = "DSP48">   --->   Core 88 'DSP48' <Latency = 0> <II = 1> <Delay = 2.53> <IPBlock> <Opcode : 'mul' 'add' 'sub' 'select'> <InPorts = 2> <OutPorts = 1> <Sync> <CReg>
ST_5 : Operation 198 [1/1] (2.03ns) (root node of the DSP)   --->   "%ret_V_38 = add i22 %sext_ln728_7, %mul_ln1193_1" [firmware/myproject.cpp:53]   --->   Operation 198 'add' 'ret_V_38' <Predicate = true> <Delay = 2.03> <Core = "DSP48">   --->   Core 88 'DSP48' <Latency = 0> <II = 1> <Delay = 2.53> <IPBlock> <Opcode : 'mul' 'add' 'sub' 'select'> <InPorts = 2> <OutPorts = 1> <Sync> <CReg>
ST_5 : Operation 199 [2/4] (4.33ns)   --->   "%p_5 = call fastcc i7 @"cos_lut<ap_fixed<11, 6, 5, 3, 0> >"(i11 %trunc_ln708_6)" [firmware/myproject.cpp:53]   --->   Operation 199 'call' 'p_5' <Predicate = true> <Delay = 4.33> <CoreType = "Generic">   --->   Core 0 '' <Latency = 0> <II = 1> <Delay = 1.00> <Generic> <Opcode : >
ST_5 : Operation 200 [3/4] (4.33ns)   --->   "%p_6 = call fastcc i7 @"cos_lut<ap_fixed<11, 6, 5, 3, 0> >"(i11 %trunc_ln708_7)" [firmware/myproject.cpp:53]   --->   Operation 200 'call' 'p_6' <Predicate = true> <Delay = 4.33> <CoreType = "Generic">   --->   Core 0 '' <Latency = 0> <II = 1> <Delay = 1.00> <Generic> <Opcode : >
ST_5 : Operation 201 [1/1] (0.00ns)   --->   "%sext_ln703_11 = sext i7 %p_Val2_4 to i8" [firmware/myproject.cpp:54]   --->   Operation 201 'sext' 'sext_ln703_11' <Predicate = true> <Delay = 0.00>
ST_5 : Operation 202 [1/1] (0.70ns)   --->   "%ret_V_23 = add i8 15, %sext_ln703_11" [firmware/myproject.cpp:54]   --->   Operation 202 'add' 'ret_V_23' <Predicate = true> <Delay = 0.70> <Core = "AddSub">   --->   Core 14 'AddSub' <Latency = 0> <II = 1> <Delay = 0.95> <FuncUnit> <Opcode : 'add' 'sub'> <InPorts = 2> <OutPorts = 1>
ST_5 : Operation 203 [1/4] (2.85ns)   --->   "%p_7 = call fastcc i7 @"sin_lut<ap_fixed<11, 6, 5, 3, 0> >"(i11 %trunc_ln708_9)" [firmware/myproject.cpp:54]   --->   Operation 203 'call' 'p_7' <Predicate = true> <Delay = 2.85> <CoreType = "Generic">   --->   Core 0 '' <Latency = 0> <II = 1> <Delay = 1.00> <Generic> <Opcode : >
ST_5 : Operation 204 [2/4] (4.33ns)   --->   "%p_10 = call fastcc i7 @"cos_lut<ap_fixed<11, 6, 5, 3, 0> >"(i11 %trunc_ln708_s)" [firmware/myproject.cpp:54]   --->   Operation 204 'call' 'p_10' <Predicate = true> <Delay = 4.33> <CoreType = "Generic">   --->   Core 0 '' <Latency = 0> <II = 1> <Delay = 1.00> <Generic> <Opcode : >
ST_5 : Operation 205 [3/4] (4.33ns)   --->   "%p_11 = call fastcc i7 @"cos_lut<ap_fixed<11, 6, 5, 3, 0> >"(i11 %trunc_ln708_10)" [firmware/myproject.cpp:54]   --->   Operation 205 'call' 'p_11' <Predicate = true> <Delay = 4.33> <CoreType = "Generic">   --->   Core 0 '' <Latency = 0> <II = 1> <Delay = 1.00> <Generic> <Opcode : >

State 6 <SV = 5> <Delay = 4.33>
ST_6 : Operation 206 [1/4] (2.87ns)   --->   "%p_s = call fastcc i7 @"cos_lut<ap_fixed<11, 6, 5, 3, 0> >"(i11 %add_ln703)" [firmware/myproject.cpp:50]   --->   Operation 206 'call' 'p_s' <Predicate = true> <Delay = 2.87> <CoreType = "Generic">   --->   Core 0 '' <Latency = 0> <II = 1> <Delay = 1.00> <Generic> <Opcode : >
ST_6 : Operation 207 [1/1] (0.00ns)   --->   "%tmp_5 = call i8 @_ssdm_op_BitConcatenate.i8.i7.i1(i7 %p_s, i1 false)" [firmware/myproject.cpp:50]   --->   Operation 207 'bitconcatenate' 'tmp_5' <Predicate = true> <Delay = 0.00>
ST_6 : Operation 208 [1/1] (0.00ns)   --->   "%sext_ln1193 = sext i8 %tmp_5 to i13" [firmware/myproject.cpp:50]   --->   Operation 208 'sext' 'sext_ln1193' <Predicate = true> <Delay = 0.00>
ST_6 : Operation 209 [1/1] (0.00ns) (grouped into TernaryAdder)   --->   "%ret_V_29 = sub i13 %add_ln1192, %sext_ln1193" [firmware/myproject.cpp:50]   --->   Operation 209 'sub' 'ret_V_29' <Predicate = true> <Delay = 0.00> <Core = "TAddSub">   --->   Core 83 'TAddSub' <Latency = 0> <II = 1> <Delay = 0.33> <IPBlock> <Opcode : 'add' 'sub'> <InPorts = 3> <OutPorts = 1> <Sync> <CReg>
ST_6 : Operation 210 [1/1] (0.73ns) (root node of TernaryAdder)   --->   "%add_ln1192_1 = add i13 -1248, %ret_V_29" [firmware/myproject.cpp:50]   --->   Operation 210 'add' 'add_ln1192_1' <Predicate = true> <Delay = 0.73> <Core = "TAddSub">   --->   Core 83 'TAddSub' <Latency = 0> <II = 1> <Delay = 0.33> <IPBlock> <Opcode : 'add' 'sub'> <InPorts = 3> <OutPorts = 1> <Sync> <CReg>
ST_6 : Operation 211 [1/4] (2.85ns)   --->   "%p_1 = call fastcc i7 @"sin_lut<ap_fixed<11, 6, 5, 3, 0> >"(i11 %trunc_ln)" [firmware/myproject.cpp:50]   --->   Operation 211 'call' 'p_1' <Predicate = true> <Delay = 2.85> <CoreType = "Generic">   --->   Core 0 '' <Latency = 0> <II = 1> <Delay = 1.00> <Generic> <Opcode : >
ST_6 : Operation 212 [1/4] (2.85ns)   --->   "%p_2 = call fastcc i7 @"sin_lut<ap_fixed<11, 6, 5, 3, 0> >"(i11 %add_ln703_1)" [firmware/myproject.cpp:50]   --->   Operation 212 'call' 'p_2' <Predicate = true> <Delay = 2.85> <CoreType = "Generic">   --->   Core 0 '' <Latency = 0> <II = 1> <Delay = 1.00> <Generic> <Opcode : >
ST_6 : Operation 213 [1/1] (0.00ns)   --->   "%sext_ln1253 = sext i7 %p_Val2_6 to i8" [firmware/myproject.cpp:51]   --->   Operation 213 'sext' 'sext_ln1253' <Predicate = true> <Delay = 0.00>
ST_6 : Operation 214 [1/1] (0.70ns)   --->   "%r_V_34 = sub i8 0, %sext_ln1253" [firmware/myproject.cpp:51]   --->   Operation 214 'sub' 'r_V_34' <Predicate = true> <Delay = 0.70> <Core = "AddSub">   --->   Core 14 'AddSub' <Latency = 0> <II = 1> <Delay = 0.95> <FuncUnit> <Opcode : 'add' 'sub'> <InPorts = 2> <OutPorts = 1>
ST_6 : Operation 215 [1/1] (0.00ns)   --->   "%sext_ln1116_1 = sext i7 %p_Val2_4 to i14" [firmware/myproject.cpp:51]   --->   Operation 215 'sext' 'sext_ln1116_1' <Predicate = true> <Delay = 0.00>
ST_6 : Operation 216 [1/1] (1.27ns)   --->   "%r_V_35 = mul i14 %sext_ln1116_1, %sext_ln1116_1" [firmware/myproject.cpp:51]   --->   Operation 216 'mul' 'r_V_35' <Predicate = true> <Delay = 1.27> <Core = "Mul">   --->   Core 16 'Mul' <Latency = 0> <II = 1> <Delay = 3.68> <FuncUnit> <Opcode : 'mul'> <InPorts = 2> <OutPorts = 1>
ST_6 : Operation 217 [1/1] (0.00ns)   --->   "%sext_ln1118_12 = sext i14 %r_V_35 to i15" [firmware/myproject.cpp:51]   --->   Operation 217 'sext' 'sext_ln1118_12' <Predicate = true> <Delay = 0.00>
ST_6 : Operation 218 [1/1] (0.00ns)   --->   "%tmp = call i13 @_ssdm_op_BitConcatenate.i13.i8.i5(i8 %r_V_34, i5 0)" [firmware/myproject.cpp:51]   --->   Operation 218 'bitconcatenate' 'tmp' <Predicate = true> <Delay = 0.00>
ST_6 : Operation 219 [1/1] (0.00ns)   --->   "%sext_ln700_12 = sext i13 %tmp to i15" [firmware/myproject.cpp:51]   --->   Operation 219 'sext' 'sext_ln700_12' <Predicate = true> <Delay = 0.00>
ST_6 : Operation 220 [1/1] (0.00ns) (grouped into DSP with root node mul_ln1192_2)   --->   "%ret_V_7 = add i15 %sext_ln700_12, %sext_ln1118_12" [firmware/myproject.cpp:51]   --->   Operation 220 'add' 'ret_V_7' <Predicate = true> <Delay = 0.00> <Core = "DSP48">   --->   Core 88 'DSP48' <Latency = 0> <II = 1> <Delay = 2.53> <IPBlock> <Opcode : 'mul' 'add' 'sub' 'select'> <InPorts = 2> <OutPorts = 1> <Sync> <CReg>
ST_6 : Operation 221 [1/1] (0.00ns)   --->   "%sext_ln1192_1 = sext i18 %ret_V_6 to i36" [firmware/myproject.cpp:51]   --->   Operation 221 'sext' 'sext_ln1192_1' <Predicate = true> <Delay = 0.00>
ST_6 : Operation 222 [1/1] (0.00ns) (grouped into DSP with root node mul_ln1192_2)   --->   "%sext_ln1192_2 = sext i15 %ret_V_7 to i36" [firmware/myproject.cpp:51]   --->   Operation 222 'sext' 'sext_ln1192_2' <Predicate = true> <Delay = 0.00>
ST_6 : Operation 223 [1/1] (2.53ns) (root node of the DSP)   --->   "%mul_ln1192_2 = mul i36 %sext_ln1192_1, %sext_ln1192_2" [firmware/myproject.cpp:51]   --->   Operation 223 'mul' 'mul_ln1192_2' <Predicate = true> <Delay = 2.53> <Core = "DSP48">   --->   Core 88 'DSP48' <Latency = 0> <II = 1> <Delay = 2.53> <IPBlock> <Opcode : 'mul' 'add' 'sub' 'select'> <InPorts = 2> <OutPorts = 1> <Sync> <CReg>
ST_6 : Operation 224 [1/4] (2.85ns)   --->   "%p_8 = call fastcc i7 @"sin_lut<ap_fixed<11, 6, 5, 3, 0> >"(i11 %p_Val2_10)" [firmware/myproject.cpp:51]   --->   Operation 224 'call' 'p_8' <Predicate = true> <Delay = 2.85> <CoreType = "Generic">   --->   Core 0 '' <Latency = 0> <II = 1> <Delay = 1.00> <Generic> <Opcode : >
ST_6 : Operation 225 [2/4] (4.33ns)   --->   "%p_9 = call fastcc i7 @"sin_lut<ap_fixed<11, 6, 5, 3, 0> >"(i11 %add_ln703_3)" [firmware/myproject.cpp:51]   --->   Operation 225 'call' 'p_9' <Predicate = true> <Delay = 4.33> <CoreType = "Generic">   --->   Core 0 '' <Latency = 0> <II = 1> <Delay = 1.00> <Generic> <Opcode : >
ST_6 : Operation 226 [1/1] (0.00ns)   --->   "%sext_ln700_4 = sext i22 %r_V_10 to i31" [firmware/myproject.cpp:52]   --->   Operation 226 'sext' 'sext_ln700_4' <Predicate = true> <Delay = 0.00>
ST_6 : Operation 227 [1/1] (0.00ns)   --->   "%sext_ln700_5 = sext i18 %ret_V_9 to i31" [firmware/myproject.cpp:52]   --->   Operation 227 'sext' 'sext_ln700_5' <Predicate = true> <Delay = 0.00>
ST_6 : Operation 228 [1/1] (0.49ns) (grouped into DSP with root node sub_ln700)   --->   "%mul_ln700_1 = mul i31 %sext_ln700_5, %sext_ln700_4" [firmware/myproject.cpp:52]   --->   Operation 228 'mul' 'mul_ln700_1' <Predicate = true> <Delay = 0.49> <Core = "DSP48">   --->   Core 88 'DSP48' <Latency = 0> <II = 1> <Delay = 2.53> <IPBlock> <Opcode : 'mul' 'add' 'sub' 'select'> <InPorts = 2> <OutPorts = 1> <Sync> <CReg>
ST_6 : Operation 229 [1/1] (0.00ns)   --->   "%shl_ln1 = call i31 @_ssdm_op_BitConcatenate.i31.i21.i10(i21 %sub_ln700_2, i10 0)" [firmware/myproject.cpp:52]   --->   Operation 229 'bitconcatenate' 'shl_ln1' <Predicate = true> <Delay = 0.00>
ST_6 : Operation 230 [1/1] (2.03ns) (root node of the DSP)   --->   "%sub_ln700 = sub i31 %shl_ln1, %mul_ln700_1" [firmware/myproject.cpp:52]   --->   Operation 230 'sub' 'sub_ln700' <Predicate = true> <Delay = 2.03> <Core = "DSP48">   --->   Core 88 'DSP48' <Latency = 0> <II = 1> <Delay = 2.53> <IPBlock> <Opcode : 'mul' 'add' 'sub' 'select'> <InPorts = 2> <OutPorts = 1> <Sync> <CReg>
ST_6 : Operation 231 [1/1] (0.00ns)   --->   "%sext_ln700_8 = sext i14 %r_V_16 to i41" [firmware/myproject.cpp:52]   --->   Operation 231 'sext' 'sext_ln700_8' <Predicate = true> <Delay = 0.00>
ST_6 : Operation 232 [1/1] (3.45ns)   --->   "%mul_ln700_3 = mul i41 %mul_ln700_2, %sext_ln700_8" [firmware/myproject.cpp:52]   --->   Operation 232 'mul' 'mul_ln700_3' <Predicate = true> <Delay = 3.45> <Core = "Mul">   --->   Core 16 'Mul' <Latency = 0> <II = 1> <Delay = 3.68> <FuncUnit> <Opcode : 'mul'> <InPorts = 2> <OutPorts = 1>
ST_6 : Operation 233 [1/1] (0.00ns)   --->   "%shl_ln700_1 = call i41 @_ssdm_op_BitConcatenate.i41.i31.i10(i31 %sub_ln700, i10 0)" [firmware/myproject.cpp:52]   --->   Operation 233 'bitconcatenate' 'shl_ln700_1' <Predicate = true> <Delay = 0.00>
ST_6 : Operation 234 [1/1] (0.00ns) (grouped into TernaryAdder)   --->   "%sub_ln700_1 = sub i41 %shl_ln700_1, %mul_ln700_3" [firmware/myproject.cpp:52]   --->   Operation 234 'sub' 'sub_ln700_1' <Predicate = true> <Delay = 0.00> <Core = "TAddSub">   --->   Core 83 'TAddSub' <Latency = 0> <II = 1> <Delay = 0.33> <IPBlock> <Opcode : 'add' 'sub'> <InPorts = 3> <OutPorts = 1> <Sync> <CReg>
ST_6 : Operation 235 [1/4] (2.85ns)   --->   "%p_Val2_8 = call fastcc i7 @"sin_lut<ap_fixed<11, 6, 5, 3, 0> >"(i11 %trunc_ln708_4)" [firmware/myproject.cpp:52]   --->   Operation 235 'call' 'p_Val2_8' <Predicate = true> <Delay = 2.85> <CoreType = "Generic">   --->   Core 0 '' <Latency = 0> <II = 1> <Delay = 1.00> <Generic> <Opcode : >
ST_6 : Operation 236 [1/1] (0.00ns)   --->   "%tmp_s = call i37 @_ssdm_op_BitConcatenate.i37.i7.i30(i7 %p_Val2_8, i30 0)" [firmware/myproject.cpp:52]   --->   Operation 236 'bitconcatenate' 'tmp_s' <Predicate = true> <Delay = 0.00>
ST_6 : Operation 237 [1/1] (0.00ns)   --->   "%rhs_V_4 = sext i37 %tmp_s to i41" [firmware/myproject.cpp:52]   --->   Operation 237 'sext' 'rhs_V_4' <Predicate = true> <Delay = 0.00>
ST_6 : Operation 238 [1/1] (0.76ns) (root node of TernaryAdder)   --->   "%ret_V_37 = add i41 %rhs_V_4, %sub_ln700_1" [firmware/myproject.cpp:52]   --->   Operation 238 'add' 'ret_V_37' <Predicate = true> <Delay = 0.76> <Core = "TAddSub">   --->   Core 83 'TAddSub' <Latency = 0> <II = 1> <Delay = 0.33> <IPBlock> <Opcode : 'add' 'sub'> <InPorts = 3> <OutPorts = 1> <Sync> <CReg>
ST_6 : Operation 239 [1/1] (0.00ns)   --->   "%trunc_ln708_5 = call i11 @_ssdm_op_PartSelect.i11.i41.i32.i32(i41 %ret_V_37, i32 30, i32 40)" [firmware/myproject.cpp:52]   --->   Operation 239 'partselect' 'trunc_ln708_5' <Predicate = true> <Delay = 0.00>
ST_6 : Operation 240 [1/1] (0.82ns)   --->   "%ret_V_18 = add i22 54272, %ret_V_38" [firmware/myproject.cpp:53]   --->   Operation 240 'add' 'ret_V_18' <Predicate = true> <Delay = 0.82> <Core = "AddSub">   --->   Core 14 'AddSub' <Latency = 0> <II = 1> <Delay = 0.95> <FuncUnit> <Opcode : 'add' 'sub'> <InPorts = 2> <OutPorts = 1>
ST_6 : Operation 241 [1/1] (0.00ns)   --->   "%sext_ln1118_17 = sext i22 %ret_V_18 to i38" [firmware/myproject.cpp:53]   --->   Operation 241 'sext' 'sext_ln1118_17' <Predicate = true> <Delay = 0.00>
ST_6 : Operation 242 [1/1] (0.00ns)   --->   "%sext_ln1118_22 = sext i14 %r_V_35 to i38" [firmware/myproject.cpp:53]   --->   Operation 242 'sext' 'sext_ln1118_22' <Predicate = true> <Delay = 0.00>
ST_6 : Operation 243 [1/1] (2.53ns) (root node of the DSP)   --->   "%r_V_18 = mul i38 %sext_ln1118_17, %sext_ln1118_22" [firmware/myproject.cpp:53]   --->   Operation 243 'mul' 'r_V_18' <Predicate = true> <Delay = 2.53> <Core = "DSP48">   --->   Core 88 'DSP48' <Latency = 0> <II = 1> <Delay = 2.53> <IPBlock> <Opcode : 'mul' 'add' 'sub' 'select'> <InPorts = 2> <OutPorts = 1> <Sync> <CReg>
ST_6 : Operation 244 [1/4] (2.87ns)   --->   "%p_5 = call fastcc i7 @"cos_lut<ap_fixed<11, 6, 5, 3, 0> >"(i11 %trunc_ln708_6)" [firmware/myproject.cpp:53]   --->   Operation 244 'call' 'p_5' <Predicate = true> <Delay = 2.87> <CoreType = "Generic">   --->   Core 0 '' <Latency = 0> <II = 1> <Delay = 1.00> <Generic> <Opcode : >
ST_6 : Operation 245 [2/4] (4.33ns)   --->   "%p_6 = call fastcc i7 @"cos_lut<ap_fixed<11, 6, 5, 3, 0> >"(i11 %trunc_ln708_7)" [firmware/myproject.cpp:53]   --->   Operation 245 'call' 'p_6' <Predicate = true> <Delay = 4.33> <CoreType = "Generic">   --->   Core 0 '' <Latency = 0> <II = 1> <Delay = 1.00> <Generic> <Opcode : >
ST_6 : Operation 246 [1/1] (0.00ns)   --->   "%sext_ln1116_7 = sext i8 %ret_V_23 to i16" [firmware/myproject.cpp:54]   --->   Operation 246 'sext' 'sext_ln1116_7' <Predicate = true> <Delay = 0.00>
ST_6 : Operation 247 [1/1] (1.55ns)   --->   "%r_V_21 = mul i16 %sext_ln1116_7, %sext_ln1116_7" [firmware/myproject.cpp:54]   --->   Operation 247 'mul' 'r_V_21' <Predicate = true> <Delay = 1.55> <Core = "Mul">   --->   Core 16 'Mul' <Latency = 0> <II = 1> <Delay = 3.68> <FuncUnit> <Opcode : 'mul'> <InPorts = 2> <OutPorts = 1>
ST_6 : Operation 248 [1/1] (0.00ns)   --->   "%sext_ln1116_8 = sext i7 %p_7 to i14" [firmware/myproject.cpp:54]   --->   Operation 248 'sext' 'sext_ln1116_8' <Predicate = true> <Delay = 0.00>
ST_6 : Operation 249 [1/1] (1.27ns)   --->   "%r_V_22 = mul i14 %sext_ln1116_8, %sext_ln1116_8" [firmware/myproject.cpp:54]   --->   Operation 249 'mul' 'r_V_22' <Predicate = true> <Delay = 1.27> <Core = "Mul">   --->   Core 16 'Mul' <Latency = 0> <II = 1> <Delay = 3.68> <FuncUnit> <Opcode : 'mul'> <InPorts = 2> <OutPorts = 1>
ST_6 : Operation 250 [1/1] (0.00ns)   --->   "%sext_ln1116_9 = sext i16 %r_V_21 to i30" [firmware/myproject.cpp:54]   --->   Operation 250 'sext' 'sext_ln1116_9' <Predicate = true> <Delay = 0.00>
ST_6 : Operation 251 [1/1] (0.00ns)   --->   "%sext_ln1118_19 = sext i14 %r_V_22 to i30" [firmware/myproject.cpp:54]   --->   Operation 251 'sext' 'sext_ln1118_19' <Predicate = true> <Delay = 0.00>
ST_6 : Operation 252 [1/1] (2.53ns) (root node of the DSP)   --->   "%r_V_23 = mul i30 %sext_ln1116_9, %sext_ln1118_19" [firmware/myproject.cpp:54]   --->   Operation 252 'mul' 'r_V_23' <Predicate = true> <Delay = 2.53> <Core = "DSP48">   --->   Core 88 'DSP48' <Latency = 0> <II = 1> <Delay = 2.53> <IPBlock> <Opcode : 'mul' 'add' 'sub' 'select'> <InPorts = 2> <OutPorts = 1> <Sync> <CReg>
ST_6 : Operation 253 [1/4] (2.87ns)   --->   "%p_10 = call fastcc i7 @"cos_lut<ap_fixed<11, 6, 5, 3, 0> >"(i11 %trunc_ln708_s)" [firmware/myproject.cpp:54]   --->   Operation 253 'call' 'p_10' <Predicate = true> <Delay = 2.87> <CoreType = "Generic">   --->   Core 0 '' <Latency = 0> <II = 1> <Delay = 1.00> <Generic> <Opcode : >
ST_6 : Operation 254 [2/4] (4.33ns)   --->   "%p_11 = call fastcc i7 @"cos_lut<ap_fixed<11, 6, 5, 3, 0> >"(i11 %trunc_ln708_10)" [firmware/myproject.cpp:54]   --->   Operation 254 'call' 'p_11' <Predicate = true> <Delay = 4.33> <CoreType = "Generic">   --->   Core 0 '' <Latency = 0> <II = 1> <Delay = 1.00> <Generic> <Opcode : >

State 7 <SV = 6> <Delay = 4.34>
ST_7 : Operation 255 [1/1] (0.00ns)   --->   "%sext_ln700_1 = sext i13 %add_ln1192_1 to i20" [firmware/myproject.cpp:50]   --->   Operation 255 'sext' 'sext_ln700_1' <Predicate = true> <Delay = 0.00>
ST_7 : Operation 256 [1/1] (0.00ns)   --->   "%sext_ln700_2 = sext i7 %p_1 to i20" [firmware/myproject.cpp:50]   --->   Operation 256 'sext' 'sext_ln700_2' <Predicate = true> <Delay = 0.00>
ST_7 : Operation 257 [1/1] (0.49ns) (grouped into DSP with root node add_ln700)   --->   "%mul_ln700 = mul i20 %sext_ln700_1, %sext_ln700_2" [firmware/myproject.cpp:50]   --->   Operation 257 'mul' 'mul_ln700' <Predicate = true> <Delay = 0.49> <Core = "DSP48">   --->   Core 88 'DSP48' <Latency = 0> <II = 1> <Delay = 2.53> <IPBlock> <Opcode : 'mul' 'add' 'sub' 'select'> <InPorts = 2> <OutPorts = 1> <Sync> <CReg>
ST_7 : Operation 258 [1/1] (0.00ns) (grouped into DSP with root node add_ln700)   --->   "%sext_ln700_11 = sext i20 %mul_ln700 to i21" [firmware/myproject.cpp:50]   --->   Operation 258 'sext' 'sext_ln700_11' <Predicate = true> <Delay = 0.00>
ST_7 : Operation 259 [1/1] (0.00ns)   --->   "%lhs_V = call i20 @_ssdm_op_BitConcatenate.i20.i15.i5(i15 %ret_V_28, i5 0)" [firmware/myproject.cpp:50]   --->   Operation 259 'bitconcatenate' 'lhs_V' <Predicate = true> <Delay = 0.00>
ST_7 : Operation 260 [1/1] (0.00ns)   --->   "%sext_ln700_3 = sext i20 %lhs_V to i21" [firmware/myproject.cpp:50]   --->   Operation 260 'sext' 'sext_ln700_3' <Predicate = true> <Delay = 0.00>
ST_7 : Operation 261 [1/1] (2.03ns) (root node of the DSP)   --->   "%add_ln700 = add i21 %sext_ln700_3, %sext_ln700_11" [firmware/myproject.cpp:50]   --->   Operation 261 'add' 'add_ln700' <Predicate = true> <Delay = 2.03> <Core = "DSP48">   --->   Core 88 'DSP48' <Latency = 0> <II = 1> <Delay = 2.53> <IPBlock> <Opcode : 'mul' 'add' 'sub' 'select'> <InPorts = 2> <OutPorts = 1> <Sync> <CReg>
ST_7 : Operation 262 [1/1] (0.00ns)   --->   "%sext_ln1116 = sext i7 %p_2 to i14" [firmware/myproject.cpp:50]   --->   Operation 262 'sext' 'sext_ln1116' <Predicate = true> <Delay = 0.00>
ST_7 : Operation 263 [1/1] (1.27ns)   --->   "%r_V_31 = mul i14 %sext_ln1116, %sext_ln1116" [firmware/myproject.cpp:50]   --->   Operation 263 'mul' 'r_V_31' <Predicate = true> <Delay = 1.27> <Core = "Mul">   --->   Core 16 'Mul' <Latency = 0> <II = 1> <Delay = 3.68> <FuncUnit> <Opcode : 'mul'> <InPorts = 2> <OutPorts = 1>
ST_7 : Operation 264 [1/1] (0.00ns)   --->   "%tmp_6 = call i19 @_ssdm_op_BitConcatenate.i19.i14.i5(i14 %r_V_31, i5 0)" [firmware/myproject.cpp:50]   --->   Operation 264 'bitconcatenate' 'tmp_6' <Predicate = true> <Delay = 0.00>
ST_7 : Operation 265 [1/1] (0.00ns)   --->   "%rhs_V = sext i19 %tmp_6 to i21" [firmware/myproject.cpp:50]   --->   Operation 265 'sext' 'rhs_V' <Predicate = true> <Delay = 0.00>
ST_7 : Operation 266 [1/1] (0.81ns)   --->   "%ret_V_31 = add i21 %rhs_V, %add_ln700" [firmware/myproject.cpp:50]   --->   Operation 266 'add' 'ret_V_31' <Predicate = true> <Delay = 0.81> <Core = "AddSub">   --->   Core 14 'AddSub' <Latency = 0> <II = 1> <Delay = 0.95> <FuncUnit> <Opcode : 'add' 'sub'> <InPorts = 2> <OutPorts = 1>
ST_7 : Operation 267 [1/1] (0.00ns)   --->   "%trunc_ln708_1 = call i11 @_ssdm_op_PartSelect.i11.i21.i32.i32(i21 %ret_V_31, i32 10, i32 20)" [firmware/myproject.cpp:50]   --->   Operation 267 'partselect' 'trunc_ln708_1' <Predicate = true> <Delay = 0.00>
ST_7 : Operation 268 [1/1] (0.00ns)   --->   "%sext_ln1192_9 = sext i36 %mul_ln1192_2 to i41" [firmware/myproject.cpp:51]   --->   Operation 268 'sext' 'sext_ln1192_9' <Predicate = true> <Delay = 0.00>
ST_7 : Operation 269 [1/1] (0.00ns)   --->   "%sext_ln1192_3 = sext i7 %p_8 to i41" [firmware/myproject.cpp:51]   --->   Operation 269 'sext' 'sext_ln1192_3' <Predicate = true> <Delay = 0.00>
ST_7 : Operation 270 [1/1] (3.14ns)   --->   "%mul_ln1192_3 = mul i41 %sext_ln1192_9, %sext_ln1192_3" [firmware/myproject.cpp:51]   --->   Operation 270 'mul' 'mul_ln1192_3' <Predicate = true> <Delay = 3.14> <Core = "Mul">   --->   Core 16 'Mul' <Latency = 0> <II = 1> <Delay = 3.68> <FuncUnit> <Opcode : 'mul'> <InPorts = 2> <OutPorts = 1>
ST_7 : Operation 271 [1/4] (2.85ns)   --->   "%p_9 = call fastcc i7 @"sin_lut<ap_fixed<11, 6, 5, 3, 0> >"(i11 %add_ln703_3)" [firmware/myproject.cpp:51]   --->   Operation 271 'call' 'p_9' <Predicate = true> <Delay = 2.85> <CoreType = "Generic">   --->   Core 0 '' <Latency = 0> <II = 1> <Delay = 1.00> <Generic> <Opcode : >
ST_7 : Operation 272 [1/1] (0.00ns)   --->   "%sext_ln1116_5 = sext i7 %p_5 to i14" [firmware/myproject.cpp:53]   --->   Operation 272 'sext' 'sext_ln1116_5' <Predicate = true> <Delay = 0.00>
ST_7 : Operation 273 [1/1] (1.27ns)   --->   "%r_V_19 = mul i14 %sext_ln1116_5, %sext_ln1116_5" [firmware/myproject.cpp:53]   --->   Operation 273 'mul' 'r_V_19' <Predicate = true> <Delay = 1.27> <Core = "Mul">   --->   Core 16 'Mul' <Latency = 0> <II = 1> <Delay = 3.68> <FuncUnit> <Opcode : 'mul'> <InPorts = 2> <OutPorts = 1>
ST_7 : Operation 274 [1/1] (0.00ns)   --->   "%sext_ln1192_6 = sext i38 %r_V_18 to i51" [firmware/myproject.cpp:53]   --->   Operation 274 'sext' 'sext_ln1192_6' <Predicate = true> <Delay = 0.00>
ST_7 : Operation 275 [1/1] (0.00ns)   --->   "%sext_ln1192_7 = sext i14 %r_V_19 to i51" [firmware/myproject.cpp:53]   --->   Operation 275 'sext' 'sext_ln1192_7' <Predicate = true> <Delay = 0.00>
ST_7 : Operation 276 [1/1] (3.07ns)   --->   "%mul_ln1192_7 = mul i51 %sext_ln1192_6, %sext_ln1192_7" [firmware/myproject.cpp:53]   --->   Operation 276 'mul' 'mul_ln1192_7' <Predicate = true> <Delay = 3.07> <Core = "Mul">   --->   Core 16 'Mul' <Latency = 0> <II = 1> <Delay = 3.68> <FuncUnit> <Opcode : 'mul'> <InPorts = 2> <OutPorts = 1>
ST_7 : Operation 277 [1/4] (2.87ns)   --->   "%p_6 = call fastcc i7 @"cos_lut<ap_fixed<11, 6, 5, 3, 0> >"(i11 %trunc_ln708_7)" [firmware/myproject.cpp:53]   --->   Operation 277 'call' 'p_6' <Predicate = true> <Delay = 2.87> <CoreType = "Generic">   --->   Core 0 '' <Latency = 0> <II = 1> <Delay = 1.00> <Generic> <Opcode : >
ST_7 : Operation 278 [1/1] (0.00ns)   --->   "%sext_ln1116_6 = sext i7 %p_6 to i14" [firmware/myproject.cpp:53]   --->   Operation 278 'sext' 'sext_ln1116_6' <Predicate = true> <Delay = 0.00>
ST_7 : Operation 279 [1/1] (1.27ns)   --->   "%r_V_20 = mul i14 %sext_ln1116_6, %sext_ln1116_6" [firmware/myproject.cpp:53]   --->   Operation 279 'mul' 'r_V_20' <Predicate = true> <Delay = 1.27> <Core = "Mul">   --->   Core 16 'Mul' <Latency = 0> <II = 1> <Delay = 3.68> <FuncUnit> <Opcode : 'mul'> <InPorts = 2> <OutPorts = 1>
ST_7 : Operation 280 [1/1] (0.00ns)   --->   "%sext_ln1116_10 = sext i7 %p_10 to i14" [firmware/myproject.cpp:54]   --->   Operation 280 'sext' 'sext_ln1116_10' <Predicate = true> <Delay = 0.00>
ST_7 : Operation 281 [1/1] (1.27ns)   --->   "%r_V_24 = mul i14 %sext_ln1116_10, %sext_ln1116_10" [firmware/myproject.cpp:54]   --->   Operation 281 'mul' 'r_V_24' <Predicate = true> <Delay = 1.27> <Core = "Mul">   --->   Core 16 'Mul' <Latency = 0> <II = 1> <Delay = 3.68> <FuncUnit> <Opcode : 'mul'> <InPorts = 2> <OutPorts = 1>
ST_7 : Operation 282 [1/1] (0.00ns)   --->   "%sext_ln1192_12 = sext i30 %r_V_23 to i44" [firmware/myproject.cpp:54]   --->   Operation 282 'sext' 'sext_ln1192_12' <Predicate = true> <Delay = 0.00>
ST_7 : Operation 283 [1/1] (0.00ns)   --->   "%sext_ln1192_13 = sext i14 %r_V_24 to i44" [firmware/myproject.cpp:54]   --->   Operation 283 'sext' 'sext_ln1192_13' <Predicate = true> <Delay = 0.00>
ST_7 : Operation 284 [1/1] (3.02ns)   --->   "%mul_ln1192_10 = mul i44 %sext_ln1192_12, %sext_ln1192_13" [firmware/myproject.cpp:54]   --->   Operation 284 'mul' 'mul_ln1192_10' <Predicate = true> <Delay = 3.02> <Core = "Mul">   --->   Core 16 'Mul' <Latency = 0> <II = 1> <Delay = 3.68> <FuncUnit> <Opcode : 'mul'> <InPorts = 2> <OutPorts = 1>
ST_7 : Operation 285 [1/4] (2.87ns)   --->   "%p_11 = call fastcc i7 @"cos_lut<ap_fixed<11, 6, 5, 3, 0> >"(i11 %trunc_ln708_10)" [firmware/myproject.cpp:54]   --->   Operation 285 'call' 'p_11' <Predicate = true> <Delay = 2.87> <CoreType = "Generic">   --->   Core 0 '' <Latency = 0> <II = 1> <Delay = 1.00> <Generic> <Opcode : >
ST_7 : Operation 286 [1/1] (0.00ns)   --->   "%sext_ln1116_11 = sext i7 %p_11 to i14" [firmware/myproject.cpp:54]   --->   Operation 286 'sext' 'sext_ln1116_11' <Predicate = true> <Delay = 0.00>
ST_7 : Operation 287 [1/1] (1.27ns)   --->   "%r_V_27 = mul i14 %sext_ln1116_11, %sext_ln1116_11" [firmware/myproject.cpp:54]   --->   Operation 287 'mul' 'r_V_27' <Predicate = true> <Delay = 1.27> <Core = "Mul">   --->   Core 16 'Mul' <Latency = 0> <II = 1> <Delay = 3.68> <FuncUnit> <Opcode : 'mul'> <InPorts = 2> <OutPorts = 1>

State 8 <SV = 7> <Delay = 3.73>
ST_8 : Operation 288 [1/1] (0.00ns)   --->   "%sext_ln1192_4 = sext i7 %p_9 to i41" [firmware/myproject.cpp:51]   --->   Operation 288 'sext' 'sext_ln1192_4' <Predicate = true> <Delay = 0.00>
ST_8 : Operation 289 [1/1] (3.38ns)   --->   "%mul_ln1192_4 = mul i41 %mul_ln1192_3, %sext_ln1192_4" [firmware/myproject.cpp:51]   --->   Operation 289 'mul' 'mul_ln1192_4' <Predicate = true> <Delay = 3.38> <Core = "Mul">   --->   Core 16 'Mul' <Latency = 0> <II = 1> <Delay = 3.68> <FuncUnit> <Opcode : 'mul'> <InPorts = 2> <OutPorts = 1>
ST_8 : Operation 290 [1/1] (0.00ns)   --->   "%sext_ln1192_8 = sext i14 %r_V_20 to i51" [firmware/myproject.cpp:53]   --->   Operation 290 'sext' 'sext_ln1192_8' <Predicate = true> <Delay = 0.00>
ST_8 : Operation 291 [1/1] (3.73ns)   --->   "%mul_ln1192_8 = mul i51 %mul_ln1192_7, %sext_ln1192_8" [firmware/myproject.cpp:53]   --->   Operation 291 'mul' 'mul_ln1192_8' <Predicate = true> <Delay = 3.73> <Core = "Mul">   --->   Core 16 'Mul' <Latency = 0> <II = 1> <Delay = 3.68> <FuncUnit> <Opcode : 'mul'> <InPorts = 2> <OutPorts = 1>
ST_8 : Operation 292 [1/1] (0.00ns)   --->   "%sext_ln1192_14 = sext i44 %mul_ln1192_10 to i46" [firmware/myproject.cpp:54]   --->   Operation 292 'sext' 'sext_ln1192_14' <Predicate = true> <Delay = 0.00>
ST_8 : Operation 293 [1/1] (0.00ns)   --->   "%sext_ln1192_11 = sext i14 %r_V_27 to i46" [firmware/myproject.cpp:54]   --->   Operation 293 'sext' 'sext_ln1192_11' <Predicate = true> <Delay = 0.00>
ST_8 : Operation 294 [1/1] (3.68ns)   --->   "%mul_ln1192_11 = mul i46 %sext_ln1192_14, %sext_ln1192_11" [firmware/myproject.cpp:54]   --->   Operation 294 'mul' 'mul_ln1192_11' <Predicate = true> <Delay = 3.68> <Core = "Mul">   --->   Core 16 'Mul' <Latency = 0> <II = 1> <Delay = 3.68> <FuncUnit> <Opcode : 'mul'> <InPorts = 2> <OutPorts = 1>

State 9 <SV = 8> <Delay = 3.45>
ST_9 : Operation 295 [1/1] (0.00ns)   --->   "%sext_ln1192_5 = sext i7 %p_3 to i41" [firmware/myproject.cpp:51]   --->   Operation 295 'sext' 'sext_ln1192_5' <Predicate = true> <Delay = 0.00>
ST_9 : Operation 296 [1/1] (3.45ns)   --->   "%mul_ln1192_5 = mul i41 %mul_ln1192_4, %sext_ln1192_5" [firmware/myproject.cpp:51]   --->   Operation 296 'mul' 'mul_ln1192_5' <Predicate = true> <Delay = 3.45> <Core = "Mul">   --->   Core 16 'Mul' <Latency = 0> <II = 1> <Delay = 3.68> <FuncUnit> <Opcode : 'mul'> <InPorts = 2> <OutPorts = 1>
ST_9 : Operation 297 [1/1] (0.97ns)   --->   "%ret_V_41 = add i51 -34084860461056, %mul_ln1192_8" [firmware/myproject.cpp:53]   --->   Operation 297 'add' 'ret_V_41' <Predicate = true> <Delay = 0.97> <Core = "AddSub">   --->   Core 14 'AddSub' <Latency = 0> <II = 1> <Delay = 0.95> <FuncUnit> <Opcode : 'add' 'sub'> <InPorts = 2> <OutPorts = 1>
ST_9 : Operation 298 [1/1] (0.00ns)   --->   "%trunc_ln708_8 = call i11 @_ssdm_op_PartSelect.i11.i51.i32.i32(i51 %ret_V_41, i32 40, i32 50)" [firmware/myproject.cpp:53]   --->   Operation 298 'partselect' 'trunc_ln708_8' <Predicate = true> <Delay = 0.00>
ST_9 : Operation 299 [1/1] (0.95ns)   --->   "%ret_V_45 = add i46 -1099511627776, %mul_ln1192_11" [firmware/myproject.cpp:54]   --->   Operation 299 'add' 'ret_V_45' <Predicate = true> <Delay = 0.95> <Core = "AddSub">   --->   Core 14 'AddSub' <Latency = 0> <II = 1> <Delay = 0.95> <FuncUnit> <Opcode : 'add' 'sub'> <InPorts = 2> <OutPorts = 1>
ST_9 : Operation 300 [1/1] (0.00ns)   --->   "%trunc_ln708_11 = call i11 @_ssdm_op_PartSelect.i11.i46.i32.i32(i46 %ret_V_45, i32 35, i32 45)" [firmware/myproject.cpp:54]   --->   Operation 300 'partselect' 'trunc_ln708_11' <Predicate = true> <Delay = 0.00>

State 10 <SV = 9> <Delay = 0.96>
ST_10 : Operation 301 [1/1] (0.00ns)   --->   "call void (...)* @_ssdm_op_SpecBitsMap(i11* %y_4_V), !map !206"   --->   Operation 301 'specbitsmap' <Predicate = true> <Delay = 0.00>
ST_10 : Operation 302 [1/1] (0.00ns)   --->   "call void (...)* @_ssdm_op_SpecBitsMap(i11* %y_3_V), !map !212"   --->   Operation 302 'specbitsmap' <Predicate = true> <Delay = 0.00>
ST_10 : Operation 303 [1/1] (0.00ns)   --->   "call void (...)* @_ssdm_op_SpecBitsMap(i11* %y_2_V), !map !218"   --->   Operation 303 'specbitsmap' <Predicate = true> <Delay = 0.00>
ST_10 : Operation 304 [1/1] (0.00ns)   --->   "call void (...)* @_ssdm_op_SpecBitsMap(i11* %y_1_V), !map !224"   --->   Operation 304 'specbitsmap' <Predicate = true> <Delay = 0.00>
ST_10 : Operation 305 [1/1] (0.00ns)   --->   "call void (...)* @_ssdm_op_SpecBitsMap(i11* %y_0_V), !map !230"   --->   Operation 305 'specbitsmap' <Predicate = true> <Delay = 0.00>
ST_10 : Operation 306 [1/1] (0.00ns)   --->   "call void (...)* @_ssdm_op_SpecBitsMap(i176* %x_V), !map !236"   --->   Operation 306 'specbitsmap' <Predicate = true> <Delay = 0.00>
ST_10 : Operation 307 [1/1] (0.00ns)   --->   "call void (...)* @_ssdm_op_SpecTopModule([10 x i8]* @myproject_str) nounwind"   --->   Operation 307 'spectopmodule' <Predicate = true> <Delay = 0.00>
ST_10 : Operation 308 [1/1] (0.00ns)   --->   "call void (...)* @_ssdm_op_SpecInterface(i176* %x_V, [7 x i8]* @p_str2, i32 0, i32 0, [1 x i8]* @p_str1, i32 0, i32 0, [1 x i8]* @p_str1, [1 x i8]* @p_str1, [1 x i8]* @p_str1, i32 0, i32 0, i32 0, i32 0, [1 x i8]* @p_str1, [1 x i8]* @p_str1) nounwind"   --->   Operation 308 'specinterface' <Predicate = true> <Delay = 0.00>
ST_10 : Operation 309 [1/1] (0.00ns)   --->   "call void (...)* @_ssdm_op_SpecInterface(i11* %y_0_V, i11* %y_1_V, i11* %y_2_V, i11* %y_3_V, i11* %y_4_V, [7 x i8]* @p_str2, i32 0, i32 0, [1 x i8]* @p_str1, i32 0, i32 0, [1 x i8]* @p_str1, [1 x i8]* @p_str1, [1 x i8]* @p_str1, i32 0, i32 0, i32 0, i32 0, [1 x i8]* @p_str1, [1 x i8]* @p_str1) nounwind" [firmware/myproject.cpp:32]   --->   Operation 309 'specinterface' <Predicate = true> <Delay = 0.00>
ST_10 : Operation 310 [1/1] (0.00ns)   --->   "call void (...)* @_ssdm_op_SpecPipeline(i32 -1, i32 1, i32 1, i32 0, [1 x i8]* @p_str1) nounwind" [firmware/myproject.cpp:33]   --->   Operation 310 'specpipeline' <Predicate = true> <Delay = 0.00>
ST_10 : Operation 311 [1/1] (0.00ns)   --->   "call void @_ssdm_op_Write.ap_vld.i11P(i11* %y_0_V, i11 %trunc_ln708_1)" [firmware/myproject.cpp:50]   --->   Operation 311 'write' <Predicate = true> <Delay = 0.00>
ST_10 : Operation 312 [1/1] (0.96ns)   --->   "%ret_V_33 = add i41 -30064771072, %mul_ln1192_5" [firmware/myproject.cpp:51]   --->   Operation 312 'add' 'ret_V_33' <Predicate = true> <Delay = 0.96> <Core = "AddSub">   --->   Core 14 'AddSub' <Latency = 0> <II = 1> <Delay = 0.95> <FuncUnit> <Opcode : 'add' 'sub'> <InPorts = 2> <OutPorts = 1>
ST_10 : Operation 313 [1/1] (0.00ns)   --->   "%trunc_ln708_3 = call i11 @_ssdm_op_PartSelect.i11.i41.i32.i32(i41 %ret_V_33, i32 30, i32 40)" [firmware/myproject.cpp:51]   --->   Operation 313 'partselect' 'trunc_ln708_3' <Predicate = true> <Delay = 0.00>
ST_10 : Operation 314 [1/1] (0.00ns)   --->   "call void @_ssdm_op_Write.ap_vld.i11P(i11* %y_1_V, i11 %trunc_ln708_3)" [firmware/myproject.cpp:51]   --->   Operation 314 'write' <Predicate = true> <Delay = 0.00>
ST_10 : Operation 315 [1/1] (0.00ns)   --->   "call void @_ssdm_op_Write.ap_vld.i11P(i11* %y_2_V, i11 %trunc_ln708_5)" [firmware/myproject.cpp:52]   --->   Operation 315 'write' <Predicate = true> <Delay = 0.00>
ST_10 : Operation 316 [1/1] (0.00ns)   --->   "call void @_ssdm_op_Write.ap_vld.i11P(i11* %y_3_V, i11 %trunc_ln708_8)" [firmware/myproject.cpp:53]   --->   Operation 316 'write' <Predicate = true> <Delay = 0.00>
ST_10 : Operation 317 [1/1] (0.00ns)   --->   "call void @_ssdm_op_Write.ap_vld.i11P(i11* %y_4_V, i11 %trunc_ln708_11)" [firmware/myproject.cpp:54]   --->   Operation 317 'write' <Predicate = true> <Delay = 0.00>
ST_10 : Operation 318 [1/1] (0.00ns)   --->   "ret void" [firmware/myproject.cpp:56]   --->   Operation 318 'ret' <Predicate = true> <Delay = 0.00>


============================================================
+ Verbose Summary: Timing violations
============================================================
Target clock period: 5ns, clock uncertainty: 0.625ns.

 <State 1>: 3.27ns
The critical path consists of the following:
	wire read on port 'x_V' (firmware/myproject.cpp:50) [21]  (0 ns)
	'sub' operation ('sub_ln703_1', firmware/myproject.cpp:51) [87]  (0.735 ns)
	'call' operation ('p_4', firmware/myproject.cpp:51) to 'cos_lut<ap_fixed<11, 6, 5, 3, 0> >' [88]  (2.53 ns)

 <State 2>: 4.34ns
The critical path consists of the following:
	'call' operation ('p_Val2_s', firmware/myproject.cpp:51) to 'cos_lut<ap_fixed<11, 6, 5, 3, 0> >' [83]  (4.34 ns)

 <State 3>: 4.34ns
The critical path consists of the following:
	'call' operation ('p_0', firmware/myproject.cpp:50) to 'sin_lut<ap_fixed<11, 6, 5, 3, 0> >' [43]  (4.34 ns)

 <State 4>: 4.34ns
The critical path consists of the following:
	'call' operation ('p_0', firmware/myproject.cpp:50) to 'sin_lut<ap_fixed<11, 6, 5, 3, 0> >' [43]  (4.34 ns)

 <State 5>: 4.34ns
The critical path consists of the following:
	'call' operation ('p_s', firmware/myproject.cpp:50) to 'cos_lut<ap_fixed<11, 6, 5, 3, 0> >' [49]  (4.34 ns)

 <State 6>: 4.34ns
The critical path consists of the following:
	'call' operation ('p_9', firmware/myproject.cpp:51) to 'sin_lut<ap_fixed<11, 6, 5, 3, 0> >' [122]  (4.34 ns)

 <State 7>: 4.34ns
The critical path consists of the following:
	'mul' operation ('r.V', firmware/myproject.cpp:53) [200]  (1.27 ns)
	'mul' operation ('mul_ln1192_7', firmware/myproject.cpp:53) [203]  (3.07 ns)

 <State 8>: 3.73ns
The critical path consists of the following:
	'mul' operation ('mul_ln1192_8', firmware/myproject.cpp:53) [216]  (3.73 ns)

 <State 9>: 3.46ns
The critical path consists of the following:
	'mul' operation ('mul_ln1192_5', firmware/myproject.cpp:51) [127]  (3.46 ns)

 <State 10>: 0.963ns
The critical path consists of the following:
	'add' operation ('ret.V', firmware/myproject.cpp:51) [128]  (0.963 ns)


============================================================
+ Verbose Summary: Binding
============================================================
N/A
* FSMD analyzer results:
  - Output states:
 - Input state : 
  - Chain level:
	State 1
	State 2
	State 3
	State 4
	State 5
	State 6
	State 7
	State 8
	State 9
	State 10


============================================================
+ Verbose Summary: Datapath Resource usage 
============================================================
N/A
