

================================================================
== Vivado HLS Report for 'myproject'
================================================================
* Date:           Sun Feb 26 10:50:45 2023

* Version:        2020.1 (Build 2897737 on Wed May 27 20:21:37 MDT 2020)
* Project:        myproject_prj
* Solution:       solution1
* Product family: virtexuplus
* Target device:  xcvu9p-flga2577-2-e


================================================================
== Performance Estimates
================================================================
+ Timing: 
    * Summary: 
    +--------+---------+----------+------------+
    |  Clock |  Target | Estimated| Uncertainty|
    +--------+---------+----------+------------+
    |ap_clk  | 5.00 ns | 4.339 ns |   0.62 ns  |
    +--------+---------+----------+------------+

+ Latency: 
    * Summary: 
    +---------+---------+-----------+-----------+-----+-----+----------+
    |  Latency (cycles) |   Latency (absolute)  |  Interval | Pipeline |
    |   min   |   max   |    min    |    max    | min | max |   Type   |
    +---------+---------+-----------+-----------+-----+-----+----------+
    |        9|        9| 45.000 ns | 45.000 ns |    1|    1| function |
    +---------+---------+-----------+-----------+-----+-----+----------+

    + Detail: 
        * Instance: 
        N/A

        * Loop: 
        N/A

============================================================
+ Verbose Summary: Synthesis Manager
============================================================
InlineROM: 1
ExposeGlobal: 0
============================================================
+ Verbose Summary: CDFG Model
============================================================
IsTopModel: 1
ResetActiveHigh: 1
IsCombinational: 0
IsDatapathOnly: 0
HasWiredReturn: 1
HasMFsm: 2
HasVarLatency: 0
IsPipeline: 1
IsRtlPipelined: 1
IsInstanceOverlapped: 0
IsDontTouch: 0
HasImplIP: 0
IsGatedGlobalClock: 0

+ Individual pipeline summary: 
  * Pipeline-0: initiation interval (II) = 1, depth = 10


============================================================
+ Verbose Summary: Schedule
============================================================
* Number of FSM states : 10
* Pipeline : 1
  Pipeline-0 : II = 1, D = 10, States = { 1 2 3 4 5 6 7 8 9 10 }
* Dataflow Pipeline: 0

* FSM state transitions: 
1 --> 2 
2 --> 3 
3 --> 4 
4 --> 5 
5 --> 6 
6 --> 7 
7 --> 8 
8 --> 9 
9 --> 10 
10 --> 

* FSM state operations: 

State 1 <SV = 0> <Delay = 3.23>
ST_1 : Operation 11 [1/1] (0.00ns)   --->   "%x_V_read = call i128 @_ssdm_op_Read.ap_vld.i128P(i128* %x_V)" [firmware/myproject.cpp:50]   --->   Operation 11 'read' 'x_V_read' <Predicate = true> <Delay = 0.00>
ST_1 : Operation 12 [1/1] (0.00ns)   --->   "%p_Val2_9 = call i8 @_ssdm_op_PartSelect.i8.i128.i32.i32(i128 %x_V_read, i32 16, i32 23)" [firmware/myproject.cpp:50]   --->   Operation 12 'partselect' 'p_Val2_9' <Predicate = true> <Delay = 0.00>
ST_1 : Operation 13 [1/1] (0.00ns)   --->   "%p_Val2_s = call i8 @_ssdm_op_PartSelect.i8.i128.i32.i32(i128 %x_V_read, i32 120, i32 127)" [firmware/myproject.cpp:50]   --->   Operation 13 'partselect' 'p_Val2_s' <Predicate = true> <Delay = 0.00>
ST_1 : Operation 14 [1/1] (0.00ns)   --->   "%p_Val2_1 = call i8 @_ssdm_op_PartSelect.i8.i128.i32.i32(i128 %x_V_read, i32 32, i32 39)" [firmware/myproject.cpp:50]   --->   Operation 14 'partselect' 'p_Val2_1' <Predicate = true> <Delay = 0.00>
ST_1 : Operation 15 [1/1] (0.70ns)   --->   "%add_ln703 = add i8 %p_Val2_1, %p_Val2_s" [firmware/myproject.cpp:50]   --->   Operation 15 'add' 'add_ln703' <Predicate = true> <Delay = 0.70> <Core = "AddSub">   --->   Core 14 'AddSub' <Latency = 0> <II = 1> <Delay = 0.71> <FuncUnit> <Opcode : 'add' 'sub'> <InPorts = 2> <OutPorts = 1>
ST_1 : Operation 16 [5/5] (2.53ns)   --->   "%p_0109 = call fastcc i4 @"cos_lut<ap_fixed<8, 6, 5, 3, 0> >"(i8 %add_ln703)" [firmware/myproject.cpp:50]   --->   Operation 16 'call' 'p_0109' <Predicate = true> <Delay = 2.53> <CoreType = "Generic">   --->   Core 0 '' <Latency = 0> <II = 1> <Delay = 1.00> <Generic> <Opcode : >
ST_1 : Operation 17 [1/1] (0.00ns)   --->   "%p_Val2_2 = call i8 @_ssdm_op_PartSelect.i8.i128.i32.i32(i128 %x_V_read, i32 112, i32 119)" [firmware/myproject.cpp:50]   --->   Operation 17 'partselect' 'p_Val2_2' <Predicate = true> <Delay = 0.00>
ST_1 : Operation 18 [1/1] (0.00ns)   --->   "%trunc_ln51 = trunc i128 %x_V_read to i8" [firmware/myproject.cpp:51]   --->   Operation 18 'trunc' 'trunc_ln51' <Predicate = true> <Delay = 0.00>
ST_1 : Operation 19 [5/5] (2.53ns)   --->   "%p_Val2_s_26 = call fastcc i4 @"cos_lut<ap_fixed<8, 6, 5, 3, 0> >"(i8 %trunc_ln51)" [firmware/myproject.cpp:51]   --->   Operation 19 'call' 'p_Val2_s_26' <Predicate = true> <Delay = 2.53> <CoreType = "Generic">   --->   Core 0 '' <Latency = 0> <II = 1> <Delay = 1.00> <Generic> <Opcode : >
ST_1 : Operation 20 [1/1] (0.70ns)   --->   "%sub_ln703_1 = sub i8 %p_Val2_2, %p_Val2_1" [firmware/myproject.cpp:51]   --->   Operation 20 'sub' 'sub_ln703_1' <Predicate = true> <Delay = 0.70> <Core = "AddSub">   --->   Core 14 'AddSub' <Latency = 0> <II = 1> <Delay = 0.71> <FuncUnit> <Opcode : 'add' 'sub'> <InPorts = 2> <OutPorts = 1>
ST_1 : Operation 21 [5/5] (2.53ns)   --->   "%p_3 = call fastcc i4 @"cos_lut<ap_fixed<8, 6, 5, 3, 0> >"(i8 %sub_ln703_1)" [firmware/myproject.cpp:51]   --->   Operation 21 'call' 'p_3' <Predicate = true> <Delay = 2.53> <CoreType = "Generic">   --->   Core 0 '' <Latency = 0> <II = 1> <Delay = 1.00> <Generic> <Opcode : >
ST_1 : Operation 22 [1/1] (0.70ns)   --->   "%add_ln703_2 = add i8 -2, %p_Val2_9" [firmware/myproject.cpp:51]   --->   Operation 22 'add' 'add_ln703_2' <Predicate = true> <Delay = 0.70> <Core = "AddSub">   --->   Core 14 'AddSub' <Latency = 0> <II = 1> <Delay = 0.71> <FuncUnit> <Opcode : 'add' 'sub'> <InPorts = 2> <OutPorts = 1>
ST_1 : Operation 23 [5/5] (2.53ns)   --->   "%p_Val2_4 = call fastcc i4 @"sin_lut<ap_fixed<8, 6, 5, 3, 0> >"(i8 %add_ln703_2)" [firmware/myproject.cpp:51]   --->   Operation 23 'call' 'p_Val2_4' <Predicate = true> <Delay = 2.53> <CoreType = "Generic">   --->   Core 0 '' <Latency = 0> <II = 1> <Delay = 1.00> <Generic> <Opcode : >
ST_1 : Operation 24 [1/1] (0.00ns)   --->   "%trunc_ln708_2 = call i6 @_ssdm_op_PartSelect.i6.i128.i32.i32(i128 %x_V_read, i32 122, i32 127)" [firmware/myproject.cpp:51]   --->   Operation 24 'partselect' 'trunc_ln708_2' <Predicate = true> <Delay = 0.00>
ST_1 : Operation 25 [1/1] (0.00ns)   --->   "%sext_ln708 = sext i6 %trunc_ln708_2 to i8" [firmware/myproject.cpp:51]   --->   Operation 25 'sext' 'sext_ln708' <Predicate = true> <Delay = 0.00>
ST_1 : Operation 26 [5/5] (2.53ns)   --->   "%p_Val2_5 = call fastcc i4 @"sin_lut<ap_fixed<8, 6, 5, 3, 0> >"(i8 %sext_ln708)" [firmware/myproject.cpp:51]   --->   Operation 26 'call' 'p_Val2_5' <Predicate = true> <Delay = 2.53> <CoreType = "Generic">   --->   Core 0 '' <Latency = 0> <II = 1> <Delay = 1.00> <Generic> <Opcode : >
ST_1 : Operation 27 [1/1] (0.00ns)   --->   "%p_Val2_6 = call i8 @_ssdm_op_PartSelect.i8.i128.i32.i32(i128 %x_V_read, i32 24, i32 31)" [firmware/myproject.cpp:51]   --->   Operation 27 'partselect' 'p_Val2_6' <Predicate = true> <Delay = 0.00>
ST_1 : Operation 28 [1/1] (0.00ns)   --->   "%tmp_s = call i7 @_ssdm_op_PartSelect.i7.i128.i32.i32(i128 %x_V_read, i32 24, i32 30)" [firmware/myproject.cpp:53]   --->   Operation 28 'partselect' 'tmp_s' <Predicate = true> <Delay = 0.00>

State 2 <SV = 1> <Delay = 4.33>
ST_2 : Operation 29 [4/5] (4.33ns)   --->   "%p_0109 = call fastcc i4 @"cos_lut<ap_fixed<8, 6, 5, 3, 0> >"(i8 %add_ln703)" [firmware/myproject.cpp:50]   --->   Operation 29 'call' 'p_0109' <Predicate = true> <Delay = 4.33> <CoreType = "Generic">   --->   Core 0 '' <Latency = 0> <II = 1> <Delay = 1.00> <Generic> <Opcode : >
ST_2 : Operation 30 [4/5] (4.33ns)   --->   "%p_Val2_s_26 = call fastcc i4 @"cos_lut<ap_fixed<8, 6, 5, 3, 0> >"(i8 %trunc_ln51)" [firmware/myproject.cpp:51]   --->   Operation 30 'call' 'p_Val2_s_26' <Predicate = true> <Delay = 4.33> <CoreType = "Generic">   --->   Core 0 '' <Latency = 0> <II = 1> <Delay = 1.00> <Generic> <Opcode : >
ST_2 : Operation 31 [4/5] (4.33ns)   --->   "%p_3 = call fastcc i4 @"cos_lut<ap_fixed<8, 6, 5, 3, 0> >"(i8 %sub_ln703_1)" [firmware/myproject.cpp:51]   --->   Operation 31 'call' 'p_3' <Predicate = true> <Delay = 4.33> <CoreType = "Generic">   --->   Core 0 '' <Latency = 0> <II = 1> <Delay = 1.00> <Generic> <Opcode : >
ST_2 : Operation 32 [4/5] (4.33ns)   --->   "%p_Val2_4 = call fastcc i4 @"sin_lut<ap_fixed<8, 6, 5, 3, 0> >"(i8 %add_ln703_2)" [firmware/myproject.cpp:51]   --->   Operation 32 'call' 'p_Val2_4' <Predicate = true> <Delay = 4.33> <CoreType = "Generic">   --->   Core 0 '' <Latency = 0> <II = 1> <Delay = 1.00> <Generic> <Opcode : >
ST_2 : Operation 33 [4/5] (4.33ns)   --->   "%p_Val2_5 = call fastcc i4 @"sin_lut<ap_fixed<8, 6, 5, 3, 0> >"(i8 %sext_ln708)" [firmware/myproject.cpp:51]   --->   Operation 33 'call' 'p_Val2_5' <Predicate = true> <Delay = 4.33> <CoreType = "Generic">   --->   Core 0 '' <Latency = 0> <II = 1> <Delay = 1.00> <Generic> <Opcode : >
ST_2 : Operation 34 [5/5] (2.53ns)   --->   "%p_Val2_3 = call fastcc i4 @"cos_lut<ap_fixed<8, 6, 5, 3, 0> >"(i8 %p_Val2_6)" [firmware/myproject.cpp:51]   --->   Operation 34 'call' 'p_Val2_3' <Predicate = true> <Delay = 2.53> <CoreType = "Generic">   --->   Core 0 '' <Latency = 0> <II = 1> <Delay = 1.00> <Generic> <Opcode : >
ST_2 : Operation 35 [5/5] (2.53ns)   --->   "%p_Val2_8 = call fastcc i4 @"sin_lut<ap_fixed<8, 6, 5, 3, 0> >"(i8 %p_Val2_6)" [firmware/myproject.cpp:53]   --->   Operation 35 'call' 'p_Val2_8' <Predicate = true> <Delay = 2.53> <CoreType = "Generic">   --->   Core 0 '' <Latency = 0> <II = 1> <Delay = 1.00> <Generic> <Opcode : >
ST_2 : Operation 36 [1/1] (0.00ns)   --->   "%sext_ln700_1 = sext i8 %p_Val2_2 to i10" [firmware/myproject.cpp:54]   --->   Operation 36 'sext' 'sext_ln700_1' <Predicate = true> <Delay = 0.00>
ST_2 : Operation 37 [1/1] (0.49ns) (grouped into DSP with root node ret_V_28)   --->   "%mul_ln700_1 = mul i10 19, %sext_ln700_1" [firmware/myproject.cpp:54]   --->   Operation 37 'mul' 'mul_ln700_1' <Predicate = true> <Delay = 0.49> <Core = "DSP48">   --->   Core 88 'DSP48' <Latency = 0> <II = 1> <Delay = 2.53> <IPBlock> <Opcode : 'mul' 'add' 'sub' 'select'> <InPorts = 2> <OutPorts = 1> <Sync> <CReg>
ST_2 : Operation 38 [1/1] (0.00ns)   --->   "%rhs_V_2 = call i10 @_ssdm_op_BitConcatenate.i10.i8.i2(i8 %p_Val2_6, i2 0)" [firmware/myproject.cpp:54]   --->   Operation 38 'bitconcatenate' 'rhs_V_2' <Predicate = true> <Delay = 0.00>
ST_2 : Operation 39 [1/1] (2.03ns) (root node of the DSP)   --->   "%ret_V_28 = add i10 %mul_ln700_1, %rhs_V_2" [firmware/myproject.cpp:54]   --->   Operation 39 'add' 'ret_V_28' <Predicate = true> <Delay = 2.03> <Core = "DSP48">   --->   Core 88 'DSP48' <Latency = 0> <II = 1> <Delay = 2.53> <IPBlock> <Opcode : 'mul' 'add' 'sub' 'select'> <InPorts = 2> <OutPorts = 1> <Sync> <CReg>
ST_2 : Operation 40 [1/1] (0.00ns)   --->   "%trunc_ln708_8 = call i8 @_ssdm_op_PartSelect.i8.i10.i32.i32(i10 %ret_V_28, i32 2, i32 9)" [firmware/myproject.cpp:54]   --->   Operation 40 'partselect' 'trunc_ln708_8' <Predicate = true> <Delay = 0.00>

State 3 <SV = 2> <Delay = 4.33>
ST_3 : Operation 41 [3/5] (4.33ns)   --->   "%p_0109 = call fastcc i4 @"cos_lut<ap_fixed<8, 6, 5, 3, 0> >"(i8 %add_ln703)" [firmware/myproject.cpp:50]   --->   Operation 41 'call' 'p_0109' <Predicate = true> <Delay = 4.33> <CoreType = "Generic">   --->   Core 0 '' <Latency = 0> <II = 1> <Delay = 1.00> <Generic> <Opcode : >
ST_3 : Operation 42 [1/1] (0.00ns)   --->   "%sext_ln1118 = sext i8 %p_Val2_s to i10" [firmware/myproject.cpp:50]   --->   Operation 42 'sext' 'sext_ln1118' <Predicate = true> <Delay = 0.00>
ST_3 : Operation 43 [1/1] (0.00ns) (grouped into TernaryAdder)   --->   "%sub_ln703 = sub i8 %p_Val2_2, %p_Val2_9" [firmware/myproject.cpp:50]   --->   Operation 43 'sub' 'sub_ln703' <Predicate = true> <Delay = 0.00> <Core = "TAddSub">   --->   Core 83 'TAddSub' <Latency = 0> <II = 1> <Delay = 0.39> <IPBlock> <Opcode : 'add' 'sub'> <InPorts = 3> <OutPorts = 1> <Sync> <CReg>
ST_3 : Operation 44 [1/1] (0.83ns) (root node of TernaryAdder)   --->   "%add_ln703_1 = add i8 1, %sub_ln703" [firmware/myproject.cpp:50]   --->   Operation 44 'add' 'add_ln703_1' <Predicate = true> <Delay = 0.83> <Core = "TAddSub">   --->   Core 83 'TAddSub' <Latency = 0> <II = 1> <Delay = 0.39> <IPBlock> <Opcode : 'add' 'sub'> <InPorts = 3> <OutPorts = 1> <Sync> <CReg>
ST_3 : Operation 45 [5/5] (2.53ns)   --->   "%p_1 = call fastcc i4 @"sin_lut<ap_fixed<8, 6, 5, 3, 0> >"(i8 %add_ln703_1)" [firmware/myproject.cpp:50]   --->   Operation 45 'call' 'p_1' <Predicate = true> <Delay = 2.53> <CoreType = "Generic">   --->   Core 0 '' <Latency = 0> <II = 1> <Delay = 1.00> <Generic> <Opcode : >
ST_3 : Operation 46 [3/5] (4.33ns)   --->   "%p_Val2_s_26 = call fastcc i4 @"cos_lut<ap_fixed<8, 6, 5, 3, 0> >"(i8 %trunc_ln51)" [firmware/myproject.cpp:51]   --->   Operation 46 'call' 'p_Val2_s_26' <Predicate = true> <Delay = 4.33> <CoreType = "Generic">   --->   Core 0 '' <Latency = 0> <II = 1> <Delay = 1.00> <Generic> <Opcode : >
ST_3 : Operation 47 [3/5] (4.33ns)   --->   "%p_3 = call fastcc i4 @"cos_lut<ap_fixed<8, 6, 5, 3, 0> >"(i8 %sub_ln703_1)" [firmware/myproject.cpp:51]   --->   Operation 47 'call' 'p_3' <Predicate = true> <Delay = 4.33> <CoreType = "Generic">   --->   Core 0 '' <Latency = 0> <II = 1> <Delay = 1.00> <Generic> <Opcode : >
ST_3 : Operation 48 [3/5] (4.33ns)   --->   "%p_Val2_4 = call fastcc i4 @"sin_lut<ap_fixed<8, 6, 5, 3, 0> >"(i8 %add_ln703_2)" [firmware/myproject.cpp:51]   --->   Operation 48 'call' 'p_Val2_4' <Predicate = true> <Delay = 4.33> <CoreType = "Generic">   --->   Core 0 '' <Latency = 0> <II = 1> <Delay = 1.00> <Generic> <Opcode : >
ST_3 : Operation 49 [3/5] (4.33ns)   --->   "%p_Val2_5 = call fastcc i4 @"sin_lut<ap_fixed<8, 6, 5, 3, 0> >"(i8 %sext_ln708)" [firmware/myproject.cpp:51]   --->   Operation 49 'call' 'p_Val2_5' <Predicate = true> <Delay = 4.33> <CoreType = "Generic">   --->   Core 0 '' <Latency = 0> <II = 1> <Delay = 1.00> <Generic> <Opcode : >
ST_3 : Operation 50 [4/5] (4.33ns)   --->   "%p_Val2_3 = call fastcc i4 @"cos_lut<ap_fixed<8, 6, 5, 3, 0> >"(i8 %p_Val2_6)" [firmware/myproject.cpp:51]   --->   Operation 50 'call' 'p_Val2_3' <Predicate = true> <Delay = 4.33> <CoreType = "Generic">   --->   Core 0 '' <Latency = 0> <II = 1> <Delay = 1.00> <Generic> <Opcode : >
ST_3 : Operation 51 [5/5] (2.53ns)   --->   "%p_7 = call fastcc i4 @"sin_lut<ap_fixed<8, 6, 5, 3, 0> >"(i8 %p_Val2_2)" [firmware/myproject.cpp:51]   --->   Operation 51 'call' 'p_7' <Predicate = true> <Delay = 2.53> <CoreType = "Generic">   --->   Core 0 '' <Latency = 0> <II = 1> <Delay = 1.00> <Generic> <Opcode : >
ST_3 : Operation 52 [1/1] (0.70ns)   --->   "%add_ln703_3 = add i8 -1, %p_Val2_6" [firmware/myproject.cpp:51]   --->   Operation 52 'add' 'add_ln703_3' <Predicate = true> <Delay = 0.70> <Core = "AddSub">   --->   Core 14 'AddSub' <Latency = 0> <II = 1> <Delay = 0.71> <FuncUnit> <Opcode : 'add' 'sub'> <InPorts = 2> <OutPorts = 1>
ST_3 : Operation 53 [5/5] (2.53ns)   --->   "%p_8 = call fastcc i4 @"sin_lut<ap_fixed<8, 6, 5, 3, 0> >"(i8 %add_ln703_3)" [firmware/myproject.cpp:51]   --->   Operation 53 'call' 'p_8' <Predicate = true> <Delay = 2.53> <CoreType = "Generic">   --->   Core 0 '' <Latency = 0> <II = 1> <Delay = 1.00> <Generic> <Opcode : >
ST_3 : Operation 54 [1/1] (0.00ns)   --->   "%lhs_V = sext i8 %p_Val2_2 to i9" [firmware/myproject.cpp:52]   --->   Operation 54 'sext' 'lhs_V' <Predicate = true> <Delay = 0.00>
ST_3 : Operation 55 [1/1] (0.00ns)   --->   "%rhs_V = sext i8 %p_Val2_6 to i9" [firmware/myproject.cpp:52]   --->   Operation 55 'sext' 'rhs_V' <Predicate = true> <Delay = 0.00>
ST_3 : Operation 56 [1/1] (0.70ns)   --->   "%ret_V_22 = sub i9 %lhs_V, %rhs_V" [firmware/myproject.cpp:52]   --->   Operation 56 'sub' 'ret_V_22' <Predicate = true> <Delay = 0.70> <Core = "AddSub">   --->   Core 14 'AddSub' <Latency = 0> <II = 1> <Delay = 0.71> <FuncUnit> <Opcode : 'add' 'sub'> <InPorts = 2> <OutPorts = 1>
ST_3 : Operation 57 [1/1] (0.00ns)   --->   "%lhs_V_1 = sext i9 %ret_V_22 to i10" [firmware/myproject.cpp:52]   --->   Operation 57 'sext' 'lhs_V_1' <Predicate = true> <Delay = 0.00>
ST_3 : Operation 58 [1/1] (0.00ns) (grouped into DSP with root node ret_V_23)   --->   "%ret_V_8 = add nsw i10 2, %lhs_V_1" [firmware/myproject.cpp:52]   --->   Operation 58 'add' 'ret_V_8' <Predicate = true> <Delay = 0.00> <Core = "DSP48">   --->   Core 88 'DSP48' <Latency = 0> <II = 1> <Delay = 2.53> <IPBlock> <Opcode : 'mul' 'add' 'sub' 'select'> <InPorts = 2> <OutPorts = 1> <Sync> <CReg>
ST_3 : Operation 59 [1/1] (0.49ns) (grouped into DSP with root node ret_V_23)   --->   "%mul_ln1193 = mul i10 %ret_V_8, %ret_V_8" [firmware/myproject.cpp:52]   --->   Operation 59 'mul' 'mul_ln1193' <Predicate = true> <Delay = 0.49> <Core = "DSP48">   --->   Core 88 'DSP48' <Latency = 0> <II = 1> <Delay = 2.53> <IPBlock> <Opcode : 'mul' 'add' 'sub' 'select'> <InPorts = 2> <OutPorts = 1> <Sync> <CReg>
ST_3 : Operation 60 [1/1] (0.00ns)   --->   "%lhs_V_2 = call i10 @_ssdm_op_BitConcatenate.i10.i8.i2(i8 %p_Val2_9, i2 0)" [firmware/myproject.cpp:52]   --->   Operation 60 'bitconcatenate' 'lhs_V_2' <Predicate = true> <Delay = 0.00>
ST_3 : Operation 61 [1/1] (2.03ns) (root node of the DSP)   --->   "%ret_V_23 = sub i10 %lhs_V_2, %mul_ln1193" [firmware/myproject.cpp:52]   --->   Operation 61 'sub' 'ret_V_23' <Predicate = true> <Delay = 2.03> <Core = "DSP48">   --->   Core 88 'DSP48' <Latency = 0> <II = 1> <Delay = 2.53> <IPBlock> <Opcode : 'mul' 'add' 'sub' 'select'> <InPorts = 2> <OutPorts = 1> <Sync> <CReg>
ST_3 : Operation 62 [1/1] (0.00ns)   --->   "%trunc_ln708_4 = call i8 @_ssdm_op_PartSelect.i8.i10.i32.i32(i10 %ret_V_23, i32 2, i32 9)" [firmware/myproject.cpp:52]   --->   Operation 62 'partselect' 'trunc_ln708_4' <Predicate = true> <Delay = 0.00>
ST_3 : Operation 63 [4/5] (4.33ns)   --->   "%p_Val2_8 = call fastcc i4 @"sin_lut<ap_fixed<8, 6, 5, 3, 0> >"(i8 %p_Val2_6)" [firmware/myproject.cpp:53]   --->   Operation 63 'call' 'p_Val2_8' <Predicate = true> <Delay = 4.33> <CoreType = "Generic">   --->   Core 0 '' <Latency = 0> <II = 1> <Delay = 1.00> <Generic> <Opcode : >
ST_3 : Operation 64 [1/1] (0.00ns)   --->   "%sext_ln1118_5 = sext i8 %p_Val2_6 to i10" [firmware/myproject.cpp:53]   --->   Operation 64 'sext' 'sext_ln1118_5' <Predicate = true> <Delay = 0.00>
ST_3 : Operation 65 [1/1] (0.00ns)   --->   "%shl_ln1 = call i10 @_ssdm_op_BitConcatenate.i10.i7.i3(i7 %tmp_s, i3 0)" [firmware/myproject.cpp:53]   --->   Operation 65 'bitconcatenate' 'shl_ln1' <Predicate = true> <Delay = 0.00>
ST_3 : Operation 66 [1/1] (0.00ns) (grouped into TernaryAdder)   --->   "%add_ln1192_10 = add i10 %sext_ln1118_5, %shl_ln1" [firmware/myproject.cpp:53]   --->   Operation 66 'add' 'add_ln1192_10' <Predicate = true> <Delay = 0.00> <Core = "TAddSub">   --->   Core 83 'TAddSub' <Latency = 0> <II = 1> <Delay = 0.39> <IPBlock> <Opcode : 'add' 'sub'> <InPorts = 3> <OutPorts = 1> <Sync> <CReg>
ST_3 : Operation 67 [1/1] (0.79ns) (root node of TernaryAdder)   --->   "%ret_V_25 = add i10 12, %add_ln1192_10" [firmware/myproject.cpp:53]   --->   Operation 67 'add' 'ret_V_25' <Predicate = true> <Delay = 0.79> <Core = "TAddSub">   --->   Core 83 'TAddSub' <Latency = 0> <II = 1> <Delay = 0.39> <IPBlock> <Opcode : 'add' 'sub'> <InPorts = 3> <OutPorts = 1> <Sync> <CReg>
ST_3 : Operation 68 [1/1] (0.00ns)   --->   "%trunc_ln708_5 = call i8 @_ssdm_op_PartSelect.i8.i10.i32.i32(i10 %ret_V_25, i32 2, i32 9)" [firmware/myproject.cpp:53]   --->   Operation 68 'partselect' 'trunc_ln708_5' <Predicate = true> <Delay = 0.00>
ST_3 : Operation 69 [5/5] (2.53ns)   --->   "%p_2 = call fastcc i4 @"cos_lut<ap_fixed<8, 6, 5, 3, 0> >"(i8 %trunc_ln708_5)" [firmware/myproject.cpp:53]   --->   Operation 69 'call' 'p_2' <Predicate = true> <Delay = 2.53> <CoreType = "Generic">   --->   Core 0 '' <Latency = 0> <II = 1> <Delay = 1.00> <Generic> <Opcode : >
ST_3 : Operation 70 [1/1] (0.00ns)   --->   "%shl_ln1118_5 = call i11 @_ssdm_op_BitConcatenate.i11.i8.i3(i8 %p_Val2_2, i3 0)" [firmware/myproject.cpp:53]   --->   Operation 70 'bitconcatenate' 'shl_ln1118_5' <Predicate = true> <Delay = 0.00>
ST_3 : Operation 71 [1/1] (0.00ns)   --->   "%sext_ln1118_6 = sext i11 %shl_ln1118_5 to i12" [firmware/myproject.cpp:53]   --->   Operation 71 'sext' 'sext_ln1118_6' <Predicate = true> <Delay = 0.00>
ST_3 : Operation 72 [1/1] (0.70ns)   --->   "%add_ln1192_12 = add i9 68, %lhs_V" [firmware/myproject.cpp:53]   --->   Operation 72 'add' 'add_ln1192_12' <Predicate = true> <Delay = 0.70> <Core = "AddSub">   --->   Core 14 'AddSub' <Latency = 0> <II = 1> <Delay = 0.71> <FuncUnit> <Opcode : 'add' 'sub'> <InPorts = 2> <OutPorts = 1>
ST_3 : Operation 73 [1/1] (0.00ns)   --->   "%sext_ln1192_9 = sext i9 %add_ln1192_12 to i12" [firmware/myproject.cpp:53]   --->   Operation 73 'sext' 'sext_ln1192_9' <Predicate = true> <Delay = 0.00>
ST_3 : Operation 74 [1/1] (0.00ns) (grouped into DSP with root node ret_V_26)   --->   "%add_ln1192_2 = add i12 %sext_ln1118_6, %sext_ln1192_9" [firmware/myproject.cpp:53]   --->   Operation 74 'add' 'add_ln1192_2' <Predicate = true> <Delay = 0.00> <Core = "DSP48">   --->   Core 88 'DSP48' <Latency = 0> <II = 1> <Delay = 2.53> <IPBlock> <Opcode : 'mul' 'add' 'sub' 'select'> <InPorts = 2> <OutPorts = 1> <Sync> <CReg>
ST_3 : Operation 75 [1/1] (0.00ns)   --->   "%sext_ln700_2 = sext i8 %p_Val2_2 to i12" [firmware/myproject.cpp:53]   --->   Operation 75 'sext' 'sext_ln700_2' <Predicate = true> <Delay = 0.00>
ST_3 : Operation 76 [1/1] (0.49ns) (grouped into DSP with root node ret_V_26)   --->   "%mul_ln700 = mul i12 %sext_ln700_2, %add_ln1192_2" [firmware/myproject.cpp:53]   --->   Operation 76 'mul' 'mul_ln700' <Predicate = true> <Delay = 0.49> <Core = "DSP48">   --->   Core 88 'DSP48' <Latency = 0> <II = 1> <Delay = 2.53> <IPBlock> <Opcode : 'mul' 'add' 'sub' 'select'> <InPorts = 2> <OutPorts = 1> <Sync> <CReg>
ST_3 : Operation 77 [1/1] (0.00ns)   --->   "%rhs_V_1 = call i12 @_ssdm_op_BitConcatenate.i12.i8.i4(i8 %p_Val2_6, i4 0)" [firmware/myproject.cpp:53]   --->   Operation 77 'bitconcatenate' 'rhs_V_1' <Predicate = true> <Delay = 0.00>
ST_3 : Operation 78 [1/1] (2.03ns) (root node of the DSP)   --->   "%ret_V_26 = add i12 %mul_ln700, %rhs_V_1" [firmware/myproject.cpp:53]   --->   Operation 78 'add' 'ret_V_26' <Predicate = true> <Delay = 2.03> <Core = "DSP48">   --->   Core 88 'DSP48' <Latency = 0> <II = 1> <Delay = 2.53> <IPBlock> <Opcode : 'mul' 'add' 'sub' 'select'> <InPorts = 2> <OutPorts = 1> <Sync> <CReg>
ST_3 : Operation 79 [1/1] (0.00ns)   --->   "%trunc_ln708_6 = call i8 @_ssdm_op_PartSelect.i8.i12.i32.i32(i12 %ret_V_26, i32 4, i32 11)" [firmware/myproject.cpp:53]   --->   Operation 79 'partselect' 'trunc_ln708_6' <Predicate = true> <Delay = 0.00>
ST_3 : Operation 80 [5/5] (2.53ns)   --->   "%p_5 = call fastcc i4 @"sin_lut<ap_fixed<8, 6, 5, 3, 0> >"(i8 %trunc_ln708_8)" [firmware/myproject.cpp:54]   --->   Operation 80 'call' 'p_5' <Predicate = true> <Delay = 2.53> <CoreType = "Generic">   --->   Core 0 '' <Latency = 0> <II = 1> <Delay = 1.00> <Generic> <Opcode : >
ST_3 : Operation 81 [1/1] (1.55ns)   --->   "%r_V_22 = mul i10 11, %sext_ln1118_5" [firmware/myproject.cpp:54]   --->   Operation 81 'mul' 'r_V_22' <Predicate = true> <Delay = 1.55> <Core = "Mul">   --->   Core 16 'Mul' <Latency = 0> <II = 1> <Delay = 0.78> <FuncUnit> <Opcode : 'mul'> <InPorts = 2> <OutPorts = 1>
ST_3 : Operation 82 [1/1] (0.00ns)   --->   "%trunc_ln708_9 = call i8 @_ssdm_op_PartSelect.i8.i10.i32.i32(i10 %r_V_22, i32 2, i32 9)" [firmware/myproject.cpp:54]   --->   Operation 82 'partselect' 'trunc_ln708_9' <Predicate = true> <Delay = 0.00>
ST_3 : Operation 83 [5/5] (2.53ns)   --->   "%p_6 = call fastcc i4 @"cos_lut<ap_fixed<8, 6, 5, 3, 0> >"(i8 %trunc_ln708_9)" [firmware/myproject.cpp:54]   --->   Operation 83 'call' 'p_6' <Predicate = true> <Delay = 2.53> <CoreType = "Generic">   --->   Core 0 '' <Latency = 0> <II = 1> <Delay = 1.00> <Generic> <Opcode : >
ST_3 : Operation 84 [1/1] (0.70ns)   --->   "%add_ln1192_17 = add i9 4, %rhs_V" [firmware/myproject.cpp:54]   --->   Operation 84 'add' 'add_ln1192_17' <Predicate = true> <Delay = 0.70> <Core = "AddSub">   --->   Core 14 'AddSub' <Latency = 0> <II = 1> <Delay = 0.71> <FuncUnit> <Opcode : 'add' 'sub'> <InPorts = 2> <OutPorts = 1>
ST_3 : Operation 85 [1/1] (0.00ns)   --->   "%sext_ln1192_13 = sext i9 %add_ln1192_17 to i10" [firmware/myproject.cpp:54]   --->   Operation 85 'sext' 'sext_ln1192_13' <Predicate = true> <Delay = 0.00>
ST_3 : Operation 86 [1/1] (0.71ns)   --->   "%add_ln1192_8 = add i10 %sext_ln1118, %sext_ln1192_13" [firmware/myproject.cpp:54]   --->   Operation 86 'add' 'add_ln1192_8' <Predicate = true> <Delay = 0.71> <Core = "AddSub">   --->   Core 14 'AddSub' <Latency = 0> <II = 1> <Delay = 0.71> <FuncUnit> <Opcode : 'add' 'sub'> <InPorts = 2> <OutPorts = 1>
ST_3 : Operation 87 [1/1] (0.00ns)   --->   "%trunc_ln708_s = call i8 @_ssdm_op_PartSelect.i8.i10.i32.i32(i10 %add_ln1192_8, i32 2, i32 9)" [firmware/myproject.cpp:54]   --->   Operation 87 'partselect' 'trunc_ln708_s' <Predicate = true> <Delay = 0.00>
ST_3 : Operation 88 [5/5] (2.53ns)   --->   "%p_10 = call fastcc i4 @"cos_lut<ap_fixed<8, 6, 5, 3, 0> >"(i8 %trunc_ln708_s)" [firmware/myproject.cpp:54]   --->   Operation 88 'call' 'p_10' <Predicate = true> <Delay = 2.53> <CoreType = "Generic">   --->   Core 0 '' <Latency = 0> <II = 1> <Delay = 1.00> <Generic> <Opcode : >

State 4 <SV = 3> <Delay = 4.33>
ST_4 : Operation 89 [2/5] (4.33ns)   --->   "%p_0109 = call fastcc i4 @"cos_lut<ap_fixed<8, 6, 5, 3, 0> >"(i8 %add_ln703)" [firmware/myproject.cpp:50]   --->   Operation 89 'call' 'p_0109' <Predicate = true> <Delay = 4.33> <CoreType = "Generic">   --->   Core 0 '' <Latency = 0> <II = 1> <Delay = 1.00> <Generic> <Opcode : >
ST_4 : Operation 90 [4/5] (4.33ns)   --->   "%p_1 = call fastcc i4 @"sin_lut<ap_fixed<8, 6, 5, 3, 0> >"(i8 %add_ln703_1)" [firmware/myproject.cpp:50]   --->   Operation 90 'call' 'p_1' <Predicate = true> <Delay = 4.33> <CoreType = "Generic">   --->   Core 0 '' <Latency = 0> <II = 1> <Delay = 1.00> <Generic> <Opcode : >
ST_4 : Operation 91 [2/5] (4.33ns)   --->   "%p_Val2_s_26 = call fastcc i4 @"cos_lut<ap_fixed<8, 6, 5, 3, 0> >"(i8 %trunc_ln51)" [firmware/myproject.cpp:51]   --->   Operation 91 'call' 'p_Val2_s_26' <Predicate = true> <Delay = 4.33> <CoreType = "Generic">   --->   Core 0 '' <Latency = 0> <II = 1> <Delay = 1.00> <Generic> <Opcode : >
ST_4 : Operation 92 [2/5] (4.33ns)   --->   "%p_3 = call fastcc i4 @"cos_lut<ap_fixed<8, 6, 5, 3, 0> >"(i8 %sub_ln703_1)" [firmware/myproject.cpp:51]   --->   Operation 92 'call' 'p_3' <Predicate = true> <Delay = 4.33> <CoreType = "Generic">   --->   Core 0 '' <Latency = 0> <II = 1> <Delay = 1.00> <Generic> <Opcode : >
ST_4 : Operation 93 [2/5] (4.33ns)   --->   "%p_Val2_4 = call fastcc i4 @"sin_lut<ap_fixed<8, 6, 5, 3, 0> >"(i8 %add_ln703_2)" [firmware/myproject.cpp:51]   --->   Operation 93 'call' 'p_Val2_4' <Predicate = true> <Delay = 4.33> <CoreType = "Generic">   --->   Core 0 '' <Latency = 0> <II = 1> <Delay = 1.00> <Generic> <Opcode : >
ST_4 : Operation 94 [2/5] (4.33ns)   --->   "%p_Val2_5 = call fastcc i4 @"sin_lut<ap_fixed<8, 6, 5, 3, 0> >"(i8 %sext_ln708)" [firmware/myproject.cpp:51]   --->   Operation 94 'call' 'p_Val2_5' <Predicate = true> <Delay = 4.33> <CoreType = "Generic">   --->   Core 0 '' <Latency = 0> <II = 1> <Delay = 1.00> <Generic> <Opcode : >
ST_4 : Operation 95 [3/5] (4.33ns)   --->   "%p_Val2_3 = call fastcc i4 @"cos_lut<ap_fixed<8, 6, 5, 3, 0> >"(i8 %p_Val2_6)" [firmware/myproject.cpp:51]   --->   Operation 95 'call' 'p_Val2_3' <Predicate = true> <Delay = 4.33> <CoreType = "Generic">   --->   Core 0 '' <Latency = 0> <II = 1> <Delay = 1.00> <Generic> <Opcode : >
ST_4 : Operation 96 [4/5] (4.33ns)   --->   "%p_7 = call fastcc i4 @"sin_lut<ap_fixed<8, 6, 5, 3, 0> >"(i8 %p_Val2_2)" [firmware/myproject.cpp:51]   --->   Operation 96 'call' 'p_7' <Predicate = true> <Delay = 4.33> <CoreType = "Generic">   --->   Core 0 '' <Latency = 0> <II = 1> <Delay = 1.00> <Generic> <Opcode : >
ST_4 : Operation 97 [4/5] (4.33ns)   --->   "%p_8 = call fastcc i4 @"sin_lut<ap_fixed<8, 6, 5, 3, 0> >"(i8 %add_ln703_3)" [firmware/myproject.cpp:51]   --->   Operation 97 'call' 'p_8' <Predicate = true> <Delay = 4.33> <CoreType = "Generic">   --->   Core 0 '' <Latency = 0> <II = 1> <Delay = 1.00> <Generic> <Opcode : >
ST_4 : Operation 98 [5/5] (2.53ns)   --->   "%p_Val2_7 = call fastcc i4 @"sin_lut<ap_fixed<8, 6, 5, 3, 0> >"(i8 %trunc_ln708_4)" [firmware/myproject.cpp:52]   --->   Operation 98 'call' 'p_Val2_7' <Predicate = true> <Delay = 2.53> <CoreType = "Generic">   --->   Core 0 '' <Latency = 0> <II = 1> <Delay = 1.00> <Generic> <Opcode : >
ST_4 : Operation 99 [3/5] (4.33ns)   --->   "%p_Val2_8 = call fastcc i4 @"sin_lut<ap_fixed<8, 6, 5, 3, 0> >"(i8 %p_Val2_6)" [firmware/myproject.cpp:53]   --->   Operation 99 'call' 'p_Val2_8' <Predicate = true> <Delay = 4.33> <CoreType = "Generic">   --->   Core 0 '' <Latency = 0> <II = 1> <Delay = 1.00> <Generic> <Opcode : >
ST_4 : Operation 100 [4/5] (4.33ns)   --->   "%p_2 = call fastcc i4 @"cos_lut<ap_fixed<8, 6, 5, 3, 0> >"(i8 %trunc_ln708_5)" [firmware/myproject.cpp:53]   --->   Operation 100 'call' 'p_2' <Predicate = true> <Delay = 4.33> <CoreType = "Generic">   --->   Core 0 '' <Latency = 0> <II = 1> <Delay = 1.00> <Generic> <Opcode : >
ST_4 : Operation 101 [5/5] (2.53ns)   --->   "%p_4 = call fastcc i4 @"cos_lut<ap_fixed<8, 6, 5, 3, 0> >"(i8 %trunc_ln708_6)" [firmware/myproject.cpp:53]   --->   Operation 101 'call' 'p_4' <Predicate = true> <Delay = 2.53> <CoreType = "Generic">   --->   Core 0 '' <Latency = 0> <II = 1> <Delay = 1.00> <Generic> <Opcode : >
ST_4 : Operation 102 [4/5] (4.33ns)   --->   "%p_5 = call fastcc i4 @"sin_lut<ap_fixed<8, 6, 5, 3, 0> >"(i8 %trunc_ln708_8)" [firmware/myproject.cpp:54]   --->   Operation 102 'call' 'p_5' <Predicate = true> <Delay = 4.33> <CoreType = "Generic">   --->   Core 0 '' <Latency = 0> <II = 1> <Delay = 1.00> <Generic> <Opcode : >
ST_4 : Operation 103 [4/5] (4.33ns)   --->   "%p_6 = call fastcc i4 @"cos_lut<ap_fixed<8, 6, 5, 3, 0> >"(i8 %trunc_ln708_9)" [firmware/myproject.cpp:54]   --->   Operation 103 'call' 'p_6' <Predicate = true> <Delay = 4.33> <CoreType = "Generic">   --->   Core 0 '' <Latency = 0> <II = 1> <Delay = 1.00> <Generic> <Opcode : >
ST_4 : Operation 104 [4/5] (4.33ns)   --->   "%p_10 = call fastcc i4 @"cos_lut<ap_fixed<8, 6, 5, 3, 0> >"(i8 %trunc_ln708_s)" [firmware/myproject.cpp:54]   --->   Operation 104 'call' 'p_10' <Predicate = true> <Delay = 4.33> <CoreType = "Generic">   --->   Core 0 '' <Latency = 0> <II = 1> <Delay = 1.00> <Generic> <Opcode : >

State 5 <SV = 4> <Delay = 4.33>
ST_5 : Operation 105 [1/5] (2.60ns)   --->   "%p_0109 = call fastcc i4 @"cos_lut<ap_fixed<8, 6, 5, 3, 0> >"(i8 %add_ln703)" [firmware/myproject.cpp:50]   --->   Operation 105 'call' 'p_0109' <Predicate = true> <Delay = 2.60> <CoreType = "Generic">   --->   Core 0 '' <Latency = 0> <II = 1> <Delay = 1.00> <Generic> <Opcode : >
ST_5 : Operation 106 [3/5] (4.33ns)   --->   "%p_1 = call fastcc i4 @"sin_lut<ap_fixed<8, 6, 5, 3, 0> >"(i8 %add_ln703_1)" [firmware/myproject.cpp:50]   --->   Operation 106 'call' 'p_1' <Predicate = true> <Delay = 4.33> <CoreType = "Generic">   --->   Core 0 '' <Latency = 0> <II = 1> <Delay = 1.00> <Generic> <Opcode : >
ST_5 : Operation 107 [1/5] (2.60ns)   --->   "%p_Val2_s_26 = call fastcc i4 @"cos_lut<ap_fixed<8, 6, 5, 3, 0> >"(i8 %trunc_ln51)" [firmware/myproject.cpp:51]   --->   Operation 107 'call' 'p_Val2_s_26' <Predicate = true> <Delay = 2.60> <CoreType = "Generic">   --->   Core 0 '' <Latency = 0> <II = 1> <Delay = 1.00> <Generic> <Opcode : >
ST_5 : Operation 108 [1/5] (2.60ns)   --->   "%p_3 = call fastcc i4 @"cos_lut<ap_fixed<8, 6, 5, 3, 0> >"(i8 %sub_ln703_1)" [firmware/myproject.cpp:51]   --->   Operation 108 'call' 'p_3' <Predicate = true> <Delay = 2.60> <CoreType = "Generic">   --->   Core 0 '' <Latency = 0> <II = 1> <Delay = 1.00> <Generic> <Opcode : >
ST_5 : Operation 109 [1/5] (2.60ns)   --->   "%p_Val2_4 = call fastcc i4 @"sin_lut<ap_fixed<8, 6, 5, 3, 0> >"(i8 %add_ln703_2)" [firmware/myproject.cpp:51]   --->   Operation 109 'call' 'p_Val2_4' <Predicate = true> <Delay = 2.60> <CoreType = "Generic">   --->   Core 0 '' <Latency = 0> <II = 1> <Delay = 1.00> <Generic> <Opcode : >
ST_5 : Operation 110 [1/5] (2.60ns)   --->   "%p_Val2_5 = call fastcc i4 @"sin_lut<ap_fixed<8, 6, 5, 3, 0> >"(i8 %sext_ln708)" [firmware/myproject.cpp:51]   --->   Operation 110 'call' 'p_Val2_5' <Predicate = true> <Delay = 2.60> <CoreType = "Generic">   --->   Core 0 '' <Latency = 0> <II = 1> <Delay = 1.00> <Generic> <Opcode : >
ST_5 : Operation 111 [2/5] (4.33ns)   --->   "%p_Val2_3 = call fastcc i4 @"cos_lut<ap_fixed<8, 6, 5, 3, 0> >"(i8 %p_Val2_6)" [firmware/myproject.cpp:51]   --->   Operation 111 'call' 'p_Val2_3' <Predicate = true> <Delay = 4.33> <CoreType = "Generic">   --->   Core 0 '' <Latency = 0> <II = 1> <Delay = 1.00> <Generic> <Opcode : >
ST_5 : Operation 112 [3/5] (4.33ns)   --->   "%p_7 = call fastcc i4 @"sin_lut<ap_fixed<8, 6, 5, 3, 0> >"(i8 %p_Val2_2)" [firmware/myproject.cpp:51]   --->   Operation 112 'call' 'p_7' <Predicate = true> <Delay = 4.33> <CoreType = "Generic">   --->   Core 0 '' <Latency = 0> <II = 1> <Delay = 1.00> <Generic> <Opcode : >
ST_5 : Operation 113 [3/5] (4.33ns)   --->   "%p_8 = call fastcc i4 @"sin_lut<ap_fixed<8, 6, 5, 3, 0> >"(i8 %add_ln703_3)" [firmware/myproject.cpp:51]   --->   Operation 113 'call' 'p_8' <Predicate = true> <Delay = 4.33> <CoreType = "Generic">   --->   Core 0 '' <Latency = 0> <II = 1> <Delay = 1.00> <Generic> <Opcode : >
ST_5 : Operation 114 [5/5] (2.53ns)   --->   "%p_9 = call fastcc i4 @"cos_lut<ap_fixed<8, 6, 5, 3, 0> >"(i8 %p_Val2_9)" [firmware/myproject.cpp:51]   --->   Operation 114 'call' 'p_9' <Predicate = true> <Delay = 2.53> <CoreType = "Generic">   --->   Core 0 '' <Latency = 0> <II = 1> <Delay = 1.00> <Generic> <Opcode : >
ST_5 : Operation 115 [4/5] (4.33ns)   --->   "%p_Val2_7 = call fastcc i4 @"sin_lut<ap_fixed<8, 6, 5, 3, 0> >"(i8 %trunc_ln708_4)" [firmware/myproject.cpp:52]   --->   Operation 115 'call' 'p_Val2_7' <Predicate = true> <Delay = 4.33> <CoreType = "Generic">   --->   Core 0 '' <Latency = 0> <II = 1> <Delay = 1.00> <Generic> <Opcode : >
ST_5 : Operation 116 [2/5] (4.33ns)   --->   "%p_Val2_8 = call fastcc i4 @"sin_lut<ap_fixed<8, 6, 5, 3, 0> >"(i8 %p_Val2_6)" [firmware/myproject.cpp:53]   --->   Operation 116 'call' 'p_Val2_8' <Predicate = true> <Delay = 4.33> <CoreType = "Generic">   --->   Core 0 '' <Latency = 0> <II = 1> <Delay = 1.00> <Generic> <Opcode : >
ST_5 : Operation 117 [3/5] (4.33ns)   --->   "%p_2 = call fastcc i4 @"cos_lut<ap_fixed<8, 6, 5, 3, 0> >"(i8 %trunc_ln708_5)" [firmware/myproject.cpp:53]   --->   Operation 117 'call' 'p_2' <Predicate = true> <Delay = 4.33> <CoreType = "Generic">   --->   Core 0 '' <Latency = 0> <II = 1> <Delay = 1.00> <Generic> <Opcode : >
ST_5 : Operation 118 [4/5] (4.33ns)   --->   "%p_4 = call fastcc i4 @"cos_lut<ap_fixed<8, 6, 5, 3, 0> >"(i8 %trunc_ln708_6)" [firmware/myproject.cpp:53]   --->   Operation 118 'call' 'p_4' <Predicate = true> <Delay = 4.33> <CoreType = "Generic">   --->   Core 0 '' <Latency = 0> <II = 1> <Delay = 1.00> <Generic> <Opcode : >
ST_5 : Operation 119 [3/5] (4.33ns)   --->   "%p_5 = call fastcc i4 @"sin_lut<ap_fixed<8, 6, 5, 3, 0> >"(i8 %trunc_ln708_8)" [firmware/myproject.cpp:54]   --->   Operation 119 'call' 'p_5' <Predicate = true> <Delay = 4.33> <CoreType = "Generic">   --->   Core 0 '' <Latency = 0> <II = 1> <Delay = 1.00> <Generic> <Opcode : >
ST_5 : Operation 120 [3/5] (4.33ns)   --->   "%p_6 = call fastcc i4 @"cos_lut<ap_fixed<8, 6, 5, 3, 0> >"(i8 %trunc_ln708_9)" [firmware/myproject.cpp:54]   --->   Operation 120 'call' 'p_6' <Predicate = true> <Delay = 4.33> <CoreType = "Generic">   --->   Core 0 '' <Latency = 0> <II = 1> <Delay = 1.00> <Generic> <Opcode : >
ST_5 : Operation 121 [3/5] (4.33ns)   --->   "%p_10 = call fastcc i4 @"cos_lut<ap_fixed<8, 6, 5, 3, 0> >"(i8 %trunc_ln708_s)" [firmware/myproject.cpp:54]   --->   Operation 121 'call' 'p_10' <Predicate = true> <Delay = 4.33> <CoreType = "Generic">   --->   Core 0 '' <Latency = 0> <II = 1> <Delay = 1.00> <Generic> <Opcode : >

State 6 <SV = 5> <Delay = 4.33>
ST_6 : Operation 122 [5/5] (2.53ns)   --->   "%p_0 = call fastcc i4 @"sin_lut<ap_fixed<8, 6, 5, 3, 0> >"(i8 %p_Val2_9)" [firmware/myproject.cpp:50]   --->   Operation 122 'call' 'p_0' <Predicate = true> <Delay = 2.53> <CoreType = "Generic">   --->   Core 0 '' <Latency = 0> <II = 1> <Delay = 1.00> <Generic> <Opcode : >
ST_6 : Operation 123 [1/1] (0.00ns)   --->   "%shl_ln = call i9 @_ssdm_op_BitConcatenate.i9.i8.i1(i8 %p_Val2_s, i1 false)" [firmware/myproject.cpp:50]   --->   Operation 123 'bitconcatenate' 'shl_ln' <Predicate = true> <Delay = 0.00>
ST_6 : Operation 124 [1/1] (0.00ns)   --->   "%sext_ln1118_1 = sext i9 %shl_ln to i10" [firmware/myproject.cpp:50]   --->   Operation 124 'sext' 'sext_ln1118_1' <Predicate = true> <Delay = 0.00>
ST_6 : Operation 125 [1/1] (0.00ns)   --->   "%r_V_17 = call i9 @_ssdm_op_BitConcatenate.i9.i8.i1(i8 %p_Val2_9, i1 false)" [firmware/myproject.cpp:50]   --->   Operation 125 'bitconcatenate' 'r_V_17' <Predicate = true> <Delay = 0.00>
ST_6 : Operation 126 [1/1] (0.00ns)   --->   "%sext_ln1192 = sext i9 %r_V_17 to i10" [firmware/myproject.cpp:50]   --->   Operation 126 'sext' 'sext_ln1192' <Predicate = true> <Delay = 0.00>
ST_6 : Operation 127 [1/1] (0.00ns) (grouped into TernaryAdder)   --->   "%sub_ln1192 = sub i10 %sext_ln1192, %sext_ln1118_1" [firmware/myproject.cpp:50]   --->   Operation 127 'sub' 'sub_ln1192' <Predicate = true> <Delay = 0.00> <Core = "TAddSub">   --->   Core 83 'TAddSub' <Latency = 0> <II = 1> <Delay = 0.39> <IPBlock> <Opcode : 'add' 'sub'> <InPorts = 3> <OutPorts = 1> <Sync> <CReg>
ST_6 : Operation 128 [1/1] (0.79ns) (root node of TernaryAdder)   --->   "%ret_V_18 = add i10 12, %sub_ln1192" [firmware/myproject.cpp:50]   --->   Operation 128 'add' 'ret_V_18' <Predicate = true> <Delay = 0.79> <Core = "TAddSub">   --->   Core 83 'TAddSub' <Latency = 0> <II = 1> <Delay = 0.39> <IPBlock> <Opcode : 'add' 'sub'> <InPorts = 3> <OutPorts = 1> <Sync> <CReg>
ST_6 : Operation 129 [1/1] (0.00ns)   --->   "%trunc_ln = call i8 @_ssdm_op_PartSelect.i8.i10.i32.i32(i10 %ret_V_18, i32 2, i32 9)" [firmware/myproject.cpp:50]   --->   Operation 129 'partselect' 'trunc_ln' <Predicate = true> <Delay = 0.00>
ST_6 : Operation 130 [5/5] (2.53ns)   --->   "%p_s = call fastcc i4 @"sin_lut<ap_fixed<8, 6, 5, 3, 0> >"(i8 %trunc_ln)" [firmware/myproject.cpp:50]   --->   Operation 130 'call' 'p_s' <Predicate = true> <Delay = 2.53> <CoreType = "Generic">   --->   Core 0 '' <Latency = 0> <II = 1> <Delay = 1.00> <Generic> <Opcode : >
ST_6 : Operation 131 [2/5] (4.33ns)   --->   "%p_1 = call fastcc i4 @"sin_lut<ap_fixed<8, 6, 5, 3, 0> >"(i8 %add_ln703_1)" [firmware/myproject.cpp:50]   --->   Operation 131 'call' 'p_1' <Predicate = true> <Delay = 4.33> <CoreType = "Generic">   --->   Core 0 '' <Latency = 0> <II = 1> <Delay = 1.00> <Generic> <Opcode : >
ST_6 : Operation 132 [1/1] (0.00ns)   --->   "%r_V = sext i8 %p_Val2_s to i9" [firmware/myproject.cpp:51]   --->   Operation 132 'sext' 'r_V' <Predicate = true> <Delay = 0.00>
ST_6 : Operation 133 [1/1] (0.70ns)   --->   "%r_V_19 = sub i9 0, %r_V" [firmware/myproject.cpp:51]   --->   Operation 133 'sub' 'r_V_19' <Predicate = true> <Delay = 0.70> <Core = "AddSub">   --->   Core 14 'AddSub' <Latency = 0> <II = 1> <Delay = 0.71> <FuncUnit> <Opcode : 'add' 'sub'> <InPorts = 2> <OutPorts = 1>
ST_6 : Operation 134 [1/1] (0.00ns)   --->   "%sext_ln703 = sext i4 %p_Val2_s_26 to i9" [firmware/myproject.cpp:51]   --->   Operation 134 'sext' 'sext_ln703' <Predicate = true> <Delay = 0.00>
ST_6 : Operation 135 [1/1] (0.00ns) (grouped into TernaryAdder)   --->   "%ret_V_20 = sub i9 %r_V_19, %sext_ln703" [firmware/myproject.cpp:51]   --->   Operation 135 'sub' 'ret_V_20' <Predicate = true> <Delay = 0.00> <Core = "TAddSub">   --->   Core 83 'TAddSub' <Latency = 0> <II = 1> <Delay = 0.39> <IPBlock> <Opcode : 'add' 'sub'> <InPorts = 3> <OutPorts = 1> <Sync> <CReg>
ST_6 : Operation 136 [1/1] (0.81ns) (root node of TernaryAdder)   --->   "%ret_V = add i9 12, %ret_V_20" [firmware/myproject.cpp:51]   --->   Operation 136 'add' 'ret_V' <Predicate = true> <Delay = 0.81> <Core = "TAddSub">   --->   Core 83 'TAddSub' <Latency = 0> <II = 1> <Delay = 0.39> <IPBlock> <Opcode : 'add' 'sub'> <InPorts = 3> <OutPorts = 1> <Sync> <CReg>
ST_6 : Operation 137 [1/1] (0.00ns)   --->   "%sext_ln728_1 = sext i9 %ret_V to i12" [firmware/myproject.cpp:51]   --->   Operation 137 'sext' 'sext_ln728_1' <Predicate = true> <Delay = 0.00>
ST_6 : Operation 138 [1/1] (0.00ns)   --->   "%sext_ln728_2 = sext i4 %p_3 to i12" [firmware/myproject.cpp:51]   --->   Operation 138 'sext' 'sext_ln728_2' <Predicate = true> <Delay = 0.00>
ST_6 : Operation 139 [1/1] (0.49ns) (grouped into DSP with root node ret_V_4)   --->   "%mul_ln728 = mul i12 %sext_ln728_2, %sext_ln728_1" [firmware/myproject.cpp:51]   --->   Operation 139 'mul' 'mul_ln728' <Predicate = true> <Delay = 0.49> <Core = "DSP48">   --->   Core 88 'DSP48' <Latency = 0> <II = 1> <Delay = 2.53> <IPBlock> <Opcode : 'mul' 'add' 'sub' 'select'> <InPorts = 2> <OutPorts = 1> <Sync> <CReg>
ST_6 : Operation 140 [1/1] (0.00ns)   --->   "%tmp_6 = call i6 @_ssdm_op_BitConcatenate.i6.i4.i2(i4 %p_Val2_4, i2 0)" [firmware/myproject.cpp:51]   --->   Operation 140 'bitconcatenate' 'tmp_6' <Predicate = true> <Delay = 0.00>
ST_6 : Operation 141 [1/1] (0.00ns)   --->   "%sext_ln1193 = sext i6 %tmp_6 to i12" [firmware/myproject.cpp:51]   --->   Operation 141 'sext' 'sext_ln1193' <Predicate = true> <Delay = 0.00>
ST_6 : Operation 142 [1/1] (2.03ns) (root node of the DSP)   --->   "%ret_V_4 = sub i12 %mul_ln728, %sext_ln1193" [firmware/myproject.cpp:51]   --->   Operation 142 'sub' 'ret_V_4' <Predicate = true> <Delay = 2.03> <Core = "DSP48">   --->   Core 88 'DSP48' <Latency = 0> <II = 1> <Delay = 2.53> <IPBlock> <Opcode : 'mul' 'add' 'sub' 'select'> <InPorts = 2> <OutPorts = 1> <Sync> <CReg>
ST_6 : Operation 143 [1/5] (2.60ns)   --->   "%p_Val2_3 = call fastcc i4 @"cos_lut<ap_fixed<8, 6, 5, 3, 0> >"(i8 %p_Val2_6)" [firmware/myproject.cpp:51]   --->   Operation 143 'call' 'p_Val2_3' <Predicate = true> <Delay = 2.60> <CoreType = "Generic">   --->   Core 0 '' <Latency = 0> <II = 1> <Delay = 1.00> <Generic> <Opcode : >
ST_6 : Operation 144 [2/5] (4.33ns)   --->   "%p_7 = call fastcc i4 @"sin_lut<ap_fixed<8, 6, 5, 3, 0> >"(i8 %p_Val2_2)" [firmware/myproject.cpp:51]   --->   Operation 144 'call' 'p_7' <Predicate = true> <Delay = 4.33> <CoreType = "Generic">   --->   Core 0 '' <Latency = 0> <II = 1> <Delay = 1.00> <Generic> <Opcode : >
ST_6 : Operation 145 [2/5] (4.33ns)   --->   "%p_8 = call fastcc i4 @"sin_lut<ap_fixed<8, 6, 5, 3, 0> >"(i8 %add_ln703_3)" [firmware/myproject.cpp:51]   --->   Operation 145 'call' 'p_8' <Predicate = true> <Delay = 4.33> <CoreType = "Generic">   --->   Core 0 '' <Latency = 0> <II = 1> <Delay = 1.00> <Generic> <Opcode : >
ST_6 : Operation 146 [4/5] (4.33ns)   --->   "%p_9 = call fastcc i4 @"cos_lut<ap_fixed<8, 6, 5, 3, 0> >"(i8 %p_Val2_9)" [firmware/myproject.cpp:51]   --->   Operation 146 'call' 'p_9' <Predicate = true> <Delay = 4.33> <CoreType = "Generic">   --->   Core 0 '' <Latency = 0> <II = 1> <Delay = 1.00> <Generic> <Opcode : >
ST_6 : Operation 147 [3/5] (4.33ns)   --->   "%p_Val2_7 = call fastcc i4 @"sin_lut<ap_fixed<8, 6, 5, 3, 0> >"(i8 %trunc_ln708_4)" [firmware/myproject.cpp:52]   --->   Operation 147 'call' 'p_Val2_7' <Predicate = true> <Delay = 4.33> <CoreType = "Generic">   --->   Core 0 '' <Latency = 0> <II = 1> <Delay = 1.00> <Generic> <Opcode : >
ST_6 : Operation 148 [1/5] (2.60ns)   --->   "%p_Val2_8 = call fastcc i4 @"sin_lut<ap_fixed<8, 6, 5, 3, 0> >"(i8 %p_Val2_6)" [firmware/myproject.cpp:53]   --->   Operation 148 'call' 'p_Val2_8' <Predicate = true> <Delay = 2.60> <CoreType = "Generic">   --->   Core 0 '' <Latency = 0> <II = 1> <Delay = 1.00> <Generic> <Opcode : >
ST_6 : Operation 149 [1/1] (0.00ns)   --->   "%sext_ln1192_6 = sext i4 %p_Val2_8 to i5" [firmware/myproject.cpp:53]   --->   Operation 149 'sext' 'sext_ln1192_6' <Predicate = true> <Delay = 0.00>
ST_6 : Operation 150 [1/1] (0.70ns)   --->   "%ret_V_10 = add i5 1, %sext_ln1192_6" [firmware/myproject.cpp:53]   --->   Operation 150 'add' 'ret_V_10' <Predicate = true> <Delay = 0.70> <Core = "AddSub">   --->   Core 14 'AddSub' <Latency = 0> <II = 1> <Delay = 0.71> <FuncUnit> <Opcode : 'add' 'sub'> <InPorts = 2> <OutPorts = 1>
ST_6 : Operation 151 [2/5] (4.33ns)   --->   "%p_2 = call fastcc i4 @"cos_lut<ap_fixed<8, 6, 5, 3, 0> >"(i8 %trunc_ln708_5)" [firmware/myproject.cpp:53]   --->   Operation 151 'call' 'p_2' <Predicate = true> <Delay = 4.33> <CoreType = "Generic">   --->   Core 0 '' <Latency = 0> <II = 1> <Delay = 1.00> <Generic> <Opcode : >
ST_6 : Operation 152 [3/5] (4.33ns)   --->   "%p_4 = call fastcc i4 @"cos_lut<ap_fixed<8, 6, 5, 3, 0> >"(i8 %trunc_ln708_6)" [firmware/myproject.cpp:53]   --->   Operation 152 'call' 'p_4' <Predicate = true> <Delay = 4.33> <CoreType = "Generic">   --->   Core 0 '' <Latency = 0> <II = 1> <Delay = 1.00> <Generic> <Opcode : >
ST_6 : Operation 153 [2/5] (4.33ns)   --->   "%p_5 = call fastcc i4 @"sin_lut<ap_fixed<8, 6, 5, 3, 0> >"(i8 %trunc_ln708_8)" [firmware/myproject.cpp:54]   --->   Operation 153 'call' 'p_5' <Predicate = true> <Delay = 4.33> <CoreType = "Generic">   --->   Core 0 '' <Latency = 0> <II = 1> <Delay = 1.00> <Generic> <Opcode : >
ST_6 : Operation 154 [2/5] (4.33ns)   --->   "%p_6 = call fastcc i4 @"cos_lut<ap_fixed<8, 6, 5, 3, 0> >"(i8 %trunc_ln708_9)" [firmware/myproject.cpp:54]   --->   Operation 154 'call' 'p_6' <Predicate = true> <Delay = 4.33> <CoreType = "Generic">   --->   Core 0 '' <Latency = 0> <II = 1> <Delay = 1.00> <Generic> <Opcode : >
ST_6 : Operation 155 [2/5] (4.33ns)   --->   "%p_10 = call fastcc i4 @"cos_lut<ap_fixed<8, 6, 5, 3, 0> >"(i8 %trunc_ln708_s)" [firmware/myproject.cpp:54]   --->   Operation 155 'call' 'p_10' <Predicate = true> <Delay = 4.33> <CoreType = "Generic">   --->   Core 0 '' <Latency = 0> <II = 1> <Delay = 1.00> <Generic> <Opcode : >

State 7 <SV = 6> <Delay = 4.33>
ST_7 : Operation 156 [4/5] (4.33ns)   --->   "%p_0 = call fastcc i4 @"sin_lut<ap_fixed<8, 6, 5, 3, 0> >"(i8 %p_Val2_9)" [firmware/myproject.cpp:50]   --->   Operation 156 'call' 'p_0' <Predicate = true> <Delay = 4.33> <CoreType = "Generic">   --->   Core 0 '' <Latency = 0> <II = 1> <Delay = 1.00> <Generic> <Opcode : >
ST_7 : Operation 157 [1/1] (0.71ns)   --->   "%r_V_16 = sub i10 0, %sext_ln1118_1" [firmware/myproject.cpp:50]   --->   Operation 157 'sub' 'r_V_16' <Predicate = true> <Delay = 0.71> <Core = "AddSub">   --->   Core 14 'AddSub' <Latency = 0> <II = 1> <Delay = 0.71> <FuncUnit> <Opcode : 'add' 'sub'> <InPorts = 2> <OutPorts = 1>
ST_7 : Operation 158 [4/5] (4.33ns)   --->   "%p_s = call fastcc i4 @"sin_lut<ap_fixed<8, 6, 5, 3, 0> >"(i8 %trunc_ln)" [firmware/myproject.cpp:50]   --->   Operation 158 'call' 'p_s' <Predicate = true> <Delay = 4.33> <CoreType = "Generic">   --->   Core 0 '' <Latency = 0> <II = 1> <Delay = 1.00> <Generic> <Opcode : >
ST_7 : Operation 159 [1/5] (2.60ns)   --->   "%p_1 = call fastcc i4 @"sin_lut<ap_fixed<8, 6, 5, 3, 0> >"(i8 %add_ln703_1)" [firmware/myproject.cpp:50]   --->   Operation 159 'call' 'p_1' <Predicate = true> <Delay = 2.60> <CoreType = "Generic">   --->   Core 0 '' <Latency = 0> <II = 1> <Delay = 1.00> <Generic> <Opcode : >
ST_7 : Operation 160 [1/1] (0.00ns)   --->   "%sext_ln1253 = sext i4 %p_Val2_5 to i5" [firmware/myproject.cpp:51]   --->   Operation 160 'sext' 'sext_ln1253' <Predicate = true> <Delay = 0.00>
ST_7 : Operation 161 [1/1] (0.70ns)   --->   "%r_V_20 = sub i5 0, %sext_ln1253" [firmware/myproject.cpp:51]   --->   Operation 161 'sub' 'r_V_20' <Predicate = true> <Delay = 0.70> <Core = "AddSub">   --->   Core 14 'AddSub' <Latency = 0> <II = 1> <Delay = 0.71> <FuncUnit> <Opcode : 'add' 'sub'> <InPorts = 2> <OutPorts = 1>
ST_7 : Operation 162 [1/1] (0.00ns)   --->   "%sext_ln1116_1 = sext i4 %p_Val2_3 to i8" [firmware/myproject.cpp:51]   --->   Operation 162 'sext' 'sext_ln1116_1' <Predicate = true> <Delay = 0.00>
ST_7 : Operation 163 [1/1] (0.78ns)   --->   "%r_V_21 = mul i8 %sext_ln1116_1, %sext_ln1116_1" [firmware/myproject.cpp:51]   --->   Operation 163 'mul' 'r_V_21' <Predicate = true> <Delay = 0.78> <Core = "Mul">   --->   Core 16 'Mul' <Latency = 0> <II = 1> <Delay = 0.78> <FuncUnit> <Opcode : 'mul'> <InPorts = 2> <OutPorts = 1>
ST_7 : Operation 164 [1/1] (0.00ns)   --->   "%sext_ln1118_2 = sext i8 %r_V_21 to i9" [firmware/myproject.cpp:51]   --->   Operation 164 'sext' 'sext_ln1118_2' <Predicate = true> <Delay = 0.00>
ST_7 : Operation 165 [1/1] (0.00ns)   --->   "%tmp_7 = call i7 @_ssdm_op_BitConcatenate.i7.i5.i2(i5 %r_V_20, i2 0)" [firmware/myproject.cpp:51]   --->   Operation 165 'bitconcatenate' 'tmp_7' <Predicate = true> <Delay = 0.00>
ST_7 : Operation 166 [1/1] (0.00ns)   --->   "%sext_ln700_5 = sext i7 %tmp_7 to i9" [firmware/myproject.cpp:51]   --->   Operation 166 'sext' 'sext_ln700_5' <Predicate = true> <Delay = 0.00>
ST_7 : Operation 167 [1/1] (0.00ns) (grouped into DSP with root node mul_ln1192)   --->   "%ret_V_5 = add i9 %sext_ln1118_2, %sext_ln700_5" [firmware/myproject.cpp:51]   --->   Operation 167 'add' 'ret_V_5' <Predicate = true> <Delay = 0.00> <Core = "DSP48">   --->   Core 88 'DSP48' <Latency = 0> <II = 1> <Delay = 2.53> <IPBlock> <Opcode : 'mul' 'add' 'sub' 'select'> <InPorts = 2> <OutPorts = 1> <Sync> <CReg>
ST_7 : Operation 168 [1/1] (0.00ns)   --->   "%sext_ln1192_1 = sext i12 %ret_V_4 to i20" [firmware/myproject.cpp:51]   --->   Operation 168 'sext' 'sext_ln1192_1' <Predicate = true> <Delay = 0.00>
ST_7 : Operation 169 [1/1] (0.00ns) (grouped into DSP with root node mul_ln1192)   --->   "%sext_ln1192_2 = sext i9 %ret_V_5 to i20" [firmware/myproject.cpp:51]   --->   Operation 169 'sext' 'sext_ln1192_2' <Predicate = true> <Delay = 0.00>
ST_7 : Operation 170 [1/1] (2.53ns) (root node of the DSP)   --->   "%mul_ln1192 = mul i20 %sext_ln1192_2, %sext_ln1192_1" [firmware/myproject.cpp:51]   --->   Operation 170 'mul' 'mul_ln1192' <Predicate = true> <Delay = 2.53> <Core = "DSP48">   --->   Core 88 'DSP48' <Latency = 0> <II = 1> <Delay = 2.53> <IPBlock> <Opcode : 'mul' 'add' 'sub' 'select'> <InPorts = 2> <OutPorts = 1> <Sync> <CReg>
ST_7 : Operation 171 [1/5] (2.60ns)   --->   "%p_7 = call fastcc i4 @"sin_lut<ap_fixed<8, 6, 5, 3, 0> >"(i8 %p_Val2_2)" [firmware/myproject.cpp:51]   --->   Operation 171 'call' 'p_7' <Predicate = true> <Delay = 2.60> <CoreType = "Generic">   --->   Core 0 '' <Latency = 0> <II = 1> <Delay = 1.00> <Generic> <Opcode : >
ST_7 : Operation 172 [1/5] (2.60ns)   --->   "%p_8 = call fastcc i4 @"sin_lut<ap_fixed<8, 6, 5, 3, 0> >"(i8 %add_ln703_3)" [firmware/myproject.cpp:51]   --->   Operation 172 'call' 'p_8' <Predicate = true> <Delay = 2.60> <CoreType = "Generic">   --->   Core 0 '' <Latency = 0> <II = 1> <Delay = 1.00> <Generic> <Opcode : >
ST_7 : Operation 173 [3/5] (4.33ns)   --->   "%p_9 = call fastcc i4 @"cos_lut<ap_fixed<8, 6, 5, 3, 0> >"(i8 %p_Val2_9)" [firmware/myproject.cpp:51]   --->   Operation 173 'call' 'p_9' <Predicate = true> <Delay = 4.33> <CoreType = "Generic">   --->   Core 0 '' <Latency = 0> <II = 1> <Delay = 1.00> <Generic> <Opcode : >
ST_7 : Operation 174 [2/5] (4.33ns)   --->   "%p_Val2_7 = call fastcc i4 @"sin_lut<ap_fixed<8, 6, 5, 3, 0> >"(i8 %trunc_ln708_4)" [firmware/myproject.cpp:52]   --->   Operation 174 'call' 'p_Val2_7' <Predicate = true> <Delay = 4.33> <CoreType = "Generic">   --->   Core 0 '' <Latency = 0> <II = 1> <Delay = 1.00> <Generic> <Opcode : >
ST_7 : Operation 175 [1/1] (0.00ns)   --->   "%sext_ln1118_3 = sext i5 %ret_V_10 to i10" [firmware/myproject.cpp:53]   --->   Operation 175 'sext' 'sext_ln1118_3' <Predicate = true> <Delay = 0.00>
ST_7 : Operation 176 [1/1] (0.91ns)   --->   "%r_V_7 = mul i10 %sext_ln1118_3, %sext_ln1118_3" [firmware/myproject.cpp:53]   --->   Operation 176 'mul' 'r_V_7' <Predicate = true> <Delay = 0.91> <Core = "Mul">   --->   Core 16 'Mul' <Latency = 0> <II = 1> <Delay = 0.78> <FuncUnit> <Opcode : 'mul'> <InPorts = 2> <OutPorts = 1>
ST_7 : Operation 177 [1/1] (0.00ns)   --->   "%tmp_8 = call i11 @_ssdm_op_BitConcatenate.i11.i10.i1(i10 %r_V_7, i1 false)" [firmware/myproject.cpp:53]   --->   Operation 177 'bitconcatenate' 'tmp_8' <Predicate = true> <Delay = 0.00>
ST_7 : Operation 178 [1/1] (0.00ns)   --->   "%sext_ln1118_4 = sext i11 %tmp_8 to i14" [firmware/myproject.cpp:53]   --->   Operation 178 'sext' 'sext_ln1118_4' <Predicate = true> <Delay = 0.00>
ST_7 : Operation 179 [1/1] (0.00ns)   --->   "%lhs_V_3 = call i12 @_ssdm_op_BitConcatenate.i12.i10.i2(i10 %r_V_16, i2 0)" [firmware/myproject.cpp:53]   --->   Operation 179 'bitconcatenate' 'lhs_V_3' <Predicate = true> <Delay = 0.00>
ST_7 : Operation 180 [1/1] (0.00ns)   --->   "%sext_ln728_3 = sext i12 %lhs_V_3 to i14" [firmware/myproject.cpp:53]   --->   Operation 180 'sext' 'sext_ln728_3' <Predicate = true> <Delay = 0.00>
ST_7 : Operation 181 [1/1] (0.00ns) (grouped into TernaryAdder)   --->   "%ret_V_24 = sub i14 %sext_ln728_3, %sext_ln1118_4" [firmware/myproject.cpp:53]   --->   Operation 181 'sub' 'ret_V_24' <Predicate = true> <Delay = 0.00> <Core = "TAddSub">   --->   Core 83 'TAddSub' <Latency = 0> <II = 1> <Delay = 0.39> <IPBlock> <Opcode : 'add' 'sub'> <InPorts = 3> <OutPorts = 1> <Sync> <CReg>
ST_7 : Operation 182 [1/1] (0.73ns) (root node of TernaryAdder)   --->   "%add_ln1192 = add i14 96, %ret_V_24" [firmware/myproject.cpp:53]   --->   Operation 182 'add' 'add_ln1192' <Predicate = true> <Delay = 0.73> <Core = "TAddSub">   --->   Core 83 'TAddSub' <Latency = 0> <II = 1> <Delay = 0.39> <IPBlock> <Opcode : 'add' 'sub'> <InPorts = 3> <OutPorts = 1> <Sync> <CReg>
ST_7 : Operation 183 [1/1] (0.00ns)   --->   "%sext_ln1192_7 = sext i14 %add_ln1192 to i23" [firmware/myproject.cpp:53]   --->   Operation 183 'sext' 'sext_ln1192_7' <Predicate = true> <Delay = 0.00>
ST_7 : Operation 184 [1/1] (0.00ns)   --->   "%sext_ln1192_15 = sext i8 %r_V_21 to i23" [firmware/myproject.cpp:53]   --->   Operation 184 'sext' 'sext_ln1192_15' <Predicate = true> <Delay = 0.00>
ST_7 : Operation 185 [1/1] (2.53ns) (root node of the DSP)   --->   "%mul_ln1192_4 = mul i23 %sext_ln1192_15, %sext_ln1192_7" [firmware/myproject.cpp:53]   --->   Operation 185 'mul' 'mul_ln1192_4' <Predicate = true> <Delay = 2.53> <Core = "DSP48">   --->   Core 88 'DSP48' <Latency = 0> <II = 1> <Delay = 2.53> <IPBlock> <Opcode : 'mul' 'add' 'sub' 'select'> <InPorts = 2> <OutPorts = 1> <Sync> <CReg>
ST_7 : Operation 186 [1/5] (2.60ns)   --->   "%p_2 = call fastcc i4 @"cos_lut<ap_fixed<8, 6, 5, 3, 0> >"(i8 %trunc_ln708_5)" [firmware/myproject.cpp:53]   --->   Operation 186 'call' 'p_2' <Predicate = true> <Delay = 2.60> <CoreType = "Generic">   --->   Core 0 '' <Latency = 0> <II = 1> <Delay = 1.00> <Generic> <Opcode : >
ST_7 : Operation 187 [2/5] (4.33ns)   --->   "%p_4 = call fastcc i4 @"cos_lut<ap_fixed<8, 6, 5, 3, 0> >"(i8 %trunc_ln708_6)" [firmware/myproject.cpp:53]   --->   Operation 187 'call' 'p_4' <Predicate = true> <Delay = 4.33> <CoreType = "Generic">   --->   Core 0 '' <Latency = 0> <II = 1> <Delay = 1.00> <Generic> <Opcode : >
ST_7 : Operation 188 [1/1] (0.00ns)   --->   "%sext_ln1192_17 = sext i4 %p_Val2_3 to i5" [firmware/myproject.cpp:54]   --->   Operation 188 'sext' 'sext_ln1192_17' <Predicate = true> <Delay = 0.00>
ST_7 : Operation 189 [1/1] (0.70ns)   --->   "%ret_V_15 = add i5 1, %sext_ln1192_17" [firmware/myproject.cpp:54]   --->   Operation 189 'add' 'ret_V_15' <Predicate = true> <Delay = 0.70> <Core = "AddSub">   --->   Core 14 'AddSub' <Latency = 0> <II = 1> <Delay = 0.71> <FuncUnit> <Opcode : 'add' 'sub'> <InPorts = 2> <OutPorts = 1>
ST_7 : Operation 190 [1/1] (0.00ns)   --->   "%sext_ln1118_7 = sext i5 %ret_V_15 to i10" [firmware/myproject.cpp:54]   --->   Operation 190 'sext' 'sext_ln1118_7' <Predicate = true> <Delay = 0.00>
ST_7 : Operation 191 [1/1] (0.91ns)   --->   "%r_V_10 = mul i10 %sext_ln1118_7, %sext_ln1118_7" [firmware/myproject.cpp:54]   --->   Operation 191 'mul' 'r_V_10' <Predicate = true> <Delay = 0.91> <Core = "Mul">   --->   Core 16 'Mul' <Latency = 0> <II = 1> <Delay = 0.78> <FuncUnit> <Opcode : 'mul'> <InPorts = 2> <OutPorts = 1>
ST_7 : Operation 192 [1/5] (2.60ns)   --->   "%p_5 = call fastcc i4 @"sin_lut<ap_fixed<8, 6, 5, 3, 0> >"(i8 %trunc_ln708_8)" [firmware/myproject.cpp:54]   --->   Operation 192 'call' 'p_5' <Predicate = true> <Delay = 2.60> <CoreType = "Generic">   --->   Core 0 '' <Latency = 0> <II = 1> <Delay = 1.00> <Generic> <Opcode : >
ST_7 : Operation 193 [1/1] (0.00ns)   --->   "%sext_ln1116_4 = sext i4 %p_5 to i8" [firmware/myproject.cpp:54]   --->   Operation 193 'sext' 'sext_ln1116_4' <Predicate = true> <Delay = 0.00>
ST_7 : Operation 194 [1/1] (0.78ns)   --->   "%r_V_11 = mul i8 %sext_ln1116_4, %sext_ln1116_4" [firmware/myproject.cpp:54]   --->   Operation 194 'mul' 'r_V_11' <Predicate = true> <Delay = 0.78> <Core = "Mul">   --->   Core 16 'Mul' <Latency = 0> <II = 1> <Delay = 0.78> <FuncUnit> <Opcode : 'mul'> <InPorts = 2> <OutPorts = 1>
ST_7 : Operation 195 [1/5] (2.60ns)   --->   "%p_6 = call fastcc i4 @"cos_lut<ap_fixed<8, 6, 5, 3, 0> >"(i8 %trunc_ln708_9)" [firmware/myproject.cpp:54]   --->   Operation 195 'call' 'p_6' <Predicate = true> <Delay = 2.60> <CoreType = "Generic">   --->   Core 0 '' <Latency = 0> <II = 1> <Delay = 1.00> <Generic> <Opcode : >
ST_7 : Operation 196 [1/5] (2.60ns)   --->   "%p_10 = call fastcc i4 @"cos_lut<ap_fixed<8, 6, 5, 3, 0> >"(i8 %trunc_ln708_s)" [firmware/myproject.cpp:54]   --->   Operation 196 'call' 'p_10' <Predicate = true> <Delay = 2.60> <CoreType = "Generic">   --->   Core 0 '' <Latency = 0> <II = 1> <Delay = 1.00> <Generic> <Opcode : >

State 8 <SV = 7> <Delay = 4.33>
ST_8 : Operation 197 [3/5] (4.33ns)   --->   "%p_0 = call fastcc i4 @"sin_lut<ap_fixed<8, 6, 5, 3, 0> >"(i8 %p_Val2_9)" [firmware/myproject.cpp:50]   --->   Operation 197 'call' 'p_0' <Predicate = true> <Delay = 4.33> <CoreType = "Generic">   --->   Core 0 '' <Latency = 0> <II = 1> <Delay = 1.00> <Generic> <Opcode : >
ST_8 : Operation 198 [3/5] (4.33ns)   --->   "%p_s = call fastcc i4 @"sin_lut<ap_fixed<8, 6, 5, 3, 0> >"(i8 %trunc_ln)" [firmware/myproject.cpp:50]   --->   Operation 198 'call' 'p_s' <Predicate = true> <Delay = 4.33> <CoreType = "Generic">   --->   Core 0 '' <Latency = 0> <II = 1> <Delay = 1.00> <Generic> <Opcode : >
ST_8 : Operation 199 [1/1] (0.00ns)   --->   "%sext_ln1192_3 = sext i4 %p_7 to i20" [firmware/myproject.cpp:51]   --->   Operation 199 'sext' 'sext_ln1192_3' <Predicate = true> <Delay = 0.00>
ST_8 : Operation 200 [1/1] (2.32ns)   --->   "%mul_ln1192_1 = mul i20 %sext_ln1192_3, %mul_ln1192" [firmware/myproject.cpp:51]   --->   Operation 200 'mul' 'mul_ln1192_1' <Predicate = true> <Delay = 2.32> <Core = "Mul">   --->   Core 16 'Mul' <Latency = 0> <II = 1> <Delay = 0.78> <FuncUnit> <Opcode : 'mul'> <InPorts = 2> <OutPorts = 1>
ST_8 : Operation 201 [2/5] (4.33ns)   --->   "%p_9 = call fastcc i4 @"cos_lut<ap_fixed<8, 6, 5, 3, 0> >"(i8 %p_Val2_9)" [firmware/myproject.cpp:51]   --->   Operation 201 'call' 'p_9' <Predicate = true> <Delay = 4.33> <CoreType = "Generic">   --->   Core 0 '' <Latency = 0> <II = 1> <Delay = 1.00> <Generic> <Opcode : >
ST_8 : Operation 202 [1/5] (2.60ns)   --->   "%p_Val2_7 = call fastcc i4 @"sin_lut<ap_fixed<8, 6, 5, 3, 0> >"(i8 %trunc_ln708_4)" [firmware/myproject.cpp:52]   --->   Operation 202 'call' 'p_Val2_7' <Predicate = true> <Delay = 2.60> <CoreType = "Generic">   --->   Core 0 '' <Latency = 0> <II = 1> <Delay = 1.00> <Generic> <Opcode : >
ST_8 : Operation 203 [1/1] (0.00ns)   --->   "%sext_ln1192_16 = sext i23 %mul_ln1192_4 to i24" [firmware/myproject.cpp:53]   --->   Operation 203 'sext' 'sext_ln1192_16' <Predicate = true> <Delay = 0.00>
ST_8 : Operation 204 [1/1] (0.00ns)   --->   "%sext_ln1116_2 = sext i4 %p_2 to i8" [firmware/myproject.cpp:53]   --->   Operation 204 'sext' 'sext_ln1116_2' <Predicate = true> <Delay = 0.00>
ST_8 : Operation 205 [1/1] (0.78ns)   --->   "%r_V_8 = mul i8 %sext_ln1116_2, %sext_ln1116_2" [firmware/myproject.cpp:53]   --->   Operation 205 'mul' 'r_V_8' <Predicate = true> <Delay = 0.78> <Core = "Mul">   --->   Core 16 'Mul' <Latency = 0> <II = 1> <Delay = 0.78> <FuncUnit> <Opcode : 'mul'> <InPorts = 2> <OutPorts = 1>
ST_8 : Operation 206 [1/1] (0.00ns)   --->   "%sext_ln1192_8 = sext i8 %r_V_8 to i24" [firmware/myproject.cpp:53]   --->   Operation 206 'sext' 'sext_ln1192_8' <Predicate = true> <Delay = 0.00>
ST_8 : Operation 207 [1/1] (2.53ns) (root node of the DSP)   --->   "%mul_ln1192_5 = mul i24 %sext_ln1192_8, %sext_ln1192_16" [firmware/myproject.cpp:53]   --->   Operation 207 'mul' 'mul_ln1192_5' <Predicate = true> <Delay = 2.53> <Core = "DSP48">   --->   Core 88 'DSP48' <Latency = 0> <II = 1> <Delay = 2.53> <IPBlock> <Opcode : 'mul' 'add' 'sub' 'select'> <InPorts = 2> <OutPorts = 1> <Sync> <CReg>
ST_8 : Operation 208 [1/5] (2.60ns)   --->   "%p_4 = call fastcc i4 @"cos_lut<ap_fixed<8, 6, 5, 3, 0> >"(i8 %trunc_ln708_6)" [firmware/myproject.cpp:53]   --->   Operation 208 'call' 'p_4' <Predicate = true> <Delay = 2.60> <CoreType = "Generic">   --->   Core 0 '' <Latency = 0> <II = 1> <Delay = 1.00> <Generic> <Opcode : >
ST_8 : Operation 209 [1/1] (0.00ns)   --->   "%sext_ln1118_8 = sext i10 %r_V_10 to i18" [firmware/myproject.cpp:54]   --->   Operation 209 'sext' 'sext_ln1118_8' <Predicate = true> <Delay = 0.00>
ST_8 : Operation 210 [1/1] (0.00ns)   --->   "%sext_ln1118_9 = sext i8 %r_V_11 to i18" [firmware/myproject.cpp:54]   --->   Operation 210 'sext' 'sext_ln1118_9' <Predicate = true> <Delay = 0.00>
ST_8 : Operation 211 [1/1] (1.70ns)   --->   "%r_V_12 = mul i18 %sext_ln1118_9, %sext_ln1118_8" [firmware/myproject.cpp:54]   --->   Operation 211 'mul' 'r_V_12' <Predicate = true> <Delay = 1.70> <Core = "Mul">   --->   Core 16 'Mul' <Latency = 0> <II = 1> <Delay = 0.78> <FuncUnit> <Opcode : 'mul'> <InPorts = 2> <OutPorts = 1>
ST_8 : Operation 212 [1/1] (0.00ns)   --->   "%sext_ln1116_5 = sext i4 %p_6 to i8" [firmware/myproject.cpp:54]   --->   Operation 212 'sext' 'sext_ln1116_5' <Predicate = true> <Delay = 0.00>
ST_8 : Operation 213 [1/1] (0.78ns)   --->   "%r_V_14 = mul i8 %sext_ln1116_5, %sext_ln1116_5" [firmware/myproject.cpp:54]   --->   Operation 213 'mul' 'r_V_14' <Predicate = true> <Delay = 0.78> <Core = "Mul">   --->   Core 16 'Mul' <Latency = 0> <II = 1> <Delay = 0.78> <FuncUnit> <Opcode : 'mul'> <InPorts = 2> <OutPorts = 1>
ST_8 : Operation 214 [1/1] (0.00ns)   --->   "%sext_ln1192_11 = sext i18 %r_V_12 to i22" [firmware/myproject.cpp:54]   --->   Operation 214 'sext' 'sext_ln1192_11' <Predicate = true> <Delay = 0.00>
ST_8 : Operation 215 [1/1] (0.00ns)   --->   "%sext_ln1192_12 = sext i8 %r_V_14 to i22" [firmware/myproject.cpp:54]   --->   Operation 215 'sext' 'sext_ln1192_12' <Predicate = true> <Delay = 0.00>
ST_8 : Operation 216 [1/1] (2.53ns) (root node of the DSP)   --->   "%mul_ln1192_7 = mul i22 %sext_ln1192_12, %sext_ln1192_11" [firmware/myproject.cpp:54]   --->   Operation 216 'mul' 'mul_ln1192_7' <Predicate = true> <Delay = 2.53> <Core = "DSP48">   --->   Core 88 'DSP48' <Latency = 0> <II = 1> <Delay = 2.53> <IPBlock> <Opcode : 'mul' 'add' 'sub' 'select'> <InPorts = 2> <OutPorts = 1> <Sync> <CReg>

State 9 <SV = 8> <Delay = 4.33>
ST_9 : Operation 217 [2/5] (4.33ns)   --->   "%p_0 = call fastcc i4 @"sin_lut<ap_fixed<8, 6, 5, 3, 0> >"(i8 %p_Val2_9)" [firmware/myproject.cpp:50]   --->   Operation 217 'call' 'p_0' <Predicate = true> <Delay = 4.33> <CoreType = "Generic">   --->   Core 0 '' <Latency = 0> <II = 1> <Delay = 1.00> <Generic> <Opcode : >
ST_9 : Operation 218 [2/5] (4.33ns)   --->   "%p_s = call fastcc i4 @"sin_lut<ap_fixed<8, 6, 5, 3, 0> >"(i8 %trunc_ln)" [firmware/myproject.cpp:50]   --->   Operation 218 'call' 'p_s' <Predicate = true> <Delay = 4.33> <CoreType = "Generic">   --->   Core 0 '' <Latency = 0> <II = 1> <Delay = 1.00> <Generic> <Opcode : >
ST_9 : Operation 219 [1/1] (0.00ns)   --->   "%sext_ln1192_4 = sext i4 %p_8 to i20" [firmware/myproject.cpp:51]   --->   Operation 219 'sext' 'sext_ln1192_4' <Predicate = true> <Delay = 0.00>
ST_9 : Operation 220 [1/1] (2.32ns)   --->   "%mul_ln1192_2 = mul i20 %sext_ln1192_4, %mul_ln1192_1" [firmware/myproject.cpp:51]   --->   Operation 220 'mul' 'mul_ln1192_2' <Predicate = true> <Delay = 2.32> <Core = "Mul">   --->   Core 16 'Mul' <Latency = 0> <II = 1> <Delay = 0.78> <FuncUnit> <Opcode : 'mul'> <InPorts = 2> <OutPorts = 1>
ST_9 : Operation 221 [1/5] (2.60ns)   --->   "%p_9 = call fastcc i4 @"cos_lut<ap_fixed<8, 6, 5, 3, 0> >"(i8 %p_Val2_9)" [firmware/myproject.cpp:51]   --->   Operation 221 'call' 'p_9' <Predicate = true> <Delay = 2.60> <CoreType = "Generic">   --->   Core 0 '' <Latency = 0> <II = 1> <Delay = 1.00> <Generic> <Opcode : >
ST_9 : Operation 222 [1/1] (0.00ns)   --->   "%sext_ln1116_3 = sext i4 %p_4 to i8" [firmware/myproject.cpp:53]   --->   Operation 222 'sext' 'sext_ln1116_3' <Predicate = true> <Delay = 0.00>
ST_9 : Operation 223 [1/1] (0.78ns)   --->   "%r_V_9 = mul i8 %sext_ln1116_3, %sext_ln1116_3" [firmware/myproject.cpp:53]   --->   Operation 223 'mul' 'r_V_9' <Predicate = true> <Delay = 0.78> <Core = "Mul">   --->   Core 16 'Mul' <Latency = 0> <II = 1> <Delay = 0.78> <FuncUnit> <Opcode : 'mul'> <InPorts = 2> <OutPorts = 1>
ST_9 : Operation 224 [1/1] (0.00ns)   --->   "%sext_ln1192_10 = sext i8 %r_V_9 to i24" [firmware/myproject.cpp:53]   --->   Operation 224 'sext' 'sext_ln1192_10' <Predicate = true> <Delay = 0.00>
ST_9 : Operation 225 [1/1] (0.49ns) (grouped into DSP with root node ret_V_27)   --->   "%mul_ln1192_6 = mul i24 %sext_ln1192_10, %mul_ln1192_5" [firmware/myproject.cpp:53]   --->   Operation 225 'mul' 'mul_ln1192_6' <Predicate = true> <Delay = 0.49> <Core = "DSP48">   --->   Core 88 'DSP48' <Latency = 0> <II = 1> <Delay = 2.53> <IPBlock> <Opcode : 'mul' 'add' 'sub' 'select'> <InPorts = 2> <OutPorts = 1> <Sync> <CReg>
ST_9 : Operation 226 [1/1] (2.03ns) (root node of the DSP)   --->   "%ret_V_27 = add i24 -262144, %mul_ln1192_6" [firmware/myproject.cpp:53]   --->   Operation 226 'add' 'ret_V_27' <Predicate = true> <Delay = 2.03> <Core = "DSP48">   --->   Core 88 'DSP48' <Latency = 0> <II = 1> <Delay = 2.53> <IPBlock> <Opcode : 'mul' 'add' 'sub' 'select'> <InPorts = 2> <OutPorts = 1> <Sync> <CReg>
ST_9 : Operation 227 [1/1] (0.00ns)   --->   "%trunc_ln708_7 = call i8 @_ssdm_op_PartSelect.i8.i24.i32.i32(i24 %ret_V_27, i32 16, i32 23)" [firmware/myproject.cpp:53]   --->   Operation 227 'partselect' 'trunc_ln708_7' <Predicate = true> <Delay = 0.00>
ST_9 : Operation 228 [1/1] (0.00ns)   --->   "%sext_ln1116_6 = sext i4 %p_10 to i8" [firmware/myproject.cpp:54]   --->   Operation 228 'sext' 'sext_ln1116_6' <Predicate = true> <Delay = 0.00>
ST_9 : Operation 229 [1/1] (0.78ns)   --->   "%r_V_15 = mul i8 %sext_ln1116_6, %sext_ln1116_6" [firmware/myproject.cpp:54]   --->   Operation 229 'mul' 'r_V_15' <Predicate = true> <Delay = 0.78> <Core = "Mul">   --->   Core 16 'Mul' <Latency = 0> <II = 1> <Delay = 0.78> <FuncUnit> <Opcode : 'mul'> <InPorts = 2> <OutPorts = 1>
ST_9 : Operation 230 [1/1] (0.00ns)   --->   "%sext_ln1192_14 = sext i8 %r_V_15 to i22" [firmware/myproject.cpp:54]   --->   Operation 230 'sext' 'sext_ln1192_14' <Predicate = true> <Delay = 0.00>
ST_9 : Operation 231 [1/1] (0.49ns) (grouped into DSP with root node ret_V_29)   --->   "%mul_ln1192_8 = mul i22 %sext_ln1192_14, %mul_ln1192_7" [firmware/myproject.cpp:54]   --->   Operation 231 'mul' 'mul_ln1192_8' <Predicate = true> <Delay = 0.49> <Core = "DSP48">   --->   Core 88 'DSP48' <Latency = 0> <II = 1> <Delay = 2.53> <IPBlock> <Opcode : 'mul' 'add' 'sub' 'select'> <InPorts = 2> <OutPorts = 1> <Sync> <CReg>
ST_9 : Operation 232 [1/1] (2.03ns) (root node of the DSP)   --->   "%ret_V_29 = add i22 -65536, %mul_ln1192_8" [firmware/myproject.cpp:54]   --->   Operation 232 'add' 'ret_V_29' <Predicate = true> <Delay = 2.03> <Core = "DSP48">   --->   Core 88 'DSP48' <Latency = 0> <II = 1> <Delay = 2.53> <IPBlock> <Opcode : 'mul' 'add' 'sub' 'select'> <InPorts = 2> <OutPorts = 1> <Sync> <CReg>
ST_9 : Operation 233 [1/1] (0.00ns)   --->   "%trunc_ln708_1 = call i8 @_ssdm_op_PartSelect.i8.i22.i32.i32(i22 %ret_V_29, i32 14, i32 21)" [firmware/myproject.cpp:54]   --->   Operation 233 'partselect' 'trunc_ln708_1' <Predicate = true> <Delay = 0.00>

State 10 <SV = 9> <Delay = 4.14>
ST_10 : Operation 234 [1/1] (0.00ns)   --->   "call void (...)* @_ssdm_op_SpecBitsMap(i8* %y_4_V), !map !183"   --->   Operation 234 'specbitsmap' <Predicate = true> <Delay = 0.00>
ST_10 : Operation 235 [1/1] (0.00ns)   --->   "call void (...)* @_ssdm_op_SpecBitsMap(i8* %y_3_V), !map !189"   --->   Operation 235 'specbitsmap' <Predicate = true> <Delay = 0.00>
ST_10 : Operation 236 [1/1] (0.00ns)   --->   "call void (...)* @_ssdm_op_SpecBitsMap(i8* %y_2_V), !map !195"   --->   Operation 236 'specbitsmap' <Predicate = true> <Delay = 0.00>
ST_10 : Operation 237 [1/1] (0.00ns)   --->   "call void (...)* @_ssdm_op_SpecBitsMap(i8* %y_1_V), !map !201"   --->   Operation 237 'specbitsmap' <Predicate = true> <Delay = 0.00>
ST_10 : Operation 238 [1/1] (0.00ns)   --->   "call void (...)* @_ssdm_op_SpecBitsMap(i8* %y_0_V), !map !207"   --->   Operation 238 'specbitsmap' <Predicate = true> <Delay = 0.00>
ST_10 : Operation 239 [1/1] (0.00ns)   --->   "call void (...)* @_ssdm_op_SpecBitsMap(i128* %x_V), !map !213"   --->   Operation 239 'specbitsmap' <Predicate = true> <Delay = 0.00>
ST_10 : Operation 240 [1/1] (0.00ns)   --->   "call void (...)* @_ssdm_op_SpecTopModule([10 x i8]* @myproject_str) nounwind"   --->   Operation 240 'spectopmodule' <Predicate = true> <Delay = 0.00>
ST_10 : Operation 241 [1/1] (0.00ns)   --->   "call void (...)* @_ssdm_op_SpecInterface(i128* %x_V, [7 x i8]* @p_str2, i32 0, i32 0, [1 x i8]* @p_str1, i32 0, i32 0, [1 x i8]* @p_str1, [1 x i8]* @p_str1, [1 x i8]* @p_str1, i32 0, i32 0, i32 0, i32 0, [1 x i8]* @p_str1, [1 x i8]* @p_str1) nounwind"   --->   Operation 241 'specinterface' <Predicate = true> <Delay = 0.00>
ST_10 : Operation 242 [1/1] (0.00ns)   --->   "call void (...)* @_ssdm_op_SpecInterface(i8* %y_0_V, i8* %y_1_V, i8* %y_2_V, i8* %y_3_V, i8* %y_4_V, [7 x i8]* @p_str2, i32 0, i32 0, [1 x i8]* @p_str1, i32 0, i32 0, [1 x i8]* @p_str1, [1 x i8]* @p_str1, [1 x i8]* @p_str1, i32 0, i32 0, i32 0, i32 0, [1 x i8]* @p_str1, [1 x i8]* @p_str1) nounwind" [firmware/myproject.cpp:32]   --->   Operation 242 'specinterface' <Predicate = true> <Delay = 0.00>
ST_10 : Operation 243 [1/1] (0.00ns)   --->   "call void (...)* @_ssdm_op_SpecPipeline(i32 -1, i32 1, i32 1, i32 0, [1 x i8]* @p_str1) nounwind" [firmware/myproject.cpp:33]   --->   Operation 243 'specpipeline' <Predicate = true> <Delay = 0.00>
ST_10 : Operation 244 [1/5] (2.60ns)   --->   "%p_0 = call fastcc i4 @"sin_lut<ap_fixed<8, 6, 5, 3, 0> >"(i8 %p_Val2_9)" [firmware/myproject.cpp:50]   --->   Operation 244 'call' 'p_0' <Predicate = true> <Delay = 2.60> <CoreType = "Generic">   --->   Core 0 '' <Latency = 0> <II = 1> <Delay = 1.00> <Generic> <Opcode : >
ST_10 : Operation 245 [1/5] (2.60ns)   --->   "%p_s = call fastcc i4 @"sin_lut<ap_fixed<8, 6, 5, 3, 0> >"(i8 %trunc_ln)" [firmware/myproject.cpp:50]   --->   Operation 245 'call' 'p_s' <Predicate = true> <Delay = 2.60> <CoreType = "Generic">   --->   Core 0 '' <Latency = 0> <II = 1> <Delay = 1.00> <Generic> <Opcode : >
ST_10 : Operation 246 [1/1] (0.00ns)   --->   "%tmp_3 = call i8 @_ssdm_op_BitConcatenate.i8.i4.i4(i4 %p_s, i4 0)" [firmware/myproject.cpp:50]   --->   Operation 246 'bitconcatenate' 'tmp_3' <Predicate = true> <Delay = 0.00>
ST_10 : Operation 247 [1/1] (0.00ns)   --->   "%sext_ln700 = sext i8 %tmp_3 to i9" [firmware/myproject.cpp:50]   --->   Operation 247 'sext' 'sext_ln700' <Predicate = true> <Delay = 0.00>
ST_10 : Operation 248 [1/1] (0.00ns) (grouped into TernaryAdder)   --->   "%sub_ln700 = sub i9 0, %sext_ln700" [firmware/myproject.cpp:50]   --->   Operation 248 'sub' 'sub_ln700' <Predicate = true> <Delay = 0.00> <Core = "TAddSub">   --->   Core 83 'TAddSub' <Latency = 0> <II = 1> <Delay = 0.39> <IPBlock> <Opcode : 'add' 'sub'> <InPorts = 3> <OutPorts = 1> <Sync> <CReg>
ST_10 : Operation 249 [1/1] (0.00ns)   --->   "%tmp_4 = call i6 @_ssdm_op_BitConcatenate.i6.i4.i2(i4 %p_s, i2 0)" [firmware/myproject.cpp:50]   --->   Operation 249 'bitconcatenate' 'tmp_4' <Predicate = true> <Delay = 0.00>
ST_10 : Operation 250 [1/1] (0.00ns)   --->   "%sext_ln700_3 = sext i6 %tmp_4 to i9" [firmware/myproject.cpp:50]   --->   Operation 250 'sext' 'sext_ln700_3' <Predicate = true> <Delay = 0.00>
ST_10 : Operation 251 [1/1] (0.81ns) (root node of TernaryAdder)   --->   "%sub_ln700_1 = sub i9 %sub_ln700, %sext_ln700_3" [firmware/myproject.cpp:50]   --->   Operation 251 'sub' 'sub_ln700_1' <Predicate = true> <Delay = 0.81> <Core = "TAddSub">   --->   Core 83 'TAddSub' <Latency = 0> <II = 1> <Delay = 0.39> <IPBlock> <Opcode : 'add' 'sub'> <InPorts = 3> <OutPorts = 1> <Sync> <CReg>
ST_10 : Operation 252 [1/1] (0.00ns)   --->   "%sext_ln700_4 = sext i9 %sub_ln700_1 to i11" [firmware/myproject.cpp:50]   --->   Operation 252 'sext' 'sext_ln700_4' <Predicate = true> <Delay = 0.00>
ST_10 : Operation 253 [1/1] (0.00ns)   --->   "%sext_ln1116 = sext i4 %p_1 to i8" [firmware/myproject.cpp:50]   --->   Operation 253 'sext' 'sext_ln1116' <Predicate = true> <Delay = 0.00>
ST_10 : Operation 254 [1/1] (0.78ns)   --->   "%r_V_18 = mul i8 %sext_ln1116, %sext_ln1116" [firmware/myproject.cpp:50]   --->   Operation 254 'mul' 'r_V_18' <Predicate = true> <Delay = 0.78> <Core = "Mul">   --->   Core 16 'Mul' <Latency = 0> <II = 1> <Delay = 0.78> <FuncUnit> <Opcode : 'mul'> <InPorts = 2> <OutPorts = 1>
ST_10 : Operation 255 [1/1] (0.00ns)   --->   "%tmp_5 = call i10 @_ssdm_op_BitConcatenate.i10.i8.i2(i8 %r_V_18, i2 0)" [firmware/myproject.cpp:50]   --->   Operation 255 'bitconcatenate' 'tmp_5' <Predicate = true> <Delay = 0.00>
ST_10 : Operation 256 [1/1] (0.00ns)   --->   "%sext_ln728 = sext i10 %tmp_5 to i11" [firmware/myproject.cpp:50]   --->   Operation 256 'sext' 'sext_ln728' <Predicate = true> <Delay = 0.00>
ST_10 : Operation 257 [1/1] (0.72ns)   --->   "%ret_V_19 = add i11 %sext_ln700_4, %sext_ln728" [firmware/myproject.cpp:50]   --->   Operation 257 'add' 'ret_V_19' <Predicate = true> <Delay = 0.72> <Core = "AddSub">   --->   Core 14 'AddSub' <Latency = 0> <II = 1> <Delay = 0.71> <FuncUnit> <Opcode : 'add' 'sub'> <InPorts = 2> <OutPorts = 1>
ST_10 : Operation 258 [1/1] (0.00ns)   --->   "%tmp = call i7 @_ssdm_op_PartSelect.i7.i11.i32.i32(i11 %ret_V_19, i32 4, i32 10)" [firmware/myproject.cpp:50]   --->   Operation 258 'partselect' 'tmp' <Predicate = true> <Delay = 0.00>
ST_10 : Operation 259 [1/1] (0.00ns)   --->   "%sext_ln708_1 = sext i7 %tmp to i8" [firmware/myproject.cpp:50]   --->   Operation 259 'sext' 'sext_ln708_1' <Predicate = true> <Delay = 0.00>
ST_10 : Operation 260 [1/1] (0.00ns)   --->   "call void @_ssdm_op_Write.ap_vld.i8P(i8* %y_0_V, i8 %sext_ln708_1)" [firmware/myproject.cpp:50]   --->   Operation 260 'write' <Predicate = true> <Delay = 0.00>
ST_10 : Operation 261 [1/1] (0.00ns)   --->   "%sext_ln1192_5 = sext i4 %p_9 to i20" [firmware/myproject.cpp:51]   --->   Operation 261 'sext' 'sext_ln1192_5' <Predicate = true> <Delay = 0.00>
ST_10 : Operation 262 [1/1] (0.49ns) (grouped into DSP with root node ret_V_21)   --->   "%mul_ln1192_3 = mul i20 %sext_ln1192_5, %mul_ln1192_2" [firmware/myproject.cpp:51]   --->   Operation 262 'mul' 'mul_ln1192_3' <Predicate = true> <Delay = 0.49> <Core = "DSP48">   --->   Core 88 'DSP48' <Latency = 0> <II = 1> <Delay = 2.53> <IPBlock> <Opcode : 'mul' 'add' 'sub' 'select'> <InPorts = 2> <OutPorts = 1> <Sync> <CReg>
ST_10 : Operation 263 [1/1] (2.03ns) (root node of the DSP)   --->   "%ret_V_21 = add i20 -16384, %mul_ln1192_3" [firmware/myproject.cpp:51]   --->   Operation 263 'add' 'ret_V_21' <Predicate = true> <Delay = 2.03> <Core = "DSP48">   --->   Core 88 'DSP48' <Latency = 0> <II = 1> <Delay = 2.53> <IPBlock> <Opcode : 'mul' 'add' 'sub' 'select'> <InPorts = 2> <OutPorts = 1> <Sync> <CReg>
ST_10 : Operation 264 [1/1] (0.00ns)   --->   "%trunc_ln708_3 = call i8 @_ssdm_op_PartSelect.i8.i20.i32.i32(i20 %ret_V_21, i32 12, i32 19)" [firmware/myproject.cpp:51]   --->   Operation 264 'partselect' 'trunc_ln708_3' <Predicate = true> <Delay = 0.00>
ST_10 : Operation 265 [1/1] (0.00ns)   --->   "call void @_ssdm_op_Write.ap_vld.i8P(i8* %y_1_V, i8 %trunc_ln708_3)" [firmware/myproject.cpp:51]   --->   Operation 265 'write' <Predicate = true> <Delay = 0.00>
ST_10 : Operation 266 [1/1] (0.00ns)   --->   "%sext_ln203 = sext i4 %p_Val2_7 to i8" [firmware/myproject.cpp:52]   --->   Operation 266 'sext' 'sext_ln203' <Predicate = true> <Delay = 0.00>
ST_10 : Operation 267 [1/1] (0.00ns)   --->   "call void @_ssdm_op_Write.ap_vld.i8P(i8* %y_2_V, i8 %sext_ln203)" [firmware/myproject.cpp:52]   --->   Operation 267 'write' <Predicate = true> <Delay = 0.00>
ST_10 : Operation 268 [1/1] (0.00ns)   --->   "call void @_ssdm_op_Write.ap_vld.i8P(i8* %y_3_V, i8 %trunc_ln708_7)" [firmware/myproject.cpp:53]   --->   Operation 268 'write' <Predicate = true> <Delay = 0.00>
ST_10 : Operation 269 [1/1] (0.00ns)   --->   "call void @_ssdm_op_Write.ap_vld.i8P(i8* %y_4_V, i8 %trunc_ln708_1)" [firmware/myproject.cpp:54]   --->   Operation 269 'write' <Predicate = true> <Delay = 0.00>
ST_10 : Operation 270 [1/1] (0.00ns)   --->   "ret void" [firmware/myproject.cpp:56]   --->   Operation 270 'ret' <Predicate = true> <Delay = 0.00>


============================================================
+ Verbose Summary: Timing violations
============================================================
Target clock period: 5ns, clock uncertainty: 0.625ns.

 <State 1>: 3.24ns
The critical path consists of the following:
	wire read on port 'x_V' (firmware/myproject.cpp:50) [17]  (0 ns)
	'add' operation ('add_ln703', firmware/myproject.cpp:50) [22]  (0.705 ns)
	'call' operation ('p_0109', firmware/myproject.cpp:50) to 'cos_lut<ap_fixed<8, 6, 5, 3, 0> >' [23]  (2.53 ns)

 <State 2>: 4.34ns
The critical path consists of the following:
	'call' operation ('p_0109', firmware/myproject.cpp:50) to 'cos_lut<ap_fixed<8, 6, 5, 3, 0> >' [23]  (4.34 ns)

 <State 3>: 4.34ns
The critical path consists of the following:
	'call' operation ('p_0109', firmware/myproject.cpp:50) to 'cos_lut<ap_fixed<8, 6, 5, 3, 0> >' [23]  (4.34 ns)

 <State 4>: 4.34ns
The critical path consists of the following:
	'call' operation ('p_0109', firmware/myproject.cpp:50) to 'cos_lut<ap_fixed<8, 6, 5, 3, 0> >' [23]  (4.34 ns)

 <State 5>: 4.34ns
The critical path consists of the following:
	'call' operation ('p_1', firmware/myproject.cpp:50) to 'sin_lut<ap_fixed<8, 6, 5, 3, 0> >' [44]  (4.34 ns)

 <State 6>: 4.34ns
The critical path consists of the following:
	'call' operation ('p_1', firmware/myproject.cpp:50) to 'sin_lut<ap_fixed<8, 6, 5, 3, 0> >' [44]  (4.34 ns)

 <State 7>: 4.34ns
The critical path consists of the following:
	'call' operation ('p_0', firmware/myproject.cpp:50) to 'sin_lut<ap_fixed<8, 6, 5, 3, 0> >' [19]  (4.34 ns)

 <State 8>: 4.34ns
The critical path consists of the following:
	'call' operation ('p_0', firmware/myproject.cpp:50) to 'sin_lut<ap_fixed<8, 6, 5, 3, 0> >' [19]  (4.34 ns)

 <State 9>: 4.34ns
The critical path consists of the following:
	'call' operation ('p_0', firmware/myproject.cpp:50) to 'sin_lut<ap_fixed<8, 6, 5, 3, 0> >' [19]  (4.34 ns)

 <State 10>: 4.15ns
The critical path consists of the following:
	'call' operation ('p_s', firmware/myproject.cpp:50) to 'sin_lut<ap_fixed<8, 6, 5, 3, 0> >' [33]  (2.61 ns)
	'sub' operation ('sub_ln700', firmware/myproject.cpp:50) [36]  (0 ns)
	'sub' operation ('sub_ln700_1', firmware/myproject.cpp:50) [39]  (0.818 ns)
	'add' operation ('ret.V', firmware/myproject.cpp:50) [49]  (0.725 ns)


============================================================
+ Verbose Summary: Binding
============================================================
N/A
* FSMD analyzer results:
  - Output states:
 - Input state : 
  - Chain level:
	State 1
	State 2
	State 3
	State 4
	State 5
	State 6
	State 7
	State 8
	State 9
	State 10


============================================================
+ Verbose Summary: Datapath Resource usage 
============================================================
N/A
