

================================================================
== Vivado HLS Report for 'myproject'
================================================================
* Date:           Sun Feb 26 15:19:01 2023

* Version:        2020.1 (Build 2897737 on Wed May 27 20:21:37 MDT 2020)
* Project:        myproject_prj
* Solution:       solution1
* Product family: virtexuplus
* Target device:  xcvu9p-flga2577-2-e


================================================================
== Performance Estimates
================================================================
+ Timing: 
    * Summary: 
    +--------+---------+----------+------------+
    |  Clock |  Target | Estimated| Uncertainty|
    +--------+---------+----------+------------+
    |ap_clk  | 5.00 ns | 4.339 ns |   0.62 ns  |
    +--------+---------+----------+------------+

+ Latency: 
    * Summary: 
    +---------+---------+-----------+-----------+-----+-----+----------+
    |  Latency (cycles) |   Latency (absolute)  |  Interval | Pipeline |
    |   min   |   max   |    min    |    max    | min | max |   Type   |
    +---------+---------+-----------+-----------+-----+-----+----------+
    |        8|        8| 40.000 ns | 40.000 ns |    1|    1| function |
    +---------+---------+-----------+-----------+-----+-----+----------+

    + Detail: 
        * Instance: 
        N/A

        * Loop: 
        N/A

============================================================
+ Verbose Summary: Synthesis Manager
============================================================
InlineROM: 1
ExposeGlobal: 0
============================================================
+ Verbose Summary: CDFG Model
============================================================
IsTopModel: 1
ResetActiveHigh: 1
IsCombinational: 0
IsDatapathOnly: 0
HasWiredReturn: 1
HasMFsm: 2
HasVarLatency: 0
IsPipeline: 1
IsRtlPipelined: 1
IsInstanceOverlapped: 0
IsDontTouch: 0
HasImplIP: 0
IsGatedGlobalClock: 0

+ Individual pipeline summary: 
  * Pipeline-0: initiation interval (II) = 1, depth = 9


============================================================
+ Verbose Summary: Schedule
============================================================
* Number of FSM states : 9
* Pipeline : 1
  Pipeline-0 : II = 1, D = 9, States = { 1 2 3 4 5 6 7 8 9 }
* Dataflow Pipeline: 0

* FSM state transitions: 
1 --> 2 
2 --> 3 
3 --> 4 
4 --> 5 
5 --> 6 
6 --> 7 
7 --> 8 
8 --> 9 
9 --> 

* FSM state operations: 

State 1 <SV = 0> <Delay = 3.25>
ST_1 : Operation 10 [1/1] (0.00ns)   --->   "%x_V_read = call i160 @_ssdm_op_Read.ap_vld.i160P(i160* %x_V)" [firmware/myproject.cpp:50]   --->   Operation 10 'read' 'x_V_read' <Predicate = true> <Delay = 0.00>
ST_1 : Operation 11 [1/1] (0.00ns)   --->   "%p_Val2_10 = call i10 @_ssdm_op_PartSelect.i10.i160.i32.i32(i160 %x_V_read, i32 140, i32 149)" [firmware/myproject.cpp:50]   --->   Operation 11 'partselect' 'p_Val2_10' <Predicate = true> <Delay = 0.00>
ST_1 : Operation 12 [1/1] (0.00ns)   --->   "%sext_ln700 = sext i10 %p_Val2_10 to i14" [firmware/myproject.cpp:54]   --->   Operation 12 'sext' 'sext_ln700' <Predicate = true> <Delay = 0.00>
ST_1 : Operation 13 [1/1] (0.00ns)   --->   "%p_Val2_1 = call i10 @_ssdm_op_PartSelect.i10.i160.i32.i32(i160 %x_V_read, i32 40, i32 49)" [firmware/myproject.cpp:50]   --->   Operation 13 'partselect' 'p_Val2_1' <Predicate = true> <Delay = 0.00>
ST_1 : Operation 14 [1/1] (0.00ns)   --->   "%p_Val2_2 = call i10 @_ssdm_op_PartSelect.i10.i160.i32.i32(i160 %x_V_read, i32 150, i32 159)" [firmware/myproject.cpp:50]   --->   Operation 14 'partselect' 'p_Val2_2' <Predicate = true> <Delay = 0.00>
ST_1 : Operation 15 [1/1] (0.00ns)   --->   "%p_Val2_3 = call i10 @_ssdm_op_PartSelect.i10.i160.i32.i32(i160 %x_V_read, i32 20, i32 29)" [firmware/myproject.cpp:50]   --->   Operation 15 'partselect' 'p_Val2_3' <Predicate = true> <Delay = 0.00>
ST_1 : Operation 16 [1/1] (0.00ns)   --->   "%trunc_ln51 = trunc i160 %x_V_read to i10" [firmware/myproject.cpp:51]   --->   Operation 16 'trunc' 'trunc_ln51' <Predicate = true> <Delay = 0.00>
ST_1 : Operation 17 [4/4] (2.53ns)   --->   "%p_Val2_s = call fastcc i6 @"cos_lut<ap_fixed<10, 6, 5, 3, 0> >"(i10 %trunc_ln51)" [firmware/myproject.cpp:51]   --->   Operation 17 'call' 'p_Val2_s' <Predicate = true> <Delay = 2.53> <CoreType = "Generic">   --->   Core 0 '' <Latency = 0> <II = 1> <Delay = 1.00> <Generic> <Opcode : >
ST_1 : Operation 18 [1/1] (0.72ns)   --->   "%sub_ln703_1 = sub i10 %p_Val2_10, %p_Val2_1" [firmware/myproject.cpp:51]   --->   Operation 18 'sub' 'sub_ln703_1' <Predicate = true> <Delay = 0.72> <Core = "AddSub">   --->   Core 14 'AddSub' <Latency = 0> <II = 1> <Delay = 0.94> <FuncUnit> <Opcode : 'add' 'sub'> <InPorts = 2> <OutPorts = 1>
ST_1 : Operation 19 [4/4] (2.53ns)   --->   "%p_4 = call fastcc i6 @"cos_lut<ap_fixed<10, 6, 5, 3, 0> >"(i10 %sub_ln703_1)" [firmware/myproject.cpp:51]   --->   Operation 19 'call' 'p_4' <Predicate = true> <Delay = 2.53> <CoreType = "Generic">   --->   Core 0 '' <Latency = 0> <II = 1> <Delay = 1.00> <Generic> <Opcode : >
ST_1 : Operation 20 [1/1] (0.72ns)   --->   "%add_ln703_2 = add i10 -7, %p_Val2_3" [firmware/myproject.cpp:51]   --->   Operation 20 'add' 'add_ln703_2' <Predicate = true> <Delay = 0.72> <Core = "AddSub">   --->   Core 14 'AddSub' <Latency = 0> <II = 1> <Delay = 0.94> <FuncUnit> <Opcode : 'add' 'sub'> <InPorts = 2> <OutPorts = 1>
ST_1 : Operation 21 [4/4] (2.53ns)   --->   "%p_Val2_5 = call fastcc i6 @"sin_lut<ap_fixed<10, 6, 5, 3, 0> >"(i10 %add_ln703_2)" [firmware/myproject.cpp:51]   --->   Operation 21 'call' 'p_Val2_5' <Predicate = true> <Delay = 2.53> <CoreType = "Generic">   --->   Core 0 '' <Latency = 0> <II = 1> <Delay = 1.00> <Generic> <Opcode : >
ST_1 : Operation 22 [1/1] (0.00ns)   --->   "%p_Val2_7 = call i10 @_ssdm_op_PartSelect.i10.i160.i32.i32(i160 %x_V_read, i32 30, i32 39)" [firmware/myproject.cpp:51]   --->   Operation 22 'partselect' 'p_Val2_7' <Predicate = true> <Delay = 0.00>
ST_1 : Operation 23 [4/4] (2.53ns)   --->   "%p_Val2_9 = call fastcc i6 @"sin_lut<ap_fixed<10, 6, 5, 3, 0> >"(i10 %p_Val2_7)" [firmware/myproject.cpp:53]   --->   Operation 23 'call' 'p_Val2_9' <Predicate = true> <Delay = 2.53> <CoreType = "Generic">   --->   Core 0 '' <Latency = 0> <II = 1> <Delay = 1.00> <Generic> <Opcode : >
ST_1 : Operation 24 [1/1] (0.49ns) (grouped into DSP with root node ret_V_37)   --->   "%mul_ln700_2 = mul i14 78, %sext_ln700" [firmware/myproject.cpp:54]   --->   Operation 24 'mul' 'mul_ln700_2' <Predicate = true> <Delay = 0.49> <Core = "DSP48">   --->   Core 88 'DSP48' <Latency = 0> <II = 1> <Delay = 2.53> <IPBlock> <Opcode : 'mul' 'add' 'sub' 'select'> <InPorts = 2> <OutPorts = 1> <Sync> <CReg>
ST_1 : Operation 25 [1/1] (0.00ns)   --->   "%rhs_V_3 = call i14 @_ssdm_op_BitConcatenate.i14.i10.i4(i10 %p_Val2_7, i4 0)" [firmware/myproject.cpp:54]   --->   Operation 25 'bitconcatenate' 'rhs_V_3' <Predicate = true> <Delay = 0.00>
ST_1 : Operation 26 [1/1] (2.03ns) (root node of the DSP)   --->   "%ret_V_37 = add i14 %mul_ln700_2, %rhs_V_3" [firmware/myproject.cpp:54]   --->   Operation 26 'add' 'ret_V_37' <Predicate = true> <Delay = 2.03> <Core = "DSP48">   --->   Core 88 'DSP48' <Latency = 0> <II = 1> <Delay = 2.53> <IPBlock> <Opcode : 'mul' 'add' 'sub' 'select'> <InPorts = 2> <OutPorts = 1> <Sync> <CReg>
ST_1 : Operation 27 [1/1] (0.00ns)   --->   "%trunc_ln708_8 = call i10 @_ssdm_op_PartSelect.i10.i14.i32.i32(i14 %ret_V_37, i32 4, i32 13)" [firmware/myproject.cpp:54]   --->   Operation 27 'partselect' 'trunc_ln708_8' <Predicate = true> <Delay = 0.00>

State 2 <SV = 1> <Delay = 4.33>
ST_2 : Operation 28 [1/1] (0.00ns)   --->   "%sext_ln703 = sext i10 %p_Val2_10 to i16" [firmware/myproject.cpp:53]   --->   Operation 28 'sext' 'sext_ln703' <Predicate = true> <Delay = 0.00>
ST_2 : Operation 29 [1/1] (0.00ns)   --->   "%sext_ln1192 = sext i10 %p_Val2_2 to i14" [firmware/myproject.cpp:50]   --->   Operation 29 'sext' 'sext_ln1192' <Predicate = true> <Delay = 0.00>
ST_2 : Operation 30 [1/1] (0.49ns) (grouped into DSP with root node add_ln1192_2)   --->   "%mul_ln1192 = mul i14 -11, %sext_ln1192" [firmware/myproject.cpp:50]   --->   Operation 30 'mul' 'mul_ln1192' <Predicate = true> <Delay = 0.49> <Core = "DSP48">   --->   Core 88 'DSP48' <Latency = 0> <II = 1> <Delay = 2.53> <IPBlock> <Opcode : 'mul' 'add' 'sub' 'select'> <InPorts = 2> <OutPorts = 1> <Sync> <CReg>
ST_2 : Operation 31 [1/1] (0.00ns)   --->   "%sext_ln1192_1 = sext i10 %p_Val2_3 to i14" [firmware/myproject.cpp:50]   --->   Operation 31 'sext' 'sext_ln1192_1' <Predicate = true> <Delay = 0.00>
ST_2 : Operation 32 [1/1] (1.70ns)   --->   "%mul_ln1192_1 = mul i14 11, %sext_ln1192_1" [firmware/myproject.cpp:50]   --->   Operation 32 'mul' 'mul_ln1192_1' <Predicate = true> <Delay = 1.70> <Core = "Mul">   --->   Core 16 'Mul' <Latency = 0> <II = 1> <Delay = 3.24> <FuncUnit> <Opcode : 'mul'> <InPorts = 2> <OutPorts = 1>
ST_2 : Operation 33 [1/1] (2.03ns) (root node of the DSP)   --->   "%add_ln1192_2 = add i14 %mul_ln1192_1, %mul_ln1192" [firmware/myproject.cpp:50]   --->   Operation 33 'add' 'add_ln1192_2' <Predicate = true> <Delay = 2.03> <Core = "DSP48">   --->   Core 88 'DSP48' <Latency = 0> <II = 1> <Delay = 2.53> <IPBlock> <Opcode : 'mul' 'add' 'sub' 'select'> <InPorts = 2> <OutPorts = 1> <Sync> <CReg>
ST_2 : Operation 34 [3/4] (4.33ns)   --->   "%p_Val2_s = call fastcc i6 @"cos_lut<ap_fixed<10, 6, 5, 3, 0> >"(i10 %trunc_ln51)" [firmware/myproject.cpp:51]   --->   Operation 34 'call' 'p_Val2_s' <Predicate = true> <Delay = 4.33> <CoreType = "Generic">   --->   Core 0 '' <Latency = 0> <II = 1> <Delay = 1.00> <Generic> <Opcode : >
ST_2 : Operation 35 [3/4] (4.33ns)   --->   "%p_4 = call fastcc i6 @"cos_lut<ap_fixed<10, 6, 5, 3, 0> >"(i10 %sub_ln703_1)" [firmware/myproject.cpp:51]   --->   Operation 35 'call' 'p_4' <Predicate = true> <Delay = 4.33> <CoreType = "Generic">   --->   Core 0 '' <Latency = 0> <II = 1> <Delay = 1.00> <Generic> <Opcode : >
ST_2 : Operation 36 [3/4] (4.33ns)   --->   "%p_Val2_5 = call fastcc i6 @"sin_lut<ap_fixed<10, 6, 5, 3, 0> >"(i10 %add_ln703_2)" [firmware/myproject.cpp:51]   --->   Operation 36 'call' 'p_Val2_5' <Predicate = true> <Delay = 4.33> <CoreType = "Generic">   --->   Core 0 '' <Latency = 0> <II = 1> <Delay = 1.00> <Generic> <Opcode : >
ST_2 : Operation 37 [1/1] (0.00ns)   --->   "%shl_ln = call i13 @_ssdm_op_BitConcatenate.i13.i10.i3(i10 %p_Val2_2, i3 0)" [firmware/myproject.cpp:51]   --->   Operation 37 'bitconcatenate' 'shl_ln' <Predicate = true> <Delay = 0.00>
ST_2 : Operation 38 [1/1] (0.00ns)   --->   "%sext_ln1118 = sext i13 %shl_ln to i14" [firmware/myproject.cpp:51]   --->   Operation 38 'sext' 'sext_ln1118' <Predicate = true> <Delay = 0.00>
ST_2 : Operation 39 [1/1] (0.00ns)   --->   "%shl_ln1118_1 = call i11 @_ssdm_op_BitConcatenate.i11.i10.i1(i10 %p_Val2_2, i1 false)" [firmware/myproject.cpp:51]   --->   Operation 39 'bitconcatenate' 'shl_ln1118_1' <Predicate = true> <Delay = 0.00>
ST_2 : Operation 40 [1/1] (0.00ns)   --->   "%sext_ln1118_1 = sext i11 %shl_ln1118_1 to i14" [firmware/myproject.cpp:51]   --->   Operation 40 'sext' 'sext_ln1118_1' <Predicate = true> <Delay = 0.00>
ST_2 : Operation 41 [1/1] (0.75ns)   --->   "%r_V_23 = sub i14 %sext_ln1118, %sext_ln1118_1" [firmware/myproject.cpp:51]   --->   Operation 41 'sub' 'r_V_23' <Predicate = true> <Delay = 0.75> <Core = "AddSub">   --->   Core 14 'AddSub' <Latency = 0> <II = 1> <Delay = 0.94> <FuncUnit> <Opcode : 'add' 'sub'> <InPorts = 2> <OutPorts = 1>
ST_2 : Operation 42 [1/1] (0.00ns)   --->   "%trunc_ln708_2 = call i10 @_ssdm_op_PartSelect.i10.i14.i32.i32(i14 %r_V_23, i32 4, i32 13)" [firmware/myproject.cpp:51]   --->   Operation 42 'partselect' 'trunc_ln708_2' <Predicate = true> <Delay = 0.00>
ST_2 : Operation 43 [4/4] (2.53ns)   --->   "%p_Val2_6 = call fastcc i6 @"sin_lut<ap_fixed<10, 6, 5, 3, 0> >"(i10 %trunc_ln708_2)" [firmware/myproject.cpp:51]   --->   Operation 43 'call' 'p_Val2_6' <Predicate = true> <Delay = 2.53> <CoreType = "Generic">   --->   Core 0 '' <Latency = 0> <II = 1> <Delay = 1.00> <Generic> <Opcode : >
ST_2 : Operation 44 [4/4] (2.53ns)   --->   "%p_Val2_4 = call fastcc i6 @"cos_lut<ap_fixed<10, 6, 5, 3, 0> >"(i10 %p_Val2_7)" [firmware/myproject.cpp:51]   --->   Operation 44 'call' 'p_Val2_4' <Predicate = true> <Delay = 2.53> <CoreType = "Generic">   --->   Core 0 '' <Latency = 0> <II = 1> <Delay = 1.00> <Generic> <Opcode : >
ST_2 : Operation 45 [1/1] (0.00ns) (grouped into TernaryAdder)   --->   "%sub_ln1118 = sub i14 0, %sext_ln1118" [firmware/myproject.cpp:53]   --->   Operation 45 'sub' 'sub_ln1118' <Predicate = true> <Delay = 0.00> <Core = "TAddSub">   --->   Core 83 'TAddSub' <Latency = 0> <II = 1> <Delay = 0.35> <IPBlock> <Opcode : 'add' 'sub'> <InPorts = 3> <OutPorts = 1> <Sync> <CReg>
ST_2 : Operation 46 [1/1] (0.71ns) (root node of TernaryAdder)   --->   "%r_V_26 = sub i14 %sub_ln1118, %sext_ln1118_1" [firmware/myproject.cpp:53]   --->   Operation 46 'sub' 'r_V_26' <Predicate = true> <Delay = 0.71> <Core = "TAddSub">   --->   Core 83 'TAddSub' <Latency = 0> <II = 1> <Delay = 0.35> <IPBlock> <Opcode : 'add' 'sub'> <InPorts = 3> <OutPorts = 1> <Sync> <CReg>
ST_2 : Operation 47 [3/4] (4.33ns)   --->   "%p_Val2_9 = call fastcc i6 @"sin_lut<ap_fixed<10, 6, 5, 3, 0> >"(i10 %p_Val2_7)" [firmware/myproject.cpp:53]   --->   Operation 47 'call' 'p_Val2_9' <Predicate = true> <Delay = 4.33> <CoreType = "Generic">   --->   Core 0 '' <Latency = 0> <II = 1> <Delay = 1.00> <Generic> <Opcode : >
ST_2 : Operation 48 [1/1] (0.00ns)   --->   "%sext_ln1118_7 = sext i10 %p_Val2_7 to i14" [firmware/myproject.cpp:53]   --->   Operation 48 'sext' 'sext_ln1118_7' <Predicate = true> <Delay = 0.00>
ST_2 : Operation 49 [1/1] (0.49ns) (grouped into DSP with root node ret_V_34)   --->   "%mul_ln1192_7 = mul i14 37, %sext_ln1118_7" [firmware/myproject.cpp:53]   --->   Operation 49 'mul' 'mul_ln1192_7' <Predicate = true> <Delay = 0.49> <Core = "DSP48">   --->   Core 88 'DSP48' <Latency = 0> <II = 1> <Delay = 2.53> <IPBlock> <Opcode : 'mul' 'add' 'sub' 'select'> <InPorts = 2> <OutPorts = 1> <Sync> <CReg>
ST_2 : Operation 50 [1/1] (2.03ns) (root node of the DSP)   --->   "%ret_V_34 = add i14 208, %mul_ln1192_7" [firmware/myproject.cpp:53]   --->   Operation 50 'add' 'ret_V_34' <Predicate = true> <Delay = 2.03> <Core = "DSP48">   --->   Core 88 'DSP48' <Latency = 0> <II = 1> <Delay = 2.53> <IPBlock> <Opcode : 'mul' 'add' 'sub' 'select'> <InPorts = 2> <OutPorts = 1> <Sync> <CReg>
ST_2 : Operation 51 [1/1] (0.00ns)   --->   "%trunc_ln708_5 = call i10 @_ssdm_op_PartSelect.i10.i14.i32.i32(i14 %ret_V_34, i32 4, i32 13)" [firmware/myproject.cpp:53]   --->   Operation 51 'partselect' 'trunc_ln708_5' <Predicate = true> <Delay = 0.00>
ST_2 : Operation 52 [1/1] (0.49ns) (grouped into DSP with root node ret_V_16)   --->   "%mul_ln703 = mul i16 37, %sext_ln703" [firmware/myproject.cpp:53]   --->   Operation 52 'mul' 'mul_ln703' <Predicate = true> <Delay = 0.49> <Core = "DSP48">   --->   Core 88 'DSP48' <Latency = 0> <II = 1> <Delay = 2.53> <IPBlock> <Opcode : 'mul' 'add' 'sub' 'select'> <InPorts = 2> <OutPorts = 1> <Sync> <CReg>
ST_2 : Operation 53 [1/1] (2.03ns) (root node of the DSP)   --->   "%ret_V_16 = add i16 1120, %mul_ln703" [firmware/myproject.cpp:53]   --->   Operation 53 'add' 'ret_V_16' <Predicate = true> <Delay = 2.03> <Core = "DSP48">   --->   Core 88 'DSP48' <Latency = 0> <II = 1> <Delay = 2.53> <IPBlock> <Opcode : 'mul' 'add' 'sub' 'select'> <InPorts = 2> <OutPorts = 1> <Sync> <CReg>
ST_2 : Operation 54 [4/4] (2.53ns)   --->   "%p_7 = call fastcc i6 @"sin_lut<ap_fixed<10, 6, 5, 3, 0> >"(i10 %trunc_ln708_8)" [firmware/myproject.cpp:54]   --->   Operation 54 'call' 'p_7' <Predicate = true> <Delay = 2.53> <CoreType = "Generic">   --->   Core 0 '' <Latency = 0> <II = 1> <Delay = 1.00> <Generic> <Opcode : >
ST_2 : Operation 55 [1/1] (0.49ns) (grouped into DSP with root node ret_V_38)   --->   "%mul_ln1192_10 = mul i14 45, %sext_ln1118_7" [firmware/myproject.cpp:54]   --->   Operation 55 'mul' 'mul_ln1192_10' <Predicate = true> <Delay = 0.49> <Core = "DSP48">   --->   Core 88 'DSP48' <Latency = 0> <II = 1> <Delay = 2.53> <IPBlock> <Opcode : 'mul' 'add' 'sub' 'select'> <InPorts = 2> <OutPorts = 1> <Sync> <CReg>
ST_2 : Operation 56 [1/1] (2.03ns) (root node of the DSP)   --->   "%ret_V_38 = add i14 32, %mul_ln1192_10" [firmware/myproject.cpp:54]   --->   Operation 56 'add' 'ret_V_38' <Predicate = true> <Delay = 2.03> <Core = "DSP48">   --->   Core 88 'DSP48' <Latency = 0> <II = 1> <Delay = 2.53> <IPBlock> <Opcode : 'mul' 'add' 'sub' 'select'> <InPorts = 2> <OutPorts = 1> <Sync> <CReg>
ST_2 : Operation 57 [1/1] (0.00ns)   --->   "%trunc_ln708_9 = call i10 @_ssdm_op_PartSelect.i10.i14.i32.i32(i14 %ret_V_38, i32 4, i32 13)" [firmware/myproject.cpp:54]   --->   Operation 57 'partselect' 'trunc_ln708_9' <Predicate = true> <Delay = 0.00>
ST_2 : Operation 58 [1/1] (0.75ns)   --->   "%r_V_28 = sub i14 %sext_ln1118, %sext_ln1192" [firmware/myproject.cpp:54]   --->   Operation 58 'sub' 'r_V_28' <Predicate = true> <Delay = 0.75> <Core = "AddSub">   --->   Core 14 'AddSub' <Latency = 0> <II = 1> <Delay = 0.94> <FuncUnit> <Opcode : 'add' 'sub'> <InPorts = 2> <OutPorts = 1>
ST_2 : Operation 59 [1/1] (0.00ns)   --->   "%shl_ln1118_6 = call i13 @_ssdm_op_BitConcatenate.i13.i10.i3(i10 %p_Val2_7, i3 0)" [firmware/myproject.cpp:54]   --->   Operation 59 'bitconcatenate' 'shl_ln1118_6' <Predicate = true> <Delay = 0.00>
ST_2 : Operation 60 [1/1] (0.00ns)   --->   "%sext_ln1118_9 = sext i13 %shl_ln1118_6 to i14" [firmware/myproject.cpp:54]   --->   Operation 60 'sext' 'sext_ln1118_9' <Predicate = true> <Delay = 0.00>
ST_2 : Operation 61 [1/1] (0.75ns)   --->   "%r_V_29 = sub i14 %sext_ln1118_9, %sext_ln1118_7" [firmware/myproject.cpp:54]   --->   Operation 61 'sub' 'r_V_29' <Predicate = true> <Delay = 0.75> <Core = "AddSub">   --->   Core 14 'AddSub' <Latency = 0> <II = 1> <Delay = 0.94> <FuncUnit> <Opcode : 'add' 'sub'> <InPorts = 2> <OutPorts = 1>
ST_2 : Operation 62 [1/1] (0.00ns) (grouped into TernaryAdder)   --->   "%add_ln1192_18 = add i14 %r_V_29, %r_V_28" [firmware/myproject.cpp:54]   --->   Operation 62 'add' 'add_ln1192_18' <Predicate = true> <Delay = 0.00> <Core = "TAddSub">   --->   Core 83 'TAddSub' <Latency = 0> <II = 1> <Delay = 0.35> <IPBlock> <Opcode : 'add' 'sub'> <InPorts = 3> <OutPorts = 1> <Sync> <CReg>
ST_2 : Operation 63 [1/1] (0.71ns) (root node of TernaryAdder)   --->   "%ret_V_39 = add i14 96, %add_ln1192_18" [firmware/myproject.cpp:54]   --->   Operation 63 'add' 'ret_V_39' <Predicate = true> <Delay = 0.71> <Core = "TAddSub">   --->   Core 83 'TAddSub' <Latency = 0> <II = 1> <Delay = 0.35> <IPBlock> <Opcode : 'add' 'sub'> <InPorts = 3> <OutPorts = 1> <Sync> <CReg>
ST_2 : Operation 64 [1/1] (0.00ns)   --->   "%trunc_ln708_s = call i10 @_ssdm_op_PartSelect.i10.i14.i32.i32(i14 %ret_V_39, i32 4, i32 13)" [firmware/myproject.cpp:54]   --->   Operation 64 'partselect' 'trunc_ln708_s' <Predicate = true> <Delay = 0.00>
ST_2 : Operation 65 [4/4] (2.53ns)   --->   "%p_11 = call fastcc i6 @"cos_lut<ap_fixed<10, 6, 5, 3, 0> >"(i10 %trunc_ln708_s)" [firmware/myproject.cpp:54]   --->   Operation 65 'call' 'p_11' <Predicate = true> <Delay = 2.53> <CoreType = "Generic">   --->   Core 0 '' <Latency = 0> <II = 1> <Delay = 1.00> <Generic> <Opcode : >

State 3 <SV = 2> <Delay = 4.33>
ST_3 : Operation 66 [1/1] (0.00ns)   --->   "%r_V_19 = call i11 @_ssdm_op_BitConcatenate.i11.i10.i1(i10 %p_Val2_10, i1 false)" [firmware/myproject.cpp:50]   --->   Operation 66 'bitconcatenate' 'r_V_19' <Predicate = true> <Delay = 0.00>
ST_3 : Operation 67 [1/1] (0.00ns)   --->   "%r_V_20 = call i11 @_ssdm_op_BitConcatenate.i11.i10.i1(i10 %p_Val2_1, i1 false)" [firmware/myproject.cpp:50]   --->   Operation 67 'bitconcatenate' 'r_V_20' <Predicate = true> <Delay = 0.00>
ST_3 : Operation 68 [1/1] (0.00ns)   --->   "%sext_ln703_1 = sext i11 %r_V_19 to i12" [firmware/myproject.cpp:50]   --->   Operation 68 'sext' 'sext_ln703_1' <Predicate = true> <Delay = 0.00>
ST_3 : Operation 69 [1/1] (0.00ns)   --->   "%sext_ln703_2 = sext i11 %r_V_20 to i12" [firmware/myproject.cpp:50]   --->   Operation 69 'sext' 'sext_ln703_2' <Predicate = true> <Delay = 0.00>
ST_3 : Operation 70 [1/1] (0.73ns)   --->   "%ret_V_24 = sub i12 %sext_ln703_1, %sext_ln703_2" [firmware/myproject.cpp:50]   --->   Operation 70 'sub' 'ret_V_24' <Predicate = true> <Delay = 0.73> <Core = "AddSub">   --->   Core 14 'AddSub' <Latency = 0> <II = 1> <Delay = 0.94> <FuncUnit> <Opcode : 'add' 'sub'> <InPorts = 2> <OutPorts = 1>
ST_3 : Operation 71 [4/4] (2.53ns)   --->   "%p_0 = call fastcc i6 @"sin_lut<ap_fixed<10, 6, 5, 3, 0> >"(i10 %p_Val2_3)" [firmware/myproject.cpp:50]   --->   Operation 71 'call' 'p_0' <Predicate = true> <Delay = 2.53> <CoreType = "Generic">   --->   Core 0 '' <Latency = 0> <II = 1> <Delay = 1.00> <Generic> <Opcode : >
ST_3 : Operation 72 [1/1] (0.72ns)   --->   "%add_ln703 = add i10 %p_Val2_1, %p_Val2_2" [firmware/myproject.cpp:50]   --->   Operation 72 'add' 'add_ln703' <Predicate = true> <Delay = 0.72> <Core = "AddSub">   --->   Core 14 'AddSub' <Latency = 0> <II = 1> <Delay = 0.94> <FuncUnit> <Opcode : 'add' 'sub'> <InPorts = 2> <OutPorts = 1>
ST_3 : Operation 73 [4/4] (2.53ns)   --->   "%p_s = call fastcc i6 @"cos_lut<ap_fixed<10, 6, 5, 3, 0> >"(i10 %add_ln703)" [firmware/myproject.cpp:50]   --->   Operation 73 'call' 'p_s' <Predicate = true> <Delay = 2.53> <CoreType = "Generic">   --->   Core 0 '' <Latency = 0> <II = 1> <Delay = 1.00> <Generic> <Opcode : >
ST_3 : Operation 74 [1/1] (0.76ns)   --->   "%ret_V_27 = add i14 192, %add_ln1192_2" [firmware/myproject.cpp:50]   --->   Operation 74 'add' 'ret_V_27' <Predicate = true> <Delay = 0.76> <Core = "AddSub">   --->   Core 14 'AddSub' <Latency = 0> <II = 1> <Delay = 0.94> <FuncUnit> <Opcode : 'add' 'sub'> <InPorts = 2> <OutPorts = 1>
ST_3 : Operation 75 [1/1] (0.00ns)   --->   "%trunc_ln = call i10 @_ssdm_op_PartSelect.i10.i14.i32.i32(i14 %ret_V_27, i32 4, i32 13)" [firmware/myproject.cpp:50]   --->   Operation 75 'partselect' 'trunc_ln' <Predicate = true> <Delay = 0.00>
ST_3 : Operation 76 [4/4] (2.53ns)   --->   "%p_1 = call fastcc i6 @"sin_lut<ap_fixed<10, 6, 5, 3, 0> >"(i10 %trunc_ln)" [firmware/myproject.cpp:50]   --->   Operation 76 'call' 'p_1' <Predicate = true> <Delay = 2.53> <CoreType = "Generic">   --->   Core 0 '' <Latency = 0> <II = 1> <Delay = 1.00> <Generic> <Opcode : >
ST_3 : Operation 77 [1/1] (0.00ns) (grouped into TernaryAdder)   --->   "%sub_ln703 = sub i10 %p_Val2_10, %p_Val2_3" [firmware/myproject.cpp:50]   --->   Operation 77 'sub' 'sub_ln703' <Predicate = true> <Delay = 0.00> <Core = "TAddSub">   --->   Core 83 'TAddSub' <Latency = 0> <II = 1> <Delay = 0.35> <IPBlock> <Opcode : 'add' 'sub'> <InPorts = 3> <OutPorts = 1> <Sync> <CReg>
ST_3 : Operation 78 [1/1] (0.79ns) (root node of TernaryAdder)   --->   "%add_ln703_1 = add i10 4, %sub_ln703" [firmware/myproject.cpp:50]   --->   Operation 78 'add' 'add_ln703_1' <Predicate = true> <Delay = 0.79> <Core = "TAddSub">   --->   Core 83 'TAddSub' <Latency = 0> <II = 1> <Delay = 0.35> <IPBlock> <Opcode : 'add' 'sub'> <InPorts = 3> <OutPorts = 1> <Sync> <CReg>
ST_3 : Operation 79 [4/4] (2.53ns)   --->   "%p_2 = call fastcc i6 @"sin_lut<ap_fixed<10, 6, 5, 3, 0> >"(i10 %add_ln703_1)" [firmware/myproject.cpp:50]   --->   Operation 79 'call' 'p_2' <Predicate = true> <Delay = 2.53> <CoreType = "Generic">   --->   Core 0 '' <Latency = 0> <II = 1> <Delay = 1.00> <Generic> <Opcode : >
ST_3 : Operation 80 [2/4] (4.33ns)   --->   "%p_Val2_s = call fastcc i6 @"cos_lut<ap_fixed<10, 6, 5, 3, 0> >"(i10 %trunc_ln51)" [firmware/myproject.cpp:51]   --->   Operation 80 'call' 'p_Val2_s' <Predicate = true> <Delay = 4.33> <CoreType = "Generic">   --->   Core 0 '' <Latency = 0> <II = 1> <Delay = 1.00> <Generic> <Opcode : >
ST_3 : Operation 81 [2/4] (4.33ns)   --->   "%p_4 = call fastcc i6 @"cos_lut<ap_fixed<10, 6, 5, 3, 0> >"(i10 %sub_ln703_1)" [firmware/myproject.cpp:51]   --->   Operation 81 'call' 'p_4' <Predicate = true> <Delay = 4.33> <CoreType = "Generic">   --->   Core 0 '' <Latency = 0> <II = 1> <Delay = 1.00> <Generic> <Opcode : >
ST_3 : Operation 82 [2/4] (4.33ns)   --->   "%p_Val2_5 = call fastcc i6 @"sin_lut<ap_fixed<10, 6, 5, 3, 0> >"(i10 %add_ln703_2)" [firmware/myproject.cpp:51]   --->   Operation 82 'call' 'p_Val2_5' <Predicate = true> <Delay = 4.33> <CoreType = "Generic">   --->   Core 0 '' <Latency = 0> <II = 1> <Delay = 1.00> <Generic> <Opcode : >
ST_3 : Operation 83 [3/4] (4.33ns)   --->   "%p_Val2_6 = call fastcc i6 @"sin_lut<ap_fixed<10, 6, 5, 3, 0> >"(i10 %trunc_ln708_2)" [firmware/myproject.cpp:51]   --->   Operation 83 'call' 'p_Val2_6' <Predicate = true> <Delay = 4.33> <CoreType = "Generic">   --->   Core 0 '' <Latency = 0> <II = 1> <Delay = 1.00> <Generic> <Opcode : >
ST_3 : Operation 84 [3/4] (4.33ns)   --->   "%p_Val2_4 = call fastcc i6 @"cos_lut<ap_fixed<10, 6, 5, 3, 0> >"(i10 %p_Val2_7)" [firmware/myproject.cpp:51]   --->   Operation 84 'call' 'p_Val2_4' <Predicate = true> <Delay = 4.33> <CoreType = "Generic">   --->   Core 0 '' <Latency = 0> <II = 1> <Delay = 1.00> <Generic> <Opcode : >
ST_3 : Operation 85 [4/4] (2.53ns)   --->   "%p_8 = call fastcc i6 @"sin_lut<ap_fixed<10, 6, 5, 3, 0> >"(i10 %p_Val2_10)" [firmware/myproject.cpp:51]   --->   Operation 85 'call' 'p_8' <Predicate = true> <Delay = 2.53> <CoreType = "Generic">   --->   Core 0 '' <Latency = 0> <II = 1> <Delay = 1.00> <Generic> <Opcode : >
ST_3 : Operation 86 [1/1] (0.72ns)   --->   "%add_ln703_3 = add i10 -1, %p_Val2_7" [firmware/myproject.cpp:51]   --->   Operation 86 'add' 'add_ln703_3' <Predicate = true> <Delay = 0.72> <Core = "AddSub">   --->   Core 14 'AddSub' <Latency = 0> <II = 1> <Delay = 0.94> <FuncUnit> <Opcode : 'add' 'sub'> <InPorts = 2> <OutPorts = 1>
ST_3 : Operation 87 [4/4] (2.53ns)   --->   "%p_9 = call fastcc i6 @"sin_lut<ap_fixed<10, 6, 5, 3, 0> >"(i10 %add_ln703_3)" [firmware/myproject.cpp:51]   --->   Operation 87 'call' 'p_9' <Predicate = true> <Delay = 2.53> <CoreType = "Generic">   --->   Core 0 '' <Latency = 0> <II = 1> <Delay = 1.00> <Generic> <Opcode : >
ST_3 : Operation 88 [4/4] (2.53ns)   --->   "%p_3 = call fastcc i6 @"cos_lut<ap_fixed<10, 6, 5, 3, 0> >"(i10 %p_Val2_3)" [firmware/myproject.cpp:51]   --->   Operation 88 'call' 'p_3' <Predicate = true> <Delay = 2.53> <CoreType = "Generic">   --->   Core 0 '' <Latency = 0> <II = 1> <Delay = 1.00> <Generic> <Opcode : >
ST_3 : Operation 89 [1/1] (0.00ns)   --->   "%lhs_V_1 = sext i10 %p_Val2_10 to i11" [firmware/myproject.cpp:52]   --->   Operation 89 'sext' 'lhs_V_1' <Predicate = true> <Delay = 0.00>
ST_3 : Operation 90 [1/1] (0.00ns)   --->   "%rhs_V_1 = sext i10 %p_Val2_7 to i11" [firmware/myproject.cpp:52]   --->   Operation 90 'sext' 'rhs_V_1' <Predicate = true> <Delay = 0.00>
ST_3 : Operation 91 [1/1] (0.72ns)   --->   "%ret_V_31 = sub i11 %lhs_V_1, %rhs_V_1" [firmware/myproject.cpp:52]   --->   Operation 91 'sub' 'ret_V_31' <Predicate = true> <Delay = 0.72> <Core = "AddSub">   --->   Core 14 'AddSub' <Latency = 0> <II = 1> <Delay = 0.94> <FuncUnit> <Opcode : 'add' 'sub'> <InPorts = 2> <OutPorts = 1>
ST_3 : Operation 92 [1/1] (0.00ns)   --->   "%lhs_V_2 = sext i11 %ret_V_31 to i12" [firmware/myproject.cpp:52]   --->   Operation 92 'sext' 'lhs_V_2' <Predicate = true> <Delay = 0.00>
ST_3 : Operation 93 [1/1] (0.73ns)   --->   "%ret_V_11 = add nsw i12 11, %lhs_V_2" [firmware/myproject.cpp:52]   --->   Operation 93 'add' 'ret_V_11' <Predicate = true> <Delay = 0.73> <Core = "AddSub">   --->   Core 14 'AddSub' <Latency = 0> <II = 1> <Delay = 0.94> <FuncUnit> <Opcode : 'add' 'sub'> <InPorts = 2> <OutPorts = 1>
ST_3 : Operation 94 [1/1] (0.00ns)   --->   "%sext_ln1118_3 = sext i12 %ret_V_11 to i14" [firmware/myproject.cpp:52]   --->   Operation 94 'sext' 'sext_ln1118_3' <Predicate = true> <Delay = 0.00>
ST_3 : Operation 95 [1/1] (0.00ns)   --->   "%lhs_V_3 = call i14 @_ssdm_op_BitConcatenate.i14.i10.i4(i10 %p_Val2_3, i4 0)" [firmware/myproject.cpp:52]   --->   Operation 95 'bitconcatenate' 'lhs_V_3' <Predicate = true> <Delay = 0.00>
ST_3 : Operation 96 [1/1] (0.49ns) (grouped into DSP with root node ret_V_32)   --->   "%mul_ln1193 = mul i14 %sext_ln1118_3, %sext_ln1118_3" [firmware/myproject.cpp:52]   --->   Operation 96 'mul' 'mul_ln1193' <Predicate = true> <Delay = 0.49> <Core = "DSP48">   --->   Core 88 'DSP48' <Latency = 0> <II = 1> <Delay = 2.53> <IPBlock> <Opcode : 'mul' 'add' 'sub' 'select'> <InPorts = 2> <OutPorts = 1> <Sync> <CReg>
ST_3 : Operation 97 [1/1] (2.03ns) (root node of the DSP)   --->   "%ret_V_32 = sub i14 %lhs_V_3, %mul_ln1193" [firmware/myproject.cpp:52]   --->   Operation 97 'sub' 'ret_V_32' <Predicate = true> <Delay = 2.03> <Core = "DSP48">   --->   Core 88 'DSP48' <Latency = 0> <II = 1> <Delay = 2.53> <IPBlock> <Opcode : 'mul' 'add' 'sub' 'select'> <InPorts = 2> <OutPorts = 1> <Sync> <CReg>
ST_3 : Operation 98 [1/1] (0.00ns)   --->   "%trunc_ln708_4 = call i10 @_ssdm_op_PartSelect.i10.i14.i32.i32(i14 %ret_V_32, i32 4, i32 13)" [firmware/myproject.cpp:52]   --->   Operation 98 'partselect' 'trunc_ln708_4' <Predicate = true> <Delay = 0.00>
ST_3 : Operation 99 [2/4] (4.33ns)   --->   "%p_Val2_9 = call fastcc i6 @"sin_lut<ap_fixed<10, 6, 5, 3, 0> >"(i10 %p_Val2_7)" [firmware/myproject.cpp:53]   --->   Operation 99 'call' 'p_Val2_9' <Predicate = true> <Delay = 4.33> <CoreType = "Generic">   --->   Core 0 '' <Latency = 0> <II = 1> <Delay = 1.00> <Generic> <Opcode : >
ST_3 : Operation 100 [4/4] (2.53ns)   --->   "%p_5 = call fastcc i6 @"cos_lut<ap_fixed<10, 6, 5, 3, 0> >"(i10 %trunc_ln708_5)" [firmware/myproject.cpp:53]   --->   Operation 100 'call' 'p_5' <Predicate = true> <Delay = 2.53> <CoreType = "Generic">   --->   Core 0 '' <Latency = 0> <II = 1> <Delay = 1.00> <Generic> <Opcode : >
ST_3 : Operation 101 [1/1] (0.00ns)   --->   "%sext_ln700_4 = sext i10 %p_Val2_10 to i18" [firmware/myproject.cpp:53]   --->   Operation 101 'sext' 'sext_ln700_4' <Predicate = true> <Delay = 0.00>
ST_3 : Operation 102 [1/1] (0.00ns)   --->   "%sext_ln700_5 = sext i16 %ret_V_16 to i18" [firmware/myproject.cpp:53]   --->   Operation 102 'sext' 'sext_ln700_5' <Predicate = true> <Delay = 0.00>
ST_3 : Operation 103 [1/1] (0.49ns) (grouped into DSP with root node ret_V_35)   --->   "%mul_ln700_1 = mul i18 %sext_ln700_4, %sext_ln700_5" [firmware/myproject.cpp:53]   --->   Operation 103 'mul' 'mul_ln700_1' <Predicate = true> <Delay = 0.49> <Core = "DSP48">   --->   Core 88 'DSP48' <Latency = 0> <II = 1> <Delay = 2.53> <IPBlock> <Opcode : 'mul' 'add' 'sub' 'select'> <InPorts = 2> <OutPorts = 1> <Sync> <CReg>
ST_3 : Operation 104 [1/1] (0.00ns)   --->   "%rhs_V_2 = call i18 @_ssdm_op_BitConcatenate.i18.i10.i8(i10 %p_Val2_7, i8 0)" [firmware/myproject.cpp:53]   --->   Operation 104 'bitconcatenate' 'rhs_V_2' <Predicate = true> <Delay = 0.00>
ST_3 : Operation 105 [1/1] (2.03ns) (root node of the DSP)   --->   "%ret_V_35 = add i18 %mul_ln700_1, %rhs_V_2" [firmware/myproject.cpp:53]   --->   Operation 105 'add' 'ret_V_35' <Predicate = true> <Delay = 2.03> <Core = "DSP48">   --->   Core 88 'DSP48' <Latency = 0> <II = 1> <Delay = 2.53> <IPBlock> <Opcode : 'mul' 'add' 'sub' 'select'> <InPorts = 2> <OutPorts = 1> <Sync> <CReg>
ST_3 : Operation 106 [1/1] (0.00ns)   --->   "%trunc_ln708_6 = call i10 @_ssdm_op_PartSelect.i10.i18.i32.i32(i18 %ret_V_35, i32 8, i32 17)" [firmware/myproject.cpp:53]   --->   Operation 106 'partselect' 'trunc_ln708_6' <Predicate = true> <Delay = 0.00>
ST_3 : Operation 107 [3/4] (4.33ns)   --->   "%p_7 = call fastcc i6 @"sin_lut<ap_fixed<10, 6, 5, 3, 0> >"(i10 %trunc_ln708_8)" [firmware/myproject.cpp:54]   --->   Operation 107 'call' 'p_7' <Predicate = true> <Delay = 4.33> <CoreType = "Generic">   --->   Core 0 '' <Latency = 0> <II = 1> <Delay = 1.00> <Generic> <Opcode : >
ST_3 : Operation 108 [4/4] (2.53ns)   --->   "%p_10 = call fastcc i6 @"cos_lut<ap_fixed<10, 6, 5, 3, 0> >"(i10 %trunc_ln708_9)" [firmware/myproject.cpp:54]   --->   Operation 108 'call' 'p_10' <Predicate = true> <Delay = 2.53> <CoreType = "Generic">   --->   Core 0 '' <Latency = 0> <II = 1> <Delay = 1.00> <Generic> <Opcode : >
ST_3 : Operation 109 [3/4] (4.33ns)   --->   "%p_11 = call fastcc i6 @"cos_lut<ap_fixed<10, 6, 5, 3, 0> >"(i10 %trunc_ln708_s)" [firmware/myproject.cpp:54]   --->   Operation 109 'call' 'p_11' <Predicate = true> <Delay = 4.33> <CoreType = "Generic">   --->   Core 0 '' <Latency = 0> <II = 1> <Delay = 1.00> <Generic> <Opcode : >

State 4 <SV = 3> <Delay = 4.33>
ST_4 : Operation 110 [3/4] (4.33ns)   --->   "%p_0 = call fastcc i6 @"sin_lut<ap_fixed<10, 6, 5, 3, 0> >"(i10 %p_Val2_3)" [firmware/myproject.cpp:50]   --->   Operation 110 'call' 'p_0' <Predicate = true> <Delay = 4.33> <CoreType = "Generic">   --->   Core 0 '' <Latency = 0> <II = 1> <Delay = 1.00> <Generic> <Opcode : >
ST_4 : Operation 111 [3/4] (4.33ns)   --->   "%p_s = call fastcc i6 @"cos_lut<ap_fixed<10, 6, 5, 3, 0> >"(i10 %add_ln703)" [firmware/myproject.cpp:50]   --->   Operation 111 'call' 'p_s' <Predicate = true> <Delay = 4.33> <CoreType = "Generic">   --->   Core 0 '' <Latency = 0> <II = 1> <Delay = 1.00> <Generic> <Opcode : >
ST_4 : Operation 112 [3/4] (4.33ns)   --->   "%p_1 = call fastcc i6 @"sin_lut<ap_fixed<10, 6, 5, 3, 0> >"(i10 %trunc_ln)" [firmware/myproject.cpp:50]   --->   Operation 112 'call' 'p_1' <Predicate = true> <Delay = 4.33> <CoreType = "Generic">   --->   Core 0 '' <Latency = 0> <II = 1> <Delay = 1.00> <Generic> <Opcode : >
ST_4 : Operation 113 [3/4] (4.33ns)   --->   "%p_2 = call fastcc i6 @"sin_lut<ap_fixed<10, 6, 5, 3, 0> >"(i10 %add_ln703_1)" [firmware/myproject.cpp:50]   --->   Operation 113 'call' 'p_2' <Predicate = true> <Delay = 4.33> <CoreType = "Generic">   --->   Core 0 '' <Latency = 0> <II = 1> <Delay = 1.00> <Generic> <Opcode : >
ST_4 : Operation 114 [1/4] (2.84ns)   --->   "%p_Val2_s = call fastcc i6 @"cos_lut<ap_fixed<10, 6, 5, 3, 0> >"(i10 %trunc_ln51)" [firmware/myproject.cpp:51]   --->   Operation 114 'call' 'p_Val2_s' <Predicate = true> <Delay = 2.84> <CoreType = "Generic">   --->   Core 0 '' <Latency = 0> <II = 1> <Delay = 1.00> <Generic> <Opcode : >
ST_4 : Operation 115 [1/4] (2.84ns)   --->   "%p_4 = call fastcc i6 @"cos_lut<ap_fixed<10, 6, 5, 3, 0> >"(i10 %sub_ln703_1)" [firmware/myproject.cpp:51]   --->   Operation 115 'call' 'p_4' <Predicate = true> <Delay = 2.84> <CoreType = "Generic">   --->   Core 0 '' <Latency = 0> <II = 1> <Delay = 1.00> <Generic> <Opcode : >
ST_4 : Operation 116 [1/4] (2.82ns)   --->   "%p_Val2_5 = call fastcc i6 @"sin_lut<ap_fixed<10, 6, 5, 3, 0> >"(i10 %add_ln703_2)" [firmware/myproject.cpp:51]   --->   Operation 116 'call' 'p_Val2_5' <Predicate = true> <Delay = 2.82> <CoreType = "Generic">   --->   Core 0 '' <Latency = 0> <II = 1> <Delay = 1.00> <Generic> <Opcode : >
ST_4 : Operation 117 [2/4] (4.33ns)   --->   "%p_Val2_6 = call fastcc i6 @"sin_lut<ap_fixed<10, 6, 5, 3, 0> >"(i10 %trunc_ln708_2)" [firmware/myproject.cpp:51]   --->   Operation 117 'call' 'p_Val2_6' <Predicate = true> <Delay = 4.33> <CoreType = "Generic">   --->   Core 0 '' <Latency = 0> <II = 1> <Delay = 1.00> <Generic> <Opcode : >
ST_4 : Operation 118 [2/4] (4.33ns)   --->   "%p_Val2_4 = call fastcc i6 @"cos_lut<ap_fixed<10, 6, 5, 3, 0> >"(i10 %p_Val2_7)" [firmware/myproject.cpp:51]   --->   Operation 118 'call' 'p_Val2_4' <Predicate = true> <Delay = 4.33> <CoreType = "Generic">   --->   Core 0 '' <Latency = 0> <II = 1> <Delay = 1.00> <Generic> <Opcode : >
ST_4 : Operation 119 [3/4] (4.33ns)   --->   "%p_8 = call fastcc i6 @"sin_lut<ap_fixed<10, 6, 5, 3, 0> >"(i10 %p_Val2_10)" [firmware/myproject.cpp:51]   --->   Operation 119 'call' 'p_8' <Predicate = true> <Delay = 4.33> <CoreType = "Generic">   --->   Core 0 '' <Latency = 0> <II = 1> <Delay = 1.00> <Generic> <Opcode : >
ST_4 : Operation 120 [3/4] (4.33ns)   --->   "%p_9 = call fastcc i6 @"sin_lut<ap_fixed<10, 6, 5, 3, 0> >"(i10 %add_ln703_3)" [firmware/myproject.cpp:51]   --->   Operation 120 'call' 'p_9' <Predicate = true> <Delay = 4.33> <CoreType = "Generic">   --->   Core 0 '' <Latency = 0> <II = 1> <Delay = 1.00> <Generic> <Opcode : >
ST_4 : Operation 121 [3/4] (4.33ns)   --->   "%p_3 = call fastcc i6 @"cos_lut<ap_fixed<10, 6, 5, 3, 0> >"(i10 %p_Val2_3)" [firmware/myproject.cpp:51]   --->   Operation 121 'call' 'p_3' <Predicate = true> <Delay = 4.33> <CoreType = "Generic">   --->   Core 0 '' <Latency = 0> <II = 1> <Delay = 1.00> <Generic> <Opcode : >
ST_4 : Operation 122 [4/4] (2.53ns)   --->   "%p_Val2_8 = call fastcc i6 @"sin_lut<ap_fixed<10, 6, 5, 3, 0> >"(i10 %trunc_ln708_4)" [firmware/myproject.cpp:52]   --->   Operation 122 'call' 'p_Val2_8' <Predicate = true> <Delay = 2.53> <CoreType = "Generic">   --->   Core 0 '' <Latency = 0> <II = 1> <Delay = 1.00> <Generic> <Opcode : >
ST_4 : Operation 123 [1/4] (2.82ns)   --->   "%p_Val2_9 = call fastcc i6 @"sin_lut<ap_fixed<10, 6, 5, 3, 0> >"(i10 %p_Val2_7)" [firmware/myproject.cpp:53]   --->   Operation 123 'call' 'p_Val2_9' <Predicate = true> <Delay = 2.82> <CoreType = "Generic">   --->   Core 0 '' <Latency = 0> <II = 1> <Delay = 1.00> <Generic> <Opcode : >
ST_4 : Operation 124 [3/4] (4.33ns)   --->   "%p_5 = call fastcc i6 @"cos_lut<ap_fixed<10, 6, 5, 3, 0> >"(i10 %trunc_ln708_5)" [firmware/myproject.cpp:53]   --->   Operation 124 'call' 'p_5' <Predicate = true> <Delay = 4.33> <CoreType = "Generic">   --->   Core 0 '' <Latency = 0> <II = 1> <Delay = 1.00> <Generic> <Opcode : >
ST_4 : Operation 125 [4/4] (2.53ns)   --->   "%p_6 = call fastcc i6 @"cos_lut<ap_fixed<10, 6, 5, 3, 0> >"(i10 %trunc_ln708_6)" [firmware/myproject.cpp:53]   --->   Operation 125 'call' 'p_6' <Predicate = true> <Delay = 2.53> <CoreType = "Generic">   --->   Core 0 '' <Latency = 0> <II = 1> <Delay = 1.00> <Generic> <Opcode : >
ST_4 : Operation 126 [2/4] (4.33ns)   --->   "%p_7 = call fastcc i6 @"sin_lut<ap_fixed<10, 6, 5, 3, 0> >"(i10 %trunc_ln708_8)" [firmware/myproject.cpp:54]   --->   Operation 126 'call' 'p_7' <Predicate = true> <Delay = 4.33> <CoreType = "Generic">   --->   Core 0 '' <Latency = 0> <II = 1> <Delay = 1.00> <Generic> <Opcode : >
ST_4 : Operation 127 [3/4] (4.33ns)   --->   "%p_10 = call fastcc i6 @"cos_lut<ap_fixed<10, 6, 5, 3, 0> >"(i10 %trunc_ln708_9)" [firmware/myproject.cpp:54]   --->   Operation 127 'call' 'p_10' <Predicate = true> <Delay = 4.33> <CoreType = "Generic">   --->   Core 0 '' <Latency = 0> <II = 1> <Delay = 1.00> <Generic> <Opcode : >
ST_4 : Operation 128 [2/4] (4.33ns)   --->   "%p_11 = call fastcc i6 @"cos_lut<ap_fixed<10, 6, 5, 3, 0> >"(i10 %trunc_ln708_s)" [firmware/myproject.cpp:54]   --->   Operation 128 'call' 'p_11' <Predicate = true> <Delay = 4.33> <CoreType = "Generic">   --->   Core 0 '' <Latency = 0> <II = 1> <Delay = 1.00> <Generic> <Opcode : >

State 5 <SV = 4> <Delay = 4.33>
ST_5 : Operation 129 [2/4] (4.33ns)   --->   "%p_0 = call fastcc i6 @"sin_lut<ap_fixed<10, 6, 5, 3, 0> >"(i10 %p_Val2_3)" [firmware/myproject.cpp:50]   --->   Operation 129 'call' 'p_0' <Predicate = true> <Delay = 4.33> <CoreType = "Generic">   --->   Core 0 '' <Latency = 0> <II = 1> <Delay = 1.00> <Generic> <Opcode : >
ST_5 : Operation 130 [1/1] (0.00ns)   --->   "%r_V = sext i10 %p_Val2_2 to i11" [firmware/myproject.cpp:50]   --->   Operation 130 'sext' 'r_V' <Predicate = true> <Delay = 0.00>
ST_5 : Operation 131 [2/4] (4.33ns)   --->   "%p_s = call fastcc i6 @"cos_lut<ap_fixed<10, 6, 5, 3, 0> >"(i10 %add_ln703)" [firmware/myproject.cpp:50]   --->   Operation 131 'call' 'p_s' <Predicate = true> <Delay = 4.33> <CoreType = "Generic">   --->   Core 0 '' <Latency = 0> <II = 1> <Delay = 1.00> <Generic> <Opcode : >
ST_5 : Operation 132 [2/4] (4.33ns)   --->   "%p_1 = call fastcc i6 @"sin_lut<ap_fixed<10, 6, 5, 3, 0> >"(i10 %trunc_ln)" [firmware/myproject.cpp:50]   --->   Operation 132 'call' 'p_1' <Predicate = true> <Delay = 4.33> <CoreType = "Generic">   --->   Core 0 '' <Latency = 0> <II = 1> <Delay = 1.00> <Generic> <Opcode : >
ST_5 : Operation 133 [2/4] (4.33ns)   --->   "%p_2 = call fastcc i6 @"sin_lut<ap_fixed<10, 6, 5, 3, 0> >"(i10 %add_ln703_1)" [firmware/myproject.cpp:50]   --->   Operation 133 'call' 'p_2' <Predicate = true> <Delay = 4.33> <CoreType = "Generic">   --->   Core 0 '' <Latency = 0> <II = 1> <Delay = 1.00> <Generic> <Opcode : >
ST_5 : Operation 134 [1/1] (0.72ns)   --->   "%r_V_22 = sub i11 0, %r_V" [firmware/myproject.cpp:51]   --->   Operation 134 'sub' 'r_V_22' <Predicate = true> <Delay = 0.72> <Core = "AddSub">   --->   Core 14 'AddSub' <Latency = 0> <II = 1> <Delay = 0.94> <FuncUnit> <Opcode : 'add' 'sub'> <InPorts = 2> <OutPorts = 1>
ST_5 : Operation 135 [1/1] (0.00ns)   --->   "%sext_ln703_5 = sext i6 %p_Val2_s to i11" [firmware/myproject.cpp:51]   --->   Operation 135 'sext' 'sext_ln703_5' <Predicate = true> <Delay = 0.00>
ST_5 : Operation 136 [1/1] (0.00ns) (grouped into TernaryAdder)   --->   "%ret_V_29 = sub i11 %r_V_22, %sext_ln703_5" [firmware/myproject.cpp:51]   --->   Operation 136 'sub' 'ret_V_29' <Predicate = true> <Delay = 0.00> <Core = "TAddSub">   --->   Core 83 'TAddSub' <Latency = 0> <II = 1> <Delay = 0.35> <IPBlock> <Opcode : 'add' 'sub'> <InPorts = 3> <OutPorts = 1> <Sync> <CReg>
ST_5 : Operation 137 [1/1] (0.77ns) (root node of TernaryAdder)   --->   "%ret_V = add i11 51, %ret_V_29" [firmware/myproject.cpp:51]   --->   Operation 137 'add' 'ret_V' <Predicate = true> <Delay = 0.77> <Core = "TAddSub">   --->   Core 83 'TAddSub' <Latency = 0> <II = 1> <Delay = 0.35> <IPBlock> <Opcode : 'add' 'sub'> <InPorts = 3> <OutPorts = 1> <Sync> <CReg>
ST_5 : Operation 138 [1/1] (0.00ns)   --->   "%sext_ln728_2 = sext i11 %ret_V to i16" [firmware/myproject.cpp:51]   --->   Operation 138 'sext' 'sext_ln728_2' <Predicate = true> <Delay = 0.00>
ST_5 : Operation 139 [1/1] (0.00ns)   --->   "%sext_ln728_3 = sext i6 %p_4 to i16" [firmware/myproject.cpp:51]   --->   Operation 139 'sext' 'sext_ln728_3' <Predicate = true> <Delay = 0.00>
ST_5 : Operation 140 [1/1] (0.49ns) (grouped into DSP with root node ret_V_7)   --->   "%mul_ln728 = mul i16 %sext_ln728_3, %sext_ln728_2" [firmware/myproject.cpp:51]   --->   Operation 140 'mul' 'mul_ln728' <Predicate = true> <Delay = 0.49> <Core = "DSP48">   --->   Core 88 'DSP48' <Latency = 0> <II = 1> <Delay = 2.53> <IPBlock> <Opcode : 'mul' 'add' 'sub' 'select'> <InPorts = 2> <OutPorts = 1> <Sync> <CReg>
ST_5 : Operation 141 [1/1] (0.00ns)   --->   "%tmp_4 = call i10 @_ssdm_op_BitConcatenate.i10.i6.i4(i6 %p_Val2_5, i4 0)" [firmware/myproject.cpp:51]   --->   Operation 141 'bitconcatenate' 'tmp_4' <Predicate = true> <Delay = 0.00>
ST_5 : Operation 142 [1/1] (0.00ns)   --->   "%sext_ln1193_1 = sext i10 %tmp_4 to i16" [firmware/myproject.cpp:51]   --->   Operation 142 'sext' 'sext_ln1193_1' <Predicate = true> <Delay = 0.00>
ST_5 : Operation 143 [1/1] (2.03ns) (root node of the DSP)   --->   "%ret_V_7 = sub i16 %mul_ln728, %sext_ln1193_1" [firmware/myproject.cpp:51]   --->   Operation 143 'sub' 'ret_V_7' <Predicate = true> <Delay = 2.03> <Core = "DSP48">   --->   Core 88 'DSP48' <Latency = 0> <II = 1> <Delay = 2.53> <IPBlock> <Opcode : 'mul' 'add' 'sub' 'select'> <InPorts = 2> <OutPorts = 1> <Sync> <CReg>
ST_5 : Operation 144 [1/4] (2.82ns)   --->   "%p_Val2_6 = call fastcc i6 @"sin_lut<ap_fixed<10, 6, 5, 3, 0> >"(i10 %trunc_ln708_2)" [firmware/myproject.cpp:51]   --->   Operation 144 'call' 'p_Val2_6' <Predicate = true> <Delay = 2.82> <CoreType = "Generic">   --->   Core 0 '' <Latency = 0> <II = 1> <Delay = 1.00> <Generic> <Opcode : >
ST_5 : Operation 145 [1/4] (2.84ns)   --->   "%p_Val2_4 = call fastcc i6 @"cos_lut<ap_fixed<10, 6, 5, 3, 0> >"(i10 %p_Val2_7)" [firmware/myproject.cpp:51]   --->   Operation 145 'call' 'p_Val2_4' <Predicate = true> <Delay = 2.84> <CoreType = "Generic">   --->   Core 0 '' <Latency = 0> <II = 1> <Delay = 1.00> <Generic> <Opcode : >
ST_5 : Operation 146 [2/4] (4.33ns)   --->   "%p_8 = call fastcc i6 @"sin_lut<ap_fixed<10, 6, 5, 3, 0> >"(i10 %p_Val2_10)" [firmware/myproject.cpp:51]   --->   Operation 146 'call' 'p_8' <Predicate = true> <Delay = 4.33> <CoreType = "Generic">   --->   Core 0 '' <Latency = 0> <II = 1> <Delay = 1.00> <Generic> <Opcode : >
ST_5 : Operation 147 [2/4] (4.33ns)   --->   "%p_9 = call fastcc i6 @"sin_lut<ap_fixed<10, 6, 5, 3, 0> >"(i10 %add_ln703_3)" [firmware/myproject.cpp:51]   --->   Operation 147 'call' 'p_9' <Predicate = true> <Delay = 4.33> <CoreType = "Generic">   --->   Core 0 '' <Latency = 0> <II = 1> <Delay = 1.00> <Generic> <Opcode : >
ST_5 : Operation 148 [2/4] (4.33ns)   --->   "%p_3 = call fastcc i6 @"cos_lut<ap_fixed<10, 6, 5, 3, 0> >"(i10 %p_Val2_3)" [firmware/myproject.cpp:51]   --->   Operation 148 'call' 'p_3' <Predicate = true> <Delay = 4.33> <CoreType = "Generic">   --->   Core 0 '' <Latency = 0> <II = 1> <Delay = 1.00> <Generic> <Opcode : >
ST_5 : Operation 149 [3/4] (4.33ns)   --->   "%p_Val2_8 = call fastcc i6 @"sin_lut<ap_fixed<10, 6, 5, 3, 0> >"(i10 %trunc_ln708_4)" [firmware/myproject.cpp:52]   --->   Operation 149 'call' 'p_Val2_8' <Predicate = true> <Delay = 4.33> <CoreType = "Generic">   --->   Core 0 '' <Latency = 0> <II = 1> <Delay = 1.00> <Generic> <Opcode : >
ST_5 : Operation 150 [1/1] (0.00ns)   --->   "%sext_ln703_9 = sext i6 %p_Val2_9 to i7" [firmware/myproject.cpp:53]   --->   Operation 150 'sext' 'sext_ln703_9' <Predicate = true> <Delay = 0.00>
ST_5 : Operation 151 [1/1] (0.70ns)   --->   "%ret_V_13 = add i7 6, %sext_ln703_9" [firmware/myproject.cpp:53]   --->   Operation 151 'add' 'ret_V_13' <Predicate = true> <Delay = 0.70> <Core = "AddSub">   --->   Core 14 'AddSub' <Latency = 0> <II = 1> <Delay = 0.94> <FuncUnit> <Opcode : 'add' 'sub'> <InPorts = 2> <OutPorts = 1>
ST_5 : Operation 152 [1/1] (0.00ns)   --->   "%sext_ln1116_2 = sext i7 %ret_V_13 to i14" [firmware/myproject.cpp:53]   --->   Operation 152 'sext' 'sext_ln1116_2' <Predicate = true> <Delay = 0.00>
ST_5 : Operation 153 [1/1] (1.27ns)   --->   "%r_V_8 = mul i14 %sext_ln1116_2, %sext_ln1116_2" [firmware/myproject.cpp:53]   --->   Operation 153 'mul' 'r_V_8' <Predicate = true> <Delay = 1.27> <Core = "Mul">   --->   Core 16 'Mul' <Latency = 0> <II = 1> <Delay = 3.24> <FuncUnit> <Opcode : 'mul'> <InPorts = 2> <OutPorts = 1>
ST_5 : Operation 154 [1/1] (0.00ns)   --->   "%tmp_s = call i17 @_ssdm_op_BitConcatenate.i17.i14.i3(i14 %r_V_8, i3 0)" [firmware/myproject.cpp:53]   --->   Operation 154 'bitconcatenate' 'tmp_s' <Predicate = true> <Delay = 0.00>
ST_5 : Operation 155 [1/1] (0.00ns)   --->   "%sext_ln1118_4 = sext i17 %tmp_s to i18" [firmware/myproject.cpp:53]   --->   Operation 155 'sext' 'sext_ln1118_4' <Predicate = true> <Delay = 0.00>
ST_5 : Operation 156 [1/1] (0.00ns)   --->   "%tmp_1 = call i15 @_ssdm_op_BitConcatenate.i15.i14.i1(i14 %r_V_8, i1 false)" [firmware/myproject.cpp:53]   --->   Operation 156 'bitconcatenate' 'tmp_1' <Predicate = true> <Delay = 0.00>
ST_5 : Operation 157 [1/1] (0.00ns)   --->   "%sext_ln1118_5 = sext i15 %tmp_1 to i18" [firmware/myproject.cpp:53]   --->   Operation 157 'sext' 'sext_ln1118_5' <Predicate = true> <Delay = 0.00>
ST_5 : Operation 158 [1/1] (0.79ns)   --->   "%r_V_27 = add i18 %sext_ln1118_5, %sext_ln1118_4" [firmware/myproject.cpp:53]   --->   Operation 158 'add' 'r_V_27' <Predicate = true> <Delay = 0.79> <Core = "AddSub">   --->   Core 14 'AddSub' <Latency = 0> <II = 1> <Delay = 0.94> <FuncUnit> <Opcode : 'add' 'sub'> <InPorts = 2> <OutPorts = 1>
ST_5 : Operation 159 [1/1] (0.00ns)   --->   "%sext_ln1118_6 = sext i18 %r_V_27 to i19" [firmware/myproject.cpp:53]   --->   Operation 159 'sext' 'sext_ln1118_6' <Predicate = true> <Delay = 0.00>
ST_5 : Operation 160 [1/1] (0.00ns)   --->   "%lhs_V_4 = call i18 @_ssdm_op_BitConcatenate.i18.i14.i4(i14 %r_V_26, i4 0)" [firmware/myproject.cpp:53]   --->   Operation 160 'bitconcatenate' 'lhs_V_4' <Predicate = true> <Delay = 0.00>
ST_5 : Operation 161 [1/1] (0.00ns)   --->   "%sext_ln728_4 = sext i18 %lhs_V_4 to i19" [firmware/myproject.cpp:53]   --->   Operation 161 'sext' 'sext_ln728_4' <Predicate = true> <Delay = 0.00>
ST_5 : Operation 162 [1/1] (0.00ns) (grouped into TernaryAdder)   --->   "%ret_V_33 = sub i19 %sext_ln728_4, %sext_ln1118_6" [firmware/myproject.cpp:53]   --->   Operation 162 'sub' 'ret_V_33' <Predicate = true> <Delay = 0.00> <Core = "TAddSub">   --->   Core 83 'TAddSub' <Latency = 0> <II = 1> <Delay = 0.35> <IPBlock> <Opcode : 'add' 'sub'> <InPorts = 3> <OutPorts = 1> <Sync> <CReg>
ST_5 : Operation 163 [1/1] (0.68ns) (root node of TernaryAdder)   --->   "%add_ln1192_10 = add i19 6656, %ret_V_33" [firmware/myproject.cpp:53]   --->   Operation 163 'add' 'add_ln1192_10' <Predicate = true> <Delay = 0.68> <Core = "TAddSub">   --->   Core 83 'TAddSub' <Latency = 0> <II = 1> <Delay = 0.35> <IPBlock> <Opcode : 'add' 'sub'> <InPorts = 3> <OutPorts = 1> <Sync> <CReg>
ST_5 : Operation 164 [2/4] (4.33ns)   --->   "%p_5 = call fastcc i6 @"cos_lut<ap_fixed<10, 6, 5, 3, 0> >"(i10 %trunc_ln708_5)" [firmware/myproject.cpp:53]   --->   Operation 164 'call' 'p_5' <Predicate = true> <Delay = 4.33> <CoreType = "Generic">   --->   Core 0 '' <Latency = 0> <II = 1> <Delay = 1.00> <Generic> <Opcode : >
ST_5 : Operation 165 [3/4] (4.33ns)   --->   "%p_6 = call fastcc i6 @"cos_lut<ap_fixed<10, 6, 5, 3, 0> >"(i10 %trunc_ln708_6)" [firmware/myproject.cpp:53]   --->   Operation 165 'call' 'p_6' <Predicate = true> <Delay = 4.33> <CoreType = "Generic">   --->   Core 0 '' <Latency = 0> <II = 1> <Delay = 1.00> <Generic> <Opcode : >
ST_5 : Operation 166 [1/1] (0.00ns)   --->   "%sext_ln703_10 = sext i6 %p_Val2_4 to i7" [firmware/myproject.cpp:54]   --->   Operation 166 'sext' 'sext_ln703_10' <Predicate = true> <Delay = 0.00>
ST_5 : Operation 167 [1/1] (0.70ns)   --->   "%ret_V_19 = add i7 7, %sext_ln703_10" [firmware/myproject.cpp:54]   --->   Operation 167 'add' 'ret_V_19' <Predicate = true> <Delay = 0.70> <Core = "AddSub">   --->   Core 14 'AddSub' <Latency = 0> <II = 1> <Delay = 0.94> <FuncUnit> <Opcode : 'add' 'sub'> <InPorts = 2> <OutPorts = 1>
ST_5 : Operation 168 [1/4] (2.82ns)   --->   "%p_7 = call fastcc i6 @"sin_lut<ap_fixed<10, 6, 5, 3, 0> >"(i10 %trunc_ln708_8)" [firmware/myproject.cpp:54]   --->   Operation 168 'call' 'p_7' <Predicate = true> <Delay = 2.82> <CoreType = "Generic">   --->   Core 0 '' <Latency = 0> <II = 1> <Delay = 1.00> <Generic> <Opcode : >
ST_5 : Operation 169 [2/4] (4.33ns)   --->   "%p_10 = call fastcc i6 @"cos_lut<ap_fixed<10, 6, 5, 3, 0> >"(i10 %trunc_ln708_9)" [firmware/myproject.cpp:54]   --->   Operation 169 'call' 'p_10' <Predicate = true> <Delay = 4.33> <CoreType = "Generic">   --->   Core 0 '' <Latency = 0> <II = 1> <Delay = 1.00> <Generic> <Opcode : >
ST_5 : Operation 170 [1/4] (2.84ns)   --->   "%p_11 = call fastcc i6 @"cos_lut<ap_fixed<10, 6, 5, 3, 0> >"(i10 %trunc_ln708_s)" [firmware/myproject.cpp:54]   --->   Operation 170 'call' 'p_11' <Predicate = true> <Delay = 2.84> <CoreType = "Generic">   --->   Core 0 '' <Latency = 0> <II = 1> <Delay = 1.00> <Generic> <Opcode : >

State 6 <SV = 5> <Delay = 4.33>
ST_6 : Operation 171 [1/4] (2.82ns)   --->   "%p_0 = call fastcc i6 @"sin_lut<ap_fixed<10, 6, 5, 3, 0> >"(i10 %p_Val2_3)" [firmware/myproject.cpp:50]   --->   Operation 171 'call' 'p_0' <Predicate = true> <Delay = 2.82> <CoreType = "Generic">   --->   Core 0 '' <Latency = 0> <II = 1> <Delay = 1.00> <Generic> <Opcode : >
ST_6 : Operation 172 [1/1] (0.00ns)   --->   "%sext_ln703_4 = sext i6 %p_0 to i11" [firmware/myproject.cpp:50]   --->   Operation 172 'sext' 'sext_ln703_4' <Predicate = true> <Delay = 0.00>
ST_6 : Operation 173 [1/1] (0.72ns)   --->   "%ret_V_25 = add i11 %sext_ln703_4, %r_V" [firmware/myproject.cpp:50]   --->   Operation 173 'add' 'ret_V_25' <Predicate = true> <Delay = 0.72> <Core = "AddSub">   --->   Core 14 'AddSub' <Latency = 0> <II = 1> <Delay = 0.94> <FuncUnit> <Opcode : 'add' 'sub'> <InPorts = 2> <OutPorts = 1>
ST_6 : Operation 174 [1/4] (2.84ns)   --->   "%p_s = call fastcc i6 @"cos_lut<ap_fixed<10, 6, 5, 3, 0> >"(i10 %add_ln703)" [firmware/myproject.cpp:50]   --->   Operation 174 'call' 'p_s' <Predicate = true> <Delay = 2.84> <CoreType = "Generic">   --->   Core 0 '' <Latency = 0> <II = 1> <Delay = 1.00> <Generic> <Opcode : >
ST_6 : Operation 175 [1/1] (0.00ns)   --->   "%sext_ln1193 = sext i6 %p_s to i11" [firmware/myproject.cpp:50]   --->   Operation 175 'sext' 'sext_ln1193' <Predicate = true> <Delay = 0.00>
ST_6 : Operation 176 [1/1] (0.00ns) (grouped into TernaryAdder)   --->   "%ret_V_26 = sub i11 %ret_V_25, %sext_ln1193" [firmware/myproject.cpp:50]   --->   Operation 176 'sub' 'ret_V_26' <Predicate = true> <Delay = 0.00> <Core = "TAddSub">   --->   Core 83 'TAddSub' <Latency = 0> <II = 1> <Delay = 0.35> <IPBlock> <Opcode : 'add' 'sub'> <InPorts = 3> <OutPorts = 1> <Sync> <CReg>
ST_6 : Operation 177 [1/1] (0.77ns) (root node of TernaryAdder)   --->   "%add_ln1192 = add i11 -320, %ret_V_26" [firmware/myproject.cpp:50]   --->   Operation 177 'add' 'add_ln1192' <Predicate = true> <Delay = 0.77> <Core = "TAddSub">   --->   Core 83 'TAddSub' <Latency = 0> <II = 1> <Delay = 0.35> <IPBlock> <Opcode : 'add' 'sub'> <InPorts = 3> <OutPorts = 1> <Sync> <CReg>
ST_6 : Operation 178 [1/4] (2.82ns)   --->   "%p_1 = call fastcc i6 @"sin_lut<ap_fixed<10, 6, 5, 3, 0> >"(i10 %trunc_ln)" [firmware/myproject.cpp:50]   --->   Operation 178 'call' 'p_1' <Predicate = true> <Delay = 2.82> <CoreType = "Generic">   --->   Core 0 '' <Latency = 0> <II = 1> <Delay = 1.00> <Generic> <Opcode : >
ST_6 : Operation 179 [1/4] (2.82ns)   --->   "%p_2 = call fastcc i6 @"sin_lut<ap_fixed<10, 6, 5, 3, 0> >"(i10 %add_ln703_1)" [firmware/myproject.cpp:50]   --->   Operation 179 'call' 'p_2' <Predicate = true> <Delay = 2.82> <CoreType = "Generic">   --->   Core 0 '' <Latency = 0> <II = 1> <Delay = 1.00> <Generic> <Opcode : >
ST_6 : Operation 180 [1/1] (0.00ns)   --->   "%sext_ln1253 = sext i6 %p_Val2_6 to i7" [firmware/myproject.cpp:51]   --->   Operation 180 'sext' 'sext_ln1253' <Predicate = true> <Delay = 0.00>
ST_6 : Operation 181 [1/1] (0.70ns)   --->   "%r_V_24 = sub i7 0, %sext_ln1253" [firmware/myproject.cpp:51]   --->   Operation 181 'sub' 'r_V_24' <Predicate = true> <Delay = 0.70> <Core = "AddSub">   --->   Core 14 'AddSub' <Latency = 0> <II = 1> <Delay = 0.94> <FuncUnit> <Opcode : 'add' 'sub'> <InPorts = 2> <OutPorts = 1>
ST_6 : Operation 182 [1/1] (0.00ns)   --->   "%sext_ln1116_1 = sext i6 %p_Val2_4 to i12" [firmware/myproject.cpp:51]   --->   Operation 182 'sext' 'sext_ln1116_1' <Predicate = true> <Delay = 0.00>
ST_6 : Operation 183 [1/1] (1.23ns)   --->   "%r_V_25 = mul i12 %sext_ln1116_1, %sext_ln1116_1" [firmware/myproject.cpp:51]   --->   Operation 183 'mul' 'r_V_25' <Predicate = true> <Delay = 1.23> <Core = "Mul">   --->   Core 16 'Mul' <Latency = 0> <II = 1> <Delay = 3.24> <FuncUnit> <Opcode : 'mul'> <InPorts = 2> <OutPorts = 1>
ST_6 : Operation 184 [1/1] (0.00ns)   --->   "%sext_ln1118_2 = sext i12 %r_V_25 to i13" [firmware/myproject.cpp:51]   --->   Operation 184 'sext' 'sext_ln1118_2' <Predicate = true> <Delay = 0.00>
ST_6 : Operation 185 [1/1] (0.00ns)   --->   "%tmp = call i11 @_ssdm_op_BitConcatenate.i11.i7.i4(i7 %r_V_24, i4 0)" [firmware/myproject.cpp:51]   --->   Operation 185 'bitconcatenate' 'tmp' <Predicate = true> <Delay = 0.00>
ST_6 : Operation 186 [1/1] (0.00ns)   --->   "%sext_ln700_6 = sext i11 %tmp to i13" [firmware/myproject.cpp:51]   --->   Operation 186 'sext' 'sext_ln700_6' <Predicate = true> <Delay = 0.00>
ST_6 : Operation 187 [1/1] (0.00ns) (grouped into DSP with root node mul_ln1192_2)   --->   "%ret_V_8 = add i13 %sext_ln1118_2, %sext_ln700_6" [firmware/myproject.cpp:51]   --->   Operation 187 'add' 'ret_V_8' <Predicate = true> <Delay = 0.00> <Core = "DSP48">   --->   Core 88 'DSP48' <Latency = 0> <II = 1> <Delay = 2.53> <IPBlock> <Opcode : 'mul' 'add' 'sub' 'select'> <InPorts = 2> <OutPorts = 1> <Sync> <CReg>
ST_6 : Operation 188 [1/1] (0.00ns)   --->   "%sext_ln1192_2 = sext i16 %ret_V_7 to i32" [firmware/myproject.cpp:51]   --->   Operation 188 'sext' 'sext_ln1192_2' <Predicate = true> <Delay = 0.00>
ST_6 : Operation 189 [1/1] (0.00ns) (grouped into DSP with root node mul_ln1192_2)   --->   "%sext_ln1192_3 = sext i13 %ret_V_8 to i32" [firmware/myproject.cpp:51]   --->   Operation 189 'sext' 'sext_ln1192_3' <Predicate = true> <Delay = 0.00>
ST_6 : Operation 190 [1/1] (2.53ns) (root node of the DSP)   --->   "%mul_ln1192_2 = mul i32 %sext_ln1192_3, %sext_ln1192_2" [firmware/myproject.cpp:51]   --->   Operation 190 'mul' 'mul_ln1192_2' <Predicate = true> <Delay = 2.53> <Core = "DSP48">   --->   Core 88 'DSP48' <Latency = 0> <II = 1> <Delay = 2.53> <IPBlock> <Opcode : 'mul' 'add' 'sub' 'select'> <InPorts = 2> <OutPorts = 1> <Sync> <CReg>
ST_6 : Operation 191 [1/4] (2.82ns)   --->   "%p_8 = call fastcc i6 @"sin_lut<ap_fixed<10, 6, 5, 3, 0> >"(i10 %p_Val2_10)" [firmware/myproject.cpp:51]   --->   Operation 191 'call' 'p_8' <Predicate = true> <Delay = 2.82> <CoreType = "Generic">   --->   Core 0 '' <Latency = 0> <II = 1> <Delay = 1.00> <Generic> <Opcode : >
ST_6 : Operation 192 [1/4] (2.82ns)   --->   "%p_9 = call fastcc i6 @"sin_lut<ap_fixed<10, 6, 5, 3, 0> >"(i10 %add_ln703_3)" [firmware/myproject.cpp:51]   --->   Operation 192 'call' 'p_9' <Predicate = true> <Delay = 2.82> <CoreType = "Generic">   --->   Core 0 '' <Latency = 0> <II = 1> <Delay = 1.00> <Generic> <Opcode : >
ST_6 : Operation 193 [1/4] (2.84ns)   --->   "%p_3 = call fastcc i6 @"cos_lut<ap_fixed<10, 6, 5, 3, 0> >"(i10 %p_Val2_3)" [firmware/myproject.cpp:51]   --->   Operation 193 'call' 'p_3' <Predicate = true> <Delay = 2.84> <CoreType = "Generic">   --->   Core 0 '' <Latency = 0> <II = 1> <Delay = 1.00> <Generic> <Opcode : >
ST_6 : Operation 194 [2/4] (4.33ns)   --->   "%p_Val2_8 = call fastcc i6 @"sin_lut<ap_fixed<10, 6, 5, 3, 0> >"(i10 %trunc_ln708_4)" [firmware/myproject.cpp:52]   --->   Operation 194 'call' 'p_Val2_8' <Predicate = true> <Delay = 4.33> <CoreType = "Generic">   --->   Core 0 '' <Latency = 0> <II = 1> <Delay = 1.00> <Generic> <Opcode : >
ST_6 : Operation 195 [1/1] (0.00ns)   --->   "%sext_ln1192_8 = sext i19 %add_ln1192_10 to i32" [firmware/myproject.cpp:53]   --->   Operation 195 'sext' 'sext_ln1192_8' <Predicate = true> <Delay = 0.00>
ST_6 : Operation 196 [1/1] (0.00ns)   --->   "%sext_ln1192_14 = sext i12 %r_V_25 to i32" [firmware/myproject.cpp:53]   --->   Operation 196 'sext' 'sext_ln1192_14' <Predicate = true> <Delay = 0.00>
ST_6 : Operation 197 [1/1] (2.53ns) (root node of the DSP)   --->   "%mul_ln1192_6 = mul i32 %sext_ln1192_14, %sext_ln1192_8" [firmware/myproject.cpp:53]   --->   Operation 197 'mul' 'mul_ln1192_6' <Predicate = true> <Delay = 2.53> <Core = "DSP48">   --->   Core 88 'DSP48' <Latency = 0> <II = 1> <Delay = 2.53> <IPBlock> <Opcode : 'mul' 'add' 'sub' 'select'> <InPorts = 2> <OutPorts = 1> <Sync> <CReg>
ST_6 : Operation 198 [1/4] (2.84ns)   --->   "%p_5 = call fastcc i6 @"cos_lut<ap_fixed<10, 6, 5, 3, 0> >"(i10 %trunc_ln708_5)" [firmware/myproject.cpp:53]   --->   Operation 198 'call' 'p_5' <Predicate = true> <Delay = 2.84> <CoreType = "Generic">   --->   Core 0 '' <Latency = 0> <II = 1> <Delay = 1.00> <Generic> <Opcode : >
ST_6 : Operation 199 [2/4] (4.33ns)   --->   "%p_6 = call fastcc i6 @"cos_lut<ap_fixed<10, 6, 5, 3, 0> >"(i10 %trunc_ln708_6)" [firmware/myproject.cpp:53]   --->   Operation 199 'call' 'p_6' <Predicate = true> <Delay = 4.33> <CoreType = "Generic">   --->   Core 0 '' <Latency = 0> <II = 1> <Delay = 1.00> <Generic> <Opcode : >
ST_6 : Operation 200 [1/1] (0.00ns)   --->   "%sext_ln1116_5 = sext i7 %ret_V_19 to i14" [firmware/myproject.cpp:54]   --->   Operation 200 'sext' 'sext_ln1116_5' <Predicate = true> <Delay = 0.00>
ST_6 : Operation 201 [1/1] (1.27ns)   --->   "%r_V_12 = mul i14 %sext_ln1116_5, %sext_ln1116_5" [firmware/myproject.cpp:54]   --->   Operation 201 'mul' 'r_V_12' <Predicate = true> <Delay = 1.27> <Core = "Mul">   --->   Core 16 'Mul' <Latency = 0> <II = 1> <Delay = 3.24> <FuncUnit> <Opcode : 'mul'> <InPorts = 2> <OutPorts = 1>
ST_6 : Operation 202 [1/1] (0.00ns)   --->   "%sext_ln1116_6 = sext i6 %p_7 to i12" [firmware/myproject.cpp:54]   --->   Operation 202 'sext' 'sext_ln1116_6' <Predicate = true> <Delay = 0.00>
ST_6 : Operation 203 [1/1] (1.23ns)   --->   "%r_V_13 = mul i12 %sext_ln1116_6, %sext_ln1116_6" [firmware/myproject.cpp:54]   --->   Operation 203 'mul' 'r_V_13' <Predicate = true> <Delay = 1.23> <Core = "Mul">   --->   Core 16 'Mul' <Latency = 0> <II = 1> <Delay = 3.24> <FuncUnit> <Opcode : 'mul'> <InPorts = 2> <OutPorts = 1>
ST_6 : Operation 204 [1/1] (0.00ns)   --->   "%sext_ln1116_7 = sext i14 %r_V_12 to i26" [firmware/myproject.cpp:54]   --->   Operation 204 'sext' 'sext_ln1116_7' <Predicate = true> <Delay = 0.00>
ST_6 : Operation 205 [1/1] (0.00ns)   --->   "%sext_ln1118_8 = sext i12 %r_V_13 to i26" [firmware/myproject.cpp:54]   --->   Operation 205 'sext' 'sext_ln1118_8' <Predicate = true> <Delay = 0.00>
ST_6 : Operation 206 [1/1] (2.53ns) (root node of the DSP)   --->   "%r_V_14 = mul i26 %sext_ln1118_8, %sext_ln1116_7" [firmware/myproject.cpp:54]   --->   Operation 206 'mul' 'r_V_14' <Predicate = true> <Delay = 2.53> <Core = "DSP48">   --->   Core 88 'DSP48' <Latency = 0> <II = 1> <Delay = 2.53> <IPBlock> <Opcode : 'mul' 'add' 'sub' 'select'> <InPorts = 2> <OutPorts = 1> <Sync> <CReg>
ST_6 : Operation 207 [1/4] (2.84ns)   --->   "%p_10 = call fastcc i6 @"cos_lut<ap_fixed<10, 6, 5, 3, 0> >"(i10 %trunc_ln708_9)" [firmware/myproject.cpp:54]   --->   Operation 207 'call' 'p_10' <Predicate = true> <Delay = 2.84> <CoreType = "Generic">   --->   Core 0 '' <Latency = 0> <II = 1> <Delay = 1.00> <Generic> <Opcode : >

State 7 <SV = 6> <Delay = 4.32>
ST_7 : Operation 208 [1/1] (0.00ns)   --->   "%sext_ln700_1 = sext i11 %add_ln1192 to i17" [firmware/myproject.cpp:50]   --->   Operation 208 'sext' 'sext_ln700_1' <Predicate = true> <Delay = 0.00>
ST_7 : Operation 209 [1/1] (0.00ns)   --->   "%sext_ln700_2 = sext i6 %p_1 to i17" [firmware/myproject.cpp:50]   --->   Operation 209 'sext' 'sext_ln700_2' <Predicate = true> <Delay = 0.00>
ST_7 : Operation 210 [1/1] (0.49ns) (grouped into DSP with root node add_ln700)   --->   "%mul_ln700 = mul i17 %sext_ln700_2, %sext_ln700_1" [firmware/myproject.cpp:50]   --->   Operation 210 'mul' 'mul_ln700' <Predicate = true> <Delay = 0.49> <Core = "DSP48">   --->   Core 88 'DSP48' <Latency = 0> <II = 1> <Delay = 2.53> <IPBlock> <Opcode : 'mul' 'add' 'sub' 'select'> <InPorts = 2> <OutPorts = 1> <Sync> <CReg>
ST_7 : Operation 211 [1/1] (0.00ns)   --->   "%lhs_V = call i16 @_ssdm_op_BitConcatenate.i16.i12.i4(i12 %ret_V_24, i4 0)" [firmware/myproject.cpp:50]   --->   Operation 211 'bitconcatenate' 'lhs_V' <Predicate = true> <Delay = 0.00>
ST_7 : Operation 212 [1/1] (0.00ns)   --->   "%sext_ln728 = sext i16 %lhs_V to i17" [firmware/myproject.cpp:50]   --->   Operation 212 'sext' 'sext_ln728' <Predicate = true> <Delay = 0.00>
ST_7 : Operation 213 [1/1] (2.03ns) (root node of the DSP)   --->   "%add_ln700 = add i17 %mul_ln700, %sext_ln728" [firmware/myproject.cpp:50]   --->   Operation 213 'add' 'add_ln700' <Predicate = true> <Delay = 2.03> <Core = "DSP48">   --->   Core 88 'DSP48' <Latency = 0> <II = 1> <Delay = 2.53> <IPBlock> <Opcode : 'mul' 'add' 'sub' 'select'> <InPorts = 2> <OutPorts = 1> <Sync> <CReg>
ST_7 : Operation 214 [1/1] (0.00ns)   --->   "%sext_ln700_3 = sext i17 %add_ln700 to i18" [firmware/myproject.cpp:50]   --->   Operation 214 'sext' 'sext_ln700_3' <Predicate = true> <Delay = 0.00>
ST_7 : Operation 215 [1/1] (0.00ns)   --->   "%sext_ln1116 = sext i6 %p_2 to i12" [firmware/myproject.cpp:50]   --->   Operation 215 'sext' 'sext_ln1116' <Predicate = true> <Delay = 0.00>
ST_7 : Operation 216 [1/1] (1.23ns)   --->   "%r_V_21 = mul i12 %sext_ln1116, %sext_ln1116" [firmware/myproject.cpp:50]   --->   Operation 216 'mul' 'r_V_21' <Predicate = true> <Delay = 1.23> <Core = "Mul">   --->   Core 16 'Mul' <Latency = 0> <II = 1> <Delay = 3.24> <FuncUnit> <Opcode : 'mul'> <InPorts = 2> <OutPorts = 1>
ST_7 : Operation 217 [1/1] (0.00ns)   --->   "%tmp_3 = call i16 @_ssdm_op_BitConcatenate.i16.i12.i4(i12 %r_V_21, i4 0)" [firmware/myproject.cpp:50]   --->   Operation 217 'bitconcatenate' 'tmp_3' <Predicate = true> <Delay = 0.00>
ST_7 : Operation 218 [1/1] (0.00ns)   --->   "%rhs_V = sext i16 %tmp_3 to i18" [firmware/myproject.cpp:50]   --->   Operation 218 'sext' 'rhs_V' <Predicate = true> <Delay = 0.00>
ST_7 : Operation 219 [1/1] (0.79ns)   --->   "%ret_V_28 = add i18 %sext_ln700_3, %rhs_V" [firmware/myproject.cpp:50]   --->   Operation 219 'add' 'ret_V_28' <Predicate = true> <Delay = 0.79> <Core = "AddSub">   --->   Core 14 'AddSub' <Latency = 0> <II = 1> <Delay = 0.94> <FuncUnit> <Opcode : 'add' 'sub'> <InPorts = 2> <OutPorts = 1>
ST_7 : Operation 220 [1/1] (0.00ns)   --->   "%trunc_ln708_1 = call i10 @_ssdm_op_PartSelect.i10.i18.i32.i32(i18 %ret_V_28, i32 8, i32 17)" [firmware/myproject.cpp:50]   --->   Operation 220 'partselect' 'trunc_ln708_1' <Predicate = true> <Delay = 0.00>
ST_7 : Operation 221 [1/1] (0.00ns)   --->   "%sext_ln1192_7 = sext i32 %mul_ln1192_2 to i34" [firmware/myproject.cpp:51]   --->   Operation 221 'sext' 'sext_ln1192_7' <Predicate = true> <Delay = 0.00>
ST_7 : Operation 222 [1/1] (0.00ns)   --->   "%sext_ln1192_4 = sext i6 %p_8 to i34" [firmware/myproject.cpp:51]   --->   Operation 222 'sext' 'sext_ln1192_4' <Predicate = true> <Delay = 0.00>
ST_7 : Operation 223 [1/1] (2.95ns)   --->   "%mul_ln1192_3 = mul i34 %sext_ln1192_4, %sext_ln1192_7" [firmware/myproject.cpp:51]   --->   Operation 223 'mul' 'mul_ln1192_3' <Predicate = true> <Delay = 2.95> <Core = "Mul">   --->   Core 16 'Mul' <Latency = 0> <II = 1> <Delay = 3.24> <FuncUnit> <Opcode : 'mul'> <InPorts = 2> <OutPorts = 1>
ST_7 : Operation 224 [1/4] (2.82ns)   --->   "%p_Val2_8 = call fastcc i6 @"sin_lut<ap_fixed<10, 6, 5, 3, 0> >"(i10 %trunc_ln708_4)" [firmware/myproject.cpp:52]   --->   Operation 224 'call' 'p_Val2_8' <Predicate = true> <Delay = 2.82> <CoreType = "Generic">   --->   Core 0 '' <Latency = 0> <II = 1> <Delay = 1.00> <Generic> <Opcode : >
ST_7 : Operation 225 [1/1] (0.00ns)   --->   "%sext_ln1192_15 = sext i32 %mul_ln1192_6 to i42" [firmware/myproject.cpp:53]   --->   Operation 225 'sext' 'sext_ln1192_15' <Predicate = true> <Delay = 0.00>
ST_7 : Operation 226 [1/1] (0.00ns)   --->   "%sext_ln1116_3 = sext i6 %p_5 to i12" [firmware/myproject.cpp:53]   --->   Operation 226 'sext' 'sext_ln1116_3' <Predicate = true> <Delay = 0.00>
ST_7 : Operation 227 [1/1] (1.23ns)   --->   "%r_V_10 = mul i12 %sext_ln1116_3, %sext_ln1116_3" [firmware/myproject.cpp:53]   --->   Operation 227 'mul' 'r_V_10' <Predicate = true> <Delay = 1.23> <Core = "Mul">   --->   Core 16 'Mul' <Latency = 0> <II = 1> <Delay = 3.24> <FuncUnit> <Opcode : 'mul'> <InPorts = 2> <OutPorts = 1>
ST_7 : Operation 228 [1/1] (0.00ns)   --->   "%sext_ln1192_9 = sext i12 %r_V_10 to i42" [firmware/myproject.cpp:53]   --->   Operation 228 'sext' 'sext_ln1192_9' <Predicate = true> <Delay = 0.00>
ST_7 : Operation 229 [1/1] (3.09ns)   --->   "%mul_ln1192_8 = mul i42 %sext_ln1192_9, %sext_ln1192_15" [firmware/myproject.cpp:53]   --->   Operation 229 'mul' 'mul_ln1192_8' <Predicate = true> <Delay = 3.09> <Core = "Mul">   --->   Core 16 'Mul' <Latency = 0> <II = 1> <Delay = 3.24> <FuncUnit> <Opcode : 'mul'> <InPorts = 2> <OutPorts = 1>
ST_7 : Operation 230 [1/4] (2.84ns)   --->   "%p_6 = call fastcc i6 @"cos_lut<ap_fixed<10, 6, 5, 3, 0> >"(i10 %trunc_ln708_6)" [firmware/myproject.cpp:53]   --->   Operation 230 'call' 'p_6' <Predicate = true> <Delay = 2.84> <CoreType = "Generic">   --->   Core 0 '' <Latency = 0> <II = 1> <Delay = 1.00> <Generic> <Opcode : >
ST_7 : Operation 231 [1/1] (0.00ns)   --->   "%sext_ln1116_4 = sext i6 %p_6 to i12" [firmware/myproject.cpp:53]   --->   Operation 231 'sext' 'sext_ln1116_4' <Predicate = true> <Delay = 0.00>
ST_7 : Operation 232 [1/1] (1.23ns)   --->   "%r_V_11 = mul i12 %sext_ln1116_4, %sext_ln1116_4" [firmware/myproject.cpp:53]   --->   Operation 232 'mul' 'r_V_11' <Predicate = true> <Delay = 1.23> <Core = "Mul">   --->   Core 16 'Mul' <Latency = 0> <II = 1> <Delay = 3.24> <FuncUnit> <Opcode : 'mul'> <InPorts = 2> <OutPorts = 1>
ST_7 : Operation 233 [1/1] (0.00ns)   --->   "%sext_ln1116_8 = sext i6 %p_10 to i12" [firmware/myproject.cpp:54]   --->   Operation 233 'sext' 'sext_ln1116_8' <Predicate = true> <Delay = 0.00>
ST_7 : Operation 234 [1/1] (1.23ns)   --->   "%r_V_15 = mul i12 %sext_ln1116_8, %sext_ln1116_8" [firmware/myproject.cpp:54]   --->   Operation 234 'mul' 'r_V_15' <Predicate = true> <Delay = 1.23> <Core = "Mul">   --->   Core 16 'Mul' <Latency = 0> <II = 1> <Delay = 3.24> <FuncUnit> <Opcode : 'mul'> <InPorts = 2> <OutPorts = 1>
ST_7 : Operation 235 [1/1] (0.00ns)   --->   "%sext_ln1192_11 = sext i26 %r_V_14 to i38" [firmware/myproject.cpp:54]   --->   Operation 235 'sext' 'sext_ln1192_11' <Predicate = true> <Delay = 0.00>
ST_7 : Operation 236 [1/1] (0.00ns)   --->   "%sext_ln1192_12 = sext i12 %r_V_15 to i38" [firmware/myproject.cpp:54]   --->   Operation 236 'sext' 'sext_ln1192_12' <Predicate = true> <Delay = 0.00>
ST_7 : Operation 237 [1/1] (2.53ns) (root node of the DSP)   --->   "%mul_ln1192_11 = mul i38 %sext_ln1192_12, %sext_ln1192_11" [firmware/myproject.cpp:54]   --->   Operation 237 'mul' 'mul_ln1192_11' <Predicate = true> <Delay = 2.53> <Core = "DSP48">   --->   Core 88 'DSP48' <Latency = 0> <II = 1> <Delay = 2.53> <IPBlock> <Opcode : 'mul' 'add' 'sub' 'select'> <InPorts = 2> <OutPorts = 1> <Sync> <CReg>
ST_7 : Operation 238 [1/1] (0.00ns)   --->   "%sext_ln1116_9 = sext i6 %p_11 to i12" [firmware/myproject.cpp:54]   --->   Operation 238 'sext' 'sext_ln1116_9' <Predicate = true> <Delay = 0.00>
ST_7 : Operation 239 [1/1] (1.23ns)   --->   "%r_V_18 = mul i12 %sext_ln1116_9, %sext_ln1116_9" [firmware/myproject.cpp:54]   --->   Operation 239 'mul' 'r_V_18' <Predicate = true> <Delay = 1.23> <Core = "Mul">   --->   Core 16 'Mul' <Latency = 0> <II = 1> <Delay = 3.24> <FuncUnit> <Opcode : 'mul'> <InPorts = 2> <OutPorts = 1>

State 8 <SV = 7> <Delay = 4.18>
ST_8 : Operation 240 [1/1] (0.00ns)   --->   "%sext_ln1192_5 = sext i6 %p_9 to i34" [firmware/myproject.cpp:51]   --->   Operation 240 'sext' 'sext_ln1192_5' <Predicate = true> <Delay = 0.00>
ST_8 : Operation 241 [1/1] (3.12ns)   --->   "%mul_ln1192_4 = mul i34 %sext_ln1192_5, %mul_ln1192_3" [firmware/myproject.cpp:51]   --->   Operation 241 'mul' 'mul_ln1192_4' <Predicate = true> <Delay = 3.12> <Core = "Mul">   --->   Core 16 'Mul' <Latency = 0> <II = 1> <Delay = 3.24> <FuncUnit> <Opcode : 'mul'> <InPorts = 2> <OutPorts = 1>
ST_8 : Operation 242 [1/1] (0.00ns)   --->   "%sext_ln1192_10 = sext i12 %r_V_11 to i42" [firmware/myproject.cpp:53]   --->   Operation 242 'sext' 'sext_ln1192_10' <Predicate = true> <Delay = 0.00>
ST_8 : Operation 243 [1/1] (3.53ns)   --->   "%mul_ln1192_9 = mul i42 %sext_ln1192_10, %mul_ln1192_8" [firmware/myproject.cpp:53]   --->   Operation 243 'mul' 'mul_ln1192_9' <Predicate = true> <Delay = 3.53> <Core = "Mul">   --->   Core 16 'Mul' <Latency = 0> <II = 1> <Delay = 3.24> <FuncUnit> <Opcode : 'mul'> <InPorts = 2> <OutPorts = 1>
ST_8 : Operation 244 [1/1] (0.00ns)   --->   "%sext_ln1192_13 = sext i12 %r_V_18 to i38" [firmware/myproject.cpp:54]   --->   Operation 244 'sext' 'sext_ln1192_13' <Predicate = true> <Delay = 0.00>
ST_8 : Operation 245 [1/1] (3.24ns)   --->   "%mul_ln1192_12 = mul i38 %sext_ln1192_13, %mul_ln1192_11" [firmware/myproject.cpp:54]   --->   Operation 245 'mul' 'mul_ln1192_12' <Predicate = true> <Delay = 3.24> <Core = "Mul">   --->   Core 16 'Mul' <Latency = 0> <II = 1> <Delay = 3.24> <FuncUnit> <Opcode : 'mul'> <InPorts = 2> <OutPorts = 1>
ST_8 : Operation 246 [1/1] (0.94ns)   --->   "%ret_V_40 = add i38 -4294967296, %mul_ln1192_12" [firmware/myproject.cpp:54]   --->   Operation 246 'add' 'ret_V_40' <Predicate = true> <Delay = 0.94> <Core = "AddSub">   --->   Core 14 'AddSub' <Latency = 0> <II = 1> <Delay = 0.94> <FuncUnit> <Opcode : 'add' 'sub'> <InPorts = 2> <OutPorts = 1>
ST_8 : Operation 247 [1/1] (0.00ns)   --->   "%trunc_ln708_10 = call i10 @_ssdm_op_PartSelect.i10.i38.i32.i32(i38 %ret_V_40, i32 28, i32 37)" [firmware/myproject.cpp:54]   --->   Operation 247 'partselect' 'trunc_ln708_10' <Predicate = true> <Delay = 0.00>

State 9 <SV = 8> <Delay = 4.02>
ST_9 : Operation 248 [1/1] (0.00ns)   --->   "call void (...)* @_ssdm_op_SpecBitsMap(i10* %y_4_V), !map !204"   --->   Operation 248 'specbitsmap' <Predicate = true> <Delay = 0.00>
ST_9 : Operation 249 [1/1] (0.00ns)   --->   "call void (...)* @_ssdm_op_SpecBitsMap(i10* %y_3_V), !map !210"   --->   Operation 249 'specbitsmap' <Predicate = true> <Delay = 0.00>
ST_9 : Operation 250 [1/1] (0.00ns)   --->   "call void (...)* @_ssdm_op_SpecBitsMap(i10* %y_2_V), !map !216"   --->   Operation 250 'specbitsmap' <Predicate = true> <Delay = 0.00>
ST_9 : Operation 251 [1/1] (0.00ns)   --->   "call void (...)* @_ssdm_op_SpecBitsMap(i10* %y_1_V), !map !222"   --->   Operation 251 'specbitsmap' <Predicate = true> <Delay = 0.00>
ST_9 : Operation 252 [1/1] (0.00ns)   --->   "call void (...)* @_ssdm_op_SpecBitsMap(i10* %y_0_V), !map !228"   --->   Operation 252 'specbitsmap' <Predicate = true> <Delay = 0.00>
ST_9 : Operation 253 [1/1] (0.00ns)   --->   "call void (...)* @_ssdm_op_SpecBitsMap(i160* %x_V), !map !234"   --->   Operation 253 'specbitsmap' <Predicate = true> <Delay = 0.00>
ST_9 : Operation 254 [1/1] (0.00ns)   --->   "call void (...)* @_ssdm_op_SpecTopModule([10 x i8]* @myproject_str) nounwind"   --->   Operation 254 'spectopmodule' <Predicate = true> <Delay = 0.00>
ST_9 : Operation 255 [1/1] (0.00ns)   --->   "call void (...)* @_ssdm_op_SpecInterface(i160* %x_V, [7 x i8]* @p_str2, i32 0, i32 0, [1 x i8]* @p_str1, i32 0, i32 0, [1 x i8]* @p_str1, [1 x i8]* @p_str1, [1 x i8]* @p_str1, i32 0, i32 0, i32 0, i32 0, [1 x i8]* @p_str1, [1 x i8]* @p_str1) nounwind"   --->   Operation 255 'specinterface' <Predicate = true> <Delay = 0.00>
ST_9 : Operation 256 [1/1] (0.00ns)   --->   "call void (...)* @_ssdm_op_SpecInterface(i10* %y_0_V, i10* %y_1_V, i10* %y_2_V, i10* %y_3_V, i10* %y_4_V, [7 x i8]* @p_str2, i32 0, i32 0, [1 x i8]* @p_str1, i32 0, i32 0, [1 x i8]* @p_str1, [1 x i8]* @p_str1, [1 x i8]* @p_str1, i32 0, i32 0, i32 0, i32 0, [1 x i8]* @p_str1, [1 x i8]* @p_str1) nounwind" [firmware/myproject.cpp:32]   --->   Operation 256 'specinterface' <Predicate = true> <Delay = 0.00>
ST_9 : Operation 257 [1/1] (0.00ns)   --->   "call void (...)* @_ssdm_op_SpecPipeline(i32 -1, i32 1, i32 1, i32 0, [1 x i8]* @p_str1) nounwind" [firmware/myproject.cpp:33]   --->   Operation 257 'specpipeline' <Predicate = true> <Delay = 0.00>
ST_9 : Operation 258 [1/1] (0.00ns)   --->   "call void @_ssdm_op_Write.ap_vld.i10P(i10* %y_0_V, i10 %trunc_ln708_1)" [firmware/myproject.cpp:50]   --->   Operation 258 'write' <Predicate = true> <Delay = 0.00>
ST_9 : Operation 259 [1/1] (0.00ns)   --->   "%sext_ln1192_6 = sext i6 %p_3 to i34" [firmware/myproject.cpp:51]   --->   Operation 259 'sext' 'sext_ln1192_6' <Predicate = true> <Delay = 0.00>
ST_9 : Operation 260 [1/1] (3.12ns)   --->   "%mul_ln1192_5 = mul i34 %sext_ln1192_6, %mul_ln1192_4" [firmware/myproject.cpp:51]   --->   Operation 260 'mul' 'mul_ln1192_5' <Predicate = true> <Delay = 3.12> <Core = "Mul">   --->   Core 16 'Mul' <Latency = 0> <II = 1> <Delay = 3.24> <FuncUnit> <Opcode : 'mul'> <InPorts = 2> <OutPorts = 1>
ST_9 : Operation 261 [1/1] (0.90ns)   --->   "%ret_V_30 = add i34 -234881024, %mul_ln1192_5" [firmware/myproject.cpp:51]   --->   Operation 261 'add' 'ret_V_30' <Predicate = true> <Delay = 0.90> <Core = "AddSub">   --->   Core 14 'AddSub' <Latency = 0> <II = 1> <Delay = 0.94> <FuncUnit> <Opcode : 'add' 'sub'> <InPorts = 2> <OutPorts = 1>
ST_9 : Operation 262 [1/1] (0.00ns)   --->   "%trunc_ln708_3 = call i10 @_ssdm_op_PartSelect.i10.i34.i32.i32(i34 %ret_V_30, i32 24, i32 33)" [firmware/myproject.cpp:51]   --->   Operation 262 'partselect' 'trunc_ln708_3' <Predicate = true> <Delay = 0.00>
ST_9 : Operation 263 [1/1] (0.00ns)   --->   "call void @_ssdm_op_Write.ap_vld.i10P(i10* %y_1_V, i10 %trunc_ln708_3)" [firmware/myproject.cpp:51]   --->   Operation 263 'write' <Predicate = true> <Delay = 0.00>
ST_9 : Operation 264 [1/1] (0.00ns)   --->   "%sext_ln203 = sext i6 %p_Val2_8 to i10" [firmware/myproject.cpp:52]   --->   Operation 264 'sext' 'sext_ln203' <Predicate = true> <Delay = 0.00>
ST_9 : Operation 265 [1/1] (0.00ns)   --->   "call void @_ssdm_op_Write.ap_vld.i10P(i10* %y_2_V, i10 %sext_ln203)" [firmware/myproject.cpp:52]   --->   Operation 265 'write' <Predicate = true> <Delay = 0.00>
ST_9 : Operation 266 [1/1] (0.96ns)   --->   "%ret_V_36 = add i42 -68719476736, %mul_ln1192_9" [firmware/myproject.cpp:53]   --->   Operation 266 'add' 'ret_V_36' <Predicate = true> <Delay = 0.96> <Core = "AddSub">   --->   Core 14 'AddSub' <Latency = 0> <II = 1> <Delay = 0.94> <FuncUnit> <Opcode : 'add' 'sub'> <InPorts = 2> <OutPorts = 1>
ST_9 : Operation 267 [1/1] (0.00ns)   --->   "%trunc_ln708_7 = call i10 @_ssdm_op_PartSelect.i10.i42.i32.i32(i42 %ret_V_36, i32 32, i32 41)" [firmware/myproject.cpp:53]   --->   Operation 267 'partselect' 'trunc_ln708_7' <Predicate = true> <Delay = 0.00>
ST_9 : Operation 268 [1/1] (0.00ns)   --->   "call void @_ssdm_op_Write.ap_vld.i10P(i10* %y_3_V, i10 %trunc_ln708_7)" [firmware/myproject.cpp:53]   --->   Operation 268 'write' <Predicate = true> <Delay = 0.00>
ST_9 : Operation 269 [1/1] (0.00ns)   --->   "call void @_ssdm_op_Write.ap_vld.i10P(i10* %y_4_V, i10 %trunc_ln708_10)" [firmware/myproject.cpp:54]   --->   Operation 269 'write' <Predicate = true> <Delay = 0.00>
ST_9 : Operation 270 [1/1] (0.00ns)   --->   "ret void" [firmware/myproject.cpp:56]   --->   Operation 270 'ret' <Predicate = true> <Delay = 0.00>


============================================================
+ Verbose Summary: Timing violations
============================================================
Target clock period: 5ns, clock uncertainty: 0.625ns.

 <State 1>: 3.26ns
The critical path consists of the following:
	wire read on port 'x_V' (firmware/myproject.cpp:50) [21]  (0 ns)
	'sub' operation ('sub_ln703_1', firmware/myproject.cpp:51) [73]  (0.725 ns)
	'call' operation ('p_4', firmware/myproject.cpp:51) to 'cos_lut<ap_fixed<10, 6, 5, 3, 0> >' [74]  (2.53 ns)

 <State 2>: 4.34ns
The critical path consists of the following:
	'call' operation ('p_Val2_s', firmware/myproject.cpp:51) to 'cos_lut<ap_fixed<10, 6, 5, 3, 0> >' [69]  (4.34 ns)

 <State 3>: 4.34ns
The critical path consists of the following:
	'call' operation ('p_Val2_s', firmware/myproject.cpp:51) to 'cos_lut<ap_fixed<10, 6, 5, 3, 0> >' [69]  (4.34 ns)

 <State 4>: 4.34ns
The critical path consists of the following:
	'call' operation ('p_0', firmware/myproject.cpp:50) to 'sin_lut<ap_fixed<10, 6, 5, 3, 0> >' [33]  (4.34 ns)

 <State 5>: 4.34ns
The critical path consists of the following:
	'call' operation ('p_0', firmware/myproject.cpp:50) to 'sin_lut<ap_fixed<10, 6, 5, 3, 0> >' [33]  (4.34 ns)

 <State 6>: 4.34ns
The critical path consists of the following:
	'call' operation ('p_Val2_8', firmware/myproject.cpp:52) to 'sin_lut<ap_fixed<10, 6, 5, 3, 0> >' [127]  (4.34 ns)

 <State 7>: 4.33ns
The critical path consists of the following:
	'mul' operation ('r.V', firmware/myproject.cpp:53) [157]  (1.23 ns)
	'mul' operation ('mul_ln1192_8', firmware/myproject.cpp:53) [159]  (3.1 ns)

 <State 8>: 4.18ns
The critical path consists of the following:
	'mul' operation ('mul_ln1192_12', firmware/myproject.cpp:54) [210]  (3.24 ns)
	'add' operation ('ret.V', firmware/myproject.cpp:54) [211]  (0.943 ns)

 <State 9>: 4.02ns
The critical path consists of the following:
	'mul' operation ('mul_ln1192_5', firmware/myproject.cpp:51) [113]  (3.12 ns)
	'add' operation ('ret.V', firmware/myproject.cpp:51) [114]  (0.901 ns)


============================================================
+ Verbose Summary: Binding
============================================================
N/A
* FSMD analyzer results:
  - Output states:
 - Input state : 
  - Chain level:
	State 1
	State 2
	State 3
	State 4
	State 5
	State 6
	State 7
	State 8
	State 9


============================================================
+ Verbose Summary: Datapath Resource usage 
============================================================
N/A
