

================================================================
== Vivado HLS Report for 'myproject'
================================================================
* Date:           Thu Feb 23 14:20:15 2023

* Version:        2020.1 (Build 2897737 on Wed May 27 20:21:37 MDT 2020)
* Project:        myproject_prj
* Solution:       solution1
* Product family: virtexuplus
* Target device:  xcvu9p-flga2577-2-e


================================================================
== Performance Estimates
================================================================
+ Timing: 
    * Summary: 
    +--------+---------+----------+------------+
    |  Clock |  Target | Estimated| Uncertainty|
    +--------+---------+----------+------------+
    |ap_clk  | 5.00 ns | 4.339 ns |   0.62 ns  |
    +--------+---------+----------+------------+

+ Latency: 
    * Summary: 
    +---------+---------+-----------+-----------+-----+-----+----------+
    |  Latency (cycles) |   Latency (absolute)  |  Interval | Pipeline |
    |   min   |   max   |    min    |    max    | min | max |   Type   |
    +---------+---------+-----------+-----------+-----+-----+----------+
    |        8|        8| 40.000 ns | 40.000 ns |    1|    1| function |
    +---------+---------+-----------+-----------+-----+-----+----------+

    + Detail: 
        * Instance: 
        N/A

        * Loop: 
        N/A

============================================================
+ Verbose Summary: Synthesis Manager
============================================================
InlineROM: 1
ExposeGlobal: 0
============================================================
+ Verbose Summary: CDFG Model
============================================================
IsTopModel: 1
ResetActiveHigh: 1
IsCombinational: 0
IsDatapathOnly: 0
HasWiredReturn: 1
HasMFsm: 2
HasVarLatency: 0
IsPipeline: 1
IsRtlPipelined: 1
IsInstanceOverlapped: 0
IsDontTouch: 0
HasImplIP: 0
IsGatedGlobalClock: 0

+ Individual pipeline summary: 
  * Pipeline-0: initiation interval (II) = 1, depth = 9


============================================================
+ Verbose Summary: Schedule
============================================================
* Number of FSM states : 9
* Pipeline : 1
  Pipeline-0 : II = 1, D = 9, States = { 1 2 3 4 5 6 7 8 9 }
* Dataflow Pipeline: 0

* FSM state transitions: 
1 --> 2 
2 --> 3 
3 --> 4 
4 --> 5 
5 --> 6 
6 --> 7 
7 --> 8 
8 --> 9 
9 --> 

* FSM state operations: 

State 1 <SV = 0> <Delay = 4.09>
ST_1 : Operation 10 [1/1] (0.00ns)   --->   "%x_V_read = call i128 @_ssdm_op_Read.ap_vld.i128P(i128* %x_V)" [firmware/myproject.cpp:50]   --->   Operation 10 'read' 'x_V_read' <Predicate = true> <Delay = 0.00>
ST_1 : Operation 11 [1/1] (0.00ns)   --->   "%p_Val2_8 = call i8 @_ssdm_op_PartSelect.i8.i128.i32.i32(i128 %x_V_read, i32 24, i32 31)" [firmware/myproject.cpp:50]   --->   Operation 11 'partselect' 'p_Val2_8' <Predicate = true> <Delay = 0.00>
ST_1 : Operation 12 [1/1] (0.00ns)   --->   "%r_V_9 = call i9 @_ssdm_op_BitConcatenate.i9.i8.i1(i8 %p_Val2_8, i1 false)" [firmware/myproject.cpp:50]   --->   Operation 12 'bitconcatenate' 'r_V_9' <Predicate = true> <Delay = 0.00>
ST_1 : Operation 13 [1/1] (0.00ns)   --->   "%p_Val2_s = call i8 @_ssdm_op_PartSelect.i8.i128.i32.i32(i128 %x_V_read, i32 112, i32 119)" [firmware/myproject.cpp:50]   --->   Operation 13 'partselect' 'p_Val2_s' <Predicate = true> <Delay = 0.00>
ST_1 : Operation 14 [1/1] (0.00ns)   --->   "%lhs_V = call i10 @_ssdm_op_BitConcatenate.i10.i8.i2(i8 %p_Val2_s, i2 0)" [firmware/myproject.cpp:50]   --->   Operation 14 'bitconcatenate' 'lhs_V' <Predicate = true> <Delay = 0.00>
ST_1 : Operation 15 [1/1] (0.00ns)   --->   "%sext_ln1193 = sext i9 %r_V_9 to i10" [firmware/myproject.cpp:50]   --->   Operation 15 'sext' 'sext_ln1193' <Predicate = true> <Delay = 0.00>
ST_1 : Operation 16 [1/1] (0.72ns)   --->   "%ret_V_21 = sub i10 %lhs_V, %sext_ln1193" [firmware/myproject.cpp:50]   --->   Operation 16 'sub' 'ret_V_21' <Predicate = true> <Delay = 0.72> <Core = "AddSub">   --->   Core 14 'AddSub' <Latency = 0> <II = 1> <Delay = 0.70> <FuncUnit> <Opcode : 'add' 'sub'> <InPorts = 2> <OutPorts = 1>
ST_1 : Operation 17 [1/1] (0.00ns)   --->   "%trunc_ln = call i8 @_ssdm_op_PartSelect.i8.i10.i32.i32(i10 %ret_V_21, i32 2, i32 9)" [firmware/myproject.cpp:50]   --->   Operation 17 'partselect' 'trunc_ln' <Predicate = true> <Delay = 0.00>
ST_1 : Operation 18 [5/5] (2.53ns)   --->   "%p_s = call fastcc i4 @"sin_lut<ap_fixed<8, 6, 5, 3, 0> >"(i8 %trunc_ln)" [firmware/myproject.cpp:50]   --->   Operation 18 'call' 'p_s' <Predicate = true> <Delay = 2.53> <CoreType = "Generic">   --->   Core 0 '' <Latency = 0> <II = 1> <Delay = 1.00> <Generic> <Opcode : >
ST_1 : Operation 19 [1/1] (0.00ns)   --->   "%p_Val2_1 = call i8 @_ssdm_op_PartSelect.i8.i128.i32.i32(i128 %x_V_read, i32 32, i32 39)" [firmware/myproject.cpp:50]   --->   Operation 19 'partselect' 'p_Val2_1' <Predicate = true> <Delay = 0.00>
ST_1 : Operation 20 [1/1] (0.00ns)   --->   "%sext_ln1118 = sext i8 %p_Val2_1 to i12" [firmware/myproject.cpp:50]   --->   Operation 20 'sext' 'sext_ln1118' <Predicate = true> <Delay = 0.00>
ST_1 : Operation 21 [1/1] (0.00ns)   --->   "%tmp_8 = call i8 @_ssdm_op_PartSelect.i8.i128.i32.i32(i128 %x_V_read, i32 16, i32 23)" [firmware/myproject.cpp:50]   --->   Operation 21 'partselect' 'tmp_8' <Predicate = true> <Delay = 0.00>
ST_1 : Operation 22 [1/1] (0.00ns)   --->   "%sext_ln1192 = sext i8 %tmp_8 to i12" [firmware/myproject.cpp:50]   --->   Operation 22 'sext' 'sext_ln1192' <Predicate = true> <Delay = 0.00>
ST_1 : Operation 23 [1/1] (1.55ns)   --->   "%mul_ln1192 = mul i12 %sext_ln1118, %sext_ln1118" [firmware/myproject.cpp:50]   --->   Operation 23 'mul' 'mul_ln1192' <Predicate = true> <Delay = 1.55> <Core = "Mul">   --->   Core 16 'Mul' <Latency = 0> <II = 1> <Delay = 0.78> <FuncUnit> <Opcode : 'mul'> <InPorts = 2> <OutPorts = 1>
ST_1 : Operation 24 [1/1] (0.49ns) (grouped into DSP with root node ret_V_22)   --->   "%mul_ln1192_1 = mul i12 %sext_ln1192, %mul_ln1192" [firmware/myproject.cpp:50]   --->   Operation 24 'mul' 'mul_ln1192_1' <Predicate = true> <Delay = 0.49> <Core = "DSP48">   --->   Core 88 'DSP48' <Latency = 0> <II = 1> <Delay = 2.53> <IPBlock> <Opcode : 'mul' 'add' 'sub' 'select'> <InPorts = 2> <OutPorts = 1> <Sync> <CReg>
ST_1 : Operation 25 [1/1] (0.00ns)   --->   "%p_Val2_2 = call i8 @_ssdm_op_PartSelect.i8.i128.i32.i32(i128 %x_V_read, i32 120, i32 127)" [firmware/myproject.cpp:50]   --->   Operation 25 'partselect' 'p_Val2_2' <Predicate = true> <Delay = 0.00>
ST_1 : Operation 26 [1/1] (0.00ns)   --->   "%lhs_V_1 = call i12 @_ssdm_op_BitConcatenate.i12.i8.i4(i8 %p_Val2_2, i4 0)" [firmware/myproject.cpp:50]   --->   Operation 26 'bitconcatenate' 'lhs_V_1' <Predicate = true> <Delay = 0.00>
ST_1 : Operation 27 [1/1] (2.03ns) (root node of the DSP)   --->   "%ret_V_22 = add i12 %mul_ln1192_1, %lhs_V_1" [firmware/myproject.cpp:50]   --->   Operation 27 'add' 'ret_V_22' <Predicate = true> <Delay = 2.03> <Core = "DSP48">   --->   Core 88 'DSP48' <Latency = 0> <II = 1> <Delay = 2.53> <IPBlock> <Opcode : 'mul' 'add' 'sub' 'select'> <InPorts = 2> <OutPorts = 1> <Sync> <CReg>
ST_1 : Operation 28 [1/1] (0.00ns)   --->   "%trunc_ln708_1 = call i8 @_ssdm_op_PartSelect.i8.i12.i32.i32(i12 %ret_V_22, i32 4, i32 11)" [firmware/myproject.cpp:50]   --->   Operation 28 'partselect' 'trunc_ln708_1' <Predicate = true> <Delay = 0.00>
ST_1 : Operation 29 [1/1] (0.00ns)   --->   "%sext_ln1192_4 = sext i8 %tmp_8 to i10" [firmware/myproject.cpp:50]   --->   Operation 29 'sext' 'sext_ln1192_4' <Predicate = true> <Delay = 0.00>
ST_1 : Operation 30 [1/1] (1.55ns)   --->   "%mul_ln1192_2 = mul i10 %sext_ln1192_4, %sext_ln1192_4" [firmware/myproject.cpp:51]   --->   Operation 30 'mul' 'mul_ln1192_2' <Predicate = true> <Delay = 1.55> <Core = "Mul">   --->   Core 16 'Mul' <Latency = 0> <II = 1> <Delay = 0.78> <FuncUnit> <Opcode : 'mul'> <InPorts = 2> <OutPorts = 1>
ST_1 : Operation 31 [1/1] (0.00ns)   --->   "%tmp_9 = call i7 @_ssdm_op_PartSelect.i7.i128.i32.i32(i128 %x_V_read, i32 24, i32 30)" [firmware/myproject.cpp:51]   --->   Operation 31 'partselect' 'tmp_9' <Predicate = true> <Delay = 0.00>
ST_1 : Operation 32 [1/1] (0.00ns)   --->   "%r_V_s = call i10 @_ssdm_op_BitConcatenate.i10.i7.i3(i7 %tmp_9, i3 0)" [firmware/myproject.cpp:51]   --->   Operation 32 'bitconcatenate' 'r_V_s' <Predicate = true> <Delay = 0.00>
ST_1 : Operation 33 [1/1] (0.72ns)   --->   "%add_ln1192_7 = add i10 -4, %r_V_s" [firmware/myproject.cpp:51]   --->   Operation 33 'add' 'add_ln1192_7' <Predicate = true> <Delay = 0.72> <Core = "AddSub">   --->   Core 14 'AddSub' <Latency = 0> <II = 1> <Delay = 0.70> <FuncUnit> <Opcode : 'add' 'sub'> <InPorts = 2> <OutPorts = 1>
ST_1 : Operation 34 [1/1] (0.00ns)   --->   "%trunc_ln708_5 = call i8 @_ssdm_op_PartSelect.i8.i10.i32.i32(i10 %add_ln1192_7, i32 2, i32 9)" [firmware/myproject.cpp:51]   --->   Operation 34 'partselect' 'trunc_ln708_5' <Predicate = true> <Delay = 0.00>
ST_1 : Operation 35 [5/5] (2.53ns)   --->   "%p_5 = call fastcc i4 @"sin_lut<ap_fixed<8, 6, 5, 3, 0> >"(i8 %trunc_ln708_5)" [firmware/myproject.cpp:51]   --->   Operation 35 'call' 'p_5' <Predicate = true> <Delay = 2.53> <CoreType = "Generic">   --->   Core 0 '' <Latency = 0> <II = 1> <Delay = 1.00> <Generic> <Opcode : >
ST_1 : Operation 36 [1/1] (0.00ns)   --->   "%sext_ln700_2 = sext i8 %p_Val2_s to i12" [firmware/myproject.cpp:53]   --->   Operation 36 'sext' 'sext_ln700_2' <Predicate = true> <Delay = 0.00>
ST_1 : Operation 37 [1/1] (0.00ns)   --->   "%sext_ln1118_3 = sext i8 %p_Val2_s to i11" [firmware/myproject.cpp:52]   --->   Operation 37 'sext' 'sext_ln1118_3' <Predicate = true> <Delay = 0.00>
ST_1 : Operation 38 [1/1] (0.00ns)   --->   "%r_V_12 = call i9 @_ssdm_op_BitConcatenate.i9.i8.i1(i8 %p_Val2_s, i1 false)" [firmware/myproject.cpp:52]   --->   Operation 38 'bitconcatenate' 'r_V_12' <Predicate = true> <Delay = 0.00>
ST_1 : Operation 39 [1/1] (0.00ns)   --->   "%sext_ln703_3 = sext i9 %r_V_12 to i10" [firmware/myproject.cpp:52]   --->   Operation 39 'sext' 'sext_ln703_3' <Predicate = true> <Delay = 0.00>
ST_1 : Operation 40 [1/1] (0.71ns)   --->   "%ret_V_30 = sub i10 %sext_ln703_3, %sext_ln1193" [firmware/myproject.cpp:52]   --->   Operation 40 'sub' 'ret_V_30' <Predicate = true> <Delay = 0.71> <Core = "AddSub">   --->   Core 14 'AddSub' <Latency = 0> <II = 1> <Delay = 0.70> <FuncUnit> <Opcode : 'add' 'sub'> <InPorts = 2> <OutPorts = 1>
ST_1 : Operation 41 [1/1] (0.00ns)   --->   "%sext_ln1193_1 = sext i10 %ret_V_30 to i11" [firmware/myproject.cpp:52]   --->   Operation 41 'sext' 'sext_ln1193_1' <Predicate = true> <Delay = 0.00>
ST_1 : Operation 42 [1/1] (0.72ns)   --->   "%add_ln1192_13 = add i11 16, %sext_ln1193_1" [firmware/myproject.cpp:52]   --->   Operation 42 'add' 'add_ln1192_13' <Predicate = true> <Delay = 0.72> <Core = "AddSub">   --->   Core 14 'AddSub' <Latency = 0> <II = 1> <Delay = 0.70> <FuncUnit> <Opcode : 'add' 'sub'> <InPorts = 2> <OutPorts = 1>
ST_1 : Operation 43 [1/1] (0.00ns)   --->   "%sext_ln1118_4 = sext i11 %add_ln1192_13 to i16" [firmware/myproject.cpp:52]   --->   Operation 43 'sext' 'sext_ln1118_4' <Predicate = true> <Delay = 0.00>
ST_1 : Operation 44 [1/1] (2.53ns) (root node of the DSP)   --->   "%mul_ln1118 = mul i16 %sext_ln1118_4, %sext_ln1118_4" [firmware/myproject.cpp:52]   --->   Operation 44 'mul' 'mul_ln1118' <Predicate = true> <Delay = 2.53> <Core = "DSP48">   --->   Core 88 'DSP48' <Latency = 0> <II = 1> <Delay = 2.53> <IPBlock> <Opcode : 'mul' 'add' 'sub' 'select'> <InPorts = 2> <OutPorts = 1> <Sync> <CReg>
ST_1 : Operation 45 [1/1] (1.55ns)   --->   "%mul_ln700_1 = mul i12 %sext_ln700_2, %sext_ln700_2" [firmware/myproject.cpp:53]   --->   Operation 45 'mul' 'mul_ln700_1' <Predicate = true> <Delay = 1.55> <Core = "Mul">   --->   Core 16 'Mul' <Latency = 0> <II = 1> <Delay = 0.78> <FuncUnit> <Opcode : 'mul'> <InPorts = 2> <OutPorts = 1>
ST_1 : Operation 46 [1/1] (0.00ns) (grouped into TernaryAdder)   --->   "%add_ln1192_21 = add i10 -28, %r_V_s" [firmware/myproject.cpp:54]   --->   Operation 46 'add' 'add_ln1192_21' <Predicate = true> <Delay = 0.00> <Core = "TAddSub">   --->   Core 83 'TAddSub' <Latency = 0> <II = 1> <Delay = 0.38> <IPBlock> <Opcode : 'add' 'sub'> <InPorts = 3> <OutPorts = 1> <Sync> <CReg>
ST_1 : Operation 47 [1/1] (0.79ns) (root node of TernaryAdder)   --->   "%add_ln1192_22 = add i10 %lhs_V, %add_ln1192_21" [firmware/myproject.cpp:54]   --->   Operation 47 'add' 'add_ln1192_22' <Predicate = true> <Delay = 0.79> <Core = "TAddSub">   --->   Core 83 'TAddSub' <Latency = 0> <II = 1> <Delay = 0.38> <IPBlock> <Opcode : 'add' 'sub'> <InPorts = 3> <OutPorts = 1> <Sync> <CReg>
ST_1 : Operation 48 [1/1] (0.00ns)   --->   "%trunc_ln708_10 = call i8 @_ssdm_op_PartSelect.i8.i10.i32.i32(i10 %add_ln1192_22, i32 2, i32 9)" [firmware/myproject.cpp:54]   --->   Operation 48 'partselect' 'trunc_ln708_10' <Predicate = true> <Delay = 0.00>
ST_1 : Operation 49 [5/5] (2.53ns)   --->   "%p_1 = call fastcc i4 @"sin_lut<ap_fixed<8, 6, 5, 3, 0> >"(i8 %trunc_ln708_10)" [firmware/myproject.cpp:54]   --->   Operation 49 'call' 'p_1' <Predicate = true> <Delay = 2.53> <CoreType = "Generic">   --->   Core 0 '' <Latency = 0> <II = 1> <Delay = 1.00> <Generic> <Opcode : >
ST_1 : Operation 50 [1/1] (0.00ns)   --->   "%sext_ln1118_5 = sext i10 %lhs_V to i11" [firmware/myproject.cpp:54]   --->   Operation 50 'sext' 'sext_ln1118_5' <Predicate = true> <Delay = 0.00>
ST_1 : Operation 51 [1/1] (0.00ns) (grouped into TernaryAdder)   --->   "%r_V_16 = sub i11 %sext_ln1118_5, %sext_ln1118_3" [firmware/myproject.cpp:54]   --->   Operation 51 'sub' 'r_V_16' <Predicate = true> <Delay = 0.00> <Core = "TAddSub">   --->   Core 83 'TAddSub' <Latency = 0> <II = 1> <Delay = 0.38> <IPBlock> <Opcode : 'add' 'sub'> <InPorts = 3> <OutPorts = 1> <Sync> <CReg>
ST_1 : Operation 52 [1/1] (0.77ns) (root node of TernaryAdder)   --->   "%add_ln1192_23 = add i11 16, %r_V_16" [firmware/myproject.cpp:54]   --->   Operation 52 'add' 'add_ln1192_23' <Predicate = true> <Delay = 0.77> <Core = "TAddSub">   --->   Core 83 'TAddSub' <Latency = 0> <II = 1> <Delay = 0.38> <IPBlock> <Opcode : 'add' 'sub'> <InPorts = 3> <OutPorts = 1> <Sync> <CReg>
ST_1 : Operation 53 [1/1] (0.00ns)   --->   "%sext_ln1118_6 = sext i11 %add_ln1192_23 to i16" [firmware/myproject.cpp:54]   --->   Operation 53 'sext' 'sext_ln1118_6' <Predicate = true> <Delay = 0.00>
ST_1 : Operation 54 [1/1] (2.53ns) (root node of the DSP)   --->   "%mul_ln1118_3 = mul i16 %sext_ln1118_6, %sext_ln1118_6" [firmware/myproject.cpp:54]   --->   Operation 54 'mul' 'mul_ln1118_3' <Predicate = true> <Delay = 2.53> <Core = "DSP48">   --->   Core 88 'DSP48' <Latency = 0> <II = 1> <Delay = 2.53> <IPBlock> <Opcode : 'mul' 'add' 'sub' 'select'> <InPorts = 2> <OutPorts = 1> <Sync> <CReg>
ST_1 : Operation 55 [1/1] (0.00ns) (grouped into LUT with out node r_V_17)   --->   "%shl_ln1118_1 = shl i16 %mul_ln1118_3, 4" [firmware/myproject.cpp:54]   --->   Operation 55 'shl' 'shl_ln1118_1' <Predicate = true> <Delay = 0.00>
ST_1 : Operation 56 [1/1] (0.00ns) (grouped into LUT with out node r_V_17)   --->   "%shl_ln1118_2 = shl i16 %mul_ln1118_3, 1" [firmware/myproject.cpp:54]   --->   Operation 56 'shl' 'shl_ln1118_2' <Predicate = true> <Delay = 0.00>
ST_1 : Operation 57 [1/1] (0.78ns) (out node of the LUT)   --->   "%r_V_17 = add i16 %shl_ln1118_2, %shl_ln1118_1" [firmware/myproject.cpp:54]   --->   Operation 57 'add' 'r_V_17' <Predicate = true> <Delay = 0.78> <Core = "AddSub">   --->   Core 14 'AddSub' <Latency = 0> <II = 1> <Delay = 0.70> <FuncUnit> <Opcode : 'add' 'sub'> <InPorts = 2> <OutPorts = 1>
ST_1 : Operation 58 [1/1] (0.00ns)   --->   "%trunc_ln708_11 = call i8 @_ssdm_op_PartSelect.i8.i16.i32.i32(i16 %r_V_17, i32 8, i32 15)" [firmware/myproject.cpp:54]   --->   Operation 58 'partselect' 'trunc_ln708_11' <Predicate = true> <Delay = 0.00>

State 2 <SV = 1> <Delay = 4.33>
ST_2 : Operation 59 [4/5] (4.33ns)   --->   "%p_s = call fastcc i4 @"sin_lut<ap_fixed<8, 6, 5, 3, 0> >"(i8 %trunc_ln)" [firmware/myproject.cpp:50]   --->   Operation 59 'call' 'p_s' <Predicate = true> <Delay = 4.33> <CoreType = "Generic">   --->   Core 0 '' <Latency = 0> <II = 1> <Delay = 1.00> <Generic> <Opcode : >
ST_2 : Operation 60 [5/5] (2.53ns)   --->   "%p_Val2_3 = call fastcc i4 @"sin_lut<ap_fixed<8, 6, 5, 3, 0> >"(i8 %trunc_ln708_1)" [firmware/myproject.cpp:50]   --->   Operation 60 'call' 'p_Val2_3' <Predicate = true> <Delay = 2.53> <CoreType = "Generic">   --->   Core 0 '' <Latency = 0> <II = 1> <Delay = 1.00> <Generic> <Opcode : >
ST_2 : Operation 61 [1/1] (0.00ns)   --->   "%sext_ln1192_3 = sext i8 %p_Val2_2 to i10" [firmware/myproject.cpp:50]   --->   Operation 61 'sext' 'sext_ln1192_3' <Predicate = true> <Delay = 0.00>
ST_2 : Operation 62 [1/1] (0.00ns)   --->   "%lhs_V_2 = call i10 @_ssdm_op_BitConcatenate.i10.i8.i2(i8 %p_Val2_2, i2 0)" [firmware/myproject.cpp:50]   --->   Operation 62 'bitconcatenate' 'lhs_V_2' <Predicate = true> <Delay = 0.00>
ST_2 : Operation 63 [1/1] (0.72ns)   --->   "%sub_ln1192_3 = sub i10 %sext_ln1192_3, %lhs_V_2" [firmware/myproject.cpp:50]   --->   Operation 63 'sub' 'sub_ln1192_3' <Predicate = true> <Delay = 0.72> <Core = "AddSub">   --->   Core 14 'AddSub' <Latency = 0> <II = 1> <Delay = 0.70> <FuncUnit> <Opcode : 'add' 'sub'> <InPorts = 2> <OutPorts = 1>
ST_2 : Operation 64 [1/1] (0.00ns)   --->   "%shl_ln1 = call i10 @_ssdm_op_BitConcatenate.i10.i8.i2(i8 %tmp_8, i2 0)" [firmware/myproject.cpp:50]   --->   Operation 64 'bitconcatenate' 'shl_ln1' <Predicate = true> <Delay = 0.00>
ST_2 : Operation 65 [1/1] (0.72ns)   --->   "%sub_ln1192 = sub i10 %shl_ln1, %sext_ln1192_4" [firmware/myproject.cpp:50]   --->   Operation 65 'sub' 'sub_ln1192' <Predicate = true> <Delay = 0.72> <Core = "AddSub">   --->   Core 14 'AddSub' <Latency = 0> <II = 1> <Delay = 0.70> <FuncUnit> <Opcode : 'add' 'sub'> <InPorts = 2> <OutPorts = 1>
ST_2 : Operation 66 [1/1] (0.00ns) (grouped into TernaryAdder)   --->   "%add_ln1192_2 = add i10 %sub_ln1192, %sub_ln1192_3" [firmware/myproject.cpp:50]   --->   Operation 66 'add' 'add_ln1192_2' <Predicate = true> <Delay = 0.00> <Core = "TAddSub">   --->   Core 83 'TAddSub' <Latency = 0> <II = 1> <Delay = 0.38> <IPBlock> <Opcode : 'add' 'sub'> <InPorts = 3> <OutPorts = 1> <Sync> <CReg>
ST_2 : Operation 67 [1/1] (0.79ns) (root node of TernaryAdder)   --->   "%ret_V_24 = add i10 12, %add_ln1192_2" [firmware/myproject.cpp:50]   --->   Operation 67 'add' 'ret_V_24' <Predicate = true> <Delay = 0.79> <Core = "TAddSub">   --->   Core 83 'TAddSub' <Latency = 0> <II = 1> <Delay = 0.38> <IPBlock> <Opcode : 'add' 'sub'> <InPorts = 3> <OutPorts = 1> <Sync> <CReg>
ST_2 : Operation 68 [1/1] (0.00ns)   --->   "%trunc_ln708_2 = call i8 @_ssdm_op_PartSelect.i8.i10.i32.i32(i10 %ret_V_24, i32 2, i32 9)" [firmware/myproject.cpp:50]   --->   Operation 68 'partselect' 'trunc_ln708_2' <Predicate = true> <Delay = 0.00>
ST_2 : Operation 69 [5/5] (2.53ns)   --->   "%p_Val2_4 = call fastcc i4 @"sin_lut<ap_fixed<8, 6, 5, 3, 0> >"(i8 %trunc_ln708_2)" [firmware/myproject.cpp:50]   --->   Operation 69 'call' 'p_Val2_4' <Predicate = true> <Delay = 2.53> <CoreType = "Generic">   --->   Core 0 '' <Latency = 0> <II = 1> <Delay = 1.00> <Generic> <Opcode : >
ST_2 : Operation 70 [5/5] (2.53ns)   --->   "%p_Val2_5 = call fastcc i4 @"sin_lut<ap_fixed<8, 6, 5, 3, 0> >"(i8 %tmp_8)" [firmware/myproject.cpp:51]   --->   Operation 70 'call' 'p_Val2_5' <Predicate = true> <Delay = 2.53> <CoreType = "Generic">   --->   Core 0 '' <Latency = 0> <II = 1> <Delay = 1.00> <Generic> <Opcode : >
ST_2 : Operation 71 [1/1] (0.72ns)   --->   "%add_ln1192_5 = add i10 %mul_ln1192_2, %lhs_V_2" [firmware/myproject.cpp:51]   --->   Operation 71 'add' 'add_ln1192_5' <Predicate = true> <Delay = 0.72> <Core = "AddSub">   --->   Core 14 'AddSub' <Latency = 0> <II = 1> <Delay = 0.70> <FuncUnit> <Opcode : 'add' 'sub'> <InPorts = 2> <OutPorts = 1>
ST_2 : Operation 72 [1/1] (0.00ns)   --->   "%rhs_V_1 = call i10 @_ssdm_op_BitConcatenate.i10.i8.i2(i8 %p_Val2_8, i2 0)" [firmware/myproject.cpp:51]   --->   Operation 72 'bitconcatenate' 'rhs_V_1' <Predicate = true> <Delay = 0.00>
ST_2 : Operation 73 [1/1] (0.00ns) (grouped into TernaryAdder)   --->   "%sub_ln1192_1 = sub i10 %add_ln1192_5, %rhs_V_1" [firmware/myproject.cpp:51]   --->   Operation 73 'sub' 'sub_ln1192_1' <Predicate = true> <Delay = 0.00> <Core = "TAddSub">   --->   Core 83 'TAddSub' <Latency = 0> <II = 1> <Delay = 0.38> <IPBlock> <Opcode : 'add' 'sub'> <InPorts = 3> <OutPorts = 1> <Sync> <CReg>
ST_2 : Operation 74 [1/1] (0.79ns) (root node of TernaryAdder)   --->   "%ret_V_26 = add i10 -28, %sub_ln1192_1" [firmware/myproject.cpp:51]   --->   Operation 74 'add' 'ret_V_26' <Predicate = true> <Delay = 0.79> <Core = "TAddSub">   --->   Core 83 'TAddSub' <Latency = 0> <II = 1> <Delay = 0.38> <IPBlock> <Opcode : 'add' 'sub'> <InPorts = 3> <OutPorts = 1> <Sync> <CReg>
ST_2 : Operation 75 [1/1] (0.00ns)   --->   "%trunc_ln708_4 = call i8 @_ssdm_op_PartSelect.i8.i10.i32.i32(i10 %ret_V_26, i32 2, i32 9)" [firmware/myproject.cpp:51]   --->   Operation 75 'partselect' 'trunc_ln708_4' <Predicate = true> <Delay = 0.00>
ST_2 : Operation 76 [5/5] (2.53ns)   --->   "%p_Val2_s_26 = call fastcc i4 @"sin_lut<ap_fixed<8, 6, 5, 3, 0> >"(i8 %trunc_ln708_4)" [firmware/myproject.cpp:51]   --->   Operation 76 'call' 'p_Val2_s_26' <Predicate = true> <Delay = 2.53> <CoreType = "Generic">   --->   Core 0 '' <Latency = 0> <II = 1> <Delay = 1.00> <Generic> <Opcode : >
ST_2 : Operation 77 [4/5] (4.33ns)   --->   "%p_5 = call fastcc i4 @"sin_lut<ap_fixed<8, 6, 5, 3, 0> >"(i8 %trunc_ln708_5)" [firmware/myproject.cpp:51]   --->   Operation 77 'call' 'p_5' <Predicate = true> <Delay = 4.33> <CoreType = "Generic">   --->   Core 0 '' <Latency = 0> <II = 1> <Delay = 1.00> <Generic> <Opcode : >
ST_2 : Operation 78 [5/5] (2.53ns)   --->   "%p_6 = call fastcc i4 @"sin_lut<ap_fixed<8, 6, 5, 3, 0> >"(i8 %p_Val2_s)" [firmware/myproject.cpp:51]   --->   Operation 78 'call' 'p_6' <Predicate = true> <Delay = 2.53> <CoreType = "Generic">   --->   Core 0 '' <Latency = 0> <II = 1> <Delay = 1.00> <Generic> <Opcode : >
ST_2 : Operation 79 [1/1] (0.72ns)   --->   "%ret_V_28 = add i10 -20, %mul_ln1192_2" [firmware/myproject.cpp:52]   --->   Operation 79 'add' 'ret_V_28' <Predicate = true> <Delay = 0.72> <Core = "AddSub">   --->   Core 14 'AddSub' <Latency = 0> <II = 1> <Delay = 0.70> <FuncUnit> <Opcode : 'add' 'sub'> <InPorts = 2> <OutPorts = 1>
ST_2 : Operation 80 [1/1] (0.00ns)   --->   "%trunc_ln708_7 = call i8 @_ssdm_op_PartSelect.i8.i10.i32.i32(i10 %ret_V_28, i32 2, i32 9)" [firmware/myproject.cpp:52]   --->   Operation 80 'partselect' 'trunc_ln708_7' <Predicate = true> <Delay = 0.00>
ST_2 : Operation 81 [5/5] (2.53ns)   --->   "%p_064 = call fastcc i4 @"sin_lut<ap_fixed<8, 6, 5, 3, 0> >"(i8 %trunc_ln708_7)" [firmware/myproject.cpp:52]   --->   Operation 81 'call' 'p_064' <Predicate = true> <Delay = 2.53> <CoreType = "Generic">   --->   Core 0 '' <Latency = 0> <II = 1> <Delay = 1.00> <Generic> <Opcode : >
ST_2 : Operation 82 [1/1] (0.00ns) (grouped into LUT with out node r_V_13)   --->   "%shl_ln1118 = shl i16 %mul_ln1118, 3" [firmware/myproject.cpp:52]   --->   Operation 82 'shl' 'shl_ln1118' <Predicate = true> <Delay = 0.00>
ST_2 : Operation 83 [1/1] (0.78ns) (out node of the LUT)   --->   "%r_V_13 = add i16 %mul_ln1118, %shl_ln1118" [firmware/myproject.cpp:52]   --->   Operation 83 'add' 'r_V_13' <Predicate = true> <Delay = 0.78> <Core = "AddSub">   --->   Core 14 'AddSub' <Latency = 0> <II = 1> <Delay = 0.70> <FuncUnit> <Opcode : 'add' 'sub'> <InPorts = 2> <OutPorts = 1>
ST_2 : Operation 84 [1/1] (0.00ns)   --->   "%trunc_ln708_8 = call i8 @_ssdm_op_PartSelect.i8.i16.i32.i32(i16 %r_V_13, i32 8, i32 15)" [firmware/myproject.cpp:52]   --->   Operation 84 'partselect' 'trunc_ln708_8' <Predicate = true> <Delay = 0.00>
ST_2 : Operation 85 [5/5] (2.53ns)   --->   "%p_7 = call fastcc i4 @"sin_lut<ap_fixed<8, 6, 5, 3, 0> >"(i8 %trunc_ln708_8)" [firmware/myproject.cpp:52]   --->   Operation 85 'call' 'p_7' <Predicate = true> <Delay = 2.53> <CoreType = "Generic">   --->   Core 0 '' <Latency = 0> <II = 1> <Delay = 1.00> <Generic> <Opcode : >
ST_2 : Operation 86 [1/1] (1.87ns)   --->   "%mul_ln700_2 = mul i12 13, %mul_ln700_1" [firmware/myproject.cpp:53]   --->   Operation 86 'mul' 'mul_ln700_2' <Predicate = true> <Delay = 1.87> <Core = "Mul">   --->   Core 16 'Mul' <Latency = 0> <II = 1> <Delay = 0.78> <FuncUnit> <Opcode : 'mul'> <InPorts = 2> <OutPorts = 1>
ST_2 : Operation 87 [1/1] (0.49ns) (grouped into DSP with root node add_ln700_1)   --->   "%mul_ln700_3 = mul i12 52, %sext_ln700_2" [firmware/myproject.cpp:53]   --->   Operation 87 'mul' 'mul_ln700_3' <Predicate = true> <Delay = 0.49> <Core = "DSP48">   --->   Core 88 'DSP48' <Latency = 0> <II = 1> <Delay = 2.53> <IPBlock> <Opcode : 'mul' 'add' 'sub' 'select'> <InPorts = 2> <OutPorts = 1> <Sync> <CReg>
ST_2 : Operation 88 [1/1] (2.03ns) (root node of the DSP)   --->   "%add_ln700_1 = add i12 %mul_ln700_2, %mul_ln700_3" [firmware/myproject.cpp:53]   --->   Operation 88 'add' 'add_ln700_1' <Predicate = true> <Delay = 2.03> <Core = "DSP48">   --->   Core 88 'DSP48' <Latency = 0> <II = 1> <Delay = 2.53> <IPBlock> <Opcode : 'mul' 'add' 'sub' 'select'> <InPorts = 2> <OutPorts = 1> <Sync> <CReg>
ST_2 : Operation 89 [4/5] (4.33ns)   --->   "%p_1 = call fastcc i4 @"sin_lut<ap_fixed<8, 6, 5, 3, 0> >"(i8 %trunc_ln708_10)" [firmware/myproject.cpp:54]   --->   Operation 89 'call' 'p_1' <Predicate = true> <Delay = 4.33> <CoreType = "Generic">   --->   Core 0 '' <Latency = 0> <II = 1> <Delay = 1.00> <Generic> <Opcode : >
ST_2 : Operation 90 [5/5] (2.53ns)   --->   "%p_Val2_9 = call fastcc i4 @"sin_lut<ap_fixed<8, 6, 5, 3, 0> >"(i8 %trunc_ln708_11)" [firmware/myproject.cpp:54]   --->   Operation 90 'call' 'p_Val2_9' <Predicate = true> <Delay = 2.53> <CoreType = "Generic">   --->   Core 0 '' <Latency = 0> <II = 1> <Delay = 1.00> <Generic> <Opcode : >
ST_2 : Operation 91 [1/1] (0.00ns)   --->   "%sext_ln1118_7 = sext i8 %p_Val2_8 to i10" [firmware/myproject.cpp:54]   --->   Operation 91 'sext' 'sext_ln1118_7' <Predicate = true> <Delay = 0.00>
ST_2 : Operation 92 [1/1] (0.49ns) (grouped into DSP with root node ret_V_35)   --->   "%mul_ln1192_5 = mul i10 %sext_ln1118_7, %sext_ln1118_7" [firmware/myproject.cpp:54]   --->   Operation 92 'mul' 'mul_ln1192_5' <Predicate = true> <Delay = 0.49> <Core = "DSP48">   --->   Core 88 'DSP48' <Latency = 0> <II = 1> <Delay = 2.53> <IPBlock> <Opcode : 'mul' 'add' 'sub' 'select'> <InPorts = 2> <OutPorts = 1> <Sync> <CReg>
ST_2 : Operation 93 [1/1] (2.03ns) (root node of the DSP)   --->   "%ret_V_35 = add i10 -12, %mul_ln1192_5" [firmware/myproject.cpp:54]   --->   Operation 93 'add' 'ret_V_35' <Predicate = true> <Delay = 2.03> <Core = "DSP48">   --->   Core 88 'DSP48' <Latency = 0> <II = 1> <Delay = 2.53> <IPBlock> <Opcode : 'mul' 'add' 'sub' 'select'> <InPorts = 2> <OutPorts = 1> <Sync> <CReg>
ST_2 : Operation 94 [1/1] (0.00ns)   --->   "%trunc_ln708_12 = call i8 @_ssdm_op_PartSelect.i8.i10.i32.i32(i10 %ret_V_35, i32 2, i32 9)" [firmware/myproject.cpp:54]   --->   Operation 94 'partselect' 'trunc_ln708_12' <Predicate = true> <Delay = 0.00>

State 3 <SV = 2> <Delay = 4.33>
ST_3 : Operation 95 [1/1] (0.00ns)   --->   "%sext_ln727 = sext i8 %p_Val2_8 to i12" [firmware/myproject.cpp:53]   --->   Operation 95 'sext' 'sext_ln727' <Predicate = true> <Delay = 0.00>
ST_3 : Operation 96 [3/5] (4.33ns)   --->   "%p_s = call fastcc i4 @"sin_lut<ap_fixed<8, 6, 5, 3, 0> >"(i8 %trunc_ln)" [firmware/myproject.cpp:50]   --->   Operation 96 'call' 'p_s' <Predicate = true> <Delay = 4.33> <CoreType = "Generic">   --->   Core 0 '' <Latency = 0> <II = 1> <Delay = 1.00> <Generic> <Opcode : >
ST_3 : Operation 97 [4/5] (4.33ns)   --->   "%p_Val2_3 = call fastcc i4 @"sin_lut<ap_fixed<8, 6, 5, 3, 0> >"(i8 %trunc_ln708_1)" [firmware/myproject.cpp:50]   --->   Operation 97 'call' 'p_Val2_3' <Predicate = true> <Delay = 4.33> <CoreType = "Generic">   --->   Core 0 '' <Latency = 0> <II = 1> <Delay = 1.00> <Generic> <Opcode : >
ST_3 : Operation 98 [4/5] (4.33ns)   --->   "%p_Val2_4 = call fastcc i4 @"sin_lut<ap_fixed<8, 6, 5, 3, 0> >"(i8 %trunc_ln708_2)" [firmware/myproject.cpp:50]   --->   Operation 98 'call' 'p_Val2_4' <Predicate = true> <Delay = 4.33> <CoreType = "Generic">   --->   Core 0 '' <Latency = 0> <II = 1> <Delay = 1.00> <Generic> <Opcode : >
ST_3 : Operation 99 [4/5] (4.33ns)   --->   "%p_Val2_5 = call fastcc i4 @"sin_lut<ap_fixed<8, 6, 5, 3, 0> >"(i8 %tmp_8)" [firmware/myproject.cpp:51]   --->   Operation 99 'call' 'p_Val2_5' <Predicate = true> <Delay = 4.33> <CoreType = "Generic">   --->   Core 0 '' <Latency = 0> <II = 1> <Delay = 1.00> <Generic> <Opcode : >
ST_3 : Operation 100 [4/5] (4.33ns)   --->   "%p_Val2_s_26 = call fastcc i4 @"sin_lut<ap_fixed<8, 6, 5, 3, 0> >"(i8 %trunc_ln708_4)" [firmware/myproject.cpp:51]   --->   Operation 100 'call' 'p_Val2_s_26' <Predicate = true> <Delay = 4.33> <CoreType = "Generic">   --->   Core 0 '' <Latency = 0> <II = 1> <Delay = 1.00> <Generic> <Opcode : >
ST_3 : Operation 101 [3/5] (4.33ns)   --->   "%p_5 = call fastcc i4 @"sin_lut<ap_fixed<8, 6, 5, 3, 0> >"(i8 %trunc_ln708_5)" [firmware/myproject.cpp:51]   --->   Operation 101 'call' 'p_5' <Predicate = true> <Delay = 4.33> <CoreType = "Generic">   --->   Core 0 '' <Latency = 0> <II = 1> <Delay = 1.00> <Generic> <Opcode : >
ST_3 : Operation 102 [4/5] (4.33ns)   --->   "%p_6 = call fastcc i4 @"sin_lut<ap_fixed<8, 6, 5, 3, 0> >"(i8 %p_Val2_s)" [firmware/myproject.cpp:51]   --->   Operation 102 'call' 'p_6' <Predicate = true> <Delay = 4.33> <CoreType = "Generic">   --->   Core 0 '' <Latency = 0> <II = 1> <Delay = 1.00> <Generic> <Opcode : >
ST_3 : Operation 103 [4/5] (4.33ns)   --->   "%p_064 = call fastcc i4 @"sin_lut<ap_fixed<8, 6, 5, 3, 0> >"(i8 %trunc_ln708_7)" [firmware/myproject.cpp:52]   --->   Operation 103 'call' 'p_064' <Predicate = true> <Delay = 4.33> <CoreType = "Generic">   --->   Core 0 '' <Latency = 0> <II = 1> <Delay = 1.00> <Generic> <Opcode : >
ST_3 : Operation 104 [4/5] (4.33ns)   --->   "%p_7 = call fastcc i4 @"sin_lut<ap_fixed<8, 6, 5, 3, 0> >"(i8 %trunc_ln708_8)" [firmware/myproject.cpp:52]   --->   Operation 104 'call' 'p_7' <Predicate = true> <Delay = 4.33> <CoreType = "Generic">   --->   Core 0 '' <Latency = 0> <II = 1> <Delay = 1.00> <Generic> <Opcode : >
ST_3 : Operation 105 [1/1] (0.70ns)   --->   "%add_ln703 = add i8 -3, %p_Val2_8" [firmware/myproject.cpp:53]   --->   Operation 105 'add' 'add_ln703' <Predicate = true> <Delay = 0.70> <Core = "AddSub">   --->   Core 14 'AddSub' <Latency = 0> <II = 1> <Delay = 0.70> <FuncUnit> <Opcode : 'add' 'sub'> <InPorts = 2> <OutPorts = 1>
ST_3 : Operation 106 [5/5] (2.53ns)   --->   "%p_060 = call fastcc i4 @"sin_lut<ap_fixed<8, 6, 5, 3, 0> >"(i8 %add_ln703)" [firmware/myproject.cpp:53]   --->   Operation 106 'call' 'p_060' <Predicate = true> <Delay = 2.53> <CoreType = "Generic">   --->   Core 0 '' <Latency = 0> <II = 1> <Delay = 1.00> <Generic> <Opcode : >
ST_3 : Operation 107 [1/1] (0.49ns) (grouped into DSP with root node ret_V_32)   --->   "%rhs_V_3 = mul i12 104, %sext_ln727" [firmware/myproject.cpp:53]   --->   Operation 107 'mul' 'rhs_V_3' <Predicate = true> <Delay = 0.49> <Core = "DSP48">   --->   Core 88 'DSP48' <Latency = 0> <II = 1> <Delay = 2.53> <IPBlock> <Opcode : 'mul' 'add' 'sub' 'select'> <InPorts = 2> <OutPorts = 1> <Sync> <CReg>
ST_3 : Operation 108 [1/1] (2.03ns) (root node of the DSP)   --->   "%ret_V_32 = add i12 %add_ln700_1, %rhs_V_3" [firmware/myproject.cpp:53]   --->   Operation 108 'add' 'ret_V_32' <Predicate = true> <Delay = 2.03> <Core = "DSP48">   --->   Core 88 'DSP48' <Latency = 0> <II = 1> <Delay = 2.53> <IPBlock> <Opcode : 'mul' 'add' 'sub' 'select'> <InPorts = 2> <OutPorts = 1> <Sync> <CReg>
ST_3 : Operation 109 [1/1] (0.00ns)   --->   "%trunc_ln708_s = call i8 @_ssdm_op_PartSelect.i8.i12.i32.i32(i12 %ret_V_32, i32 4, i32 11)" [firmware/myproject.cpp:53]   --->   Operation 109 'partselect' 'trunc_ln708_s' <Predicate = true> <Delay = 0.00>
ST_3 : Operation 110 [1/1] (0.70ns)   --->   "%add_ln703_1 = add i8 %p_Val2_8, %p_Val2_2" [firmware/myproject.cpp:53]   --->   Operation 110 'add' 'add_ln703_1' <Predicate = true> <Delay = 0.70> <Core = "AddSub">   --->   Core 14 'AddSub' <Latency = 0> <II = 1> <Delay = 0.70> <FuncUnit> <Opcode : 'add' 'sub'> <InPorts = 2> <OutPorts = 1>
ST_3 : Operation 111 [5/5] (2.53ns)   --->   "%p_Val2_7 = call fastcc i4 @"sin_lut<ap_fixed<8, 6, 5, 3, 0> >"(i8 %add_ln703_1)" [firmware/myproject.cpp:53]   --->   Operation 111 'call' 'p_Val2_7' <Predicate = true> <Delay = 2.53> <CoreType = "Generic">   --->   Core 0 '' <Latency = 0> <II = 1> <Delay = 1.00> <Generic> <Opcode : >
ST_3 : Operation 112 [3/5] (4.33ns)   --->   "%p_1 = call fastcc i4 @"sin_lut<ap_fixed<8, 6, 5, 3, 0> >"(i8 %trunc_ln708_10)" [firmware/myproject.cpp:54]   --->   Operation 112 'call' 'p_1' <Predicate = true> <Delay = 4.33> <CoreType = "Generic">   --->   Core 0 '' <Latency = 0> <II = 1> <Delay = 1.00> <Generic> <Opcode : >
ST_3 : Operation 113 [4/5] (4.33ns)   --->   "%p_Val2_9 = call fastcc i4 @"sin_lut<ap_fixed<8, 6, 5, 3, 0> >"(i8 %trunc_ln708_11)" [firmware/myproject.cpp:54]   --->   Operation 113 'call' 'p_Val2_9' <Predicate = true> <Delay = 4.33> <CoreType = "Generic">   --->   Core 0 '' <Latency = 0> <II = 1> <Delay = 1.00> <Generic> <Opcode : >
ST_3 : Operation 114 [5/5] (2.53ns)   --->   "%p_Val2_6 = call fastcc i4 @"sin_lut<ap_fixed<8, 6, 5, 3, 0> >"(i8 %trunc_ln708_12)" [firmware/myproject.cpp:54]   --->   Operation 114 'call' 'p_Val2_6' <Predicate = true> <Delay = 2.53> <CoreType = "Generic">   --->   Core 0 '' <Latency = 0> <II = 1> <Delay = 1.00> <Generic> <Opcode : >

State 4 <SV = 3> <Delay = 4.33>
ST_4 : Operation 115 [2/5] (4.33ns)   --->   "%p_s = call fastcc i4 @"sin_lut<ap_fixed<8, 6, 5, 3, 0> >"(i8 %trunc_ln)" [firmware/myproject.cpp:50]   --->   Operation 115 'call' 'p_s' <Predicate = true> <Delay = 4.33> <CoreType = "Generic">   --->   Core 0 '' <Latency = 0> <II = 1> <Delay = 1.00> <Generic> <Opcode : >
ST_4 : Operation 116 [3/5] (4.33ns)   --->   "%p_Val2_3 = call fastcc i4 @"sin_lut<ap_fixed<8, 6, 5, 3, 0> >"(i8 %trunc_ln708_1)" [firmware/myproject.cpp:50]   --->   Operation 116 'call' 'p_Val2_3' <Predicate = true> <Delay = 4.33> <CoreType = "Generic">   --->   Core 0 '' <Latency = 0> <II = 1> <Delay = 1.00> <Generic> <Opcode : >
ST_4 : Operation 117 [3/5] (4.33ns)   --->   "%p_Val2_4 = call fastcc i4 @"sin_lut<ap_fixed<8, 6, 5, 3, 0> >"(i8 %trunc_ln708_2)" [firmware/myproject.cpp:50]   --->   Operation 117 'call' 'p_Val2_4' <Predicate = true> <Delay = 4.33> <CoreType = "Generic">   --->   Core 0 '' <Latency = 0> <II = 1> <Delay = 1.00> <Generic> <Opcode : >
ST_4 : Operation 118 [3/5] (4.33ns)   --->   "%p_Val2_5 = call fastcc i4 @"sin_lut<ap_fixed<8, 6, 5, 3, 0> >"(i8 %tmp_8)" [firmware/myproject.cpp:51]   --->   Operation 118 'call' 'p_Val2_5' <Predicate = true> <Delay = 4.33> <CoreType = "Generic">   --->   Core 0 '' <Latency = 0> <II = 1> <Delay = 1.00> <Generic> <Opcode : >
ST_4 : Operation 119 [3/5] (4.33ns)   --->   "%p_Val2_s_26 = call fastcc i4 @"sin_lut<ap_fixed<8, 6, 5, 3, 0> >"(i8 %trunc_ln708_4)" [firmware/myproject.cpp:51]   --->   Operation 119 'call' 'p_Val2_s_26' <Predicate = true> <Delay = 4.33> <CoreType = "Generic">   --->   Core 0 '' <Latency = 0> <II = 1> <Delay = 1.00> <Generic> <Opcode : >
ST_4 : Operation 120 [2/5] (4.33ns)   --->   "%p_5 = call fastcc i4 @"sin_lut<ap_fixed<8, 6, 5, 3, 0> >"(i8 %trunc_ln708_5)" [firmware/myproject.cpp:51]   --->   Operation 120 'call' 'p_5' <Predicate = true> <Delay = 4.33> <CoreType = "Generic">   --->   Core 0 '' <Latency = 0> <II = 1> <Delay = 1.00> <Generic> <Opcode : >
ST_4 : Operation 121 [3/5] (4.33ns)   --->   "%p_6 = call fastcc i4 @"sin_lut<ap_fixed<8, 6, 5, 3, 0> >"(i8 %p_Val2_s)" [firmware/myproject.cpp:51]   --->   Operation 121 'call' 'p_6' <Predicate = true> <Delay = 4.33> <CoreType = "Generic">   --->   Core 0 '' <Latency = 0> <II = 1> <Delay = 1.00> <Generic> <Opcode : >
ST_4 : Operation 122 [3/5] (4.33ns)   --->   "%p_064 = call fastcc i4 @"sin_lut<ap_fixed<8, 6, 5, 3, 0> >"(i8 %trunc_ln708_7)" [firmware/myproject.cpp:52]   --->   Operation 122 'call' 'p_064' <Predicate = true> <Delay = 4.33> <CoreType = "Generic">   --->   Core 0 '' <Latency = 0> <II = 1> <Delay = 1.00> <Generic> <Opcode : >
ST_4 : Operation 123 [3/5] (4.33ns)   --->   "%p_7 = call fastcc i4 @"sin_lut<ap_fixed<8, 6, 5, 3, 0> >"(i8 %trunc_ln708_8)" [firmware/myproject.cpp:52]   --->   Operation 123 'call' 'p_7' <Predicate = true> <Delay = 4.33> <CoreType = "Generic">   --->   Core 0 '' <Latency = 0> <II = 1> <Delay = 1.00> <Generic> <Opcode : >
ST_4 : Operation 124 [4/5] (4.33ns)   --->   "%p_060 = call fastcc i4 @"sin_lut<ap_fixed<8, 6, 5, 3, 0> >"(i8 %add_ln703)" [firmware/myproject.cpp:53]   --->   Operation 124 'call' 'p_060' <Predicate = true> <Delay = 4.33> <CoreType = "Generic">   --->   Core 0 '' <Latency = 0> <II = 1> <Delay = 1.00> <Generic> <Opcode : >
ST_4 : Operation 125 [5/5] (2.53ns)   --->   "%p_059 = call fastcc i4 @"sin_lut<ap_fixed<8, 6, 5, 3, 0> >"(i8 %trunc_ln708_s)" [firmware/myproject.cpp:53]   --->   Operation 125 'call' 'p_059' <Predicate = true> <Delay = 2.53> <CoreType = "Generic">   --->   Core 0 '' <Latency = 0> <II = 1> <Delay = 1.00> <Generic> <Opcode : >
ST_4 : Operation 126 [4/5] (4.33ns)   --->   "%p_Val2_7 = call fastcc i4 @"sin_lut<ap_fixed<8, 6, 5, 3, 0> >"(i8 %add_ln703_1)" [firmware/myproject.cpp:53]   --->   Operation 126 'call' 'p_Val2_7' <Predicate = true> <Delay = 4.33> <CoreType = "Generic">   --->   Core 0 '' <Latency = 0> <II = 1> <Delay = 1.00> <Generic> <Opcode : >
ST_4 : Operation 127 [2/5] (4.33ns)   --->   "%p_1 = call fastcc i4 @"sin_lut<ap_fixed<8, 6, 5, 3, 0> >"(i8 %trunc_ln708_10)" [firmware/myproject.cpp:54]   --->   Operation 127 'call' 'p_1' <Predicate = true> <Delay = 4.33> <CoreType = "Generic">   --->   Core 0 '' <Latency = 0> <II = 1> <Delay = 1.00> <Generic> <Opcode : >
ST_4 : Operation 128 [3/5] (4.33ns)   --->   "%p_Val2_9 = call fastcc i4 @"sin_lut<ap_fixed<8, 6, 5, 3, 0> >"(i8 %trunc_ln708_11)" [firmware/myproject.cpp:54]   --->   Operation 128 'call' 'p_Val2_9' <Predicate = true> <Delay = 4.33> <CoreType = "Generic">   --->   Core 0 '' <Latency = 0> <II = 1> <Delay = 1.00> <Generic> <Opcode : >
ST_4 : Operation 129 [4/5] (4.33ns)   --->   "%p_Val2_6 = call fastcc i4 @"sin_lut<ap_fixed<8, 6, 5, 3, 0> >"(i8 %trunc_ln708_12)" [firmware/myproject.cpp:54]   --->   Operation 129 'call' 'p_Val2_6' <Predicate = true> <Delay = 4.33> <CoreType = "Generic">   --->   Core 0 '' <Latency = 0> <II = 1> <Delay = 1.00> <Generic> <Opcode : >
ST_4 : Operation 130 [1/1] (0.70ns)   --->   "%add_ln703_2 = add i8 5, %p_Val2_s" [firmware/myproject.cpp:54]   --->   Operation 130 'add' 'add_ln703_2' <Predicate = true> <Delay = 0.70> <Core = "AddSub">   --->   Core 14 'AddSub' <Latency = 0> <II = 1> <Delay = 0.70> <FuncUnit> <Opcode : 'add' 'sub'> <InPorts = 2> <OutPorts = 1>
ST_4 : Operation 131 [5/5] (2.53ns)   --->   "%p_0 = call fastcc i4 @"sin_lut<ap_fixed<8, 6, 5, 3, 0> >"(i8 %add_ln703_2)" [firmware/myproject.cpp:54]   --->   Operation 131 'call' 'p_0' <Predicate = true> <Delay = 2.53> <CoreType = "Generic">   --->   Core 0 '' <Latency = 0> <II = 1> <Delay = 1.00> <Generic> <Opcode : >

State 5 <SV = 4> <Delay = 4.33>
ST_5 : Operation 132 [1/5] (2.60ns)   --->   "%p_s = call fastcc i4 @"sin_lut<ap_fixed<8, 6, 5, 3, 0> >"(i8 %trunc_ln)" [firmware/myproject.cpp:50]   --->   Operation 132 'call' 'p_s' <Predicate = true> <Delay = 2.60> <CoreType = "Generic">   --->   Core 0 '' <Latency = 0> <II = 1> <Delay = 1.00> <Generic> <Opcode : >
ST_5 : Operation 133 [2/5] (4.33ns)   --->   "%p_Val2_3 = call fastcc i4 @"sin_lut<ap_fixed<8, 6, 5, 3, 0> >"(i8 %trunc_ln708_1)" [firmware/myproject.cpp:50]   --->   Operation 133 'call' 'p_Val2_3' <Predicate = true> <Delay = 4.33> <CoreType = "Generic">   --->   Core 0 '' <Latency = 0> <II = 1> <Delay = 1.00> <Generic> <Opcode : >
ST_5 : Operation 134 [2/5] (4.33ns)   --->   "%p_Val2_4 = call fastcc i4 @"sin_lut<ap_fixed<8, 6, 5, 3, 0> >"(i8 %trunc_ln708_2)" [firmware/myproject.cpp:50]   --->   Operation 134 'call' 'p_Val2_4' <Predicate = true> <Delay = 4.33> <CoreType = "Generic">   --->   Core 0 '' <Latency = 0> <II = 1> <Delay = 1.00> <Generic> <Opcode : >
ST_5 : Operation 135 [2/5] (4.33ns)   --->   "%p_Val2_5 = call fastcc i4 @"sin_lut<ap_fixed<8, 6, 5, 3, 0> >"(i8 %tmp_8)" [firmware/myproject.cpp:51]   --->   Operation 135 'call' 'p_Val2_5' <Predicate = true> <Delay = 4.33> <CoreType = "Generic">   --->   Core 0 '' <Latency = 0> <II = 1> <Delay = 1.00> <Generic> <Opcode : >
ST_5 : Operation 136 [2/5] (4.33ns)   --->   "%p_Val2_s_26 = call fastcc i4 @"sin_lut<ap_fixed<8, 6, 5, 3, 0> >"(i8 %trunc_ln708_4)" [firmware/myproject.cpp:51]   --->   Operation 136 'call' 'p_Val2_s_26' <Predicate = true> <Delay = 4.33> <CoreType = "Generic">   --->   Core 0 '' <Latency = 0> <II = 1> <Delay = 1.00> <Generic> <Opcode : >
ST_5 : Operation 137 [1/5] (2.60ns)   --->   "%p_5 = call fastcc i4 @"sin_lut<ap_fixed<8, 6, 5, 3, 0> >"(i8 %trunc_ln708_5)" [firmware/myproject.cpp:51]   --->   Operation 137 'call' 'p_5' <Predicate = true> <Delay = 2.60> <CoreType = "Generic">   --->   Core 0 '' <Latency = 0> <II = 1> <Delay = 1.00> <Generic> <Opcode : >
ST_5 : Operation 138 [2/5] (4.33ns)   --->   "%p_6 = call fastcc i4 @"sin_lut<ap_fixed<8, 6, 5, 3, 0> >"(i8 %p_Val2_s)" [firmware/myproject.cpp:51]   --->   Operation 138 'call' 'p_6' <Predicate = true> <Delay = 4.33> <CoreType = "Generic">   --->   Core 0 '' <Latency = 0> <II = 1> <Delay = 1.00> <Generic> <Opcode : >
ST_5 : Operation 139 [2/5] (4.33ns)   --->   "%p_064 = call fastcc i4 @"sin_lut<ap_fixed<8, 6, 5, 3, 0> >"(i8 %trunc_ln708_7)" [firmware/myproject.cpp:52]   --->   Operation 139 'call' 'p_064' <Predicate = true> <Delay = 4.33> <CoreType = "Generic">   --->   Core 0 '' <Latency = 0> <II = 1> <Delay = 1.00> <Generic> <Opcode : >
ST_5 : Operation 140 [2/5] (4.33ns)   --->   "%p_7 = call fastcc i4 @"sin_lut<ap_fixed<8, 6, 5, 3, 0> >"(i8 %trunc_ln708_8)" [firmware/myproject.cpp:52]   --->   Operation 140 'call' 'p_7' <Predicate = true> <Delay = 4.33> <CoreType = "Generic">   --->   Core 0 '' <Latency = 0> <II = 1> <Delay = 1.00> <Generic> <Opcode : >
ST_5 : Operation 141 [3/5] (4.33ns)   --->   "%p_060 = call fastcc i4 @"sin_lut<ap_fixed<8, 6, 5, 3, 0> >"(i8 %add_ln703)" [firmware/myproject.cpp:53]   --->   Operation 141 'call' 'p_060' <Predicate = true> <Delay = 4.33> <CoreType = "Generic">   --->   Core 0 '' <Latency = 0> <II = 1> <Delay = 1.00> <Generic> <Opcode : >
ST_5 : Operation 142 [4/5] (4.33ns)   --->   "%p_059 = call fastcc i4 @"sin_lut<ap_fixed<8, 6, 5, 3, 0> >"(i8 %trunc_ln708_s)" [firmware/myproject.cpp:53]   --->   Operation 142 'call' 'p_059' <Predicate = true> <Delay = 4.33> <CoreType = "Generic">   --->   Core 0 '' <Latency = 0> <II = 1> <Delay = 1.00> <Generic> <Opcode : >
ST_5 : Operation 143 [3/5] (4.33ns)   --->   "%p_Val2_7 = call fastcc i4 @"sin_lut<ap_fixed<8, 6, 5, 3, 0> >"(i8 %add_ln703_1)" [firmware/myproject.cpp:53]   --->   Operation 143 'call' 'p_Val2_7' <Predicate = true> <Delay = 4.33> <CoreType = "Generic">   --->   Core 0 '' <Latency = 0> <II = 1> <Delay = 1.00> <Generic> <Opcode : >
ST_5 : Operation 144 [1/5] (2.60ns)   --->   "%p_1 = call fastcc i4 @"sin_lut<ap_fixed<8, 6, 5, 3, 0> >"(i8 %trunc_ln708_10)" [firmware/myproject.cpp:54]   --->   Operation 144 'call' 'p_1' <Predicate = true> <Delay = 2.60> <CoreType = "Generic">   --->   Core 0 '' <Latency = 0> <II = 1> <Delay = 1.00> <Generic> <Opcode : >
ST_5 : Operation 145 [2/5] (4.33ns)   --->   "%p_Val2_9 = call fastcc i4 @"sin_lut<ap_fixed<8, 6, 5, 3, 0> >"(i8 %trunc_ln708_11)" [firmware/myproject.cpp:54]   --->   Operation 145 'call' 'p_Val2_9' <Predicate = true> <Delay = 4.33> <CoreType = "Generic">   --->   Core 0 '' <Latency = 0> <II = 1> <Delay = 1.00> <Generic> <Opcode : >
ST_5 : Operation 146 [3/5] (4.33ns)   --->   "%p_Val2_6 = call fastcc i4 @"sin_lut<ap_fixed<8, 6, 5, 3, 0> >"(i8 %trunc_ln708_12)" [firmware/myproject.cpp:54]   --->   Operation 146 'call' 'p_Val2_6' <Predicate = true> <Delay = 4.33> <CoreType = "Generic">   --->   Core 0 '' <Latency = 0> <II = 1> <Delay = 1.00> <Generic> <Opcode : >
ST_5 : Operation 147 [4/5] (4.33ns)   --->   "%p_0 = call fastcc i4 @"sin_lut<ap_fixed<8, 6, 5, 3, 0> >"(i8 %add_ln703_2)" [firmware/myproject.cpp:54]   --->   Operation 147 'call' 'p_0' <Predicate = true> <Delay = 4.33> <CoreType = "Generic">   --->   Core 0 '' <Latency = 0> <II = 1> <Delay = 1.00> <Generic> <Opcode : >

State 6 <SV = 5> <Delay = 4.33>
ST_6 : Operation 148 [1/1] (0.00ns)   --->   "%lhs_V_4 = sext i8 %p_Val2_s to i9" [firmware/myproject.cpp:50]   --->   Operation 148 'sext' 'lhs_V_4' <Predicate = true> <Delay = 0.00>
ST_6 : Operation 149 [1/1] (0.00ns)   --->   "%sext_ln1116 = sext i4 %p_s to i8" [firmware/myproject.cpp:50]   --->   Operation 149 'sext' 'sext_ln1116' <Predicate = true> <Delay = 0.00>
ST_6 : Operation 150 [1/1] (0.49ns) (grouped into DSP with root node add_ln700)   --->   "%r_V_10 = mul i8 %sext_ln1116, %sext_ln1116" [firmware/myproject.cpp:50]   --->   Operation 150 'mul' 'r_V_10' <Predicate = true> <Delay = 0.49> <Core = "DSP48">   --->   Core 88 'DSP48' <Latency = 0> <II = 1> <Delay = 2.53> <IPBlock> <Opcode : 'mul' 'add' 'sub' 'select'> <InPorts = 2> <OutPorts = 1> <Sync> <CReg>
ST_6 : Operation 151 [1/1] (2.03ns) (root node of the DSP)   --->   "%add_ln700 = add i8 -4, %r_V_10" [firmware/myproject.cpp:50]   --->   Operation 151 'add' 'add_ln700' <Predicate = true> <Delay = 2.03> <Core = "DSP48">   --->   Core 88 'DSP48' <Latency = 0> <II = 1> <Delay = 2.53> <IPBlock> <Opcode : 'mul' 'add' 'sub' 'select'> <InPorts = 2> <OutPorts = 1> <Sync> <CReg>
ST_6 : Operation 152 [1/5] (2.60ns)   --->   "%p_Val2_3 = call fastcc i4 @"sin_lut<ap_fixed<8, 6, 5, 3, 0> >"(i8 %trunc_ln708_1)" [firmware/myproject.cpp:50]   --->   Operation 152 'call' 'p_Val2_3' <Predicate = true> <Delay = 2.60> <CoreType = "Generic">   --->   Core 0 '' <Latency = 0> <II = 1> <Delay = 1.00> <Generic> <Opcode : >
ST_6 : Operation 153 [1/1] (0.00ns)   --->   "%sext_ln1192_1 = sext i8 %p_Val2_1 to i9" [firmware/myproject.cpp:50]   --->   Operation 153 'sext' 'sext_ln1192_1' <Predicate = true> <Delay = 0.00>
ST_6 : Operation 154 [1/1] (0.00ns)   --->   "%sext_ln1192_2 = sext i4 %p_Val2_3 to i9" [firmware/myproject.cpp:50]   --->   Operation 154 'sext' 'sext_ln1192_2' <Predicate = true> <Delay = 0.00>
ST_6 : Operation 155 [1/1] (0.00ns) (grouped into TernaryAdder)   --->   "%ret_V_23 = sub i9 %sext_ln1192_2, %sext_ln1192_1" [firmware/myproject.cpp:50]   --->   Operation 155 'sub' 'ret_V_23' <Predicate = true> <Delay = 0.00> <Core = "TAddSub">   --->   Core 83 'TAddSub' <Latency = 0> <II = 1> <Delay = 0.38> <IPBlock> <Opcode : 'add' 'sub'> <InPorts = 3> <OutPorts = 1> <Sync> <CReg>
ST_6 : Operation 156 [1/1] (0.81ns) (root node of TernaryAdder)   --->   "%add_ln1192 = add i9 15, %ret_V_23" [firmware/myproject.cpp:50]   --->   Operation 156 'add' 'add_ln1192' <Predicate = true> <Delay = 0.81> <Core = "TAddSub">   --->   Core 83 'TAddSub' <Latency = 0> <II = 1> <Delay = 0.38> <IPBlock> <Opcode : 'add' 'sub'> <InPorts = 3> <OutPorts = 1> <Sync> <CReg>
ST_6 : Operation 157 [1/5] (2.60ns)   --->   "%p_Val2_4 = call fastcc i4 @"sin_lut<ap_fixed<8, 6, 5, 3, 0> >"(i8 %trunc_ln708_2)" [firmware/myproject.cpp:50]   --->   Operation 157 'call' 'p_Val2_4' <Predicate = true> <Delay = 2.60> <CoreType = "Generic">   --->   Core 0 '' <Latency = 0> <II = 1> <Delay = 1.00> <Generic> <Opcode : >
ST_6 : Operation 158 [1/5] (2.60ns)   --->   "%p_Val2_5 = call fastcc i4 @"sin_lut<ap_fixed<8, 6, 5, 3, 0> >"(i8 %tmp_8)" [firmware/myproject.cpp:51]   --->   Operation 158 'call' 'p_Val2_5' <Predicate = true> <Delay = 2.60> <CoreType = "Generic">   --->   Core 0 '' <Latency = 0> <II = 1> <Delay = 1.00> <Generic> <Opcode : >
ST_6 : Operation 159 [1/5] (2.60ns)   --->   "%p_Val2_s_26 = call fastcc i4 @"sin_lut<ap_fixed<8, 6, 5, 3, 0> >"(i8 %trunc_ln708_4)" [firmware/myproject.cpp:51]   --->   Operation 159 'call' 'p_Val2_s_26' <Predicate = true> <Delay = 2.60> <CoreType = "Generic">   --->   Core 0 '' <Latency = 0> <II = 1> <Delay = 1.00> <Generic> <Opcode : >
ST_6 : Operation 160 [1/5] (2.60ns)   --->   "%p_6 = call fastcc i4 @"sin_lut<ap_fixed<8, 6, 5, 3, 0> >"(i8 %p_Val2_s)" [firmware/myproject.cpp:51]   --->   Operation 160 'call' 'p_6' <Predicate = true> <Delay = 2.60> <CoreType = "Generic">   --->   Core 0 '' <Latency = 0> <II = 1> <Delay = 1.00> <Generic> <Opcode : >
ST_6 : Operation 161 [1/1] (0.70ns)   --->   "%r_V_11 = sub i9 0, %lhs_V_4" [firmware/myproject.cpp:52]   --->   Operation 161 'sub' 'r_V_11' <Predicate = true> <Delay = 0.70> <Core = "AddSub">   --->   Core 14 'AddSub' <Latency = 0> <II = 1> <Delay = 0.70> <FuncUnit> <Opcode : 'add' 'sub'> <InPorts = 2> <OutPorts = 1>
ST_6 : Operation 162 [1/5] (2.60ns)   --->   "%p_064 = call fastcc i4 @"sin_lut<ap_fixed<8, 6, 5, 3, 0> >"(i8 %trunc_ln708_7)" [firmware/myproject.cpp:52]   --->   Operation 162 'call' 'p_064' <Predicate = true> <Delay = 2.60> <CoreType = "Generic">   --->   Core 0 '' <Latency = 0> <II = 1> <Delay = 1.00> <Generic> <Opcode : >
ST_6 : Operation 163 [1/1] (0.00ns)   --->   "%lhs_V_6 = call i13 @_ssdm_op_BitConcatenate.i13.i9.i4(i9 %r_V_11, i4 0)" [firmware/myproject.cpp:52]   --->   Operation 163 'bitconcatenate' 'lhs_V_6' <Predicate = true> <Delay = 0.00>
ST_6 : Operation 164 [1/1] (0.00ns)   --->   "%sext_ln703_2 = sext i13 %lhs_V_6 to i14" [firmware/myproject.cpp:52]   --->   Operation 164 'sext' 'sext_ln703_2' <Predicate = true> <Delay = 0.00>
ST_6 : Operation 165 [1/1] (0.00ns)   --->   "%rhs_V_2 = call i13 @_ssdm_op_BitConcatenate.i13.i8.i5(i8 %tmp_8, i5 0)" [firmware/myproject.cpp:52]   --->   Operation 165 'bitconcatenate' 'rhs_V_2' <Predicate = true> <Delay = 0.00>
ST_6 : Operation 166 [1/1] (0.00ns)   --->   "%sext_ln728 = sext i13 %rhs_V_2 to i14" [firmware/myproject.cpp:52]   --->   Operation 166 'sext' 'sext_ln728' <Predicate = true> <Delay = 0.00>
ST_6 : Operation 167 [1/1] (0.00ns) (grouped into TernaryAdder)   --->   "%ret_V_29 = add i14 %sext_ln703_2, %sext_ln728" [firmware/myproject.cpp:52]   --->   Operation 167 'add' 'ret_V_29' <Predicate = true> <Delay = 0.00> <Core = "TAddSub">   --->   Core 83 'TAddSub' <Latency = 0> <II = 1> <Delay = 0.38> <IPBlock> <Opcode : 'add' 'sub'> <InPorts = 3> <OutPorts = 1> <Sync> <CReg>
ST_6 : Operation 168 [1/1] (0.00ns)   --->   "%tmp_s = call i9 @_ssdm_op_BitConcatenate.i9.i4.i5(i4 %p_6, i5 0)" [firmware/myproject.cpp:52]   --->   Operation 168 'bitconcatenate' 'tmp_s' <Predicate = true> <Delay = 0.00>
ST_6 : Operation 169 [1/1] (0.00ns)   --->   "%sext_ln1192_9 = sext i9 %tmp_s to i14" [firmware/myproject.cpp:52]   --->   Operation 169 'sext' 'sext_ln1192_9' <Predicate = true> <Delay = 0.00>
ST_6 : Operation 170 [1/1] (0.71ns) (root node of TernaryAdder)   --->   "%add_ln1192_14 = add i14 %ret_V_29, %sext_ln1192_9" [firmware/myproject.cpp:52]   --->   Operation 170 'add' 'add_ln1192_14' <Predicate = true> <Delay = 0.71> <Core = "TAddSub">   --->   Core 83 'TAddSub' <Latency = 0> <II = 1> <Delay = 0.38> <IPBlock> <Opcode : 'add' 'sub'> <InPorts = 3> <OutPorts = 1> <Sync> <CReg>
ST_6 : Operation 171 [1/5] (2.60ns)   --->   "%p_7 = call fastcc i4 @"sin_lut<ap_fixed<8, 6, 5, 3, 0> >"(i8 %trunc_ln708_8)" [firmware/myproject.cpp:52]   --->   Operation 171 'call' 'p_7' <Predicate = true> <Delay = 2.60> <CoreType = "Generic">   --->   Core 0 '' <Latency = 0> <II = 1> <Delay = 1.00> <Generic> <Opcode : >
ST_6 : Operation 172 [1/1] (0.00ns)   --->   "%tmp_1 = call i9 @_ssdm_op_BitConcatenate.i9.i4.i5(i4 %p_7, i5 0)" [firmware/myproject.cpp:52]   --->   Operation 172 'bitconcatenate' 'tmp_1' <Predicate = true> <Delay = 0.00>
ST_6 : Operation 173 [1/1] (0.00ns)   --->   "%sext_ln1192_10 = sext i9 %tmp_1 to i14" [firmware/myproject.cpp:52]   --->   Operation 173 'sext' 'sext_ln1192_10' <Predicate = true> <Delay = 0.00>
ST_6 : Operation 174 [1/1] (0.00ns) (grouped into TernaryAdder)   --->   "%add_ln1192_15 = add i14 %add_ln1192_14, %sext_ln1192_10" [firmware/myproject.cpp:52]   --->   Operation 174 'add' 'add_ln1192_15' <Predicate = true> <Delay = 0.00> <Core = "TAddSub">   --->   Core 83 'TAddSub' <Latency = 0> <II = 1> <Delay = 0.38> <IPBlock> <Opcode : 'add' 'sub'> <InPorts = 3> <OutPorts = 1> <Sync> <CReg>
ST_6 : Operation 175 [1/1] (0.71ns) (root node of TernaryAdder)   --->   "%ret_V_31 = add i14 -192, %add_ln1192_15" [firmware/myproject.cpp:52]   --->   Operation 175 'add' 'ret_V_31' <Predicate = true> <Delay = 0.71> <Core = "TAddSub">   --->   Core 83 'TAddSub' <Latency = 0> <II = 1> <Delay = 0.38> <IPBlock> <Opcode : 'add' 'sub'> <InPorts = 3> <OutPorts = 1> <Sync> <CReg>
ST_6 : Operation 176 [1/1] (0.00ns)   --->   "%trunc_ln708_9 = call i8 @_ssdm_op_PartSelect.i8.i14.i32.i32(i14 %ret_V_31, i32 6, i32 13)" [firmware/myproject.cpp:52]   --->   Operation 176 'partselect' 'trunc_ln708_9' <Predicate = true> <Delay = 0.00>
ST_6 : Operation 177 [2/5] (4.33ns)   --->   "%p_060 = call fastcc i4 @"sin_lut<ap_fixed<8, 6, 5, 3, 0> >"(i8 %add_ln703)" [firmware/myproject.cpp:53]   --->   Operation 177 'call' 'p_060' <Predicate = true> <Delay = 4.33> <CoreType = "Generic">   --->   Core 0 '' <Latency = 0> <II = 1> <Delay = 1.00> <Generic> <Opcode : >
ST_6 : Operation 178 [3/5] (4.33ns)   --->   "%p_059 = call fastcc i4 @"sin_lut<ap_fixed<8, 6, 5, 3, 0> >"(i8 %trunc_ln708_s)" [firmware/myproject.cpp:53]   --->   Operation 178 'call' 'p_059' <Predicate = true> <Delay = 4.33> <CoreType = "Generic">   --->   Core 0 '' <Latency = 0> <II = 1> <Delay = 1.00> <Generic> <Opcode : >
ST_6 : Operation 179 [1/1] (0.00ns)   --->   "%rhs_V_4 = sext i8 %p_Val2_2 to i9" [firmware/myproject.cpp:53]   --->   Operation 179 'sext' 'rhs_V_4' <Predicate = true> <Delay = 0.00>
ST_6 : Operation 180 [1/1] (0.70ns)   --->   "%ret_V_33 = add nsw i9 %rhs_V_4, %lhs_V_4" [firmware/myproject.cpp:53]   --->   Operation 180 'add' 'ret_V_33' <Predicate = true> <Delay = 0.70> <Core = "AddSub">   --->   Core 14 'AddSub' <Latency = 0> <II = 1> <Delay = 0.70> <FuncUnit> <Opcode : 'add' 'sub'> <InPorts = 2> <OutPorts = 1>
ST_6 : Operation 181 [2/5] (4.33ns)   --->   "%p_Val2_7 = call fastcc i4 @"sin_lut<ap_fixed<8, 6, 5, 3, 0> >"(i8 %add_ln703_1)" [firmware/myproject.cpp:53]   --->   Operation 181 'call' 'p_Val2_7' <Predicate = true> <Delay = 4.33> <CoreType = "Generic">   --->   Core 0 '' <Latency = 0> <II = 1> <Delay = 1.00> <Generic> <Opcode : >
ST_6 : Operation 182 [1/5] (2.60ns)   --->   "%p_Val2_9 = call fastcc i4 @"sin_lut<ap_fixed<8, 6, 5, 3, 0> >"(i8 %trunc_ln708_11)" [firmware/myproject.cpp:54]   --->   Operation 182 'call' 'p_Val2_9' <Predicate = true> <Delay = 2.60> <CoreType = "Generic">   --->   Core 0 '' <Latency = 0> <II = 1> <Delay = 1.00> <Generic> <Opcode : >
ST_6 : Operation 183 [2/5] (4.33ns)   --->   "%p_Val2_6 = call fastcc i4 @"sin_lut<ap_fixed<8, 6, 5, 3, 0> >"(i8 %trunc_ln708_12)" [firmware/myproject.cpp:54]   --->   Operation 183 'call' 'p_Val2_6' <Predicate = true> <Delay = 4.33> <CoreType = "Generic">   --->   Core 0 '' <Latency = 0> <II = 1> <Delay = 1.00> <Generic> <Opcode : >
ST_6 : Operation 184 [3/5] (4.33ns)   --->   "%p_0 = call fastcc i4 @"sin_lut<ap_fixed<8, 6, 5, 3, 0> >"(i8 %add_ln703_2)" [firmware/myproject.cpp:54]   --->   Operation 184 'call' 'p_0' <Predicate = true> <Delay = 4.33> <CoreType = "Generic">   --->   Core 0 '' <Latency = 0> <II = 1> <Delay = 1.00> <Generic> <Opcode : >

State 7 <SV = 6> <Delay = 4.33>
ST_7 : Operation 185 [1/1] (0.00ns)   --->   "%sext_ln700 = sext i8 %add_ln700 to i14" [firmware/myproject.cpp:50]   --->   Operation 185 'sext' 'sext_ln700' <Predicate = true> <Delay = 0.00>
ST_7 : Operation 186 [1/1] (0.00ns)   --->   "%sext_ln700_1 = sext i9 %add_ln1192 to i14" [firmware/myproject.cpp:50]   --->   Operation 186 'sext' 'sext_ln700_1' <Predicate = true> <Delay = 0.00>
ST_7 : Operation 187 [1/1] (1.46ns)   --->   "%mul_ln700 = mul i14 %sext_ln700, %sext_ln700_1" [firmware/myproject.cpp:50]   --->   Operation 187 'mul' 'mul_ln700' <Predicate = true> <Delay = 1.46> <Core = "Mul">   --->   Core 16 'Mul' <Latency = 0> <II = 1> <Delay = 0.78> <FuncUnit> <Opcode : 'mul'> <InPorts = 2> <OutPorts = 1>
ST_7 : Operation 188 [1/1] (0.00ns)   --->   "%shl_ln = call i18 @_ssdm_op_BitConcatenate.i18.i14.i4(i14 %mul_ln700, i4 0)" [firmware/myproject.cpp:50]   --->   Operation 188 'bitconcatenate' 'shl_ln' <Predicate = true> <Delay = 0.00>
ST_7 : Operation 189 [1/1] (0.00ns)   --->   "%tmp_5 = call i14 @_ssdm_op_BitConcatenate.i14.i4.i10(i4 %p_Val2_4, i10 0)" [firmware/myproject.cpp:50]   --->   Operation 189 'bitconcatenate' 'tmp_5' <Predicate = true> <Delay = 0.00>
ST_7 : Operation 190 [1/1] (0.00ns)   --->   "%rhs_V = sext i14 %tmp_5 to i18" [firmware/myproject.cpp:50]   --->   Operation 190 'sext' 'rhs_V' <Predicate = true> <Delay = 0.00>
ST_7 : Operation 191 [1/1] (0.79ns)   --->   "%ret_V_25 = sub i18 %shl_ln, %rhs_V" [firmware/myproject.cpp:50]   --->   Operation 191 'sub' 'ret_V_25' <Predicate = true> <Delay = 0.79> <Core = "AddSub">   --->   Core 14 'AddSub' <Latency = 0> <II = 1> <Delay = 0.70> <FuncUnit> <Opcode : 'add' 'sub'> <InPorts = 2> <OutPorts = 1>
ST_7 : Operation 192 [1/1] (0.00ns)   --->   "%trunc_ln708_3 = call i8 @_ssdm_op_PartSelect.i8.i18.i32.i32(i18 %ret_V_25, i32 10, i32 17)" [firmware/myproject.cpp:50]   --->   Operation 192 'partselect' 'trunc_ln708_3' <Predicate = true> <Delay = 0.00>
ST_7 : Operation 193 [1/1] (0.00ns)   --->   "%sext_ln703 = sext i4 %p_Val2_5 to i5" [firmware/myproject.cpp:51]   --->   Operation 193 'sext' 'sext_ln703' <Predicate = true> <Delay = 0.00>
ST_7 : Operation 194 [1/1] (0.70ns)   --->   "%ret_V = add i5 -6, %sext_ln703" [firmware/myproject.cpp:51]   --->   Operation 194 'add' 'ret_V' <Predicate = true> <Delay = 0.70> <Core = "AddSub">   --->   Core 14 'AddSub' <Latency = 0> <II = 1> <Delay = 0.70> <FuncUnit> <Opcode : 'add' 'sub'> <InPorts = 2> <OutPorts = 1>
ST_7 : Operation 195 [1/1] (0.00ns)   --->   "%sext_ln703_1 = sext i4 %p_Val2_s_26 to i5" [firmware/myproject.cpp:51]   --->   Operation 195 'sext' 'sext_ln703_1' <Predicate = true> <Delay = 0.00>
ST_7 : Operation 196 [1/1] (0.00ns) (grouped into DSP with root node r_V)   --->   "%ret_V_7 = add i5 -4, %sext_ln703_1" [firmware/myproject.cpp:51]   --->   Operation 196 'add' 'ret_V_7' <Predicate = true> <Delay = 0.00> <Core = "DSP48">   --->   Core 88 'DSP48' <Latency = 0> <II = 1> <Delay = 2.53> <IPBlock> <Opcode : 'mul' 'add' 'sub' 'select'> <InPorts = 2> <OutPorts = 1> <Sync> <CReg>
ST_7 : Operation 197 [1/1] (0.00ns)   --->   "%sext_ln1116_1 = sext i5 %ret_V to i10" [firmware/myproject.cpp:51]   --->   Operation 197 'sext' 'sext_ln1116_1' <Predicate = true> <Delay = 0.00>
ST_7 : Operation 198 [1/1] (0.00ns) (grouped into DSP with root node r_V)   --->   "%sext_ln1118_1 = sext i5 %ret_V_7 to i10" [firmware/myproject.cpp:51]   --->   Operation 198 'sext' 'sext_ln1118_1' <Predicate = true> <Delay = 0.00>
ST_7 : Operation 199 [1/1] (2.53ns) (root node of the DSP)   --->   "%r_V = mul i10 %sext_ln1118_1, %sext_ln1116_1" [firmware/myproject.cpp:51]   --->   Operation 199 'mul' 'r_V' <Predicate = true> <Delay = 2.53> <Core = "DSP48">   --->   Core 88 'DSP48' <Latency = 0> <II = 1> <Delay = 2.53> <IPBlock> <Opcode : 'mul' 'add' 'sub' 'select'> <InPorts = 2> <OutPorts = 1> <Sync> <CReg>
ST_7 : Operation 200 [1/1] (0.00ns)   --->   "%sext_ln1118_2 = sext i4 %p_6 to i8" [firmware/myproject.cpp:52]   --->   Operation 200 'sext' 'sext_ln1118_2' <Predicate = true> <Delay = 0.00>
ST_7 : Operation 201 [1/5] (2.60ns)   --->   "%p_060 = call fastcc i4 @"sin_lut<ap_fixed<8, 6, 5, 3, 0> >"(i8 %add_ln703)" [firmware/myproject.cpp:53]   --->   Operation 201 'call' 'p_060' <Predicate = true> <Delay = 2.60> <CoreType = "Generic">   --->   Core 0 '' <Latency = 0> <II = 1> <Delay = 1.00> <Generic> <Opcode : >
ST_7 : Operation 202 [2/5] (4.33ns)   --->   "%p_059 = call fastcc i4 @"sin_lut<ap_fixed<8, 6, 5, 3, 0> >"(i8 %trunc_ln708_s)" [firmware/myproject.cpp:53]   --->   Operation 202 'call' 'p_059' <Predicate = true> <Delay = 4.33> <CoreType = "Generic">   --->   Core 0 '' <Latency = 0> <II = 1> <Delay = 1.00> <Generic> <Opcode : >
ST_7 : Operation 203 [1/1] (0.49ns) (grouped into DSP with root node add_ln1192_19)   --->   "%r_V_14 = mul i8 %sext_ln1118_2, %sext_ln1118_2" [firmware/myproject.cpp:53]   --->   Operation 203 'mul' 'r_V_14' <Predicate = true> <Delay = 0.49> <Core = "DSP48">   --->   Core 88 'DSP48' <Latency = 0> <II = 1> <Delay = 2.53> <IPBlock> <Opcode : 'mul' 'add' 'sub' 'select'> <InPorts = 2> <OutPorts = 1> <Sync> <CReg>
ST_7 : Operation 204 [1/1] (0.00ns)   --->   "%lhs_V_5 = call i11 @_ssdm_op_BitConcatenate.i11.i9.i2(i9 %ret_V_33, i2 0)" [firmware/myproject.cpp:53]   --->   Operation 204 'bitconcatenate' 'lhs_V_5' <Predicate = true> <Delay = 0.00>
ST_7 : Operation 205 [1/1] (0.00ns) (grouped into DSP with root node add_ln1192_19)   --->   "%sext_ln1192_11 = sext i8 %r_V_14 to i12" [firmware/myproject.cpp:53]   --->   Operation 205 'sext' 'sext_ln1192_11' <Predicate = true> <Delay = 0.00>
ST_7 : Operation 206 [1/1] (0.00ns)   --->   "%sext_ln1192_12 = sext i11 %lhs_V_5 to i12" [firmware/myproject.cpp:53]   --->   Operation 206 'sext' 'sext_ln1192_12' <Predicate = true> <Delay = 0.00>
ST_7 : Operation 207 [1/5] (2.60ns)   --->   "%p_Val2_7 = call fastcc i4 @"sin_lut<ap_fixed<8, 6, 5, 3, 0> >"(i8 %add_ln703_1)" [firmware/myproject.cpp:53]   --->   Operation 207 'call' 'p_Val2_7' <Predicate = true> <Delay = 2.60> <CoreType = "Generic">   --->   Core 0 '' <Latency = 0> <II = 1> <Delay = 1.00> <Generic> <Opcode : >
ST_7 : Operation 208 [1/1] (0.00ns)   --->   "%tmp_2 = call i6 @_ssdm_op_BitConcatenate.i6.i4.i2(i4 %p_Val2_7, i2 0)" [firmware/myproject.cpp:53]   --->   Operation 208 'bitconcatenate' 'tmp_2' <Predicate = true> <Delay = 0.00>
ST_7 : Operation 209 [1/1] (0.00ns)   --->   "%sext_ln1192_13 = sext i6 %tmp_2 to i12" [firmware/myproject.cpp:53]   --->   Operation 209 'sext' 'sext_ln1192_13' <Predicate = true> <Delay = 0.00>
ST_7 : Operation 210 [1/1] (2.03ns) (root node of the DSP)   --->   "%add_ln1192_19 = add i12 %sext_ln1192_12, %sext_ln1192_11" [firmware/myproject.cpp:53]   --->   Operation 210 'add' 'add_ln1192_19' <Predicate = true> <Delay = 2.03> <Core = "DSP48">   --->   Core 88 'DSP48' <Latency = 0> <II = 1> <Delay = 2.53> <IPBlock> <Opcode : 'mul' 'add' 'sub' 'select'> <InPorts = 2> <OutPorts = 1> <Sync> <CReg>
ST_7 : Operation 211 [1/1] (0.74ns)   --->   "%add_ln1192_20 = add i12 %sext_ln1192_13, %add_ln1192_19" [firmware/myproject.cpp:53]   --->   Operation 211 'add' 'add_ln1192_20' <Predicate = true> <Delay = 0.74> <Core = "AddSub">   --->   Core 14 'AddSub' <Latency = 0> <II = 1> <Delay = 0.70> <FuncUnit> <Opcode : 'add' 'sub'> <InPorts = 2> <OutPorts = 1>
ST_7 : Operation 212 [1/1] (0.00ns)   --->   "%shl_ln2 = call i14 @_ssdm_op_BitConcatenate.i14.i12.i2(i12 %add_ln1192_20, i2 0)" [firmware/myproject.cpp:53]   --->   Operation 212 'bitconcatenate' 'shl_ln2' <Predicate = true> <Delay = 0.00>
ST_7 : Operation 213 [1/1] (0.76ns)   --->   "%ret_V_34 = sub i14 -16, %shl_ln2" [firmware/myproject.cpp:53]   --->   Operation 213 'sub' 'ret_V_34' <Predicate = true> <Delay = 0.76> <Core = "AddSub">   --->   Core 14 'AddSub' <Latency = 0> <II = 1> <Delay = 0.70> <FuncUnit> <Opcode : 'add' 'sub'> <InPorts = 2> <OutPorts = 1>
ST_7 : Operation 214 [1/1] (0.00ns)   --->   "%trunc_ln708_6 = call i8 @_ssdm_op_PartSelect.i8.i14.i32.i32(i14 %ret_V_34, i32 6, i32 13)" [firmware/myproject.cpp:53]   --->   Operation 214 'partselect' 'trunc_ln708_6' <Predicate = true> <Delay = 0.00>
ST_7 : Operation 215 [1/5] (2.60ns)   --->   "%p_Val2_6 = call fastcc i4 @"sin_lut<ap_fixed<8, 6, 5, 3, 0> >"(i8 %trunc_ln708_12)" [firmware/myproject.cpp:54]   --->   Operation 215 'call' 'p_Val2_6' <Predicate = true> <Delay = 2.60> <CoreType = "Generic">   --->   Core 0 '' <Latency = 0> <II = 1> <Delay = 1.00> <Generic> <Opcode : >
ST_7 : Operation 216 [2/5] (4.33ns)   --->   "%p_0 = call fastcc i4 @"sin_lut<ap_fixed<8, 6, 5, 3, 0> >"(i8 %add_ln703_2)" [firmware/myproject.cpp:54]   --->   Operation 216 'call' 'p_0' <Predicate = true> <Delay = 4.33> <CoreType = "Generic">   --->   Core 0 '' <Latency = 0> <II = 1> <Delay = 1.00> <Generic> <Opcode : >

State 8 <SV = 7> <Delay = 3.31>
ST_8 : Operation 217 [1/1] (0.00ns)   --->   "%sext_ln1192_5 = sext i4 %p_5 to i5" [firmware/myproject.cpp:51]   --->   Operation 217 'sext' 'sext_ln1192_5' <Predicate = true> <Delay = 0.00>
ST_8 : Operation 218 [1/1] (0.00ns) (grouped into DSP with root node mul_ln1192_3)   --->   "%ret_V_8 = add i5 -4, %sext_ln1192_5" [firmware/myproject.cpp:51]   --->   Operation 218 'add' 'ret_V_8' <Predicate = true> <Delay = 0.00> <Core = "DSP48">   --->   Core 88 'DSP48' <Latency = 0> <II = 1> <Delay = 2.53> <IPBlock> <Opcode : 'mul' 'add' 'sub' 'select'> <InPorts = 2> <OutPorts = 1> <Sync> <CReg>
ST_8 : Operation 219 [1/1] (0.00ns)   --->   "%sext_ln1192_6 = sext i10 %r_V to i15" [firmware/myproject.cpp:51]   --->   Operation 219 'sext' 'sext_ln1192_6' <Predicate = true> <Delay = 0.00>
ST_8 : Operation 220 [1/1] (0.00ns) (grouped into DSP with root node mul_ln1192_3)   --->   "%sext_ln1192_7 = sext i5 %ret_V_8 to i15" [firmware/myproject.cpp:51]   --->   Operation 220 'sext' 'sext_ln1192_7' <Predicate = true> <Delay = 0.00>
ST_8 : Operation 221 [1/1] (2.53ns) (root node of the DSP)   --->   "%mul_ln1192_3 = mul i15 %sext_ln1192_7, %sext_ln1192_6" [firmware/myproject.cpp:51]   --->   Operation 221 'mul' 'mul_ln1192_3' <Predicate = true> <Delay = 2.53> <Core = "DSP48">   --->   Core 88 'DSP48' <Latency = 0> <II = 1> <Delay = 2.53> <IPBlock> <Opcode : 'mul' 'add' 'sub' 'select'> <InPorts = 2> <OutPorts = 1> <Sync> <CReg>
ST_8 : Operation 222 [1/5] (2.60ns)   --->   "%p_059 = call fastcc i4 @"sin_lut<ap_fixed<8, 6, 5, 3, 0> >"(i8 %trunc_ln708_s)" [firmware/myproject.cpp:53]   --->   Operation 222 'call' 'p_059' <Predicate = true> <Delay = 2.60> <CoreType = "Generic">   --->   Core 0 '' <Latency = 0> <II = 1> <Delay = 1.00> <Generic> <Opcode : >
ST_8 : Operation 223 [1/1] (0.00ns)   --->   "%sext_ln1116_2 = sext i4 %p_1 to i8" [firmware/myproject.cpp:54]   --->   Operation 223 'sext' 'sext_ln1116_2' <Predicate = true> <Delay = 0.00>
ST_8 : Operation 224 [1/1] (0.78ns)   --->   "%r_V_15 = mul i8 %sext_ln1116_2, %sext_ln1116_2" [firmware/myproject.cpp:54]   --->   Operation 224 'mul' 'r_V_15' <Predicate = true> <Delay = 0.78> <Core = "Mul">   --->   Core 16 'Mul' <Latency = 0> <II = 1> <Delay = 0.78> <FuncUnit> <Opcode : 'mul'> <InPorts = 2> <OutPorts = 1>
ST_8 : Operation 225 [1/1] (0.00ns)   --->   "%sext_ln1118_8 = sext i8 %r_V_15 to i13" [firmware/myproject.cpp:54]   --->   Operation 225 'sext' 'sext_ln1118_8' <Predicate = true> <Delay = 0.00>
ST_8 : Operation 226 [1/1] (0.00ns)   --->   "%sext_ln703_5 = sext i4 %p_Val2_9 to i5" [firmware/myproject.cpp:54]   --->   Operation 226 'sext' 'sext_ln703_5' <Predicate = true> <Delay = 0.00>
ST_8 : Operation 227 [1/1] (0.00ns)   --->   "%sext_ln703_6 = sext i4 %p_Val2_6 to i5" [firmware/myproject.cpp:54]   --->   Operation 227 'sext' 'sext_ln703_6' <Predicate = true> <Delay = 0.00>
ST_8 : Operation 228 [1/1] (0.00ns) (grouped into DSP with root node mul_ln1192_6)   --->   "%ret_V_36 = sub i5 %sext_ln703_5, %sext_ln703_6" [firmware/myproject.cpp:54]   --->   Operation 228 'sub' 'ret_V_36' <Predicate = true> <Delay = 0.00> <Core = "DSP48">   --->   Core 88 'DSP48' <Latency = 0> <II = 1> <Delay = 2.53> <IPBlock> <Opcode : 'mul' 'add' 'sub' 'select'> <InPorts = 2> <OutPorts = 1> <Sync> <CReg>
ST_8 : Operation 229 [1/1] (0.00ns) (grouped into DSP with root node mul_ln1192_6)   --->   "%sext_ln1192_14 = sext i5 %ret_V_36 to i13" [firmware/myproject.cpp:54]   --->   Operation 229 'sext' 'sext_ln1192_14' <Predicate = true> <Delay = 0.00>
ST_8 : Operation 230 [1/1] (2.53ns) (root node of the DSP)   --->   "%mul_ln1192_6 = mul i13 %sext_ln1192_14, %sext_ln1118_8" [firmware/myproject.cpp:54]   --->   Operation 230 'mul' 'mul_ln1192_6' <Predicate = true> <Delay = 2.53> <Core = "DSP48">   --->   Core 88 'DSP48' <Latency = 0> <II = 1> <Delay = 2.53> <IPBlock> <Opcode : 'mul' 'add' 'sub' 'select'> <InPorts = 2> <OutPorts = 1> <Sync> <CReg>
ST_8 : Operation 231 [1/5] (2.60ns)   --->   "%p_0 = call fastcc i4 @"sin_lut<ap_fixed<8, 6, 5, 3, 0> >"(i8 %add_ln703_2)" [firmware/myproject.cpp:54]   --->   Operation 231 'call' 'p_0' <Predicate = true> <Delay = 2.60> <CoreType = "Generic">   --->   Core 0 '' <Latency = 0> <II = 1> <Delay = 1.00> <Generic> <Opcode : >

State 9 <SV = 8> <Delay = 2.53>
ST_9 : Operation 232 [1/1] (0.00ns)   --->   "call void (...)* @_ssdm_op_SpecBitsMap(i8* %y_4_V), !map !169"   --->   Operation 232 'specbitsmap' <Predicate = true> <Delay = 0.00>
ST_9 : Operation 233 [1/1] (0.00ns)   --->   "call void (...)* @_ssdm_op_SpecBitsMap(i8* %y_3_V), !map !175"   --->   Operation 233 'specbitsmap' <Predicate = true> <Delay = 0.00>
ST_9 : Operation 234 [1/1] (0.00ns)   --->   "call void (...)* @_ssdm_op_SpecBitsMap(i8* %y_2_V), !map !181"   --->   Operation 234 'specbitsmap' <Predicate = true> <Delay = 0.00>
ST_9 : Operation 235 [1/1] (0.00ns)   --->   "call void (...)* @_ssdm_op_SpecBitsMap(i8* %y_1_V), !map !187"   --->   Operation 235 'specbitsmap' <Predicate = true> <Delay = 0.00>
ST_9 : Operation 236 [1/1] (0.00ns)   --->   "call void (...)* @_ssdm_op_SpecBitsMap(i8* %y_0_V), !map !193"   --->   Operation 236 'specbitsmap' <Predicate = true> <Delay = 0.00>
ST_9 : Operation 237 [1/1] (0.00ns)   --->   "call void (...)* @_ssdm_op_SpecBitsMap(i128* %x_V), !map !199"   --->   Operation 237 'specbitsmap' <Predicate = true> <Delay = 0.00>
ST_9 : Operation 238 [1/1] (0.00ns)   --->   "call void (...)* @_ssdm_op_SpecTopModule([10 x i8]* @myproject_str) nounwind"   --->   Operation 238 'spectopmodule' <Predicate = true> <Delay = 0.00>
ST_9 : Operation 239 [1/1] (0.00ns)   --->   "call void (...)* @_ssdm_op_SpecInterface(i128* %x_V, [7 x i8]* @p_str2, i32 0, i32 0, [1 x i8]* @p_str1, i32 0, i32 0, [1 x i8]* @p_str1, [1 x i8]* @p_str1, [1 x i8]* @p_str1, i32 0, i32 0, i32 0, i32 0, [1 x i8]* @p_str1, [1 x i8]* @p_str1) nounwind"   --->   Operation 239 'specinterface' <Predicate = true> <Delay = 0.00>
ST_9 : Operation 240 [1/1] (0.00ns)   --->   "call void (...)* @_ssdm_op_SpecInterface(i8* %y_0_V, i8* %y_1_V, i8* %y_2_V, i8* %y_3_V, i8* %y_4_V, [7 x i8]* @p_str2, i32 0, i32 0, [1 x i8]* @p_str1, i32 0, i32 0, [1 x i8]* @p_str1, [1 x i8]* @p_str1, [1 x i8]* @p_str1, i32 0, i32 0, i32 0, i32 0, [1 x i8]* @p_str1, [1 x i8]* @p_str1) nounwind" [firmware/myproject.cpp:32]   --->   Operation 240 'specinterface' <Predicate = true> <Delay = 0.00>
ST_9 : Operation 241 [1/1] (0.00ns)   --->   "call void (...)* @_ssdm_op_SpecPipeline(i32 -1, i32 1, i32 1, i32 0, [1 x i8]* @p_str1) nounwind" [firmware/myproject.cpp:33]   --->   Operation 241 'specpipeline' <Predicate = true> <Delay = 0.00>
ST_9 : Operation 242 [1/1] (0.00ns)   --->   "call void @_ssdm_op_Write.ap_vld.i8P(i8* %y_0_V, i8 %trunc_ln708_3)" [firmware/myproject.cpp:50]   --->   Operation 242 'write' <Predicate = true> <Delay = 0.00>
ST_9 : Operation 243 [1/1] (0.00ns)   --->   "%sext_ln1192_8 = sext i4 %p_6 to i15" [firmware/myproject.cpp:51]   --->   Operation 243 'sext' 'sext_ln1192_8' <Predicate = true> <Delay = 0.00>
ST_9 : Operation 244 [1/1] (0.49ns) (grouped into DSP with root node ret_V_27)   --->   "%mul_ln1192_4 = mul i15 %sext_ln1192_8, %mul_ln1192_3" [firmware/myproject.cpp:51]   --->   Operation 244 'mul' 'mul_ln1192_4' <Predicate = true> <Delay = 0.49> <Core = "DSP48">   --->   Core 88 'DSP48' <Latency = 0> <II = 1> <Delay = 2.53> <IPBlock> <Opcode : 'mul' 'add' 'sub' 'select'> <InPorts = 2> <OutPorts = 1> <Sync> <CReg>
ST_9 : Operation 245 [1/1] (2.03ns) (root node of the DSP)   --->   "%ret_V_27 = add i15 -1024, %mul_ln1192_4" [firmware/myproject.cpp:51]   --->   Operation 245 'add' 'ret_V_27' <Predicate = true> <Delay = 2.03> <Core = "DSP48">   --->   Core 88 'DSP48' <Latency = 0> <II = 1> <Delay = 2.53> <IPBlock> <Opcode : 'mul' 'add' 'sub' 'select'> <InPorts = 2> <OutPorts = 1> <Sync> <CReg>
ST_9 : Operation 246 [1/1] (0.00ns)   --->   "%tmp = call i7 @_ssdm_op_PartSelect.i7.i15.i32.i32(i15 %ret_V_27, i32 8, i32 14)" [firmware/myproject.cpp:51]   --->   Operation 246 'partselect' 'tmp' <Predicate = true> <Delay = 0.00>
ST_9 : Operation 247 [1/1] (0.00ns)   --->   "%sext_ln708 = sext i7 %tmp to i8" [firmware/myproject.cpp:51]   --->   Operation 247 'sext' 'sext_ln708' <Predicate = true> <Delay = 0.00>
ST_9 : Operation 248 [1/1] (0.00ns)   --->   "call void @_ssdm_op_Write.ap_vld.i8P(i8* %y_1_V, i8 %sext_ln708)" [firmware/myproject.cpp:51]   --->   Operation 248 'write' <Predicate = true> <Delay = 0.00>
ST_9 : Operation 249 [1/1] (0.00ns)   --->   "call void @_ssdm_op_Write.ap_vld.i8P(i8* %y_2_V, i8 %trunc_ln708_9)" [firmware/myproject.cpp:52]   --->   Operation 249 'write' <Predicate = true> <Delay = 0.00>
ST_9 : Operation 250 [1/1] (0.00ns)   --->   "call void @_ssdm_op_Write.ap_vld.i8P(i8* %y_3_V, i8 %trunc_ln708_6)" [firmware/myproject.cpp:53]   --->   Operation 250 'write' <Predicate = true> <Delay = 0.00>
ST_9 : Operation 251 [1/1] (0.00ns)   --->   "%sext_ln1192_15 = sext i13 %mul_ln1192_6 to i14" [firmware/myproject.cpp:54]   --->   Operation 251 'sext' 'sext_ln1192_15' <Predicate = true> <Delay = 0.00>
ST_9 : Operation 252 [1/1] (0.00ns)   --->   "%sext_ln1192_16 = sext i4 %p_0 to i14" [firmware/myproject.cpp:54]   --->   Operation 252 'sext' 'sext_ln1192_16' <Predicate = true> <Delay = 0.00>
ST_9 : Operation 253 [1/1] (0.49ns) (grouped into DSP with root node ret_V_37)   --->   "%mul_ln1192_7 = mul i14 %sext_ln1192_16, %sext_ln1192_15" [firmware/myproject.cpp:54]   --->   Operation 253 'mul' 'mul_ln1192_7' <Predicate = true> <Delay = 0.49> <Core = "DSP48">   --->   Core 88 'DSP48' <Latency = 0> <II = 1> <Delay = 2.53> <IPBlock> <Opcode : 'mul' 'add' 'sub' 'select'> <InPorts = 2> <OutPorts = 1> <Sync> <CReg>
ST_9 : Operation 254 [1/1] (2.03ns) (root node of the DSP)   --->   "%ret_V_37 = add i14 -256, %mul_ln1192_7" [firmware/myproject.cpp:54]   --->   Operation 254 'add' 'ret_V_37' <Predicate = true> <Delay = 2.03> <Core = "DSP48">   --->   Core 88 'DSP48' <Latency = 0> <II = 1> <Delay = 2.53> <IPBlock> <Opcode : 'mul' 'add' 'sub' 'select'> <InPorts = 2> <OutPorts = 1> <Sync> <CReg>
ST_9 : Operation 255 [1/1] (0.00ns)   --->   "%trunc_ln708_13 = call i8 @_ssdm_op_PartSelect.i8.i14.i32.i32(i14 %ret_V_37, i32 6, i32 13)" [firmware/myproject.cpp:54]   --->   Operation 255 'partselect' 'trunc_ln708_13' <Predicate = true> <Delay = 0.00>
ST_9 : Operation 256 [1/1] (0.00ns)   --->   "call void @_ssdm_op_Write.ap_vld.i8P(i8* %y_4_V, i8 %trunc_ln708_13)" [firmware/myproject.cpp:54]   --->   Operation 256 'write' <Predicate = true> <Delay = 0.00>
ST_9 : Operation 257 [1/1] (0.00ns)   --->   "ret void" [firmware/myproject.cpp:56]   --->   Operation 257 'ret' <Predicate = true> <Delay = 0.00>


============================================================
+ Verbose Summary: Timing violations
============================================================
Target clock period: 5ns, clock uncertainty: 0.625ns.

 <State 1>: 4.09ns
The critical path consists of the following:
	wire read on port 'x_V' (firmware/myproject.cpp:50) [17]  (0 ns)
	'sub' operation ('r.V', firmware/myproject.cpp:54) [163]  (0 ns)
	'add' operation ('add_ln1192_23', firmware/myproject.cpp:54) [164]  (0.777 ns)
	'mul' operation of DSP[166] ('mul_ln1118_3', firmware/myproject.cpp:54) [166]  (2.53 ns)
	'shl' operation ('shl_ln1118_1', firmware/myproject.cpp:54) [167]  (0 ns)
	'add' operation ('r.V', firmware/myproject.cpp:54) [169]  (0.785 ns)

 <State 2>: 4.34ns
The critical path consists of the following:
	'call' operation ('p_s', firmware/myproject.cpp:50) to 'sin_lut<ap_fixed<8, 6, 5, 3, 0> >' [27]  (4.34 ns)

 <State 3>: 4.34ns
The critical path consists of the following:
	'call' operation ('p_s', firmware/myproject.cpp:50) to 'sin_lut<ap_fixed<8, 6, 5, 3, 0> >' [27]  (4.34 ns)

 <State 4>: 4.34ns
The critical path consists of the following:
	'call' operation ('p_s', firmware/myproject.cpp:50) to 'sin_lut<ap_fixed<8, 6, 5, 3, 0> >' [27]  (4.34 ns)

 <State 5>: 4.34ns
The critical path consists of the following:
	'call' operation ('p_Val2_3', firmware/myproject.cpp:50) to 'sin_lut<ap_fixed<8, 6, 5, 3, 0> >' [42]  (4.34 ns)

 <State 6>: 4.34ns
The critical path consists of the following:
	'call' operation ('p_060', firmware/myproject.cpp:53) to 'sin_lut<ap_fixed<8, 6, 5, 3, 0> >' [130]  (4.34 ns)

 <State 7>: 4.34ns
The critical path consists of the following:
	'call' operation ('p_059', firmware/myproject.cpp:53) to 'sin_lut<ap_fixed<8, 6, 5, 3, 0> >' [138]  (4.34 ns)

 <State 8>: 3.31ns
The critical path consists of the following:
	'mul' operation ('r.V', firmware/myproject.cpp:54) [160]  (0.78 ns)
	'mul' operation of DSP[181] ('mul_ln1192_6', firmware/myproject.cpp:54) [181]  (2.53 ns)

 <State 9>: 2.53ns
The critical path consists of the following:
	'mul' operation of DSP[93] ('mul_ln1192_4', firmware/myproject.cpp:51) [92]  (0.494 ns)
	'add' operation of DSP[93] ('ret.V', firmware/myproject.cpp:51) [93]  (2.04 ns)


============================================================
+ Verbose Summary: Binding
============================================================
N/A
* FSMD analyzer results:
  - Output states:
 - Input state : 
  - Chain level:
	State 1
	State 2
	State 3
	State 4
	State 5
	State 6
	State 7
	State 8
	State 9


============================================================
+ Verbose Summary: Datapath Resource usage 
============================================================
N/A
