

================================================================
== Vivado HLS Report for 'cordic_circ_apfixed_10_3_0_s'
================================================================
* Date:           Sun Feb 26 14:55:13 2023

* Version:        2020.1 (Build 2897737 on Wed May 27 20:21:37 MDT 2020)
* Project:        myproject_prj
* Solution:       solution1
* Product family: virtexuplus
* Target device:  xcvu9p-flga2577-2-e


================================================================
== Performance Estimates
================================================================
+ Timing: 
    * Summary: 
    +--------+---------+----------+------------+
    |  Clock |  Target | Estimated| Uncertainty|
    +--------+---------+----------+------------+
    |ap_clk  | 5.00 ns | 4.314 ns |   0.62 ns  |
    +--------+---------+----------+------------+

+ Latency: 
    * Summary: 
    +---------+---------+-----------+-----------+-----+-----+----------+
    |  Latency (cycles) |   Latency (absolute)  |  Interval | Pipeline |
    |   min   |   max   |    min    |    max    | min | max |   Type   |
    +---------+---------+-----------+-----------+-----+-----+----------+
    |        2|        2| 10.000 ns | 10.000 ns |    1|    1| function |
    +---------+---------+-----------+-----------+-----+-----+----------+

    + Detail: 
        * Instance: 
        N/A

        * Loop: 
        N/A

============================================================
+ Verbose Summary: Synthesis Manager
============================================================
InlineROM: 1
ExposeGlobal: 0
============================================================
+ Verbose Summary: CDFG Model
============================================================
IsTopModel: 0
ResetActiveHigh: 1
IsCombinational: 0
IsDatapathOnly: 0
HasWiredReturn: 1
HasMFsm: 2
HasVarLatency: 0
IsPipeline: 1
IsRtlPipelined: 1
IsInstanceOverlapped: 0
IsDontTouch: 0
HasImplIP: 0
IsGatedGlobalClock: 0

+ Individual pipeline summary: 
  * Pipeline-0: initiation interval (II) = 1, depth = 3


============================================================
+ Verbose Summary: Schedule
============================================================
* Number of FSM states : 3
* Pipeline : 1
  Pipeline-0 : II = 1, D = 3, States = { 1 2 3 }
* Dataflow Pipeline: 0

* FSM state transitions: 
1 --> 2 
2 --> 3 
3 --> 

* FSM state operations: 

State 1 <SV = 0> <Delay = 4.31>
ST_1 : Operation 4 [1/1] (0.00ns)   --->   "%z_V_read_1 = call i9 @_ssdm_op_Read.ap_auto.i9(i9 %z_V_read)"   --->   Operation 4 'read' 'z_V_read_1' <Predicate = true> <Delay = 0.00>
ST_1 : Operation 5 [1/1] (0.00ns) (grouped into LUT with out node add_ln101)   --->   "%z_V_read_cast = sext i9 %z_V_read_1 to i10"   --->   Operation 5 'sext' 'z_V_read_cast' <Predicate = true> <Delay = 0.00>
ST_1 : Operation 6 [1/1] (0.00ns)   --->   "%tmp = call i1 @_ssdm_op_BitSelect.i1.i9.i32(i9 %z_V_read_1, i32 8)" [/data/tools/Xilinx/Vivado/2020.1/common/technology/autopilot/hls_cordic_apfixed.h:101]   --->   Operation 6 'bitselect' 'tmp' <Predicate = true> <Delay = 0.00>
ST_1 : Operation 7 [1/1] (0.00ns) (grouped into LUT with out node add_ln101)   --->   "%select_ln101 = select i1 %tmp, i10 100, i10 -100" [/data/tools/Xilinx/Vivado/2020.1/common/technology/autopilot/hls_cordic_apfixed.h:101]   --->   Operation 7 'select' 'select_ln101' <Predicate = true> <Delay = 0.00> <Core = "Sel">   --->   Core 26 'Sel' <Latency = 0> <II = 1> <Delay = 0.30> <FuncUnit> <Opcode : 'select'> <InPorts = 3> <OutPorts = 1>
ST_1 : Operation 8 [1/1] (0.71ns) (out node of the LUT)   --->   "%add_ln101 = add i10 %z_V_read_cast, %select_ln101" [/data/tools/Xilinx/Vivado/2020.1/common/technology/autopilot/hls_cordic_apfixed.h:101]   --->   Operation 8 'add' 'add_ln101' <Predicate = true> <Delay = 0.71> <Core = "AddSub">   --->   Core 14 'AddSub' <Latency = 0> <II = 1> <Delay = 0.72> <FuncUnit> <Opcode : 'add' 'sub'> <InPorts = 2> <OutPorts = 1>
ST_1 : Operation 9 [1/1] (0.00ns)   --->   "%tmp_1 = call i1 @_ssdm_op_BitSelect.i1.i10.i32(i10 %add_ln101, i32 9)" [/data/tools/Xilinx/Vivado/2020.1/common/technology/autopilot/hls_cordic_apfixed.h:101]   --->   Operation 9 'bitselect' 'tmp_1' <Predicate = true> <Delay = 0.00>
ST_1 : Operation 10 [1/1] (0.00ns) (grouped into LUT with out node select_ln101_3)   --->   "%select_ln203 = select i1 %tmp, i7 38, i7 -13" [/data/tools/Xilinx/Vivado/2020.1/common/technology/autopilot/hls_cordic_apfixed.h:102]   --->   Operation 10 'select' 'select_ln203' <Predicate = true> <Delay = 0.00> <Core = "Sel">   --->   Core 26 'Sel' <Latency = 0> <II = 1> <Delay = 0.30> <FuncUnit> <Opcode : 'select'> <InPorts = 3> <OutPorts = 1>
ST_1 : Operation 11 [1/1] (0.00ns) (grouped into LUT with out node select_ln101_2)   --->   "%select_ln203_1 = select i1 %tmp, i8 -115, i8 39" [/data/tools/Xilinx/Vivado/2020.1/common/technology/autopilot/hls_cordic_apfixed.h:103]   --->   Operation 11 'select' 'select_ln203_1' <Predicate = true> <Delay = 0.00> <Core = "Sel">   --->   Core 26 'Sel' <Latency = 0> <II = 1> <Delay = 0.30> <FuncUnit> <Opcode : 'select'> <InPorts = 3> <OutPorts = 1>
ST_1 : Operation 12 [1/1] (0.00ns) (grouped into LUT with out node select_ln101_3)   --->   "%select_ln203_2 = select i1 %tmp, i7 -12, i7 39" [/data/tools/Xilinx/Vivado/2020.1/common/technology/autopilot/hls_cordic_apfixed.h:102]   --->   Operation 12 'select' 'select_ln203_2' <Predicate = true> <Delay = 0.00> <Core = "Sel">   --->   Core 26 'Sel' <Latency = 0> <II = 1> <Delay = 0.30> <FuncUnit> <Opcode : 'select'> <InPorts = 3> <OutPorts = 1>
ST_1 : Operation 13 [1/1] (0.00ns) (grouped into LUT with out node select_ln101_2)   --->   "%select_ln203_3 = select i1 %tmp, i8 -39, i8 115" [/data/tools/Xilinx/Vivado/2020.1/common/technology/autopilot/hls_cordic_apfixed.h:103]   --->   Operation 13 'select' 'select_ln203_3' <Predicate = true> <Delay = 0.00> <Core = "Sel">   --->   Core 26 'Sel' <Latency = 0> <II = 1> <Delay = 0.30> <FuncUnit> <Opcode : 'select'> <InPorts = 3> <OutPorts = 1>
ST_1 : Operation 14 [1/1] (0.00ns)   --->   "%tmp_2 = call i1 @_ssdm_op_BitSelect.i1.i10.i32(i10 %add_ln101, i32 9)" [/data/tools/Xilinx/Vivado/2020.1/common/technology/autopilot/hls_cordic_apfixed.h:101]   --->   Operation 14 'bitselect' 'tmp_2' <Predicate = true> <Delay = 0.00>
ST_1 : Operation 15 [1/1] (0.30ns)   --->   "%select_ln101_1 = select i1 %tmp_2, i10 118, i10 0" [/data/tools/Xilinx/Vivado/2020.1/common/technology/autopilot/hls_cordic_apfixed.h:101]   --->   Operation 15 'select' 'select_ln101_1' <Predicate = true> <Delay = 0.30> <Core = "Sel">   --->   Core 26 'Sel' <Latency = 0> <II = 1> <Delay = 0.30> <FuncUnit> <Opcode : 'select'> <InPorts = 3> <OutPorts = 1>
ST_1 : Operation 16 [1/1] (0.00ns) (grouped into TernaryAdder)   --->   "%add_ln101_1 = add i10 -59, %add_ln101" [/data/tools/Xilinx/Vivado/2020.1/common/technology/autopilot/hls_cordic_apfixed.h:101]   --->   Operation 16 'add' 'add_ln101_1' <Predicate = true> <Delay = 0.00> <Core = "TAddSub">   --->   Core 83 'TAddSub' <Latency = 0> <II = 1> <Delay = 0.39> <IPBlock> <Opcode : 'add' 'sub'> <InPorts = 3> <OutPorts = 1> <Sync> <CReg>
ST_1 : Operation 17 [1/1] (0.79ns) (root node of TernaryAdder)   --->   "%add_ln101_2 = add i10 %select_ln101_1, %add_ln101_1" [/data/tools/Xilinx/Vivado/2020.1/common/technology/autopilot/hls_cordic_apfixed.h:101]   --->   Operation 17 'add' 'add_ln101_2' <Predicate = true> <Delay = 0.79> <Core = "TAddSub">   --->   Core 83 'TAddSub' <Latency = 0> <II = 1> <Delay = 0.39> <IPBlock> <Opcode : 'add' 'sub'> <InPorts = 3> <OutPorts = 1> <Sync> <CReg>
ST_1 : Operation 18 [1/1] (0.30ns) (out node of the LUT)   --->   "%select_ln101_2 = select i1 %tmp_1, i8 %select_ln203_1, i8 %select_ln203_3" [/data/tools/Xilinx/Vivado/2020.1/common/technology/autopilot/hls_cordic_apfixed.h:101]   --->   Operation 18 'select' 'select_ln101_2' <Predicate = true> <Delay = 0.30> <Core = "Sel">   --->   Core 26 'Sel' <Latency = 0> <II = 1> <Delay = 0.30> <FuncUnit> <Opcode : 'select'> <InPorts = 3> <OutPorts = 1>
ST_1 : Operation 19 [1/1] (0.00ns)   --->   "%sext_ln101 = sext i8 %select_ln101_2 to i9" [/data/tools/Xilinx/Vivado/2020.1/common/technology/autopilot/hls_cordic_apfixed.h:101]   --->   Operation 19 'sext' 'sext_ln101' <Predicate = true> <Delay = 0.00>
ST_1 : Operation 20 [1/1] (0.30ns) (out node of the LUT)   --->   "%select_ln101_3 = select i1 %tmp_1, i7 %select_ln203, i7 %select_ln203_2" [/data/tools/Xilinx/Vivado/2020.1/common/technology/autopilot/hls_cordic_apfixed.h:101]   --->   Operation 20 'select' 'select_ln101_3' <Predicate = true> <Delay = 0.30> <Core = "Sel">   --->   Core 26 'Sel' <Latency = 0> <II = 1> <Delay = 0.30> <FuncUnit> <Opcode : 'select'> <InPorts = 3> <OutPorts = 1>
ST_1 : Operation 21 [1/1] (0.00ns)   --->   "%zext_ln1333_2 = zext i7 %select_ln101_3 to i8" [/data/tools/Xilinx/Vivado/2020.1/common/technology/autopilot/hls_cordic_apfixed.h:97]   --->   Operation 21 'zext' 'zext_ln1333_2' <Predicate = true> <Delay = 0.00>
ST_1 : Operation 22 [1/1] (0.00ns)   --->   "%lshr_ln = call i5 @_ssdm_op_PartSelect.i5.i7.i32.i32(i7 %select_ln101_3, i32 2, i32 6)" [/data/tools/Xilinx/Vivado/2020.1/common/technology/autopilot/hls_cordic_apfixed.h:97]   --->   Operation 22 'partselect' 'lshr_ln' <Predicate = true> <Delay = 0.00>
ST_1 : Operation 23 [1/1] (0.00ns)   --->   "%zext_ln1333 = zext i5 %lshr_ln to i9" [/data/tools/Xilinx/Vivado/2020.1/common/technology/autopilot/hls_cordic_apfixed.h:98]   --->   Operation 23 'zext' 'zext_ln1333' <Predicate = true> <Delay = 0.00>
ST_1 : Operation 24 [1/1] (0.00ns)   --->   "%tmp_3 = call i6 @_ssdm_op_PartSelect.i6.i8.i32.i32(i8 %select_ln101_2, i32 2, i32 7)" [/data/tools/Xilinx/Vivado/2020.1/common/technology/autopilot/hls_cordic_apfixed.h:101]   --->   Operation 24 'partselect' 'tmp_3' <Predicate = true> <Delay = 0.00>
ST_1 : Operation 25 [1/1] (0.00ns)   --->   "%sext_ln101_1 = sext i6 %tmp_3 to i8" [/data/tools/Xilinx/Vivado/2020.1/common/technology/autopilot/hls_cordic_apfixed.h:101]   --->   Operation 25 'sext' 'sext_ln101_1' <Predicate = true> <Delay = 0.00>
ST_1 : Operation 26 [1/1] (0.00ns)   --->   "%tmp_4 = call i1 @_ssdm_op_BitSelect.i1.i10.i32(i10 %add_ln101_2, i32 9)" [/data/tools/Xilinx/Vivado/2020.1/common/technology/autopilot/hls_cordic_apfixed.h:101]   --->   Operation 26 'bitselect' 'tmp_4' <Predicate = true> <Delay = 0.00>
ST_1 : Operation 27 [1/1] (0.70ns)   --->   "%add_ln203 = add i8 %sext_ln101_1, %zext_ln1333_2" [/data/tools/Xilinx/Vivado/2020.1/common/technology/autopilot/hls_cordic_apfixed.h:102]   --->   Operation 27 'add' 'add_ln203' <Predicate = true> <Delay = 0.70> <Core = "AddSub">   --->   Core 14 'AddSub' <Latency = 0> <II = 1> <Delay = 0.72> <FuncUnit> <Opcode : 'add' 'sub'> <InPorts = 2> <OutPorts = 1>
ST_1 : Operation 28 [1/1] (0.70ns)   --->   "%sub_ln203 = sub i9 %sext_ln101, %zext_ln1333" [/data/tools/Xilinx/Vivado/2020.1/common/technology/autopilot/hls_cordic_apfixed.h:103]   --->   Operation 28 'sub' 'sub_ln203' <Predicate = true> <Delay = 0.70> <Core = "AddSub">   --->   Core 14 'AddSub' <Latency = 0> <II = 1> <Delay = 0.72> <FuncUnit> <Opcode : 'add' 'sub'> <InPorts = 2> <OutPorts = 1>
ST_1 : Operation 29 [1/1] (0.70ns)   --->   "%sub_ln203_1 = sub i8 %zext_ln1333_2, %sext_ln101_1" [/data/tools/Xilinx/Vivado/2020.1/common/technology/autopilot/hls_cordic_apfixed.h:102]   --->   Operation 29 'sub' 'sub_ln203_1' <Predicate = true> <Delay = 0.70> <Core = "AddSub">   --->   Core 14 'AddSub' <Latency = 0> <II = 1> <Delay = 0.72> <FuncUnit> <Opcode : 'add' 'sub'> <InPorts = 2> <OutPorts = 1>
ST_1 : Operation 30 [1/1] (0.70ns)   --->   "%add_ln203_1 = add i9 %zext_ln1333, %sext_ln101" [/data/tools/Xilinx/Vivado/2020.1/common/technology/autopilot/hls_cordic_apfixed.h:103]   --->   Operation 30 'add' 'add_ln203_1' <Predicate = true> <Delay = 0.70> <Core = "AddSub">   --->   Core 14 'AddSub' <Latency = 0> <II = 1> <Delay = 0.72> <FuncUnit> <Opcode : 'add' 'sub'> <InPorts = 2> <OutPorts = 1>
ST_1 : Operation 31 [1/1] (0.00ns)   --->   "%tmp_5 = call i1 @_ssdm_op_BitSelect.i1.i10.i32(i10 %add_ln101_2, i32 9)" [/data/tools/Xilinx/Vivado/2020.1/common/technology/autopilot/hls_cordic_apfixed.h:101]   --->   Operation 31 'bitselect' 'tmp_5' <Predicate = true> <Delay = 0.00>
ST_1 : Operation 32 [1/1] (0.30ns)   --->   "%select_ln101_4 = select i1 %tmp_5, i10 62, i10 0" [/data/tools/Xilinx/Vivado/2020.1/common/technology/autopilot/hls_cordic_apfixed.h:101]   --->   Operation 32 'select' 'select_ln101_4' <Predicate = true> <Delay = 0.30> <Core = "Sel">   --->   Core 26 'Sel' <Latency = 0> <II = 1> <Delay = 0.30> <FuncUnit> <Opcode : 'select'> <InPorts = 3> <OutPorts = 1>
ST_1 : Operation 33 [1/1] (0.00ns) (grouped into TernaryAdder)   --->   "%add_ln101_3 = add i10 -31, %add_ln101_2" [/data/tools/Xilinx/Vivado/2020.1/common/technology/autopilot/hls_cordic_apfixed.h:101]   --->   Operation 33 'add' 'add_ln101_3' <Predicate = true> <Delay = 0.00> <Core = "TAddSub">   --->   Core 83 'TAddSub' <Latency = 0> <II = 1> <Delay = 0.39> <IPBlock> <Opcode : 'add' 'sub'> <InPorts = 3> <OutPorts = 1> <Sync> <CReg>
ST_1 : Operation 34 [1/1] (0.79ns) (root node of TernaryAdder)   --->   "%add_ln101_4 = add i10 %select_ln101_4, %add_ln101_3" [/data/tools/Xilinx/Vivado/2020.1/common/technology/autopilot/hls_cordic_apfixed.h:101]   --->   Operation 34 'add' 'add_ln101_4' <Predicate = true> <Delay = 0.79> <Core = "TAddSub">   --->   Core 83 'TAddSub' <Latency = 0> <II = 1> <Delay = 0.39> <IPBlock> <Opcode : 'add' 'sub'> <InPorts = 3> <OutPorts = 1> <Sync> <CReg>
ST_1 : Operation 35 [1/1] (0.30ns)   --->   "%select_ln101_5 = select i1 %tmp_4, i9 %sub_ln203, i9 %add_ln203_1" [/data/tools/Xilinx/Vivado/2020.1/common/technology/autopilot/hls_cordic_apfixed.h:101]   --->   Operation 35 'select' 'select_ln101_5' <Predicate = true> <Delay = 0.30> <Core = "Sel">   --->   Core 26 'Sel' <Latency = 0> <II = 1> <Delay = 0.30> <FuncUnit> <Opcode : 'select'> <InPorts = 3> <OutPorts = 1>
ST_1 : Operation 36 [1/1] (0.30ns)   --->   "%select_ln101_6 = select i1 %tmp_4, i8 %add_ln203, i8 %sub_ln203_1" [/data/tools/Xilinx/Vivado/2020.1/common/technology/autopilot/hls_cordic_apfixed.h:101]   --->   Operation 36 'select' 'select_ln101_6' <Predicate = true> <Delay = 0.30> <Core = "Sel">   --->   Core 26 'Sel' <Latency = 0> <II = 1> <Delay = 0.30> <FuncUnit> <Opcode : 'select'> <InPorts = 3> <OutPorts = 1>
ST_1 : Operation 37 [1/1] (0.00ns)   --->   "%zext_ln101 = zext i8 %select_ln101_6 to i9" [/data/tools/Xilinx/Vivado/2020.1/common/technology/autopilot/hls_cordic_apfixed.h:101]   --->   Operation 37 'zext' 'zext_ln101' <Predicate = true> <Delay = 0.00>
ST_1 : Operation 38 [1/1] (0.00ns)   --->   "%tmp_6 = call i5 @_ssdm_op_PartSelect.i5.i8.i32.i32(i8 %select_ln101_6, i32 3, i32 7)" [/data/tools/Xilinx/Vivado/2020.1/common/technology/autopilot/hls_cordic_apfixed.h:97]   --->   Operation 38 'partselect' 'tmp_6' <Predicate = true> <Delay = 0.00>
ST_1 : Operation 39 [1/1] (0.00ns)   --->   "%zext_ln1333_1 = zext i5 %tmp_6 to i9" [/data/tools/Xilinx/Vivado/2020.1/common/technology/autopilot/hls_cordic_apfixed.h:98]   --->   Operation 39 'zext' 'zext_ln1333_1' <Predicate = true> <Delay = 0.00>
ST_1 : Operation 40 [1/1] (0.00ns)   --->   "%tmp_7 = call i6 @_ssdm_op_PartSelect.i6.i9.i32.i32(i9 %select_ln101_5, i32 3, i32 8)" [/data/tools/Xilinx/Vivado/2020.1/common/technology/autopilot/hls_cordic_apfixed.h:101]   --->   Operation 40 'partselect' 'tmp_7' <Predicate = true> <Delay = 0.00>
ST_1 : Operation 41 [1/1] (0.00ns)   --->   "%sext_ln101_3 = sext i6 %tmp_7 to i9" [/data/tools/Xilinx/Vivado/2020.1/common/technology/autopilot/hls_cordic_apfixed.h:101]   --->   Operation 41 'sext' 'sext_ln101_3' <Predicate = true> <Delay = 0.00>
ST_1 : Operation 42 [1/1] (0.00ns)   --->   "%tmp_8 = call i1 @_ssdm_op_BitSelect.i1.i10.i32(i10 %add_ln101_4, i32 9)" [/data/tools/Xilinx/Vivado/2020.1/common/technology/autopilot/hls_cordic_apfixed.h:101]   --->   Operation 42 'bitselect' 'tmp_8' <Predicate = true> <Delay = 0.00>
ST_1 : Operation 43 [1/1] (0.70ns)   --->   "%add_ln203_2 = add i9 %sext_ln101_3, %zext_ln101" [/data/tools/Xilinx/Vivado/2020.1/common/technology/autopilot/hls_cordic_apfixed.h:102]   --->   Operation 43 'add' 'add_ln203_2' <Predicate = true> <Delay = 0.70> <Core = "AddSub">   --->   Core 14 'AddSub' <Latency = 0> <II = 1> <Delay = 0.72> <FuncUnit> <Opcode : 'add' 'sub'> <InPorts = 2> <OutPorts = 1>
ST_1 : Operation 44 [1/1] (0.71ns)   --->   "%sub_ln203_2 = sub i9 %select_ln101_5, %zext_ln1333_1" [/data/tools/Xilinx/Vivado/2020.1/common/technology/autopilot/hls_cordic_apfixed.h:103]   --->   Operation 44 'sub' 'sub_ln203_2' <Predicate = true> <Delay = 0.71> <Core = "AddSub">   --->   Core 14 'AddSub' <Latency = 0> <II = 1> <Delay = 0.72> <FuncUnit> <Opcode : 'add' 'sub'> <InPorts = 2> <OutPorts = 1>
ST_1 : Operation 45 [1/1] (0.70ns)   --->   "%sub_ln203_3 = sub i9 %zext_ln101, %sext_ln101_3" [/data/tools/Xilinx/Vivado/2020.1/common/technology/autopilot/hls_cordic_apfixed.h:102]   --->   Operation 45 'sub' 'sub_ln203_3' <Predicate = true> <Delay = 0.70> <Core = "AddSub">   --->   Core 14 'AddSub' <Latency = 0> <II = 1> <Delay = 0.72> <FuncUnit> <Opcode : 'add' 'sub'> <InPorts = 2> <OutPorts = 1>
ST_1 : Operation 46 [1/1] (0.71ns)   --->   "%add_ln203_3 = add i9 %zext_ln1333_1, %select_ln101_5" [/data/tools/Xilinx/Vivado/2020.1/common/technology/autopilot/hls_cordic_apfixed.h:103]   --->   Operation 46 'add' 'add_ln203_3' <Predicate = true> <Delay = 0.71> <Core = "AddSub">   --->   Core 14 'AddSub' <Latency = 0> <II = 1> <Delay = 0.72> <FuncUnit> <Opcode : 'add' 'sub'> <InPorts = 2> <OutPorts = 1>
ST_1 : Operation 47 [1/1] (0.00ns)   --->   "%tmp_9 = call i1 @_ssdm_op_BitSelect.i1.i10.i32(i10 %add_ln101_4, i32 9)" [/data/tools/Xilinx/Vivado/2020.1/common/technology/autopilot/hls_cordic_apfixed.h:101]   --->   Operation 47 'bitselect' 'tmp_9' <Predicate = true> <Delay = 0.00>
ST_1 : Operation 48 [1/1] (0.29ns)   --->   "%select_ln101_7 = select i1 %tmp_9, i10 30, i10 0" [/data/tools/Xilinx/Vivado/2020.1/common/technology/autopilot/hls_cordic_apfixed.h:101]   --->   Operation 48 'select' 'select_ln101_7' <Predicate = true> <Delay = 0.29> <Core = "Sel">   --->   Core 26 'Sel' <Latency = 0> <II = 1> <Delay = 0.30> <FuncUnit> <Opcode : 'select'> <InPorts = 3> <OutPorts = 1>
ST_1 : Operation 49 [1/1] (0.00ns) (grouped into TernaryAdder)   --->   "%add_ln101_5 = add i10 -15, %add_ln101_4" [/data/tools/Xilinx/Vivado/2020.1/common/technology/autopilot/hls_cordic_apfixed.h:101]   --->   Operation 49 'add' 'add_ln101_5' <Predicate = true> <Delay = 0.00> <Core = "TAddSub">   --->   Core 83 'TAddSub' <Latency = 0> <II = 1> <Delay = 0.39> <IPBlock> <Opcode : 'add' 'sub'> <InPorts = 3> <OutPorts = 1> <Sync> <CReg>
ST_1 : Operation 50 [1/1] (0.79ns) (root node of TernaryAdder)   --->   "%add_ln101_6 = add i10 %select_ln101_7, %add_ln101_5" [/data/tools/Xilinx/Vivado/2020.1/common/technology/autopilot/hls_cordic_apfixed.h:101]   --->   Operation 50 'add' 'add_ln101_6' <Predicate = true> <Delay = 0.79> <Core = "TAddSub">   --->   Core 83 'TAddSub' <Latency = 0> <II = 1> <Delay = 0.39> <IPBlock> <Opcode : 'add' 'sub'> <InPorts = 3> <OutPorts = 1> <Sync> <CReg>
ST_1 : Operation 51 [1/1] (0.30ns)   --->   "%select_ln101_8 = select i1 %tmp_8, i9 %sub_ln203_2, i9 %add_ln203_3" [/data/tools/Xilinx/Vivado/2020.1/common/technology/autopilot/hls_cordic_apfixed.h:101]   --->   Operation 51 'select' 'select_ln101_8' <Predicate = true> <Delay = 0.30> <Core = "Sel">   --->   Core 26 'Sel' <Latency = 0> <II = 1> <Delay = 0.30> <FuncUnit> <Opcode : 'select'> <InPorts = 3> <OutPorts = 1>
ST_1 : Operation 52 [1/1] (0.30ns)   --->   "%select_ln101_9 = select i1 %tmp_8, i9 %add_ln203_2, i9 %sub_ln203_3" [/data/tools/Xilinx/Vivado/2020.1/common/technology/autopilot/hls_cordic_apfixed.h:101]   --->   Operation 52 'select' 'select_ln101_9' <Predicate = true> <Delay = 0.30> <Core = "Sel">   --->   Core 26 'Sel' <Latency = 0> <II = 1> <Delay = 0.30> <FuncUnit> <Opcode : 'select'> <InPorts = 3> <OutPorts = 1>
ST_1 : Operation 53 [1/1] (0.00ns)   --->   "%tmp_10 = call i5 @_ssdm_op_PartSelect.i5.i9.i32.i32(i9 %select_ln101_9, i32 4, i32 8)" [/data/tools/Xilinx/Vivado/2020.1/common/technology/autopilot/hls_cordic_apfixed.h:97]   --->   Operation 53 'partselect' 'tmp_10' <Predicate = true> <Delay = 0.00>
ST_1 : Operation 54 [1/1] (0.00ns)   --->   "%sext_ln1333 = sext i5 %tmp_10 to i9" [/data/tools/Xilinx/Vivado/2020.1/common/technology/autopilot/hls_cordic_apfixed.h:98]   --->   Operation 54 'sext' 'sext_ln1333' <Predicate = true> <Delay = 0.00>
ST_1 : Operation 55 [1/1] (0.00ns)   --->   "%tmp_11 = call i5 @_ssdm_op_PartSelect.i5.i9.i32.i32(i9 %select_ln101_8, i32 4, i32 8)" [/data/tools/Xilinx/Vivado/2020.1/common/technology/autopilot/hls_cordic_apfixed.h:101]   --->   Operation 55 'partselect' 'tmp_11' <Predicate = true> <Delay = 0.00>
ST_1 : Operation 56 [1/1] (0.00ns)   --->   "%sext_ln101_4 = sext i5 %tmp_11 to i9" [/data/tools/Xilinx/Vivado/2020.1/common/technology/autopilot/hls_cordic_apfixed.h:101]   --->   Operation 56 'sext' 'sext_ln101_4' <Predicate = true> <Delay = 0.00>
ST_1 : Operation 57 [1/1] (0.00ns)   --->   "%tmp_12 = call i1 @_ssdm_op_BitSelect.i1.i10.i32(i10 %add_ln101_6, i32 9)" [/data/tools/Xilinx/Vivado/2020.1/common/technology/autopilot/hls_cordic_apfixed.h:101]   --->   Operation 57 'bitselect' 'tmp_12' <Predicate = true> <Delay = 0.00>
ST_1 : Operation 58 [1/1] (0.71ns)   --->   "%add_ln203_4 = add i9 %sext_ln101_4, %select_ln101_9" [/data/tools/Xilinx/Vivado/2020.1/common/technology/autopilot/hls_cordic_apfixed.h:102]   --->   Operation 58 'add' 'add_ln203_4' <Predicate = true> <Delay = 0.71> <Core = "AddSub">   --->   Core 14 'AddSub' <Latency = 0> <II = 1> <Delay = 0.72> <FuncUnit> <Opcode : 'add' 'sub'> <InPorts = 2> <OutPorts = 1>
ST_1 : Operation 59 [1/1] (0.71ns)   --->   "%sub_ln203_4 = sub i9 %select_ln101_8, %sext_ln1333" [/data/tools/Xilinx/Vivado/2020.1/common/technology/autopilot/hls_cordic_apfixed.h:103]   --->   Operation 59 'sub' 'sub_ln203_4' <Predicate = true> <Delay = 0.71> <Core = "AddSub">   --->   Core 14 'AddSub' <Latency = 0> <II = 1> <Delay = 0.72> <FuncUnit> <Opcode : 'add' 'sub'> <InPorts = 2> <OutPorts = 1>
ST_1 : Operation 60 [1/1] (0.71ns)   --->   "%sub_ln203_10 = sub i9 %select_ln101_9, %sext_ln101_4" [/data/tools/Xilinx/Vivado/2020.1/common/technology/autopilot/hls_cordic_apfixed.h:102]   --->   Operation 60 'sub' 'sub_ln203_10' <Predicate = true> <Delay = 0.71> <Core = "AddSub">   --->   Core 14 'AddSub' <Latency = 0> <II = 1> <Delay = 0.72> <FuncUnit> <Opcode : 'add' 'sub'> <InPorts = 2> <OutPorts = 1>
ST_1 : Operation 61 [1/1] (0.71ns)   --->   "%add_ln203_10 = add i9 %sext_ln1333, %select_ln101_8" [/data/tools/Xilinx/Vivado/2020.1/common/technology/autopilot/hls_cordic_apfixed.h:103]   --->   Operation 61 'add' 'add_ln203_10' <Predicate = true> <Delay = 0.71> <Core = "AddSub">   --->   Core 14 'AddSub' <Latency = 0> <II = 1> <Delay = 0.72> <FuncUnit> <Opcode : 'add' 'sub'> <InPorts = 2> <OutPorts = 1>
ST_1 : Operation 62 [1/1] (0.00ns)   --->   "%tmp_13 = call i1 @_ssdm_op_BitSelect.i1.i10.i32(i10 %add_ln101_6, i32 9)" [/data/tools/Xilinx/Vivado/2020.1/common/technology/autopilot/hls_cordic_apfixed.h:101]   --->   Operation 62 'bitselect' 'tmp_13' <Predicate = true> <Delay = 0.00>
ST_1 : Operation 63 [1/1] (0.30ns)   --->   "%select_ln101_11 = select i1 %tmp_12, i9 %sub_ln203_4, i9 %add_ln203_10" [/data/tools/Xilinx/Vivado/2020.1/common/technology/autopilot/hls_cordic_apfixed.h:101]   --->   Operation 63 'select' 'select_ln101_11' <Predicate = true> <Delay = 0.30> <Core = "Sel">   --->   Core 26 'Sel' <Latency = 0> <II = 1> <Delay = 0.30> <FuncUnit> <Opcode : 'select'> <InPorts = 3> <OutPorts = 1>
ST_1 : Operation 64 [1/1] (0.30ns)   --->   "%select_ln101_12 = select i1 %tmp_12, i9 %add_ln203_4, i9 %sub_ln203_10" [/data/tools/Xilinx/Vivado/2020.1/common/technology/autopilot/hls_cordic_apfixed.h:101]   --->   Operation 64 'select' 'select_ln101_12' <Predicate = true> <Delay = 0.30> <Core = "Sel">   --->   Core 26 'Sel' <Latency = 0> <II = 1> <Delay = 0.30> <FuncUnit> <Opcode : 'select'> <InPorts = 3> <OutPorts = 1>
ST_1 : Operation 65 [1/1] (0.00ns)   --->   "%tmp_14 = call i4 @_ssdm_op_PartSelect.i4.i9.i32.i32(i9 %select_ln101_12, i32 5, i32 8)" [/data/tools/Xilinx/Vivado/2020.1/common/technology/autopilot/hls_cordic_apfixed.h:97]   --->   Operation 65 'partselect' 'tmp_14' <Predicate = true> <Delay = 0.00>
ST_1 : Operation 66 [1/1] (0.00ns)   --->   "%tmp_15 = call i4 @_ssdm_op_PartSelect.i4.i9.i32.i32(i9 %select_ln101_11, i32 5, i32 8)" [/data/tools/Xilinx/Vivado/2020.1/common/technology/autopilot/hls_cordic_apfixed.h:101]   --->   Operation 66 'partselect' 'tmp_15' <Predicate = true> <Delay = 0.00>

State 2 <SV = 1> <Delay = 3.60>
ST_2 : Operation 67 [1/1] (0.27ns)   --->   "%select_ln101_10 = select i1 %tmp_13, i10 14, i10 0" [/data/tools/Xilinx/Vivado/2020.1/common/technology/autopilot/hls_cordic_apfixed.h:101]   --->   Operation 67 'select' 'select_ln101_10' <Predicate = true> <Delay = 0.27> <Core = "Sel">   --->   Core 26 'Sel' <Latency = 0> <II = 1> <Delay = 0.30> <FuncUnit> <Opcode : 'select'> <InPorts = 3> <OutPorts = 1>
ST_2 : Operation 68 [1/1] (0.00ns) (grouped into TernaryAdder)   --->   "%add_ln101_7 = add i10 -7, %add_ln101_6" [/data/tools/Xilinx/Vivado/2020.1/common/technology/autopilot/hls_cordic_apfixed.h:101]   --->   Operation 68 'add' 'add_ln101_7' <Predicate = true> <Delay = 0.00> <Core = "TAddSub">   --->   Core 83 'TAddSub' <Latency = 0> <II = 1> <Delay = 0.39> <IPBlock> <Opcode : 'add' 'sub'> <InPorts = 3> <OutPorts = 1> <Sync> <CReg>
ST_2 : Operation 69 [1/1] (0.79ns) (root node of TernaryAdder)   --->   "%add_ln101_8 = add i10 %select_ln101_10, %add_ln101_7" [/data/tools/Xilinx/Vivado/2020.1/common/technology/autopilot/hls_cordic_apfixed.h:101]   --->   Operation 69 'add' 'add_ln101_8' <Predicate = true> <Delay = 0.79> <Core = "TAddSub">   --->   Core 83 'TAddSub' <Latency = 0> <II = 1> <Delay = 0.39> <IPBlock> <Opcode : 'add' 'sub'> <InPorts = 3> <OutPorts = 1> <Sync> <CReg>
ST_2 : Operation 70 [1/1] (0.00ns)   --->   "%sext_ln101_2 = sext i9 %select_ln101_11 to i10" [/data/tools/Xilinx/Vivado/2020.1/common/technology/autopilot/hls_cordic_apfixed.h:101]   --->   Operation 70 'sext' 'sext_ln101_2' <Predicate = true> <Delay = 0.00>
ST_2 : Operation 71 [1/1] (0.00ns)   --->   "%sext_ln1371 = sext i4 %tmp_14 to i10" [/data/tools/Xilinx/Vivado/2020.1/common/technology/autopilot/hls_cordic_apfixed.h:97]   --->   Operation 71 'sext' 'sext_ln1371' <Predicate = true> <Delay = 0.00>
ST_2 : Operation 72 [1/1] (0.00ns)   --->   "%sext_ln1333_1 = sext i4 %tmp_14 to i9" [/data/tools/Xilinx/Vivado/2020.1/common/technology/autopilot/hls_cordic_apfixed.h:98]   --->   Operation 72 'sext' 'sext_ln1333_1' <Predicate = true> <Delay = 0.00>
ST_2 : Operation 73 [1/1] (0.00ns)   --->   "%sext_ln101_5 = sext i4 %tmp_15 to i9" [/data/tools/Xilinx/Vivado/2020.1/common/technology/autopilot/hls_cordic_apfixed.h:101]   --->   Operation 73 'sext' 'sext_ln101_5' <Predicate = true> <Delay = 0.00>
ST_2 : Operation 74 [1/1] (0.00ns)   --->   "%tmp_16 = call i1 @_ssdm_op_BitSelect.i1.i10.i32(i10 %add_ln101_8, i32 9)" [/data/tools/Xilinx/Vivado/2020.1/common/technology/autopilot/hls_cordic_apfixed.h:101]   --->   Operation 74 'bitselect' 'tmp_16' <Predicate = true> <Delay = 0.00>
ST_2 : Operation 75 [1/1] (0.71ns)   --->   "%add_ln203_5 = add i9 %sext_ln101_5, %select_ln101_12" [/data/tools/Xilinx/Vivado/2020.1/common/technology/autopilot/hls_cordic_apfixed.h:102]   --->   Operation 75 'add' 'add_ln203_5' <Predicate = true> <Delay = 0.71> <Core = "AddSub">   --->   Core 14 'AddSub' <Latency = 0> <II = 1> <Delay = 0.72> <FuncUnit> <Opcode : 'add' 'sub'> <InPorts = 2> <OutPorts = 1>
ST_2 : Operation 76 [1/1] (0.71ns)   --->   "%sub_ln203_5 = sub i10 %sext_ln101_2, %sext_ln1371" [/data/tools/Xilinx/Vivado/2020.1/common/technology/autopilot/hls_cordic_apfixed.h:103]   --->   Operation 76 'sub' 'sub_ln203_5' <Predicate = true> <Delay = 0.71> <Core = "AddSub">   --->   Core 14 'AddSub' <Latency = 0> <II = 1> <Delay = 0.72> <FuncUnit> <Opcode : 'add' 'sub'> <InPorts = 2> <OutPorts = 1>
ST_2 : Operation 77 [1/1] (0.71ns)   --->   "%sub_ln203_11 = sub i9 %select_ln101_12, %sext_ln101_5" [/data/tools/Xilinx/Vivado/2020.1/common/technology/autopilot/hls_cordic_apfixed.h:102]   --->   Operation 77 'sub' 'sub_ln203_11' <Predicate = true> <Delay = 0.71> <Core = "AddSub">   --->   Core 14 'AddSub' <Latency = 0> <II = 1> <Delay = 0.72> <FuncUnit> <Opcode : 'add' 'sub'> <InPorts = 2> <OutPorts = 1>
ST_2 : Operation 78 [1/1] (0.71ns)   --->   "%add_ln203_11 = add i9 %sext_ln1333_1, %select_ln101_11" [/data/tools/Xilinx/Vivado/2020.1/common/technology/autopilot/hls_cordic_apfixed.h:103]   --->   Operation 78 'add' 'add_ln203_11' <Predicate = true> <Delay = 0.71> <Core = "AddSub">   --->   Core 14 'AddSub' <Latency = 0> <II = 1> <Delay = 0.72> <FuncUnit> <Opcode : 'add' 'sub'> <InPorts = 2> <OutPorts = 1>
ST_2 : Operation 79 [1/1] (0.00ns)   --->   "%sext_ln203 = sext i9 %add_ln203_11 to i10" [/data/tools/Xilinx/Vivado/2020.1/common/technology/autopilot/hls_cordic_apfixed.h:103]   --->   Operation 79 'sext' 'sext_ln203' <Predicate = true> <Delay = 0.00>
ST_2 : Operation 80 [1/1] (0.00ns)   --->   "%tmp_17 = call i1 @_ssdm_op_BitSelect.i1.i10.i32(i10 %add_ln101_8, i32 9)" [/data/tools/Xilinx/Vivado/2020.1/common/technology/autopilot/hls_cordic_apfixed.h:101]   --->   Operation 80 'bitselect' 'tmp_17' <Predicate = true> <Delay = 0.00>
ST_2 : Operation 81 [1/1] (0.35ns)   --->   "%select_ln101_13 = select i1 %tmp_17, i10 6, i10 0" [/data/tools/Xilinx/Vivado/2020.1/common/technology/autopilot/hls_cordic_apfixed.h:101]   --->   Operation 81 'select' 'select_ln101_13' <Predicate = true> <Delay = 0.35> <Core = "Sel">   --->   Core 26 'Sel' <Latency = 0> <II = 1> <Delay = 0.30> <FuncUnit> <Opcode : 'select'> <InPorts = 3> <OutPorts = 1>
ST_2 : Operation 82 [1/1] (0.00ns) (grouped into TernaryAdder)   --->   "%add_ln101_9 = add i10 -3, %add_ln101_8" [/data/tools/Xilinx/Vivado/2020.1/common/technology/autopilot/hls_cordic_apfixed.h:101]   --->   Operation 82 'add' 'add_ln101_9' <Predicate = true> <Delay = 0.00> <Core = "TAddSub">   --->   Core 83 'TAddSub' <Latency = 0> <II = 1> <Delay = 0.39> <IPBlock> <Opcode : 'add' 'sub'> <InPorts = 3> <OutPorts = 1> <Sync> <CReg>
ST_2 : Operation 83 [1/1] (0.79ns) (root node of TernaryAdder)   --->   "%add_ln101_10 = add i10 %select_ln101_13, %add_ln101_9" [/data/tools/Xilinx/Vivado/2020.1/common/technology/autopilot/hls_cordic_apfixed.h:101]   --->   Operation 83 'add' 'add_ln101_10' <Predicate = true> <Delay = 0.79> <Core = "TAddSub">   --->   Core 83 'TAddSub' <Latency = 0> <II = 1> <Delay = 0.39> <IPBlock> <Opcode : 'add' 'sub'> <InPorts = 3> <OutPorts = 1> <Sync> <CReg>
ST_2 : Operation 84 [1/1] (0.30ns)   --->   "%select_ln101_14 = select i1 %tmp_16, i10 %sub_ln203_5, i10 %sext_ln203" [/data/tools/Xilinx/Vivado/2020.1/common/technology/autopilot/hls_cordic_apfixed.h:101]   --->   Operation 84 'select' 'select_ln101_14' <Predicate = true> <Delay = 0.30> <Core = "Sel">   --->   Core 26 'Sel' <Latency = 0> <II = 1> <Delay = 0.30> <FuncUnit> <Opcode : 'select'> <InPorts = 3> <OutPorts = 1>
ST_2 : Operation 85 [1/1] (0.30ns)   --->   "%select_ln101_15 = select i1 %tmp_16, i9 %add_ln203_5, i9 %sub_ln203_11" [/data/tools/Xilinx/Vivado/2020.1/common/technology/autopilot/hls_cordic_apfixed.h:101]   --->   Operation 85 'select' 'select_ln101_15' <Predicate = true> <Delay = 0.30> <Core = "Sel">   --->   Core 26 'Sel' <Latency = 0> <II = 1> <Delay = 0.30> <FuncUnit> <Opcode : 'select'> <InPorts = 3> <OutPorts = 1>
ST_2 : Operation 86 [1/1] (0.00ns)   --->   "%tmp_18 = call i3 @_ssdm_op_PartSelect.i3.i9.i32.i32(i9 %select_ln101_15, i32 6, i32 8)" [/data/tools/Xilinx/Vivado/2020.1/common/technology/autopilot/hls_cordic_apfixed.h:97]   --->   Operation 86 'partselect' 'tmp_18' <Predicate = true> <Delay = 0.00>
ST_2 : Operation 87 [1/1] (0.00ns)   --->   "%sext_ln1371_1 = sext i3 %tmp_18 to i10" [/data/tools/Xilinx/Vivado/2020.1/common/technology/autopilot/hls_cordic_apfixed.h:97]   --->   Operation 87 'sext' 'sext_ln1371_1' <Predicate = true> <Delay = 0.00>
ST_2 : Operation 88 [1/1] (0.00ns)   --->   "%tmp_19 = call i4 @_ssdm_op_PartSelect.i4.i10.i32.i32(i10 %select_ln101_14, i32 6, i32 9)" [/data/tools/Xilinx/Vivado/2020.1/common/technology/autopilot/hls_cordic_apfixed.h:101]   --->   Operation 88 'partselect' 'tmp_19' <Predicate = true> <Delay = 0.00>
ST_2 : Operation 89 [1/1] (0.00ns)   --->   "%sext_ln101_6 = sext i4 %tmp_19 to i9" [/data/tools/Xilinx/Vivado/2020.1/common/technology/autopilot/hls_cordic_apfixed.h:101]   --->   Operation 89 'sext' 'sext_ln101_6' <Predicate = true> <Delay = 0.00>
ST_2 : Operation 90 [1/1] (0.00ns)   --->   "%tmp_20 = call i1 @_ssdm_op_BitSelect.i1.i10.i32(i10 %add_ln101_10, i32 9)" [/data/tools/Xilinx/Vivado/2020.1/common/technology/autopilot/hls_cordic_apfixed.h:101]   --->   Operation 90 'bitselect' 'tmp_20' <Predicate = true> <Delay = 0.00>
ST_2 : Operation 91 [1/1] (0.71ns)   --->   "%add_ln203_6 = add i9 %sext_ln101_6, %select_ln101_15" [/data/tools/Xilinx/Vivado/2020.1/common/technology/autopilot/hls_cordic_apfixed.h:102]   --->   Operation 91 'add' 'add_ln203_6' <Predicate = true> <Delay = 0.71> <Core = "AddSub">   --->   Core 14 'AddSub' <Latency = 0> <II = 1> <Delay = 0.72> <FuncUnit> <Opcode : 'add' 'sub'> <InPorts = 2> <OutPorts = 1>
ST_2 : Operation 92 [1/1] (0.72ns)   --->   "%sub_ln203_6 = sub i10 %select_ln101_14, %sext_ln1371_1" [/data/tools/Xilinx/Vivado/2020.1/common/technology/autopilot/hls_cordic_apfixed.h:103]   --->   Operation 92 'sub' 'sub_ln203_6' <Predicate = true> <Delay = 0.72> <Core = "AddSub">   --->   Core 14 'AddSub' <Latency = 0> <II = 1> <Delay = 0.72> <FuncUnit> <Opcode : 'add' 'sub'> <InPorts = 2> <OutPorts = 1>
ST_2 : Operation 93 [1/1] (0.71ns)   --->   "%sub_ln203_12 = sub i9 %select_ln101_15, %sext_ln101_6" [/data/tools/Xilinx/Vivado/2020.1/common/technology/autopilot/hls_cordic_apfixed.h:102]   --->   Operation 93 'sub' 'sub_ln203_12' <Predicate = true> <Delay = 0.71> <Core = "AddSub">   --->   Core 14 'AddSub' <Latency = 0> <II = 1> <Delay = 0.72> <FuncUnit> <Opcode : 'add' 'sub'> <InPorts = 2> <OutPorts = 1>
ST_2 : Operation 94 [1/1] (0.72ns)   --->   "%add_ln203_12 = add i10 %sext_ln1371_1, %select_ln101_14" [/data/tools/Xilinx/Vivado/2020.1/common/technology/autopilot/hls_cordic_apfixed.h:103]   --->   Operation 94 'add' 'add_ln203_12' <Predicate = true> <Delay = 0.72> <Core = "AddSub">   --->   Core 14 'AddSub' <Latency = 0> <II = 1> <Delay = 0.72> <FuncUnit> <Opcode : 'add' 'sub'> <InPorts = 2> <OutPorts = 1>
ST_2 : Operation 95 [1/1] (0.00ns)   --->   "%tmp_21 = call i1 @_ssdm_op_BitSelect.i1.i10.i32(i10 %add_ln101_10, i32 9)" [/data/tools/Xilinx/Vivado/2020.1/common/technology/autopilot/hls_cordic_apfixed.h:101]   --->   Operation 95 'bitselect' 'tmp_21' <Predicate = true> <Delay = 0.00>
ST_2 : Operation 96 [1/1] (0.27ns)   --->   "%select_ln101_16 = select i1 %tmp_21, i10 2, i10 0" [/data/tools/Xilinx/Vivado/2020.1/common/technology/autopilot/hls_cordic_apfixed.h:101]   --->   Operation 96 'select' 'select_ln101_16' <Predicate = true> <Delay = 0.27> <Core = "Sel">   --->   Core 26 'Sel' <Latency = 0> <II = 1> <Delay = 0.30> <FuncUnit> <Opcode : 'select'> <InPorts = 3> <OutPorts = 1>
ST_2 : Operation 97 [1/1] (0.00ns) (grouped into TernaryAdder)   --->   "%add_ln101_11 = add i10 -1, %add_ln101_10" [/data/tools/Xilinx/Vivado/2020.1/common/technology/autopilot/hls_cordic_apfixed.h:101]   --->   Operation 97 'add' 'add_ln101_11' <Predicate = true> <Delay = 0.00> <Core = "TAddSub">   --->   Core 83 'TAddSub' <Latency = 0> <II = 1> <Delay = 0.39> <IPBlock> <Opcode : 'add' 'sub'> <InPorts = 3> <OutPorts = 1> <Sync> <CReg>
ST_2 : Operation 98 [1/1] (0.79ns) (root node of TernaryAdder)   --->   "%add_ln101_12 = add i10 %select_ln101_16, %add_ln101_11" [/data/tools/Xilinx/Vivado/2020.1/common/technology/autopilot/hls_cordic_apfixed.h:101]   --->   Operation 98 'add' 'add_ln101_12' <Predicate = true> <Delay = 0.79> <Core = "TAddSub">   --->   Core 83 'TAddSub' <Latency = 0> <II = 1> <Delay = 0.39> <IPBlock> <Opcode : 'add' 'sub'> <InPorts = 3> <OutPorts = 1> <Sync> <CReg>
ST_2 : Operation 99 [1/1] (0.30ns)   --->   "%select_ln101_17 = select i1 %tmp_20, i10 %sub_ln203_6, i10 %add_ln203_12" [/data/tools/Xilinx/Vivado/2020.1/common/technology/autopilot/hls_cordic_apfixed.h:101]   --->   Operation 99 'select' 'select_ln101_17' <Predicate = true> <Delay = 0.30> <Core = "Sel">   --->   Core 26 'Sel' <Latency = 0> <II = 1> <Delay = 0.30> <FuncUnit> <Opcode : 'select'> <InPorts = 3> <OutPorts = 1>
ST_2 : Operation 100 [1/1] (0.30ns)   --->   "%select_ln101_18 = select i1 %tmp_20, i9 %add_ln203_6, i9 %sub_ln203_12" [/data/tools/Xilinx/Vivado/2020.1/common/technology/autopilot/hls_cordic_apfixed.h:101]   --->   Operation 100 'select' 'select_ln101_18' <Predicate = true> <Delay = 0.30> <Core = "Sel">   --->   Core 26 'Sel' <Latency = 0> <II = 1> <Delay = 0.30> <FuncUnit> <Opcode : 'select'> <InPorts = 3> <OutPorts = 1>
ST_2 : Operation 101 [1/1] (0.00ns)   --->   "%tmp_22 = call i2 @_ssdm_op_PartSelect.i2.i9.i32.i32(i9 %select_ln101_18, i32 7, i32 8)" [/data/tools/Xilinx/Vivado/2020.1/common/technology/autopilot/hls_cordic_apfixed.h:97]   --->   Operation 101 'partselect' 'tmp_22' <Predicate = true> <Delay = 0.00>
ST_2 : Operation 102 [1/1] (0.00ns)   --->   "%tmp_23 = call i3 @_ssdm_op_PartSelect.i3.i10.i32.i32(i10 %select_ln101_17, i32 7, i32 9)" [/data/tools/Xilinx/Vivado/2020.1/common/technology/autopilot/hls_cordic_apfixed.h:101]   --->   Operation 102 'partselect' 'tmp_23' <Predicate = true> <Delay = 0.00>
ST_2 : Operation 103 [1/1] (0.00ns)   --->   "%sext_ln101_7 = sext i3 %tmp_23 to i9" [/data/tools/Xilinx/Vivado/2020.1/common/technology/autopilot/hls_cordic_apfixed.h:101]   --->   Operation 103 'sext' 'sext_ln101_7' <Predicate = true> <Delay = 0.00>
ST_2 : Operation 104 [1/1] (0.00ns)   --->   "%tmp_24 = call i1 @_ssdm_op_BitSelect.i1.i10.i32(i10 %add_ln101_12, i32 9)" [/data/tools/Xilinx/Vivado/2020.1/common/technology/autopilot/hls_cordic_apfixed.h:101]   --->   Operation 104 'bitselect' 'tmp_24' <Predicate = true> <Delay = 0.00>
ST_2 : Operation 105 [1/1] (0.71ns)   --->   "%add_ln203_7 = add i9 %sext_ln101_7, %select_ln101_18" [/data/tools/Xilinx/Vivado/2020.1/common/technology/autopilot/hls_cordic_apfixed.h:102]   --->   Operation 105 'add' 'add_ln203_7' <Predicate = true> <Delay = 0.71> <Core = "AddSub">   --->   Core 14 'AddSub' <Latency = 0> <II = 1> <Delay = 0.72> <FuncUnit> <Opcode : 'add' 'sub'> <InPorts = 2> <OutPorts = 1>
ST_2 : Operation 106 [1/1] (0.71ns)   --->   "%sub_ln203_13 = sub i9 %select_ln101_18, %sext_ln101_7" [/data/tools/Xilinx/Vivado/2020.1/common/technology/autopilot/hls_cordic_apfixed.h:102]   --->   Operation 106 'sub' 'sub_ln203_13' <Predicate = true> <Delay = 0.71> <Core = "AddSub">   --->   Core 14 'AddSub' <Latency = 0> <II = 1> <Delay = 0.72> <FuncUnit> <Opcode : 'add' 'sub'> <InPorts = 2> <OutPorts = 1>
ST_2 : Operation 107 [1/1] (0.30ns)   --->   "%select_ln101_20 = select i1 %tmp_24, i9 %add_ln203_7, i9 %sub_ln203_13" [/data/tools/Xilinx/Vivado/2020.1/common/technology/autopilot/hls_cordic_apfixed.h:101]   --->   Operation 107 'select' 'select_ln101_20' <Predicate = true> <Delay = 0.30> <Core = "Sel">   --->   Core 26 'Sel' <Latency = 0> <II = 1> <Delay = 0.30> <FuncUnit> <Opcode : 'select'> <InPorts = 3> <OutPorts = 1>
ST_2 : Operation 108 [1/1] (0.00ns)   --->   "%tmp_25 = call i1 @_ssdm_op_BitSelect.i1.i9.i32(i9 %select_ln101_20, i32 8)" [/data/tools/Xilinx/Vivado/2020.1/common/technology/autopilot/hls_cordic_apfixed.h:97]   --->   Operation 108 'bitselect' 'tmp_25' <Predicate = true> <Delay = 0.00>

State 3 <SV = 2> <Delay = 3.35>
ST_3 : Operation 109 [1/1] (0.00ns)   --->   "%sext_ln1371_2 = sext i2 %tmp_22 to i10" [/data/tools/Xilinx/Vivado/2020.1/common/technology/autopilot/hls_cordic_apfixed.h:97]   --->   Operation 109 'sext' 'sext_ln1371_2' <Predicate = true> <Delay = 0.00>
ST_3 : Operation 110 [1/1] (0.72ns)   --->   "%sub_ln203_7 = sub i10 %select_ln101_17, %sext_ln1371_2" [/data/tools/Xilinx/Vivado/2020.1/common/technology/autopilot/hls_cordic_apfixed.h:103]   --->   Operation 110 'sub' 'sub_ln203_7' <Predicate = (tmp_24)> <Delay = 0.72> <Core = "AddSub">   --->   Core 14 'AddSub' <Latency = 0> <II = 1> <Delay = 0.72> <FuncUnit> <Opcode : 'add' 'sub'> <InPorts = 2> <OutPorts = 1>
ST_3 : Operation 111 [1/1] (0.72ns)   --->   "%add_ln203_13 = add i10 %sext_ln1371_2, %select_ln101_17" [/data/tools/Xilinx/Vivado/2020.1/common/technology/autopilot/hls_cordic_apfixed.h:103]   --->   Operation 111 'add' 'add_ln203_13' <Predicate = (!tmp_24)> <Delay = 0.72> <Core = "AddSub">   --->   Core 14 'AddSub' <Latency = 0> <II = 1> <Delay = 0.72> <FuncUnit> <Opcode : 'add' 'sub'> <InPorts = 2> <OutPorts = 1>
ST_3 : Operation 112 [1/1] (0.30ns)   --->   "%select_ln101_19 = select i1 %tmp_24, i10 %sub_ln203_7, i10 %add_ln203_13" [/data/tools/Xilinx/Vivado/2020.1/common/technology/autopilot/hls_cordic_apfixed.h:101]   --->   Operation 112 'select' 'select_ln101_19' <Predicate = true> <Delay = 0.30> <Core = "Sel">   --->   Core 26 'Sel' <Latency = 0> <II = 1> <Delay = 0.30> <FuncUnit> <Opcode : 'select'> <InPorts = 3> <OutPorts = 1>
ST_3 : Operation 113 [1/1] (0.27ns)   --->   "%select_ln1371 = select i1 %tmp_25, i10 -1, i10 0" [/data/tools/Xilinx/Vivado/2020.1/common/technology/autopilot/hls_cordic_apfixed.h:97]   --->   Operation 113 'select' 'select_ln1371' <Predicate = true> <Delay = 0.27> <Core = "Sel">   --->   Core 26 'Sel' <Latency = 0> <II = 1> <Delay = 0.30> <FuncUnit> <Opcode : 'select'> <InPorts = 3> <OutPorts = 1>
ST_3 : Operation 114 [1/1] (0.00ns)   --->   "%tmp_26 = call i2 @_ssdm_op_PartSelect.i2.i10.i32.i32(i10 %select_ln101_19, i32 8, i32 9)" [/data/tools/Xilinx/Vivado/2020.1/common/technology/autopilot/hls_cordic_apfixed.h:102]   --->   Operation 114 'partselect' 'tmp_26' <Predicate = true> <Delay = 0.00>
ST_3 : Operation 115 [1/1] (0.00ns)   --->   "%sext_ln203_1 = sext i2 %tmp_26 to i9" [/data/tools/Xilinx/Vivado/2020.1/common/technology/autopilot/hls_cordic_apfixed.h:102]   --->   Operation 115 'sext' 'sext_ln203_1' <Predicate = true> <Delay = 0.00>
ST_3 : Operation 116 [1/1] (0.71ns)   --->   "%add_ln203_8 = add i9 %sext_ln203_1, %select_ln101_20" [/data/tools/Xilinx/Vivado/2020.1/common/technology/autopilot/hls_cordic_apfixed.h:102]   --->   Operation 116 'add' 'add_ln203_8' <Predicate = (tmp_24)> <Delay = 0.71> <Core = "AddSub">   --->   Core 14 'AddSub' <Latency = 0> <II = 1> <Delay = 0.72> <FuncUnit> <Opcode : 'add' 'sub'> <InPorts = 2> <OutPorts = 1>
ST_3 : Operation 117 [1/1] (0.72ns)   --->   "%sub_ln203_8 = sub i10 %select_ln101_19, %select_ln1371" [/data/tools/Xilinx/Vivado/2020.1/common/technology/autopilot/hls_cordic_apfixed.h:103]   --->   Operation 117 'sub' 'sub_ln203_8' <Predicate = (tmp_24)> <Delay = 0.72> <Core = "AddSub">   --->   Core 14 'AddSub' <Latency = 0> <II = 1> <Delay = 0.72> <FuncUnit> <Opcode : 'add' 'sub'> <InPorts = 2> <OutPorts = 1>
ST_3 : Operation 118 [1/1] (0.71ns)   --->   "%sub_ln203_14 = sub i9 %select_ln101_20, %sext_ln203_1" [/data/tools/Xilinx/Vivado/2020.1/common/technology/autopilot/hls_cordic_apfixed.h:102]   --->   Operation 118 'sub' 'sub_ln203_14' <Predicate = (!tmp_24)> <Delay = 0.71> <Core = "AddSub">   --->   Core 14 'AddSub' <Latency = 0> <II = 1> <Delay = 0.72> <FuncUnit> <Opcode : 'add' 'sub'> <InPorts = 2> <OutPorts = 1>
ST_3 : Operation 119 [1/1] (0.72ns)   --->   "%add_ln203_14 = add i10 %select_ln1371, %select_ln101_19" [/data/tools/Xilinx/Vivado/2020.1/common/technology/autopilot/hls_cordic_apfixed.h:103]   --->   Operation 119 'add' 'add_ln203_14' <Predicate = (!tmp_24)> <Delay = 0.72> <Core = "AddSub">   --->   Core 14 'AddSub' <Latency = 0> <II = 1> <Delay = 0.72> <FuncUnit> <Opcode : 'add' 'sub'> <InPorts = 2> <OutPorts = 1>
ST_3 : Operation 120 [1/1] (0.30ns)   --->   "%select_ln101_21 = select i1 %tmp_24, i10 %sub_ln203_8, i10 %add_ln203_14" [/data/tools/Xilinx/Vivado/2020.1/common/technology/autopilot/hls_cordic_apfixed.h:101]   --->   Operation 120 'select' 'select_ln101_21' <Predicate = true> <Delay = 0.30> <Core = "Sel">   --->   Core 26 'Sel' <Latency = 0> <II = 1> <Delay = 0.30> <FuncUnit> <Opcode : 'select'> <InPorts = 3> <OutPorts = 1>
ST_3 : Operation 121 [1/1] (0.30ns)   --->   "%select_ln101_22 = select i1 %tmp_24, i9 %add_ln203_8, i9 %sub_ln203_14" [/data/tools/Xilinx/Vivado/2020.1/common/technology/autopilot/hls_cordic_apfixed.h:101]   --->   Operation 121 'select' 'select_ln101_22' <Predicate = true> <Delay = 0.30> <Core = "Sel">   --->   Core 26 'Sel' <Latency = 0> <II = 1> <Delay = 0.30> <FuncUnit> <Opcode : 'select'> <InPorts = 3> <OutPorts = 1>
ST_3 : Operation 122 [1/1] (0.00ns)   --->   "%tmp_27 = call i1 @_ssdm_op_BitSelect.i1.i9.i32(i9 %select_ln101_22, i32 8)" [/data/tools/Xilinx/Vivado/2020.1/common/technology/autopilot/hls_cordic_apfixed.h:97]   --->   Operation 122 'bitselect' 'tmp_27' <Predicate = true> <Delay = 0.00>
ST_3 : Operation 123 [1/1] (0.27ns)   --->   "%select_ln1371_1 = select i1 %tmp_27, i10 -1, i10 0" [/data/tools/Xilinx/Vivado/2020.1/common/technology/autopilot/hls_cordic_apfixed.h:97]   --->   Operation 123 'select' 'select_ln1371_1' <Predicate = true> <Delay = 0.27> <Core = "Sel">   --->   Core 26 'Sel' <Latency = 0> <II = 1> <Delay = 0.30> <FuncUnit> <Opcode : 'select'> <InPorts = 3> <OutPorts = 1>
ST_3 : Operation 124 [1/1] (0.00ns)   --->   "%tmp_28 = call i1 @_ssdm_op_BitSelect.i1.i10.i32(i10 %select_ln101_21, i32 9)" [/data/tools/Xilinx/Vivado/2020.1/common/technology/autopilot/hls_cordic_apfixed.h:98]   --->   Operation 124 'bitselect' 'tmp_28' <Predicate = true> <Delay = 0.00>
ST_3 : Operation 125 [1/1] (0.27ns)   --->   "%select_ln1371_2 = select i1 %tmp_28, i9 -1, i9 0" [/data/tools/Xilinx/Vivado/2020.1/common/technology/autopilot/hls_cordic_apfixed.h:98]   --->   Operation 125 'select' 'select_ln1371_2' <Predicate = true> <Delay = 0.27> <Core = "Sel">   --->   Core 26 'Sel' <Latency = 0> <II = 1> <Delay = 0.30> <FuncUnit> <Opcode : 'select'> <InPorts = 3> <OutPorts = 1>
ST_3 : Operation 126 [1/1] (0.71ns)   --->   "%add_ln203_9 = add i9 %select_ln1371_2, %select_ln101_22" [/data/tools/Xilinx/Vivado/2020.1/common/technology/autopilot/hls_cordic_apfixed.h:102]   --->   Operation 126 'add' 'add_ln203_9' <Predicate = (tmp_24)> <Delay = 0.71> <Core = "AddSub">   --->   Core 14 'AddSub' <Latency = 0> <II = 1> <Delay = 0.72> <FuncUnit> <Opcode : 'add' 'sub'> <InPorts = 2> <OutPorts = 1>
ST_3 : Operation 127 [1/1] (0.72ns)   --->   "%sub_ln203_9 = sub i10 %select_ln101_21, %select_ln1371_1" [/data/tools/Xilinx/Vivado/2020.1/common/technology/autopilot/hls_cordic_apfixed.h:103]   --->   Operation 127 'sub' 'sub_ln203_9' <Predicate = (tmp_24)> <Delay = 0.72> <Core = "AddSub">   --->   Core 14 'AddSub' <Latency = 0> <II = 1> <Delay = 0.72> <FuncUnit> <Opcode : 'add' 'sub'> <InPorts = 2> <OutPorts = 1>
ST_3 : Operation 128 [1/1] (0.71ns)   --->   "%sub_ln203_15 = sub i9 %select_ln101_22, %select_ln1371_2" [/data/tools/Xilinx/Vivado/2020.1/common/technology/autopilot/hls_cordic_apfixed.h:102]   --->   Operation 128 'sub' 'sub_ln203_15' <Predicate = (!tmp_24)> <Delay = 0.71> <Core = "AddSub">   --->   Core 14 'AddSub' <Latency = 0> <II = 1> <Delay = 0.72> <FuncUnit> <Opcode : 'add' 'sub'> <InPorts = 2> <OutPorts = 1>
ST_3 : Operation 129 [1/1] (0.72ns)   --->   "%add_ln203_15 = add i10 %select_ln1371_1, %select_ln101_21" [/data/tools/Xilinx/Vivado/2020.1/common/technology/autopilot/hls_cordic_apfixed.h:103]   --->   Operation 129 'add' 'add_ln203_15' <Predicate = (!tmp_24)> <Delay = 0.72> <Core = "AddSub">   --->   Core 14 'AddSub' <Latency = 0> <II = 1> <Delay = 0.72> <FuncUnit> <Opcode : 'add' 'sub'> <InPorts = 2> <OutPorts = 1>
ST_3 : Operation 130 [1/1] (0.30ns)   --->   "%select_ln101_23 = select i1 %tmp_24, i10 %sub_ln203_9, i10 %add_ln203_15" [/data/tools/Xilinx/Vivado/2020.1/common/technology/autopilot/hls_cordic_apfixed.h:101]   --->   Operation 130 'select' 'select_ln101_23' <Predicate = true> <Delay = 0.30> <Core = "Sel">   --->   Core 26 'Sel' <Latency = 0> <II = 1> <Delay = 0.30> <FuncUnit> <Opcode : 'select'> <InPorts = 3> <OutPorts = 1>
ST_3 : Operation 131 [1/1] (0.30ns)   --->   "%select_ln101_24 = select i1 %tmp_24, i9 %add_ln203_9, i9 %sub_ln203_15" [/data/tools/Xilinx/Vivado/2020.1/common/technology/autopilot/hls_cordic_apfixed.h:101]   --->   Operation 131 'select' 'select_ln101_24' <Predicate = true> <Delay = 0.30> <Core = "Sel">   --->   Core 26 'Sel' <Latency = 0> <II = 1> <Delay = 0.30> <FuncUnit> <Opcode : 'select'> <InPorts = 3> <OutPorts = 1>
ST_3 : Operation 132 [1/1] (0.00ns)   --->   "%sext_ln101_8 = sext i9 %select_ln101_24 to i10" [/data/tools/Xilinx/Vivado/2020.1/common/technology/autopilot/hls_cordic_apfixed.h:101]   --->   Operation 132 'sext' 'sext_ln101_8' <Predicate = true> <Delay = 0.00>
ST_3 : Operation 133 [1/1] (0.00ns)   --->   "%newret = insertvalue { i10, i10 } undef, i10 %sext_ln101_8, 0" [/data/tools/Xilinx/Vivado/2020.1/common/technology/autopilot/hls_cordic_apfixed.h:101]   --->   Operation 133 'insertvalue' 'newret' <Predicate = true> <Delay = 0.00>
ST_3 : Operation 134 [1/1] (0.00ns)   --->   "%newret2 = insertvalue { i10, i10 } %newret, i10 %select_ln101_23, 1" [/data/tools/Xilinx/Vivado/2020.1/common/technology/autopilot/hls_cordic_apfixed.h:101]   --->   Operation 134 'insertvalue' 'newret2' <Predicate = true> <Delay = 0.00>
ST_3 : Operation 135 [1/1] (0.00ns)   --->   "ret { i10, i10 } %newret2" [/data/tools/Xilinx/Vivado/2020.1/common/technology/autopilot/hls_cordic_apfixed.h:101]   --->   Operation 135 'ret' <Predicate = true> <Delay = 0.00>


============================================================
+ Verbose Summary: Timing violations
============================================================
Target clock period: 5ns, clock uncertainty: 0.625ns.

 <State 1>: 4.31ns
The critical path consists of the following:
	wire read on port 'z_V_read' [2]  (0 ns)
	'add' operation ('add_ln101', /data/tools/Xilinx/Vivado/2020.1/common/technology/autopilot/hls_cordic_apfixed.h:101) [6]  (0.715 ns)
	'select' operation ('select_ln101_1', /data/tools/Xilinx/Vivado/2020.1/common/technology/autopilot/hls_cordic_apfixed.h:101) [13]  (0.303 ns)
	'add' operation ('add_ln101_2', /data/tools/Xilinx/Vivado/2020.1/common/technology/autopilot/hls_cordic_apfixed.h:101) [15]  (0.797 ns)
	'select' operation ('select_ln101_4', /data/tools/Xilinx/Vivado/2020.1/common/technology/autopilot/hls_cordic_apfixed.h:101) [30]  (0.308 ns)
	'add' operation ('add_ln101_4', /data/tools/Xilinx/Vivado/2020.1/common/technology/autopilot/hls_cordic_apfixed.h:101) [32]  (0.797 ns)
	'select' operation ('select_ln101_7', /data/tools/Xilinx/Vivado/2020.1/common/technology/autopilot/hls_cordic_apfixed.h:101) [46]  (0.293 ns)
	'add' operation ('add_ln101_6', /data/tools/Xilinx/Vivado/2020.1/common/technology/autopilot/hls_cordic_apfixed.h:101) [48]  (0.797 ns)
	'select' operation ('select_ln101_11', /data/tools/Xilinx/Vivado/2020.1/common/technology/autopilot/hls_cordic_apfixed.h:101) [64]  (0.303 ns)

 <State 2>: 3.6ns
The critical path consists of the following:
	'select' operation ('select_ln101_10', /data/tools/Xilinx/Vivado/2020.1/common/technology/autopilot/hls_cordic_apfixed.h:101) [61]  (0.278 ns)
	'add' operation ('add_ln101_8', /data/tools/Xilinx/Vivado/2020.1/common/technology/autopilot/hls_cordic_apfixed.h:101) [63]  (0.797 ns)
	'select' operation ('select_ln101_13', /data/tools/Xilinx/Vivado/2020.1/common/technology/autopilot/hls_cordic_apfixed.h:101) [79]  (0.351 ns)
	'add' operation ('add_ln101_10', /data/tools/Xilinx/Vivado/2020.1/common/technology/autopilot/hls_cordic_apfixed.h:101) [81]  (0.797 ns)
	'select' operation ('select_ln101_16', /data/tools/Xilinx/Vivado/2020.1/common/technology/autopilot/hls_cordic_apfixed.h:101) [94]  (0.278 ns)
	'add' operation ('add_ln101_12', /data/tools/Xilinx/Vivado/2020.1/common/technology/autopilot/hls_cordic_apfixed.h:101) [96]  (0.797 ns)
	'select' operation ('select_ln101_20', /data/tools/Xilinx/Vivado/2020.1/common/technology/autopilot/hls_cordic_apfixed.h:101) [109]  (0.303 ns)

 <State 3>: 3.35ns
The critical path consists of the following:
	'sub' operation ('sub_ln203_7', /data/tools/Xilinx/Vivado/2020.1/common/technology/autopilot/hls_cordic_apfixed.h:103) [105]  (0.725 ns)
	'select' operation ('select_ln101_19', /data/tools/Xilinx/Vivado/2020.1/common/technology/autopilot/hls_cordic_apfixed.h:101) [108]  (0.303 ns)
	'add' operation ('add_ln203_8', /data/tools/Xilinx/Vivado/2020.1/common/technology/autopilot/hls_cordic_apfixed.h:102) [114]  (0.715 ns)
	'select' operation ('select_ln101_22', /data/tools/Xilinx/Vivado/2020.1/common/technology/autopilot/hls_cordic_apfixed.h:101) [119]  (0.303 ns)
	'select' operation ('select_ln1371_1', /data/tools/Xilinx/Vivado/2020.1/common/technology/autopilot/hls_cordic_apfixed.h:97) [121]  (0.278 ns)
	'sub' operation ('sub_ln203_9', /data/tools/Xilinx/Vivado/2020.1/common/technology/autopilot/hls_cordic_apfixed.h:103) [125]  (0.725 ns)
	'select' operation ('select_ln101_23', /data/tools/Xilinx/Vivado/2020.1/common/technology/autopilot/hls_cordic_apfixed.h:101) [128]  (0.303 ns)


============================================================
+ Verbose Summary: Binding
============================================================
N/A
* FSMD analyzer results:
  - Output states:
 - Input state : 
  - Chain level:
	State 1
	State 2
	State 3


============================================================
+ Verbose Summary: Datapath Resource usage 
============================================================
N/A
