

================================================================
== Vivado HLS Report for 'myproject'
================================================================
* Date:           Sun Feb 26 16:02:37 2023

* Version:        2020.1 (Build 2897737 on Wed May 27 20:21:37 MDT 2020)
* Project:        myproject_prj
* Solution:       solution1
* Product family: virtexuplus
* Target device:  xcvu9p-flga2577-2-e


================================================================
== Performance Estimates
================================================================
+ Timing: 
    * Summary: 
    +--------+---------+----------+------------+
    |  Clock |  Target | Estimated| Uncertainty|
    +--------+---------+----------+------------+
    |ap_clk  | 5.00 ns | 4.348 ns |   0.62 ns  |
    +--------+---------+----------+------------+

+ Latency: 
    * Summary: 
    +---------+---------+-----------+-----------+-----+-----+----------+
    |  Latency (cycles) |   Latency (absolute)  |  Interval | Pipeline |
    |   min   |   max   |    min    |    max    | min | max |   Type   |
    +---------+---------+-----------+-----------+-----+-----+----------+
    |       10|       10| 50.000 ns | 50.000 ns |    1|    1| function |
    +---------+---------+-----------+-----------+-----+-----+----------+

    + Detail: 
        * Instance: 
        N/A

        * Loop: 
        N/A

============================================================
+ Verbose Summary: Synthesis Manager
============================================================
InlineROM: 1
ExposeGlobal: 0
============================================================
+ Verbose Summary: CDFG Model
============================================================
IsTopModel: 1
ResetActiveHigh: 1
IsCombinational: 0
IsDatapathOnly: 0
HasWiredReturn: 1
HasMFsm: 2
HasVarLatency: 0
IsPipeline: 1
IsRtlPipelined: 1
IsInstanceOverlapped: 0
IsDontTouch: 0
HasImplIP: 0
IsGatedGlobalClock: 0

+ Individual pipeline summary: 
  * Pipeline-0: initiation interval (II) = 1, depth = 11


============================================================
+ Verbose Summary: Schedule
============================================================
* Number of FSM states : 11
* Pipeline : 1
  Pipeline-0 : II = 1, D = 11, States = { 1 2 3 4 5 6 7 8 9 10 11 }
* Dataflow Pipeline: 0

* FSM state transitions: 
1 --> 2 
2 --> 3 
3 --> 4 
4 --> 5 
5 --> 6 
6 --> 7 
7 --> 8 
8 --> 9 
9 --> 10 
10 --> 11 
11 --> 

* FSM state operations: 

State 1 <SV = 0> <Delay = 3.31>
ST_1 : Operation 12 [1/1] (0.00ns)   --->   "%x_V_read = call i256 @_ssdm_op_Read.ap_vld.i256P(i256* %x_V)" [firmware/myproject.cpp:50]   --->   Operation 12 'read' 'x_V_read' <Predicate = true> <Delay = 0.00>
ST_1 : Operation 13 [1/1] (0.00ns)   --->   "%p_Val2_10 = call i16 @_ssdm_op_PartSelect.i16.i256.i32.i32(i256 %x_V_read, i32 224, i32 239)" [firmware/myproject.cpp:50]   --->   Operation 13 'partselect' 'p_Val2_10' <Predicate = true> <Delay = 0.00>
ST_1 : Operation 14 [1/1] (0.00ns)   --->   "%sext_ln700 = sext i16 %p_Val2_10 to i26" [firmware/myproject.cpp:54]   --->   Operation 14 'sext' 'sext_ln700' <Predicate = true> <Delay = 0.00>
ST_1 : Operation 15 [1/1] (0.00ns)   --->   "%p_Val2_1 = call i16 @_ssdm_op_PartSelect.i16.i256.i32.i32(i256 %x_V_read, i32 64, i32 79)" [firmware/myproject.cpp:50]   --->   Operation 15 'partselect' 'p_Val2_1' <Predicate = true> <Delay = 0.00>
ST_1 : Operation 16 [1/1] (0.00ns)   --->   "%p_Val2_2 = call i16 @_ssdm_op_PartSelect.i16.i256.i32.i32(i256 %x_V_read, i32 240, i32 255)" [firmware/myproject.cpp:50]   --->   Operation 16 'partselect' 'p_Val2_2' <Predicate = true> <Delay = 0.00>
ST_1 : Operation 17 [1/1] (0.00ns)   --->   "%sext_ln1118_2 = sext i16 %p_Val2_2 to i26" [firmware/myproject.cpp:50]   --->   Operation 17 'sext' 'sext_ln1118_2' <Predicate = true> <Delay = 0.00>
ST_1 : Operation 18 [1/1] (0.00ns)   --->   "%p_Val2_3 = call i16 @_ssdm_op_PartSelect.i16.i256.i32.i32(i256 %x_V_read, i32 32, i32 47)" [firmware/myproject.cpp:50]   --->   Operation 18 'partselect' 'p_Val2_3' <Predicate = true> <Delay = 0.00>
ST_1 : Operation 19 [4/4] (2.53ns)   --->   "%p_0 = call fastcc i12 @"sin_lut<ap_fixed<16, 6, 5, 3, 0> >"(i16 %p_Val2_3)" [firmware/myproject.cpp:50]   --->   Operation 19 'call' 'p_0' <Predicate = true> <Delay = 2.53> <CoreType = "Generic">   --->   Core 0 '' <Latency = 0> <II = 1> <Delay = 1.00> <Generic> <Opcode : >
ST_1 : Operation 20 [1/1] (0.78ns)   --->   "%add_ln703 = add i16 %p_Val2_2, %p_Val2_1" [firmware/myproject.cpp:50]   --->   Operation 20 'add' 'add_ln703' <Predicate = true> <Delay = 0.78> <Core = "AddSub">   --->   Core 14 'AddSub' <Latency = 0> <II = 1> <Delay = 1.26> <FuncUnit> <Opcode : 'add' 'sub'> <InPorts = 2> <OutPorts = 1>
ST_1 : Operation 21 [4/4] (2.53ns)   --->   "%p_s = call fastcc i12 @"cos_lut<ap_fixed<16, 6, 5, 3, 0> >"(i16 %add_ln703)" [firmware/myproject.cpp:50]   --->   Operation 21 'call' 'p_s' <Predicate = true> <Delay = 2.53> <CoreType = "Generic">   --->   Core 0 '' <Latency = 0> <II = 1> <Delay = 1.00> <Generic> <Opcode : >
ST_1 : Operation 22 [1/1] (0.00ns)   --->   "%sext_ln1192 = sext i16 %p_Val2_3 to i26" [firmware/myproject.cpp:50]   --->   Operation 22 'sext' 'sext_ln1192' <Predicate = true> <Delay = 0.00>
ST_1 : Operation 23 [1/1] (2.53ns) (root node of the DSP)   --->   "%mul_ln1192 = mul i26 725, %sext_ln1192" [firmware/myproject.cpp:50]   --->   Operation 23 'mul' 'mul_ln1192' <Predicate = true> <Delay = 2.53> <Core = "DSP48">   --->   Core 88 'DSP48' <Latency = 0> <II = 1> <Delay = 2.53> <IPBlock> <Opcode : 'mul' 'add' 'sub' 'select'> <InPorts = 2> <OutPorts = 1> <Sync> <CReg>
ST_1 : Operation 24 [1/1] (0.00ns)   --->   "%trunc_ln51 = trunc i256 %x_V_read to i16" [firmware/myproject.cpp:51]   --->   Operation 24 'trunc' 'trunc_ln51' <Predicate = true> <Delay = 0.00>
ST_1 : Operation 25 [4/4] (2.53ns)   --->   "%p_Val2_s = call fastcc i12 @"cos_lut<ap_fixed<16, 6, 5, 3, 0> >"(i16 %trunc_ln51)" [firmware/myproject.cpp:51]   --->   Operation 25 'call' 'p_Val2_s' <Predicate = true> <Delay = 2.53> <CoreType = "Generic">   --->   Core 0 '' <Latency = 0> <II = 1> <Delay = 1.00> <Generic> <Opcode : >
ST_1 : Operation 26 [1/1] (0.78ns)   --->   "%sub_ln703_1 = sub i16 %p_Val2_10, %p_Val2_1" [firmware/myproject.cpp:51]   --->   Operation 26 'sub' 'sub_ln703_1' <Predicate = true> <Delay = 0.78> <Core = "AddSub">   --->   Core 14 'AddSub' <Latency = 0> <II = 1> <Delay = 1.26> <FuncUnit> <Opcode : 'add' 'sub'> <InPorts = 2> <OutPorts = 1>
ST_1 : Operation 27 [4/4] (2.53ns)   --->   "%p_4 = call fastcc i12 @"cos_lut<ap_fixed<16, 6, 5, 3, 0> >"(i16 %sub_ln703_1)" [firmware/myproject.cpp:51]   --->   Operation 27 'call' 'p_4' <Predicate = true> <Delay = 2.53> <CoreType = "Generic">   --->   Core 0 '' <Latency = 0> <II = 1> <Delay = 1.00> <Generic> <Opcode : >
ST_1 : Operation 28 [1/1] (0.78ns)   --->   "%add_ln703_2 = add i16 -396, %p_Val2_3" [firmware/myproject.cpp:51]   --->   Operation 28 'add' 'add_ln703_2' <Predicate = true> <Delay = 0.78> <Core = "AddSub">   --->   Core 14 'AddSub' <Latency = 0> <II = 1> <Delay = 1.26> <FuncUnit> <Opcode : 'add' 'sub'> <InPorts = 2> <OutPorts = 1>
ST_1 : Operation 29 [4/4] (2.53ns)   --->   "%p_Val2_5 = call fastcc i12 @"sin_lut<ap_fixed<16, 6, 5, 3, 0> >"(i16 %add_ln703_2)" [firmware/myproject.cpp:51]   --->   Operation 29 'call' 'p_Val2_5' <Predicate = true> <Delay = 2.53> <CoreType = "Generic">   --->   Core 0 '' <Latency = 0> <II = 1> <Delay = 1.00> <Generic> <Opcode : >
ST_1 : Operation 30 [1/1] (2.53ns) (root node of the DSP)   --->   "%r_V_31 = mul i26 395, %sext_ln1118_2" [firmware/myproject.cpp:51]   --->   Operation 30 'mul' 'r_V_31' <Predicate = true> <Delay = 2.53> <Core = "DSP48">   --->   Core 88 'DSP48' <Latency = 0> <II = 1> <Delay = 2.53> <IPBlock> <Opcode : 'mul' 'add' 'sub' 'select'> <InPorts = 2> <OutPorts = 1> <Sync> <CReg>
ST_1 : Operation 31 [1/1] (0.00ns)   --->   "%trunc_ln708_2 = call i16 @_ssdm_op_PartSelect.i16.i26.i32.i32(i26 %r_V_31, i32 10, i32 25)" [firmware/myproject.cpp:51]   --->   Operation 31 'partselect' 'trunc_ln708_2' <Predicate = true> <Delay = 0.00>
ST_1 : Operation 32 [1/1] (0.00ns)   --->   "%p_Val2_7 = call i16 @_ssdm_op_PartSelect.i16.i256.i32.i32(i256 %x_V_read, i32 48, i32 63)" [firmware/myproject.cpp:51]   --->   Operation 32 'partselect' 'p_Val2_7' <Predicate = true> <Delay = 0.00>
ST_1 : Operation 33 [4/4] (2.53ns)   --->   "%p_Val2_4 = call fastcc i12 @"cos_lut<ap_fixed<16, 6, 5, 3, 0> >"(i16 %p_Val2_7)" [firmware/myproject.cpp:51]   --->   Operation 33 'call' 'p_Val2_4' <Predicate = true> <Delay = 2.53> <CoreType = "Generic">   --->   Core 0 '' <Latency = 0> <II = 1> <Delay = 1.00> <Generic> <Opcode : >
ST_1 : Operation 34 [4/4] (2.53ns)   --->   "%p_Val2_9 = call fastcc i12 @"sin_lut<ap_fixed<16, 6, 5, 3, 0> >"(i16 %p_Val2_7)" [firmware/myproject.cpp:53]   --->   Operation 34 'call' 'p_Val2_9' <Predicate = true> <Delay = 2.53> <CoreType = "Generic">   --->   Core 0 '' <Latency = 0> <II = 1> <Delay = 1.00> <Generic> <Opcode : >
ST_1 : Operation 35 [1/1] (0.49ns) (grouped into DSP with root node ret_V_43)   --->   "%mul_ln700_4 = mul i26 5004, %sext_ln700" [firmware/myproject.cpp:54]   --->   Operation 35 'mul' 'mul_ln700_4' <Predicate = true> <Delay = 0.49> <Core = "DSP48">   --->   Core 88 'DSP48' <Latency = 0> <II = 1> <Delay = 2.53> <IPBlock> <Opcode : 'mul' 'add' 'sub' 'select'> <InPorts = 2> <OutPorts = 1> <Sync> <CReg>
ST_1 : Operation 36 [1/1] (0.00ns)   --->   "%rhs_V_6 = call i26 @_ssdm_op_BitConcatenate.i26.i16.i10(i16 %p_Val2_7, i10 0)" [firmware/myproject.cpp:54]   --->   Operation 36 'bitconcatenate' 'rhs_V_6' <Predicate = true> <Delay = 0.00>
ST_1 : Operation 37 [1/1] (2.03ns) (root node of the DSP)   --->   "%ret_V_43 = add i26 %mul_ln700_4, %rhs_V_6" [firmware/myproject.cpp:54]   --->   Operation 37 'add' 'ret_V_43' <Predicate = true> <Delay = 2.03> <Core = "DSP48">   --->   Core 88 'DSP48' <Latency = 0> <II = 1> <Delay = 2.53> <IPBlock> <Opcode : 'mul' 'add' 'sub' 'select'> <InPorts = 2> <OutPorts = 1> <Sync> <CReg>
ST_1 : Operation 38 [1/1] (0.00ns)   --->   "%trunc_ln708_9 = call i16 @_ssdm_op_PartSelect.i16.i26.i32.i32(i26 %ret_V_43, i32 10, i32 25)" [firmware/myproject.cpp:54]   --->   Operation 38 'partselect' 'trunc_ln708_9' <Predicate = true> <Delay = 0.00>

State 2 <SV = 1> <Delay = 4.33>
ST_2 : Operation 39 [1/1] (0.00ns)   --->   "%sext_ln703 = sext i16 %p_Val2_10 to i28" [firmware/myproject.cpp:53]   --->   Operation 39 'sext' 'sext_ln703' <Predicate = true> <Delay = 0.00>
ST_2 : Operation 40 [3/4] (4.33ns)   --->   "%p_0 = call fastcc i12 @"sin_lut<ap_fixed<16, 6, 5, 3, 0> >"(i16 %p_Val2_3)" [firmware/myproject.cpp:50]   --->   Operation 40 'call' 'p_0' <Predicate = true> <Delay = 4.33> <CoreType = "Generic">   --->   Core 0 '' <Latency = 0> <II = 1> <Delay = 1.00> <Generic> <Opcode : >
ST_2 : Operation 41 [3/4] (4.33ns)   --->   "%p_s = call fastcc i12 @"cos_lut<ap_fixed<16, 6, 5, 3, 0> >"(i16 %add_ln703)" [firmware/myproject.cpp:50]   --->   Operation 41 'call' 'p_s' <Predicate = true> <Delay = 4.33> <CoreType = "Generic">   --->   Core 0 '' <Latency = 0> <II = 1> <Delay = 1.00> <Generic> <Opcode : >
ST_2 : Operation 42 [1/1] (0.49ns) (grouped into DSP with root node add_ln1192_2)   --->   "%mul_ln1192_1 = mul i26 -725, %sext_ln1118_2" [firmware/myproject.cpp:50]   --->   Operation 42 'mul' 'mul_ln1192_1' <Predicate = true> <Delay = 0.49> <Core = "DSP48">   --->   Core 88 'DSP48' <Latency = 0> <II = 1> <Delay = 2.53> <IPBlock> <Opcode : 'mul' 'add' 'sub' 'select'> <InPorts = 2> <OutPorts = 1> <Sync> <CReg>
ST_2 : Operation 43 [1/1] (2.03ns) (root node of the DSP)   --->   "%add_ln1192_2 = add i26 %mul_ln1192, %mul_ln1192_1" [firmware/myproject.cpp:50]   --->   Operation 43 'add' 'add_ln1192_2' <Predicate = true> <Delay = 2.03> <Core = "DSP48">   --->   Core 88 'DSP48' <Latency = 0> <II = 1> <Delay = 2.53> <IPBlock> <Opcode : 'mul' 'add' 'sub' 'select'> <InPorts = 2> <OutPorts = 1> <Sync> <CReg>
ST_2 : Operation 44 [1/1] (0.84ns)   --->   "%ret_V_31 = add i26 819200, %add_ln1192_2" [firmware/myproject.cpp:50]   --->   Operation 44 'add' 'ret_V_31' <Predicate = true> <Delay = 0.84> <Core = "AddSub">   --->   Core 14 'AddSub' <Latency = 0> <II = 1> <Delay = 1.26> <FuncUnit> <Opcode : 'add' 'sub'> <InPorts = 2> <OutPorts = 1>
ST_2 : Operation 45 [1/1] (0.00ns)   --->   "%trunc_ln = call i16 @_ssdm_op_PartSelect.i16.i26.i32.i32(i26 %ret_V_31, i32 10, i32 25)" [firmware/myproject.cpp:50]   --->   Operation 45 'partselect' 'trunc_ln' <Predicate = true> <Delay = 0.00>
ST_2 : Operation 46 [3/4] (4.33ns)   --->   "%p_Val2_s = call fastcc i12 @"cos_lut<ap_fixed<16, 6, 5, 3, 0> >"(i16 %trunc_ln51)" [firmware/myproject.cpp:51]   --->   Operation 46 'call' 'p_Val2_s' <Predicate = true> <Delay = 4.33> <CoreType = "Generic">   --->   Core 0 '' <Latency = 0> <II = 1> <Delay = 1.00> <Generic> <Opcode : >
ST_2 : Operation 47 [3/4] (4.33ns)   --->   "%p_4 = call fastcc i12 @"cos_lut<ap_fixed<16, 6, 5, 3, 0> >"(i16 %sub_ln703_1)" [firmware/myproject.cpp:51]   --->   Operation 47 'call' 'p_4' <Predicate = true> <Delay = 4.33> <CoreType = "Generic">   --->   Core 0 '' <Latency = 0> <II = 1> <Delay = 1.00> <Generic> <Opcode : >
ST_2 : Operation 48 [3/4] (4.33ns)   --->   "%p_Val2_5 = call fastcc i12 @"sin_lut<ap_fixed<16, 6, 5, 3, 0> >"(i16 %add_ln703_2)" [firmware/myproject.cpp:51]   --->   Operation 48 'call' 'p_Val2_5' <Predicate = true> <Delay = 4.33> <CoreType = "Generic">   --->   Core 0 '' <Latency = 0> <II = 1> <Delay = 1.00> <Generic> <Opcode : >
ST_2 : Operation 49 [4/4] (2.53ns)   --->   "%p_Val2_6 = call fastcc i12 @"sin_lut<ap_fixed<16, 6, 5, 3, 0> >"(i16 %trunc_ln708_2)" [firmware/myproject.cpp:51]   --->   Operation 49 'call' 'p_Val2_6' <Predicate = true> <Delay = 2.53> <CoreType = "Generic">   --->   Core 0 '' <Latency = 0> <II = 1> <Delay = 1.00> <Generic> <Opcode : >
ST_2 : Operation 50 [3/4] (4.33ns)   --->   "%p_Val2_4 = call fastcc i12 @"cos_lut<ap_fixed<16, 6, 5, 3, 0> >"(i16 %p_Val2_7)" [firmware/myproject.cpp:51]   --->   Operation 50 'call' 'p_Val2_4' <Predicate = true> <Delay = 4.33> <CoreType = "Generic">   --->   Core 0 '' <Latency = 0> <II = 1> <Delay = 1.00> <Generic> <Opcode : >
ST_2 : Operation 51 [4/4] (2.53ns)   --->   "%p_3 = call fastcc i12 @"cos_lut<ap_fixed<16, 6, 5, 3, 0> >"(i16 %p_Val2_3)" [firmware/myproject.cpp:51]   --->   Operation 51 'call' 'p_3' <Predicate = true> <Delay = 2.53> <CoreType = "Generic">   --->   Core 0 '' <Latency = 0> <II = 1> <Delay = 1.00> <Generic> <Opcode : >
ST_2 : Operation 52 [1/1] (0.00ns)   --->   "%sext_ln1116_3 = sext i16 %p_Val2_7 to i26" [firmware/myproject.cpp:52]   --->   Operation 52 'sext' 'sext_ln1116_3' <Predicate = true> <Delay = 0.00>
ST_2 : Operation 53 [3/4] (4.33ns)   --->   "%p_Val2_9 = call fastcc i12 @"sin_lut<ap_fixed<16, 6, 5, 3, 0> >"(i16 %p_Val2_7)" [firmware/myproject.cpp:53]   --->   Operation 53 'call' 'p_Val2_9' <Predicate = true> <Delay = 4.33> <CoreType = "Generic">   --->   Core 0 '' <Latency = 0> <II = 1> <Delay = 1.00> <Generic> <Opcode : >
ST_2 : Operation 54 [1/1] (0.49ns) (grouped into DSP with root node ret_V_40)   --->   "%mul_ln1192_5 = mul i26 2419, %sext_ln1116_3" [firmware/myproject.cpp:53]   --->   Operation 54 'mul' 'mul_ln1192_5' <Predicate = true> <Delay = 0.49> <Core = "DSP48">   --->   Core 88 'DSP48' <Latency = 0> <II = 1> <Delay = 2.53> <IPBlock> <Opcode : 'mul' 'add' 'sub' 'select'> <InPorts = 2> <OutPorts = 1> <Sync> <CReg>
ST_2 : Operation 55 [1/1] (2.03ns) (root node of the DSP)   --->   "%ret_V_40 = add i26 894976, %mul_ln1192_5" [firmware/myproject.cpp:53]   --->   Operation 55 'add' 'ret_V_40' <Predicate = true> <Delay = 2.03> <Core = "DSP48">   --->   Core 88 'DSP48' <Latency = 0> <II = 1> <Delay = 2.53> <IPBlock> <Opcode : 'mul' 'add' 'sub' 'select'> <InPorts = 2> <OutPorts = 1> <Sync> <CReg>
ST_2 : Operation 56 [1/1] (0.00ns)   --->   "%trunc_ln708_6 = call i16 @_ssdm_op_PartSelect.i16.i26.i32.i32(i26 %ret_V_40, i32 10, i32 25)" [firmware/myproject.cpp:53]   --->   Operation 56 'partselect' 'trunc_ln708_6' <Predicate = true> <Delay = 0.00>
ST_2 : Operation 57 [1/1] (0.49ns) (grouped into DSP with root node ret_V_21)   --->   "%mul_ln703 = mul i28 2419, %sext_ln703" [firmware/myproject.cpp:53]   --->   Operation 57 'mul' 'mul_ln703' <Predicate = true> <Delay = 0.49> <Core = "DSP48">   --->   Core 88 'DSP48' <Latency = 0> <II = 1> <Delay = 2.53> <IPBlock> <Opcode : 'mul' 'add' 'sub' 'select'> <InPorts = 2> <OutPorts = 1> <Sync> <CReg>
ST_2 : Operation 58 [1/1] (2.03ns) (root node of the DSP)   --->   "%ret_V_21 = add i28 4633600, %mul_ln703" [firmware/myproject.cpp:53]   --->   Operation 58 'add' 'ret_V_21' <Predicate = true> <Delay = 2.03> <Core = "DSP48">   --->   Core 88 'DSP48' <Latency = 0> <II = 1> <Delay = 2.53> <IPBlock> <Opcode : 'mul' 'add' 'sub' 'select'> <InPorts = 2> <OutPorts = 1> <Sync> <CReg>
ST_2 : Operation 59 [4/4] (2.53ns)   --->   "%p_7 = call fastcc i12 @"sin_lut<ap_fixed<16, 6, 5, 3, 0> >"(i16 %trunc_ln708_9)" [firmware/myproject.cpp:54]   --->   Operation 59 'call' 'p_7' <Predicate = true> <Delay = 2.53> <CoreType = "Generic">   --->   Core 0 '' <Latency = 0> <II = 1> <Delay = 1.00> <Generic> <Opcode : >
ST_2 : Operation 60 [1/1] (0.49ns) (grouped into DSP with root node ret_V_44)   --->   "%mul_ln1192_8 = mul i26 2935, %sext_ln1116_3" [firmware/myproject.cpp:54]   --->   Operation 60 'mul' 'mul_ln1192_8' <Predicate = true> <Delay = 0.49> <Core = "DSP48">   --->   Core 88 'DSP48' <Latency = 0> <II = 1> <Delay = 2.53> <IPBlock> <Opcode : 'mul' 'add' 'sub' 'select'> <InPorts = 2> <OutPorts = 1> <Sync> <CReg>
ST_2 : Operation 61 [1/1] (2.03ns) (root node of the DSP)   --->   "%ret_V_44 = add i26 182272, %mul_ln1192_8" [firmware/myproject.cpp:54]   --->   Operation 61 'add' 'ret_V_44' <Predicate = true> <Delay = 2.03> <Core = "DSP48">   --->   Core 88 'DSP48' <Latency = 0> <II = 1> <Delay = 2.53> <IPBlock> <Opcode : 'mul' 'add' 'sub' 'select'> <InPorts = 2> <OutPorts = 1> <Sync> <CReg>
ST_2 : Operation 62 [1/1] (0.00ns)   --->   "%trunc_ln708_s = call i16 @_ssdm_op_PartSelect.i16.i26.i32.i32(i26 %ret_V_44, i32 10, i32 25)" [firmware/myproject.cpp:54]   --->   Operation 62 'partselect' 'trunc_ln708_s' <Predicate = true> <Delay = 0.00>

State 3 <SV = 2> <Delay = 4.33>
ST_3 : Operation 63 [1/1] (0.00ns)   --->   "%lhs_V_2 = sext i16 %p_Val2_10 to i17" [firmware/myproject.cpp:50]   --->   Operation 63 'sext' 'lhs_V_2' <Predicate = true> <Delay = 0.00>
ST_3 : Operation 64 [1/1] (0.00ns)   --->   "%r_V = sext i16 %p_Val2_2 to i17" [firmware/myproject.cpp:50]   --->   Operation 64 'sext' 'r_V' <Predicate = true> <Delay = 0.00>
ST_3 : Operation 65 [2/4] (4.33ns)   --->   "%p_0 = call fastcc i12 @"sin_lut<ap_fixed<16, 6, 5, 3, 0> >"(i16 %p_Val2_3)" [firmware/myproject.cpp:50]   --->   Operation 65 'call' 'p_0' <Predicate = true> <Delay = 4.33> <CoreType = "Generic">   --->   Core 0 '' <Latency = 0> <II = 1> <Delay = 1.00> <Generic> <Opcode : >
ST_3 : Operation 66 [2/4] (4.33ns)   --->   "%p_s = call fastcc i12 @"cos_lut<ap_fixed<16, 6, 5, 3, 0> >"(i16 %add_ln703)" [firmware/myproject.cpp:50]   --->   Operation 66 'call' 'p_s' <Predicate = true> <Delay = 4.33> <CoreType = "Generic">   --->   Core 0 '' <Latency = 0> <II = 1> <Delay = 1.00> <Generic> <Opcode : >
ST_3 : Operation 67 [4/4] (2.53ns)   --->   "%p_1 = call fastcc i12 @"sin_lut<ap_fixed<16, 6, 5, 3, 0> >"(i16 %trunc_ln)" [firmware/myproject.cpp:50]   --->   Operation 67 'call' 'p_1' <Predicate = true> <Delay = 2.53> <CoreType = "Generic">   --->   Core 0 '' <Latency = 0> <II = 1> <Delay = 1.00> <Generic> <Opcode : >
ST_3 : Operation 68 [1/1] (0.00ns) (grouped into TernaryAdder)   --->   "%sub_ln703 = sub i16 %p_Val2_10, %p_Val2_3" [firmware/myproject.cpp:50]   --->   Operation 68 'sub' 'sub_ln703' <Predicate = true> <Delay = 0.00> <Core = "TAddSub">   --->   Core 83 'TAddSub' <Latency = 0> <II = 1> <Delay = 0.44> <IPBlock> <Opcode : 'add' 'sub'> <InPorts = 3> <OutPorts = 1> <Sync> <CReg>
ST_3 : Operation 69 [1/1] (0.67ns) (root node of TernaryAdder)   --->   "%add_ln703_1 = add i16 298, %sub_ln703" [firmware/myproject.cpp:50]   --->   Operation 69 'add' 'add_ln703_1' <Predicate = true> <Delay = 0.67> <Core = "TAddSub">   --->   Core 83 'TAddSub' <Latency = 0> <II = 1> <Delay = 0.44> <IPBlock> <Opcode : 'add' 'sub'> <InPorts = 3> <OutPorts = 1> <Sync> <CReg>
ST_3 : Operation 70 [4/4] (2.53ns)   --->   "%p_2 = call fastcc i12 @"sin_lut<ap_fixed<16, 6, 5, 3, 0> >"(i16 %add_ln703_1)" [firmware/myproject.cpp:50]   --->   Operation 70 'call' 'p_2' <Predicate = true> <Delay = 2.53> <CoreType = "Generic">   --->   Core 0 '' <Latency = 0> <II = 1> <Delay = 1.00> <Generic> <Opcode : >
ST_3 : Operation 71 [2/4] (4.33ns)   --->   "%p_Val2_s = call fastcc i12 @"cos_lut<ap_fixed<16, 6, 5, 3, 0> >"(i16 %trunc_ln51)" [firmware/myproject.cpp:51]   --->   Operation 71 'call' 'p_Val2_s' <Predicate = true> <Delay = 4.33> <CoreType = "Generic">   --->   Core 0 '' <Latency = 0> <II = 1> <Delay = 1.00> <Generic> <Opcode : >
ST_3 : Operation 72 [2/4] (4.33ns)   --->   "%p_4 = call fastcc i12 @"cos_lut<ap_fixed<16, 6, 5, 3, 0> >"(i16 %sub_ln703_1)" [firmware/myproject.cpp:51]   --->   Operation 72 'call' 'p_4' <Predicate = true> <Delay = 4.33> <CoreType = "Generic">   --->   Core 0 '' <Latency = 0> <II = 1> <Delay = 1.00> <Generic> <Opcode : >
ST_3 : Operation 73 [2/4] (4.33ns)   --->   "%p_Val2_5 = call fastcc i12 @"sin_lut<ap_fixed<16, 6, 5, 3, 0> >"(i16 %add_ln703_2)" [firmware/myproject.cpp:51]   --->   Operation 73 'call' 'p_Val2_5' <Predicate = true> <Delay = 4.33> <CoreType = "Generic">   --->   Core 0 '' <Latency = 0> <II = 1> <Delay = 1.00> <Generic> <Opcode : >
ST_3 : Operation 74 [3/4] (4.33ns)   --->   "%p_Val2_6 = call fastcc i12 @"sin_lut<ap_fixed<16, 6, 5, 3, 0> >"(i16 %trunc_ln708_2)" [firmware/myproject.cpp:51]   --->   Operation 74 'call' 'p_Val2_6' <Predicate = true> <Delay = 4.33> <CoreType = "Generic">   --->   Core 0 '' <Latency = 0> <II = 1> <Delay = 1.00> <Generic> <Opcode : >
ST_3 : Operation 75 [2/4] (4.33ns)   --->   "%p_Val2_4 = call fastcc i12 @"cos_lut<ap_fixed<16, 6, 5, 3, 0> >"(i16 %p_Val2_7)" [firmware/myproject.cpp:51]   --->   Operation 75 'call' 'p_Val2_4' <Predicate = true> <Delay = 4.33> <CoreType = "Generic">   --->   Core 0 '' <Latency = 0> <II = 1> <Delay = 1.00> <Generic> <Opcode : >
ST_3 : Operation 76 [4/4] (2.53ns)   --->   "%p_8 = call fastcc i12 @"sin_lut<ap_fixed<16, 6, 5, 3, 0> >"(i16 %p_Val2_10)" [firmware/myproject.cpp:51]   --->   Operation 76 'call' 'p_8' <Predicate = true> <Delay = 2.53> <CoreType = "Generic">   --->   Core 0 '' <Latency = 0> <II = 1> <Delay = 1.00> <Generic> <Opcode : >
ST_3 : Operation 77 [1/1] (0.78ns)   --->   "%add_ln703_3 = add i16 -56, %p_Val2_7" [firmware/myproject.cpp:51]   --->   Operation 77 'add' 'add_ln703_3' <Predicate = true> <Delay = 0.78> <Core = "AddSub">   --->   Core 14 'AddSub' <Latency = 0> <II = 1> <Delay = 1.26> <FuncUnit> <Opcode : 'add' 'sub'> <InPorts = 2> <OutPorts = 1>
ST_3 : Operation 78 [4/4] (2.53ns)   --->   "%p_9 = call fastcc i12 @"sin_lut<ap_fixed<16, 6, 5, 3, 0> >"(i16 %add_ln703_3)" [firmware/myproject.cpp:51]   --->   Operation 78 'call' 'p_9' <Predicate = true> <Delay = 2.53> <CoreType = "Generic">   --->   Core 0 '' <Latency = 0> <II = 1> <Delay = 1.00> <Generic> <Opcode : >
ST_3 : Operation 79 [3/4] (4.33ns)   --->   "%p_3 = call fastcc i12 @"cos_lut<ap_fixed<16, 6, 5, 3, 0> >"(i16 %p_Val2_3)" [firmware/myproject.cpp:51]   --->   Operation 79 'call' 'p_3' <Predicate = true> <Delay = 4.33> <CoreType = "Generic">   --->   Core 0 '' <Latency = 0> <II = 1> <Delay = 1.00> <Generic> <Opcode : >
ST_3 : Operation 80 [1/1] (0.00ns)   --->   "%r_V_12 = sext i16 %p_Val2_7 to i32" [firmware/myproject.cpp:52]   --->   Operation 80 'sext' 'r_V_12' <Predicate = true> <Delay = 0.00>
ST_3 : Operation 81 [1/1] (0.00ns)   --->   "%rhs_V_3 = sext i16 %p_Val2_7 to i17" [firmware/myproject.cpp:52]   --->   Operation 81 'sext' 'rhs_V_3' <Predicate = true> <Delay = 0.00>
ST_3 : Operation 82 [1/1] (2.53ns) (root node of the DSP)   --->   "%r_V_13 = mul nsw i32 %r_V_12, %r_V_12" [firmware/myproject.cpp:52]   --->   Operation 82 'mul' 'r_V_13' <Predicate = true> <Delay = 2.53> <Core = "DSP48">   --->   Core 88 'DSP48' <Latency = 0> <II = 1> <Delay = 2.53> <IPBlock> <Opcode : 'mul' 'add' 'sub' 'select'> <InPorts = 2> <OutPorts = 1> <Sync> <CReg>
ST_3 : Operation 83 [1/1] (0.78ns)   --->   "%ret_V_36 = sub i17 %lhs_V_2, %rhs_V_3" [firmware/myproject.cpp:52]   --->   Operation 83 'sub' 'ret_V_36' <Predicate = true> <Delay = 0.78> <Core = "AddSub">   --->   Core 14 'AddSub' <Latency = 0> <II = 1> <Delay = 1.26> <FuncUnit> <Opcode : 'add' 'sub'> <InPorts = 2> <OutPorts = 1>
ST_3 : Operation 84 [1/1] (0.00ns)   --->   "%lhs_V_4 = sext i17 %ret_V_36 to i18" [firmware/myproject.cpp:52]   --->   Operation 84 'sext' 'lhs_V_4' <Predicate = true> <Delay = 0.00>
ST_3 : Operation 85 [1/1] (0.79ns)   --->   "%ret_V_14 = add nsw i18 713, %lhs_V_4" [firmware/myproject.cpp:52]   --->   Operation 85 'add' 'ret_V_14' <Predicate = true> <Delay = 0.79> <Core = "AddSub">   --->   Core 14 'AddSub' <Latency = 0> <II = 1> <Delay = 1.26> <FuncUnit> <Opcode : 'add' 'sub'> <InPorts = 2> <OutPorts = 1>
ST_3 : Operation 86 [1/1] (0.00ns)   --->   "%sext_ln1118_14 = sext i18 %ret_V_14 to i26" [firmware/myproject.cpp:52]   --->   Operation 86 'sext' 'sext_ln1118_14' <Predicate = true> <Delay = 0.00>
ST_3 : Operation 87 [1/1] (0.00ns)   --->   "%lhs_V_5 = call i26 @_ssdm_op_BitConcatenate.i26.i16.i10(i16 %p_Val2_3, i10 0)" [firmware/myproject.cpp:52]   --->   Operation 87 'bitconcatenate' 'lhs_V_5' <Predicate = true> <Delay = 0.00>
ST_3 : Operation 88 [1/1] (0.49ns) (grouped into DSP with root node ret_V_37)   --->   "%mul_ln1193 = mul i26 %sext_ln1118_14, %sext_ln1118_14" [firmware/myproject.cpp:52]   --->   Operation 88 'mul' 'mul_ln1193' <Predicate = true> <Delay = 0.49> <Core = "DSP48">   --->   Core 88 'DSP48' <Latency = 0> <II = 1> <Delay = 2.53> <IPBlock> <Opcode : 'mul' 'add' 'sub' 'select'> <InPorts = 2> <OutPorts = 1> <Sync> <CReg>
ST_3 : Operation 89 [1/1] (2.03ns) (root node of the DSP)   --->   "%ret_V_37 = sub i26 %lhs_V_5, %mul_ln1193" [firmware/myproject.cpp:52]   --->   Operation 89 'sub' 'ret_V_37' <Predicate = true> <Delay = 2.03> <Core = "DSP48">   --->   Core 88 'DSP48' <Latency = 0> <II = 1> <Delay = 2.53> <IPBlock> <Opcode : 'mul' 'add' 'sub' 'select'> <InPorts = 2> <OutPorts = 1> <Sync> <CReg>
ST_3 : Operation 90 [1/1] (0.00ns)   --->   "%trunc_ln708_4 = call i16 @_ssdm_op_PartSelect.i16.i26.i32.i32(i26 %ret_V_37, i32 10, i32 25)" [firmware/myproject.cpp:52]   --->   Operation 90 'partselect' 'trunc_ln708_4' <Predicate = true> <Delay = 0.00>
ST_3 : Operation 91 [2/4] (4.33ns)   --->   "%p_Val2_9 = call fastcc i12 @"sin_lut<ap_fixed<16, 6, 5, 3, 0> >"(i16 %p_Val2_7)" [firmware/myproject.cpp:53]   --->   Operation 91 'call' 'p_Val2_9' <Predicate = true> <Delay = 4.33> <CoreType = "Generic">   --->   Core 0 '' <Latency = 0> <II = 1> <Delay = 1.00> <Generic> <Opcode : >
ST_3 : Operation 92 [4/4] (2.53ns)   --->   "%p_5 = call fastcc i12 @"cos_lut<ap_fixed<16, 6, 5, 3, 0> >"(i16 %trunc_ln708_6)" [firmware/myproject.cpp:53]   --->   Operation 92 'call' 'p_5' <Predicate = true> <Delay = 2.53> <CoreType = "Generic">   --->   Core 0 '' <Latency = 0> <II = 1> <Delay = 1.00> <Generic> <Opcode : >
ST_3 : Operation 93 [1/1] (0.00ns)   --->   "%sext_ln700_8 = sext i16 %p_Val2_10 to i36" [firmware/myproject.cpp:53]   --->   Operation 93 'sext' 'sext_ln700_8' <Predicate = true> <Delay = 0.00>
ST_3 : Operation 94 [1/1] (0.00ns)   --->   "%sext_ln700_9 = sext i28 %ret_V_21 to i36" [firmware/myproject.cpp:53]   --->   Operation 94 'sext' 'sext_ln700_9' <Predicate = true> <Delay = 0.00>
ST_3 : Operation 95 [1/1] (2.53ns) (root node of the DSP)   --->   "%mul_ln700_3 = mul i36 %sext_ln700_8, %sext_ln700_9" [firmware/myproject.cpp:53]   --->   Operation 95 'mul' 'mul_ln700_3' <Predicate = true> <Delay = 2.53> <Core = "DSP48">   --->   Core 88 'DSP48' <Latency = 0> <II = 1> <Delay = 2.53> <IPBlock> <Opcode : 'mul' 'add' 'sub' 'select'> <InPorts = 2> <OutPorts = 1> <Sync> <CReg>
ST_3 : Operation 96 [1/1] (0.00ns)   --->   "%rhs_V_5 = call i36 @_ssdm_op_BitConcatenate.i36.i16.i20(i16 %p_Val2_7, i20 0)" [firmware/myproject.cpp:53]   --->   Operation 96 'bitconcatenate' 'rhs_V_5' <Predicate = true> <Delay = 0.00>
ST_3 : Operation 97 [1/1] (0.92ns)   --->   "%ret_V_41 = add i36 %mul_ln700_3, %rhs_V_5" [firmware/myproject.cpp:53]   --->   Operation 97 'add' 'ret_V_41' <Predicate = true> <Delay = 0.92> <Core = "AddSub">   --->   Core 14 'AddSub' <Latency = 0> <II = 1> <Delay = 1.26> <FuncUnit> <Opcode : 'add' 'sub'> <InPorts = 2> <OutPorts = 1>
ST_3 : Operation 98 [1/1] (0.00ns)   --->   "%trunc_ln708_7 = call i16 @_ssdm_op_PartSelect.i16.i36.i32.i32(i36 %ret_V_41, i32 20, i32 35)" [firmware/myproject.cpp:53]   --->   Operation 98 'partselect' 'trunc_ln708_7' <Predicate = true> <Delay = 0.00>
ST_3 : Operation 99 [3/4] (4.33ns)   --->   "%p_7 = call fastcc i12 @"sin_lut<ap_fixed<16, 6, 5, 3, 0> >"(i16 %trunc_ln708_9)" [firmware/myproject.cpp:54]   --->   Operation 99 'call' 'p_7' <Predicate = true> <Delay = 4.33> <CoreType = "Generic">   --->   Core 0 '' <Latency = 0> <II = 1> <Delay = 1.00> <Generic> <Opcode : >
ST_3 : Operation 100 [4/4] (2.53ns)   --->   "%p_10 = call fastcc i12 @"cos_lut<ap_fixed<16, 6, 5, 3, 0> >"(i16 %trunc_ln708_s)" [firmware/myproject.cpp:54]   --->   Operation 100 'call' 'p_10' <Predicate = true> <Delay = 2.53> <CoreType = "Generic">   --->   Core 0 '' <Latency = 0> <II = 1> <Delay = 1.00> <Generic> <Opcode : >
ST_3 : Operation 101 [1/1] (0.00ns) (grouped into DSP with root node ret_V_45)   --->   "%add_ln1192_21 = add i17 %r_V, %rhs_V_3" [firmware/myproject.cpp:54]   --->   Operation 101 'add' 'add_ln1192_21' <Predicate = true> <Delay = 0.00> <Core = "DSP48">   --->   Core 88 'DSP48' <Latency = 0> <II = 1> <Delay = 2.53> <IPBlock> <Opcode : 'mul' 'add' 'sub' 'select'> <InPorts = 2> <OutPorts = 1> <Sync> <CReg>
ST_3 : Operation 102 [1/1] (0.00ns) (grouped into DSP with root node ret_V_45)   --->   "%sext_ln1192_16 = sext i17 %add_ln1192_21 to i26" [firmware/myproject.cpp:54]   --->   Operation 102 'sext' 'sext_ln1192_16' <Predicate = true> <Delay = 0.00>
ST_3 : Operation 103 [1/1] (0.49ns) (grouped into DSP with root node ret_V_45)   --->   "%mul_ln1192_10 = mul i26 452, %sext_ln1192_16" [firmware/myproject.cpp:54]   --->   Operation 103 'mul' 'mul_ln1192_10' <Predicate = true> <Delay = 0.49> <Core = "DSP48">   --->   Core 88 'DSP48' <Latency = 0> <II = 1> <Delay = 2.53> <IPBlock> <Opcode : 'mul' 'add' 'sub' 'select'> <InPorts = 2> <OutPorts = 1> <Sync> <CReg>
ST_3 : Operation 104 [1/1] (2.03ns) (root node of the DSP)   --->   "%ret_V_45 = add i26 402432, %mul_ln1192_10" [firmware/myproject.cpp:54]   --->   Operation 104 'add' 'ret_V_45' <Predicate = true> <Delay = 2.03> <Core = "DSP48">   --->   Core 88 'DSP48' <Latency = 0> <II = 1> <Delay = 2.53> <IPBlock> <Opcode : 'mul' 'add' 'sub' 'select'> <InPorts = 2> <OutPorts = 1> <Sync> <CReg>
ST_3 : Operation 105 [1/1] (0.00ns)   --->   "%trunc_ln708_10 = call i16 @_ssdm_op_PartSelect.i16.i26.i32.i32(i26 %ret_V_45, i32 10, i32 25)" [firmware/myproject.cpp:54]   --->   Operation 105 'partselect' 'trunc_ln708_10' <Predicate = true> <Delay = 0.00>

State 4 <SV = 3> <Delay = 4.33>
ST_4 : Operation 106 [1/1] (0.00ns)   --->   "%rhs_V_2 = sext i16 %p_Val2_1 to i17" [firmware/myproject.cpp:50]   --->   Operation 106 'sext' 'rhs_V_2' <Predicate = true> <Delay = 0.00>
ST_4 : Operation 107 [1/1] (0.78ns)   --->   "%ret_V_35 = sub i17 %lhs_V_2, %rhs_V_2" [firmware/myproject.cpp:50]   --->   Operation 107 'sub' 'ret_V_35' <Predicate = true> <Delay = 0.78> <Core = "AddSub">   --->   Core 14 'AddSub' <Latency = 0> <II = 1> <Delay = 1.26> <FuncUnit> <Opcode : 'add' 'sub'> <InPorts = 2> <OutPorts = 1>
ST_4 : Operation 108 [1/4] (2.85ns)   --->   "%p_0 = call fastcc i12 @"sin_lut<ap_fixed<16, 6, 5, 3, 0> >"(i16 %p_Val2_3)" [firmware/myproject.cpp:50]   --->   Operation 108 'call' 'p_0' <Predicate = true> <Delay = 2.85> <CoreType = "Generic">   --->   Core 0 '' <Latency = 0> <II = 1> <Delay = 1.00> <Generic> <Opcode : >
ST_4 : Operation 109 [1/4] (2.85ns)   --->   "%p_s = call fastcc i12 @"cos_lut<ap_fixed<16, 6, 5, 3, 0> >"(i16 %add_ln703)" [firmware/myproject.cpp:50]   --->   Operation 109 'call' 'p_s' <Predicate = true> <Delay = 2.85> <CoreType = "Generic">   --->   Core 0 '' <Latency = 0> <II = 1> <Delay = 1.00> <Generic> <Opcode : >
ST_4 : Operation 110 [3/4] (4.33ns)   --->   "%p_1 = call fastcc i12 @"sin_lut<ap_fixed<16, 6, 5, 3, 0> >"(i16 %trunc_ln)" [firmware/myproject.cpp:50]   --->   Operation 110 'call' 'p_1' <Predicate = true> <Delay = 4.33> <CoreType = "Generic">   --->   Core 0 '' <Latency = 0> <II = 1> <Delay = 1.00> <Generic> <Opcode : >
ST_4 : Operation 111 [3/4] (4.33ns)   --->   "%p_2 = call fastcc i12 @"sin_lut<ap_fixed<16, 6, 5, 3, 0> >"(i16 %add_ln703_1)" [firmware/myproject.cpp:50]   --->   Operation 111 'call' 'p_2' <Predicate = true> <Delay = 4.33> <CoreType = "Generic">   --->   Core 0 '' <Latency = 0> <II = 1> <Delay = 1.00> <Generic> <Opcode : >
ST_4 : Operation 112 [1/4] (2.85ns)   --->   "%p_Val2_s = call fastcc i12 @"cos_lut<ap_fixed<16, 6, 5, 3, 0> >"(i16 %trunc_ln51)" [firmware/myproject.cpp:51]   --->   Operation 112 'call' 'p_Val2_s' <Predicate = true> <Delay = 2.85> <CoreType = "Generic">   --->   Core 0 '' <Latency = 0> <II = 1> <Delay = 1.00> <Generic> <Opcode : >
ST_4 : Operation 113 [1/4] (2.85ns)   --->   "%p_4 = call fastcc i12 @"cos_lut<ap_fixed<16, 6, 5, 3, 0> >"(i16 %sub_ln703_1)" [firmware/myproject.cpp:51]   --->   Operation 113 'call' 'p_4' <Predicate = true> <Delay = 2.85> <CoreType = "Generic">   --->   Core 0 '' <Latency = 0> <II = 1> <Delay = 1.00> <Generic> <Opcode : >
ST_4 : Operation 114 [1/4] (2.85ns)   --->   "%p_Val2_5 = call fastcc i12 @"sin_lut<ap_fixed<16, 6, 5, 3, 0> >"(i16 %add_ln703_2)" [firmware/myproject.cpp:51]   --->   Operation 114 'call' 'p_Val2_5' <Predicate = true> <Delay = 2.85> <CoreType = "Generic">   --->   Core 0 '' <Latency = 0> <II = 1> <Delay = 1.00> <Generic> <Opcode : >
ST_4 : Operation 115 [2/4] (4.33ns)   --->   "%p_Val2_6 = call fastcc i12 @"sin_lut<ap_fixed<16, 6, 5, 3, 0> >"(i16 %trunc_ln708_2)" [firmware/myproject.cpp:51]   --->   Operation 115 'call' 'p_Val2_6' <Predicate = true> <Delay = 4.33> <CoreType = "Generic">   --->   Core 0 '' <Latency = 0> <II = 1> <Delay = 1.00> <Generic> <Opcode : >
ST_4 : Operation 116 [1/4] (2.85ns)   --->   "%p_Val2_4 = call fastcc i12 @"cos_lut<ap_fixed<16, 6, 5, 3, 0> >"(i16 %p_Val2_7)" [firmware/myproject.cpp:51]   --->   Operation 116 'call' 'p_Val2_4' <Predicate = true> <Delay = 2.85> <CoreType = "Generic">   --->   Core 0 '' <Latency = 0> <II = 1> <Delay = 1.00> <Generic> <Opcode : >
ST_4 : Operation 117 [3/4] (4.33ns)   --->   "%p_8 = call fastcc i12 @"sin_lut<ap_fixed<16, 6, 5, 3, 0> >"(i16 %p_Val2_10)" [firmware/myproject.cpp:51]   --->   Operation 117 'call' 'p_8' <Predicate = true> <Delay = 4.33> <CoreType = "Generic">   --->   Core 0 '' <Latency = 0> <II = 1> <Delay = 1.00> <Generic> <Opcode : >
ST_4 : Operation 118 [3/4] (4.33ns)   --->   "%p_9 = call fastcc i12 @"sin_lut<ap_fixed<16, 6, 5, 3, 0> >"(i16 %add_ln703_3)" [firmware/myproject.cpp:51]   --->   Operation 118 'call' 'p_9' <Predicate = true> <Delay = 4.33> <CoreType = "Generic">   --->   Core 0 '' <Latency = 0> <II = 1> <Delay = 1.00> <Generic> <Opcode : >
ST_4 : Operation 119 [2/4] (4.33ns)   --->   "%p_3 = call fastcc i12 @"cos_lut<ap_fixed<16, 6, 5, 3, 0> >"(i16 %p_Val2_3)" [firmware/myproject.cpp:51]   --->   Operation 119 'call' 'p_3' <Predicate = true> <Delay = 4.33> <CoreType = "Generic">   --->   Core 0 '' <Latency = 0> <II = 1> <Delay = 1.00> <Generic> <Opcode : >
ST_4 : Operation 120 [1/1] (0.00ns)   --->   "%sext_ln1118_12 = sext i32 %r_V_13 to i39" [firmware/myproject.cpp:52]   --->   Operation 120 'sext' 'sext_ln1118_12' <Predicate = true> <Delay = 0.00>
ST_4 : Operation 121 [1/1] (3.17ns)   --->   "%r_V_14 = mul i39 50, %sext_ln1118_12" [firmware/myproject.cpp:52]   --->   Operation 121 'mul' 'r_V_14' <Predicate = true> <Delay = 3.17> <Core = "Mul">   --->   Core 16 'Mul' <Latency = 0> <II = 1> <Delay = 3.73> <FuncUnit> <Opcode : 'mul'> <InPorts = 2> <OutPorts = 1>
ST_4 : Operation 122 [1/1] (0.00ns)   --->   "%lhs_V_3 = sext i17 %ret_V_35 to i18" [firmware/myproject.cpp:52]   --->   Operation 122 'sext' 'lhs_V_3' <Predicate = true> <Delay = 0.00>
ST_4 : Operation 123 [1/1] (0.79ns)   --->   "%ret_V_12 = add nsw i18 562, %lhs_V_3" [firmware/myproject.cpp:52]   --->   Operation 123 'add' 'ret_V_12' <Predicate = true> <Delay = 0.79> <Core = "AddSub">   --->   Core 14 'AddSub' <Latency = 0> <II = 1> <Delay = 1.26> <FuncUnit> <Opcode : 'add' 'sub'> <InPorts = 2> <OutPorts = 1>
ST_4 : Operation 124 [1/1] (0.00ns)   --->   "%r_V_15 = sext i18 %ret_V_12 to i36" [firmware/myproject.cpp:52]   --->   Operation 124 'sext' 'r_V_15' <Predicate = true> <Delay = 0.00>
ST_4 : Operation 125 [1/1] (2.53ns) (root node of the DSP)   --->   "%r_V_16 = mul nsw i36 %r_V_15, %r_V_15" [firmware/myproject.cpp:52]   --->   Operation 125 'mul' 'r_V_16' <Predicate = true> <Delay = 2.53> <Core = "DSP48">   --->   Core 88 'DSP48' <Latency = 0> <II = 1> <Delay = 2.53> <IPBlock> <Opcode : 'mul' 'add' 'sub' 'select'> <InPorts = 2> <OutPorts = 1> <Sync> <CReg>
ST_4 : Operation 126 [4/4] (2.53ns)   --->   "%p_Val2_8 = call fastcc i12 @"sin_lut<ap_fixed<16, 6, 5, 3, 0> >"(i16 %trunc_ln708_4)" [firmware/myproject.cpp:52]   --->   Operation 126 'call' 'p_Val2_8' <Predicate = true> <Delay = 2.53> <CoreType = "Generic">   --->   Core 0 '' <Latency = 0> <II = 1> <Delay = 1.00> <Generic> <Opcode : >
ST_4 : Operation 127 [1/4] (2.85ns)   --->   "%p_Val2_9 = call fastcc i12 @"sin_lut<ap_fixed<16, 6, 5, 3, 0> >"(i16 %p_Val2_7)" [firmware/myproject.cpp:53]   --->   Operation 127 'call' 'p_Val2_9' <Predicate = true> <Delay = 2.85> <CoreType = "Generic">   --->   Core 0 '' <Latency = 0> <II = 1> <Delay = 1.00> <Generic> <Opcode : >
ST_4 : Operation 128 [3/4] (4.33ns)   --->   "%p_5 = call fastcc i12 @"cos_lut<ap_fixed<16, 6, 5, 3, 0> >"(i16 %trunc_ln708_6)" [firmware/myproject.cpp:53]   --->   Operation 128 'call' 'p_5' <Predicate = true> <Delay = 4.33> <CoreType = "Generic">   --->   Core 0 '' <Latency = 0> <II = 1> <Delay = 1.00> <Generic> <Opcode : >
ST_4 : Operation 129 [4/4] (2.53ns)   --->   "%p_6 = call fastcc i12 @"cos_lut<ap_fixed<16, 6, 5, 3, 0> >"(i16 %trunc_ln708_7)" [firmware/myproject.cpp:53]   --->   Operation 129 'call' 'p_6' <Predicate = true> <Delay = 2.53> <CoreType = "Generic">   --->   Core 0 '' <Latency = 0> <II = 1> <Delay = 1.00> <Generic> <Opcode : >
ST_4 : Operation 130 [2/4] (4.33ns)   --->   "%p_7 = call fastcc i12 @"sin_lut<ap_fixed<16, 6, 5, 3, 0> >"(i16 %trunc_ln708_9)" [firmware/myproject.cpp:54]   --->   Operation 130 'call' 'p_7' <Predicate = true> <Delay = 4.33> <CoreType = "Generic">   --->   Core 0 '' <Latency = 0> <II = 1> <Delay = 1.00> <Generic> <Opcode : >
ST_4 : Operation 131 [3/4] (4.33ns)   --->   "%p_10 = call fastcc i12 @"cos_lut<ap_fixed<16, 6, 5, 3, 0> >"(i16 %trunc_ln708_s)" [firmware/myproject.cpp:54]   --->   Operation 131 'call' 'p_10' <Predicate = true> <Delay = 4.33> <CoreType = "Generic">   --->   Core 0 '' <Latency = 0> <II = 1> <Delay = 1.00> <Generic> <Opcode : >
ST_4 : Operation 132 [4/4] (2.53ns)   --->   "%p_11 = call fastcc i12 @"cos_lut<ap_fixed<16, 6, 5, 3, 0> >"(i16 %trunc_ln708_10)" [firmware/myproject.cpp:54]   --->   Operation 132 'call' 'p_11' <Predicate = true> <Delay = 2.53> <CoreType = "Generic">   --->   Core 0 '' <Latency = 0> <II = 1> <Delay = 1.00> <Generic> <Opcode : >

State 5 <SV = 4> <Delay = 4.33>
ST_5 : Operation 133 [1/1] (0.00ns)   --->   "%r_V_6 = sext i16 %p_Val2_2 to i32" [firmware/myproject.cpp:50]   --->   Operation 133 'sext' 'r_V_6' <Predicate = true> <Delay = 0.00>
ST_5 : Operation 134 [1/1] (0.00ns)   --->   "%sext_ln1118_4 = sext i12 %p_0 to i24" [firmware/myproject.cpp:50]   --->   Operation 134 'sext' 'sext_ln1118_4' <Predicate = true> <Delay = 0.00>
ST_5 : Operation 135 [1/1] (0.00ns)   --->   "%sext_ln1118_5 = sext i12 %p_s to i20" [firmware/myproject.cpp:50]   --->   Operation 135 'sext' 'sext_ln1118_5' <Predicate = true> <Delay = 0.00>
ST_5 : Operation 136 [1/1] (2.53ns) (root node of the DSP)   --->   "%r_V_28 = mul i20 91, %sext_ln1118_5" [firmware/myproject.cpp:50]   --->   Operation 136 'mul' 'r_V_28' <Predicate = true> <Delay = 2.53> <Core = "DSP48">   --->   Core 88 'DSP48' <Latency = 0> <II = 1> <Delay = 2.53> <IPBlock> <Opcode : 'mul' 'add' 'sub' 'select'> <InPorts = 2> <OutPorts = 1> <Sync> <CReg>
ST_5 : Operation 137 [1/1] (0.00ns)   --->   "%r_V_8 = sext i16 %p_Val2_3 to i32" [firmware/myproject.cpp:50]   --->   Operation 137 'sext' 'r_V_8' <Predicate = true> <Delay = 0.00>
ST_5 : Operation 138 [2/4] (4.33ns)   --->   "%p_1 = call fastcc i12 @"sin_lut<ap_fixed<16, 6, 5, 3, 0> >"(i16 %trunc_ln)" [firmware/myproject.cpp:50]   --->   Operation 138 'call' 'p_1' <Predicate = true> <Delay = 4.33> <CoreType = "Generic">   --->   Core 0 '' <Latency = 0> <II = 1> <Delay = 1.00> <Generic> <Opcode : >
ST_5 : Operation 139 [2/4] (4.33ns)   --->   "%p_2 = call fastcc i12 @"sin_lut<ap_fixed<16, 6, 5, 3, 0> >"(i16 %add_ln703_1)" [firmware/myproject.cpp:50]   --->   Operation 139 'call' 'p_2' <Predicate = true> <Delay = 4.33> <CoreType = "Generic">   --->   Core 0 '' <Latency = 0> <II = 1> <Delay = 1.00> <Generic> <Opcode : >
ST_5 : Operation 140 [1/1] (0.78ns)   --->   "%r_V_30 = sub i17 0, %r_V" [firmware/myproject.cpp:51]   --->   Operation 140 'sub' 'r_V_30' <Predicate = true> <Delay = 0.78> <Core = "AddSub">   --->   Core 14 'AddSub' <Latency = 0> <II = 1> <Delay = 1.26> <FuncUnit> <Opcode : 'add' 'sub'> <InPorts = 2> <OutPorts = 1>
ST_5 : Operation 141 [1/1] (0.00ns)   --->   "%sext_ln703_1 = sext i12 %p_Val2_s to i17" [firmware/myproject.cpp:51]   --->   Operation 141 'sext' 'sext_ln703_1' <Predicate = true> <Delay = 0.00>
ST_5 : Operation 142 [1/1] (0.00ns) (grouped into TernaryAdder)   --->   "%ret_V_33 = sub i17 %r_V_30, %sext_ln703_1" [firmware/myproject.cpp:51]   --->   Operation 142 'sub' 'ret_V_33' <Predicate = true> <Delay = 0.00> <Core = "TAddSub">   --->   Core 83 'TAddSub' <Latency = 0> <II = 1> <Delay = 0.44> <IPBlock> <Opcode : 'add' 'sub'> <InPorts = 3> <OutPorts = 1> <Sync> <CReg>
ST_5 : Operation 143 [1/1] (0.67ns) (root node of TernaryAdder)   --->   "%ret_V = add i17 3323, %ret_V_33" [firmware/myproject.cpp:51]   --->   Operation 143 'add' 'ret_V' <Predicate = true> <Delay = 0.67> <Core = "TAddSub">   --->   Core 83 'TAddSub' <Latency = 0> <II = 1> <Delay = 0.44> <IPBlock> <Opcode : 'add' 'sub'> <InPorts = 3> <OutPorts = 1> <Sync> <CReg>
ST_5 : Operation 144 [1/1] (0.00ns)   --->   "%sext_ln728_2 = sext i17 %ret_V to i28" [firmware/myproject.cpp:51]   --->   Operation 144 'sext' 'sext_ln728_2' <Predicate = true> <Delay = 0.00>
ST_5 : Operation 145 [1/1] (0.00ns)   --->   "%sext_ln728_3 = sext i12 %p_4 to i28" [firmware/myproject.cpp:51]   --->   Operation 145 'sext' 'sext_ln728_3' <Predicate = true> <Delay = 0.00>
ST_5 : Operation 146 [1/1] (0.49ns) (grouped into DSP with root node ret_V_7)   --->   "%mul_ln728_2 = mul i28 %sext_ln728_3, %sext_ln728_2" [firmware/myproject.cpp:51]   --->   Operation 146 'mul' 'mul_ln728_2' <Predicate = true> <Delay = 0.49> <Core = "DSP48">   --->   Core 88 'DSP48' <Latency = 0> <II = 1> <Delay = 2.53> <IPBlock> <Opcode : 'mul' 'add' 'sub' 'select'> <InPorts = 2> <OutPorts = 1> <Sync> <CReg>
ST_5 : Operation 147 [1/1] (0.00ns)   --->   "%tmp_2 = call i22 @_ssdm_op_BitConcatenate.i22.i12.i10(i12 %p_Val2_5, i10 0)" [firmware/myproject.cpp:51]   --->   Operation 147 'bitconcatenate' 'tmp_2' <Predicate = true> <Delay = 0.00>
ST_5 : Operation 148 [1/1] (0.00ns)   --->   "%sext_ln1193_4 = sext i22 %tmp_2 to i28" [firmware/myproject.cpp:51]   --->   Operation 148 'sext' 'sext_ln1193_4' <Predicate = true> <Delay = 0.00>
ST_5 : Operation 149 [1/1] (2.03ns) (root node of the DSP)   --->   "%ret_V_7 = sub i28 %mul_ln728_2, %sext_ln1193_4" [firmware/myproject.cpp:51]   --->   Operation 149 'sub' 'ret_V_7' <Predicate = true> <Delay = 2.03> <Core = "DSP48">   --->   Core 88 'DSP48' <Latency = 0> <II = 1> <Delay = 2.53> <IPBlock> <Opcode : 'mul' 'add' 'sub' 'select'> <InPorts = 2> <OutPorts = 1> <Sync> <CReg>
ST_5 : Operation 150 [1/4] (2.85ns)   --->   "%p_Val2_6 = call fastcc i12 @"sin_lut<ap_fixed<16, 6, 5, 3, 0> >"(i16 %trunc_ln708_2)" [firmware/myproject.cpp:51]   --->   Operation 150 'call' 'p_Val2_6' <Predicate = true> <Delay = 2.85> <CoreType = "Generic">   --->   Core 0 '' <Latency = 0> <II = 1> <Delay = 1.00> <Generic> <Opcode : >
ST_5 : Operation 151 [1/1] (0.00ns)   --->   "%sext_ln1253 = sext i12 %p_Val2_6 to i13" [firmware/myproject.cpp:51]   --->   Operation 151 'sext' 'sext_ln1253' <Predicate = true> <Delay = 0.00>
ST_5 : Operation 152 [1/1] (0.74ns)   --->   "%r_V_32 = sub i13 0, %sext_ln1253" [firmware/myproject.cpp:51]   --->   Operation 152 'sub' 'r_V_32' <Predicate = true> <Delay = 0.74> <Core = "AddSub">   --->   Core 14 'AddSub' <Latency = 0> <II = 1> <Delay = 1.26> <FuncUnit> <Opcode : 'add' 'sub'> <InPorts = 2> <OutPorts = 1>
ST_5 : Operation 153 [1/1] (0.00ns)   --->   "%sext_ln1116_1 = sext i12 %p_Val2_4 to i24" [firmware/myproject.cpp:51]   --->   Operation 153 'sext' 'sext_ln1116_1' <Predicate = true> <Delay = 0.00>
ST_5 : Operation 154 [1/1] (2.53ns) (root node of the DSP)   --->   "%r_V_33 = mul i24 %sext_ln1116_1, %sext_ln1116_1" [firmware/myproject.cpp:51]   --->   Operation 154 'mul' 'r_V_33' <Predicate = true> <Delay = 2.53> <Core = "DSP48">   --->   Core 88 'DSP48' <Latency = 0> <II = 1> <Delay = 2.53> <IPBlock> <Opcode : 'mul' 'add' 'sub' 'select'> <InPorts = 2> <OutPorts = 1> <Sync> <CReg>
ST_5 : Operation 155 [2/4] (4.33ns)   --->   "%p_8 = call fastcc i12 @"sin_lut<ap_fixed<16, 6, 5, 3, 0> >"(i16 %p_Val2_10)" [firmware/myproject.cpp:51]   --->   Operation 155 'call' 'p_8' <Predicate = true> <Delay = 4.33> <CoreType = "Generic">   --->   Core 0 '' <Latency = 0> <II = 1> <Delay = 1.00> <Generic> <Opcode : >
ST_5 : Operation 156 [2/4] (4.33ns)   --->   "%p_9 = call fastcc i12 @"sin_lut<ap_fixed<16, 6, 5, 3, 0> >"(i16 %add_ln703_3)" [firmware/myproject.cpp:51]   --->   Operation 156 'call' 'p_9' <Predicate = true> <Delay = 4.33> <CoreType = "Generic">   --->   Core 0 '' <Latency = 0> <II = 1> <Delay = 1.00> <Generic> <Opcode : >
ST_5 : Operation 157 [1/4] (2.85ns)   --->   "%p_3 = call fastcc i12 @"cos_lut<ap_fixed<16, 6, 5, 3, 0> >"(i16 %p_Val2_3)" [firmware/myproject.cpp:51]   --->   Operation 157 'call' 'p_3' <Predicate = true> <Delay = 2.85> <CoreType = "Generic">   --->   Core 0 '' <Latency = 0> <II = 1> <Delay = 1.00> <Generic> <Opcode : >
ST_5 : Operation 158 [1/1] (2.53ns) (root node of the DSP)   --->   "%r_V_7 = mul nsw i32 %r_V_6, %r_V_6" [firmware/myproject.cpp:52]   --->   Operation 158 'mul' 'r_V_7' <Predicate = true> <Delay = 2.53> <Core = "DSP48">   --->   Core 88 'DSP48' <Latency = 0> <II = 1> <Delay = 2.53> <IPBlock> <Opcode : 'mul' 'add' 'sub' 'select'> <InPorts = 2> <OutPorts = 1> <Sync> <CReg>
ST_5 : Operation 159 [1/1] (2.53ns) (root node of the DSP)   --->   "%r_V_9 = mul nsw i32 %r_V_8, %r_V_8" [firmware/myproject.cpp:52]   --->   Operation 159 'mul' 'r_V_9' <Predicate = true> <Delay = 2.53> <Core = "DSP48">   --->   Core 88 'DSP48' <Latency = 0> <II = 1> <Delay = 2.53> <IPBlock> <Opcode : 'mul' 'add' 'sub' 'select'> <InPorts = 2> <OutPorts = 1> <Sync> <CReg>
ST_5 : Operation 160 [1/1] (0.00ns)   --->   "%sext_ln1116_6 = sext i39 %r_V_14 to i69" [firmware/myproject.cpp:52]   --->   Operation 160 'sext' 'sext_ln1116_6' <Predicate = true> <Delay = 0.00>
ST_5 : Operation 161 [1/1] (0.00ns)   --->   "%sext_ln1118_13 = sext i36 %r_V_16 to i69" [firmware/myproject.cpp:52]   --->   Operation 161 'sext' 'sext_ln1118_13' <Predicate = true> <Delay = 0.00>
ST_5 : Operation 162 [1/1] (3.31ns)   --->   "%r_V_17 = mul i69 %sext_ln1118_13, %sext_ln1116_6" [firmware/myproject.cpp:52]   --->   Operation 162 'mul' 'r_V_17' <Predicate = true> <Delay = 3.31> <Core = "Mul">   --->   Core 16 'Mul' <Latency = 0> <II = 1> <Delay = 3.73> <FuncUnit> <Opcode : 'mul'> <InPorts = 2> <OutPorts = 1>
ST_5 : Operation 163 [1/1] (2.53ns) (root node of the DSP)   --->   "%r_V_18 = mul i24 %sext_ln1118_4, %sext_ln1118_4" [firmware/myproject.cpp:52]   --->   Operation 163 'mul' 'r_V_18' <Predicate = true> <Delay = 2.53> <Core = "DSP48">   --->   Core 88 'DSP48' <Latency = 0> <II = 1> <Delay = 2.53> <IPBlock> <Opcode : 'mul' 'add' 'sub' 'select'> <InPorts = 2> <OutPorts = 1> <Sync> <CReg>
ST_5 : Operation 164 [3/4] (4.33ns)   --->   "%p_Val2_8 = call fastcc i12 @"sin_lut<ap_fixed<16, 6, 5, 3, 0> >"(i16 %trunc_ln708_4)" [firmware/myproject.cpp:52]   --->   Operation 164 'call' 'p_Val2_8' <Predicate = true> <Delay = 4.33> <CoreType = "Generic">   --->   Core 0 '' <Latency = 0> <II = 1> <Delay = 1.00> <Generic> <Opcode : >
ST_5 : Operation 165 [1/1] (2.53ns) (root node of the DSP)   --->   "%mul_ln728_1 = mul i26 -699, %sext_ln1118_2" [firmware/myproject.cpp:53]   --->   Operation 165 'mul' 'mul_ln728_1' <Predicate = true> <Delay = 2.53> <Core = "DSP48">   --->   Core 88 'DSP48' <Latency = 0> <II = 1> <Delay = 2.53> <IPBlock> <Opcode : 'mul' 'add' 'sub' 'select'> <InPorts = 2> <OutPorts = 1> <Sync> <CReg>
ST_5 : Operation 166 [1/1] (0.00ns)   --->   "%sext_ln703_4 = sext i12 %p_Val2_9 to i13" [firmware/myproject.cpp:53]   --->   Operation 166 'sext' 'sext_ln703_4' <Predicate = true> <Delay = 0.00>
ST_5 : Operation 167 [1/1] (0.74ns)   --->   "%ret_V_17 = add i13 438, %sext_ln703_4" [firmware/myproject.cpp:53]   --->   Operation 167 'add' 'ret_V_17' <Predicate = true> <Delay = 0.74> <Core = "AddSub">   --->   Core 14 'AddSub' <Latency = 0> <II = 1> <Delay = 1.26> <FuncUnit> <Opcode : 'add' 'sub'> <InPorts = 2> <OutPorts = 1>
ST_5 : Operation 168 [1/1] (0.00ns)   --->   "%sext_ln1116_7 = sext i13 %ret_V_17 to i26" [firmware/myproject.cpp:53]   --->   Operation 168 'sext' 'sext_ln1116_7' <Predicate = true> <Delay = 0.00>
ST_5 : Operation 169 [1/1] (2.53ns) (root node of the DSP)   --->   "%r_V_19 = mul i26 %sext_ln1116_7, %sext_ln1116_7" [firmware/myproject.cpp:53]   --->   Operation 169 'mul' 'r_V_19' <Predicate = true> <Delay = 2.53> <Core = "DSP48">   --->   Core 88 'DSP48' <Latency = 0> <II = 1> <Delay = 2.53> <IPBlock> <Opcode : 'mul' 'add' 'sub' 'select'> <InPorts = 2> <OutPorts = 1> <Sync> <CReg>
ST_5 : Operation 170 [2/4] (4.33ns)   --->   "%p_5 = call fastcc i12 @"cos_lut<ap_fixed<16, 6, 5, 3, 0> >"(i16 %trunc_ln708_6)" [firmware/myproject.cpp:53]   --->   Operation 170 'call' 'p_5' <Predicate = true> <Delay = 4.33> <CoreType = "Generic">   --->   Core 0 '' <Latency = 0> <II = 1> <Delay = 1.00> <Generic> <Opcode : >
ST_5 : Operation 171 [3/4] (4.33ns)   --->   "%p_6 = call fastcc i12 @"cos_lut<ap_fixed<16, 6, 5, 3, 0> >"(i16 %trunc_ln708_7)" [firmware/myproject.cpp:53]   --->   Operation 171 'call' 'p_6' <Predicate = true> <Delay = 4.33> <CoreType = "Generic">   --->   Core 0 '' <Latency = 0> <II = 1> <Delay = 1.00> <Generic> <Opcode : >
ST_5 : Operation 172 [1/4] (2.85ns)   --->   "%p_7 = call fastcc i12 @"sin_lut<ap_fixed<16, 6, 5, 3, 0> >"(i16 %trunc_ln708_9)" [firmware/myproject.cpp:54]   --->   Operation 172 'call' 'p_7' <Predicate = true> <Delay = 2.85> <CoreType = "Generic">   --->   Core 0 '' <Latency = 0> <II = 1> <Delay = 1.00> <Generic> <Opcode : >
ST_5 : Operation 173 [2/4] (4.33ns)   --->   "%p_10 = call fastcc i12 @"cos_lut<ap_fixed<16, 6, 5, 3, 0> >"(i16 %trunc_ln708_s)" [firmware/myproject.cpp:54]   --->   Operation 173 'call' 'p_10' <Predicate = true> <Delay = 4.33> <CoreType = "Generic">   --->   Core 0 '' <Latency = 0> <II = 1> <Delay = 1.00> <Generic> <Opcode : >
ST_5 : Operation 174 [3/4] (4.33ns)   --->   "%p_11 = call fastcc i12 @"cos_lut<ap_fixed<16, 6, 5, 3, 0> >"(i16 %trunc_ln708_10)" [firmware/myproject.cpp:54]   --->   Operation 174 'call' 'p_11' <Predicate = true> <Delay = 4.33> <CoreType = "Generic">   --->   Core 0 '' <Latency = 0> <II = 1> <Delay = 1.00> <Generic> <Opcode : >

State 6 <SV = 5> <Delay = 4.33>
ST_6 : Operation 175 [1/1] (0.00ns)   --->   "%sext_ln1118 = sext i16 %p_Val2_1 to i28" [firmware/myproject.cpp:50]   --->   Operation 175 'sext' 'sext_ln1118' <Predicate = true> <Delay = 0.00>
ST_6 : Operation 176 [1/1] (0.00ns)   --->   "%sext_ln1193_1 = sext i17 %ret_V_35 to i25" [firmware/myproject.cpp:50]   --->   Operation 176 'sext' 'sext_ln1193_1' <Predicate = true> <Delay = 0.00>
ST_6 : Operation 177 [1/1] (2.53ns) (root node of the DSP)   --->   "%ret_V_29 = mul i25 187, %sext_ln1193_1" [firmware/myproject.cpp:50]   --->   Operation 177 'mul' 'ret_V_29' <Predicate = true> <Delay = 2.53> <Core = "DSP48">   --->   Core 88 'DSP48' <Latency = 0> <II = 1> <Delay = 2.53> <IPBlock> <Opcode : 'mul' 'add' 'sub' 'select'> <InPorts = 2> <OutPorts = 1> <Sync> <CReg>
ST_6 : Operation 178 [1/1] (0.00ns)   --->   "%sext_ln728 = sext i16 %p_Val2_2 to i22" [firmware/myproject.cpp:52]   --->   Operation 178 'sext' 'sext_ln728' <Predicate = true> <Delay = 0.00>
ST_6 : Operation 179 [1/1] (0.00ns)   --->   "%sext_ln1192_1 = sext i12 %p_0 to i17" [firmware/myproject.cpp:50]   --->   Operation 179 'sext' 'sext_ln1192_1' <Predicate = true> <Delay = 0.00>
ST_6 : Operation 180 [1/1] (0.00ns) (grouped into DSP with root node ret_V_30)   --->   "%add_ln1192 = add i17 %r_V, %sext_ln1192_1" [firmware/myproject.cpp:50]   --->   Operation 180 'add' 'add_ln1192' <Predicate = true> <Delay = 0.00> <Core = "DSP48">   --->   Core 88 'DSP48' <Latency = 0> <II = 1> <Delay = 2.53> <IPBlock> <Opcode : 'mul' 'add' 'sub' 'select'> <InPorts = 2> <OutPorts = 1> <Sync> <CReg>
ST_6 : Operation 181 [1/1] (0.00ns) (grouped into DSP with root node ret_V_30)   --->   "%sext_ln700_10 = sext i17 %add_ln1192 to i23" [firmware/myproject.cpp:50]   --->   Operation 181 'sext' 'sext_ln700_10' <Predicate = true> <Delay = 0.00>
ST_6 : Operation 182 [1/1] (0.49ns) (grouped into DSP with root node ret_V_30)   --->   "%mul_ln700_5 = mul i23 91, %sext_ln700_10" [firmware/myproject.cpp:50]   --->   Operation 182 'mul' 'mul_ln700_5' <Predicate = true> <Delay = 0.49> <Core = "DSP48">   --->   Core 88 'DSP48' <Latency = 0> <II = 1> <Delay = 2.53> <IPBlock> <Opcode : 'mul' 'add' 'sub' 'select'> <InPorts = 2> <OutPorts = 1> <Sync> <CReg>
ST_6 : Operation 183 [1/1] (0.00ns)   --->   "%sext_ln1193_2 = sext i20 %r_V_28 to i23" [firmware/myproject.cpp:50]   --->   Operation 183 'sext' 'sext_ln1193_2' <Predicate = true> <Delay = 0.00>
ST_6 : Operation 184 [1/1] (2.03ns) (root node of the DSP)   --->   "%ret_V_30 = sub i23 %mul_ln700_5, %sext_ln1193_2" [firmware/myproject.cpp:50]   --->   Operation 184 'sub' 'ret_V_30' <Predicate = true> <Delay = 2.03> <Core = "DSP48">   --->   Core 88 'DSP48' <Latency = 0> <II = 1> <Delay = 2.53> <IPBlock> <Opcode : 'mul' 'add' 'sub' 'select'> <InPorts = 2> <OutPorts = 1> <Sync> <CReg>
ST_6 : Operation 185 [1/4] (2.85ns)   --->   "%p_1 = call fastcc i12 @"sin_lut<ap_fixed<16, 6, 5, 3, 0> >"(i16 %trunc_ln)" [firmware/myproject.cpp:50]   --->   Operation 185 'call' 'p_1' <Predicate = true> <Delay = 2.85> <CoreType = "Generic">   --->   Core 0 '' <Latency = 0> <II = 1> <Delay = 1.00> <Generic> <Opcode : >
ST_6 : Operation 186 [1/4] (2.85ns)   --->   "%p_2 = call fastcc i12 @"sin_lut<ap_fixed<16, 6, 5, 3, 0> >"(i16 %add_ln703_1)" [firmware/myproject.cpp:50]   --->   Operation 186 'call' 'p_2' <Predicate = true> <Delay = 2.85> <CoreType = "Generic">   --->   Core 0 '' <Latency = 0> <II = 1> <Delay = 1.00> <Generic> <Opcode : >
ST_6 : Operation 187 [1/1] (0.00ns)   --->   "%sext_ln1118_7 = sext i24 %r_V_33 to i25" [firmware/myproject.cpp:51]   --->   Operation 187 'sext' 'sext_ln1118_7' <Predicate = true> <Delay = 0.00>
ST_6 : Operation 188 [1/1] (0.00ns)   --->   "%tmp = call i23 @_ssdm_op_BitConcatenate.i23.i13.i10(i13 %r_V_32, i10 0)" [firmware/myproject.cpp:51]   --->   Operation 188 'bitconcatenate' 'tmp' <Predicate = true> <Delay = 0.00>
ST_6 : Operation 189 [1/1] (0.00ns)   --->   "%sext_ln700_11 = sext i23 %tmp to i25" [firmware/myproject.cpp:51]   --->   Operation 189 'sext' 'sext_ln700_11' <Predicate = true> <Delay = 0.00>
ST_6 : Operation 190 [1/1] (0.83ns)   --->   "%ret_V_8 = add i25 %sext_ln1118_7, %sext_ln700_11" [firmware/myproject.cpp:51]   --->   Operation 190 'add' 'ret_V_8' <Predicate = true> <Delay = 0.83> <Core = "AddSub">   --->   Core 14 'AddSub' <Latency = 0> <II = 1> <Delay = 1.26> <FuncUnit> <Opcode : 'add' 'sub'> <InPorts = 2> <OutPorts = 1>
ST_6 : Operation 191 [1/1] (0.00ns)   --->   "%sext_ln1118_8 = sext i28 %ret_V_7 to i51" [firmware/myproject.cpp:51]   --->   Operation 191 'sext' 'sext_ln1118_8' <Predicate = true> <Delay = 0.00>
ST_6 : Operation 192 [1/1] (0.00ns)   --->   "%sext_ln1118_9 = sext i25 %ret_V_8 to i51" [firmware/myproject.cpp:51]   --->   Operation 192 'sext' 'sext_ln1118_9' <Predicate = true> <Delay = 0.00>
ST_6 : Operation 193 [1/1] (2.87ns)   --->   "%r_V_5 = mul i51 %sext_ln1118_9, %sext_ln1118_8" [firmware/myproject.cpp:51]   --->   Operation 193 'mul' 'r_V_5' <Predicate = true> <Delay = 2.87> <Core = "Mul">   --->   Core 16 'Mul' <Latency = 0> <II = 1> <Delay = 3.73> <FuncUnit> <Opcode : 'mul'> <InPorts = 2> <OutPorts = 1>
ST_6 : Operation 194 [1/4] (2.85ns)   --->   "%p_8 = call fastcc i12 @"sin_lut<ap_fixed<16, 6, 5, 3, 0> >"(i16 %p_Val2_10)" [firmware/myproject.cpp:51]   --->   Operation 194 'call' 'p_8' <Predicate = true> <Delay = 2.85> <CoreType = "Generic">   --->   Core 0 '' <Latency = 0> <II = 1> <Delay = 1.00> <Generic> <Opcode : >
ST_6 : Operation 195 [1/4] (2.85ns)   --->   "%p_9 = call fastcc i12 @"sin_lut<ap_fixed<16, 6, 5, 3, 0> >"(i16 %add_ln703_3)" [firmware/myproject.cpp:51]   --->   Operation 195 'call' 'p_9' <Predicate = true> <Delay = 2.85> <CoreType = "Generic">   --->   Core 0 '' <Latency = 0> <II = 1> <Delay = 1.00> <Generic> <Opcode : >
ST_6 : Operation 196 [1/1] (0.00ns)   --->   "%sext_ln700_12 = sext i32 %r_V_7 to i36" [firmware/myproject.cpp:52]   --->   Operation 196 'sext' 'sext_ln700_12' <Predicate = true> <Delay = 0.00>
ST_6 : Operation 197 [1/1] (3.17ns)   --->   "%mul_ln700_6 = mul i36 -50, %sext_ln700_12" [firmware/myproject.cpp:52]   --->   Operation 197 'mul' 'mul_ln700_6' <Predicate = true> <Delay = 3.17> <Core = "Mul">   --->   Core 16 'Mul' <Latency = 0> <II = 1> <Delay = 3.73> <FuncUnit> <Opcode : 'mul'> <InPorts = 2> <OutPorts = 1>
ST_6 : Operation 198 [1/1] (2.53ns) (root node of the DSP)   --->   "%mul_ln728 = mul i22 50, %sext_ln728" [firmware/myproject.cpp:52]   --->   Operation 198 'mul' 'mul_ln728' <Predicate = true> <Delay = 2.53> <Core = "DSP48">   --->   Core 88 'DSP48' <Latency = 0> <II = 1> <Delay = 2.53> <IPBlock> <Opcode : 'mul' 'add' 'sub' 'select'> <InPorts = 2> <OutPorts = 1> <Sync> <CReg>
ST_6 : Operation 199 [1/1] (0.00ns)   --->   "%rhs_V_1 = call i32 @_ssdm_op_BitConcatenate.i32.i22.i10(i22 %mul_ln728, i10 0)" [firmware/myproject.cpp:52]   --->   Operation 199 'bitconcatenate' 'rhs_V_1' <Predicate = true> <Delay = 0.00>
ST_6 : Operation 200 [1/1] (0.00ns)   --->   "%sext_ln700_13 = sext i32 %rhs_V_1 to i36" [firmware/myproject.cpp:52]   --->   Operation 200 'sext' 'sext_ln700_13' <Predicate = true> <Delay = 0.00>
ST_6 : Operation 201 [1/1] (0.92ns)   --->   "%add_ln700_1 = add i36 %mul_ln700_6, %sext_ln700_13" [firmware/myproject.cpp:52]   --->   Operation 201 'add' 'add_ln700_1' <Predicate = true> <Delay = 0.92> <Core = "AddSub">   --->   Core 14 'AddSub' <Latency = 0> <II = 1> <Delay = 1.26> <FuncUnit> <Opcode : 'add' 'sub'> <InPorts = 2> <OutPorts = 1>
ST_6 : Operation 202 [1/1] (0.00ns)   --->   "%sext_ln1118_10 = sext i32 %r_V_9 to i39" [firmware/myproject.cpp:52]   --->   Operation 202 'sext' 'sext_ln1118_10' <Predicate = true> <Delay = 0.00>
ST_6 : Operation 203 [1/1] (3.17ns)   --->   "%r_V_10 = mul i39 50, %sext_ln1118_10" [firmware/myproject.cpp:52]   --->   Operation 203 'mul' 'r_V_10' <Predicate = true> <Delay = 3.17> <Core = "Mul">   --->   Core 16 'Mul' <Latency = 0> <II = 1> <Delay = 3.73> <FuncUnit> <Opcode : 'mul'> <InPorts = 2> <OutPorts = 1>
ST_6 : Operation 204 [1/1] (0.00ns)   --->   "%sext_ln1118_11 = sext i12 %p_3 to i28" [firmware/myproject.cpp:52]   --->   Operation 204 'sext' 'sext_ln1118_11' <Predicate = true> <Delay = 0.00>
ST_6 : Operation 205 [1/1] (0.49ns) (grouped into DSP with root node ret_V_10)   --->   "%r_V_34 = mul i28 %sext_ln1118, %sext_ln1118_11" [firmware/myproject.cpp:52]   --->   Operation 205 'mul' 'r_V_34' <Predicate = true> <Delay = 0.49> <Core = "DSP48">   --->   Core 88 'DSP48' <Latency = 0> <II = 1> <Delay = 2.53> <IPBlock> <Opcode : 'mul' 'add' 'sub' 'select'> <InPorts = 2> <OutPorts = 1> <Sync> <CReg>
ST_6 : Operation 206 [1/1] (0.00ns)   --->   "%lhs_V_1 = call i26 @_ssdm_op_BitConcatenate.i26.i16.i10(i16 %p_Val2_2, i10 0)" [firmware/myproject.cpp:52]   --->   Operation 206 'bitconcatenate' 'lhs_V_1' <Predicate = true> <Delay = 0.00>
ST_6 : Operation 207 [1/1] (0.00ns)   --->   "%sext_ln728_4 = sext i26 %lhs_V_1 to i28" [firmware/myproject.cpp:52]   --->   Operation 207 'sext' 'sext_ln728_4' <Predicate = true> <Delay = 0.00>
ST_6 : Operation 208 [1/1] (2.03ns) (root node of the DSP)   --->   "%ret_V_10 = add i28 %r_V_34, %sext_ln728_4" [firmware/myproject.cpp:52]   --->   Operation 208 'add' 'ret_V_10' <Predicate = true> <Delay = 2.03> <Core = "DSP48">   --->   Core 88 'DSP48' <Latency = 0> <II = 1> <Delay = 2.53> <IPBlock> <Opcode : 'mul' 'add' 'sub' 'select'> <InPorts = 2> <OutPorts = 1> <Sync> <CReg>
ST_6 : Operation 209 [1/1] (0.00ns)   --->   "%sext_ln700_6 = sext i69 %r_V_17 to i76" [firmware/myproject.cpp:52]   --->   Operation 209 'sext' 'sext_ln700_6' <Predicate = true> <Delay = 0.00>
ST_6 : Operation 210 [1/1] (0.00ns)   --->   "%sext_ln700_7 = sext i24 %r_V_18 to i76" [firmware/myproject.cpp:52]   --->   Operation 210 'sext' 'sext_ln700_7' <Predicate = true> <Delay = 0.00>
ST_6 : Operation 211 [2/2] (3.61ns)   --->   "%mul_ln700_2 = mul i76 %sext_ln700_7, %sext_ln700_6" [firmware/myproject.cpp:52]   --->   Operation 211 'mul' 'mul_ln700_2' <Predicate = true> <Delay = 3.61> <Core = "MulnS">   --->   Core 17 'MulnS' <Latency = 1> <II = 1> <Delay = 3.61> <FuncUnit> <Opcode : 'mul'> <InPorts = 2> <OutPorts = 1>
ST_6 : Operation 212 [2/4] (4.33ns)   --->   "%p_Val2_8 = call fastcc i12 @"sin_lut<ap_fixed<16, 6, 5, 3, 0> >"(i16 %trunc_ln708_4)" [firmware/myproject.cpp:52]   --->   Operation 212 'call' 'p_Val2_8' <Predicate = true> <Delay = 4.33> <CoreType = "Generic">   --->   Core 0 '' <Latency = 0> <II = 1> <Delay = 1.00> <Generic> <Opcode : >
ST_6 : Operation 213 [1/1] (0.00ns)   --->   "%sext_ln728_6 = sext i26 %r_V_19 to i37" [firmware/myproject.cpp:53]   --->   Operation 213 'sext' 'sext_ln728_6' <Predicate = true> <Delay = 0.00>
ST_6 : Operation 214 [1/1] (0.00ns)   --->   "%lhs_V_6 = call i36 @_ssdm_op_BitConcatenate.i36.i26.i10(i26 %mul_ln728_1, i10 0)" [firmware/myproject.cpp:53]   --->   Operation 214 'bitconcatenate' 'lhs_V_6' <Predicate = true> <Delay = 0.00>
ST_6 : Operation 215 [1/1] (0.00ns)   --->   "%sext_ln728_7 = sext i36 %lhs_V_6 to i37" [firmware/myproject.cpp:53]   --->   Operation 215 'sext' 'sext_ln728_7' <Predicate = true> <Delay = 0.00>
ST_6 : Operation 216 [1/1] (0.49ns) (grouped into DSP with root node ret_V_39)   --->   "%mul_ln1193_1 = mul i37 -699, %sext_ln728_6" [firmware/myproject.cpp:53]   --->   Operation 216 'mul' 'mul_ln1193_1' <Predicate = true> <Delay = 0.49> <Core = "DSP48">   --->   Core 88 'DSP48' <Latency = 0> <II = 1> <Delay = 2.53> <IPBlock> <Opcode : 'mul' 'add' 'sub' 'select'> <InPorts = 2> <OutPorts = 1> <Sync> <CReg>
ST_6 : Operation 217 [1/1] (2.03ns) (root node of the DSP)   --->   "%ret_V_39 = add i37 %mul_ln1193_1, %sext_ln728_7" [firmware/myproject.cpp:53]   --->   Operation 217 'add' 'ret_V_39' <Predicate = true> <Delay = 2.03> <Core = "DSP48">   --->   Core 88 'DSP48' <Latency = 0> <II = 1> <Delay = 2.53> <IPBlock> <Opcode : 'mul' 'add' 'sub' 'select'> <InPorts = 2> <OutPorts = 1> <Sync> <CReg>
ST_6 : Operation 218 [1/4] (2.85ns)   --->   "%p_5 = call fastcc i12 @"cos_lut<ap_fixed<16, 6, 5, 3, 0> >"(i16 %trunc_ln708_6)" [firmware/myproject.cpp:53]   --->   Operation 218 'call' 'p_5' <Predicate = true> <Delay = 2.85> <CoreType = "Generic">   --->   Core 0 '' <Latency = 0> <II = 1> <Delay = 1.00> <Generic> <Opcode : >
ST_6 : Operation 219 [2/4] (4.33ns)   --->   "%p_6 = call fastcc i12 @"cos_lut<ap_fixed<16, 6, 5, 3, 0> >"(i16 %trunc_ln708_7)" [firmware/myproject.cpp:53]   --->   Operation 219 'call' 'p_6' <Predicate = true> <Delay = 4.33> <CoreType = "Generic">   --->   Core 0 '' <Latency = 0> <II = 1> <Delay = 1.00> <Generic> <Opcode : >
ST_6 : Operation 220 [1/1] (0.00ns)   --->   "%sext_ln703_5 = sext i12 %p_Val2_4 to i13" [firmware/myproject.cpp:54]   --->   Operation 220 'sext' 'sext_ln703_5' <Predicate = true> <Delay = 0.00>
ST_6 : Operation 221 [1/1] (0.74ns)   --->   "%ret_V_24 = add i13 484, %sext_ln703_5" [firmware/myproject.cpp:54]   --->   Operation 221 'add' 'ret_V_24' <Predicate = true> <Delay = 0.74> <Core = "AddSub">   --->   Core 14 'AddSub' <Latency = 0> <II = 1> <Delay = 1.26> <FuncUnit> <Opcode : 'add' 'sub'> <InPorts = 2> <OutPorts = 1>
ST_6 : Operation 222 [1/1] (0.00ns)   --->   "%sext_ln1116_10 = sext i13 %ret_V_24 to i26" [firmware/myproject.cpp:54]   --->   Operation 222 'sext' 'sext_ln1116_10' <Predicate = true> <Delay = 0.00>
ST_6 : Operation 223 [1/1] (2.53ns) (root node of the DSP)   --->   "%r_V_23 = mul i26 %sext_ln1116_10, %sext_ln1116_10" [firmware/myproject.cpp:54]   --->   Operation 223 'mul' 'r_V_23' <Predicate = true> <Delay = 2.53> <Core = "DSP48">   --->   Core 88 'DSP48' <Latency = 0> <II = 1> <Delay = 2.53> <IPBlock> <Opcode : 'mul' 'add' 'sub' 'select'> <InPorts = 2> <OutPorts = 1> <Sync> <CReg>
ST_6 : Operation 224 [1/1] (0.00ns)   --->   "%sext_ln1116_11 = sext i12 %p_7 to i24" [firmware/myproject.cpp:54]   --->   Operation 224 'sext' 'sext_ln1116_11' <Predicate = true> <Delay = 0.00>
ST_6 : Operation 225 [1/1] (2.53ns) (root node of the DSP)   --->   "%r_V_24 = mul i24 %sext_ln1116_11, %sext_ln1116_11" [firmware/myproject.cpp:54]   --->   Operation 225 'mul' 'r_V_24' <Predicate = true> <Delay = 2.53> <Core = "DSP48">   --->   Core 88 'DSP48' <Latency = 0> <II = 1> <Delay = 2.53> <IPBlock> <Opcode : 'mul' 'add' 'sub' 'select'> <InPorts = 2> <OutPorts = 1> <Sync> <CReg>
ST_6 : Operation 226 [1/4] (2.85ns)   --->   "%p_10 = call fastcc i12 @"cos_lut<ap_fixed<16, 6, 5, 3, 0> >"(i16 %trunc_ln708_s)" [firmware/myproject.cpp:54]   --->   Operation 226 'call' 'p_10' <Predicate = true> <Delay = 2.85> <CoreType = "Generic">   --->   Core 0 '' <Latency = 0> <II = 1> <Delay = 1.00> <Generic> <Opcode : >
ST_6 : Operation 227 [2/4] (4.33ns)   --->   "%p_11 = call fastcc i12 @"cos_lut<ap_fixed<16, 6, 5, 3, 0> >"(i16 %trunc_ln708_10)" [firmware/myproject.cpp:54]   --->   Operation 227 'call' 'p_11' <Predicate = true> <Delay = 4.33> <CoreType = "Generic">   --->   Core 0 '' <Latency = 0> <II = 1> <Delay = 1.00> <Generic> <Opcode : >

State 7 <SV = 6> <Delay = 4.34>
ST_7 : Operation 228 [1/1] (0.00ns)   --->   "%sext_ln1193_3 = sext i23 %ret_V_30 to i24" [firmware/myproject.cpp:50]   --->   Operation 228 'sext' 'sext_ln1193_3' <Predicate = true> <Delay = 0.00>
ST_7 : Operation 229 [1/1] (0.00ns) (grouped into DSP with root node add_ln700)   --->   "%ret_V_3 = add i24 -1274880, %sext_ln1193_3" [firmware/myproject.cpp:50]   --->   Operation 229 'add' 'ret_V_3' <Predicate = true> <Delay = 0.00> <Core = "DSP48">   --->   Core 88 'DSP48' <Latency = 0> <II = 1> <Delay = 2.53> <IPBlock> <Opcode : 'mul' 'add' 'sub' 'select'> <InPorts = 2> <OutPorts = 1> <Sync> <CReg>
ST_7 : Operation 230 [1/1] (0.00ns) (grouped into DSP with root node add_ln700)   --->   "%sext_ln700_1 = sext i24 %ret_V_3 to i36" [firmware/myproject.cpp:50]   --->   Operation 230 'sext' 'sext_ln700_1' <Predicate = true> <Delay = 0.00>
ST_7 : Operation 231 [1/1] (0.00ns)   --->   "%sext_ln700_2 = sext i12 %p_1 to i36" [firmware/myproject.cpp:50]   --->   Operation 231 'sext' 'sext_ln700_2' <Predicate = true> <Delay = 0.00>
ST_7 : Operation 232 [1/1] (0.49ns) (grouped into DSP with root node add_ln700)   --->   "%mul_ln700 = mul i36 %sext_ln700_2, %sext_ln700_1" [firmware/myproject.cpp:50]   --->   Operation 232 'mul' 'mul_ln700' <Predicate = true> <Delay = 0.49> <Core = "DSP48">   --->   Core 88 'DSP48' <Latency = 0> <II = 1> <Delay = 2.53> <IPBlock> <Opcode : 'mul' 'add' 'sub' 'select'> <InPorts = 2> <OutPorts = 1> <Sync> <CReg>
ST_7 : Operation 233 [1/1] (0.00ns)   --->   "%lhs_V = call i35 @_ssdm_op_BitConcatenate.i35.i25.i10(i25 %ret_V_29, i10 0)" [firmware/myproject.cpp:50]   --->   Operation 233 'bitconcatenate' 'lhs_V' <Predicate = true> <Delay = 0.00>
ST_7 : Operation 234 [1/1] (0.00ns)   --->   "%sext_ln700_3 = sext i35 %lhs_V to i36" [firmware/myproject.cpp:50]   --->   Operation 234 'sext' 'sext_ln700_3' <Predicate = true> <Delay = 0.00>
ST_7 : Operation 235 [1/1] (2.03ns) (root node of the DSP)   --->   "%add_ln700 = add i36 %mul_ln700, %sext_ln700_3" [firmware/myproject.cpp:50]   --->   Operation 235 'add' 'add_ln700' <Predicate = true> <Delay = 2.03> <Core = "DSP48">   --->   Core 88 'DSP48' <Latency = 0> <II = 1> <Delay = 2.53> <IPBlock> <Opcode : 'mul' 'add' 'sub' 'select'> <InPorts = 2> <OutPorts = 1> <Sync> <CReg>
ST_7 : Operation 236 [1/1] (0.00ns)   --->   "%sext_ln1116 = sext i12 %p_2 to i24" [firmware/myproject.cpp:50]   --->   Operation 236 'sext' 'sext_ln1116' <Predicate = true> <Delay = 0.00>
ST_7 : Operation 237 [1/1] (2.53ns) (root node of the DSP)   --->   "%r_V_29 = mul i24 %sext_ln1116, %sext_ln1116" [firmware/myproject.cpp:50]   --->   Operation 237 'mul' 'r_V_29' <Predicate = true> <Delay = 2.53> <Core = "DSP48">   --->   Core 88 'DSP48' <Latency = 0> <II = 1> <Delay = 2.53> <IPBlock> <Opcode : 'mul' 'add' 'sub' 'select'> <InPorts = 2> <OutPorts = 1> <Sync> <CReg>
ST_7 : Operation 238 [1/1] (0.00ns)   --->   "%tmp_1 = call i34 @_ssdm_op_BitConcatenate.i34.i24.i10(i24 %r_V_29, i10 0)" [firmware/myproject.cpp:50]   --->   Operation 238 'bitconcatenate' 'tmp_1' <Predicate = true> <Delay = 0.00>
ST_7 : Operation 239 [1/1] (0.00ns)   --->   "%rhs_V = sext i34 %tmp_1 to i36" [firmware/myproject.cpp:50]   --->   Operation 239 'sext' 'rhs_V' <Predicate = true> <Delay = 0.00>
ST_7 : Operation 240 [1/1] (0.92ns)   --->   "%ret_V_32 = add i36 %add_ln700, %rhs_V" [firmware/myproject.cpp:50]   --->   Operation 240 'add' 'ret_V_32' <Predicate = true> <Delay = 0.92> <Core = "AddSub">   --->   Core 14 'AddSub' <Latency = 0> <II = 1> <Delay = 1.26> <FuncUnit> <Opcode : 'add' 'sub'> <InPorts = 2> <OutPorts = 1>
ST_7 : Operation 241 [1/1] (0.00ns)   --->   "%trunc_ln708_1 = call i16 @_ssdm_op_PartSelect.i16.i36.i32.i32(i36 %ret_V_32, i32 20, i32 35)" [firmware/myproject.cpp:50]   --->   Operation 241 'partselect' 'trunc_ln708_1' <Predicate = true> <Delay = 0.00>
ST_7 : Operation 242 [1/1] (0.00ns)   --->   "%sext_ln1192_2 = sext i51 %r_V_5 to i62" [firmware/myproject.cpp:51]   --->   Operation 242 'sext' 'sext_ln1192_2' <Predicate = true> <Delay = 0.00>
ST_7 : Operation 243 [1/1] (0.00ns)   --->   "%sext_ln1192_3 = sext i12 %p_8 to i62" [firmware/myproject.cpp:51]   --->   Operation 243 'sext' 'sext_ln1192_3' <Predicate = true> <Delay = 0.00>
ST_7 : Operation 244 [1/1] (3.74ns)   --->   "%mul_ln1192_2 = mul i62 %sext_ln1192_3, %sext_ln1192_2" [firmware/myproject.cpp:51]   --->   Operation 244 'mul' 'mul_ln1192_2' <Predicate = true> <Delay = 3.74> <Core = "Mul">   --->   Core 16 'Mul' <Latency = 0> <II = 1> <Delay = 3.73> <FuncUnit> <Opcode : 'mul'> <InPorts = 2> <OutPorts = 1>
ST_7 : Operation 245 [1/1] (0.00ns)   --->   "%sext_ln700_4 = sext i39 %r_V_10 to i56" [firmware/myproject.cpp:52]   --->   Operation 245 'sext' 'sext_ln700_4' <Predicate = true> <Delay = 0.00>
ST_7 : Operation 246 [1/1] (0.00ns)   --->   "%sext_ln700_5 = sext i28 %ret_V_10 to i56" [firmware/myproject.cpp:52]   --->   Operation 246 'sext' 'sext_ln700_5' <Predicate = true> <Delay = 0.00>
ST_7 : Operation 247 [1/1] (3.31ns)   --->   "%mul_ln700_1 = mul i56 %sext_ln700_5, %sext_ln700_4" [firmware/myproject.cpp:52]   --->   Operation 247 'mul' 'mul_ln700_1' <Predicate = true> <Delay = 3.31> <Core = "Mul">   --->   Core 16 'Mul' <Latency = 0> <II = 1> <Delay = 3.73> <FuncUnit> <Opcode : 'mul'> <InPorts = 2> <OutPorts = 1>
ST_7 : Operation 248 [1/1] (0.00ns)   --->   "%shl_ln = call i56 @_ssdm_op_BitConcatenate.i56.i36.i20(i36 %add_ln700_1, i20 0)" [firmware/myproject.cpp:52]   --->   Operation 248 'bitconcatenate' 'shl_ln' <Predicate = true> <Delay = 0.00>
ST_7 : Operation 249 [1/1] (1.03ns)   --->   "%sub_ln700 = sub i56 %shl_ln, %mul_ln700_1" [firmware/myproject.cpp:52]   --->   Operation 249 'sub' 'sub_ln700' <Predicate = true> <Delay = 1.03> <Core = "AddSub">   --->   Core 14 'AddSub' <Latency = 0> <II = 1> <Delay = 1.26> <FuncUnit> <Opcode : 'add' 'sub'> <InPorts = 2> <OutPorts = 1>
ST_7 : Operation 250 [1/2] (3.61ns)   --->   "%mul_ln700_2 = mul i76 %sext_ln700_7, %sext_ln700_6" [firmware/myproject.cpp:52]   --->   Operation 250 'mul' 'mul_ln700_2' <Predicate = true> <Delay = 3.61> <Core = "MulnS">   --->   Core 17 'MulnS' <Latency = 1> <II = 1> <Delay = 3.61> <FuncUnit> <Opcode : 'mul'> <InPorts = 2> <OutPorts = 1>
ST_7 : Operation 251 [1/4] (2.85ns)   --->   "%p_Val2_8 = call fastcc i12 @"sin_lut<ap_fixed<16, 6, 5, 3, 0> >"(i16 %trunc_ln708_4)" [firmware/myproject.cpp:52]   --->   Operation 251 'call' 'p_Val2_8' <Predicate = true> <Delay = 2.85> <CoreType = "Generic">   --->   Core 0 '' <Latency = 0> <II = 1> <Delay = 1.00> <Generic> <Opcode : >
ST_7 : Operation 252 [1/1] (0.93ns)   --->   "%ret_V_19 = add i37 1795162112, %ret_V_39" [firmware/myproject.cpp:53]   --->   Operation 252 'add' 'ret_V_19' <Predicate = true> <Delay = 0.93> <Core = "AddSub">   --->   Core 14 'AddSub' <Latency = 0> <II = 1> <Delay = 1.26> <FuncUnit> <Opcode : 'add' 'sub'> <InPorts = 2> <OutPorts = 1>
ST_7 : Operation 253 [1/1] (0.00ns)   --->   "%sext_ln1118_15 = sext i37 %ret_V_19 to i59" [firmware/myproject.cpp:53]   --->   Operation 253 'sext' 'sext_ln1118_15' <Predicate = true> <Delay = 0.00>
ST_7 : Operation 254 [1/1] (0.00ns)   --->   "%sext_ln1118_16 = sext i24 %r_V_33 to i59" [firmware/myproject.cpp:53]   --->   Operation 254 'sext' 'sext_ln1118_16' <Predicate = true> <Delay = 0.00>
ST_7 : Operation 255 [1/1] (3.15ns)   --->   "%r_V_20 = mul i59 %sext_ln1118_16, %sext_ln1118_15" [firmware/myproject.cpp:53]   --->   Operation 255 'mul' 'r_V_20' <Predicate = true> <Delay = 3.15> <Core = "Mul">   --->   Core 16 'Mul' <Latency = 0> <II = 1> <Delay = 3.73> <FuncUnit> <Opcode : 'mul'> <InPorts = 2> <OutPorts = 1>
ST_7 : Operation 256 [1/1] (0.00ns)   --->   "%sext_ln1116_8 = sext i12 %p_5 to i24" [firmware/myproject.cpp:53]   --->   Operation 256 'sext' 'sext_ln1116_8' <Predicate = true> <Delay = 0.00>
ST_7 : Operation 257 [1/1] (2.53ns) (root node of the DSP)   --->   "%r_V_21 = mul i24 %sext_ln1116_8, %sext_ln1116_8" [firmware/myproject.cpp:53]   --->   Operation 257 'mul' 'r_V_21' <Predicate = true> <Delay = 2.53> <Core = "DSP48">   --->   Core 88 'DSP48' <Latency = 0> <II = 1> <Delay = 2.53> <IPBlock> <Opcode : 'mul' 'add' 'sub' 'select'> <InPorts = 2> <OutPorts = 1> <Sync> <CReg>
ST_7 : Operation 258 [1/4] (2.85ns)   --->   "%p_6 = call fastcc i12 @"cos_lut<ap_fixed<16, 6, 5, 3, 0> >"(i16 %trunc_ln708_7)" [firmware/myproject.cpp:53]   --->   Operation 258 'call' 'p_6' <Predicate = true> <Delay = 2.85> <CoreType = "Generic">   --->   Core 0 '' <Latency = 0> <II = 1> <Delay = 1.00> <Generic> <Opcode : >
ST_7 : Operation 259 [1/1] (0.00ns)   --->   "%sext_ln1118_17 = sext i26 %r_V_23 to i50" [firmware/myproject.cpp:54]   --->   Operation 259 'sext' 'sext_ln1118_17' <Predicate = true> <Delay = 0.00>
ST_7 : Operation 260 [1/1] (0.00ns)   --->   "%sext_ln1118_18 = sext i24 %r_V_24 to i50" [firmware/myproject.cpp:54]   --->   Operation 260 'sext' 'sext_ln1118_18' <Predicate = true> <Delay = 0.00>
ST_7 : Operation 261 [1/1] (2.73ns)   --->   "%r_V_25 = mul i50 %sext_ln1118_18, %sext_ln1118_17" [firmware/myproject.cpp:54]   --->   Operation 261 'mul' 'r_V_25' <Predicate = true> <Delay = 2.73> <Core = "Mul">   --->   Core 16 'Mul' <Latency = 0> <II = 1> <Delay = 3.73> <FuncUnit> <Opcode : 'mul'> <InPorts = 2> <OutPorts = 1>
ST_7 : Operation 262 [1/1] (0.00ns)   --->   "%sext_ln1116_12 = sext i12 %p_10 to i24" [firmware/myproject.cpp:54]   --->   Operation 262 'sext' 'sext_ln1116_12' <Predicate = true> <Delay = 0.00>
ST_7 : Operation 263 [1/1] (2.53ns) (root node of the DSP)   --->   "%r_V_26 = mul i24 %sext_ln1116_12, %sext_ln1116_12" [firmware/myproject.cpp:54]   --->   Operation 263 'mul' 'r_V_26' <Predicate = true> <Delay = 2.53> <Core = "DSP48">   --->   Core 88 'DSP48' <Latency = 0> <II = 1> <Delay = 2.53> <IPBlock> <Opcode : 'mul' 'add' 'sub' 'select'> <InPorts = 2> <OutPorts = 1> <Sync> <CReg>
ST_7 : Operation 264 [1/4] (2.85ns)   --->   "%p_11 = call fastcc i12 @"cos_lut<ap_fixed<16, 6, 5, 3, 0> >"(i16 %trunc_ln708_10)" [firmware/myproject.cpp:54]   --->   Operation 264 'call' 'p_11' <Predicate = true> <Delay = 2.85> <CoreType = "Generic">   --->   Core 0 '' <Latency = 0> <II = 1> <Delay = 1.00> <Generic> <Opcode : >

State 8 <SV = 7> <Delay = 4.14>
ST_8 : Operation 265 [1/1] (0.00ns)   --->   "%sext_ln1192_5 = sext i62 %mul_ln1192_2 to i73" [firmware/myproject.cpp:51]   --->   Operation 265 'sext' 'sext_ln1192_5' <Predicate = true> <Delay = 0.00>
ST_8 : Operation 266 [1/1] (0.00ns)   --->   "%sext_ln1192_6 = sext i12 %p_9 to i73" [firmware/myproject.cpp:51]   --->   Operation 266 'sext' 'sext_ln1192_6' <Predicate = true> <Delay = 0.00>
ST_8 : Operation 267 [1/1] (4.14ns)   --->   "%mul_ln1192_3 = mul i73 %sext_ln1192_6, %sext_ln1192_5" [firmware/myproject.cpp:51]   --->   Operation 267 'mul' 'mul_ln1192_3' <Predicate = true> <Delay = 4.14> <Core = "Mul">   --->   Core 16 'Mul' <Latency = 0> <II = 1> <Delay = 3.73> <FuncUnit> <Opcode : 'mul'> <InPorts = 2> <OutPorts = 1>
ST_8 : Operation 268 [1/1] (0.00ns)   --->   "%shl_ln700_1 = call i76 @_ssdm_op_BitConcatenate.i76.i56.i20(i56 %sub_ln700, i20 0)" [firmware/myproject.cpp:52]   --->   Operation 268 'bitconcatenate' 'shl_ln700_1' <Predicate = true> <Delay = 0.00>
ST_8 : Operation 269 [1/1] (0.00ns) (grouped into TernaryAdder)   --->   "%sub_ln700_1 = sub i76 %shl_ln700_1, %mul_ln700_2" [firmware/myproject.cpp:52]   --->   Operation 269 'sub' 'sub_ln700_1' <Predicate = true> <Delay = 0.00> <Core = "TAddSub">   --->   Core 83 'TAddSub' <Latency = 0> <II = 1> <Delay = 0.44> <IPBlock> <Opcode : 'add' 'sub'> <InPorts = 3> <OutPorts = 1> <Sync> <CReg>
ST_8 : Operation 270 [1/1] (0.00ns)   --->   "%tmp_7 = call i72 @_ssdm_op_BitConcatenate.i72.i12.i60(i12 %p_Val2_8, i60 0)" [firmware/myproject.cpp:52]   --->   Operation 270 'bitconcatenate' 'tmp_7' <Predicate = true> <Delay = 0.00>
ST_8 : Operation 271 [1/1] (0.00ns)   --->   "%rhs_V_4 = sext i72 %tmp_7 to i76" [firmware/myproject.cpp:52]   --->   Operation 271 'sext' 'rhs_V_4' <Predicate = true> <Delay = 0.00>
ST_8 : Operation 272 [1/1] (0.88ns) (root node of TernaryAdder)   --->   "%ret_V_38 = add i76 %sub_ln700_1, %rhs_V_4" [firmware/myproject.cpp:52]   --->   Operation 272 'add' 'ret_V_38' <Predicate = true> <Delay = 0.88> <Core = "TAddSub">   --->   Core 83 'TAddSub' <Latency = 0> <II = 1> <Delay = 0.44> <IPBlock> <Opcode : 'add' 'sub'> <InPorts = 3> <OutPorts = 1> <Sync> <CReg>
ST_8 : Operation 273 [1/1] (0.00ns)   --->   "%trunc_ln708_5 = call i16 @_ssdm_op_PartSelect.i16.i76.i32.i32(i76 %ret_V_38, i32 60, i32 75)" [firmware/myproject.cpp:52]   --->   Operation 273 'partselect' 'trunc_ln708_5' <Predicate = true> <Delay = 0.00>
ST_8 : Operation 274 [1/1] (0.00ns)   --->   "%sext_ln1192_9 = sext i59 %r_V_20 to i81" [firmware/myproject.cpp:53]   --->   Operation 274 'sext' 'sext_ln1192_9' <Predicate = true> <Delay = 0.00>
ST_8 : Operation 275 [1/1] (0.00ns)   --->   "%sext_ln1192_11 = sext i24 %r_V_21 to i81" [firmware/myproject.cpp:53]   --->   Operation 275 'sext' 'sext_ln1192_11' <Predicate = true> <Delay = 0.00>
ST_8 : Operation 276 [1/1] (3.83ns)   --->   "%mul_ln1192_6 = mul i81 %sext_ln1192_11, %sext_ln1192_9" [firmware/myproject.cpp:53]   --->   Operation 276 'mul' 'mul_ln1192_6' <Predicate = true> <Delay = 3.83> <Core = "Mul">   --->   Core 16 'Mul' <Latency = 0> <II = 1> <Delay = 3.73> <FuncUnit> <Opcode : 'mul'> <InPorts = 2> <OutPorts = 1>
ST_8 : Operation 277 [1/1] (0.00ns)   --->   "%sext_ln1116_9 = sext i12 %p_6 to i24" [firmware/myproject.cpp:53]   --->   Operation 277 'sext' 'sext_ln1116_9' <Predicate = true> <Delay = 0.00>
ST_8 : Operation 278 [1/1] (2.53ns) (root node of the DSP)   --->   "%r_V_22 = mul i24 %sext_ln1116_9, %sext_ln1116_9" [firmware/myproject.cpp:53]   --->   Operation 278 'mul' 'r_V_22' <Predicate = true> <Delay = 2.53> <Core = "DSP48">   --->   Core 88 'DSP48' <Latency = 0> <II = 1> <Delay = 2.53> <IPBlock> <Opcode : 'mul' 'add' 'sub' 'select'> <InPorts = 2> <OutPorts = 1> <Sync> <CReg>
ST_8 : Operation 279 [1/1] (0.00ns)   --->   "%sext_ln1192_13 = sext i50 %r_V_25 to i68" [firmware/myproject.cpp:54]   --->   Operation 279 'sext' 'sext_ln1192_13' <Predicate = true> <Delay = 0.00>
ST_8 : Operation 280 [1/1] (0.00ns)   --->   "%sext_ln1192_14 = sext i24 %r_V_26 to i68" [firmware/myproject.cpp:54]   --->   Operation 280 'sext' 'sext_ln1192_14' <Predicate = true> <Delay = 0.00>
ST_8 : Operation 281 [1/1] (3.73ns)   --->   "%mul_ln1192_9 = mul i68 %sext_ln1192_14, %sext_ln1192_13" [firmware/myproject.cpp:54]   --->   Operation 281 'mul' 'mul_ln1192_9' <Predicate = true> <Delay = 3.73> <Core = "Mul">   --->   Core 16 'Mul' <Latency = 0> <II = 1> <Delay = 3.73> <FuncUnit> <Opcode : 'mul'> <InPorts = 2> <OutPorts = 1>
ST_8 : Operation 282 [1/1] (0.00ns)   --->   "%sext_ln1116_13 = sext i12 %p_11 to i24" [firmware/myproject.cpp:54]   --->   Operation 282 'sext' 'sext_ln1116_13' <Predicate = true> <Delay = 0.00>
ST_8 : Operation 283 [1/1] (2.53ns) (root node of the DSP)   --->   "%r_V_27 = mul i24 %sext_ln1116_13, %sext_ln1116_13" [firmware/myproject.cpp:54]   --->   Operation 283 'mul' 'r_V_27' <Predicate = true> <Delay = 2.53> <Core = "DSP48">   --->   Core 88 'DSP48' <Latency = 0> <II = 1> <Delay = 2.53> <IPBlock> <Opcode : 'mul' 'add' 'sub' 'select'> <InPorts = 2> <OutPorts = 1> <Sync> <CReg>

State 9 <SV = 8> <Delay = 3.61>
ST_9 : Operation 284 [1/1] (0.00ns)   --->   "%sext_ln1192_8 = sext i73 %mul_ln1192_3 to i76" [firmware/myproject.cpp:51]   --->   Operation 284 'sext' 'sext_ln1192_8' <Predicate = true> <Delay = 0.00>
ST_9 : Operation 285 [1/1] (0.00ns)   --->   "%sext_ln1192_4 = sext i12 %p_3 to i76" [firmware/myproject.cpp:51]   --->   Operation 285 'sext' 'sext_ln1192_4' <Predicate = true> <Delay = 0.00>
ST_9 : Operation 286 [2/2] (3.61ns)   --->   "%mul_ln1192_4 = mul i76 %sext_ln1192_4, %sext_ln1192_8" [firmware/myproject.cpp:51]   --->   Operation 286 'mul' 'mul_ln1192_4' <Predicate = true> <Delay = 3.61> <Core = "MulnS">   --->   Core 17 'MulnS' <Latency = 1> <II = 1> <Delay = 3.61> <FuncUnit> <Opcode : 'mul'> <InPorts = 2> <OutPorts = 1>
ST_9 : Operation 287 [1/1] (0.00ns)   --->   "%sext_ln1192_12 = sext i81 %mul_ln1192_6 to i96" [firmware/myproject.cpp:53]   --->   Operation 287 'sext' 'sext_ln1192_12' <Predicate = true> <Delay = 0.00>
ST_9 : Operation 288 [1/1] (0.00ns)   --->   "%sext_ln1192_7 = sext i24 %r_V_22 to i96" [firmware/myproject.cpp:53]   --->   Operation 288 'sext' 'sext_ln1192_7' <Predicate = true> <Delay = 0.00>
ST_9 : Operation 289 [2/2] (3.61ns)   --->   "%mul_ln1192_7 = mul i96 %sext_ln1192_7, %sext_ln1192_12" [firmware/myproject.cpp:53]   --->   Operation 289 'mul' 'mul_ln1192_7' <Predicate = true> <Delay = 3.61> <Core = "MulnS">   --->   Core 17 'MulnS' <Latency = 1> <II = 1> <Delay = 3.61> <FuncUnit> <Opcode : 'mul'> <InPorts = 2> <OutPorts = 1>
ST_9 : Operation 290 [1/1] (0.00ns)   --->   "%sext_ln1192_15 = sext i68 %mul_ln1192_9 to i86" [firmware/myproject.cpp:54]   --->   Operation 290 'sext' 'sext_ln1192_15' <Predicate = true> <Delay = 0.00>
ST_9 : Operation 291 [1/1] (0.00ns)   --->   "%sext_ln1192_10 = sext i24 %r_V_27 to i86" [firmware/myproject.cpp:54]   --->   Operation 291 'sext' 'sext_ln1192_10' <Predicate = true> <Delay = 0.00>
ST_9 : Operation 292 [2/2] (3.61ns)   --->   "%mul_ln1192_11 = mul i86 %sext_ln1192_10, %sext_ln1192_15" [firmware/myproject.cpp:54]   --->   Operation 292 'mul' 'mul_ln1192_11' <Predicate = true> <Delay = 3.61> <Core = "MulnS">   --->   Core 17 'MulnS' <Latency = 1> <II = 1> <Delay = 3.61> <FuncUnit> <Opcode : 'mul'> <InPorts = 2> <OutPorts = 1>

State 10 <SV = 9> <Delay = 3.61>
ST_10 : Operation 293 [1/2] (3.61ns)   --->   "%mul_ln1192_4 = mul i76 %sext_ln1192_4, %sext_ln1192_8" [firmware/myproject.cpp:51]   --->   Operation 293 'mul' 'mul_ln1192_4' <Predicate = true> <Delay = 3.61> <Core = "MulnS">   --->   Core 17 'MulnS' <Latency = 1> <II = 1> <Delay = 3.61> <FuncUnit> <Opcode : 'mul'> <InPorts = 2> <OutPorts = 1>
ST_10 : Operation 294 [1/2] (3.61ns)   --->   "%mul_ln1192_7 = mul i96 %sext_ln1192_7, %sext_ln1192_12" [firmware/myproject.cpp:53]   --->   Operation 294 'mul' 'mul_ln1192_7' <Predicate = true> <Delay = 3.61> <Core = "MulnS">   --->   Core 17 'MulnS' <Latency = 1> <II = 1> <Delay = 3.61> <FuncUnit> <Opcode : 'mul'> <InPorts = 2> <OutPorts = 1>
ST_10 : Operation 295 [1/2] (3.61ns)   --->   "%mul_ln1192_11 = mul i86 %sext_ln1192_10, %sext_ln1192_15" [firmware/myproject.cpp:54]   --->   Operation 295 'mul' 'mul_ln1192_11' <Predicate = true> <Delay = 3.61> <Core = "MulnS">   --->   Core 17 'MulnS' <Latency = 1> <II = 1> <Delay = 3.61> <FuncUnit> <Opcode : 'mul'> <InPorts = 2> <OutPorts = 1>

State 11 <SV = 10> <Delay = 1.32>
ST_11 : Operation 296 [1/1] (0.00ns)   --->   "call void (...)* @_ssdm_op_SpecBitsMap(i16* %y_4_V), !map !206"   --->   Operation 296 'specbitsmap' <Predicate = true> <Delay = 0.00>
ST_11 : Operation 297 [1/1] (0.00ns)   --->   "call void (...)* @_ssdm_op_SpecBitsMap(i16* %y_3_V), !map !212"   --->   Operation 297 'specbitsmap' <Predicate = true> <Delay = 0.00>
ST_11 : Operation 298 [1/1] (0.00ns)   --->   "call void (...)* @_ssdm_op_SpecBitsMap(i16* %y_2_V), !map !218"   --->   Operation 298 'specbitsmap' <Predicate = true> <Delay = 0.00>
ST_11 : Operation 299 [1/1] (0.00ns)   --->   "call void (...)* @_ssdm_op_SpecBitsMap(i16* %y_1_V), !map !224"   --->   Operation 299 'specbitsmap' <Predicate = true> <Delay = 0.00>
ST_11 : Operation 300 [1/1] (0.00ns)   --->   "call void (...)* @_ssdm_op_SpecBitsMap(i16* %y_0_V), !map !230"   --->   Operation 300 'specbitsmap' <Predicate = true> <Delay = 0.00>
ST_11 : Operation 301 [1/1] (0.00ns)   --->   "call void (...)* @_ssdm_op_SpecBitsMap(i256* %x_V), !map !236"   --->   Operation 301 'specbitsmap' <Predicate = true> <Delay = 0.00>
ST_11 : Operation 302 [1/1] (0.00ns)   --->   "call void (...)* @_ssdm_op_SpecTopModule([10 x i8]* @myproject_str) nounwind"   --->   Operation 302 'spectopmodule' <Predicate = true> <Delay = 0.00>
ST_11 : Operation 303 [1/1] (0.00ns)   --->   "call void (...)* @_ssdm_op_SpecInterface(i256* %x_V, [7 x i8]* @p_str2, i32 0, i32 0, [1 x i8]* @p_str1, i32 0, i32 0, [1 x i8]* @p_str1, [1 x i8]* @p_str1, [1 x i8]* @p_str1, i32 0, i32 0, i32 0, i32 0, [1 x i8]* @p_str1, [1 x i8]* @p_str1) nounwind"   --->   Operation 303 'specinterface' <Predicate = true> <Delay = 0.00>
ST_11 : Operation 304 [1/1] (0.00ns)   --->   "call void (...)* @_ssdm_op_SpecInterface(i16* %y_0_V, i16* %y_1_V, i16* %y_2_V, i16* %y_3_V, i16* %y_4_V, [7 x i8]* @p_str2, i32 0, i32 0, [1 x i8]* @p_str1, i32 0, i32 0, [1 x i8]* @p_str1, [1 x i8]* @p_str1, [1 x i8]* @p_str1, i32 0, i32 0, i32 0, i32 0, [1 x i8]* @p_str1, [1 x i8]* @p_str1) nounwind" [firmware/myproject.cpp:32]   --->   Operation 304 'specinterface' <Predicate = true> <Delay = 0.00>
ST_11 : Operation 305 [1/1] (0.00ns)   --->   "call void (...)* @_ssdm_op_SpecPipeline(i32 -1, i32 1, i32 1, i32 0, [1 x i8]* @p_str1) nounwind" [firmware/myproject.cpp:33]   --->   Operation 305 'specpipeline' <Predicate = true> <Delay = 0.00>
ST_11 : Operation 306 [1/1] (0.00ns)   --->   "call void @_ssdm_op_Write.ap_vld.i16P(i16* %y_0_V, i16 %trunc_ln708_1)" [firmware/myproject.cpp:50]   --->   Operation 306 'write' <Predicate = true> <Delay = 0.00>
ST_11 : Operation 307 [1/1] (1.21ns)   --->   "%ret_V_34 = add i76 -1030711825118521196544, %mul_ln1192_4" [firmware/myproject.cpp:51]   --->   Operation 307 'add' 'ret_V_34' <Predicate = true> <Delay = 1.21> <Core = "AddSub">   --->   Core 14 'AddSub' <Latency = 0> <II = 1> <Delay = 1.26> <FuncUnit> <Opcode : 'add' 'sub'> <InPorts = 2> <OutPorts = 1>
ST_11 : Operation 308 [1/1] (0.00ns)   --->   "%trunc_ln708_3 = call i16 @_ssdm_op_PartSelect.i16.i76.i32.i32(i76 %ret_V_34, i32 60, i32 75)" [firmware/myproject.cpp:51]   --->   Operation 308 'partselect' 'trunc_ln708_3' <Predicate = true> <Delay = 0.00>
ST_11 : Operation 309 [1/1] (0.00ns)   --->   "call void @_ssdm_op_Write.ap_vld.i16P(i16* %y_1_V, i16 %trunc_ln708_3)" [firmware/myproject.cpp:51]   --->   Operation 309 'write' <Predicate = true> <Delay = 0.00>
ST_11 : Operation 310 [1/1] (0.00ns)   --->   "call void @_ssdm_op_Write.ap_vld.i16P(i16* %y_2_V, i16 %trunc_ln708_5)" [firmware/myproject.cpp:52]   --->   Operation 310 'write' <Predicate = true> <Delay = 0.00>
ST_11 : Operation 311 [1/1] (1.32ns)   --->   "%ret_V_42 = add i96 -1181120525763492703687933952, %mul_ln1192_7" [firmware/myproject.cpp:53]   --->   Operation 311 'add' 'ret_V_42' <Predicate = true> <Delay = 1.32> <Core = "AddSub">   --->   Core 14 'AddSub' <Latency = 0> <II = 1> <Delay = 1.26> <FuncUnit> <Opcode : 'add' 'sub'> <InPorts = 2> <OutPorts = 1>
ST_11 : Operation 312 [1/1] (0.00ns)   --->   "%trunc_ln708_8 = call i16 @_ssdm_op_PartSelect.i16.i96.i32.i32(i96 %ret_V_42, i32 80, i32 95)" [firmware/myproject.cpp:53]   --->   Operation 312 'partselect' 'trunc_ln708_8' <Predicate = true> <Delay = 0.00>
ST_11 : Operation 313 [1/1] (0.00ns)   --->   "call void @_ssdm_op_Write.ap_vld.i16P(i16* %y_3_V, i16 %trunc_ln708_8)" [firmware/myproject.cpp:53]   --->   Operation 313 'write' <Predicate = true> <Delay = 0.00>
ST_11 : Operation 314 [1/1] (1.26ns)   --->   "%ret_V_46 = add i86 -1180591620717411303424000, %mul_ln1192_11" [firmware/myproject.cpp:54]   --->   Operation 314 'add' 'ret_V_46' <Predicate = true> <Delay = 1.26> <Core = "AddSub">   --->   Core 14 'AddSub' <Latency = 0> <II = 1> <Delay = 1.26> <FuncUnit> <Opcode : 'add' 'sub'> <InPorts = 2> <OutPorts = 1>
ST_11 : Operation 315 [1/1] (0.00ns)   --->   "%trunc_ln708_11 = call i16 @_ssdm_op_PartSelect.i16.i86.i32.i32(i86 %ret_V_46, i32 70, i32 85)" [firmware/myproject.cpp:54]   --->   Operation 315 'partselect' 'trunc_ln708_11' <Predicate = true> <Delay = 0.00>
ST_11 : Operation 316 [1/1] (0.00ns)   --->   "call void @_ssdm_op_Write.ap_vld.i16P(i16* %y_4_V, i16 %trunc_ln708_11)" [firmware/myproject.cpp:54]   --->   Operation 316 'write' <Predicate = true> <Delay = 0.00>
ST_11 : Operation 317 [1/1] (0.00ns)   --->   "ret void" [firmware/myproject.cpp:56]   --->   Operation 317 'ret' <Predicate = true> <Delay = 0.00>


============================================================
+ Verbose Summary: Timing violations
============================================================
Target clock period: 5ns, clock uncertainty: 0.625ns.

 <State 1>: 3.32ns
The critical path consists of the following:
	wire read on port 'x_V' (firmware/myproject.cpp:50) [21]  (0 ns)
	'add' operation ('add_ln703', firmware/myproject.cpp:50) [44]  (0.785 ns)
	'call' operation ('p_s', firmware/myproject.cpp:50) to 'cos_lut<ap_fixed<16, 6, 5, 3, 0> >' [45]  (2.53 ns)

 <State 2>: 4.34ns
The critical path consists of the following:
	'call' operation ('p_0', firmware/myproject.cpp:50) to 'sin_lut<ap_fixed<16, 6, 5, 3, 0> >' [38]  (4.34 ns)

 <State 3>: 4.34ns
The critical path consists of the following:
	'call' operation ('p_0', firmware/myproject.cpp:50) to 'sin_lut<ap_fixed<16, 6, 5, 3, 0> >' [38]  (4.34 ns)

 <State 4>: 4.34ns
The critical path consists of the following:
	'call' operation ('p_1', firmware/myproject.cpp:50) to 'sin_lut<ap_fixed<16, 6, 5, 3, 0> >' [59]  (4.34 ns)

 <State 5>: 4.34ns
The critical path consists of the following:
	'call' operation ('p_1', firmware/myproject.cpp:50) to 'sin_lut<ap_fixed<16, 6, 5, 3, 0> >' [59]  (4.34 ns)

 <State 6>: 4.34ns
The critical path consists of the following:
	'call' operation ('p_Val2_8', firmware/myproject.cpp:52) to 'sin_lut<ap_fixed<16, 6, 5, 3, 0> >' [171]  (4.34 ns)

 <State 7>: 4.35ns
The critical path consists of the following:
	'mul' operation ('mul_ln700_1', firmware/myproject.cpp:52) [141]  (3.31 ns)
	'sub' operation ('sub_ln700', firmware/myproject.cpp:52) [143]  (1.04 ns)

 <State 8>: 4.14ns
The critical path consists of the following:
	'mul' operation ('mul_ln1192_3', firmware/myproject.cpp:51) [116]  (4.14 ns)

 <State 9>: 3.61ns
The critical path consists of the following:
	'mul' operation ('mul_ln1192_4', firmware/myproject.cpp:51) [120]  (3.61 ns)

 <State 10>: 3.61ns
The critical path consists of the following:
	'mul' operation ('mul_ln1192_4', firmware/myproject.cpp:51) [120]  (3.61 ns)

 <State 11>: 1.32ns
The critical path consists of the following:
	'add' operation ('ret.V', firmware/myproject.cpp:53) [215]  (1.32 ns)


============================================================
+ Verbose Summary: Binding
============================================================
N/A
* FSMD analyzer results:
  - Output states:
 - Input state : 
  - Chain level:
	State 1
	State 2
	State 3
	State 4
	State 5
	State 6
	State 7
	State 8
	State 9
	State 10
	State 11


============================================================
+ Verbose Summary: Datapath Resource usage 
============================================================
N/A
