

================================================================
== Vivado HLS Report for 'cordic_circ_apfixed_11_3_0_s'
================================================================
* Date:           Sun Feb 26 10:54:06 2023

* Version:        2020.1 (Build 2897737 on Wed May 27 20:21:37 MDT 2020)
* Project:        myproject_prj
* Solution:       solution1
* Product family: virtexuplus
* Target device:  xcvu9p-flga2577-2-e


================================================================
== Performance Estimates
================================================================
+ Timing: 
    * Summary: 
    +--------+---------+----------+------------+
    |  Clock |  Target | Estimated| Uncertainty|
    +--------+---------+----------+------------+
    |ap_clk  | 5.00 ns | 4.307 ns |   0.62 ns  |
    +--------+---------+----------+------------+

+ Latency: 
    * Summary: 
    +---------+---------+-----------+-----------+-----+-----+----------+
    |  Latency (cycles) |   Latency (absolute)  |  Interval | Pipeline |
    |   min   |   max   |    min    |    max    | min | max |   Type   |
    +---------+---------+-----------+-----------+-----+-----+----------+
    |        2|        2| 10.000 ns | 10.000 ns |    1|    1| function |
    +---------+---------+-----------+-----------+-----+-----+----------+

    + Detail: 
        * Instance: 
        N/A

        * Loop: 
        N/A



================================================================
== Utilization Estimates
================================================================
* Summary: 
+---------------------+---------+-------+---------+---------+-----+
|         Name        | BRAM_18K| DSP48E|    FF   |   LUT   | URAM|
+---------------------+---------+-------+---------+---------+-----+
|DSP                  |        -|      -|        -|        -|    -|
|Expression           |        -|      -|        0|     1203|    -|
|FIFO                 |        -|      -|        -|        -|    -|
|Instance             |        -|      -|        -|        -|    -|
|Memory               |        -|      -|        -|        -|    -|
|Multiplexer          |        -|      -|        -|        -|    -|
|Register             |        -|      -|       79|        -|    -|
+---------------------+---------+-------+---------+---------+-----+
|Total                |        0|      0|       79|     1203|    0|
+---------------------+---------+-------+---------+---------+-----+
|Available SLR        |     1440|   2280|   788160|   394080|  320|
+---------------------+---------+-------+---------+---------+-----+
|Utilization SLR (%)  |        0|      0|    ~0   |    ~0   |    0|
+---------------------+---------+-------+---------+---------+-----+
|Available            |     4320|   6840|  2364480|  1182240|  960|
+---------------------+---------+-------+---------+---------+-----+
|Utilization (%)      |        0|      0|    ~0   |    ~0   |    0|
+---------------------+---------+-------+---------+---------+-----+

+ Detail: 
    * Instance: 
    N/A

    * DSP48E: 
    N/A

    * Memory: 
    N/A

    * FIFO: 
    N/A

    * Expression: 
    +----------------------------+----------+-------+---+----+------------+------------+
    |        Variable Name       | Operation| DSP48E| FF| LUT| Bitwidth P0| Bitwidth P1|
    +----------------------------+----------+-------+---+----+------------+------------+
    |add_ln101_10_fu_627_p2      |     +    |      0|  0|  20|          11|          11|
    |add_ln101_11_fu_725_p2      |     +    |      0|  0|  20|           3|          11|
    |add_ln101_12_fu_731_p2      |     +    |      0|  0|  20|          11|          11|
    |add_ln101_13_fu_829_p2      |     +    |      0|  0|  20|           2|          11|
    |add_ln101_14_fu_835_p2      |     +    |      0|  0|  20|          11|          11|
    |add_ln101_1_fu_196_p2       |     +    |      0|  0|  20|           8|          11|
    |add_ln101_2_fu_202_p2       |     +    |      0|  0|  20|          11|          11|
    |add_ln101_3_fu_308_p2       |     +    |      0|  0|  20|           7|          11|
    |add_ln101_4_fu_314_p2       |     +    |      0|  0|  20|          11|          11|
    |add_ln101_5_fu_416_p2       |     +    |      0|  0|  20|           6|          11|
    |add_ln101_6_fu_422_p2       |     +    |      0|  0|  20|          11|          11|
    |add_ln101_7_fu_555_p2       |     +    |      0|  0|  20|           5|          11|
    |add_ln101_8_fu_560_p2       |     +    |      0|  0|  20|          11|          11|
    |add_ln101_9_fu_621_p2       |     +    |      0|  0|  20|           4|          11|
    |add_ln101_fu_134_p2         |     +    |      0|  0|  18|          11|          11|
    |add_ln203_10_fu_1025_p2     |     +    |      0|  0|  17|          10|          10|
    |add_ln203_11_fu_498_p2      |     +    |      0|  0|  17|          10|          10|
    |add_ln203_12_fu_599_p2      |     +    |      0|  0|  18|          11|          11|
    |add_ln203_13_fu_703_p2      |     +    |      0|  0|  18|          11|          11|
    |add_ln203_14_fu_807_p2      |     +    |      0|  0|  18|          11|          11|
    |add_ln203_15_fu_906_p2      |     +    |      0|  0|  18|          11|          11|
    |add_ln203_16_fu_973_p2      |     +    |      0|  0|  18|          11|          11|
    |add_ln203_17_fu_1043_p2     |     +    |      0|  0|  18|          11|          11|
    |add_ln203_1_fu_286_p2       |     +    |      0|  0|  17|          10|          10|
    |add_ln203_2_fu_376_p2       |     +    |      0|  0|  17|          10|          10|
    |add_ln203_3_fu_394_p2       |     +    |      0|  0|  17|          10|          10|
    |add_ln203_4_fu_480_p2       |     +    |      0|  0|  17|          10|          10|
    |add_ln203_5_fu_583_p2       |     +    |      0|  0|  17|          10|          10|
    |add_ln203_6_fu_685_p2       |     +    |      0|  0|  17|          10|          10|
    |add_ln203_7_fu_789_p2       |     +    |      0|  0|  17|          10|          10|
    |add_ln203_8_fu_891_p2       |     +    |      0|  0|  17|          10|          10|
    |add_ln203_9_fu_955_p2       |     +    |      0|  0|  17|          10|          10|
    |add_ln203_fu_268_p2         |     +    |      0|  0|  16|           9|           9|
    |sub_ln203_10_fu_1031_p2     |     -    |      0|  0|  18|          11|          11|
    |sub_ln203_11_fu_492_p2      |     -    |      0|  0|  17|          10|          10|
    |sub_ln203_12_fu_594_p2      |     -    |      0|  0|  17|          10|          10|
    |sub_ln203_13_fu_697_p2      |     -    |      0|  0|  17|          10|          10|
    |sub_ln203_14_fu_801_p2      |     -    |      0|  0|  17|          10|          10|
    |sub_ln203_15_fu_901_p2      |     -    |      0|  0|  17|          10|          10|
    |sub_ln203_16_fu_967_p2      |     -    |      0|  0|  17|          10|          10|
    |sub_ln203_17_fu_1037_p2     |     -    |      0|  0|  17|          10|          10|
    |sub_ln203_1_fu_280_p2       |     -    |      0|  0|  16|           9|           9|
    |sub_ln203_2_fu_382_p2       |     -    |      0|  0|  17|          10|          10|
    |sub_ln203_3_fu_388_p2       |     -    |      0|  0|  17|          10|          10|
    |sub_ln203_4_fu_486_p2       |     -    |      0|  0|  17|          10|          10|
    |sub_ln203_5_fu_588_p2       |     -    |      0|  0|  18|          11|          11|
    |sub_ln203_6_fu_691_p2       |     -    |      0|  0|  18|          11|          11|
    |sub_ln203_7_fu_795_p2       |     -    |      0|  0|  18|          11|          11|
    |sub_ln203_8_fu_896_p2       |     -    |      0|  0|  18|          11|          11|
    |sub_ln203_9_fu_961_p2       |     -    |      0|  0|  18|          11|          11|
    |sub_ln203_fu_274_p2         |     -    |      0|  0|  17|          10|          10|
    |select_ln101_10_fu_548_p3   |  select  |      0|  0|   5|           1|           5|
    |select_ln101_11_fu_512_p3   |  select  |      0|  0|  10|           1|          10|
    |select_ln101_12_fu_520_p3   |  select  |      0|  0|  10|           1|          10|
    |select_ln101_13_fu_613_p3   |  select  |      0|  0|   4|           1|           4|
    |select_ln101_14_fu_633_p3   |  select  |      0|  0|  11|           1|          11|
    |select_ln101_15_fu_641_p3   |  select  |      0|  0|  10|           1|          10|
    |select_ln101_16_fu_717_p3   |  select  |      0|  0|   3|           1|           3|
    |select_ln101_17_fu_737_p3   |  select  |      0|  0|  11|           1|          11|
    |select_ln101_18_fu_745_p3   |  select  |      0|  0|  10|           1|          10|
    |select_ln101_19_fu_821_p3   |  select  |      0|  0|   2|           1|           2|
    |select_ln101_1_fu_188_p3    |  select  |      0|  0|   8|           1|           8|
    |select_ln101_20_fu_841_p3   |  select  |      0|  0|  11|           1|          11|
    |select_ln101_21_fu_849_p3   |  select  |      0|  0|  10|           1|          10|
    |select_ln101_22_fu_911_p3   |  select  |      0|  0|  11|           1|          11|
    |select_ln101_23_fu_918_p3   |  select  |      0|  0|  10|           1|          10|
    |select_ln101_24_fu_979_p3   |  select  |      0|  0|  11|           1|          11|
    |select_ln101_25_fu_986_p3   |  select  |      0|  0|  10|           1|          10|
    |select_ln101_26_fu_1049_p3  |  select  |      0|  0|  11|           1|          11|
    |select_ln101_27_fu_1056_p3  |  select  |      0|  0|  10|           1|          10|
    |select_ln101_2_fu_208_p3    |  select  |      0|  0|   9|           1|           9|
    |select_ln101_3_fu_220_p3    |  select  |      0|  0|   8|           1|           8|
    |select_ln101_4_fu_300_p3    |  select  |      0|  0|   7|           1|           7|
    |select_ln101_5_fu_320_p3    |  select  |      0|  0|  10|           1|          10|
    |select_ln101_6_fu_328_p3    |  select  |      0|  0|   9|           1|           9|
    |select_ln101_7_fu_408_p3    |  select  |      0|  0|   6|           1|           6|
    |select_ln101_8_fu_428_p3    |  select  |      0|  0|  10|           1|          10|
    |select_ln101_9_fu_436_p3    |  select  |      0|  0|  10|           1|          10|
    |select_ln101_fu_126_p3      |  select  |      0|  0|   9|           1|           8|
    |select_ln1371_1_fu_1001_p3  |  select  |      0|  0|   2|           1|           2|
    |select_ln1371_2_fu_1017_p3  |  select  |      0|  0|   2|           1|           2|
    |select_ln1371_fu_933_p3     |  select  |      0|  0|   2|           1|           2|
    |select_ln203_1_fu_156_p3    |  select  |      0|  0|   9|           1|           9|
    |select_ln203_2_fu_164_p3    |  select  |      0|  0|   7|           1|           6|
    |select_ln203_3_fu_172_p3    |  select  |      0|  0|   8|           1|           8|
    |select_ln203_fu_148_p3      |  select  |      0|  0|   7|           1|           7|
    +----------------------------+----------+-------+---+----+------------+------------+
    |Total                       |          |      0|  0|1203|         528|         816|
    +----------------------------+----------+-------+---+----+------------+------------+

    * Multiplexer: 
    N/A

    * Register: 
    +--------------------------+----+----+-----+-----------+
    |           Name           | FF | LUT| Bits| Const Bits|
    +--------------------------+----+----+-----+-----------+
    |add_ln101_6_reg_1079      |  11|   0|   11|          0|
    |select_ln101_11_reg_1089  |  10|   0|   10|          0|
    |select_ln101_12_reg_1094  |  10|   0|   10|          0|
    |select_ln101_20_reg_1110  |  11|   0|   11|          0|
    |select_ln101_21_reg_1116  |  10|   0|   10|          0|
    |tmp_13_reg_1084           |   1|   0|    1|          0|
    |tmp_14_reg_1100           |   5|   0|    5|          0|
    |tmp_15_reg_1105           |   5|   0|    5|          0|
    |tmp_26_reg_1122           |   2|   0|    2|          0|
    |tmp_27_reg_1127           |   3|   0|    3|          0|
    |tmp_28_reg_1132           |   1|   0|    1|          0|
    |z_V_read_int_reg          |  10|   0|   10|          0|
    +--------------------------+----+----+-----+-----------+
    |Total                     |  79|   0|   79|          0|
    +--------------------------+----+----+-----+-----------+



================================================================
== Interface
================================================================
* Summary: 
+-------------+-----+-----+------------+-------------------------------+--------------+
|  RTL Ports  | Dir | Bits|  Protocol  |         Source Object         |    C Type    |
+-------------+-----+-----+------------+-------------------------------+--------------+
|ap_clk       |  in |    1| ap_ctrl_hs | cordic_circ_apfixed<11, 3, 0> | return value |
|ap_rst       |  in |    1| ap_ctrl_hs | cordic_circ_apfixed<11, 3, 0> | return value |
|ap_return_0  | out |   11| ap_ctrl_hs | cordic_circ_apfixed<11, 3, 0> | return value |
|ap_return_1  | out |   11| ap_ctrl_hs | cordic_circ_apfixed<11, 3, 0> | return value |
|ap_ce        |  in |    1| ap_ctrl_hs | cordic_circ_apfixed<11, 3, 0> | return value |
|z_V_read     |  in |   10|   ap_none  |            z_V_read           |    scalar    |
+-------------+-----+-----+------------+-------------------------------+--------------+

