

================================================================
== Vivado HLS Report for 'generic_sincos_9_6_s'
================================================================
* Date:           Sun Feb 26 15:05:28 2023

* Version:        2020.1 (Build 2897737 on Wed May 27 20:21:37 MDT 2020)
* Project:        myproject_prj
* Solution:       solution1
* Product family: virtexuplus
* Target device:  xcvu9p-flga2577-2-e


================================================================
== Performance Estimates
================================================================
+ Timing: 
    * Summary: 
    +--------+---------+----------+------------+
    |  Clock |  Target | Estimated| Uncertainty|
    +--------+---------+----------+------------+
    |ap_clk  | 5.00 ns | 4.373 ns |   0.62 ns  |
    +--------+---------+----------+------------+

+ Latency: 
    * Summary: 
    +---------+---------+-----------+-----------+-----+-----+----------+
    |  Latency (cycles) |   Latency (absolute)  |  Interval | Pipeline |
    |   min   |   max   |    min    |    max    | min | max |   Type   |
    +---------+---------+-----------+-----------+-----+-----+----------+
    |        6|        6| 30.000 ns | 30.000 ns |    1|    1| function |
    +---------+---------+-----------+-----------+-----+-----+----------+

    + Detail: 
        * Instance: 
        +----------------------------------------+------------------------------+---------+---------+-----------+-----------+-----+-----+----------+
        |                                        |                              |  Latency (cycles) |   Latency (absolute)  |  Interval | Pipeline |
        |                Instance                |            Module            |   min   |   max   |    min    |    max    | min | max |   Type   |
        +----------------------------------------+------------------------------+---------+---------+-----------+-----------+-----+-----+----------+
        |grp_cordic_circ_apfixed_11_3_0_s_fu_70  |cordic_circ_apfixed_11_3_0_s  |        2|        2| 10.000 ns | 10.000 ns |    1|    1| function |
        +----------------------------------------+------------------------------+---------+---------+-----------+-----------+-----+-----+----------+

        * Loop: 
        N/A



================================================================
== Utilization Estimates
================================================================
* Summary: 
+---------------------+---------+-------+---------+---------+-----+
|         Name        | BRAM_18K| DSP48E|    FF   |   LUT   | URAM|
+---------------------+---------+-------+---------+---------+-----+
|DSP                  |        -|      2|        -|        -|    -|
|Expression           |        -|      -|        0|      190|    -|
|FIFO                 |        -|      -|        -|        -|    -|
|Instance             |        -|      -|       79|     1203|    -|
|Memory               |        -|      -|        -|        -|    -|
|Multiplexer          |        -|      -|        -|       18|    -|
|Register             |        0|      -|      267|       96|    -|
+---------------------+---------+-------+---------+---------+-----+
|Total                |        0|      2|      346|     1507|    0|
+---------------------+---------+-------+---------+---------+-----+
|Available SLR        |     1440|   2280|   788160|   394080|  320|
+---------------------+---------+-------+---------+---------+-----+
|Utilization SLR (%)  |        0|   ~0  |    ~0   |    ~0   |    0|
+---------------------+---------+-------+---------+---------+-----+
|Available            |     4320|   6840|  2364480|  1182240|  960|
+---------------------+---------+-------+---------+---------+-----+
|Utilization (%)      |        0|   ~0  |    ~0   |    ~0   |    0|
+---------------------+---------+-------+---------+---------+-----+

+ Detail: 
    * Instance: 
    +----------------------------------------+------------------------------+---------+-------+----+------+-----+
    |                Instance                |            Module            | BRAM_18K| DSP48E| FF |  LUT | URAM|
    +----------------------------------------+------------------------------+---------+-------+----+------+-----+
    |grp_cordic_circ_apfixed_11_3_0_s_fu_70  |cordic_circ_apfixed_11_3_0_s  |        0|      0|  79|  1203|    0|
    +----------------------------------------+------------------------------+---------+-------+----+------+-----+
    |Total                                   |                              |        0|      0|  79|  1203|    0|
    +----------------------------------------+------------------------------+---------+-------+----+------+-----+

    * DSP48E: 
    +----------------------------------------------+-------------------------------------------+--------------+
    |                   Instance                   |                   Module                  |  Expression  |
    +----------------------------------------------+-------------------------------------------+--------------+
    |myproject_mac_mulsub_12ns_6ns_16ns_18_1_0_U3  |myproject_mac_mulsub_12ns_6ns_16ns_18_1_0  | i0 - i1 * i2 |
    |myproject_mul_mul_17ns_9ns_25_1_0_U2          |myproject_mul_mul_17ns_9ns_25_1_0          |    i0 * i1   |
    +----------------------------------------------+-------------------------------------------+--------------+

    * Memory: 
    N/A

    * FIFO: 
    N/A

    * Expression: 
    +--------------------------+----------+-------+---+----+------------+------------+
    |       Variable Name      | Operation| DSP48E| FF| LUT| Bitwidth P0| Bitwidth P1|
    +--------------------------+----------+-------+---+----+------------+------------+
    |inabs_V_fu_81_p2          |     -    |      0|  0|  16|           1|           9|
    |r_V_48_fu_223_p2          |     -    |      0|  0|  17|           1|          10|
    |r_V_49_fu_239_p2          |     -    |      0|  0|  17|           1|          10|
    |ret_V_37_fu_162_p2        |     -    |      0|  0|  18|          10|          11|
    |sub_ln703_fu_336_p2       |     -    |      0|  0|  15|           1|           5|
    |and_ln879_1_fu_300_p2     |    and   |      0|  0|   2|           1|           1|
    |and_ln879_fu_277_p2       |    and   |      0|  0|   2|           1|           1|
    |icmp_ln251_fu_178_p2      |   icmp   |      0|  0|   8|           2|           2|
    |icmp_ln879_1_fu_255_p2    |   icmp   |      0|  0|   8|           2|           1|
    |icmp_ln879_2_fu_260_p2    |   icmp   |      0|  0|   9|           2|           3|
    |icmp_ln879_fu_140_p2      |   icmp   |      0|  0|   8|           2|           1|
    |sign0_V_fu_75_p2          |   icmp   |      0|  0|  13|           9|           1|
    |or_ln251_fu_183_p2        |    or    |      0|  0|   2|           1|           1|
    |or_ln879_fu_289_p2        |    or    |      0|  0|   2|           1|           1|
    |p_Val2_46_fu_306_p3       |  select  |      0|  0|   5|           1|           5|
    |p_Val2_47_fu_342_p3       |  select  |      0|  0|   5|           1|           5|
    |p_Val2_s_fu_87_p3         |  select  |      0|  0|   9|           1|           9|
    |select_ln879_1_fu_282_p3  |  select  |      0|  0|   5|           1|           5|
    |select_ln879_3_fu_322_p3  |  select  |      0|  0|   5|           1|           5|
    |select_ln879_4_fu_329_p3  |  select  |      0|  0|   5|           1|           5|
    |select_ln879_fu_265_p3    |  select  |      0|  0|   5|           1|           5|
    |z_V_1_fu_189_p3           |  select  |      0|  0|  10|           1|          10|
    |xor_ln879_1_fu_294_p2     |    xor   |      0|  0|   2|           1|           2|
    |xor_ln879_fu_271_p2       |    xor   |      0|  0|   2|           1|           2|
    +--------------------------+----------+-------+---+----+------------+------------+
    |Total                     |          |      0|  0| 190|          45|         110|
    +--------------------------+----------+-------+---+----+------------+------------+

    * Multiplexer: 
    +-------------+----+-----------+-----+-----------+
    |     Name    | LUT| Input Size| Bits| Total Bits|
    +-------------+----+-----------+-----+-----------+
    |ap_return_0  |   9|          2|    5|         10|
    |ap_return_1  |   9|          2|    5|         10|
    +-------------+----+-----------+-----+-----------+
    |Total        |  18|          4|   10|         20|
    +-------------+----+-----------+-----+-----------+

    * Register: 
    +------------------------+----+----+-----+-----------+
    |          Name          | FF | LUT| Bits| Const Bits|
    +------------------------+----+----+-----+-----------+
    |ap_ce_reg               |   1|   0|    1|          0|
    |ap_return_0_int_reg     |   5|   0|    5|          0|
    |ap_return_1_int_reg     |   5|   0|    5|          0|
    |icmp_ln879_reg_402      |   1|   0|    1|          0|
    |in_V_int_reg            |   9|   0|    9|          0|
    |k_V_reg_394             |   2|   0|    2|          0|
    |p_Val2_s_reg_384        |   9|   0|    9|          0|
    |ret_V_reg_389           |   6|   0|    6|          0|
    |sign0_V_reg_379         |   1|   0|    1|          0|
    |trunc_ln1_reg_418       |   5|   0|    5|          0|
    |trunc_ln708_12_reg_424  |   5|   0|    5|          0|
    |trunc_ln708_13_reg_430  |   5|   0|    5|          0|
    |x_V_reg_413             |  11|   0|   11|          0|
    |z_V_1_reg_408           |  10|   0|   10|          0|
    |icmp_ln879_reg_402      |  64|  32|    1|          0|
    |k_V_reg_394             |  64|  32|    2|          0|
    |sign0_V_reg_379         |  64|  32|    1|          0|
    +------------------------+----+----+-----+-----------+
    |Total                   | 267|  96|   79|          0|
    +------------------------+----+----+-----+-----------+



================================================================
== Interface
================================================================
* Summary: 
+-------------+-----+-----+------------+----------------------+--------------+
|  RTL Ports  | Dir | Bits|  Protocol  |     Source Object    |    C Type    |
+-------------+-----+-----+------------+----------------------+--------------+
|ap_clk       |  in |    1| ap_ctrl_hs | generic_sincos<9, 6> | return value |
|ap_rst       |  in |    1| ap_ctrl_hs | generic_sincos<9, 6> | return value |
|ap_return_0  | out |    5| ap_ctrl_hs | generic_sincos<9, 6> | return value |
|ap_return_1  | out |    5| ap_ctrl_hs | generic_sincos<9, 6> | return value |
|ap_ce        |  in |    1| ap_ctrl_hs | generic_sincos<9, 6> | return value |
|in_V         |  in |    9|   ap_none  |         in_V         |    scalar    |
+-------------+-----+-----+------------+----------------------+--------------+

