

================================================================
== Vivado HLS Report for 'cordic_circ_apfixed_16_3_0_s'
================================================================
* Date:           Sun Feb 26 11:16:29 2023

* Version:        2020.1 (Build 2897737 on Wed May 27 20:21:37 MDT 2020)
* Project:        myproject_prj
* Solution:       solution1
* Product family: virtexuplus
* Target device:  xcvu9p-flga2577-2-e


================================================================
== Performance Estimates
================================================================
+ Timing: 
    * Summary: 
    +--------+---------+----------+------------+
    |  Clock |  Target | Estimated| Uncertainty|
    +--------+---------+----------+------------+
    |ap_clk  | 5.00 ns | 4.349 ns |   0.62 ns  |
    +--------+---------+----------+------------+

+ Latency: 
    * Summary: 
    +---------+---------+-----------+-----------+-----+-----+----------+
    |  Latency (cycles) |   Latency (absolute)  |  Interval | Pipeline |
    |   min   |   max   |    min    |    max    | min | max |   Type   |
    +---------+---------+-----------+-----------+-----+-----+----------+
    |        3|        3| 15.000 ns | 15.000 ns |    1|    1| function |
    +---------+---------+-----------+-----------+-----+-----+----------+

    + Detail: 
        * Instance: 
        N/A

        * Loop: 
        N/A



================================================================
== Utilization Estimates
================================================================
* Summary: 
+---------------------+---------+-------+---------+---------+-----+
|         Name        | BRAM_18K| DSP48E|    FF   |   LUT   | URAM|
+---------------------+---------+-------+---------+---------+-----+
|DSP                  |        -|      -|        -|        -|    -|
|Expression           |        -|      -|        0|     3381|    -|
|FIFO                 |        -|      -|        -|        -|    -|
|Instance             |        -|      -|        -|        -|    -|
|Memory               |        -|      -|        -|        -|    -|
|Multiplexer          |        -|      -|        -|        -|    -|
|Register             |        -|      -|      208|        -|    -|
+---------------------+---------+-------+---------+---------+-----+
|Total                |        0|      0|      208|     3381|    0|
+---------------------+---------+-------+---------+---------+-----+
|Available SLR        |     1440|   2280|   788160|   394080|  320|
+---------------------+---------+-------+---------+---------+-----+
|Utilization SLR (%)  |        0|      0|    ~0   |    ~0   |    0|
+---------------------+---------+-------+---------+---------+-----+
|Available            |     4320|   6840|  2364480|  1182240|  960|
+---------------------+---------+-------+---------+---------+-----+
|Utilization (%)      |        0|      0|    ~0   |    ~0   |    0|
+---------------------+---------+-------+---------+---------+-----+

+ Detail: 
    * Instance: 
    N/A

    * DSP48E: 
    N/A

    * Memory: 
    N/A

    * FIFO: 
    N/A

    * Expression: 
    +----------------------------+----------+-------+---+----+------------+------------+
    |        Variable Name       | Operation| DSP48E| FF| LUT| Bitwidth P0| Bitwidth P1|
    +----------------------------+----------+-------+---+----+------------+------------+
    |add_ln101_10_fu_673_p2      |     +    |      0|  0|  62|          16|          16|
    |add_ln101_11_fu_771_p2      |     +    |      0|  0|  62|           8|          16|
    |add_ln101_12_fu_777_p2      |     +    |      0|  0|  62|          16|          16|
    |add_ln101_13_fu_875_p2      |     +    |      0|  0|  62|           7|          16|
    |add_ln101_14_fu_881_p2      |     +    |      0|  0|  62|          16|          16|
    |add_ln101_15_fu_1015_p2     |     +    |      0|  0|  62|           6|          16|
    |add_ln101_16_fu_1020_p2     |     +    |      0|  0|  62|          16|          16|
    |add_ln101_17_fu_1075_p2     |     +    |      0|  0|  62|           5|          16|
    |add_ln101_18_fu_1081_p2     |     +    |      0|  0|  62|          16|          16|
    |add_ln101_19_fu_1179_p2     |     +    |      0|  0|  62|           4|          16|
    |add_ln101_1_fu_242_p2       |     +    |      0|  0|  62|          13|          16|
    |add_ln101_20_fu_1185_p2     |     +    |      0|  0|  62|          16|          16|
    |add_ln101_21_fu_1283_p2     |     +    |      0|  0|  62|           3|          16|
    |add_ln101_22_fu_1289_p2     |     +    |      0|  0|  62|          16|          16|
    |add_ln101_23_fu_1422_p2     |     +    |      0|  0|  62|           2|          16|
    |add_ln101_24_fu_1427_p2     |     +    |      0|  0|  62|          16|          16|
    |add_ln101_2_fu_248_p2       |     +    |      0|  0|  62|          16|          16|
    |add_ln101_3_fu_354_p2       |     +    |      0|  0|  62|          12|          16|
    |add_ln101_4_fu_360_p2       |     +    |      0|  0|  62|          16|          16|
    |add_ln101_5_fu_462_p2       |     +    |      0|  0|  62|          11|          16|
    |add_ln101_6_fu_468_p2       |     +    |      0|  0|  62|          16|          16|
    |add_ln101_7_fu_602_p2       |     +    |      0|  0|  62|          10|          16|
    |add_ln101_8_fu_607_p2       |     +    |      0|  0|  62|          16|          16|
    |add_ln101_9_fu_667_p2       |     +    |      0|  0|  62|           9|          16|
    |add_ln101_fu_180_p2         |     +    |      0|  0|  23|          16|          16|
    |add_ln203_10_fu_1139_p2     |     +    |      0|  0|  22|          15|          15|
    |add_ln203_11_fu_1243_p2     |     +    |      0|  0|  22|          15|          15|
    |add_ln203_12_fu_1347_p2     |     +    |      0|  0|  22|          15|          15|
    |add_ln203_13_fu_1447_p2     |     +    |      0|  0|  22|          15|          15|
    |add_ln203_14_fu_544_p2      |     +    |      0|  0|  22|          15|          15|
    |add_ln203_15_fu_1585_p2     |     +    |      0|  0|  22|          15|          15|
    |add_ln203_16_fu_645_p2      |     +    |      0|  0|  23|          16|          16|
    |add_ln203_17_fu_749_p2      |     +    |      0|  0|  23|          16|          16|
    |add_ln203_18_fu_853_p2      |     +    |      0|  0|  23|          16|          16|
    |add_ln203_19_fu_957_p2      |     +    |      0|  0|  23|          16|          16|
    |add_ln203_1_fu_332_p2       |     +    |      0|  0|  22|          15|          15|
    |add_ln203_20_fu_1054_p2     |     +    |      0|  0|  23|          16|          16|
    |add_ln203_21_fu_1157_p2     |     +    |      0|  0|  23|          16|          16|
    |add_ln203_22_fu_1261_p2     |     +    |      0|  0|  23|          16|          16|
    |add_ln203_23_fu_1365_p2     |     +    |      0|  0|  23|          16|          16|
    |add_ln203_24_fu_1462_p2     |     +    |      0|  0|  23|          16|          16|
    |add_ln203_25_fu_1513_p2     |     +    |      0|  0|  22|          15|          15|
    |add_ln203_26_fu_1531_p2     |     +    |      0|  0|  23|          16|          16|
    |add_ln203_27_fu_1603_p2     |     +    |      0|  0|  23|          16|          16|
    |add_ln203_2_fu_422_p2       |     +    |      0|  0|  22|          15|          15|
    |add_ln203_3_fu_440_p2       |     +    |      0|  0|  22|          15|          15|
    |add_ln203_4_fu_526_p2       |     +    |      0|  0|  22|          15|          15|
    |add_ln203_5_fu_629_p2       |     +    |      0|  0|  22|          15|          15|
    |add_ln203_6_fu_731_p2       |     +    |      0|  0|  22|          15|          15|
    |add_ln203_7_fu_835_p2       |     +    |      0|  0|  22|          15|          15|
    |add_ln203_8_fu_939_p2       |     +    |      0|  0|  22|          15|          15|
    |add_ln203_9_fu_1039_p2      |     +    |      0|  0|  22|          15|          15|
    |add_ln203_fu_314_p2         |     +    |      0|  0|  21|          14|          14|
    |sub_ln203_10_fu_1145_p2     |     -    |      0|  0|  23|          16|          16|
    |sub_ln203_11_fu_1249_p2     |     -    |      0|  0|  23|          16|          16|
    |sub_ln203_12_fu_1353_p2     |     -    |      0|  0|  23|          16|          16|
    |sub_ln203_13_fu_1452_p2     |     -    |      0|  0|  23|          16|          16|
    |sub_ln203_14_fu_1519_p2     |     -    |      0|  0|  23|          16|          16|
    |sub_ln203_15_fu_538_p2      |     -    |      0|  0|  22|          15|          15|
    |sub_ln203_16_fu_640_p2      |     -    |      0|  0|  22|          15|          15|
    |sub_ln203_17_fu_743_p2      |     -    |      0|  0|  22|          15|          15|
    |sub_ln203_18_fu_847_p2      |     -    |      0|  0|  22|          15|          15|
    |sub_ln203_19_fu_951_p2      |     -    |      0|  0|  22|          15|          15|
    |sub_ln203_1_fu_326_p2       |     -    |      0|  0|  21|          14|          14|
    |sub_ln203_20_fu_1049_p2     |     -    |      0|  0|  22|          15|          15|
    |sub_ln203_21_fu_1151_p2     |     -    |      0|  0|  22|          15|          15|
    |sub_ln203_22_fu_1255_p2     |     -    |      0|  0|  22|          15|          15|
    |sub_ln203_23_fu_1359_p2     |     -    |      0|  0|  22|          15|          15|
    |sub_ln203_24_fu_1457_p2     |     -    |      0|  0|  22|          15|          15|
    |sub_ln203_25_fu_1525_p2     |     -    |      0|  0|  22|          15|          15|
    |sub_ln203_26_fu_1591_p2     |     -    |      0|  0|  23|          16|          16|
    |sub_ln203_27_fu_1597_p2     |     -    |      0|  0|  22|          15|          15|
    |sub_ln203_2_fu_428_p2       |     -    |      0|  0|  22|          15|          15|
    |sub_ln203_3_fu_434_p2       |     -    |      0|  0|  22|          15|          15|
    |sub_ln203_4_fu_532_p2       |     -    |      0|  0|  22|          15|          15|
    |sub_ln203_5_fu_634_p2       |     -    |      0|  0|  23|          16|          16|
    |sub_ln203_6_fu_737_p2       |     -    |      0|  0|  23|          16|          16|
    |sub_ln203_7_fu_841_p2       |     -    |      0|  0|  23|          16|          16|
    |sub_ln203_8_fu_945_p2       |     -    |      0|  0|  23|          16|          16|
    |sub_ln203_9_fu_1044_p2      |     -    |      0|  0|  23|          16|          16|
    |sub_ln203_fu_320_p2         |     -    |      0|  0|  22|          15|          15|
    |select_ln101_10_fu_558_p3   |  select  |      0|  0|  10|           1|          10|
    |select_ln101_11_fu_566_p3   |  select  |      0|  0|  15|           1|          15|
    |select_ln101_12_fu_574_p3   |  select  |      0|  0|  15|           1|          15|
    |select_ln101_13_fu_659_p3   |  select  |      0|  0|   9|           1|           9|
    |select_ln101_14_fu_679_p3   |  select  |      0|  0|  16|           1|          16|
    |select_ln101_15_fu_687_p3   |  select  |      0|  0|  15|           1|          15|
    |select_ln101_16_fu_763_p3   |  select  |      0|  0|   8|           1|           8|
    |select_ln101_17_fu_783_p3   |  select  |      0|  0|  16|           1|          16|
    |select_ln101_18_fu_791_p3   |  select  |      0|  0|  15|           1|          15|
    |select_ln101_19_fu_867_p3   |  select  |      0|  0|   7|           1|           7|
    |select_ln101_1_fu_234_p3    |  select  |      0|  0|  13|           1|          13|
    |select_ln101_20_fu_887_p3   |  select  |      0|  0|  16|           1|          16|
    |select_ln101_21_fu_895_p3   |  select  |      0|  0|  15|           1|          15|
    |select_ln101_22_fu_971_p3   |  select  |      0|  0|   6|           1|           6|
    |select_ln101_23_fu_979_p3   |  select  |      0|  0|  16|           1|          16|
    |select_ln101_24_fu_987_p3   |  select  |      0|  0|  15|           1|          15|
    |select_ln101_25_fu_1067_p3  |  select  |      0|  0|   5|           1|           5|
    |select_ln101_26_fu_1087_p3  |  select  |      0|  0|  16|           1|          16|
    |select_ln101_27_fu_1095_p3  |  select  |      0|  0|  15|           1|          15|
    |select_ln101_28_fu_1171_p3  |  select  |      0|  0|   4|           1|           4|
    |select_ln101_29_fu_1191_p3  |  select  |      0|  0|  16|           1|          16|
    |select_ln101_2_fu_254_p3    |  select  |      0|  0|  14|           1|          14|
    |select_ln101_30_fu_1199_p3  |  select  |      0|  0|  15|           1|          15|
    |select_ln101_31_fu_1275_p3  |  select  |      0|  0|   3|           1|           3|
    |select_ln101_32_fu_1295_p3  |  select  |      0|  0|  16|           1|          16|
    |select_ln101_33_fu_1303_p3  |  select  |      0|  0|  15|           1|          15|
    |select_ln101_34_fu_1415_p3  |  select  |      0|  0|   2|           1|           2|
    |select_ln101_35_fu_1379_p3  |  select  |      0|  0|  16|           1|          16|
    |select_ln101_36_fu_1387_p3  |  select  |      0|  0|  15|           1|          15|
    |select_ln101_37_fu_1467_p3  |  select  |      0|  0|  16|           1|          16|
    |select_ln101_38_fu_1475_p3  |  select  |      0|  0|  15|           1|          15|
    |select_ln101_39_fu_1537_p3  |  select  |      0|  0|  16|           1|          16|
    |select_ln101_3_fu_266_p3    |  select  |      0|  0|  13|           1|          13|
    |select_ln101_40_fu_1545_p3  |  select  |      0|  0|  15|           1|          15|
    |select_ln101_41_fu_1609_p3  |  select  |      0|  0|  16|           1|          16|
    |select_ln101_42_fu_1617_p3  |  select  |      0|  0|  15|           1|          15|
    |select_ln101_4_fu_346_p3    |  select  |      0|  0|  12|           1|          12|
    |select_ln101_5_fu_366_p3    |  select  |      0|  0|  15|           1|          15|
    |select_ln101_6_fu_374_p3    |  select  |      0|  0|  14|           1|          14|
    |select_ln101_7_fu_454_p3    |  select  |      0|  0|  11|           1|          11|
    |select_ln101_8_fu_474_p3    |  select  |      0|  0|  15|           1|          15|
    |select_ln101_9_fu_482_p3    |  select  |      0|  0|  15|           1|          15|
    |select_ln101_fu_172_p3      |  select  |      0|  0|  14|           1|          13|
    |select_ln1371_1_fu_1561_p3  |  select  |      0|  0|   2|           1|           2|
    |select_ln1371_2_fu_1577_p3  |  select  |      0|  0|   2|           1|           2|
    |select_ln1371_fu_1491_p3    |  select  |      0|  0|   2|           1|           2|
    |select_ln203_1_fu_202_p3    |  select  |      0|  0|  14|           1|          14|
    |select_ln203_2_fu_210_p3    |  select  |      0|  0|  12|           1|          11|
    |select_ln203_3_fu_218_p3    |  select  |      0|  0|  13|           1|          13|
    |select_ln203_fu_194_p3      |  select  |      0|  0|  12|           1|          12|
    +----------------------------+----------+-------+---+----+------------+------------+
    |Total                       |          |      0|  0|3381|        1208|        1876|
    +----------------------------+----------+-------+---+----+------------+------------+

    * Multiplexer: 
    N/A

    * Register: 
    +--------------------------+----+----+-----+-----------+
    |           Name           | FF | LUT| Bits| Const Bits|
    +--------------------------+----+----+-----+-----------+
    |add_ln101_14_reg_1672     |  16|   0|   16|          0|
    |add_ln101_22_reg_1704     |  16|   0|   16|          0|
    |add_ln101_6_reg_1641      |  16|   0|   16|          0|
    |select_ln101_10_reg_1646  |   9|   0|   16|          7|
    |select_ln101_11_reg_1651  |  15|   0|   15|          0|
    |select_ln101_12_reg_1656  |  15|   0|   15|          0|
    |select_ln101_22_reg_1677  |   5|   0|   16|         11|
    |select_ln101_23_reg_1682  |  16|   0|   16|          0|
    |select_ln101_24_reg_1688  |  15|   0|   15|          0|
    |select_ln101_35_reg_1714  |  16|   0|   16|          0|
    |select_ln101_36_reg_1720  |  15|   0|   15|          0|
    |tmp_14_reg_1662           |  10|   0|   10|          0|
    |tmp_15_reg_1667           |  10|   0|   10|          0|
    |tmp_30_reg_1694           |   6|   0|    6|          0|
    |tmp_31_reg_1699           |   7|   0|    7|          0|
    |tmp_45_reg_1709           |   1|   0|    1|          0|
    |tmp_46_reg_1726           |   2|   0|    2|          0|
    |tmp_47_reg_1731           |   3|   0|    3|          0|
    |z_V_read_int_reg          |  15|   0|   15|          0|
    +--------------------------+----+----+-----+-----------+
    |Total                     | 208|   0|  226|         18|
    +--------------------------+----+----+-----+-----------+



================================================================
== Interface
================================================================
* Summary: 
+-------------+-----+-----+------------+-------------------------------+--------------+
|  RTL Ports  | Dir | Bits|  Protocol  |         Source Object         |    C Type    |
+-------------+-----+-----+------------+-------------------------------+--------------+
|ap_clk       |  in |    1| ap_ctrl_hs | cordic_circ_apfixed<16, 3, 0> | return value |
|ap_rst       |  in |    1| ap_ctrl_hs | cordic_circ_apfixed<16, 3, 0> | return value |
|ap_return_0  | out |   16| ap_ctrl_hs | cordic_circ_apfixed<16, 3, 0> | return value |
|ap_return_1  | out |   16| ap_ctrl_hs | cordic_circ_apfixed<16, 3, 0> | return value |
|ap_ce        |  in |    1| ap_ctrl_hs | cordic_circ_apfixed<16, 3, 0> | return value |
|z_V_read     |  in |   15|   ap_none  |            z_V_read           |    scalar    |
+-------------+-----+-----+------------+-------------------------------+--------------+

