==============================================================
Vivado(TM) HLS - High-Level Synthesis from C, C++ and SystemC v2020.1 (64-bit)
Copyright 1986-2020 Xilinx, Inc. All Rights Reserved.
==============================================================
INFO: [XFORM 203-101] Allowed max sub elements number after partition is 4096.
INFO: [XFORM 203-1161] The maximum of name length is set into 60.
INFO: [HLS 200-10] Setting target device to 'xcvu9p-flga2577-2-e'
INFO: [SYN 201-201] Setting up clock 'default' with a period of 5ns.
INFO: [SCHED 204-61] Option 'relax_ii_for_timing' is enabled, will increase II to preserve clock frequency constraints.
INFO: [HLS 200-10] Analyzing design file 'firmware/myproject.cpp' ... 
INFO: [HLS 200-111] Finished Linking Time (s): cpu = 00:01:07 ; elapsed = 00:01:11 . Memory (MB): peak = 1653.012 ; gain = 1227.961 ; free physical = 49212 ; free virtual = 83349
INFO: [HLS 200-111] Finished Checking Pragmas Time (s): cpu = 00:01:07 ; elapsed = 00:01:11 . Memory (MB): peak = 1653.012 ; gain = 1227.961 ; free physical = 49212 ; free virtual = 83349
INFO: [HLS 200-10] Starting code transformations ...
INFO: [XFORM 203-603] Inlining function 'nnet::sincos_lut<ap_fixed<14, 6, (ap_q_mode)5, (ap_o_mode)3, 0> >' into 'nnet::sin_lut<ap_fixed<14, 6, (ap_q_mode)5, (ap_o_mode)3, 0> >' (firmware/nnet_utils/nnet_math.h:187).
INFO: [HLS 200-111] Finished Standard Transforms Time (s): cpu = 00:01:15 ; elapsed = 00:01:21 . Memory (MB): peak = 1653.012 ; gain = 1227.961 ; free physical = 48995 ; free virtual = 83167
INFO: [HLS 200-10] Checking synthesizability ...
WARNING: [SYNCHK 200-23] firmware/nnet_utils/nnet_math.h:151: variable-indexed range selection may cause suboptimal QoR.
INFO: [SYNCHK 200-10] 0 error(s), 1 warning(s).
INFO: [HLS 200-111] Finished Checking Synthesizability Time (s): cpu = 00:01:16 ; elapsed = 00:01:23 . Memory (MB): peak = 1653.012 ; gain = 1227.961 ; free physical = 48929 ; free virtual = 83097
INFO: [XFORM 203-102] Partitioning array 'sincos1' in dimension 2 automatically.
INFO: [XFORM 203-131] Reshaping array 'x.V' (firmware/myproject.cpp:25) in dimension 1 completely.
INFO: [XFORM 203-101] Partitioning array 'y.V' (firmware/myproject.cpp:26) in dimension 1 completely.
INFO: [XFORM 203-401] Performing if-conversion on hyperblock from (firmware/nnet_utils/nnet_math.h:186:22) to (firmware/nnet_utils/nnet_math.h:155:43) in function 'nnet::sin_lut<ap_fixed<14, 6, (ap_q_mode)5, (ap_o_mode)3, 0> >'... converting 52 basic blocks.
INFO: [HLS 200-111] Finished Pre-synthesis Time (s): cpu = 00:01:18 ; elapsed = 00:01:25 . Memory (MB): peak = 1653.012 ; gain = 1227.961 ; free physical = 48768 ; free virtual = 82969
WARNING: [XFORM 203-631] Renaming function 'nnet::sin_lut<ap_fixed<14, 6, (ap_q_mode)5, (ap_o_mode)3, 0> >' to 'sin_lut<ap_fixed<14, 6, 5, 3, 0> >' (firmware/nnet_utils/nnet_math.h:93:43)
INFO: [HLS 200-111] Finished Architecture Synthesis Time (s): cpu = 00:01:18 ; elapsed = 00:01:26 . Memory (MB): peak = 1653.012 ; gain = 1227.961 ; free physical = 48712 ; free virtual = 82925
INFO: [HLS 200-10] Starting hardware synthesis ...
INFO: [HLS 200-10] Synthesizing 'myproject' ...
WARNING: [SYN 201-103] Legalizing function name 'sin_lut<ap_fixed<14, 6, 5, 3, 0> >' to 'sin_lut_ap_fixed_14_6_5_3_0_s'.
INFO: [HLS 200-10] ----------------------------------------------------------------
INFO: [HLS 200-42] -- Implementing module 'sin_lut_ap_fixed_14_6_5_3_0_s' 
INFO: [HLS 200-10] ----------------------------------------------------------------
INFO: [SCHED 204-11] Starting scheduling ...
INFO: [SCHED 204-61] Pipelining function 'sin_lut<ap_fixed<14, 6, 5, 3, 0> >'.
INFO: [SCHED 204-61] Pipelining result : Target II = 1, Final II = 1, Depth = 4.
INFO: [SCHED 204-11] Finished scheduling.
INFO: [HLS 200-111]  Elapsed time: 85.85 seconds; current allocated memory: 544.800 MB.
INFO: [BIND 205-100] Starting micro-architecture generation ...
INFO: [BIND 205-101] Performing variable lifetime analysis.
INFO: [BIND 205-101] Exploring resource sharing.
INFO: [BIND 205-101] Binding ...
INFO: [BIND 205-100] Finished micro-architecture generation.
INFO: [HLS 200-111]  Elapsed time: 0.14 seconds; current allocated memory: 545.255 MB.
INFO: [HLS 200-10] ----------------------------------------------------------------
INFO: [HLS 200-42] -- Implementing module 'myproject' 
INFO: [HLS 200-10] ----------------------------------------------------------------
INFO: [SCHED 204-11] Starting scheduling ...
INFO: [SCHED 204-61] Pipelining function 'myproject'.
INFO: [SCHED 204-61] Pipelining result : Target II = 1, Final II = 1, Depth = 9.
INFO: [SCHED 204-11] Finished scheduling.
INFO: [HLS 200-111]  Elapsed time: 0.97 seconds; current allocated memory: 546.057 MB.
INFO: [BIND 205-100] Starting micro-architecture generation ...
INFO: [BIND 205-101] Performing variable lifetime analysis.
INFO: [BIND 205-101] Exploring resource sharing.
INFO: [BIND 205-101] Binding ...
INFO: [BIND 205-100] Finished micro-architecture generation.
INFO: [HLS 200-111]  Elapsed time: 1 seconds; current allocated memory: 547.457 MB.
INFO: [HLS 200-10] ----------------------------------------------------------------
INFO: [HLS 200-10] -- Generating RTL for module 'sin_lut_ap_fixed_14_6_5_3_0_s' 
INFO: [HLS 200-10] ----------------------------------------------------------------
INFO: [RTGEN 206-100] Generating core module 'myproject_dcmp_64ns_64ns_1_2_1': 4 instance(s).
INFO: [RTGEN 206-100] Generating core module 'myproject_mul_mul_15ns_14s_29_1_1': 1 instance(s).
INFO: [RTGEN 206-100] Finished creating RTL model for 'sin_lut_ap_fixed_14_6_5_3_0_s'.
INFO: [HLS 200-111]  Elapsed time: 2.08 seconds; current allocated memory: 549.423 MB.
INFO: [HLS 200-10] ----------------------------------------------------------------
INFO: [HLS 200-10] -- Generating RTL for module 'myproject' 
INFO: [HLS 200-10] ----------------------------------------------------------------
INFO: [RTGEN 206-500] Setting interface mode on port 'myproject/x_V' to 'ap_vld'.
INFO: [RTGEN 206-500] Setting interface mode on port 'myproject/y_0_V' to 'ap_vld'.
INFO: [RTGEN 206-500] Setting interface mode on port 'myproject/y_1_V' to 'ap_vld'.
INFO: [RTGEN 206-500] Setting interface mode on port 'myproject/y_2_V' to 'ap_vld'.
INFO: [RTGEN 206-500] Setting interface mode on port 'myproject/y_3_V' to 'ap_vld'.
INFO: [RTGEN 206-500] Setting interface mode on port 'myproject/y_4_V' to 'ap_vld'.
INFO: [RTGEN 206-500] Setting interface mode on function 'myproject' to 'ap_ctrl_hs'.
INFO: [RTGEN 206-100] Generating core module 'myproject_am_addmul_10s_10s_11s_22_1_1': 1 instance(s).
INFO: [RTGEN 206-100] Generating core module 'myproject_am_addmul_20s_19s_12s_33_1_1': 1 instance(s).
INFO: [RTGEN 206-100] Generating core module 'myproject_am_addmul_9s_14s_30_1_1': 1 instance(s).
INFO: [RTGEN 206-100] Generating core module 'myproject_ama_addmuladd_10s_10s_7ns_12s_17_1_1': 1 instance(s).
INFO: [RTGEN 206-100] Generating core module 'myproject_ama_submuladd_14s_14s_9ns_18ns_23_1_1': 1 instance(s).
INFO: [RTGEN 206-100] Generating core module 'myproject_mac_muladd_10s_10s_15s_20_1_1': 1 instance(s).
INFO: [RTGEN 206-100] Generating core module 'myproject_mac_muladd_10s_10s_23s_24_1_1': 1 instance(s).
INFO: [RTGEN 206-100] Generating core module 'myproject_mac_muladd_14s_14s_17s_22_1_1': 1 instance(s).
INFO: [RTGEN 206-100] Generating core module 'myproject_mac_muladd_17s_24s_33s_38_1_1': 1 instance(s).
INFO: [RTGEN 206-100] Generating core module 'myproject_mac_muladd_8ns_10s_17s_18_1_1': 1 instance(s).
INFO: [RTGEN 206-100] Generating core module 'myproject_mac_muladd_9ns_14s_18ns_22_1_1': 1 instance(s).
INFO: [RTGEN 206-100] Generating core module 'myproject_mac_muladd_9s_14s_22ns_22_1_1': 1 instance(s).
INFO: [RTGEN 206-100] Generating core module 'myproject_mac_muladd_9s_14s_22s_22_1_1': 1 instance(s).
INFO: [RTGEN 206-100] Generating core module 'myproject_mul_mul_11ns_14s_22_1_1': 1 instance(s).
INFO: [RTGEN 206-100] Generating core module 'myproject_mul_mul_11ns_28s_30_1_1': 1 instance(s).
INFO: [RTGEN 206-100] Generating core module 'myproject_mul_mul_12ns_14s_22_1_1': 1 instance(s).
INFO: [RTGEN 206-100] Generating core module 'myproject_mul_mul_14s_14s_22_1_1': 1 instance(s).
INFO: [RTGEN 206-100] Generating core module 'myproject_mul_mul_14s_14s_28_1_1': 2 instance(s).
INFO: [RTGEN 206-100] Generating core module 'myproject_mul_mul_14s_28s_30_1_1': 1 instance(s).
