==============================================================
Vivado(TM) HLS - High-Level Synthesis from C, C++ and SystemC v2020.1 (64-bit)
Copyright 1986-2020 Xilinx, Inc. All Rights Reserved.
==============================================================
INFO: [XFORM 203-101] Allowed max sub elements number after partition is 4096.
INFO: [XFORM 203-1161] The maximum of name length is set into 60.
INFO: [HLS 200-10] Setting target device to 'xcvu9p-flga2577-2-e'
INFO: [SYN 201-201] Setting up clock 'default' with a period of 5ns.
INFO: [SCHED 204-61] Option 'relax_ii_for_timing' is enabled, will increase II to preserve clock frequency constraints.
INFO: [HLS 200-10] Analyzing design file 'firmware/myproject.cpp' ... 
INFO: [HLS 200-111] Finished Linking Time (s): cpu = 00:01:11 ; elapsed = 00:01:14 . Memory (MB): peak = 1653.012 ; gain = 1227.961 ; free physical = 39043 ; free virtual = 82984
INFO: [HLS 200-111] Finished Checking Pragmas Time (s): cpu = 00:01:11 ; elapsed = 00:01:14 . Memory (MB): peak = 1653.012 ; gain = 1227.961 ; free physical = 39043 ; free virtual = 82984
INFO: [HLS 200-10] Starting code transformations ...
INFO: [HLS 200-111] Finished Standard Transforms Time (s): cpu = 00:01:14 ; elapsed = 00:01:19 . Memory (MB): peak = 1653.012 ; gain = 1227.961 ; free physical = 38946 ; free virtual = 82896
INFO: [HLS 200-10] Checking synthesizability ...
INFO: [XFORM 203-602] Inlining function 'cordic_apfixed::circ_range_redux<16, 6, 17>' into 'cordic_apfixed::generic_sincos<16, 6>' (/data/tools/Xilinx/Vivado/2020.1/common/technology/autopilot/hls_cordic_apfixed.h:243) automatically.
INFO: [XFORM 203-602] Inlining function 'hls::sin<16, 6>' into 'myproject' (firmware/myproject.cpp:50) automatically.
INFO: [XFORM 203-602] Inlining function 'hls::cos<16, 6>' into 'myproject' (firmware/myproject.cpp:50) automatically.
INFO: [HLS 200-111] Finished Checking Synthesizability Time (s): cpu = 00:01:14 ; elapsed = 00:01:19 . Memory (MB): peak = 1653.012 ; gain = 1227.961 ; free physical = 38884 ; free virtual = 82844
INFO: [XFORM 203-502] Unrolling all loops for pipelining in function 'cordic_apfixed::cordic_circ_apfixed<18, 3, 0>' (/data/tools/Xilinx/Vivado/2020.1/common/technology/autopilot/hls_cordic_apfixed.h:78).
WARNING: [XFORM 203-505] Ignored pipeline directive for loop 'Loop-1' (/data/tools/Xilinx/Vivado/2020.1/common/technology/autopilot/hls_cordic_apfixed.h:87) because its parent loop or function is pipelined.
INFO: [HLS 200-489] Unrolling loop 'Loop-1' (/data/tools/Xilinx/Vivado/2020.1/common/technology/autopilot/hls_cordic_apfixed.h:87) in function 'cordic_apfixed::cordic_circ_apfixed<18, 3, 0>' completely with a factor of 18.
INFO: [XFORM 203-131] Reshaping array 'x.V' (firmware/myproject.cpp:25) in dimension 1 completely.
INFO: [XFORM 203-101] Partitioning array 'y.V' (firmware/myproject.cpp:26) in dimension 1 completely.
INFO: [XFORM 203-602] Inlining function 'cordic_apfixed::circ_range_redux<16, 6, 17>' into 'cordic_apfixed::generic_sincos<16, 6>' (/data/tools/Xilinx/Vivado/2020.1/common/technology/autopilot/hls_cordic_apfixed.h:243) automatically.
INFO: [XFORM 203-602] Inlining function 'hls::sin<16, 6>' into 'myproject' (firmware/myproject.cpp:50) automatically.
INFO: [XFORM 203-602] Inlining function 'hls::cos<16, 6>' into 'myproject' (firmware/myproject.cpp:50) automatically.
INFO: [XFORM 203-401] Performing if-conversion on hyperblock from (/data/tools/Xilinx/Vivado/2020.1/common/technology/autopilot/hls_cordic_apfixed.h:230:25) to (/data/tools/Xilinx/Vivado/2020.1/common/technology/autopilot/hls_cordic_apfixed.h:293:3) in function 'cordic_apfixed::generic_sincos<16, 6>'... converting 11 basic blocks.
INFO: [XFORM 203-401] Performing if-conversion on hyperblock in function 'cordic_apfixed::cordic_circ_apfixed<18, 3, 0>'... converting 52 basic blocks.
INFO: [HLS 200-111] Finished Pre-synthesis Time (s): cpu = 00:01:15 ; elapsed = 00:01:21 . Memory (MB): peak = 1653.012 ; gain = 1227.961 ; free physical = 38786 ; free virtual = 82766
WARNING: [XFORM 203-631] Renaming function 'cordic_apfixed::generic_sincos<16, 6>' to 'generic_sincos<16, 6>' (/data/tools/Xilinx/Vivado/2020.1/common/technology/autopilot/hls_cordic_apfixed.h:64:3)
WARNING: [XFORM 203-631] Renaming function 'cordic_apfixed::cordic_circ_apfixed<18, 3, 0>' to 'cordic_circ_apfixed<18, 3, 0>' (/data/tools/Xilinx/Vivado/2020.1/common/technology/autopilot/hls_cordic_apfixed.h:79)
INFO: [HLS 200-111] Finished Architecture Synthesis Time (s): cpu = 00:01:16 ; elapsed = 00:01:22 . Memory (MB): peak = 1653.012 ; gain = 1227.961 ; free physical = 38747 ; free virtual = 82734
INFO: [HLS 200-10] Starting hardware synthesis ...
INFO: [HLS 200-10] Synthesizing 'myproject' ...
WARNING: [SYN 201-103] Legalizing function name 'cordic_circ_apfixed<18, 3, 0>' to 'cordic_circ_apfixed_18_3_0_s'.
WARNING: [SYN 201-103] Legalizing function name 'generic_sincos<16, 6>' to 'generic_sincos_16_6_s'.
INFO: [HLS 200-10] ----------------------------------------------------------------
INFO: [HLS 200-42] -- Implementing module 'cordic_circ_apfixed_18_3_0_s' 
INFO: [HLS 200-10] ----------------------------------------------------------------
INFO: [SCHED 204-11] Starting scheduling ...
INFO: [SCHED 204-61] Pipelining function 'cordic_circ_apfixed<18, 3, 0>'.
INFO: [SCHED 204-61] Pipelining result : Target II = 1, Final II = 1, Depth = 5.
INFO: [SCHED 204-11] Finished scheduling.
INFO: [HLS 200-111]  Elapsed time: 82.16 seconds; current allocated memory: 379.256 MB.
INFO: [BIND 205-100] Starting micro-architecture generation ...
INFO: [BIND 205-101] Performing variable lifetime analysis.
INFO: [BIND 205-101] Exploring resource sharing.
INFO: [BIND 205-101] Binding ...
INFO: [BIND 205-100] Finished micro-architecture generation.
INFO: [HLS 200-111]  Elapsed time: 0.29 seconds; current allocated memory: 380.287 MB.
INFO: [HLS 200-10] ----------------------------------------------------------------
INFO: [HLS 200-42] -- Implementing module 'generic_sincos_16_6_s' 
INFO: [HLS 200-10] ----------------------------------------------------------------
INFO: [SCHED 204-11] Starting scheduling ...
INFO: [SCHED 204-61] Pipelining function 'generic_sincos<16, 6>'.
INFO: [SCHED 204-61] Pipelining result : Target II = 1, Final II = 1, Depth = 9.
INFO: [SCHED 204-11] Finished scheduling.
INFO: [HLS 200-111]  Elapsed time: 0.62 seconds; current allocated memory: 380.605 MB.
INFO: [BIND 205-100] Starting micro-architecture generation ...
INFO: [BIND 205-101] Performing variable lifetime analysis.
INFO: [BIND 205-101] Exploring resource sharing.
INFO: [BIND 205-101] Binding ...
INFO: [BIND 205-100] Finished micro-architecture generation.
INFO: [HLS 200-111]  Elapsed time: 0.37 seconds; current allocated memory: 380.900 MB.
INFO: [HLS 200-10] ----------------------------------------------------------------
INFO: [HLS 200-42] -- Implementing module 'myproject' 
INFO: [HLS 200-10] ----------------------------------------------------------------
INFO: [SCHED 204-11] Starting scheduling ...
INFO: [SCHED 204-61] Pipelining function 'myproject'.
INFO: [SCHED 204-61] Pipelining result : Target II = 1, Final II = 1, Depth = 17.
INFO: [SCHED 204-11] Finished scheduling.
INFO: [HLS 200-111]  Elapsed time: 1.48 seconds; current allocated memory: 382.092 MB.
INFO: [BIND 205-100] Starting micro-architecture generation ...
INFO: [BIND 205-101] Performing variable lifetime analysis.
INFO: [BIND 205-101] Exploring resource sharing.
INFO: [BIND 205-101] Binding ...
INFO: [BIND 205-100] Finished micro-architecture generation.
INFO: [HLS 200-111]  Elapsed time: 2.38 seconds; current allocated memory: 384.308 MB.
INFO: [HLS 200-10] ----------------------------------------------------------------
INFO: [HLS 200-10] -- Generating RTL for module 'cordic_circ_apfixed_18_3_0_s' 
INFO: [HLS 200-10] ----------------------------------------------------------------
INFO: [RTGEN 206-100] Finished creating RTL model for 'cordic_circ_apfixed_18_3_0_s'.
INFO: [HLS 200-111]  Elapsed time: 5.43 seconds; current allocated memory: 388.855 MB.
INFO: [HLS 200-10] ----------------------------------------------------------------
INFO: [HLS 200-10] -- Generating RTL for module 'generic_sincos_16_6_s' 
INFO: [HLS 200-10] ----------------------------------------------------------------
INFO: [RTGEN 206-100] Generating core module 'myproject_mac_mulsub_19ns_6ns_23ns_25_1_0': 1 instance(s).
INFO: [RTGEN 206-100]