

================================================================
== Vivado HLS Report for 'cordic_circ_apfixed_10_3_0_s'
================================================================
* Date:           Sun Feb 26 10:48:48 2023

* Version:        2020.1 (Build 2897737 on Wed May 27 20:21:37 MDT 2020)
* Project:        myproject_prj
* Solution:       solution1
* Product family: virtexuplus
* Target device:  xcvu9p-flga2577-2-e


================================================================
== Performance Estimates
================================================================
+ Timing: 
    * Summary: 
    +--------+---------+----------+------------+
    |  Clock |  Target | Estimated| Uncertainty|
    +--------+---------+----------+------------+
    |ap_clk  | 5.00 ns | 4.314 ns |   0.62 ns  |
    +--------+---------+----------+------------+

+ Latency: 
    * Summary: 
    +---------+---------+-----------+-----------+-----+-----+----------+
    |  Latency (cycles) |   Latency (absolute)  |  Interval | Pipeline |
    |   min   |   max   |    min    |    max    | min | max |   Type   |
    +---------+---------+-----------+-----------+-----+-----+----------+
    |        2|        2| 10.000 ns | 10.000 ns |    1|    1| function |
    +---------+---------+-----------+-----------+-----+-----+----------+

    + Detail: 
        * Instance: 
        N/A

        * Loop: 
        N/A



================================================================
== Utilization Estimates
================================================================
* Summary: 
+---------------------+---------+-------+---------+---------+-----+
|         Name        | BRAM_18K| DSP48E|    FF   |   LUT   | URAM|
+---------------------+---------+-------+---------+---------+-----+
|DSP                  |        -|      -|        -|        -|    -|
|Expression           |        -|      -|        0|     1031|    -|
|FIFO                 |        -|      -|        -|        -|    -|
|Instance             |        -|      -|        -|        -|    -|
|Memory               |        -|      -|        -|        -|    -|
|Multiplexer          |        -|      -|        -|        -|    -|
|Register             |        -|      -|       69|        -|    -|
+---------------------+---------+-------+---------+---------+-----+
|Total                |        0|      0|       69|     1031|    0|
+---------------------+---------+-------+---------+---------+-----+
|Available SLR        |     1440|   2280|   788160|   394080|  320|
+---------------------+---------+-------+---------+---------+-----+
|Utilization SLR (%)  |        0|      0|    ~0   |    ~0   |    0|
+---------------------+---------+-------+---------+---------+-----+
|Available            |     4320|   6840|  2364480|  1182240|  960|
+---------------------+---------+-------+---------+---------+-----+
|Utilization (%)      |        0|      0|    ~0   |    ~0   |    0|
+---------------------+---------+-------+---------+---------+-----+

+ Detail: 
    * Instance: 
    N/A

    * DSP48E: 
    N/A

    * Memory: 
    N/A

    * FIFO: 
    N/A

    * Expression: 
    +---------------------------+----------+-------+---+----+------------+------------+
    |       Variable Name       | Operation| DSP48E| FF| LUT| Bitwidth P0| Bitwidth P1|
    +---------------------------+----------+-------+---+----+------------+------------+
    |add_ln101_10_fu_623_p2     |     +    |      0|  0|  22|          10|          10|
    |add_ln101_11_fu_721_p2     |     +    |      0|  0|  22|           2|          10|
    |add_ln101_12_fu_727_p2     |     +    |      0|  0|  22|          10|          10|
    |add_ln101_1_fu_186_p2      |     +    |      0|  0|  22|           7|          10|
    |add_ln101_2_fu_192_p2      |     +    |      0|  0|  22|          10|          10|
    |add_ln101_3_fu_298_p2      |     +    |      0|  0|  22|           6|          10|
    |add_ln101_4_fu_304_p2      |     +    |      0|  0|  22|          10|          10|
    |add_ln101_5_fu_406_p2      |     +    |      0|  0|  22|           5|          10|
    |add_ln101_6_fu_412_p2      |     +    |      0|  0|  22|          10|          10|
    |add_ln101_7_fu_545_p2      |     +    |      0|  0|  22|           4|          10|
    |add_ln101_8_fu_550_p2      |     +    |      0|  0|  22|          10|          10|
    |add_ln101_9_fu_617_p2      |     +    |      0|  0|  22|           3|          10|
    |add_ln101_fu_124_p2        |     +    |      0|  0|  17|          10|          10|
    |add_ln203_10_fu_488_p2     |     +    |      0|  0|  16|           9|           9|
    |add_ln203_11_fu_592_p2     |     +    |      0|  0|  16|           9|           9|
    |add_ln203_12_fu_699_p2     |     +    |      0|  0|  17|          10|          10|
    |add_ln203_13_fu_817_p2     |     +    |      0|  0|  17|          10|          10|
    |add_ln203_14_fu_866_p2     |     +    |      0|  0|  17|          10|          10|
    |add_ln203_15_fu_936_p2     |     +    |      0|  0|  17|          10|          10|
    |add_ln203_1_fu_276_p2      |     +    |      0|  0|  16|           9|           9|
    |add_ln203_2_fu_366_p2      |     +    |      0|  0|  16|           9|           9|
    |add_ln203_3_fu_384_p2      |     +    |      0|  0|  16|           9|           9|
    |add_ln203_4_fu_470_p2      |     +    |      0|  0|  16|           9|           9|
    |add_ln203_5_fu_576_p2      |     +    |      0|  0|  16|           9|           9|
    |add_ln203_6_fu_681_p2      |     +    |      0|  0|  16|           9|           9|
    |add_ln203_7_fu_781_p2      |     +    |      0|  0|  16|           9|           9|
    |add_ln203_8_fu_850_p2      |     +    |      0|  0|  16|           9|           9|
    |add_ln203_9_fu_918_p2      |     +    |      0|  0|  16|           9|           9|
    |add_ln203_fu_258_p2        |     +    |      0|  0|  15|           8|           8|
    |sub_ln203_10_fu_482_p2     |     -    |      0|  0|  16|           9|           9|
    |sub_ln203_11_fu_587_p2     |     -    |      0|  0|  16|           9|           9|
    |sub_ln203_12_fu_693_p2     |     -    |      0|  0|  16|           9|           9|
    |sub_ln203_13_fu_787_p2     |     -    |      0|  0|  16|           9|           9|
    |sub_ln203_14_fu_861_p2     |     -    |      0|  0|  16|           9|           9|
    |sub_ln203_15_fu_930_p2     |     -    |      0|  0|  16|           9|           9|
    |sub_ln203_1_fu_270_p2      |     -    |      0|  0|  15|           8|           8|
    |sub_ln203_2_fu_372_p2      |     -    |      0|  0|  16|           9|           9|
    |sub_ln203_3_fu_378_p2      |     -    |      0|  0|  16|           9|           9|
    |sub_ln203_4_fu_476_p2      |     -    |      0|  0|  16|           9|           9|
    |sub_ln203_5_fu_581_p2      |     -    |      0|  0|  17|          10|          10|
    |sub_ln203_6_fu_687_p2      |     -    |      0|  0|  17|          10|          10|
    |sub_ln203_7_fu_812_p2      |     -    |      0|  0|  17|          10|          10|
    |sub_ln203_8_fu_855_p2      |     -    |      0|  0|  17|          10|          10|
    |sub_ln203_9_fu_924_p2      |     -    |      0|  0|  17|          10|          10|
    |sub_ln203_fu_264_p2        |     -    |      0|  0|  16|           9|           9|
    |select_ln101_10_fu_538_p3  |  select  |      0|  0|   4|           1|           4|
    |select_ln101_11_fu_502_p3  |  select  |      0|  0|   9|           1|           9|
    |select_ln101_12_fu_510_p3  |  select  |      0|  0|   9|           1|           9|
    |select_ln101_13_fu_609_p3  |  select  |      0|  0|   3|           1|           3|
    |select_ln101_14_fu_629_p3  |  select  |      0|  0|  10|           1|          10|
    |select_ln101_15_fu_637_p3  |  select  |      0|  0|   9|           1|           9|
    |select_ln101_16_fu_713_p3  |  select  |      0|  0|   2|           1|           2|
    |select_ln101_17_fu_733_p3  |  select  |      0|  0|  10|           1|          10|
    |select_ln101_18_fu_741_p3  |  select  |      0|  0|   9|           1|           9|
    |select_ln101_19_fu_822_p3  |  select  |      0|  0|  10|           1|          10|
    |select_ln101_1_fu_178_p3   |  select  |      0|  0|   7|           1|           7|
    |select_ln101_20_fu_793_p3  |  select  |      0|  0|   9|           1|           9|
    |select_ln101_21_fu_872_p3  |  select  |      0|  0|  10|           1|          10|
    |select_ln101_22_fu_879_p3  |  select  |      0|  0|   9|           1|           9|
    |select_ln101_23_fu_942_p3  |  select  |      0|  0|  10|           1|          10|
    |select_ln101_24_fu_949_p3  |  select  |      0|  0|   9|           1|           9|
    |select_ln101_2_fu_198_p3   |  select  |      0|  0|   8|           1|           8|
    |select_ln101_3_fu_210_p3   |  select  |      0|  0|   7|           1|           7|
    |select_ln101_4_fu_290_p3   |  select  |      0|  0|   6|           1|           6|
    |select_ln101_5_fu_310_p3   |  select  |      0|  0|   9|           1|           9|
    |select_ln101_6_fu_318_p3   |  select  |      0|  0|   8|           1|           8|
    |select_ln101_7_fu_398_p3   |  select  |      0|  0|   5|           1|           5|
    |select_ln101_8_fu_418_p3   |  select  |      0|  0|   9|           1|           9|
    |select_ln101_9_fu_426_p3   |  select  |      0|  0|   9|           1|           9|
    |select_ln101_fu_116_p3     |  select  |      0|  0|   8|           1|           7|
    |select_ln1371_1_fu_894_p3  |  select  |      0|  0|   2|           1|           2|
    |select_ln1371_2_fu_910_p3  |  select  |      0|  0|   2|           1|           2|
    |select_ln1371_fu_829_p3    |  select  |      0|  0|   2|           1|           2|
    |select_ln203_1_fu_146_p3   |  select  |      0|  0|   8|           1|           8|
    |select_ln203_2_fu_154_p3   |  select  |      0|  0|   6|           1|           5|
    |select_ln203_3_fu_162_p3   |  select  |      0|  0|   7|           1|           7|
    |select_ln203_fu_138_p3     |  select  |      0|  0|   6|           1|           6|
    +---------------------------+----------+-------+---+----+------------+------------+
    |Total                      |          |      0|  0|1031|         424|         654|
    +---------------------------+----------+-------+---+----+------------+------------+

    * Multiplexer: 
    N/A

    * Register: 
    +--------------------------+----+----+-----+-----------+
    |           Name           | FF | LUT| Bits| Const Bits|
    +--------------------------+----+----+-----+-----------+
    |add_ln101_6_reg_972       |  10|   0|   10|          0|
    |select_ln101_11_reg_982   |   9|   0|    9|          0|
    |select_ln101_12_reg_988   |   9|   0|    9|          0|
    |select_ln101_17_reg_1005  |  10|   0|   10|          0|
    |select_ln101_20_reg_1025  |   9|   0|    9|          0|
    |tmp_13_reg_977            |   1|   0|    1|          0|
    |tmp_14_reg_994            |   4|   0|    4|          0|
    |tmp_15_reg_1000           |   4|   0|    4|          0|
    |tmp_22_reg_1011           |   2|   0|    2|          0|
    |tmp_24_reg_1016           |   1|   0|    1|          0|
    |tmp_25_reg_1031           |   1|   0|    1|          0|
    |z_V_read_int_reg          |   9|   0|    9|          0|
    +--------------------------+----+----+-----+-----------+
    |Total                     |  69|   0|   69|          0|
    +--------------------------+----+----+-----+-----------+



================================================================
== Interface
================================================================
* Summary: 
+-------------+-----+-----+------------+-------------------------------+--------------+
|  RTL Ports  | Dir | Bits|  Protocol  |         Source Object         |    C Type    |
+-------------+-----+-----+------------+-------------------------------+--------------+
|ap_clk       |  in |    1| ap_ctrl_hs | cordic_circ_apfixed<10, 3, 0> | return value |
|ap_rst       |  in |    1| ap_ctrl_hs | cordic_circ_apfixed<10, 3, 0> | return value |
|ap_return_0  | out |   10| ap_ctrl_hs | cordic_circ_apfixed<10, 3, 0> | return value |
|ap_return_1  | out |   10| ap_ctrl_hs | cordic_circ_apfixed<10, 3, 0> | return value |
|ap_ce        |  in |    1| ap_ctrl_hs | cordic_circ_apfixed<10, 3, 0> | return value |
|z_V_read     |  in |    9|   ap_none  |            z_V_read           |    scalar    |
+-------------+-----+-----+------------+-------------------------------+--------------+

