

================================================================
== Vivado HLS Report for 'cordic_circ_apfixed_16_3_0_s'
================================================================
* Date:           Thu Feb 23 14:36:37 2023

* Version:        2020.1 (Build 2897737 on Wed May 27 20:21:37 MDT 2020)
* Project:        myproject_prj
* Solution:       solution1
* Product family: virtexuplus
* Target device:  xcvu9p-flga2577-2-e


================================================================
== Performance Estimates
================================================================
+ Timing: 
    * Summary: 
    +--------+---------+----------+------------+
    |  Clock |  Target | Estimated| Uncertainty|
    +--------+---------+----------+------------+
    |ap_clk  | 5.00 ns | 4.349 ns |   0.62 ns  |
    +--------+---------+----------+------------+

+ Latency: 
    * Summary: 
    +---------+---------+-----------+-----------+-----+-----+----------+
    |  Latency (cycles) |   Latency (absolute)  |  Interval | Pipeline |
    |   min   |   max   |    min    |    max    | min | max |   Type   |
    +---------+---------+-----------+-----------+-----+-----+----------+
    |        3|        3| 15.000 ns | 15.000 ns |    1|    1| function |
    +---------+---------+-----------+-----------+-----+-----+----------+

    + Detail: 
        * Instance: 
        N/A

        * Loop: 
        N/A



================================================================
== Utilization Estimates
================================================================
* Summary: 
+---------------------+---------+-------+---------+---------+-----+
|         Name        | BRAM_18K| DSP48E|    FF   |   LUT   | URAM|
+---------------------+---------+-------+---------+---------+-----+
|DSP                  |        -|      -|        -|        -|    -|
|Expression           |        -|      -|        0|     2347|    -|
|FIFO                 |        -|      -|        -|        -|    -|
|Instance             |        -|      -|        -|        -|    -|
|Memory               |        -|      -|        -|        -|    -|
|Multiplexer          |        -|      -|        -|        -|    -|
|Register             |        -|      -|      208|        -|    -|
+---------------------+---------+-------+---------+---------+-----+
|Total                |        0|      0|      208|     2347|    0|
+---------------------+---------+-------+---------+---------+-----+
|Available SLR        |     1440|   2280|   788160|   394080|  320|
+---------------------+---------+-------+---------+---------+-----+
|Utilization SLR (%)  |        0|      0|    ~0   |    ~0   |    0|
+---------------------+---------+-------+---------+---------+-----+
|Available            |     4320|   6840|  2364480|  1182240|  960|
+---------------------+---------+-------+---------+---------+-----+
|Utilization (%)      |        0|      0|    ~0   |    ~0   |    0|
+---------------------+---------+-------+---------+---------+-----+

+ Detail: 
    * Instance: 
    N/A

    * DSP48E: 
    N/A

    * Memory: 
    N/A

    * FIFO: 
    N/A

    * Expression: 
    +----------------------------+----------+-------+---+----+------------+------------+
    |        Variable Name       | Operation| DSP48E| FF| LUT| Bitwidth P0| Bitwidth P1|
    +----------------------------+----------+-------+---+----+------------+------------+
    |add_ln101_10_fu_667_p2      |     +    |      0|  0|  22|          16|          16|
    |add_ln101_11_fu_765_p2      |     +    |      0|  0|  22|           8|          16|
    |add_ln101_12_fu_771_p2      |     +    |      0|  0|  22|          16|          16|
    |add_ln101_13_fu_869_p2      |     +    |      0|  0|  22|           7|          16|
    |add_ln101_14_fu_875_p2      |     +    |      0|  0|  22|          16|          16|
    |add_ln101_15_fu_1009_p2     |     +    |      0|  0|  22|           6|          16|
    |add_ln101_16_fu_1014_p2     |     +    |      0|  0|  22|          16|          16|
    |add_ln101_17_fu_1069_p2     |     +    |      0|  0|  22|           5|          16|
    |add_ln101_18_fu_1075_p2     |     +    |      0|  0|  22|          16|          16|
    |add_ln101_19_fu_1173_p2     |     +    |      0|  0|  22|           4|          16|
    |add_ln101_1_fu_236_p2       |     +    |      0|  0|  22|          13|          16|
    |add_ln101_20_fu_1179_p2     |     +    |      0|  0|  22|          16|          16|
    |add_ln101_21_fu_1277_p2     |     +    |      0|  0|  22|           3|          16|
    |add_ln101_22_fu_1283_p2     |     +    |      0|  0|  22|          16|          16|
    |add_ln101_23_fu_1416_p2     |     +    |      0|  0|  22|           2|          16|
    |add_ln101_24_fu_1421_p2     |     +    |      0|  0|  22|          16|          16|
    |add_ln101_2_fu_242_p2       |     +    |      0|  0|  22|          16|          16|
    |add_ln101_3_fu_348_p2       |     +    |      0|  0|  22|          12|          16|
    |add_ln101_4_fu_354_p2       |     +    |      0|  0|  22|          16|          16|
    |add_ln101_5_fu_456_p2       |     +    |      0|  0|  22|          11|          16|
    |add_ln101_6_fu_462_p2       |     +    |      0|  0|  22|          16|          16|
    |add_ln101_7_fu_596_p2       |     +    |      0|  0|  22|          10|          16|
    |add_ln101_8_fu_601_p2       |     +    |      0|  0|  22|          16|          16|
    |add_ln101_9_fu_661_p2       |     +    |      0|  0|  22|           9|          16|
    |add_ln101_fu_174_p2         |     +    |      0|  0|  23|          16|          16|
    |add_ln203_10_fu_1133_p2     |     +    |      0|  0|  22|          15|          15|
    |add_ln203_11_fu_1237_p2     |     +    |      0|  0|  22|          15|          15|
    |add_ln203_12_fu_1341_p2     |     +    |      0|  0|  22|          15|          15|
    |add_ln203_13_fu_1441_p2     |     +    |      0|  0|  22|          15|          15|
    |add_ln203_14_fu_538_p2      |     +    |      0|  0|  22|          15|          15|
    |add_ln203_15_fu_639_p2      |     +    |      0|  0|  23|          16|          16|
    |add_ln203_16_fu_743_p2      |     +    |      0|  0|  23|          16|          16|
    |add_ln203_17_fu_847_p2      |     +    |      0|  0|  23|          16|          16|
    |add_ln203_18_fu_951_p2      |     +    |      0|  0|  23|          16|          16|
    |add_ln203_19_fu_1048_p2     |     +    |      0|  0|  23|          16|          16|
    |add_ln203_1_fu_326_p2       |     +    |      0|  0|  22|          15|          15|
    |add_ln203_20_fu_1151_p2     |     +    |      0|  0|  23|          16|          16|
    |add_ln203_21_fu_1255_p2     |     +    |      0|  0|  23|          16|          16|
    |add_ln203_22_fu_1359_p2     |     +    |      0|  0|  23|          16|          16|
    |add_ln203_23_fu_1456_p2     |     +    |      0|  0|  23|          16|          16|
    |add_ln203_24_fu_1507_p2     |     +    |      0|  0|  22|          15|          15|
    |add_ln203_25_fu_1525_p2     |     +    |      0|  0|  23|          16|          16|
    |add_ln203_26_fu_1577_p2     |     +    |      0|  0|  23|          16|          16|
    |add_ln203_2_fu_416_p2       |     +    |      0|  0|  22|          15|          15|
    |add_ln203_3_fu_434_p2       |     +    |      0|  0|  22|          15|          15|
    |add_ln203_4_fu_520_p2       |     +    |      0|  0|  22|          15|          15|
    |add_ln203_5_fu_623_p2       |     +    |      0|  0|  22|          15|          15|
    |add_ln203_6_fu_725_p2       |     +    |      0|  0|  22|          15|          15|
    |add_ln203_7_fu_829_p2       |     +    |      0|  0|  22|          15|          15|
    |add_ln203_8_fu_933_p2       |     +    |      0|  0|  22|          15|          15|
    |add_ln203_9_fu_1033_p2      |     +    |      0|  0|  22|          15|          15|
    |add_ln203_fu_308_p2         |     +    |      0|  0|  21|          14|          14|
    |sub_ln203_10_fu_1139_p2     |     -    |      0|  0|  23|          16|          16|
    |sub_ln203_11_fu_1243_p2     |     -    |      0|  0|  23|          16|          16|
    |sub_ln203_12_fu_1347_p2     |     -    |      0|  0|  23|          16|          16|
    |sub_ln203_13_fu_1446_p2     |     -    |      0|  0|  23|          16|          16|
    |sub_ln203_14_fu_1513_p2     |     -    |      0|  0|  23|          16|          16|
    |sub_ln203_15_fu_532_p2      |     -    |      0|  0|  22|          15|          15|
    |sub_ln203_16_fu_634_p2      |     -    |      0|  0|  22|          15|          15|
    |sub_ln203_17_fu_737_p2      |     -    |      0|  0|  22|          15|          15|
    |sub_ln203_18_fu_841_p2      |     -    |      0|  0|  22|          15|          15|
    |sub_ln203_19_fu_945_p2      |     -    |      0|  0|  22|          15|          15|
    |sub_ln203_1_fu_320_p2       |     -    |      0|  0|  21|          14|          14|
    |sub_ln203_20_fu_1043_p2     |     -    |      0|  0|  22|          15|          15|
    |sub_ln203_21_fu_1145_p2     |     -    |      0|  0|  22|          15|          15|
    |sub_ln203_22_fu_1249_p2     |     -    |      0|  0|  22|          15|          15|
    |sub_ln203_23_fu_1353_p2     |     -    |      0|  0|  22|          15|          15|
    |sub_ln203_24_fu_1451_p2     |     -    |      0|  0|  22|          15|          15|
    |sub_ln203_25_fu_1519_p2     |     -    |      0|  0|  22|          15|          15|
    |sub_ln203_26_fu_1571_p2     |     -    |      0|  0|  23|          16|          16|
    |sub_ln203_2_fu_422_p2       |     -    |      0|  0|  22|          15|          15|
    |sub_ln203_3_fu_428_p2       |     -    |      0|  0|  22|          15|          15|
    |sub_ln203_4_fu_526_p2       |     -    |      0|  0|  22|          15|          15|
    |sub_ln203_5_fu_628_p2       |     -    |      0|  0|  23|          16|          16|
    |sub_ln203_6_fu_731_p2       |     -    |      0|  0|  23|          16|          16|
    |sub_ln203_7_fu_835_p2       |     -    |      0|  0|  23|          16|          16|
    |sub_ln203_8_fu_939_p2       |     -    |      0|  0|  23|          16|          16|
    |sub_ln203_9_fu_1038_p2      |     -    |      0|  0|  23|          16|          16|
    |sub_ln203_fu_314_p2         |     -    |      0|  0|  22|          15|          15|
    |ap_return                   |  select  |      0|  0|  16|           1|          16|
    |select_ln101_10_fu_476_p3   |  select  |      0|  0|  15|           1|          15|
    |select_ln101_11_fu_552_p3   |  select  |      0|  0|  10|           1|          10|
    |select_ln101_12_fu_560_p3   |  select  |      0|  0|  15|           1|          15|
    |select_ln101_13_fu_568_p3   |  select  |      0|  0|  15|           1|          15|
    |select_ln101_14_fu_653_p3   |  select  |      0|  0|   9|           1|           9|
    |select_ln101_15_fu_673_p3   |  select  |      0|  0|  16|           1|          16|
    |select_ln101_16_fu_681_p3   |  select  |      0|  0|  15|           1|          15|
    |select_ln101_17_fu_757_p3   |  select  |      0|  0|   8|           1|           8|
    |select_ln101_18_fu_777_p3   |  select  |      0|  0|  16|           1|          16|
    |select_ln101_19_fu_785_p3   |  select  |      0|  0|  15|           1|          15|
    |select_ln101_1_fu_166_p3    |  select  |      0|  0|  14|           1|          13|
    |select_ln101_20_fu_861_p3   |  select  |      0|  0|   7|           1|           7|
    |select_ln101_21_fu_881_p3   |  select  |      0|  0|  16|           1|          16|
    |select_ln101_22_fu_889_p3   |  select  |      0|  0|  15|           1|          15|
    |select_ln101_23_fu_965_p3   |  select  |      0|  0|   6|           1|           6|
    |select_ln101_24_fu_973_p3   |  select  |      0|  0|  16|           1|          16|
    |select_ln101_25_fu_981_p3   |  select  |      0|  0|  15|           1|          15|
    |select_ln101_26_fu_1061_p3  |  select  |      0|  0|   5|           1|           5|
    |select_ln101_27_fu_1081_p3  |  select  |      0|  0|  16|           1|          16|
    |select_ln101_28_fu_1089_p3  |  select  |      0|  0|  15|           1|          15|
    |select_ln101_29_fu_1165_p3  |  select  |      0|  0|   4|           1|           4|
    |select_ln101_2_fu_228_p3    |  select  |      0|  0|  13|           1|          13|
    |select_ln101_30_fu_1185_p3  |  select  |      0|  0|  16|           1|          16|
    |select_ln101_31_fu_1193_p3  |  select  |      0|  0|  15|           1|          15|
    |select_ln101_32_fu_1269_p3  |  select  |      0|  0|   3|           1|           3|
    |select_ln101_33_fu_1289_p3  |  select  |      0|  0|  16|           1|          16|
    |select_ln101_34_fu_1297_p3  |  select  |      0|  0|  15|           1|          15|
    |select_ln101_35_fu_1409_p3  |  select  |      0|  0|   2|           1|           2|
    |select_ln101_36_fu_1373_p3  |  select  |      0|  0|  16|           1|          16|
    |select_ln101_37_fu_1381_p3  |  select  |      0|  0|  15|           1|          15|
    |select_ln101_38_fu_1461_p3  |  select  |      0|  0|  16|           1|          16|
    |select_ln101_39_fu_1469_p3  |  select  |      0|  0|  15|           1|          15|
    |select_ln101_3_fu_248_p3    |  select  |      0|  0|  14|           1|          14|
    |select_ln101_40_fu_1531_p3  |  select  |      0|  0|  16|           1|          16|
    |select_ln101_41_fu_1555_p3  |  select  |      0|  0|   2|           1|           1|
    |select_ln101_4_fu_260_p3    |  select  |      0|  0|  13|           1|          13|
    |select_ln101_5_fu_340_p3    |  select  |      0|  0|  12|           1|          12|
    |select_ln101_6_fu_360_p3    |  select  |      0|  0|  15|           1|          15|
    |select_ln101_7_fu_368_p3    |  select  |      0|  0|  14|           1|          14|
    |select_ln101_8_fu_448_p3    |  select  |      0|  0|  11|           1|          11|
    |select_ln101_9_fu_468_p3    |  select  |      0|  0|  15|           1|          15|
    |select_ln1371_1_fu_1563_p3  |  select  |      0|  0|   2|           1|           2|
    |select_ln1371_fu_1485_p3    |  select  |      0|  0|   2|           1|           2|
    |select_ln203_1_fu_196_p3    |  select  |      0|  0|  14|           1|          14|
    |select_ln203_2_fu_204_p3    |  select  |      0|  0|  12|           1|          11|
    |select_ln203_3_fu_212_p3    |  select  |      0|  0|  13|           1|          13|
    |select_ln203_fu_188_p3      |  select  |      0|  0|  12|           1|          12|
    +----------------------------+----------+-------+---+----+------------+------------+
    |Total                       |          |      0|  0|2347|        1176|        1815|
    +----------------------------+----------+-------+---+----+------------+------------+

    * Multiplexer: 
    N/A

    * Register: 
    +--------------------------+----+----+-----+-----------+
    |           Name           | FF | LUT| Bits| Const Bits|
    +--------------------------+----+----+-----+-----------+
    |add_ln101_14_reg_1622     |  16|   0|   16|          0|
    |add_ln101_22_reg_1654     |  16|   0|   16|          0|
    |add_ln101_6_reg_1591      |  16|   0|   16|          0|
    |select_ln101_11_reg_1596  |   9|   0|   16|          7|
    |select_ln101_12_reg_1601  |  15|   0|   15|          0|
    |select_ln101_13_reg_1606  |  15|   0|   15|          0|
    |select_ln101_23_reg_1627  |   5|   0|   16|         11|
    |select_ln101_24_reg_1632  |  16|   0|   16|          0|
    |select_ln101_25_reg_1638  |  15|   0|   15|          0|
    |select_ln101_36_reg_1664  |  16|   0|   16|          0|
    |select_ln101_37_reg_1670  |  15|   0|   15|          0|
    |tmp_14_reg_1612           |  10|   0|   10|          0|
    |tmp_15_reg_1617           |  10|   0|   10|          0|
    |tmp_30_reg_1644           |   6|   0|    6|          0|
    |tmp_31_reg_1649           |   7|   0|    7|          0|
    |tmp_45_reg_1659           |   1|   0|    1|          0|
    |tmp_46_reg_1676           |   2|   0|    2|          0|
    |tmp_47_reg_1681           |   3|   0|    3|          0|
    |z_V_read_int_reg          |  15|   0|   15|          0|
    +--------------------------+----+----+-----+-----------+
    |Total                     | 208|   0|  226|         18|
    +--------------------------+----+----+-----+-----------+



================================================================
== Interface
================================================================
* Summary: 
+-----------+-----+-----+------------+-------------------------------+--------------+
| RTL Ports | Dir | Bits|  Protocol  |         Source Object         |    C Type    |
+-----------+-----+-----+------------+-------------------------------+--------------+
|ap_clk     |  in |    1| ap_ctrl_hs | cordic_circ_apfixed<16, 3, 0> | return value |
|ap_rst     |  in |    1| ap_ctrl_hs | cordic_circ_apfixed<16, 3, 0> | return value |
|ap_return  | out |   16| ap_ctrl_hs | cordic_circ_apfixed<16, 3, 0> | return value |
|ap_ce      |  in |    1| ap_ctrl_hs | cordic_circ_apfixed<16, 3, 0> | return value |
|z_V_read   |  in |   15|   ap_none  |            z_V_read           |    scalar    |
+-----------+-----+-----+------------+-------------------------------+--------------+

