==============================================================
Vivado(TM) HLS - High-Level Synthesis from C, C++ and SystemC v2020.1 (64-bit)
Copyright 1986-2020 Xilinx, Inc. All Rights Reserved.
==============================================================
INFO: [XFORM 203-101] Allowed max sub elements number after partition is 4096.
INFO: [XFORM 203-1161] The maximum of name length is set into 60.
INFO: [HLS 200-10] Setting target device to 'xcvu9p-flga2577-2-e'
INFO: [SYN 201-201] Setting up clock 'default' with a period of 5ns.
INFO: [SCHED 204-61] Option 'relax_ii_for_timing' is enabled, will increase II to preserve clock frequency constraints.
INFO: [HLS 200-10] Analyzing design file 'firmware/myproject.cpp' ... 
INFO: [HLS 200-111] Finished Linking Time (s): cpu = 00:01:09 ; elapsed = 00:01:13 . Memory (MB): peak = 1653.012 ; gain = 1227.961 ; free physical = 48508 ; free virtual = 83378
INFO: [HLS 200-111] Finished Checking Pragmas Time (s): cpu = 00:01:09 ; elapsed = 00:01:13 . Memory (MB): peak = 1653.012 ; gain = 1227.961 ; free physical = 48508 ; free virtual = 83378
INFO: [HLS 200-10] Starting code transformations ...
INFO: [HLS 200-111] Finished Standard Transforms Time (s): cpu = 00:01:13 ; elapsed = 00:01:18 . Memory (MB): peak = 1653.012 ; gain = 1227.961 ; free physical = 48381 ; free virtual = 83256
INFO: [HLS 200-10] Checking synthesizability ...
WARNING: [SYNCHK 200-120] firmware/myproject.cpp:52: multiplication is assumed not to overflow by default, otherwise, please add option '-fwrapv'.
INFO: [SYNCHK 200-10] 0 error(s), 1 warning(s).
INFO: [HLS 200-111] Finished Checking Synthesizability Time (s): cpu = 00:01:14 ; elapsed = 00:01:19 . Memory (MB): peak = 1653.012 ; gain = 1227.961 ; free physical = 48323 ; free virtual = 83211
INFO: [XFORM 203-131] Reshaping array 'x.V' (firmware/myproject.cpp:25) in dimension 1 completely.
INFO: [XFORM 203-101] Partitioning array 'y.V' (firmware/myproject.cpp:26) in dimension 1 completely.
INFO: [XFORM 203-401] Performing if-conversion on hyperblock from (firmware/nnet_utils/nnet_types.h:54:22) to (firmware/nnet_utils/nnet_types.h:57:9) in function 'nnet::lookup_table<ap_fixed<16, 6, (ap_q_mode)5, (ap_o_mode)3, 0>, 1024u, &(ap_fixed<16, 6, (ap_q_mode)5, (ap_o_mode)3, 0> nnet::sin<ap_fixed<16, 6, (ap_q_mode)5, (ap_o_mode)3, 0> >(ap_fixed<16, 6, (ap_q_mode)5, (ap_o_mode)3, 0>))>::operator()'... converting 5 basic blocks.
INFO: [HLS 200-111] Finished Pre-synthesis Time (s): cpu = 00:01:15 ; elapsed = 00:01:21 . Memory (MB): peak = 1653.012 ; gain = 1227.961 ; free physical = 48230 ; free virtual = 83137
WARNING: [XFORM 203-631] Renaming function 'nnet::lookup_table<ap_fixed<16, 6, (ap_q_mode)5, (ap_o_mode)3, 0>, 1024u, &(ap_fixed<16, 6, (ap_q_mode)5, (ap_o_mode)3, 0> nnet::sin<ap_fixed<16, 6, (ap_q_mode)5, (ap_o_mode)3, 0> >(ap_fixed<16, 6, (ap_q_mode)5, (ap_o_mode)3, 0>))>::operator()' to 'operator()' (firmware/nnet_utils/nnet_types.h:54:9)
INFO: [HLS 200-111] Finished Architecture Synthesis Time (s): cpu = 00:01:15 ; elapsed = 00:01:21 . Memory (MB): peak = 1653.012 ; gain = 1227.961 ; free physical = 48190 ; free virtual = 83104
INFO: [HLS 200-10] Starting hardware synthesis ...
INFO: [HLS 200-10] Synthesizing 'myproject' ...
WARNING: [SYN 201-103] Legalizing function name 'operator()' to 'operator_s'.
INFO: [HLS 200-10] ----------------------------------------------------------------
INFO: [HLS 200-42] -- Implementing module 'operator_s' 
INFO: [HLS 200-10] ----------------------------------------------------------------
INFO: [SCHED 204-11] Starting scheduling ...
INFO: [SCHED 204-61] Pipelining function 'operator()'.
INFO: [SCHED 204-61] Pipelining result : Target II = 1, Final II = 1, Depth = 2.
INFO: [SCHED 204-11] Finished scheduling.
INFO: [HLS 200-111]  Elapsed time: 81.42 seconds; current allocated memory: 387.968 MB.
INFO: [BIND 205-100] Starting micro-architecture generation ...
INFO: [BIND 205-101] Performing variable lifetime analysis.
INFO: [BIND 205-101] Exploring resource sharing.
INFO: [BIND 205-101] Binding ...
INFO: [BIND 205-100] Finished micro-architecture generation.
INFO: [HLS 200-111]  Elapsed time: 0.05 seconds; current allocated memory: 388.110 MB.
INFO: [HLS 200-10] ----------------------------------------------------------------
INFO: [HLS 200-42] -- Implementing module 'myproject' 
INFO: [HLS 200-10] ----------------------------------------------------------------
INFO: [SCHED 204-11] Starting scheduling ...
INFO: [SCHED 204-61] Pipelining function 'myproject'.
INFO: [SCHED 204-61] Pipelining result : Target II = 1, Final II = 1, Depth = 8.
INFO: [SCHED 204-11] Finished scheduling.
INFO: [HLS 200-111]  Elapsed time: 0.31 seconds; current allocated memory: 388.878 MB.
INFO: [BIND 205-100] Starting micro-architecture generation ...
INFO: [BIND 205-101] Performing variable lifetime analysis.
INFO: [BIND 205-101] Exploring resource sharing.
INFO: [BIND 205-101] Binding ...
INFO: [BIND 205-100] Finished micro-architecture generation.
INFO: [HLS 200-111]  Elapsed time: 0.34 seconds; current allocated memory: 389.858 MB.
INFO: [HLS 200-10] ----------------------------------------------------------------
INFO: [HLS 200-10] -- Generating RTL for module 'operator_s' 
INFO: [HLS 200-10] ----------------------------------------------------------------
INFO: [RTGEN 206-100] Finished creating RTL model for 'operator_s'.
INFO: [HLS 200-111]  Elapsed time: 0.53 seconds; current allocated memory: 390.404 MB.
INFO: [HLS 200-10] ----------------------------------------------------------------
INFO: [HLS 200-10] -- Generating RTL for module 'myproject' 
INFO: [HLS 200-10] ----------------------------------------------------------------
INFO: [RTGEN 206-500] Setting interface mode on port 'myproject/x_V' to 'ap_vld'.
INFO: [RTGEN 206-500] Setting interface mode on port 'myproject/y_0_V' to 'ap_vld'.
INFO: [RTGEN 206-500] Setting interface mode on port 'myproject/y_1_V' to 'ap_vld'.
INFO: [RTGEN 206-500] Setting interface mode on port 'myproject/y_2_V' to 'ap_vld'.
INFO: [RTGEN 206-500] Setting interface mode on port 'myproject/y_3_V' to 'ap_vld'.
INFO: [RTGEN 206-500] Setting interface mode on port 'myproject/y_4_V' to 'ap_vld'.
INFO: [RTGEN 206-500] Setting interface mode on function 'myproject' to 'ap_ctrl_hs'.
INFO: [RTGEN 206-100] Generating core module 'myproject_am_addmul_11s_12s_12s_25_1_1': 1 instance(s).
INFO: [RTGEN 206-100] Generating core module 'myproject_am_addmul_16s_11s_8ns_24_1_1': 1 instance(s).
INFO: [RTGEN 206-100] Generating core module 'myproject_am_addmul_22s_22s_13s_37_1_1': 1 instance(s).
INFO: [RTGEN 206-100] Generating core module 'myproject_ama_addmuladd_11s_11s_9ns_16s_20_1_1': 1 instance(s).
INFO: [RTGEN 206-100] Generating core module 'myproject_ama_submuladd_16s_16s_11ns_22ns_27_1_1': 1 instance(s).
INFO: [RTGEN 206-100] Generating core module 'myproject_mac_muladd_11s_10ns_22ns_22_1_1': 1 instance(s).
INFO: [RTGEN 206-100] Generating core module 'myproject_mac_muladd_11s_11s_19s_22_1_1': 1 instance(s).
INFO: [RTGEN 206-100] Generating core module 'myproject_mac_muladd_11s_11s_27s_28_1_1': 1 instance(s).
INFO: [RTGEN 206-100] Generating core module 'myproject_mac_muladd_16s_11ns_22ns_26_1_1': 1 instance(s).
INFO: [RTGEN 206-100] Generating core module 'myproject_mac_muladd_16s_11s_26ns_26_1_1': 1 instance(s).
INFO: [RTGEN 206-100] Generating core module 'myproject_mac_muladd_16s_11s_26s_26_1_1': 1 instance(s).
INFO: [RTGEN 206-100] Generating core module 'myproject_mac_muladd_16s_16s_21s_26_1_1': 1 instance(s).
INFO: [RTGEN 206-100] Generating core module 'myproject_mul_mul_11s_11ns_22_1_1': 2 instance(s).
INFO: [RTGEN 206-100] Generating core module 'myproject_mul_mul_11s_11s_22_1_1': 1 instance(s).
INFO: [RTGEN 206-100] Generating core module 'myproject_mul_mul_16s_10s_25_1_1': 1 instance(s).
INFO: [RTGEN 206-100] Generating core module 'myproject_mul_mul_16s_11ns_26_1_1': 2 instance(s).
INFO: [RTGEN 206-100] Generating core module 'myproject_mul_mul_16s_11ns_27_1_1': 1 instance(s).
INFO: [RTGEN 206-100] Generating core module 'myproject_mul_mul_16s_13ns_26_1_1': 1 instance(s).
INFO: [RTGEN 206-100] Generating core module 'myproject_mul_mul_16s_14ns_26_1_1': 1 instance(s).
INFO: [RTGEN 206-100] Generating core module 'myproject_mul_mul_16s_16s_26_1_1': 1 instance(s).
INFO: [RTGEN 206-100] Generating core module 'myproject_mul_mul_16s_16s_32_1_1': 2 instance(s).
INFO: [RTGEN 206-100] Generating core module 'myproject_mul_mul_16s_9ns_25_1_1': 1 instance(s).
