

================================================================
== Vivado HLS Report for 'myproject'
================================================================
* Date:           Thu Feb 23 14:27:16 2023

* Version:        2020.1 (Build 2897737 on Wed May 27 20:21:37 MDT 2020)
* Project:        myproject_prj
* Solution:       solution1
* Product family: virtexuplus
* Target device:  xcvu9p-flga2577-2-e


================================================================
== Performance Estimates
================================================================
+ Timing: 
    * Summary: 
    +--------+---------+----------+------------+
    |  Clock |  Target | Estimated| Uncertainty|
    +--------+---------+----------+------------+
    |ap_clk  | 5.00 ns | 4.339 ns |   0.62 ns  |
    +--------+---------+----------+------------+

+ Latency: 
    * Summary: 
    +---------+---------+-----------+-----------+-----+-----+----------+
    |  Latency (cycles) |   Latency (absolute)  |  Interval | Pipeline |
    |   min   |   max   |    min    |    max    | min | max |   Type   |
    +---------+---------+-----------+-----------+-----+-----+----------+
    |        7|        7| 35.000 ns | 35.000 ns |    1|    1| function |
    +---------+---------+-----------+-----------+-----+-----+----------+

    + Detail: 
        * Instance: 
        N/A

        * Loop: 
        N/A

============================================================
+ Verbose Summary: Synthesis Manager
============================================================
InlineROM: 1
ExposeGlobal: 0
============================================================
+ Verbose Summary: CDFG Model
============================================================
IsTopModel: 1
ResetActiveHigh: 1
IsCombinational: 0
IsDatapathOnly: 0
HasWiredReturn: 1
HasMFsm: 2
HasVarLatency: 0
IsPipeline: 1
IsRtlPipelined: 1
IsInstanceOverlapped: 0
IsDontTouch: 0
HasImplIP: 0
IsGatedGlobalClock: 0

+ Individual pipeline summary: 
  * Pipeline-0: initiation interval (II) = 1, depth = 8


============================================================
+ Verbose Summary: Schedule
============================================================
* Number of FSM states : 8
* Pipeline : 1
  Pipeline-0 : II = 1, D = 8, States = { 1 2 3 4 5 6 7 8 }
* Dataflow Pipeline: 0

* FSM state transitions: 
1 --> 2 
2 --> 3 
3 --> 4 
4 --> 5 
5 --> 6 
6 --> 7 
7 --> 8 
8 --> 

* FSM state operations: 

State 1 <SV = 0> <Delay = 4.23>
ST_1 : Operation 9 [1/1] (0.00ns)   --->   "%x_V_read = call i160 @_ssdm_op_Read.ap_vld.i160P(i160* %x_V)" [firmware/myproject.cpp:50]   --->   Operation 9 'read' 'x_V_read' <Predicate = true> <Delay = 0.00>
ST_1 : Operation 10 [1/1] (0.00ns)   --->   "%p_Val2_s = call i10 @_ssdm_op_PartSelect.i10.i160.i32.i32(i160 %x_V_read, i32 20, i32 29)" [firmware/myproject.cpp:50]   --->   Operation 10 'partselect' 'p_Val2_s' <Predicate = true> <Delay = 0.00>
ST_1 : Operation 11 [1/1] (0.00ns)   --->   "%p_Val2_11 = call i10 @_ssdm_op_PartSelect.i10.i160.i32.i32(i160 %x_V_read, i32 30, i32 39)" [firmware/myproject.cpp:50]   --->   Operation 11 'partselect' 'p_Val2_11' <Predicate = true> <Delay = 0.00>
ST_1 : Operation 12 [1/1] (0.00ns)   --->   "%sext_ln1118_2 = sext i10 %p_Val2_11 to i14" [firmware/myproject.cpp:50]   --->   Operation 12 'sext' 'sext_ln1118_2' <Predicate = true> <Delay = 0.00>
ST_1 : Operation 13 [1/1] (0.00ns)   --->   "%shl_ln = call i13 @_ssdm_op_BitConcatenate.i13.i10.i3(i10 %p_Val2_11, i3 0)" [firmware/myproject.cpp:50]   --->   Operation 13 'bitconcatenate' 'shl_ln' <Predicate = true> <Delay = 0.00>
ST_1 : Operation 14 [1/1] (0.00ns)   --->   "%sext_ln1118_3 = sext i13 %shl_ln to i14" [firmware/myproject.cpp:50]   --->   Operation 14 'sext' 'sext_ln1118_3' <Predicate = true> <Delay = 0.00>
ST_1 : Operation 15 [1/1] (0.00ns) (grouped into TernaryAdder)   --->   "%r_V_14 = add i14 %sext_ln1118_2, %sext_ln1118_3" [firmware/myproject.cpp:50]   --->   Operation 15 'add' 'r_V_14' <Predicate = true> <Delay = 0.00> <Core = "TAddSub">   --->   Core 83 'TAddSub' <Latency = 0> <II = 1> <Delay = 0.34> <IPBlock> <Opcode : 'add' 'sub'> <InPorts = 3> <OutPorts = 1> <Sync> <CReg>
ST_1 : Operation 16 [1/1] (0.00ns)   --->   "%p_Val2_1 = call i10 @_ssdm_op_PartSelect.i10.i160.i32.i32(i160 %x_V_read, i32 140, i32 149)" [firmware/myproject.cpp:50]   --->   Operation 16 'partselect' 'p_Val2_1' <Predicate = true> <Delay = 0.00>
ST_1 : Operation 17 [1/1] (0.00ns)   --->   "%lhs_V_1 = call i14 @_ssdm_op_BitConcatenate.i14.i10.i4(i10 %p_Val2_1, i4 0)" [firmware/myproject.cpp:50]   --->   Operation 17 'bitconcatenate' 'lhs_V_1' <Predicate = true> <Delay = 0.00>
ST_1 : Operation 18 [1/1] (0.71ns) (root node of TernaryAdder)   --->   "%ret_V_27 = sub i14 %lhs_V_1, %r_V_14" [firmware/myproject.cpp:50]   --->   Operation 18 'sub' 'ret_V_27' <Predicate = true> <Delay = 0.71> <Core = "TAddSub">   --->   Core 83 'TAddSub' <Latency = 0> <II = 1> <Delay = 0.34> <IPBlock> <Opcode : 'add' 'sub'> <InPorts = 3> <OutPorts = 1> <Sync> <CReg>
ST_1 : Operation 19 [1/1] (0.00ns)   --->   "%trunc_ln = call i10 @_ssdm_op_PartSelect.i10.i14.i32.i32(i14 %ret_V_27, i32 4, i32 13)" [firmware/myproject.cpp:50]   --->   Operation 19 'partselect' 'trunc_ln' <Predicate = true> <Delay = 0.00>
ST_1 : Operation 20 [4/4] (2.53ns)   --->   "%p_s = call fastcc i6 @"sin_lut<ap_fixed<10, 6, 5, 3, 0> >"(i10 %trunc_ln)" [firmware/myproject.cpp:50]   --->   Operation 20 'call' 'p_s' <Predicate = true> <Delay = 2.53> <CoreType = "Generic">   --->   Core 0 '' <Latency = 0> <II = 1> <Delay = 1.00> <Generic> <Opcode : >
ST_1 : Operation 21 [1/1] (0.00ns)   --->   "%p_Val2_2 = call i10 @_ssdm_op_PartSelect.i10.i160.i32.i32(i160 %x_V_read, i32 40, i32 49)" [firmware/myproject.cpp:50]   --->   Operation 21 'partselect' 'p_Val2_2' <Predicate = true> <Delay = 0.00>
ST_1 : Operation 22 [1/1] (0.00ns)   --->   "%p_Val2_3 = call i10 @_ssdm_op_PartSelect.i10.i160.i32.i32(i160 %x_V_read, i32 150, i32 159)" [firmware/myproject.cpp:50]   --->   Operation 22 'partselect' 'p_Val2_3' <Predicate = true> <Delay = 0.00>
ST_1 : Operation 23 [1/1] (0.00ns)   --->   "%sext_ln1118_6 = sext i10 %p_Val2_s to i14" [firmware/myproject.cpp:51]   --->   Operation 23 'sext' 'sext_ln1118_6' <Predicate = true> <Delay = 0.00>
ST_1 : Operation 24 [1/1] (1.70ns)   --->   "%mul_ln1192_9 = mul i14 %sext_ln1118_6, %sext_ln1118_6" [firmware/myproject.cpp:51]   --->   Operation 24 'mul' 'mul_ln1192_9' <Predicate = true> <Delay = 1.70> <Core = "Mul">   --->   Core 16 'Mul' <Latency = 0> <II = 1> <Delay = 1.23> <FuncUnit> <Opcode : 'mul'> <InPorts = 2> <OutPorts = 1>
ST_1 : Operation 25 [1/1] (0.00ns)   --->   "%tmp_9 = call i9 @_ssdm_op_PartSelect.i9.i160.i32.i32(i160 %x_V_read, i32 30, i32 38)" [firmware/myproject.cpp:51]   --->   Operation 25 'partselect' 'tmp_9' <Predicate = true> <Delay = 0.00>
ST_1 : Operation 26 [1/1] (0.00ns)   --->   "%r_V_s = call i14 @_ssdm_op_BitConcatenate.i14.i9.i5(i9 %tmp_9, i5 0)" [firmware/myproject.cpp:51]   --->   Operation 26 'bitconcatenate' 'r_V_s' <Predicate = true> <Delay = 0.00>
ST_1 : Operation 27 [1/1] (0.76ns)   --->   "%add_ln1192_7 = add i14 %r_V_s, -64" [firmware/myproject.cpp:51]   --->   Operation 27 'add' 'add_ln1192_7' <Predicate = true> <Delay = 0.76> <Core = "AddSub">   --->   Core 14 'AddSub' <Latency = 0> <II = 1> <Delay = 0.72> <FuncUnit> <Opcode : 'add' 'sub'> <InPorts = 2> <OutPorts = 1>
ST_1 : Operation 28 [1/1] (0.00ns)   --->   "%trunc_ln708_5 = call i10 @_ssdm_op_PartSelect.i10.i14.i32.i32(i14 %add_ln1192_7, i32 4, i32 13)" [firmware/myproject.cpp:51]   --->   Operation 28 'partselect' 'trunc_ln708_5' <Predicate = true> <Delay = 0.00>
ST_1 : Operation 29 [4/4] (2.53ns)   --->   "%p_5 = call fastcc i6 @"sin_lut<ap_fixed<10, 6, 5, 3, 0> >"(i10 %trunc_ln708_5)" [firmware/myproject.cpp:51]   --->   Operation 29 'call' 'p_5' <Predicate = true> <Delay = 2.53> <CoreType = "Generic">   --->   Core 0 '' <Latency = 0> <II = 1> <Delay = 1.00> <Generic> <Opcode : >
ST_1 : Operation 30 [1/1] (0.00ns)   --->   "%sext_ln700_3 = sext i10 %p_Val2_1 to i14" [firmware/myproject.cpp:53]   --->   Operation 30 'sext' 'sext_ln700_3' <Predicate = true> <Delay = 0.00>
ST_1 : Operation 31 [1/1] (0.00ns)   --->   "%shl_ln1118_s = call i13 @_ssdm_op_BitConcatenate.i13.i10.i3(i10 %p_Val2_1, i3 0)" [firmware/myproject.cpp:52]   --->   Operation 31 'bitconcatenate' 'shl_ln1118_s' <Predicate = true> <Delay = 0.00>
ST_1 : Operation 32 [1/1] (0.00ns)   --->   "%sext_ln1118_12 = sext i13 %shl_ln1118_s to i14" [firmware/myproject.cpp:52]   --->   Operation 32 'sext' 'sext_ln1118_12' <Predicate = true> <Delay = 0.00>
ST_1 : Operation 33 [1/1] (0.00ns)   --->   "%shl_ln1118_1 = call i11 @_ssdm_op_BitConcatenate.i11.i10.i1(i10 %p_Val2_1, i1 false)" [firmware/myproject.cpp:52]   --->   Operation 33 'bitconcatenate' 'shl_ln1118_1' <Predicate = true> <Delay = 0.00>
ST_1 : Operation 34 [1/1] (0.00ns)   --->   "%sext_ln1118_13 = sext i11 %shl_ln1118_1 to i14" [firmware/myproject.cpp:52]   --->   Operation 34 'sext' 'sext_ln1118_13' <Predicate = true> <Delay = 0.00>
ST_1 : Operation 35 [1/1] (0.00ns)   --->   "%sext_ln1118_14 = sext i11 %shl_ln1118_1 to i15" [firmware/myproject.cpp:52]   --->   Operation 35 'sext' 'sext_ln1118_14' <Predicate = true> <Delay = 0.00>
ST_1 : Operation 36 [1/1] (0.75ns)   --->   "%r_V_17 = add i14 %sext_ln1118_12, %sext_ln1118_13" [firmware/myproject.cpp:52]   --->   Operation 36 'add' 'r_V_17' <Predicate = true> <Delay = 0.75> <Core = "AddSub">   --->   Core 14 'AddSub' <Latency = 0> <II = 1> <Delay = 0.72> <FuncUnit> <Opcode : 'add' 'sub'> <InPorts = 2> <OutPorts = 1>
ST_1 : Operation 37 [1/1] (0.00ns)   --->   "%shl_ln1118_5 = call i11 @_ssdm_op_BitConcatenate.i11.i10.i1(i10 %p_Val2_11, i1 false)" [firmware/myproject.cpp:52]   --->   Operation 37 'bitconcatenate' 'shl_ln1118_5' <Predicate = true> <Delay = 0.00>
ST_1 : Operation 38 [1/1] (0.00ns)   --->   "%sext_ln1118_15 = sext i11 %shl_ln1118_5 to i14" [firmware/myproject.cpp:52]   --->   Operation 38 'sext' 'sext_ln1118_15' <Predicate = true> <Delay = 0.00>
ST_1 : Operation 39 [1/1] (0.75ns)   --->   "%r_V_18 = add i14 %sext_ln1118_3, %sext_ln1118_15" [firmware/myproject.cpp:52]   --->   Operation 39 'add' 'r_V_18' <Predicate = true> <Delay = 0.75> <Core = "AddSub">   --->   Core 14 'AddSub' <Latency = 0> <II = 1> <Delay = 0.72> <FuncUnit> <Opcode : 'add' 'sub'> <InPorts = 2> <OutPorts = 1>
ST_1 : Operation 40 [1/1] (0.00ns)   --->   "%sext_ln703_3 = sext i14 %r_V_17 to i15" [firmware/myproject.cpp:52]   --->   Operation 40 'sext' 'sext_ln703_3' <Predicate = true> <Delay = 0.00>
ST_1 : Operation 41 [1/1] (0.00ns)   --->   "%sext_ln703_4 = sext i14 %r_V_18 to i15" [firmware/myproject.cpp:52]   --->   Operation 41 'sext' 'sext_ln703_4' <Predicate = true> <Delay = 0.00>
ST_1 : Operation 42 [1/1] (0.00ns) (grouped into TernaryAdder)   --->   "%ret_V_35 = sub i15 %sext_ln703_3, %sext_ln703_4" [firmware/myproject.cpp:52]   --->   Operation 42 'sub' 'ret_V_35' <Predicate = true> <Delay = 0.00> <Core = "TAddSub">   --->   Core 83 'TAddSub' <Latency = 0> <II = 1> <Delay = 0.34> <IPBlock> <Opcode : 'add' 'sub'> <InPorts = 3> <OutPorts = 1> <Sync> <CReg>
ST_1 : Operation 43 [1/1] (0.69ns) (root node of TernaryAdder)   --->   "%add_ln1192_14 = add i15 %ret_V_35, 256" [firmware/myproject.cpp:52]   --->   Operation 43 'add' 'add_ln1192_14' <Predicate = true> <Delay = 0.69> <Core = "TAddSub">   --->   Core 83 'TAddSub' <Latency = 0> <II = 1> <Delay = 0.34> <IPBlock> <Opcode : 'add' 'sub'> <InPorts = 3> <OutPorts = 1> <Sync> <CReg>
ST_1 : Operation 44 [1/1] (0.00ns)   --->   "%sext_ln1118_16 = sext i15 %add_ln1192_14 to i26" [firmware/myproject.cpp:52]   --->   Operation 44 'sext' 'sext_ln1118_16' <Predicate = true> <Delay = 0.00>
ST_1 : Operation 45 [1/1] (2.53ns) (root node of the DSP)   --->   "%mul_ln1118 = mul i26 %sext_ln1118_16, %sext_ln1118_16" [firmware/myproject.cpp:52]   --->   Operation 45 'mul' 'mul_ln1118' <Predicate = true> <Delay = 2.53> <Core = "DSP48">   --->   Core 88 'DSP48' <Latency = 0> <II = 1> <Delay = 2.53> <IPBlock> <Opcode : 'mul' 'add' 'sub' 'select'> <InPorts = 2> <OutPorts = 1> <Sync> <CReg>
ST_1 : Operation 46 [1/1] (0.00ns)   --->   "%sext_ln1118_18 = sext i10 %p_Val2_1 to i18" [firmware/myproject.cpp:53]   --->   Operation 46 'sext' 'sext_ln1118_18' <Predicate = true> <Delay = 0.00>
ST_1 : Operation 47 [1/1] (1.70ns)   --->   "%mul_ln700_2 = mul i18 %sext_ln1118_18, %sext_ln1118_18" [firmware/myproject.cpp:53]   --->   Operation 47 'mul' 'mul_ln700_2' <Predicate = true> <Delay = 1.70> <Core = "Mul">   --->   Core 16 'Mul' <Latency = 0> <II = 1> <Delay = 1.23> <FuncUnit> <Opcode : 'mul'> <InPorts = 2> <OutPorts = 1>
ST_1 : Operation 48 [1/1] (0.49ns) (grouped into DSP with root node add_ln700)   --->   "%mul_ln700_3 = mul i18 %mul_ln700_2, 52" [firmware/myproject.cpp:53]   --->   Operation 48 'mul' 'mul_ln700_3' <Predicate = true> <Delay = 0.49> <Core = "DSP48">   --->   Core 88 'DSP48' <Latency = 0> <II = 1> <Delay = 2.53> <IPBlock> <Opcode : 'mul' 'add' 'sub' 'select'> <InPorts = 2> <OutPorts = 1> <Sync> <CReg>
ST_1 : Operation 49 [1/1] (1.70ns)   --->   "%mul_ln700_4 = mul i14 %sext_ln700_3, 52" [firmware/myproject.cpp:53]   --->   Operation 49 'mul' 'mul_ln700_4' <Predicate = true> <Delay = 1.70> <Core = "Mul">   --->   Core 16 'Mul' <Latency = 0> <II = 1> <Delay = 1.23> <FuncUnit> <Opcode : 'mul'> <InPorts = 2> <OutPorts = 1>
ST_1 : Operation 50 [1/1] (0.00ns)   --->   "%shl_ln1 = call i18 @_ssdm_op_BitConcatenate.i18.i14.i4(i14 %mul_ln700_4, i4 0)" [firmware/myproject.cpp:53]   --->   Operation 50 'bitconcatenate' 'shl_ln1' <Predicate = true> <Delay = 0.00>
ST_1 : Operation 51 [1/1] (2.03ns) (root node of the DSP)   --->   "%add_ln700 = add i18 %mul_ln700_3, %shl_ln1" [firmware/myproject.cpp:53]   --->   Operation 51 'add' 'add_ln700' <Predicate = true> <Delay = 2.03> <Core = "DSP48">   --->   Core 88 'DSP48' <Latency = 0> <II = 1> <Delay = 2.53> <IPBlock> <Opcode : 'mul' 'add' 'sub' 'select'> <InPorts = 2> <OutPorts = 1> <Sync> <CReg>
ST_1 : Operation 52 [1/1] (0.00ns) (grouped into TernaryAdder)   --->   "%add_ln1192_30 = add i14 %r_V_s, -448" [firmware/myproject.cpp:54]   --->   Operation 52 'add' 'add_ln1192_30' <Predicate = true> <Delay = 0.00> <Core = "TAddSub">   --->   Core 83 'TAddSub' <Latency = 0> <II = 1> <Delay = 0.34> <IPBlock> <Opcode : 'add' 'sub'> <InPorts = 3> <OutPorts = 1> <Sync> <CReg>
ST_1 : Operation 53 [1/1] (0.71ns) (root node of TernaryAdder)   --->   "%add_ln1192_27 = add i14 %lhs_V_1, %add_ln1192_30" [firmware/myproject.cpp:54]   --->   Operation 53 'add' 'add_ln1192_27' <Predicate = true> <Delay = 0.71> <Core = "TAddSub">   --->   Core 83 'TAddSub' <Latency = 0> <II = 1> <Delay = 0.34> <IPBlock> <Opcode : 'add' 'sub'> <InPorts = 3> <OutPorts = 1> <Sync> <CReg>
ST_1 : Operation 54 [1/1] (0.00ns)   --->   "%trunc_ln708_11 = call i10 @_ssdm_op_PartSelect.i10.i14.i32.i32(i14 %add_ln1192_27, i32 4, i32 13)" [firmware/myproject.cpp:54]   --->   Operation 54 'partselect' 'trunc_ln708_11' <Predicate = true> <Delay = 0.00>
ST_1 : Operation 55 [4/4] (2.53ns)   --->   "%p_2 = call fastcc i6 @"sin_lut<ap_fixed<10, 6, 5, 3, 0> >"(i10 %trunc_ln708_11)" [firmware/myproject.cpp:54]   --->   Operation 55 'call' 'p_2' <Predicate = true> <Delay = 2.53> <CoreType = "Generic">   --->   Core 0 '' <Latency = 0> <II = 1> <Delay = 1.00> <Generic> <Opcode : >
ST_1 : Operation 56 [1/1] (0.00ns)   --->   "%sext_ln1118_23 = sext i14 %lhs_V_1 to i15" [firmware/myproject.cpp:54]   --->   Operation 56 'sext' 'sext_ln1118_23' <Predicate = true> <Delay = 0.00>
ST_1 : Operation 57 [1/1] (0.00ns) (grouped into TernaryAdder)   --->   "%r_V_24 = sub i15 %sext_ln1118_23, %sext_ln1118_14" [firmware/myproject.cpp:54]   --->   Operation 57 'sub' 'r_V_24' <Predicate = true> <Delay = 0.00> <Core = "TAddSub">   --->   Core 83 'TAddSub' <Latency = 0> <II = 1> <Delay = 0.34> <IPBlock> <Opcode : 'add' 'sub'> <InPorts = 3> <OutPorts = 1> <Sync> <CReg>
ST_1 : Operation 58 [1/1] (0.69ns) (root node of TernaryAdder)   --->   "%add_ln1192_29 = add i15 %r_V_24, 256" [firmware/myproject.cpp:54]   --->   Operation 58 'add' 'add_ln1192_29' <Predicate = true> <Delay = 0.69> <Core = "TAddSub">   --->   Core 83 'TAddSub' <Latency = 0> <II = 1> <Delay = 0.34> <IPBlock> <Opcode : 'add' 'sub'> <InPorts = 3> <OutPorts = 1> <Sync> <CReg>
ST_1 : Operation 59 [1/1] (0.00ns)   --->   "%sext_ln1118_24 = sext i15 %add_ln1192_29 to i26" [firmware/myproject.cpp:54]   --->   Operation 59 'sext' 'sext_ln1118_24' <Predicate = true> <Delay = 0.00>
ST_1 : Operation 60 [1/1] (2.53ns) (root node of the DSP)   --->   "%mul_ln1118_4 = mul i26 %sext_ln1118_24, %sext_ln1118_24" [firmware/myproject.cpp:54]   --->   Operation 60 'mul' 'mul_ln1118_4' <Predicate = true> <Delay = 2.53> <Core = "DSP48">   --->   Core 88 'DSP48' <Latency = 0> <II = 1> <Delay = 2.53> <IPBlock> <Opcode : 'mul' 'add' 'sub' 'select'> <InPorts = 2> <OutPorts = 1> <Sync> <CReg>
ST_1 : Operation 61 [1/1] (0.49ns) (grouped into DSP with root node ret_V_42)   --->   "%mul_ln1192_6 = mul i14 %sext_ln1118_2, %sext_ln1118_2" [firmware/myproject.cpp:54]   --->   Operation 61 'mul' 'mul_ln1192_6' <Predicate = true> <Delay = 0.49> <Core = "DSP48">   --->   Core 88 'DSP48' <Latency = 0> <II = 1> <Delay = 2.53> <IPBlock> <Opcode : 'mul' 'add' 'sub' 'select'> <InPorts = 2> <OutPorts = 1> <Sync> <CReg>
ST_1 : Operation 62 [1/1] (2.03ns) (root node of the DSP)   --->   "%ret_V_42 = add i14 %mul_ln1192_6, -144" [firmware/myproject.cpp:54]   --->   Operation 62 'add' 'ret_V_42' <Predicate = true> <Delay = 2.03> <Core = "DSP48">   --->   Core 88 'DSP48' <Latency = 0> <II = 1> <Delay = 2.53> <IPBlock> <Opcode : 'mul' 'add' 'sub' 'select'> <InPorts = 2> <OutPorts = 1> <Sync> <CReg>
ST_1 : Operation 63 [1/1] (0.00ns)   --->   "%trunc_ln708_13 = call i10 @_ssdm_op_PartSelect.i10.i14.i32.i32(i14 %ret_V_42, i32 4, i32 13)" [firmware/myproject.cpp:54]   --->   Operation 63 'partselect' 'trunc_ln708_13' <Predicate = true> <Delay = 0.00>

State 2 <SV = 1> <Delay = 4.33>
ST_2 : Operation 64 [1/1] (0.00ns)   --->   "%sext_ln1118_1 = sext i10 %p_Val2_11 to i18" [firmware/myproject.cpp:50]   --->   Operation 64 'sext' 'sext_ln1118_1' <Predicate = true> <Delay = 0.00>
ST_2 : Operation 65 [3/4] (4.33ns)   --->   "%p_s = call fastcc i6 @"sin_lut<ap_fixed<10, 6, 5, 3, 0> >"(i10 %trunc_ln)" [firmware/myproject.cpp:50]   --->   Operation 65 'call' 'p_s' <Predicate = true> <Delay = 4.33> <CoreType = "Generic">   --->   Core 0 '' <Latency = 0> <II = 1> <Delay = 1.00> <Generic> <Opcode : >
ST_2 : Operation 66 [1/1] (0.00ns)   --->   "%sext_ln1118_4 = sext i10 %p_Val2_2 to i18" [firmware/myproject.cpp:50]   --->   Operation 66 'sext' 'sext_ln1118_4' <Predicate = true> <Delay = 0.00>
ST_2 : Operation 67 [1/1] (0.00ns)   --->   "%sext_ln1192 = sext i10 %p_Val2_s to i18" [firmware/myproject.cpp:50]   --->   Operation 67 'sext' 'sext_ln1192' <Predicate = true> <Delay = 0.00>
ST_2 : Operation 68 [1/1] (1.70ns)   --->   "%mul_ln1192 = mul i18 %sext_ln1118_4, %sext_ln1118_4" [firmware/myproject.cpp:50]   --->   Operation 68 'mul' 'mul_ln1192' <Predicate = true> <Delay = 1.70> <Core = "Mul">   --->   Core 16 'Mul' <Latency = 0> <II = 1> <Delay = 1.23> <FuncUnit> <Opcode : 'mul'> <InPorts = 2> <OutPorts = 1>
ST_2 : Operation 69 [1/1] (0.49ns) (grouped into DSP with root node ret_V_28)   --->   "%mul_ln1192_1 = mul i18 %sext_ln1192, %mul_ln1192" [firmware/myproject.cpp:50]   --->   Operation 69 'mul' 'mul_ln1192_1' <Predicate = true> <Delay = 0.49> <Core = "DSP48">   --->   Core 88 'DSP48' <Latency = 0> <II = 1> <Delay = 2.53> <IPBlock> <Opcode : 'mul' 'add' 'sub' 'select'> <InPorts = 2> <OutPorts = 1> <Sync> <CReg>
ST_2 : Operation 70 [1/1] (0.00ns)   --->   "%lhs_V_2 = call i18 @_ssdm_op_BitConcatenate.i18.i10.i8(i10 %p_Val2_3, i8 0)" [firmware/myproject.cpp:50]   --->   Operation 70 'bitconcatenate' 'lhs_V_2' <Predicate = true> <Delay = 0.00>
ST_2 : Operation 71 [1/1] (2.03ns) (root node of the DSP)   --->   "%ret_V_28 = add i18 %mul_ln1192_1, %lhs_V_2" [firmware/myproject.cpp:50]   --->   Operation 71 'add' 'ret_V_28' <Predicate = true> <Delay = 2.03> <Core = "DSP48">   --->   Core 88 'DSP48' <Latency = 0> <II = 1> <Delay = 2.53> <IPBlock> <Opcode : 'mul' 'add' 'sub' 'select'> <InPorts = 2> <OutPorts = 1> <Sync> <CReg>
ST_2 : Operation 72 [1/1] (0.00ns)   --->   "%trunc_ln708_1 = call i10 @_ssdm_op_PartSelect.i10.i18.i32.i32(i18 %ret_V_28, i32 8, i32 17)" [firmware/myproject.cpp:50]   --->   Operation 72 'partselect' 'trunc_ln708_1' <Predicate = true> <Delay = 0.00>
ST_2 : Operation 73 [1/1] (0.00ns)   --->   "%lhs_V_3 = call i14 @_ssdm_op_BitConcatenate.i14.i10.i4(i10 %p_Val2_3, i4 0)" [firmware/myproject.cpp:50]   --->   Operation 73 'bitconcatenate' 'lhs_V_3' <Predicate = true> <Delay = 0.00>
ST_2 : Operation 74 [1/1] (0.00ns)   --->   "%shl_ln1118_2 = call i12 @_ssdm_op_BitConcatenate.i12.i10.i2(i10 %p_Val2_3, i2 0)" [firmware/myproject.cpp:50]   --->   Operation 74 'bitconcatenate' 'shl_ln1118_2' <Predicate = true> <Delay = 0.00>
ST_2 : Operation 75 [1/1] (0.00ns)   --->   "%sext_ln1192_3 = sext i12 %shl_ln1118_2 to i14" [firmware/myproject.cpp:50]   --->   Operation 75 'sext' 'sext_ln1192_3' <Predicate = true> <Delay = 0.00>
ST_2 : Operation 76 [1/1] (0.76ns)   --->   "%sub_ln1192 = sub i14 %sext_ln1192_3, %lhs_V_3" [firmware/myproject.cpp:50]   --->   Operation 76 'sub' 'sub_ln1192' <Predicate = true> <Delay = 0.76> <Core = "AddSub">   --->   Core 14 'AddSub' <Latency = 0> <II = 1> <Delay = 0.72> <FuncUnit> <Opcode : 'add' 'sub'> <InPorts = 2> <OutPorts = 1>
ST_2 : Operation 77 [1/1] (0.00ns)   --->   "%shl_ln1118_3 = call i14 @_ssdm_op_BitConcatenate.i14.i10.i4(i10 %p_Val2_s, i4 0)" [firmware/myproject.cpp:50]   --->   Operation 77 'bitconcatenate' 'shl_ln1118_3' <Predicate = true> <Delay = 0.00>
ST_2 : Operation 78 [1/1] (0.00ns)   --->   "%shl_ln1118_4 = call i12 @_ssdm_op_BitConcatenate.i12.i10.i2(i10 %p_Val2_s, i2 0)" [firmware/myproject.cpp:50]   --->   Operation 78 'bitconcatenate' 'shl_ln1118_4' <Predicate = true> <Delay = 0.00>
ST_2 : Operation 79 [1/1] (0.00ns)   --->   "%sext_ln1192_4 = sext i12 %shl_ln1118_4 to i14" [firmware/myproject.cpp:50]   --->   Operation 79 'sext' 'sext_ln1192_4' <Predicate = true> <Delay = 0.00>
ST_2 : Operation 80 [1/1] (0.76ns)   --->   "%sub_ln1192_1 = sub i14 %shl_ln1118_3, %sext_ln1192_4" [firmware/myproject.cpp:50]   --->   Operation 80 'sub' 'sub_ln1192_1' <Predicate = true> <Delay = 0.76> <Core = "AddSub">   --->   Core 14 'AddSub' <Latency = 0> <II = 1> <Delay = 0.72> <FuncUnit> <Opcode : 'add' 'sub'> <InPorts = 2> <OutPorts = 1>
ST_2 : Operation 81 [1/1] (0.00ns) (grouped into TernaryAdder)   --->   "%add_ln1192_4 = add i14 %sub_ln1192_1, %sub_ln1192" [firmware/myproject.cpp:50]   --->   Operation 81 'add' 'add_ln1192_4' <Predicate = true> <Delay = 0.00> <Core = "TAddSub">   --->   Core 83 'TAddSub' <Latency = 0> <II = 1> <Delay = 0.34> <IPBlock> <Opcode : 'add' 'sub'> <InPorts = 3> <OutPorts = 1> <Sync> <CReg>
ST_2 : Operation 82 [1/1] (0.71ns) (root node of TernaryAdder)   --->   "%ret_V_30 = add i14 %add_ln1192_4, 192" [firmware/myproject.cpp:50]   --->   Operation 82 'add' 'ret_V_30' <Predicate = true> <Delay = 0.71> <Core = "TAddSub">   --->   Core 83 'TAddSub' <Latency = 0> <II = 1> <Delay = 0.34> <IPBlock> <Opcode : 'add' 'sub'> <InPorts = 3> <OutPorts = 1> <Sync> <CReg>
ST_2 : Operation 83 [1/1] (0.00ns)   --->   "%trunc_ln708_2 = call i10 @_ssdm_op_PartSelect.i10.i14.i32.i32(i14 %ret_V_30, i32 4, i32 13)" [firmware/myproject.cpp:50]   --->   Operation 83 'partselect' 'trunc_ln708_2' <Predicate = true> <Delay = 0.00>
ST_2 : Operation 84 [4/4] (2.53ns)   --->   "%p_Val2_5 = call fastcc i6 @"sin_lut<ap_fixed<10, 6, 5, 3, 0> >"(i10 %trunc_ln708_2)" [firmware/myproject.cpp:50]   --->   Operation 84 'call' 'p_Val2_5' <Predicate = true> <Delay = 2.53> <CoreType = "Generic">   --->   Core 0 '' <Latency = 0> <II = 1> <Delay = 1.00> <Generic> <Opcode : >
ST_2 : Operation 85 [4/4] (2.53ns)   --->   "%p_Val2_6 = call fastcc i6 @"sin_lut<ap_fixed<10, 6, 5, 3, 0> >"(i10 %p_Val2_s)" [firmware/myproject.cpp:51]   --->   Operation 85 'call' 'p_Val2_6' <Predicate = true> <Delay = 2.53> <CoreType = "Generic">   --->   Core 0 '' <Latency = 0> <II = 1> <Delay = 1.00> <Generic> <Opcode : >
ST_2 : Operation 86 [1/1] (0.76ns)   --->   "%add_ln1192_8 = add i14 %mul_ln1192_9, %lhs_V_3" [firmware/myproject.cpp:51]   --->   Operation 86 'add' 'add_ln1192_8' <Predicate = true> <Delay = 0.76> <Core = "AddSub">   --->   Core 14 'AddSub' <Latency = 0> <II = 1> <Delay = 0.72> <FuncUnit> <Opcode : 'add' 'sub'> <InPorts = 2> <OutPorts = 1>
ST_2 : Operation 87 [1/1] (0.00ns)   --->   "%rhs_V_1 = call i14 @_ssdm_op_BitConcatenate.i14.i10.i4(i10 %p_Val2_11, i4 0)" [firmware/myproject.cpp:51]   --->   Operation 87 'bitconcatenate' 'rhs_V_1' <Predicate = true> <Delay = 0.00>
ST_2 : Operation 88 [1/1] (0.00ns) (grouped into TernaryAdder)   --->   "%sub_ln1192_2 = sub i14 %add_ln1192_8, %rhs_V_1" [firmware/myproject.cpp:51]   --->   Operation 88 'sub' 'sub_ln1192_2' <Predicate = true> <Delay = 0.00> <Core = "TAddSub">   --->   Core 83 'TAddSub' <Latency = 0> <II = 1> <Delay = 0.34> <IPBlock> <Opcode : 'add' 'sub'> <InPorts = 3> <OutPorts = 1> <Sync> <CReg>
ST_2 : Operation 89 [1/1] (0.71ns) (root node of TernaryAdder)   --->   "%ret_V_32 = add i14 %sub_ln1192_2, -400" [firmware/myproject.cpp:51]   --->   Operation 89 'add' 'ret_V_32' <Predicate = true> <Delay = 0.71> <Core = "TAddSub">   --->   Core 83 'TAddSub' <Latency = 0> <II = 1> <Delay = 0.34> <IPBlock> <Opcode : 'add' 'sub'> <InPorts = 3> <OutPorts = 1> <Sync> <CReg>
ST_2 : Operation 90 [1/1] (0.00ns)   --->   "%trunc_ln708_4 = call i10 @_ssdm_op_PartSelect.i10.i14.i32.i32(i14 %ret_V_32, i32 4, i32 13)" [firmware/myproject.cpp:51]   --->   Operation 90 'partselect' 'trunc_ln708_4' <Predicate = true> <Delay = 0.00>
ST_2 : Operation 91 [4/4] (2.53ns)   --->   "%p_Val2_s_28 = call fastcc i6 @"sin_lut<ap_fixed<10, 6, 5, 3, 0> >"(i10 %trunc_ln708_4)" [firmware/myproject.cpp:51]   --->   Operation 91 'call' 'p_Val2_s_28' <Predicate = true> <Delay = 2.53> <CoreType = "Generic">   --->   Core 0 '' <Latency = 0> <II = 1> <Delay = 1.00> <Generic> <Opcode : >
ST_2 : Operation 92 [3/4] (4.33ns)   --->   "%p_5 = call fastcc i6 @"sin_lut<ap_fixed<10, 6, 5, 3, 0> >"(i10 %trunc_ln708_5)" [firmware/myproject.cpp:51]   --->   Operation 92 'call' 'p_5' <Predicate = true> <Delay = 4.33> <CoreType = "Generic">   --->   Core 0 '' <Latency = 0> <II = 1> <Delay = 1.00> <Generic> <Opcode : >
ST_2 : Operation 93 [4/4] (2.53ns)   --->   "%p_6 = call fastcc i6 @"sin_lut<ap_fixed<10, 6, 5, 3, 0> >"(i10 %p_Val2_1)" [firmware/myproject.cpp:51]   --->   Operation 93 'call' 'p_6' <Predicate = true> <Delay = 2.53> <CoreType = "Generic">   --->   Core 0 '' <Latency = 0> <II = 1> <Delay = 1.00> <Generic> <Opcode : >
ST_2 : Operation 94 [1/1] (0.00ns)   --->   "%sext_ln1118_10 = sext i10 %p_Val2_3 to i13" [firmware/myproject.cpp:52]   --->   Operation 94 'sext' 'sext_ln1118_10' <Predicate = true> <Delay = 0.00>
ST_2 : Operation 95 [1/1] (0.76ns)   --->   "%ret_V_34 = add i14 %mul_ln1192_9, -288" [firmware/myproject.cpp:52]   --->   Operation 95 'add' 'ret_V_34' <Predicate = true> <Delay = 0.76> <Core = "AddSub">   --->   Core 14 'AddSub' <Latency = 0> <II = 1> <Delay = 0.72> <FuncUnit> <Opcode : 'add' 'sub'> <InPorts = 2> <OutPorts = 1>
ST_2 : Operation 96 [1/1] (0.00ns)   --->   "%trunc_ln708_7 = call i10 @_ssdm_op_PartSelect.i10.i14.i32.i32(i14 %ret_V_34, i32 4, i32 13)" [firmware/myproject.cpp:52]   --->   Operation 96 'partselect' 'trunc_ln708_7' <Predicate = true> <Delay = 0.00>
ST_2 : Operation 97 [4/4] (2.53ns)   --->   "%p_7 = call fastcc i6 @"sin_lut<ap_fixed<10, 6, 5, 3, 0> >"(i10 %trunc_ln708_7)" [firmware/myproject.cpp:52]   --->   Operation 97 'call' 'p_7' <Predicate = true> <Delay = 2.53> <CoreType = "Generic">   --->   Core 0 '' <Latency = 0> <II = 1> <Delay = 1.00> <Generic> <Opcode : >
ST_2 : Operation 98 [1/1] (2.53ns) (root node of the DSP)   --->   "%r_V_19 = mul i26 %mul_ln1118, 39" [firmware/myproject.cpp:52]   --->   Operation 98 'mul' 'r_V_19' <Predicate = true> <Delay = 2.53> <Core = "DSP48">   --->   Core 88 'DSP48' <Latency = 0> <II = 1> <Delay = 2.53> <IPBlock> <Opcode : 'mul' 'add' 'sub' 'select'> <InPorts = 2> <OutPorts = 1> <Sync> <CReg>
ST_2 : Operation 99 [1/1] (0.00ns)   --->   "%trunc_ln708_8 = call i10 @_ssdm_op_PartSelect.i10.i26.i32.i32(i26 %r_V_19, i32 16, i32 25)" [firmware/myproject.cpp:52]   --->   Operation 99 'partselect' 'trunc_ln708_8' <Predicate = true> <Delay = 0.00>
ST_2 : Operation 100 [1/1] (0.49ns) (grouped into DSP with root node ret_V_37)   --->   "%rhs_V_3 = mul i18 %sext_ln1118_1, 1680" [firmware/myproject.cpp:53]   --->   Operation 100 'mul' 'rhs_V_3' <Predicate = true> <Delay = 0.49> <Core = "DSP48">   --->   Core 88 'DSP48' <Latency = 0> <II = 1> <Delay = 2.53> <IPBlock> <Opcode : 'mul' 'add' 'sub' 'select'> <InPorts = 2> <OutPorts = 1> <Sync> <CReg>
ST_2 : Operation 101 [1/1] (2.03ns) (root node of the DSP)   --->   "%ret_V_37 = add i18 %add_ln700, %rhs_V_3" [firmware/myproject.cpp:53]   --->   Operation 101 'add' 'ret_V_37' <Predicate = true> <Delay = 2.03> <Core = "DSP48">   --->   Core 88 'DSP48' <Latency = 0> <II = 1> <Delay = 2.53> <IPBlock> <Opcode : 'mul' 'add' 'sub' 'select'> <InPorts = 2> <OutPorts = 1> <Sync> <CReg>
ST_2 : Operation 102 [1/1] (0.00ns)   --->   "%trunc_ln708_s = call i10 @_ssdm_op_PartSelect.i10.i18.i32.i32(i18 %ret_V_37, i32 8, i32 17)" [firmware/myproject.cpp:53]   --->   Operation 102 'partselect' 'trunc_ln708_s' <Predicate = true> <Delay = 0.00>
ST_2 : Operation 103 [1/1] (0.00ns)   --->   "%sext_ln1118_21 = sext i12 %shl_ln1118_2 to i13" [firmware/myproject.cpp:54]   --->   Operation 103 'sext' 'sext_ln1118_21' <Predicate = true> <Delay = 0.00>
ST_2 : Operation 104 [1/1] (0.74ns)   --->   "%r_V_21 = sub i13 %sext_ln1118_21, %sext_ln1118_10" [firmware/myproject.cpp:54]   --->   Operation 104 'sub' 'r_V_21' <Predicate = true> <Delay = 0.74> <Core = "AddSub">   --->   Core 14 'AddSub' <Latency = 0> <II = 1> <Delay = 0.72> <FuncUnit> <Opcode : 'add' 'sub'> <InPorts = 2> <OutPorts = 1>
ST_2 : Operation 105 [1/1] (0.00ns)   --->   "%trunc_ln708_10 = call i9 @_ssdm_op_PartSelect.i9.i13.i32.i32(i13 %r_V_21, i32 4, i32 12)" [firmware/myproject.cpp:54]   --->   Operation 105 'partselect' 'trunc_ln708_10' <Predicate = true> <Delay = 0.00>
ST_2 : Operation 106 [1/1] (0.00ns)   --->   "%sext_ln708 = sext i9 %trunc_ln708_10 to i10" [firmware/myproject.cpp:54]   --->   Operation 106 'sext' 'sext_ln708' <Predicate = true> <Delay = 0.00>
ST_2 : Operation 107 [4/4] (2.53ns)   --->   "%p_Val2_9 = call fastcc i6 @"sin_lut<ap_fixed<10, 6, 5, 3, 0> >"(i10 %sext_ln708)" [firmware/myproject.cpp:54]   --->   Operation 107 'call' 'p_Val2_9' <Predicate = true> <Delay = 2.53> <CoreType = "Generic">   --->   Core 0 '' <Latency = 0> <II = 1> <Delay = 1.00> <Generic> <Opcode : >
ST_2 : Operation 108 [3/4] (4.33ns)   --->   "%p_2 = call fastcc i6 @"sin_lut<ap_fixed<10, 6, 5, 3, 0> >"(i10 %trunc_ln708_11)" [firmware/myproject.cpp:54]   --->   Operation 108 'call' 'p_2' <Predicate = true> <Delay = 4.33> <CoreType = "Generic">   --->   Core 0 '' <Latency = 0> <II = 1> <Delay = 1.00> <Generic> <Opcode : >
ST_2 : Operation 109 [1/1] (2.53ns) (root node of the DSP)   --->   "%r_V_25 = mul i26 %mul_ln1118_4, 73" [firmware/myproject.cpp:54]   --->   Operation 109 'mul' 'r_V_25' <Predicate = true> <Delay = 2.53> <Core = "DSP48">   --->   Core 88 'DSP48' <Latency = 0> <II = 1> <Delay = 2.53> <IPBlock> <Opcode : 'mul' 'add' 'sub' 'select'> <InPorts = 2> <OutPorts = 1> <Sync> <CReg>
ST_2 : Operation 110 [1/1] (0.00ns)   --->   "%trunc_ln708_12 = call i10 @_ssdm_op_PartSelect.i10.i26.i32.i32(i26 %r_V_25, i32 16, i32 25)" [firmware/myproject.cpp:54]   --->   Operation 110 'partselect' 'trunc_ln708_12' <Predicate = true> <Delay = 0.00>
ST_2 : Operation 111 [4/4] (2.53ns)   --->   "%p_Val2_7 = call fastcc i6 @"sin_lut<ap_fixed<10, 6, 5, 3, 0> >"(i10 %trunc_ln708_13)" [firmware/myproject.cpp:54]   --->   Operation 111 'call' 'p_Val2_7' <Predicate = true> <Delay = 2.53> <CoreType = "Generic">   --->   Core 0 '' <Latency = 0> <II = 1> <Delay = 1.00> <Generic> <Opcode : >

State 3 <SV = 2> <Delay = 4.33>
ST_3 : Operation 112 [2/4] (4.33ns)   --->   "%p_s = call fastcc i6 @"sin_lut<ap_fixed<10, 6, 5, 3, 0> >"(i10 %trunc_ln)" [firmware/myproject.cpp:50]   --->   Operation 112 'call' 'p_s' <Predicate = true> <Delay = 4.33> <CoreType = "Generic">   --->   Core 0 '' <Latency = 0> <II = 1> <Delay = 1.00> <Generic> <Opcode : >
ST_3 : Operation 113 [4/4] (2.53ns)   --->   "%p_Val2_4 = call fastcc i6 @"sin_lut<ap_fixed<10, 6, 5, 3, 0> >"(i10 %trunc_ln708_1)" [firmware/myproject.cpp:50]   --->   Operation 113 'call' 'p_Val2_4' <Predicate = true> <Delay = 2.53> <CoreType = "Generic">   --->   Core 0 '' <Latency = 0> <II = 1> <Delay = 1.00> <Generic> <Opcode : >
ST_3 : Operation 114 [3/4] (4.33ns)   --->   "%p_Val2_5 = call fastcc i6 @"sin_lut<ap_fixed<10, 6, 5, 3, 0> >"(i10 %trunc_ln708_2)" [firmware/myproject.cpp:50]   --->   Operation 114 'call' 'p_Val2_5' <Predicate = true> <Delay = 4.33> <CoreType = "Generic">   --->   Core 0 '' <Latency = 0> <II = 1> <Delay = 1.00> <Generic> <Opcode : >
ST_3 : Operation 115 [3/4] (4.33ns)   --->   "%p_Val2_6 = call fastcc i6 @"sin_lut<ap_fixed<10, 6, 5, 3, 0> >"(i10 %p_Val2_s)" [firmware/myproject.cpp:51]   --->   Operation 115 'call' 'p_Val2_6' <Predicate = true> <Delay = 4.33> <CoreType = "Generic">   --->   Core 0 '' <Latency = 0> <II = 1> <Delay = 1.00> <Generic> <Opcode : >
ST_3 : Operation 116 [3/4] (4.33ns)   --->   "%p_Val2_s_28 = call fastcc i6 @"sin_lut<ap_fixed<10, 6, 5, 3, 0> >"(i10 %trunc_ln708_4)" [firmware/myproject.cpp:51]   --->   Operation 116 'call' 'p_Val2_s_28' <Predicate = true> <Delay = 4.33> <CoreType = "Generic">   --->   Core 0 '' <Latency = 0> <II = 1> <Delay = 1.00> <Generic> <Opcode : >
ST_3 : Operation 117 [2/4] (4.33ns)   --->   "%p_5 = call fastcc i6 @"sin_lut<ap_fixed<10, 6, 5, 3, 0> >"(i10 %trunc_ln708_5)" [firmware/myproject.cpp:51]   --->   Operation 117 'call' 'p_5' <Predicate = true> <Delay = 4.33> <CoreType = "Generic">   --->   Core 0 '' <Latency = 0> <II = 1> <Delay = 1.00> <Generic> <Opcode : >
ST_3 : Operation 118 [3/4] (4.33ns)   --->   "%p_6 = call fastcc i6 @"sin_lut<ap_fixed<10, 6, 5, 3, 0> >"(i10 %p_Val2_1)" [firmware/myproject.cpp:51]   --->   Operation 118 'call' 'p_6' <Predicate = true> <Delay = 4.33> <CoreType = "Generic">   --->   Core 0 '' <Latency = 0> <II = 1> <Delay = 1.00> <Generic> <Opcode : >
ST_3 : Operation 119 [3/4] (4.33ns)   --->   "%p_7 = call fastcc i6 @"sin_lut<ap_fixed<10, 6, 5, 3, 0> >"(i10 %trunc_ln708_7)" [firmware/myproject.cpp:52]   --->   Operation 119 'call' 'p_7' <Predicate = true> <Delay = 4.33> <CoreType = "Generic">   --->   Core 0 '' <Latency = 0> <II = 1> <Delay = 1.00> <Generic> <Opcode : >
ST_3 : Operation 120 [4/4] (2.53ns)   --->   "%p_8 = call fastcc i6 @"sin_lut<ap_fixed<10, 6, 5, 3, 0> >"(i10 %trunc_ln708_8)" [firmware/myproject.cpp:52]   --->   Operation 120 'call' 'p_8' <Predicate = true> <Delay = 2.53> <CoreType = "Generic">   --->   Core 0 '' <Latency = 0> <II = 1> <Delay = 1.00> <Generic> <Opcode : >
ST_3 : Operation 121 [1/1] (0.72ns)   --->   "%add_ln703 = add i10 %p_Val2_11, -12" [firmware/myproject.cpp:53]   --->   Operation 121 'add' 'add_ln703' <Predicate = true> <Delay = 0.72> <Core = "AddSub">   --->   Core 14 'AddSub' <Latency = 0> <II = 1> <Delay = 0.72> <FuncUnit> <Opcode : 'add' 'sub'> <InPorts = 2> <OutPorts = 1>
ST_3 : Operation 122 [4/4] (2.53ns)   --->   "%p_9 = call fastcc i6 @"sin_lut<ap_fixed<10, 6, 5, 3, 0> >"(i10 %add_ln703)" [firmware/myproject.cpp:53]   --->   Operation 122 'call' 'p_9' <Predicate = true> <Delay = 2.53> <CoreType = "Generic">   --->   Core 0 '' <Latency = 0> <II = 1> <Delay = 1.00> <Generic> <Opcode : >
ST_3 : Operation 123 [4/4] (2.53ns)   --->   "%p_1 = call fastcc i6 @"sin_lut<ap_fixed<10, 6, 5, 3, 0> >"(i10 %trunc_ln708_s)" [firmware/myproject.cpp:53]   --->   Operation 123 'call' 'p_1' <Predicate = true> <Delay = 2.53> <CoreType = "Generic">   --->   Core 0 '' <Latency = 0> <II = 1> <Delay = 1.00> <Generic> <Opcode : >
ST_3 : Operation 124 [1/1] (0.72ns)   --->   "%add_ln703_1 = add i10 %p_Val2_3, %p_Val2_11" [firmware/myproject.cpp:53]   --->   Operation 124 'add' 'add_ln703_1' <Predicate = true> <Delay = 0.72> <Core = "AddSub">   --->   Core 14 'AddSub' <Latency = 0> <II = 1> <Delay = 0.72> <FuncUnit> <Opcode : 'add' 'sub'> <InPorts = 2> <OutPorts = 1>
ST_3 : Operation 125 [4/4] (2.53ns)   --->   "%p_Val2_8 = call fastcc i6 @"sin_lut<ap_fixed<10, 6, 5, 3, 0> >"(i10 %add_ln703_1)" [firmware/myproject.cpp:53]   --->   Operation 125 'call' 'p_Val2_8' <Predicate = true> <Delay = 2.53> <CoreType = "Generic">   --->   Core 0 '' <Latency = 0> <II = 1> <Delay = 1.00> <Generic> <Opcode : >
ST_3 : Operation 126 [3/4] (4.33ns)   --->   "%p_Val2_9 = call fastcc i6 @"sin_lut<ap_fixed<10, 6, 5, 3, 0> >"(i10 %sext_ln708)" [firmware/myproject.cpp:54]   --->   Operation 126 'call' 'p_Val2_9' <Predicate = true> <Delay = 4.33> <CoreType = "Generic">   --->   Core 0 '' <Latency = 0> <II = 1> <Delay = 1.00> <Generic> <Opcode : >
ST_3 : Operation 127 [2/4] (4.33ns)   --->   "%p_2 = call fastcc i6 @"sin_lut<ap_fixed<10, 6, 5, 3, 0> >"(i10 %trunc_ln708_11)" [firmware/myproject.cpp:54]   --->   Operation 127 'call' 'p_2' <Predicate = true> <Delay = 4.33> <CoreType = "Generic">   --->   Core 0 '' <Latency = 0> <II = 1> <Delay = 1.00> <Generic> <Opcode : >
ST_3 : Operation 128 [4/4] (2.53ns)   --->   "%p_Val2_10 = call fastcc i6 @"sin_lut<ap_fixed<10, 6, 5, 3, 0> >"(i10 %trunc_ln708_12)" [firmware/myproject.cpp:54]   --->   Operation 128 'call' 'p_Val2_10' <Predicate = true> <Delay = 2.53> <CoreType = "Generic">   --->   Core 0 '' <Latency = 0> <II = 1> <Delay = 1.00> <Generic> <Opcode : >
ST_3 : Operation 129 [3/4] (4.33ns)   --->   "%p_Val2_7 = call fastcc i6 @"sin_lut<ap_fixed<10, 6, 5, 3, 0> >"(i10 %trunc_ln708_13)" [firmware/myproject.cpp:54]   --->   Operation 129 'call' 'p_Val2_7' <Predicate = true> <Delay = 4.33> <CoreType = "Generic">   --->   Core 0 '' <Latency = 0> <II = 1> <Delay = 1.00> <Generic> <Opcode : >

State 4 <SV = 3> <Delay = 4.33>
ST_4 : Operation 130 [1/4] (2.82ns)   --->   "%p_s = call fastcc i6 @"sin_lut<ap_fixed<10, 6, 5, 3, 0> >"(i10 %trunc_ln)" [firmware/myproject.cpp:50]   --->   Operation 130 'call' 'p_s' <Predicate = true> <Delay = 2.82> <CoreType = "Generic">   --->   Core 0 '' <Latency = 0> <II = 1> <Delay = 1.00> <Generic> <Opcode : >
ST_4 : Operation 131 [3/4] (4.33ns)   --->   "%p_Val2_4 = call fastcc i6 @"sin_lut<ap_fixed<10, 6, 5, 3, 0> >"(i10 %trunc_ln708_1)" [firmware/myproject.cpp:50]   --->   Operation 131 'call' 'p_Val2_4' <Predicate = true> <Delay = 4.33> <CoreType = "Generic">   --->   Core 0 '' <Latency = 0> <II = 1> <Delay = 1.00> <Generic> <Opcode : >
ST_4 : Operation 132 [2/4] (4.33ns)   --->   "%p_Val2_5 = call fastcc i6 @"sin_lut<ap_fixed<10, 6, 5, 3, 0> >"(i10 %trunc_ln708_2)" [firmware/myproject.cpp:50]   --->   Operation 132 'call' 'p_Val2_5' <Predicate = true> <Delay = 4.33> <CoreType = "Generic">   --->   Core 0 '' <Latency = 0> <II = 1> <Delay = 1.00> <Generic> <Opcode : >
ST_4 : Operation 133 [2/4] (4.33ns)   --->   "%p_Val2_6 = call fastcc i6 @"sin_lut<ap_fixed<10, 6, 5, 3, 0> >"(i10 %p_Val2_s)" [firmware/myproject.cpp:51]   --->   Operation 133 'call' 'p_Val2_6' <Predicate = true> <Delay = 4.33> <CoreType = "Generic">   --->   Core 0 '' <Latency = 0> <II = 1> <Delay = 1.00> <Generic> <Opcode : >
ST_4 : Operation 134 [2/4] (4.33ns)   --->   "%p_Val2_s_28 = call fastcc i6 @"sin_lut<ap_fixed<10, 6, 5, 3, 0> >"(i10 %trunc_ln708_4)" [firmware/myproject.cpp:51]   --->   Operation 134 'call' 'p_Val2_s_28' <Predicate = true> <Delay = 4.33> <CoreType = "Generic">   --->   Core 0 '' <Latency = 0> <II = 1> <Delay = 1.00> <Generic> <Opcode : >
ST_4 : Operation 135 [1/4] (2.82ns)   --->   "%p_5 = call fastcc i6 @"sin_lut<ap_fixed<10, 6, 5, 3, 0> >"(i10 %trunc_ln708_5)" [firmware/myproject.cpp:51]   --->   Operation 135 'call' 'p_5' <Predicate = true> <Delay = 2.82> <CoreType = "Generic">   --->   Core 0 '' <Latency = 0> <II = 1> <Delay = 1.00> <Generic> <Opcode : >
ST_4 : Operation 136 [2/4] (4.33ns)   --->   "%p_6 = call fastcc i6 @"sin_lut<ap_fixed<10, 6, 5, 3, 0> >"(i10 %p_Val2_1)" [firmware/myproject.cpp:51]   --->   Operation 136 'call' 'p_6' <Predicate = true> <Delay = 4.33> <CoreType = "Generic">   --->   Core 0 '' <Latency = 0> <II = 1> <Delay = 1.00> <Generic> <Opcode : >
ST_4 : Operation 137 [2/4] (4.33ns)   --->   "%p_7 = call fastcc i6 @"sin_lut<ap_fixed<10, 6, 5, 3, 0> >"(i10 %trunc_ln708_7)" [firmware/myproject.cpp:52]   --->   Operation 137 'call' 'p_7' <Predicate = true> <Delay = 4.33> <CoreType = "Generic">   --->   Core 0 '' <Latency = 0> <II = 1> <Delay = 1.00> <Generic> <Opcode : >
ST_4 : Operation 138 [3/4] (4.33ns)   --->   "%p_8 = call fastcc i6 @"sin_lut<ap_fixed<10, 6, 5, 3, 0> >"(i10 %trunc_ln708_8)" [firmware/myproject.cpp:52]   --->   Operation 138 'call' 'p_8' <Predicate = true> <Delay = 4.33> <CoreType = "Generic">   --->   Core 0 '' <Latency = 0> <II = 1> <Delay = 1.00> <Generic> <Opcode : >
ST_4 : Operation 139 [3/4] (4.33ns)   --->   "%p_9 = call fastcc i6 @"sin_lut<ap_fixed<10, 6, 5, 3, 0> >"(i10 %add_ln703)" [firmware/myproject.cpp:53]   --->   Operation 139 'call' 'p_9' <Predicate = true> <Delay = 4.33> <CoreType = "Generic">   --->   Core 0 '' <Latency = 0> <II = 1> <Delay = 1.00> <Generic> <Opcode : >
ST_4 : Operation 140 [3/4] (4.33ns)   --->   "%p_1 = call fastcc i6 @"sin_lut<ap_fixed<10, 6, 5, 3, 0> >"(i10 %trunc_ln708_s)" [firmware/myproject.cpp:53]   --->   Operation 140 'call' 'p_1' <Predicate = true> <Delay = 4.33> <CoreType = "Generic">   --->   Core 0 '' <Latency = 0> <II = 1> <Delay = 1.00> <Generic> <Opcode : >
ST_4 : Operation 141 [3/4] (4.33ns)   --->   "%p_Val2_8 = call fastcc i6 @"sin_lut<ap_fixed<10, 6, 5, 3, 0> >"(i10 %add_ln703_1)" [firmware/myproject.cpp:53]   --->   Operation 141 'call' 'p_Val2_8' <Predicate = true> <Delay = 4.33> <CoreType = "Generic">   --->   Core 0 '' <Latency = 0> <II = 1> <Delay = 1.00> <Generic> <Opcode : >
ST_4 : Operation 142 [2/4] (4.33ns)   --->   "%p_Val2_9 = call fastcc i6 @"sin_lut<ap_fixed<10, 6, 5, 3, 0> >"(i10 %sext_ln708)" [firmware/myproject.cpp:54]   --->   Operation 142 'call' 'p_Val2_9' <Predicate = true> <Delay = 4.33> <CoreType = "Generic">   --->   Core 0 '' <Latency = 0> <II = 1> <Delay = 1.00> <Generic> <Opcode : >
ST_4 : Operation 143 [1/4] (2.82ns)   --->   "%p_2 = call fastcc i6 @"sin_lut<ap_fixed<10, 6, 5, 3, 0> >"(i10 %trunc_ln708_11)" [firmware/myproject.cpp:54]   --->   Operation 143 'call' 'p_2' <Predicate = true> <Delay = 2.82> <CoreType = "Generic">   --->   Core 0 '' <Latency = 0> <II = 1> <Delay = 1.00> <Generic> <Opcode : >
ST_4 : Operation 144 [3/4] (4.33ns)   --->   "%p_Val2_10 = call fastcc i6 @"sin_lut<ap_fixed<10, 6, 5, 3, 0> >"(i10 %trunc_ln708_12)" [firmware/myproject.cpp:54]   --->   Operation 144 'call' 'p_Val2_10' <Predicate = true> <Delay = 4.33> <CoreType = "Generic">   --->   Core 0 '' <Latency = 0> <II = 1> <Delay = 1.00> <Generic> <Opcode : >
ST_4 : Operation 145 [2/4] (4.33ns)   --->   "%p_Val2_7 = call fastcc i6 @"sin_lut<ap_fixed<10, 6, 5, 3, 0> >"(i10 %trunc_ln708_13)" [firmware/myproject.cpp:54]   --->   Operation 145 'call' 'p_Val2_7' <Predicate = true> <Delay = 4.33> <CoreType = "Generic">   --->   Core 0 '' <Latency = 0> <II = 1> <Delay = 1.00> <Generic> <Opcode : >
ST_4 : Operation 146 [1/1] (0.72ns)   --->   "%add_ln703_2 = add i10 %p_Val2_1, 23" [firmware/myproject.cpp:54]   --->   Operation 146 'add' 'add_ln703_2' <Predicate = true> <Delay = 0.72> <Core = "AddSub">   --->   Core 14 'AddSub' <Latency = 0> <II = 1> <Delay = 0.72> <FuncUnit> <Opcode : 'add' 'sub'> <InPorts = 2> <OutPorts = 1>
ST_4 : Operation 147 [4/4] (2.53ns)   --->   "%p_0 = call fastcc i6 @"sin_lut<ap_fixed<10, 6, 5, 3, 0> >"(i10 %add_ln703_2)" [firmware/myproject.cpp:54]   --->   Operation 147 'call' 'p_0' <Predicate = true> <Delay = 2.53> <CoreType = "Generic">   --->   Core 0 '' <Latency = 0> <II = 1> <Delay = 1.00> <Generic> <Opcode : >

State 5 <SV = 4> <Delay = 4.33>
ST_5 : Operation 148 [1/1] (0.00ns)   --->   "%lhs_V = sext i10 %p_Val2_s to i11" [firmware/myproject.cpp:50]   --->   Operation 148 'sext' 'lhs_V' <Predicate = true> <Delay = 0.00>
ST_5 : Operation 149 [1/1] (0.00ns) (grouped into DSP with root node ret_V_1)   --->   "%ret_V = add nsw i11 %lhs_V, -15" [firmware/myproject.cpp:50]   --->   Operation 149 'add' 'ret_V' <Predicate = true> <Delay = 0.00> <Core = "DSP48">   --->   Core 88 'DSP48' <Latency = 0> <II = 1> <Delay = 2.53> <IPBlock> <Opcode : 'mul' 'add' 'sub' 'select'> <InPorts = 2> <OutPorts = 1> <Sync> <CReg>
ST_5 : Operation 150 [1/1] (0.00ns) (grouped into DSP with root node ret_V_1)   --->   "%sext_ln1118 = sext i11 %ret_V to i20" [firmware/myproject.cpp:50]   --->   Operation 150 'sext' 'sext_ln1118' <Predicate = true> <Delay = 0.00>
ST_5 : Operation 151 [1/1] (0.49ns) (grouped into DSP with root node ret_V_1)   --->   "%mul_ln703 = mul i20 %sext_ln1118, %sext_ln1118" [firmware/myproject.cpp:50]   --->   Operation 151 'mul' 'mul_ln703' <Predicate = true> <Delay = 0.49> <Core = "DSP48">   --->   Core 88 'DSP48' <Latency = 0> <II = 1> <Delay = 2.53> <IPBlock> <Opcode : 'mul' 'add' 'sub' 'select'> <InPorts = 2> <OutPorts = 1> <Sync> <CReg>
ST_5 : Operation 152 [1/1] (2.03ns) (root node of the DSP)   --->   "%ret_V_1 = sub i20 1536, %mul_ln703" [firmware/myproject.cpp:50]   --->   Operation 152 'sub' 'ret_V_1' <Predicate = true> <Delay = 2.03> <Core = "DSP48">   --->   Core 88 'DSP48' <Latency = 0> <II = 1> <Delay = 2.53> <IPBlock> <Opcode : 'mul' 'add' 'sub' 'select'> <InPorts = 2> <OutPorts = 1> <Sync> <CReg>
ST_5 : Operation 153 [1/1] (0.00ns)   --->   "%sext_ln1116 = sext i6 %p_s to i12" [firmware/myproject.cpp:50]   --->   Operation 153 'sext' 'sext_ln1116' <Predicate = true> <Delay = 0.00>
ST_5 : Operation 154 [1/1] (0.49ns) (grouped into DSP with root node ret_V_3)   --->   "%r_V_15 = mul i12 %sext_ln1116, %sext_ln1116" [firmware/myproject.cpp:50]   --->   Operation 154 'mul' 'r_V_15' <Predicate = true> <Delay = 0.49> <Core = "DSP48">   --->   Core 88 'DSP48' <Latency = 0> <II = 1> <Delay = 2.53> <IPBlock> <Opcode : 'mul' 'add' 'sub' 'select'> <InPorts = 2> <OutPorts = 1> <Sync> <CReg>
ST_5 : Operation 155 [1/1] (2.03ns) (root node of the DSP)   --->   "%ret_V_3 = add i12 %r_V_15, -48" [firmware/myproject.cpp:50]   --->   Operation 155 'add' 'ret_V_3' <Predicate = true> <Delay = 2.03> <Core = "DSP48">   --->   Core 88 'DSP48' <Latency = 0> <II = 1> <Delay = 2.53> <IPBlock> <Opcode : 'mul' 'add' 'sub' 'select'> <InPorts = 2> <OutPorts = 1> <Sync> <CReg>
ST_5 : Operation 156 [2/4] (4.33ns)   --->   "%p_Val2_4 = call fastcc i6 @"sin_lut<ap_fixed<10, 6, 5, 3, 0> >"(i10 %trunc_ln708_1)" [firmware/myproject.cpp:50]   --->   Operation 156 'call' 'p_Val2_4' <Predicate = true> <Delay = 4.33> <CoreType = "Generic">   --->   Core 0 '' <Latency = 0> <II = 1> <Delay = 1.00> <Generic> <Opcode : >
ST_5 : Operation 157 [1/4] (2.82ns)   --->   "%p_Val2_5 = call fastcc i6 @"sin_lut<ap_fixed<10, 6, 5, 3, 0> >"(i10 %trunc_ln708_2)" [firmware/myproject.cpp:50]   --->   Operation 157 'call' 'p_Val2_5' <Predicate = true> <Delay = 2.82> <CoreType = "Generic">   --->   Core 0 '' <Latency = 0> <II = 1> <Delay = 1.00> <Generic> <Opcode : >
ST_5 : Operation 158 [1/4] (2.82ns)   --->   "%p_Val2_6 = call fastcc i6 @"sin_lut<ap_fixed<10, 6, 5, 3, 0> >"(i10 %p_Val2_s)" [firmware/myproject.cpp:51]   --->   Operation 158 'call' 'p_Val2_6' <Predicate = true> <Delay = 2.82> <CoreType = "Generic">   --->   Core 0 '' <Latency = 0> <II = 1> <Delay = 1.00> <Generic> <Opcode : >
ST_5 : Operation 159 [1/4] (2.82ns)   --->   "%p_Val2_s_28 = call fastcc i6 @"sin_lut<ap_fixed<10, 6, 5, 3, 0> >"(i10 %trunc_ln708_4)" [firmware/myproject.cpp:51]   --->   Operation 159 'call' 'p_Val2_s_28' <Predicate = true> <Delay = 2.82> <CoreType = "Generic">   --->   Core 0 '' <Latency = 0> <II = 1> <Delay = 1.00> <Generic> <Opcode : >
ST_5 : Operation 160 [1/4] (2.82ns)   --->   "%p_6 = call fastcc i6 @"sin_lut<ap_fixed<10, 6, 5, 3, 0> >"(i10 %p_Val2_1)" [firmware/myproject.cpp:51]   --->   Operation 160 'call' 'p_6' <Predicate = true> <Delay = 2.82> <CoreType = "Generic">   --->   Core 0 '' <Latency = 0> <II = 1> <Delay = 1.00> <Generic> <Opcode : >
ST_5 : Operation 161 [1/4] (2.82ns)   --->   "%p_7 = call fastcc i6 @"sin_lut<ap_fixed<10, 6, 5, 3, 0> >"(i10 %trunc_ln708_7)" [firmware/myproject.cpp:52]   --->   Operation 161 'call' 'p_7' <Predicate = true> <Delay = 2.82> <CoreType = "Generic">   --->   Core 0 '' <Latency = 0> <II = 1> <Delay = 1.00> <Generic> <Opcode : >
ST_5 : Operation 162 [2/4] (4.33ns)   --->   "%p_8 = call fastcc i6 @"sin_lut<ap_fixed<10, 6, 5, 3, 0> >"(i10 %trunc_ln708_8)" [firmware/myproject.cpp:52]   --->   Operation 162 'call' 'p_8' <Predicate = true> <Delay = 4.33> <CoreType = "Generic">   --->   Core 0 '' <Latency = 0> <II = 1> <Delay = 1.00> <Generic> <Opcode : >
ST_5 : Operation 163 [2/4] (4.33ns)   --->   "%p_9 = call fastcc i6 @"sin_lut<ap_fixed<10, 6, 5, 3, 0> >"(i10 %add_ln703)" [firmware/myproject.cpp:53]   --->   Operation 163 'call' 'p_9' <Predicate = true> <Delay = 4.33> <CoreType = "Generic">   --->   Core 0 '' <Latency = 0> <II = 1> <Delay = 1.00> <Generic> <Opcode : >
ST_5 : Operation 164 [2/4] (4.33ns)   --->   "%p_1 = call fastcc i6 @"sin_lut<ap_fixed<10, 6, 5, 3, 0> >"(i10 %trunc_ln708_s)" [firmware/myproject.cpp:53]   --->   Operation 164 'call' 'p_1' <Predicate = true> <Delay = 4.33> <CoreType = "Generic">   --->   Core 0 '' <Latency = 0> <II = 1> <Delay = 1.00> <Generic> <Opcode : >
ST_5 : Operation 165 [2/4] (4.33ns)   --->   "%p_Val2_8 = call fastcc i6 @"sin_lut<ap_fixed<10, 6, 5, 3, 0> >"(i10 %add_ln703_1)" [firmware/myproject.cpp:53]   --->   Operation 165 'call' 'p_Val2_8' <Predicate = true> <Delay = 4.33> <CoreType = "Generic">   --->   Core 0 '' <Latency = 0> <II = 1> <Delay = 1.00> <Generic> <Opcode : >
ST_5 : Operation 166 [1/4] (2.82ns)   --->   "%p_Val2_9 = call fastcc i6 @"sin_lut<ap_fixed<10, 6, 5, 3, 0> >"(i10 %sext_ln708)" [firmware/myproject.cpp:54]   --->   Operation 166 'call' 'p_Val2_9' <Predicate = true> <Delay = 2.82> <CoreType = "Generic">   --->   Core 0 '' <Latency = 0> <II = 1> <Delay = 1.00> <Generic> <Opcode : >
ST_5 : Operation 167 [2/4] (4.33ns)   --->   "%p_Val2_10 = call fastcc i6 @"sin_lut<ap_fixed<10, 6, 5, 3, 0> >"(i10 %trunc_ln708_12)" [firmware/myproject.cpp:54]   --->   Operation 167 'call' 'p_Val2_10' <Predicate = true> <Delay = 4.33> <CoreType = "Generic">   --->   Core 0 '' <Latency = 0> <II = 1> <Delay = 1.00> <Generic> <Opcode : >
ST_5 : Operation 168 [1/4] (2.82ns)   --->   "%p_Val2_7 = call fastcc i6 @"sin_lut<ap_fixed<10, 6, 5, 3, 0> >"(i10 %trunc_ln708_13)" [firmware/myproject.cpp:54]   --->   Operation 168 'call' 'p_Val2_7' <Predicate = true> <Delay = 2.82> <CoreType = "Generic">   --->   Core 0 '' <Latency = 0> <II = 1> <Delay = 1.00> <Generic> <Opcode : >
ST_5 : Operation 169 [3/4] (4.33ns)   --->   "%p_0 = call fastcc i6 @"sin_lut<ap_fixed<10, 6, 5, 3, 0> >"(i10 %add_ln703_2)" [firmware/myproject.cpp:54]   --->   Operation 169 'call' 'p_0' <Predicate = true> <Delay = 4.33> <CoreType = "Generic">   --->   Core 0 '' <Latency = 0> <II = 1> <Delay = 1.00> <Generic> <Opcode : >

State 6 <SV = 5> <Delay = 4.33>
ST_6 : Operation 170 [1/1] (0.00ns)   --->   "%sext_ln700 = sext i20 %ret_V_1 to i30" [firmware/myproject.cpp:50]   --->   Operation 170 'sext' 'sext_ln700' <Predicate = true> <Delay = 0.00>
ST_6 : Operation 171 [1/1] (0.00ns)   --->   "%sext_ln700_1 = sext i12 %ret_V_3 to i30" [firmware/myproject.cpp:50]   --->   Operation 171 'sext' 'sext_ln700_1' <Predicate = true> <Delay = 0.00>
ST_6 : Operation 172 [1/1] (2.53ns) (root node of the DSP)   --->   "%mul_ln700 = mul i30 %sext_ln700_1, %sext_ln700" [firmware/myproject.cpp:50]   --->   Operation 172 'mul' 'mul_ln700' <Predicate = true> <Delay = 2.53> <Core = "DSP48">   --->   Core 88 'DSP48' <Latency = 0> <II = 1> <Delay = 2.53> <IPBlock> <Opcode : 'mul' 'add' 'sub' 'select'> <InPorts = 2> <OutPorts = 1> <Sync> <CReg>
ST_6 : Operation 173 [1/4] (2.82ns)   --->   "%p_Val2_4 = call fastcc i6 @"sin_lut<ap_fixed<10, 6, 5, 3, 0> >"(i10 %trunc_ln708_1)" [firmware/myproject.cpp:50]   --->   Operation 173 'call' 'p_Val2_4' <Predicate = true> <Delay = 2.82> <CoreType = "Generic">   --->   Core 0 '' <Latency = 0> <II = 1> <Delay = 1.00> <Generic> <Opcode : >
ST_6 : Operation 174 [1/1] (0.00ns)   --->   "%sext_ln1192_1 = sext i10 %p_Val2_2 to i11" [firmware/myproject.cpp:50]   --->   Operation 174 'sext' 'sext_ln1192_1' <Predicate = true> <Delay = 0.00>
ST_6 : Operation 175 [1/1] (0.00ns)   --->   "%sext_ln1192_2 = sext i6 %p_Val2_4 to i11" [firmware/myproject.cpp:50]   --->   Operation 175 'sext' 'sext_ln1192_2' <Predicate = true> <Delay = 0.00>
ST_6 : Operation 176 [1/1] (0.00ns) (grouped into TernaryAdder)   --->   "%ret_V_29 = sub i11 %sext_ln1192_2, %sext_ln1192_1" [firmware/myproject.cpp:50]   --->   Operation 176 'sub' 'ret_V_29' <Predicate = true> <Delay = 0.00> <Core = "TAddSub">   --->   Core 83 'TAddSub' <Latency = 0> <II = 1> <Delay = 0.34> <IPBlock> <Opcode : 'add' 'sub'> <InPorts = 3> <OutPorts = 1> <Sync> <CReg>
ST_6 : Operation 177 [1/1] (0.77ns) (root node of TernaryAdder)   --->   "%add_ln1192 = add i11 %ret_V_29, 62" [firmware/myproject.cpp:50]   --->   Operation 177 'add' 'add_ln1192' <Predicate = true> <Delay = 0.77> <Core = "TAddSub">   --->   Core 83 'TAddSub' <Latency = 0> <II = 1> <Delay = 0.34> <IPBlock> <Opcode : 'add' 'sub'> <InPorts = 3> <OutPorts = 1> <Sync> <CReg>
ST_6 : Operation 178 [1/1] (0.00ns)   --->   "%rhs_V_4 = sext i10 %p_Val2_3 to i11" [firmware/myproject.cpp:50]   --->   Operation 178 'sext' 'rhs_V_4' <Predicate = true> <Delay = 0.00>
ST_6 : Operation 179 [1/1] (0.00ns)   --->   "%sext_ln703 = sext i6 %p_Val2_6 to i7" [firmware/myproject.cpp:51]   --->   Operation 179 'sext' 'sext_ln703' <Predicate = true> <Delay = 0.00>
ST_6 : Operation 180 [1/1] (0.00ns) (grouped into DSP with root node r_V)   --->   "%ret_V_8 = add i7 %sext_ln703, -22" [firmware/myproject.cpp:51]   --->   Operation 180 'add' 'ret_V_8' <Predicate = true> <Delay = 0.00> <Core = "DSP48">   --->   Core 88 'DSP48' <Latency = 0> <II = 1> <Delay = 2.53> <IPBlock> <Opcode : 'mul' 'add' 'sub' 'select'> <InPorts = 2> <OutPorts = 1> <Sync> <CReg>
ST_6 : Operation 181 [1/1] (0.00ns)   --->   "%sext_ln703_1 = sext i6 %p_Val2_s_28 to i7" [firmware/myproject.cpp:51]   --->   Operation 181 'sext' 'sext_ln703_1' <Predicate = true> <Delay = 0.00>
ST_6 : Operation 182 [1/1] (0.70ns)   --->   "%ret_V_10 = add i7 %sext_ln703_1, -15" [firmware/myproject.cpp:51]   --->   Operation 182 'add' 'ret_V_10' <Predicate = true> <Delay = 0.70> <Core = "AddSub">   --->   Core 14 'AddSub' <Latency = 0> <II = 1> <Delay = 0.72> <FuncUnit> <Opcode : 'add' 'sub'> <InPorts = 2> <OutPorts = 1>
ST_6 : Operation 183 [1/1] (0.00ns) (grouped into DSP with root node r_V)   --->   "%sext_ln1116_1 = sext i7 %ret_V_8 to i14" [firmware/myproject.cpp:51]   --->   Operation 183 'sext' 'sext_ln1116_1' <Predicate = true> <Delay = 0.00>
ST_6 : Operation 184 [1/1] (0.00ns)   --->   "%sext_ln1118_7 = sext i7 %ret_V_10 to i14" [firmware/myproject.cpp:51]   --->   Operation 184 'sext' 'sext_ln1118_7' <Predicate = true> <Delay = 0.00>
ST_6 : Operation 185 [1/1] (2.53ns) (root node of the DSP)   --->   "%r_V = mul i14 %sext_ln1116_1, %sext_ln1118_7" [firmware/myproject.cpp:51]   --->   Operation 185 'mul' 'r_V' <Predicate = true> <Delay = 2.53> <Core = "DSP48">   --->   Core 88 'DSP48' <Latency = 0> <II = 1> <Delay = 2.53> <IPBlock> <Opcode : 'mul' 'add' 'sub' 'select'> <InPorts = 2> <OutPorts = 1> <Sync> <CReg>
ST_6 : Operation 186 [1/1] (0.00ns)   --->   "%shl_ln1118_7 = call i12 @_ssdm_op_BitConcatenate.i12.i10.i2(i10 %p_Val2_1, i2 0)" [firmware/myproject.cpp:52]   --->   Operation 186 'bitconcatenate' 'shl_ln1118_7' <Predicate = true> <Delay = 0.00>
ST_6 : Operation 187 [1/1] (0.00ns)   --->   "%sext_ln1118_9 = sext i12 %shl_ln1118_7 to i13" [firmware/myproject.cpp:52]   --->   Operation 187 'sext' 'sext_ln1118_9' <Predicate = true> <Delay = 0.00>
ST_6 : Operation 188 [1/1] (0.74ns)   --->   "%r_V_16 = sub i13 0, %sext_ln1118_9" [firmware/myproject.cpp:52]   --->   Operation 188 'sub' 'r_V_16' <Predicate = true> <Delay = 0.74> <Core = "AddSub">   --->   Core 14 'AddSub' <Latency = 0> <II = 1> <Delay = 0.72> <FuncUnit> <Opcode : 'add' 'sub'> <InPorts = 2> <OutPorts = 1>
ST_6 : Operation 189 [1/1] (0.00ns)   --->   "%r_V_3 = call i13 @_ssdm_op_BitConcatenate.i13.i10.i3(i10 %p_Val2_3, i3 0)" [firmware/myproject.cpp:52]   --->   Operation 189 'bitconcatenate' 'r_V_3' <Predicate = true> <Delay = 0.00>
ST_6 : Operation 190 [1/1] (0.00ns)   --->   "%sext_ln703_2 = sext i6 %p_7 to i11" [firmware/myproject.cpp:52]   --->   Operation 190 'sext' 'sext_ln703_2' <Predicate = true> <Delay = 0.00>
ST_6 : Operation 191 [1/1] (0.00ns) (grouped into DSP with root node sub_ln1192_3)   --->   "%ret_V_13 = add i11 %rhs_V_4, %sext_ln703_2" [firmware/myproject.cpp:52]   --->   Operation 191 'add' 'ret_V_13' <Predicate = true> <Delay = 0.00> <Core = "DSP48">   --->   Core 88 'DSP48' <Latency = 0> <II = 1> <Delay = 2.53> <IPBlock> <Opcode : 'mul' 'add' 'sub' 'select'> <InPorts = 2> <OutPorts = 1> <Sync> <CReg>
ST_6 : Operation 192 [1/1] (0.00ns)   --->   "%sext_ln1192_9 = sext i13 %r_V_3 to i22" [firmware/myproject.cpp:52]   --->   Operation 192 'sext' 'sext_ln1192_9' <Predicate = true> <Delay = 0.00>
ST_6 : Operation 193 [1/1] (0.00ns) (grouped into DSP with root node sub_ln1192_3)   --->   "%sext_ln1192_10 = sext i11 %ret_V_13 to i22" [firmware/myproject.cpp:52]   --->   Operation 193 'sext' 'sext_ln1192_10' <Predicate = true> <Delay = 0.00>
ST_6 : Operation 194 [1/1] (0.49ns) (grouped into DSP with root node sub_ln1192_3)   --->   "%mul_ln1192_4 = mul i22 %sext_ln1192_9, %sext_ln1192_10" [firmware/myproject.cpp:52]   --->   Operation 194 'mul' 'mul_ln1192_4' <Predicate = true> <Delay = 0.49> <Core = "DSP48">   --->   Core 88 'DSP48' <Latency = 0> <II = 1> <Delay = 2.53> <IPBlock> <Opcode : 'mul' 'add' 'sub' 'select'> <InPorts = 2> <OutPorts = 1> <Sync> <CReg>
ST_6 : Operation 195 [1/1] (0.00ns)   --->   "%lhs_V_4 = call i21 @_ssdm_op_BitConcatenate.i21.i13.i8(i13 %r_V_16, i8 0)" [firmware/myproject.cpp:52]   --->   Operation 195 'bitconcatenate' 'lhs_V_4' <Predicate = true> <Delay = 0.00>
ST_6 : Operation 196 [1/1] (0.00ns)   --->   "%sext_ln1192_11 = sext i21 %lhs_V_4 to i22" [firmware/myproject.cpp:52]   --->   Operation 196 'sext' 'sext_ln1192_11' <Predicate = true> <Delay = 0.00>
ST_6 : Operation 197 [1/1] (2.03ns) (root node of the DSP)   --->   "%sub_ln1192_3 = sub i22 %sext_ln1192_11, %mul_ln1192_4" [firmware/myproject.cpp:52]   --->   Operation 197 'sub' 'sub_ln1192_3' <Predicate = true> <Delay = 2.03> <Core = "DSP48">   --->   Core 88 'DSP48' <Latency = 0> <II = 1> <Delay = 2.53> <IPBlock> <Opcode : 'mul' 'add' 'sub' 'select'> <InPorts = 2> <OutPorts = 1> <Sync> <CReg>
ST_6 : Operation 198 [1/1] (0.00ns)   --->   "%rhs_V_2 = call i21 @_ssdm_op_BitConcatenate.i21.i10.i11(i10 %p_Val2_s, i11 0)" [firmware/myproject.cpp:52]   --->   Operation 198 'bitconcatenate' 'rhs_V_2' <Predicate = true> <Delay = 0.00>
ST_6 : Operation 199 [1/1] (0.00ns)   --->   "%sext_ln1192_12 = sext i21 %rhs_V_2 to i22" [firmware/myproject.cpp:52]   --->   Operation 199 'sext' 'sext_ln1192_12' <Predicate = true> <Delay = 0.00>
ST_6 : Operation 200 [1/1] (0.00ns) (grouped into TernaryAdder)   --->   "%add_ln1192_16 = add i22 %sub_ln1192_3, %sext_ln1192_12" [firmware/myproject.cpp:52]   --->   Operation 200 'add' 'add_ln1192_16' <Predicate = true> <Delay = 0.00> <Core = "TAddSub">   --->   Core 83 'TAddSub' <Latency = 0> <II = 1> <Delay = 0.34> <IPBlock> <Opcode : 'add' 'sub'> <InPorts = 3> <OutPorts = 1> <Sync> <CReg>
ST_6 : Operation 201 [1/1] (0.00ns)   --->   "%sext_ln1118_11 = sext i6 %p_6 to i12" [firmware/myproject.cpp:52]   --->   Operation 201 'sext' 'sext_ln1118_11' <Predicate = true> <Delay = 0.00>
ST_6 : Operation 202 [1/1] (0.00ns)   --->   "%tmp_1 = call i17 @_ssdm_op_BitConcatenate.i17.i6.i11(i6 %p_6, i11 0)" [firmware/myproject.cpp:52]   --->   Operation 202 'bitconcatenate' 'tmp_1' <Predicate = true> <Delay = 0.00>
ST_6 : Operation 203 [1/1] (0.00ns)   --->   "%sext_ln1192_13 = sext i17 %tmp_1 to i22" [firmware/myproject.cpp:52]   --->   Operation 203 'sext' 'sext_ln1192_13' <Predicate = true> <Delay = 0.00>
ST_6 : Operation 204 [1/1] (0.69ns) (root node of TernaryAdder)   --->   "%add_ln1192_17 = add i22 %add_ln1192_16, %sext_ln1192_13" [firmware/myproject.cpp:52]   --->   Operation 204 'add' 'add_ln1192_17' <Predicate = true> <Delay = 0.69> <Core = "TAddSub">   --->   Core 83 'TAddSub' <Latency = 0> <II = 1> <Delay = 0.34> <IPBlock> <Opcode : 'add' 'sub'> <InPorts = 3> <OutPorts = 1> <Sync> <CReg>
ST_6 : Operation 205 [1/4] (2.82ns)   --->   "%p_8 = call fastcc i6 @"sin_lut<ap_fixed<10, 6, 5, 3, 0> >"(i10 %trunc_ln708_8)" [firmware/myproject.cpp:52]   --->   Operation 205 'call' 'p_8' <Predicate = true> <Delay = 2.82> <CoreType = "Generic">   --->   Core 0 '' <Latency = 0> <II = 1> <Delay = 1.00> <Generic> <Opcode : >
ST_6 : Operation 206 [1/1] (0.00ns)   --->   "%tmp_2 = call i17 @_ssdm_op_BitConcatenate.i17.i6.i11(i6 %p_8, i11 0)" [firmware/myproject.cpp:52]   --->   Operation 206 'bitconcatenate' 'tmp_2' <Predicate = true> <Delay = 0.00>
ST_6 : Operation 207 [1/1] (0.00ns)   --->   "%sext_ln1192_14 = sext i17 %tmp_2 to i22" [firmware/myproject.cpp:52]   --->   Operation 207 'sext' 'sext_ln1192_14' <Predicate = true> <Delay = 0.00>
ST_6 : Operation 208 [1/1] (0.00ns) (grouped into TernaryAdder)   --->   "%add_ln1192_18 = add i22 %add_ln1192_17, %sext_ln1192_14" [firmware/myproject.cpp:52]   --->   Operation 208 'add' 'add_ln1192_18' <Predicate = true> <Delay = 0.00> <Core = "TAddSub">   --->   Core 83 'TAddSub' <Latency = 0> <II = 1> <Delay = 0.34> <IPBlock> <Opcode : 'add' 'sub'> <InPorts = 3> <OutPorts = 1> <Sync> <CReg>
ST_6 : Operation 209 [1/1] (0.69ns) (root node of TernaryAdder)   --->   "%ret_V_36 = add i22 %add_ln1192_18, -45056" [firmware/myproject.cpp:52]   --->   Operation 209 'add' 'ret_V_36' <Predicate = true> <Delay = 0.69> <Core = "TAddSub">   --->   Core 83 'TAddSub' <Latency = 0> <II = 1> <Delay = 0.34> <IPBlock> <Opcode : 'add' 'sub'> <InPorts = 3> <OutPorts = 1> <Sync> <CReg>
ST_6 : Operation 210 [1/1] (0.00ns)   --->   "%trunc_ln708_9 = call i10 @_ssdm_op_PartSelect.i10.i22.i32.i32(i22 %ret_V_36, i32 12, i32 21)" [firmware/myproject.cpp:52]   --->   Operation 210 'partselect' 'trunc_ln708_9' <Predicate = true> <Delay = 0.00>
ST_6 : Operation 211 [1/4] (2.82ns)   --->   "%p_9 = call fastcc i6 @"sin_lut<ap_fixed<10, 6, 5, 3, 0> >"(i10 %add_ln703)" [firmware/myproject.cpp:53]   --->   Operation 211 'call' 'p_9' <Predicate = true> <Delay = 2.82> <CoreType = "Generic">   --->   Core 0 '' <Latency = 0> <II = 1> <Delay = 1.00> <Generic> <Opcode : >
ST_6 : Operation 212 [1/1] (0.00ns)   --->   "%tmp_3 = call i7 @_ssdm_op_BitConcatenate.i7.i6.i1(i6 %p_9, i1 false)" [firmware/myproject.cpp:53]   --->   Operation 212 'bitconcatenate' 'tmp_3' <Predicate = true> <Delay = 0.00>
ST_6 : Operation 213 [1/1] (0.00ns)   --->   "%sext_ln1118_17 = sext i7 %tmp_3 to i8" [firmware/myproject.cpp:53]   --->   Operation 213 'sext' 'sext_ln1118_17' <Predicate = true> <Delay = 0.00>
ST_6 : Operation 214 [1/4] (2.82ns)   --->   "%p_1 = call fastcc i6 @"sin_lut<ap_fixed<10, 6, 5, 3, 0> >"(i10 %trunc_ln708_s)" [firmware/myproject.cpp:53]   --->   Operation 214 'call' 'p_1' <Predicate = true> <Delay = 2.82> <CoreType = "Generic">   --->   Core 0 '' <Latency = 0> <II = 1> <Delay = 1.00> <Generic> <Opcode : >
ST_6 : Operation 215 [1/1] (0.00ns)   --->   "%tmp_4 = call i7 @_ssdm_op_BitConcatenate.i7.i6.i1(i6 %p_1, i1 false)" [firmware/myproject.cpp:53]   --->   Operation 215 'bitconcatenate' 'tmp_4' <Predicate = true> <Delay = 0.00>
ST_6 : Operation 216 [1/1] (0.00ns)   --->   "%sext_ln1118_19 = sext i7 %tmp_4 to i9" [firmware/myproject.cpp:53]   --->   Operation 216 'sext' 'sext_ln1118_19' <Predicate = true> <Delay = 0.00>
ST_6 : Operation 217 [1/1] (0.70ns)   --->   "%add_ln1192_21 = add i8 %sext_ln1118_17, -16" [firmware/myproject.cpp:53]   --->   Operation 217 'add' 'add_ln1192_21' <Predicate = true> <Delay = 0.70> <Core = "AddSub">   --->   Core 14 'AddSub' <Latency = 0> <II = 1> <Delay = 0.72> <FuncUnit> <Opcode : 'add' 'sub'> <InPorts = 2> <OutPorts = 1>
ST_6 : Operation 218 [1/1] (0.00ns)   --->   "%sext_ln1192_17 = sext i8 %add_ln1192_21 to i9" [firmware/myproject.cpp:53]   --->   Operation 218 'sext' 'sext_ln1192_17' <Predicate = true> <Delay = 0.00>
ST_6 : Operation 219 [1/1] (0.70ns)   --->   "%add_ln1192_22 = add i9 %sext_ln1118_19, %sext_ln1192_17" [firmware/myproject.cpp:53]   --->   Operation 219 'add' 'add_ln1192_22' <Predicate = true> <Delay = 0.70> <Core = "AddSub">   --->   Core 14 'AddSub' <Latency = 0> <II = 1> <Delay = 0.72> <FuncUnit> <Opcode : 'add' 'sub'> <InPorts = 2> <OutPorts = 1>
ST_6 : Operation 220 [1/1] (0.00ns)   --->   "%lhs_V_5 = sext i10 %p_Val2_1 to i11" [firmware/myproject.cpp:53]   --->   Operation 220 'sext' 'lhs_V_5' <Predicate = true> <Delay = 0.00>
ST_6 : Operation 221 [1/1] (0.72ns)   --->   "%ret_V_38 = add nsw i11 %lhs_V_5, %rhs_V_4" [firmware/myproject.cpp:53]   --->   Operation 221 'add' 'ret_V_38' <Predicate = true> <Delay = 0.72> <Core = "AddSub">   --->   Core 14 'AddSub' <Latency = 0> <II = 1> <Delay = 0.72> <FuncUnit> <Opcode : 'add' 'sub'> <InPorts = 2> <OutPorts = 1>
ST_6 : Operation 222 [1/1] (0.49ns) (grouped into DSP with root node ret_V_39)   --->   "%r_V_20 = mul i12 %sext_ln1118_11, %sext_ln1118_11" [firmware/myproject.cpp:53]   --->   Operation 222 'mul' 'r_V_20' <Predicate = true> <Delay = 0.49> <Core = "DSP48">   --->   Core 88 'DSP48' <Latency = 0> <II = 1> <Delay = 2.53> <IPBlock> <Opcode : 'mul' 'add' 'sub' 'select'> <InPorts = 2> <OutPorts = 1> <Sync> <CReg>
ST_6 : Operation 223 [1/1] (0.00ns) (grouped into DSP with root node ret_V_39)   --->   "%sext_ln1118_20 = sext i12 %r_V_20 to i16" [firmware/myproject.cpp:53]   --->   Operation 223 'sext' 'sext_ln1118_20' <Predicate = true> <Delay = 0.00>
ST_6 : Operation 224 [1/1] (0.00ns)   --->   "%lhs_V_6 = call i15 @_ssdm_op_BitConcatenate.i15.i11.i4(i11 %ret_V_38, i4 0)" [firmware/myproject.cpp:53]   --->   Operation 224 'bitconcatenate' 'lhs_V_6' <Predicate = true> <Delay = 0.00>
ST_6 : Operation 225 [1/1] (0.00ns)   --->   "%sext_ln728 = sext i15 %lhs_V_6 to i16" [firmware/myproject.cpp:53]   --->   Operation 225 'sext' 'sext_ln728' <Predicate = true> <Delay = 0.00>
ST_6 : Operation 226 [1/1] (2.03ns) (root node of the DSP)   --->   "%ret_V_39 = add i16 %sext_ln1118_20, %sext_ln728" [firmware/myproject.cpp:53]   --->   Operation 226 'add' 'ret_V_39' <Predicate = true> <Delay = 2.03> <Core = "DSP48">   --->   Core 88 'DSP48' <Latency = 0> <II = 1> <Delay = 2.53> <IPBlock> <Opcode : 'mul' 'add' 'sub' 'select'> <InPorts = 2> <OutPorts = 1> <Sync> <CReg>
ST_6 : Operation 227 [1/4] (2.82ns)   --->   "%p_Val2_8 = call fastcc i6 @"sin_lut<ap_fixed<10, 6, 5, 3, 0> >"(i10 %add_ln703_1)" [firmware/myproject.cpp:53]   --->   Operation 227 'call' 'p_Val2_8' <Predicate = true> <Delay = 2.82> <CoreType = "Generic">   --->   Core 0 '' <Latency = 0> <II = 1> <Delay = 1.00> <Generic> <Opcode : >
ST_6 : Operation 228 [1/1] (0.00ns)   --->   "%tmp_5 = call i10 @_ssdm_op_BitConcatenate.i10.i6.i4(i6 %p_Val2_8, i4 0)" [firmware/myproject.cpp:53]   --->   Operation 228 'bitconcatenate' 'tmp_5' <Predicate = true> <Delay = 0.00>
ST_6 : Operation 229 [1/1] (0.00ns)   --->   "%sext_ln1192_18 = sext i10 %tmp_5 to i16" [firmware/myproject.cpp:53]   --->   Operation 229 'sext' 'sext_ln1192_18' <Predicate = true> <Delay = 0.00>
ST_6 : Operation 230 [1/1] (0.00ns) (grouped into TernaryAdder)   --->   "%ret_V_40 = add i16 %ret_V_39, %sext_ln1192_18" [firmware/myproject.cpp:53]   --->   Operation 230 'add' 'ret_V_40' <Predicate = true> <Delay = 0.00> <Core = "TAddSub">   --->   Core 83 'TAddSub' <Latency = 0> <II = 1> <Delay = 0.34> <IPBlock> <Opcode : 'add' 'sub'> <InPorts = 3> <OutPorts = 1> <Sync> <CReg>
ST_6 : Operation 231 [1/1] (0.67ns) (root node of TernaryAdder)   --->   "%ret_V_20 = add i16 %ret_V_40, -960" [firmware/myproject.cpp:53]   --->   Operation 231 'add' 'ret_V_20' <Predicate = true> <Delay = 0.67> <Core = "TAddSub">   --->   Core 83 'TAddSub' <Latency = 0> <II = 1> <Delay = 0.34> <IPBlock> <Opcode : 'add' 'sub'> <InPorts = 3> <OutPorts = 1> <Sync> <CReg>
ST_6 : Operation 232 [1/4] (2.82ns)   --->   "%p_Val2_10 = call fastcc i6 @"sin_lut<ap_fixed<10, 6, 5, 3, 0> >"(i10 %trunc_ln708_12)" [firmware/myproject.cpp:54]   --->   Operation 232 'call' 'p_Val2_10' <Predicate = true> <Delay = 2.82> <CoreType = "Generic">   --->   Core 0 '' <Latency = 0> <II = 1> <Delay = 1.00> <Generic> <Opcode : >
ST_6 : Operation 233 [1/1] (0.00ns)   --->   "%sext_ln703_7 = sext i6 %p_Val2_10 to i7" [firmware/myproject.cpp:54]   --->   Operation 233 'sext' 'sext_ln703_7' <Predicate = true> <Delay = 0.00>
ST_6 : Operation 234 [1/1] (0.00ns)   --->   "%sext_ln703_8 = sext i6 %p_Val2_7 to i7" [firmware/myproject.cpp:54]   --->   Operation 234 'sext' 'sext_ln703_8' <Predicate = true> <Delay = 0.00>
ST_6 : Operation 235 [1/1] (0.70ns)   --->   "%ret_V_43 = sub i7 %sext_ln703_7, %sext_ln703_8" [firmware/myproject.cpp:54]   --->   Operation 235 'sub' 'ret_V_43' <Predicate = true> <Delay = 0.70> <Core = "AddSub">   --->   Core 14 'AddSub' <Latency = 0> <II = 1> <Delay = 0.72> <FuncUnit> <Opcode : 'add' 'sub'> <InPorts = 2> <OutPorts = 1>
ST_6 : Operation 236 [2/4] (4.33ns)   --->   "%p_0 = call fastcc i6 @"sin_lut<ap_fixed<10, 6, 5, 3, 0> >"(i10 %add_ln703_2)" [firmware/myproject.cpp:54]   --->   Operation 236 'call' 'p_0' <Predicate = true> <Delay = 4.33> <CoreType = "Generic">   --->   Core 0 '' <Latency = 0> <II = 1> <Delay = 1.00> <Generic> <Opcode : >

State 7 <SV = 6> <Delay = 3.89>
ST_7 : Operation 237 [1/1] (0.00ns)   --->   "%sext_ln700_2 = sext i11 %add_ln1192 to i30" [firmware/myproject.cpp:50]   --->   Operation 237 'sext' 'sext_ln700_2' <Predicate = true> <Delay = 0.00>
ST_7 : Operation 238 [1/1] (3.02ns)   --->   "%mul_ln700_1 = mul i30 %sext_ln700_2, %mul_ln700" [firmware/myproject.cpp:50]   --->   Operation 238 'mul' 'mul_ln700_1' <Predicate = true> <Delay = 3.02> <Core = "Mul">   --->   Core 16 'Mul' <Latency = 0> <II = 1> <Delay = 1.23> <FuncUnit> <Opcode : 'mul'> <InPorts = 2> <OutPorts = 1>
ST_7 : Operation 239 [1/1] (0.00ns)   --->   "%tmp_7 = call i26 @_ssdm_op_BitConcatenate.i26.i6.i20(i6 %p_Val2_5, i20 0)" [firmware/myproject.cpp:50]   --->   Operation 239 'bitconcatenate' 'tmp_7' <Predicate = true> <Delay = 0.00>
ST_7 : Operation 240 [1/1] (0.00ns)   --->   "%rhs_V = sext i26 %tmp_7 to i30" [firmware/myproject.cpp:50]   --->   Operation 240 'sext' 'rhs_V' <Predicate = true> <Delay = 0.00>
ST_7 : Operation 241 [1/1] (0.86ns)   --->   "%ret_V_31 = sub i30 %mul_ln700_1, %rhs_V" [firmware/myproject.cpp:50]   --->   Operation 241 'sub' 'ret_V_31' <Predicate = true> <Delay = 0.86> <Core = "AddSub">   --->   Core 14 'AddSub' <Latency = 0> <II = 1> <Delay = 0.72> <FuncUnit> <Opcode : 'add' 'sub'> <InPorts = 2> <OutPorts = 1>
ST_7 : Operation 242 [1/1] (0.00ns)   --->   "%trunc_ln708_3 = call i10 @_ssdm_op_PartSelect.i10.i30.i32.i32(i30 %ret_V_31, i32 20, i32 29)" [firmware/myproject.cpp:50]   --->   Operation 242 'partselect' 'trunc_ln708_3' <Predicate = true> <Delay = 0.00>
ST_7 : Operation 243 [1/1] (0.00ns)   --->   "%tmp_s = call i8 @_ssdm_op_BitConcatenate.i8.i6.i2(i6 %p_5, i2 0)" [firmware/myproject.cpp:51]   --->   Operation 243 'bitconcatenate' 'tmp_s' <Predicate = true> <Delay = 0.00>
ST_7 : Operation 244 [1/1] (0.00ns)   --->   "%sext_ln1118_8 = sext i8 %tmp_s to i9" [firmware/myproject.cpp:51]   --->   Operation 244 'sext' 'sext_ln1118_8' <Predicate = true> <Delay = 0.00>
ST_7 : Operation 245 [1/1] (0.00ns) (grouped into DSP with root node mul_ln1192_2)   --->   "%add_ln1192_11 = add i9 %sext_ln1118_8, -32" [firmware/myproject.cpp:51]   --->   Operation 245 'add' 'add_ln1192_11' <Predicate = true> <Delay = 0.00> <Core = "DSP48">   --->   Core 88 'DSP48' <Latency = 0> <II = 1> <Delay = 2.53> <IPBlock> <Opcode : 'mul' 'add' 'sub' 'select'> <InPorts = 2> <OutPorts = 1> <Sync> <CReg>
ST_7 : Operation 246 [1/1] (0.00ns)   --->   "%sext_ln1192_5 = sext i14 %r_V to i23" [firmware/myproject.cpp:51]   --->   Operation 246 'sext' 'sext_ln1192_5' <Predicate = true> <Delay = 0.00>
ST_7 : Operation 247 [1/1] (0.00ns) (grouped into DSP with root node mul_ln1192_2)   --->   "%sext_ln1192_6 = sext i9 %add_ln1192_11 to i23" [firmware/myproject.cpp:51]   --->   Operation 247 'sext' 'sext_ln1192_6' <Predicate = true> <Delay = 0.00>
ST_7 : Operation 248 [1/1] (2.53ns) (root node of the DSP)   --->   "%mul_ln1192_2 = mul i23 %sext_ln1192_6, %sext_ln1192_5" [firmware/myproject.cpp:51]   --->   Operation 248 'mul' 'mul_ln1192_2' <Predicate = true> <Delay = 2.53> <Core = "DSP48">   --->   Core 88 'DSP48' <Latency = 0> <II = 1> <Delay = 2.53> <IPBlock> <Opcode : 'mul' 'add' 'sub' 'select'> <InPorts = 2> <OutPorts = 1> <Sync> <CReg>
ST_7 : Operation 249 [1/1] (0.00ns)   --->   "%sext_ln1192_15 = sext i9 %add_ln1192_22 to i22" [firmware/myproject.cpp:53]   --->   Operation 249 'sext' 'sext_ln1192_15' <Predicate = true> <Delay = 0.00>
ST_7 : Operation 250 [1/1] (0.00ns)   --->   "%sext_ln1192_16 = sext i16 %ret_V_20 to i22" [firmware/myproject.cpp:53]   --->   Operation 250 'sext' 'sext_ln1192_16' <Predicate = true> <Delay = 0.00>
ST_7 : Operation 251 [1/1] (0.49ns) (grouped into DSP with root node ret_V_41)   --->   "%mul_ln1192_5 = mul i22 %sext_ln1192_15, %sext_ln1192_16" [firmware/myproject.cpp:53]   --->   Operation 251 'mul' 'mul_ln1192_5' <Predicate = true> <Delay = 0.49> <Core = "DSP48">   --->   Core 88 'DSP48' <Latency = 0> <II = 1> <Delay = 2.53> <IPBlock> <Opcode : 'mul' 'add' 'sub' 'select'> <InPorts = 2> <OutPorts = 1> <Sync> <CReg>
ST_7 : Operation 252 [1/1] (2.03ns) (root node of the DSP)   --->   "%ret_V_41 = add i22 %mul_ln1192_5, -65536" [firmware/myproject.cpp:53]   --->   Operation 252 'add' 'ret_V_41' <Predicate = true> <Delay = 2.03> <Core = "DSP48">   --->   Core 88 'DSP48' <Latency = 0> <II = 1> <Delay = 2.53> <IPBlock> <Opcode : 'mul' 'add' 'sub' 'select'> <InPorts = 2> <OutPorts = 1> <Sync> <CReg>
ST_7 : Operation 253 [1/1] (0.00ns)   --->   "%trunc_ln708_6 = call i10 @_ssdm_op_PartSelect.i10.i22.i32.i32(i22 %ret_V_41, i32 12, i32 21)" [firmware/myproject.cpp:53]   --->   Operation 253 'partselect' 'trunc_ln708_6' <Predicate = true> <Delay = 0.00>
ST_7 : Operation 254 [1/1] (0.00ns)   --->   "%sext_ln1253 = sext i6 %p_Val2_9 to i7" [firmware/myproject.cpp:54]   --->   Operation 254 'sext' 'sext_ln1253' <Predicate = true> <Delay = 0.00>
ST_7 : Operation 255 [1/1] (0.70ns)   --->   "%r_V_22 = sub i7 0, %sext_ln1253" [firmware/myproject.cpp:54]   --->   Operation 255 'sub' 'r_V_22' <Predicate = true> <Delay = 0.70> <Core = "AddSub">   --->   Core 14 'AddSub' <Latency = 0> <II = 1> <Delay = 0.72> <FuncUnit> <Opcode : 'add' 'sub'> <InPorts = 2> <OutPorts = 1>
ST_7 : Operation 256 [1/1] (0.00ns)   --->   "%sext_ln1116_2 = sext i6 %p_2 to i12" [firmware/myproject.cpp:54]   --->   Operation 256 'sext' 'sext_ln1116_2' <Predicate = true> <Delay = 0.00>
ST_7 : Operation 257 [1/1] (1.23ns)   --->   "%r_V_23 = mul i12 %sext_ln1116_2, %sext_ln1116_2" [firmware/myproject.cpp:54]   --->   Operation 257 'mul' 'r_V_23' <Predicate = true> <Delay = 1.23> <Core = "Mul">   --->   Core 16 'Mul' <Latency = 0> <II = 1> <Delay = 1.23> <FuncUnit> <Opcode : 'mul'> <InPorts = 2> <OutPorts = 1>
ST_7 : Operation 258 [1/1] (0.00ns)   --->   "%sext_ln1118_22 = sext i12 %r_V_23 to i13" [firmware/myproject.cpp:54]   --->   Operation 258 'sext' 'sext_ln1118_22' <Predicate = true> <Delay = 0.00>
ST_7 : Operation 259 [1/1] (0.00ns)   --->   "%tmp_11 = call i11 @_ssdm_op_BitConcatenate.i11.i7.i4(i7 %r_V_22, i4 0)" [firmware/myproject.cpp:54]   --->   Operation 259 'bitconcatenate' 'tmp_11' <Predicate = true> <Delay = 0.00>
ST_7 : Operation 260 [1/1] (0.00ns)   --->   "%sext_ln700_4 = sext i11 %tmp_11 to i13" [firmware/myproject.cpp:54]   --->   Operation 260 'sext' 'sext_ln700_4' <Predicate = true> <Delay = 0.00>
ST_7 : Operation 261 [1/1] (0.00ns) (grouped into DSP with root node mul_ln1192_7)   --->   "%ret_V_22 = add i13 %sext_ln1118_22, %sext_ln700_4" [firmware/myproject.cpp:54]   --->   Operation 261 'add' 'ret_V_22' <Predicate = true> <Delay = 0.00> <Core = "DSP48">   --->   Core 88 'DSP48' <Latency = 0> <II = 1> <Delay = 2.53> <IPBlock> <Opcode : 'mul' 'add' 'sub' 'select'> <InPorts = 2> <OutPorts = 1> <Sync> <CReg>
ST_7 : Operation 262 [1/1] (0.00ns)   --->   "%sext_ln703_9 = sext i7 %ret_V_43 to i8" [firmware/myproject.cpp:54]   --->   Operation 262 'sext' 'sext_ln703_9' <Predicate = true> <Delay = 0.00>
ST_7 : Operation 263 [1/1] (0.70ns)   --->   "%ret_V_25 = add i8 %sext_ln703_9, 3" [firmware/myproject.cpp:54]   --->   Operation 263 'add' 'ret_V_25' <Predicate = true> <Delay = 0.70> <Core = "AddSub">   --->   Core 14 'AddSub' <Latency = 0> <II = 1> <Delay = 0.72> <FuncUnit> <Opcode : 'add' 'sub'> <InPorts = 2> <OutPorts = 1>
ST_7 : Operation 264 [1/1] (0.00ns) (grouped into DSP with root node mul_ln1192_7)   --->   "%sext_ln1192_20 = sext i13 %ret_V_22 to i21" [firmware/myproject.cpp:54]   --->   Operation 264 'sext' 'sext_ln1192_20' <Predicate = true> <Delay = 0.00>
ST_7 : Operation 265 [1/1] (0.00ns)   --->   "%sext_ln1192_21 = sext i8 %ret_V_25 to i21" [firmware/myproject.cpp:54]   --->   Operation 265 'sext' 'sext_ln1192_21' <Predicate = true> <Delay = 0.00>
ST_7 : Operation 266 [1/1] (2.53ns) (root node of the DSP)   --->   "%mul_ln1192_7 = mul i21 %sext_ln1192_21, %sext_ln1192_20" [firmware/myproject.cpp:54]   --->   Operation 266 'mul' 'mul_ln1192_7' <Predicate = true> <Delay = 2.53> <Core = "DSP48">   --->   Core 88 'DSP48' <Latency = 0> <II = 1> <Delay = 2.53> <IPBlock> <Opcode : 'mul' 'add' 'sub' 'select'> <InPorts = 2> <OutPorts = 1> <Sync> <CReg>
ST_7 : Operation 267 [1/4] (2.82ns)   --->   "%p_0 = call fastcc i6 @"sin_lut<ap_fixed<10, 6, 5, 3, 0> >"(i10 %add_ln703_2)" [firmware/myproject.cpp:54]   --->   Operation 267 'call' 'p_0' <Predicate = true> <Delay = 2.82> <CoreType = "Generic">   --->   Core 0 '' <Latency = 0> <II = 1> <Delay = 1.00> <Generic> <Opcode : >

State 8 <SV = 7> <Delay = 2.53>
ST_8 : Operation 268 [1/1] (0.00ns)   --->   "call void (...)* @_ssdm_op_SpecBitsMap(i10* %y_4_V), !map !195"   --->   Operation 268 'specbitsmap' <Predicate = true> <Delay = 0.00>
ST_8 : Operation 269 [1/1] (0.00ns)   --->   "call void (...)* @_ssdm_op_SpecBitsMap(i10* %y_3_V), !map !201"   --->   Operation 269 'specbitsmap' <Predicate = true> <Delay = 0.00>
ST_8 : Operation 270 [1/1] (0.00ns)   --->   "call void (...)* @_ssdm_op_SpecBitsMap(i10* %y_2_V), !map !207"   --->   Operation 270 'specbitsmap' <Predicate = true> <Delay = 0.00>
ST_8 : Operation 271 [1/1] (0.00ns)   --->   "call void (...)* @_ssdm_op_SpecBitsMap(i10* %y_1_V), !map !213"   --->   Operation 271 'specbitsmap' <Predicate = true> <Delay = 0.00>
ST_8 : Operation 272 [1/1] (0.00ns)   --->   "call void (...)* @_ssdm_op_SpecBitsMap(i10* %y_0_V), !map !219"   --->   Operation 272 'specbitsmap' <Predicate = true> <Delay = 0.00>
ST_8 : Operation 273 [1/1] (0.00ns)   --->   "call void (...)* @_ssdm_op_SpecBitsMap(i160* %x_V), !map !225"   --->   Operation 273 'specbitsmap' <Predicate = true> <Delay = 0.00>
ST_8 : Operation 274 [1/1] (0.00ns)   --->   "call void (...)* @_ssdm_op_SpecTopModule([10 x i8]* @myproject_str) nounwind"   --->   Operation 274 'spectopmodule' <Predicate = true> <Delay = 0.00>
ST_8 : Operation 275 [1/1] (0.00ns)   --->   "call void (...)* @_ssdm_op_SpecInterface(i160* %x_V, [7 x i8]* @p_str2, i32 0, i32 0, [1 x i8]* @p_str1, i32 0, i32 0, [1 x i8]* @p_str1, [1 x i8]* @p_str1, [1 x i8]* @p_str1, i32 0, i32 0, i32 0, i32 0, [1 x i8]* @p_str1, [1 x i8]* @p_str1) nounwind"   --->   Operation 275 'specinterface' <Predicate = true> <Delay = 0.00>
ST_8 : Operation 276 [1/1] (0.00ns)   --->   "call void (...)* @_ssdm_op_SpecInterface(i10* %y_0_V, i10* %y_1_V, i10* %y_2_V, i10* %y_3_V, i10* %y_4_V, [7 x i8]* @p_str2, i32 0, i32 0, [1 x i8]* @p_str1, i32 0, i32 0, [1 x i8]* @p_str1, [1 x i8]* @p_str1, [1 x i8]* @p_str1, i32 0, i32 0, i32 0, i32 0, [1 x i8]* @p_str1, [1 x i8]* @p_str1) nounwind" [firmware/myproject.cpp:32]   --->   Operation 276 'specinterface' <Predicate = true> <Delay = 0.00>
ST_8 : Operation 277 [1/1] (0.00ns)   --->   "call void (...)* @_ssdm_op_SpecPipeline(i32 -1, i32 1, i32 1, i32 0, [1 x i8]* @p_str1) nounwind" [firmware/myproject.cpp:33]   --->   Operation 277 'specpipeline' <Predicate = true> <Delay = 0.00>
ST_8 : Operation 278 [1/1] (0.00ns)   --->   "call void @_ssdm_op_Write.ap_vld.i10P(i10* %y_0_V, i10 %trunc_ln708_3)" [firmware/myproject.cpp:50]   --->   Operation 278 'write' <Predicate = true> <Delay = 0.00>
ST_8 : Operation 279 [1/1] (0.00ns)   --->   "%sext_ln1192_7 = sext i23 %mul_ln1192_2 to i25" [firmware/myproject.cpp:51]   --->   Operation 279 'sext' 'sext_ln1192_7' <Predicate = true> <Delay = 0.00>
ST_8 : Operation 280 [1/1] (0.00ns)   --->   "%sext_ln1192_8 = sext i6 %p_6 to i25" [firmware/myproject.cpp:51]   --->   Operation 280 'sext' 'sext_ln1192_8' <Predicate = true> <Delay = 0.00>
ST_8 : Operation 281 [1/1] (0.49ns) (grouped into DSP with root node ret_V_33)   --->   "%mul_ln1192_3 = mul i25 %sext_ln1192_8, %sext_ln1192_7" [firmware/myproject.cpp:51]   --->   Operation 281 'mul' 'mul_ln1192_3' <Predicate = true> <Delay = 0.49> <Core = "DSP48">   --->   Core 88 'DSP48' <Latency = 0> <II = 1> <Delay = 2.53> <IPBlock> <Opcode : 'mul' 'add' 'sub' 'select'> <InPorts = 2> <OutPorts = 1> <Sync> <CReg>
ST_8 : Operation 282 [1/1] (2.03ns) (root node of the DSP)   --->   "%ret_V_33 = add i25 %mul_ln1192_3, -917504" [firmware/myproject.cpp:51]   --->   Operation 282 'add' 'ret_V_33' <Predicate = true> <Delay = 2.03> <Core = "DSP48">   --->   Core 88 'DSP48' <Latency = 0> <II = 1> <Delay = 2.53> <IPBlock> <Opcode : 'mul' 'add' 'sub' 'select'> <InPorts = 2> <OutPorts = 1> <Sync> <CReg>
ST_8 : Operation 283 [1/1] (0.00ns)   --->   "%tmp = call i9 @_ssdm_op_PartSelect.i9.i25.i32.i32(i25 %ret_V_33, i32 16, i32 24)" [firmware/myproject.cpp:51]   --->   Operation 283 'partselect' 'tmp' <Predicate = true> <Delay = 0.00>
ST_8 : Operation 284 [1/1] (0.00ns)   --->   "%sext_ln708_1 = sext i9 %tmp to i10" [firmware/myproject.cpp:51]   --->   Operation 284 'sext' 'sext_ln708_1' <Predicate = true> <Delay = 0.00>
ST_8 : Operation 285 [1/1] (0.00ns)   --->   "call void @_ssdm_op_Write.ap_vld.i10P(i10* %y_1_V, i10 %sext_ln708_1)" [firmware/myproject.cpp:51]   --->   Operation 285 'write' <Predicate = true> <Delay = 0.00>
ST_8 : Operation 286 [1/1] (0.00ns)   --->   "call void @_ssdm_op_Write.ap_vld.i10P(i10* %y_2_V, i10 %trunc_ln708_9)" [firmware/myproject.cpp:52]   --->   Operation 286 'write' <Predicate = true> <Delay = 0.00>
ST_8 : Operation 287 [1/1] (0.00ns)   --->   "call void @_ssdm_op_Write.ap_vld.i10P(i10* %y_3_V, i10 %trunc_ln708_6)" [firmware/myproject.cpp:53]   --->   Operation 287 'write' <Predicate = true> <Delay = 0.00>
ST_8 : Operation 288 [1/1] (0.00ns)   --->   "%sext_ln1192_22 = sext i21 %mul_ln1192_7 to i22" [firmware/myproject.cpp:54]   --->   Operation 288 'sext' 'sext_ln1192_22' <Predicate = true> <Delay = 0.00>
ST_8 : Operation 289 [1/1] (0.00ns)   --->   "%sext_ln1192_19 = sext i6 %p_0 to i22" [firmware/myproject.cpp:54]   --->   Operation 289 'sext' 'sext_ln1192_19' <Predicate = true> <Delay = 0.00>
ST_8 : Operation 290 [1/1] (0.49ns) (grouped into DSP with root node ret_V_44)   --->   "%mul_ln1192_8 = mul i22 %sext_ln1192_19, %sext_ln1192_22" [firmware/myproject.cpp:54]   --->   Operation 290 'mul' 'mul_ln1192_8' <Predicate = true> <Delay = 0.49> <Core = "DSP48">   --->   Core 88 'DSP48' <Latency = 0> <II = 1> <Delay = 2.53> <IPBlock> <Opcode : 'mul' 'add' 'sub' 'select'> <InPorts = 2> <OutPorts = 1> <Sync> <CReg>
ST_8 : Operation 291 [1/1] (2.03ns) (root node of the DSP)   --->   "%ret_V_44 = add i22 %mul_ln1192_8, -57344" [firmware/myproject.cpp:54]   --->   Operation 291 'add' 'ret_V_44' <Predicate = true> <Delay = 2.03> <Core = "DSP48">   --->   Core 88 'DSP48' <Latency = 0> <II = 1> <Delay = 2.53> <IPBlock> <Opcode : 'mul' 'add' 'sub' 'select'> <InPorts = 2> <OutPorts = 1> <Sync> <CReg>
ST_8 : Operation 292 [1/1] (0.00ns)   --->   "%trunc_ln708_14 = call i10 @_ssdm_op_PartSelect.i10.i22.i32.i32(i22 %ret_V_44, i32 12, i32 21)" [firmware/myproject.cpp:54]   --->   Operation 292 'partselect' 'trunc_ln708_14' <Predicate = true> <Delay = 0.00>
ST_8 : Operation 293 [1/1] (0.00ns)   --->   "call void @_ssdm_op_Write.ap_vld.i10P(i10* %y_4_V, i10 %trunc_ln708_14)" [firmware/myproject.cpp:54]   --->   Operation 293 'write' <Predicate = true> <Delay = 0.00>
ST_8 : Operation 294 [1/1] (0.00ns)   --->   "ret void" [firmware/myproject.cpp:56]   --->   Operation 294 'ret' <Predicate = true> <Delay = 0.00>


============================================================
+ Verbose Summary: Timing violations
============================================================
Target clock period: 5ns, clock uncertainty: 0.625ns.

 <State 1>: 4.23ns
The critical path consists of the following:
	wire read on port 'x_V' (firmware/myproject.cpp:50) [21]  (0 ns)
	'mul' operation ('mul_ln700_2', firmware/myproject.cpp:53) [167]  (1.7 ns)
	'mul' operation of DSP[171] ('mul_ln700_3', firmware/myproject.cpp:53) [168]  (0.494 ns)
	'add' operation of DSP[171] ('add_ln700', firmware/myproject.cpp:53) [171]  (2.04 ns)

 <State 2>: 4.34ns
The critical path consists of the following:
	'call' operation ('p_s', firmware/myproject.cpp:50) to 'sin_lut<ap_fixed<10, 6, 5, 3, 0> >' [38]  (4.34 ns)

 <State 3>: 4.34ns
The critical path consists of the following:
	'call' operation ('p_s', firmware/myproject.cpp:50) to 'sin_lut<ap_fixed<10, 6, 5, 3, 0> >' [38]  (4.34 ns)

 <State 4>: 4.34ns
The critical path consists of the following:
	'call' operation ('p_Val2_4', firmware/myproject.cpp:50) to 'sin_lut<ap_fixed<10, 6, 5, 3, 0> >' [54]  (4.34 ns)

 <State 5>: 4.34ns
The critical path consists of the following:
	'call' operation ('p_Val2_4', firmware/myproject.cpp:50) to 'sin_lut<ap_fixed<10, 6, 5, 3, 0> >' [54]  (4.34 ns)

 <State 6>: 4.34ns
The critical path consists of the following:
	'call' operation ('p_0', firmware/myproject.cpp:54) to 'sin_lut<ap_fixed<10, 6, 5, 3, 0> >' [239]  (4.34 ns)

 <State 7>: 3.89ns
The critical path consists of the following:
	'mul' operation ('mul_ln700_1', firmware/myproject.cpp:50) [60]  (3.02 ns)
	'sub' operation ('ret.V', firmware/myproject.cpp:50) [76]  (0.868 ns)

 <State 8>: 2.53ns
The critical path consists of the following:
	'mul' operation of DSP[110] ('mul_ln1192_3', firmware/myproject.cpp:51) [109]  (0.494 ns)
	'add' operation of DSP[110] ('ret.V', firmware/myproject.cpp:51) [110]  (2.04 ns)


============================================================
+ Verbose Summary: Binding
============================================================
N/A
* FSMD analyzer results:
  - Output states:
 - Input state : 
  - Chain level:
	State 1
	State 2
	State 3
	State 4
	State 5
	State 6
	State 7
	State 8


============================================================
+ Verbose Summary: Datapath Resource usage 
============================================================
N/A
