#-----------------------------------------------------------
# Vivado v2020.1 (64-bit)
# SW Build 2902540 on Wed May 27 19:54:35 MDT 2020
# IP Build 2902112 on Wed May 27 22:43:36 MDT 2020
# Start of session at: Sun Feb 26 15:02:31 2023
# Process ID: 1827640
# Current directory: /afs/cern.ch/work/h/htsoi/sr/hls-feb24-sincos-userlut-8,6
# Command line: vivado -mode batch -source vivado_synth.tcl
# Log file: /afs/cern.ch/work/h/htsoi/sr/hls-feb24-sincos-userlut-8,6/vivado.log
# Journal file: /afs/cern.ch/work/h/htsoi/sr/hls-feb24-sincos-userlut-8,6/vivado.jou
#-----------------------------------------------------------
source vivado_synth.tcl
# set tcldir [file dirname [info script]]
# source [file join $tcldir project.tcl]
## variable project_name
## set project_name "myproject"
## variable backend
## set backend "vivado"
## variable part
## set part "xcvu9p-flga2577-2-e"
## variable clock_period
## set clock_period 5
# add_files ${project_name}_prj/solution1/syn/vhdl
# synth_design -top ${project_name} -part $part
Command: synth_design -top myproject -part xcvu9p-flga2577-2-e
Starting synth_design
Attempting to get a license for feature 'Synthesis' and/or device 'xcvu9p'
INFO: [Common 17-349] Got license for feature 'Synthesis' and/or device 'xcvu9p'
INFO: [Common 17-1540] The version limit for your license is '2021.02' and has expired for new software. A version limit expiration means that, although you may be able to continue to use the current version of tools or IP with this license, you will not be eligible for any updates or new releases.
INFO: [Synth 8-7079] Multithreading enabled for synth_design using a maximum of 4 processes.
INFO: [Synth 8-7078] Launching helper process for spawning children vivado processes
INFO: [Synth 8-7075] Helper process launched with PID 1827652
---------------------------------------------------------------------------------
Starting Synthesize : Time (s): cpu = 00:00:03 ; elapsed = 00:00:06 . Memory (MB): peak = 2142.438 ; gain = 0.000 ; free physical = 37835 ; free virtual = 83231
---------------------------------------------------------------------------------
INFO: [Synth 8-638] synthesizing module 'myproject' [/afs/cern.ch/work/h/htsoi/sr/hls-feb24-sincos-userlut-8,6/myproject_prj/solution1/syn/vhdl/myproject.vhd:35]
INFO: [Synth 8-256] done synthesizing module 'myproject' (1#1) [/afs/cern.ch/work/h/htsoi/sr/hls-feb24-sincos-userlut-8,6/myproject_prj/solution1/syn/vhdl/myproject.vhd:35]
---------------------------------------------------------------------------------
Finished Synthesize : Time (s): cpu = 00:00:04 ; elapsed = 00:00:08 . Memory (MB): peak = 2142.441 ; gain = 0.004 ; free physical = 37873 ; free virtual = 83271
---------------------------------------------------------------------------------
---------------------------------------------------------------------------------
Finished Constraint Validation : Time (s): cpu = 00:00:05 ; elapsed = 00:00:09 . Memory (MB): peak = 2142.441 ; gain = 0.004 ; free physical = 37870 ; free virtual = 83268
---------------------------------------------------------------------------------
---------------------------------------------------------------------------------
Start Loading Part and Timing Information
---------------------------------------------------------------------------------
Loading part: xcvu9p-flga2577-2-e
INFO: [Synth 8-6742] Reading net delay rules and data
INFO: [Device 21-403] Loading part xcvu9p-flga2577-2-e
---------------------------------------------------------------------------------
Finished Loading Part and Timing Information : Time (s): cpu = 00:00:05 ; elapsed = 00:00:09 . Memory (MB): peak = 2150.445 ; gain = 8.008 ; free physical = 37868 ; free virtual = 83266
---------------------------------------------------------------------------------
---------------------------------------------------------------------------------
Finished RTL Optimization Phase 2 : Time (s): cpu = 00:00:05 ; elapsed = 00:00:10 . Memory (MB): peak = 2150.449 ; gain = 8.012 ; free physical = 37859 ; free virtual = 83258
---------------------------------------------------------------------------------
No constraint files found.
---------------------------------------------------------------------------------
Start RTL Component Statistics 
---------------------------------------------------------------------------------
Detailed RTL Component Info : 
+---Registers : 
	                1 Bit    Registers := 1     
---------------------------------------------------------------------------------
Finished RTL Component Statistics 
---------------------------------------------------------------------------------
---------------------------------------------------------------------------------
Start Part Resource Summary
---------------------------------------------------------------------------------
Part Resources:
DSPs: 6840 (col length:120)
BRAMs: 4320 (col length: RAMB18 360 RAMB36 180)
---------------------------------------------------------------------------------
Finished Part Resource Summary
---------------------------------------------------------------------------------
No constraint files found.
---------------------------------------------------------------------------------
Start Cross Boundary and Area Optimization
---------------------------------------------------------------------------------
---------------------------------------------------------------------------------
Finished Cross Boundary and Area Optimization : Time (s): cpu = 00:00:21 ; elapsed = 00:00:51 . Memory (MB): peak = 2764.980 ; gain = 622.543 ; free physical = 36998 ; free virtual = 82376
---------------------------------------------------------------------------------
No constraint files found.
---------------------------------------------------------------------------------
Start Timing Optimization
---------------------------------------------------------------------------------
---------------------------------------------------------------------------------
Finished Timing Optimization : Time (s): cpu = 00:00:21 ; elapsed = 00:00:51 . Memory (MB): peak = 2764.980 ; gain = 622.543 ; free physical = 36997 ; free virtual = 82375
---------------------------------------------------------------------------------
---------------------------------------------------------------------------------
Start Technology Mapping
---------------------------------------------------------------------------------
---------------------------------------------------------------------------------
Finished Technology Mapping : Time (s): cpu = 00:00:21 ; elapsed = 00:00:51 . Memory (MB): peak = 2764.980 ; gain = 622.543 ; free physical = 36997 ; free virtual = 82374
---------------------------------------------------------------------------------
---------------------------------------------------------------------------------
Start IO Insertion
---------------------------------------------------------------------------------
---------------------------------------------------------------------------------
Start Flattening Before IO Insertion
---------------------------------------------------------------------------------
---------------------------------------------------------------------------------
Finished Flattening Before IO Insertion
---------------------------------------------------------------------------------
---------------------------------------------------------------------------------
Start Final Netlist Cleanup
---------------------------------------------------------------------------------
---------------------------------------------------------------------------------
Finished Final Netlist Cleanup
---------------------------------------------------------------------------------
---------------------------------------------------------------------------------
Finished IO Insertion : Time (s): cpu = 00:00:23 ; elapsed = 00:00:54 . Memory (MB): peak = 2764.980 ; gain = 622.543 ; free physical = 36997 ; free virtual = 82375
---------------------------------------------------------------------------------
---------------------------------------------------------------------------------
Start Renaming Generated Instances
---------------------------------------------------------------------------------
---------------------------------------------------------------------------------
Finished Renaming Generated Instances : Time (s): cpu = 00:00:23 ; elapsed = 00:00:54 . Memory (MB): peak = 2764.980 ; gain = 622.543 ; free physical = 36997 ; free virtual = 82375
---------------------------------------------------------------------------------
---------------------------------------------------------------------------------
Start Rebuilding User Hierarchy
---------------------------------------------------------------------------------
---------------------------------------------------------------------------------
Finished Rebuilding User Hierarchy : Time (s): cpu = 00:00:23 ; elapsed = 00:00:54 . Memory (MB): peak = 2764.980 ; gain = 622.543 ; free physical = 36997 ; free virtual = 82375
---------------------------------------------------------------------------------
---------------------------------------------------------------------------------
Start Renaming Generated Ports
---------------------------------------------------------------------------------
---------------------------------------------------------------------------------
Finished Renaming Generated Ports : Time (s): cpu = 00:00:23 ; elapsed = 00:00:54 . Memory (MB): peak = 2764.980 ; gain = 622.543 ; free physical = 36997 ; free virtual = 82375
---------------------------------------------------------------------------------
---------------------------------------------------------------------------------
Start Handling Custom Attributes
---------------------------------------------------------------------------------
---------------------------------------------------------------------------------
Finished Handling Custom Attributes : Time (s): cpu = 00:00:23 ; elapsed = 00:00:54 . Memory (MB): peak = 2764.980 ; gain = 622.543 ; free physical = 36997 ; free virtual = 82375
---------------------------------------------------------------------------------
---------------------------------------------------------------------------------
Start Renaming Generated Nets
---------------------------------------------------------------------------------
---------------------------------------------------------------------------------
Finished Renaming Generated Nets : Time (s): cpu = 00:00:23 ; elapsed = 00:00:54 . Memory (MB): peak = 2764.980 ; gain = 622.543 ; free physical = 36997 ; free virtual = 82375
---------------------------------------------------------------------------------
---------------------------------------------------------------------------------
Start Writing Synthesis Report
---------------------------------------------------------------------------------

Report BlackBoxes: 
+-+--------------+----------+
| |BlackBox name |Instances |
+-+--------------+----------+
+-+--------------+----------+

Report Cell Usage: 
+------+-----+------+
|      |Cell |Count |
+------+-----+------+
|1     |LUT1 |     1|
|2     |IBUF |     1|
|3     |OBUF |    48|
+------+-----+------+

Report Instance Areas: 
+------+---------+-------+------+
|      |Instance |Module |Cells |
+------+---------+-------+------+
|1     |top      |       |    50|
+------+---------+-------+------+
---------------------------------------------------------------------------------
Finished Writing Synthesis Report : Time (s): cpu = 00:00:23 ; elapsed = 00:00:54 . Memory (MB): peak = 2764.980 ; gain = 622.543 ; free physical = 36997 ; free virtual = 82375
---------------------------------------------------------------------------------
Synthesis finished with 0 errors, 0 critical warnings and 0 warnings.
Synthesis Optimization Runtime : Time (s): cpu = 00:00:23 ; elapsed = 00:00:54 . Memory (MB): peak = 2764.980 ; gain = 622.543 ; free physical = 36999 ; free virtual = 82377
Synthesis Optimization Complete : Time (s): cpu = 00:00:23 ; elapsed = 00:00:54 . Memory (MB): peak = 2764.984 ; gain = 622.543 ; free physical = 37078 ; free virtual = 82455
INFO: [Project 1-571] Translating synthesized netlist
Netlist sorting complete. Time (s): cpu = 00:00:00 ; elapsed = 00:00:00 . Memory (MB): peak = 2772.980 ; gain = 0.000 ; free physical = 37070 ; free virtual = 82447
INFO: [Netlist 29-17] Analyzing 1 Unisim elements for replacement
INFO: [Netlist 29-28] Unisim Transformation completed in 0 CPU seconds
INFO: [Project 1-570] Preparing netlist for logic optimization
INFO: [Opt 31-138] Pushed 0 inverter(s) to 0 load pin(s).
Netlist sorting complete. Time (s): cpu = 00:00:00 ; elapsed = 00:00:00 . Memory (MB): peak = 2853.668 ; gain = 0.000 ; free physical = 36968 ; free virtual = 82345
INFO: [Project 1-111] Unisim Transformation Summary:
  A total of 1 instances were transformed.
  IBUF => IBUF (IBUFCTRL, INBUF): 1 instance 

INFO: [Common 17-83] Releasing license: Synthesis
16 Infos, 0 Warnings, 0 Critical Warnings and 0 Errors encountered.
synth_design completed successfully
synth_design: Time (s): cpu = 00:00:33 ; elapsed = 00:01:04 . Memory (MB): peak = 2853.668 ; gain = 719.441 ; free physical = 37111 ; free virtual = 82488
# report_utilization -file vivado_synth.rpt
INFO: [Common 17-206] Exiting Vivado at Sun Feb 26 15:03:45 2023...
