

================================================================
== Vivado HLS Report for 'generic_sincos_10_6_s'
================================================================
* Date:           Sun Feb 26 15:15:24 2023

* Version:        2020.1 (Build 2897737 on Wed May 27 20:21:37 MDT 2020)
* Project:        myproject_prj
* Solution:       solution1
* Product family: virtexuplus
* Target device:  xcvu9p-flga2577-2-e


================================================================
== Performance Estimates
================================================================
+ Timing: 
    * Summary: 
    +--------+---------+----------+------------+
    |  Clock |  Target | Estimated| Uncertainty|
    +--------+---------+----------+------------+
    |ap_clk  | 5.00 ns | 4.249 ns |   0.62 ns  |
    +--------+---------+----------+------------+

+ Latency: 
    * Summary: 
    +---------+---------+-----------+-----------+-----+-----+----------+
    |  Latency (cycles) |   Latency (absolute)  |  Interval | Pipeline |
    |   min   |   max   |    min    |    max    | min | max |   Type   |
    +---------+---------+-----------+-----------+-----+-----+----------+
    |        6|        6| 30.000 ns | 30.000 ns |    1|    1| function |
    +---------+---------+-----------+-----------+-----+-----+----------+

    + Detail: 
        * Instance: 
        +----------------------------------------+------------------------------+---------+---------+-----------+-----------+-----+-----+----------+
        |                                        |                              |  Latency (cycles) |   Latency (absolute)  |  Interval | Pipeline |
        |                Instance                |            Module            |   min   |   max   |    min    |    max    | min | max |   Type   |
        +----------------------------------------+------------------------------+---------+---------+-----------+-----------+-----+-----+----------+
        |grp_cordic_circ_apfixed_12_3_0_s_fu_70  |cordic_circ_apfixed_12_3_0_s  |        2|        2| 10.000 ns | 10.000 ns |    1|    1| function |
        +----------------------------------------+------------------------------+---------+---------+-----------+-----------+-----+-----+----------+

        * Loop: 
        N/A



================================================================
== Utilization Estimates
================================================================
* Summary: 
+---------------------+---------+-------+---------+---------+-----+
|         Name        | BRAM_18K| DSP48E|    FF   |   LUT   | URAM|
+---------------------+---------+-------+---------+---------+-----+
|DSP                  |        -|      2|        -|        -|    -|
|Expression           |        -|      -|        0|      202|    -|
|FIFO                 |        -|      -|        -|        -|    -|
|Instance             |        -|      -|      103|     1379|    -|
|Memory               |        -|      -|        -|        -|    -|
|Multiplexer          |        -|      -|        -|       18|    -|
|Register             |        0|      -|      286|       96|    -|
+---------------------+---------+-------+---------+---------+-----+
|Total                |        0|      2|      389|     1695|    0|
+---------------------+---------+-------+---------+---------+-----+
|Available SLR        |     1440|   2280|   788160|   394080|  320|
+---------------------+---------+-------+---------+---------+-----+
|Utilization SLR (%)  |        0|   ~0  |    ~0   |    ~0   |    0|
+---------------------+---------+-------+---------+---------+-----+
|Available            |     4320|   6840|  2364480|  1182240|  960|
+---------------------+---------+-------+---------+---------+-----+
|Utilization (%)      |        0|   ~0  |    ~0   |    ~0   |    0|
+---------------------+---------+-------+---------+---------+-----+

+ Detail: 
    * Instance: 
    +----------------------------------------+------------------------------+---------+-------+-----+------+-----+
    |                Instance                |            Module            | BRAM_18K| DSP48E|  FF |  LUT | URAM|
    +----------------------------------------+------------------------------+---------+-------+-----+------+-----+
    |grp_cordic_circ_apfixed_12_3_0_s_fu_70  |cordic_circ_apfixed_12_3_0_s  |        0|      0|  103|  1379|    0|
    +----------------------------------------+------------------------------+---------+-------+-----+------+-----+
    |Total                                   |                              |        0|      0|  103|  1379|    0|
    +----------------------------------------+------------------------------+---------+-------+-----+------+-----+

    * DSP48E: 
    +----------------------------------------------+-------------------------------------------+--------------+
    |                   Instance                   |                   Module                  |  Expression  |
    +----------------------------------------------+-------------------------------------------+--------------+
    |myproject_mac_mulsub_13ns_6ns_17ns_19_1_0_U3  |myproject_mac_mulsub_13ns_6ns_17ns_19_1_0  | i0 - i1 * i2 |
    |myproject_mul_mul_18ns_10ns_27_1_0_U2         |myproject_mul_mul_18ns_10ns_27_1_0         |    i0 * i1   |
    +----------------------------------------------+-------------------------------------------+--------------+

    * Memory: 
    N/A

    * FIFO: 
    N/A

    * Expression: 
    +--------------------------+----------+-------+---+----+------------+------------+
    |       Variable Name      | Operation| DSP48E| FF| LUT| Bitwidth P0| Bitwidth P1|
    +--------------------------+----------+-------+---+----+------------+------------+
    |inabs_V_fu_81_p2          |     -    |      0|  0|  17|           1|          10|
    |r_V_50_fu_228_p2          |     -    |      0|  0|  18|           1|          11|
    |r_V_51_fu_248_p2          |     -    |      0|  0|  18|           1|          11|
    |ret_V_42_fu_162_p2        |     -    |      0|  0|  19|          11|          12|
    |sub_ln703_fu_338_p2       |     -    |      0|  0|  15|           1|           6|
    |and_ln879_1_fu_299_p2     |    and   |      0|  0|   2|           1|           1|
    |and_ln879_fu_276_p2       |    and   |      0|  0|   2|           1|           1|
    |icmp_ln251_fu_178_p2      |   icmp   |      0|  0|   8|           2|           2|
    |icmp_ln879_1_fu_223_p2    |   icmp   |      0|  0|   8|           2|           1|
    |icmp_ln879_2_fu_243_p2    |   icmp   |      0|  0|   9|           2|           3|
    |icmp_ln879_fu_140_p2      |   icmp   |      0|  0|   8|           2|           1|
    |sign0_V_fu_75_p2          |   icmp   |      0|  0|  13|          10|           1|
    |or_ln251_fu_183_p2        |    or    |      0|  0|   2|           1|           1|
    |or_ln879_fu_288_p2        |    or    |      0|  0|   2|           1|           1|
    |p_Val2_49_fu_305_p3       |  select  |      0|  0|   6|           1|           6|
    |p_Val2_50_fu_344_p3       |  select  |      0|  0|   6|           1|           6|
    |p_Val2_s_fu_87_p3         |  select  |      0|  0|  10|           1|          10|
    |select_ln879_1_fu_281_p3  |  select  |      0|  0|   6|           1|           6|
    |select_ln879_3_fu_322_p3  |  select  |      0|  0|   6|           1|           6|
    |select_ln879_4_fu_330_p3  |  select  |      0|  0|   6|           1|           6|
    |select_ln879_fu_263_p3    |  select  |      0|  0|   6|           1|           6|
    |z_V_1_fu_189_p3           |  select  |      0|  0|  11|           1|          11|
    |xor_ln879_1_fu_293_p2     |    xor   |      0|  0|   2|           1|           2|
    |xor_ln879_fu_270_p2       |    xor   |      0|  0|   2|           1|           2|
    +--------------------------+----------+-------+---+----+------------+------------+
    |Total                     |          |      0|  0| 202|          47|         123|
    +--------------------------+----------+-------+---+----+------------+------------+

    * Multiplexer: 
    +-------------+----+-----------+-----+-----------+
    |     Name    | LUT| Input Size| Bits| Total Bits|
    +-------------+----+-----------+-----+-----------+
    |ap_return_0  |   9|          2|    6|         12|
    |ap_return_1  |   9|          2|    6|         12|
    +-------------+----+-----------+-----+-----------+
    |Total        |  18|          4|   12|         24|
    +-------------+----+-----------+-----+-----------+

    * Register: 
    +----------------------+----+----+-----+-----------+
    |         Name         | FF | LUT| Bits| Const Bits|
    +----------------------+----+----+-----+-----------+
    |ap_ce_reg             |   1|   0|    1|          0|
    |ap_return_0_int_reg   |   6|   0|    6|          0|
    |ap_return_1_int_reg   |   6|   0|    6|          0|
    |icmp_ln879_reg_404    |   1|   0|    1|          0|
    |in_V_int_reg          |  10|   0|   10|          0|
    |k_V_reg_396           |   2|   0|    2|          0|
    |p_Val2_s_reg_386      |  10|   0|   10|          0|
    |ret_V_reg_391         |   6|   0|    6|          0|
    |sign0_V_reg_381       |   1|   0|    1|          0|
    |trunc_ln1253_reg_431  |  11|   0|   11|          0|
    |trunc_ln1_reg_425     |   6|   0|    6|          0|
    |trunc_ln266_reg_420   |  11|   0|   11|          0|
    |x_V_reg_415           |  12|   0|   12|          0|
    |z_V_1_reg_410         |  11|   0|   11|          0|
    |icmp_ln879_reg_404    |  64|  32|    1|          0|
    |k_V_reg_396           |  64|  32|    2|          0|
    |sign0_V_reg_381       |  64|  32|    1|          0|
    +----------------------+----+----+-----+-----------+
    |Total                 | 286|  96|   98|          0|
    +----------------------+----+----+-----+-----------+



================================================================
== Interface
================================================================
* Summary: 
+-------------+-----+-----+------------+-----------------------+--------------+
|  RTL Ports  | Dir | Bits|  Protocol  |     Source Object     |    C Type    |
+-------------+-----+-----+------------+-----------------------+--------------+
|ap_clk       |  in |    1| ap_ctrl_hs | generic_sincos<10, 6> | return value |
|ap_rst       |  in |    1| ap_ctrl_hs | generic_sincos<10, 6> | return value |
|ap_return_0  | out |    6| ap_ctrl_hs | generic_sincos<10, 6> | return value |
|ap_return_1  | out |    6| ap_ctrl_hs | generic_sincos<10, 6> | return value |
|ap_ce        |  in |    1| ap_ctrl_hs | generic_sincos<10, 6> | return value |
|in_V         |  in |   10|   ap_none  |          in_V         |    scalar    |
+-------------+-----+-----+------------+-----------------------+--------------+

