

================================================================
== Vivado HLS Report for 'cordic_circ_apfixed_13_3_0_s'
================================================================
* Date:           Thu Feb 23 14:29:05 2023

* Version:        2020.1 (Build 2897737 on Wed May 27 20:21:37 MDT 2020)
* Project:        myproject_prj
* Solution:       solution1
* Product family: virtexuplus
* Target device:  xcvu9p-flga2577-2-e


================================================================
== Performance Estimates
================================================================
+ Timing: 
    * Summary: 
    +--------+---------+----------+------------+
    |  Clock |  Target | Estimated| Uncertainty|
    +--------+---------+----------+------------+
    |ap_clk  | 5.00 ns | 4.171 ns |   0.62 ns  |
    +--------+---------+----------+------------+

+ Latency: 
    * Summary: 
    +---------+---------+-----------+-----------+-----+-----+----------+
    |  Latency (cycles) |   Latency (absolute)  |  Interval | Pipeline |
    |   min   |   max   |    min    |    max    | min | max |   Type   |
    +---------+---------+-----------+-----------+-----+-----+----------+
    |        3|        3| 15.000 ns | 15.000 ns |    1|    1| function |
    +---------+---------+-----------+-----------+-----+-----+----------+

    + Detail: 
        * Instance: 
        N/A

        * Loop: 
        N/A



================================================================
== Utilization Estimates
================================================================
* Summary: 
+---------------------+---------+-------+---------+---------+-----+
|         Name        | BRAM_18K| DSP48E|    FF   |   LUT   | URAM|
+---------------------+---------+-------+---------+---------+-----+
|DSP                  |        -|      -|        -|        -|    -|
|Expression           |        -|      -|        0|     1498|    -|
|FIFO                 |        -|      -|        -|        -|    -|
|Instance             |        -|      -|        -|        -|    -|
|Memory               |        -|      -|        -|        -|    -|
|Multiplexer          |        -|      -|        -|        -|    -|
|Register             |        -|      -|      141|        -|    -|
+---------------------+---------+-------+---------+---------+-----+
|Total                |        0|      0|      141|     1498|    0|
+---------------------+---------+-------+---------+---------+-----+
|Available SLR        |     1440|   2280|   788160|   394080|  320|
+---------------------+---------+-------+---------+---------+-----+
|Utilization SLR (%)  |        0|      0|    ~0   |    ~0   |    0|
+---------------------+---------+-------+---------+---------+-----+
|Available            |     4320|   6840|  2364480|  1182240|  960|
+---------------------+---------+-------+---------+---------+-----+
|Utilization (%)      |        0|      0|    ~0   |    ~0   |    0|
+---------------------+---------+-------+---------+---------+-----+

+ Detail: 
    * Instance: 
    N/A

    * DSP48E: 
    N/A

    * Memory: 
    N/A

    * FIFO: 
    N/A

    * Expression: 
    +----------------------------+----------+-------+---+----+------------+------------+
    |        Variable Name       | Operation| DSP48E| FF| LUT| Bitwidth P0| Bitwidth P1|
    +----------------------------+----------+-------+---+----+------------+------------+
    |add_ln101_10_fu_641_p2      |     +    |      0|  0|  16|          13|          13|
    |add_ln101_11_fu_739_p2      |     +    |      0|  0|  16|           5|          13|
    |add_ln101_12_fu_745_p2      |     +    |      0|  0|  16|          13|          13|
    |add_ln101_13_fu_878_p2      |     +    |      0|  0|  16|           4|          13|
    |add_ln101_14_fu_883_p2      |     +    |      0|  0|  16|          13|          13|
    |add_ln101_15_fu_939_p2      |     +    |      0|  0|  16|           3|          13|
    |add_ln101_16_fu_945_p2      |     +    |      0|  0|  16|          13|          13|
    |add_ln101_17_fu_1043_p2     |     +    |      0|  0|  16|           2|          13|
    |add_ln101_18_fu_1049_p2     |     +    |      0|  0|  16|          13|          13|
    |add_ln101_1_fu_210_p2       |     +    |      0|  0|  16|          10|          13|
    |add_ln101_2_fu_216_p2       |     +    |      0|  0|  16|          13|          13|
    |add_ln101_3_fu_322_p2       |     +    |      0|  0|  16|           9|          13|
    |add_ln101_4_fu_328_p2       |     +    |      0|  0|  16|          13|          13|
    |add_ln101_5_fu_430_p2       |     +    |      0|  0|  16|           8|          13|
    |add_ln101_6_fu_436_p2       |     +    |      0|  0|  16|          13|          13|
    |add_ln101_7_fu_569_p2       |     +    |      0|  0|  16|           7|          13|
    |add_ln101_8_fu_574_p2       |     +    |      0|  0|  16|          13|          13|
    |add_ln101_9_fu_635_p2       |     +    |      0|  0|  16|           6|          13|
    |add_ln101_fu_148_p2         |     +    |      0|  0|  20|          13|          13|
    |add_ln203_10_fu_1103_p2     |     +    |      0|  0|  19|          12|          12|
    |add_ln203_11_fu_1172_p2     |     +    |      0|  0|  19|          12|          12|
    |add_ln203_12_fu_512_p2      |     +    |      0|  0|  19|          12|          12|
    |add_ln203_13_fu_613_p2      |     +    |      0|  0|  20|          13|          13|
    |add_ln203_14_fu_717_p2      |     +    |      0|  0|  20|          13|          13|
    |add_ln203_15_fu_821_p2      |     +    |      0|  0|  20|          13|          13|
    |add_ln203_16_fu_918_p2      |     +    |      0|  0|  20|          13|          13|
    |add_ln203_17_fu_1021_p2     |     +    |      0|  0|  20|          13|          13|
    |add_ln203_18_fu_1139_p2     |     +    |      0|  0|  20|          13|          13|
    |add_ln203_19_fu_1188_p2     |     +    |      0|  0|  20|          13|          13|
    |add_ln203_1_fu_300_p2       |     +    |      0|  0|  19|          12|          12|
    |add_ln203_20_fu_1238_p2     |     +    |      0|  0|  20|          13|          13|
    |add_ln203_2_fu_390_p2       |     +    |      0|  0|  19|          12|          12|
    |add_ln203_3_fu_408_p2       |     +    |      0|  0|  19|          12|          12|
    |add_ln203_4_fu_494_p2       |     +    |      0|  0|  19|          12|          12|
    |add_ln203_5_fu_597_p2       |     +    |      0|  0|  19|          12|          12|
    |add_ln203_6_fu_699_p2       |     +    |      0|  0|  19|          12|          12|
    |add_ln203_7_fu_803_p2       |     +    |      0|  0|  19|          12|          12|
    |add_ln203_8_fu_903_p2       |     +    |      0|  0|  19|          12|          12|
    |add_ln203_9_fu_1003_p2      |     +    |      0|  0|  19|          12|          12|
    |add_ln203_fu_282_p2         |     +    |      0|  0|  18|          11|          11|
    |sub_ln203_10_fu_1134_p2     |     -    |      0|  0|  20|          13|          13|
    |sub_ln203_11_fu_1177_p2     |     -    |      0|  0|  20|          13|          13|
    |sub_ln203_12_fu_1232_p2     |     -    |      0|  0|  20|          13|          13|
    |sub_ln203_13_fu_506_p2      |     -    |      0|  0|  19|          12|          12|
    |sub_ln203_14_fu_608_p2      |     -    |      0|  0|  19|          12|          12|
    |sub_ln203_15_fu_711_p2      |     -    |      0|  0|  19|          12|          12|
    |sub_ln203_16_fu_815_p2      |     -    |      0|  0|  19|          12|          12|
    |sub_ln203_17_fu_913_p2      |     -    |      0|  0|  19|          12|          12|
    |sub_ln203_18_fu_1015_p2     |     -    |      0|  0|  19|          12|          12|
    |sub_ln203_19_fu_1109_p2     |     -    |      0|  0|  19|          12|          12|
    |sub_ln203_1_fu_294_p2       |     -    |      0|  0|  18|          11|          11|
    |sub_ln203_20_fu_1183_p2     |     -    |      0|  0|  19|          12|          12|
    |sub_ln203_2_fu_396_p2       |     -    |      0|  0|  19|          12|          12|
    |sub_ln203_3_fu_402_p2       |     -    |      0|  0|  19|          12|          12|
    |sub_ln203_4_fu_500_p2       |     -    |      0|  0|  19|          12|          12|
    |sub_ln203_5_fu_602_p2       |     -    |      0|  0|  20|          13|          13|
    |sub_ln203_6_fu_705_p2       |     -    |      0|  0|  20|          13|          13|
    |sub_ln203_7_fu_809_p2       |     -    |      0|  0|  20|          13|          13|
    |sub_ln203_8_fu_908_p2       |     -    |      0|  0|  20|          13|          13|
    |sub_ln203_9_fu_1009_p2      |     -    |      0|  0|  20|          13|          13|
    |sub_ln203_fu_288_p2         |     -    |      0|  0|  19|          12|          12|
    |ap_return                   |  select  |      0|  0|  13|           1|          13|
    |select_ln101_10_fu_450_p3   |  select  |      0|  0|  12|           1|          12|
    |select_ln101_11_fu_562_p3   |  select  |      0|  0|   7|           1|           7|
    |select_ln101_12_fu_526_p3   |  select  |      0|  0|  12|           1|          12|
    |select_ln101_13_fu_534_p3   |  select  |      0|  0|  12|           1|          12|
    |select_ln101_14_fu_627_p3   |  select  |      0|  0|   6|           1|           6|
    |select_ln101_15_fu_647_p3   |  select  |      0|  0|  13|           1|          13|
    |select_ln101_16_fu_655_p3   |  select  |      0|  0|  12|           1|          12|
    |select_ln101_17_fu_731_p3   |  select  |      0|  0|   5|           1|           5|
    |select_ln101_18_fu_751_p3   |  select  |      0|  0|  13|           1|          13|
    |select_ln101_19_fu_759_p3   |  select  |      0|  0|  12|           1|          12|
    |select_ln101_1_fu_140_p3    |  select  |      0|  0|  11|           1|          10|
    |select_ln101_20_fu_871_p3   |  select  |      0|  0|   4|           1|           4|
    |select_ln101_21_fu_835_p3   |  select  |      0|  0|  13|           1|          13|
    |select_ln101_22_fu_843_p3   |  select  |      0|  0|  12|           1|          12|
    |select_ln101_23_fu_931_p3   |  select  |      0|  0|   3|           1|           3|
    |select_ln101_24_fu_951_p3   |  select  |      0|  0|  13|           1|          13|
    |select_ln101_25_fu_959_p3   |  select  |      0|  0|  12|           1|          12|
    |select_ln101_26_fu_1035_p3  |  select  |      0|  0|   2|           1|           2|
    |select_ln101_27_fu_1055_p3  |  select  |      0|  0|  13|           1|          13|
    |select_ln101_28_fu_1063_p3  |  select  |      0|  0|  12|           1|          12|
    |select_ln101_29_fu_1144_p3  |  select  |      0|  0|  13|           1|          13|
    |select_ln101_2_fu_202_p3    |  select  |      0|  0|  10|           1|          10|
    |select_ln101_30_fu_1115_p3  |  select  |      0|  0|  12|           1|          12|
    |select_ln101_31_fu_1194_p3  |  select  |      0|  0|  13|           1|          13|
    |select_ln101_32_fu_1217_p3  |  select  |      0|  0|   2|           1|           1|
    |select_ln101_3_fu_222_p3    |  select  |      0|  0|  11|           1|          11|
    |select_ln101_4_fu_234_p3    |  select  |      0|  0|  10|           1|          10|
    |select_ln101_5_fu_314_p3    |  select  |      0|  0|   9|           1|           9|
    |select_ln101_6_fu_334_p3    |  select  |      0|  0|  12|           1|          12|
    |select_ln101_7_fu_342_p3    |  select  |      0|  0|  11|           1|          11|
    |select_ln101_8_fu_422_p3    |  select  |      0|  0|   8|           1|           8|
    |select_ln101_9_fu_442_p3    |  select  |      0|  0|  12|           1|          12|
    |select_ln1371_1_fu_1224_p3  |  select  |      0|  0|   2|           1|           2|
    |select_ln1371_fu_1151_p3    |  select  |      0|  0|   2|           1|           2|
    |select_ln203_1_fu_170_p3    |  select  |      0|  0|  11|           1|          11|
    |select_ln203_2_fu_178_p3    |  select  |      0|  0|   9|           1|           8|
    |select_ln203_3_fu_186_p3    |  select  |      0|  0|  10|           1|          10|
    |select_ln203_fu_162_p3      |  select  |      0|  0|   9|           1|           9|
    +----------------------------+----------+-------+---+----+------------+------------+
    |Total                       |          |      0|  0|1498|         741|        1140|
    +----------------------------+----------+-------+---+----+------------+------------+

    * Multiplexer: 
    N/A

    * Register: 
    +--------------------------+----+----+-----+-----------+
    |           Name           | FF | LUT| Bits| Const Bits|
    +--------------------------+----+----+-----+-----------+
    |add_ln101_12_reg_1282     |  13|   0|   13|          0|
    |add_ln101_6_reg_1251      |  13|   0|   13|          0|
    |select_ln101_12_reg_1261  |  12|   0|   12|          0|
    |select_ln101_13_reg_1266  |  12|   0|   12|          0|
    |select_ln101_21_reg_1292  |  13|   0|   13|          0|
    |select_ln101_22_reg_1298  |  12|   0|   12|          0|
    |select_ln101_27_reg_1314  |  13|   0|   13|          0|
    |select_ln101_30_reg_1333  |  12|   0|   12|          0|
    |tmp_13_reg_1256           |   1|   0|    1|          0|
    |tmp_14_reg_1272           |   7|   0|    7|          0|
    |tmp_15_reg_1277           |   7|   0|    7|          0|
    |tmp_25_reg_1287           |   1|   0|    1|          0|
    |tmp_26_reg_1304           |   4|   0|    4|          0|
    |tmp_27_reg_1309           |   5|   0|    5|          0|
    |tmp_34_reg_1320           |   2|   0|    2|          0|
    |tmp_36_reg_1325           |   1|   0|    1|          0|
    |tmp_37_reg_1339           |   1|   0|    1|          0|
    |z_V_read_int_reg          |  12|   0|   12|          0|
    +--------------------------+----+----+-----+-----------+
    |Total                     | 141|   0|  141|          0|
    +--------------------------+----+----+-----+-----------+



================================================================
== Interface
================================================================
* Summary: 
+-----------+-----+-----+------------+-------------------------------+--------------+
| RTL Ports | Dir | Bits|  Protocol  |         Source Object         |    C Type    |
+-----------+-----+-----+------------+-------------------------------+--------------+
|ap_clk     |  in |    1| ap_ctrl_hs | cordic_circ_apfixed<13, 3, 0> | return value |
|ap_rst     |  in |    1| ap_ctrl_hs | cordic_circ_apfixed<13, 3, 0> | return value |
|ap_return  | out |   13| ap_ctrl_hs | cordic_circ_apfixed<13, 3, 0> | return value |
|ap_ce      |  in |    1| ap_ctrl_hs | cordic_circ_apfixed<13, 3, 0> | return value |
|z_V_read   |  in |   12|   ap_none  |            z_V_read           |    scalar    |
+-----------+-----+-----+------------+-------------------------------+--------------+

