

================================================================
== Vivado HLS Report for 'generic_sincos_11_6_s'
================================================================
* Date:           Thu Feb 23 14:29:06 2023

* Version:        2020.1 (Build 2897737 on Wed May 27 20:21:37 MDT 2020)
* Project:        myproject_prj
* Solution:       solution1
* Product family: virtexuplus
* Target device:  xcvu9p-flga2577-2-e


================================================================
== Performance Estimates
================================================================
+ Timing: 
    * Summary: 
    +--------+---------+----------+------------+
    |  Clock |  Target | Estimated| Uncertainty|
    +--------+---------+----------+------------+
    |ap_clk  | 5.00 ns | 4.289 ns |   0.62 ns  |
    +--------+---------+----------+------------+

+ Latency: 
    * Summary: 
    +---------+---------+-----------+-----------+-----+-----+----------+
    |  Latency (cycles) |   Latency (absolute)  |  Interval | Pipeline |
    |   min   |   max   |    min    |    max    | min | max |   Type   |
    +---------+---------+-----------+-----------+-----+-----+----------+
    |        7|        7| 35.000 ns | 35.000 ns |    1|    1| function |
    +---------+---------+-----------+-----------+-----+-----+----------+

    + Detail: 
        * Instance: 
        +----------------------------------------+------------------------------+---------+---------+-----------+-----------+-----+-----+----------+
        |                                        |                              |  Latency (cycles) |   Latency (absolute)  |  Interval | Pipeline |
        |                Instance                |            Module            |   min   |   max   |    min    |    max    | min | max |   Type   |
        +----------------------------------------+------------------------------+---------+---------+-----------+-----------+-----+-----+----------+
        |grp_cordic_circ_apfixed_13_3_0_s_fu_64  |cordic_circ_apfixed_13_3_0_s  |        3|        3| 15.000 ns | 15.000 ns |    1|    1| function |
        +----------------------------------------+------------------------------+---------+---------+-----------+-----------+-----+-----+----------+

        * Loop: 
        N/A



================================================================
== Utilization Estimates
================================================================
* Summary: 
+---------------------+---------+-------+---------+---------+-----+
|         Name        | BRAM_18K| DSP48E|    FF   |   LUT   | URAM|
+---------------------+---------+-------+---------+---------+-----+
|DSP                  |        -|      2|        -|        -|    -|
|Expression           |        -|      -|        0|      161|    -|
|FIFO                 |        -|      -|        -|        -|    -|
|Instance             |        -|      -|      141|     1498|    -|
|Memory               |        -|      -|        -|        -|    -|
|Multiplexer          |        -|      -|        -|        9|    -|
|Register             |        0|      -|      252|       96|    -|
+---------------------+---------+-------+---------+---------+-----+
|Total                |        0|      2|      393|     1764|    0|
+---------------------+---------+-------+---------+---------+-----+
|Available SLR        |     1440|   2280|   788160|   394080|  320|
+---------------------+---------+-------+---------+---------+-----+
|Utilization SLR (%)  |        0|   ~0  |    ~0   |    ~0   |    0|
+---------------------+---------+-------+---------+---------+-----+
|Available            |     4320|   6840|  2364480|  1182240|  960|
+---------------------+---------+-------+---------+---------+-----+
|Utilization (%)      |        0|   ~0  |    ~0   |    ~0   |    0|
+---------------------+---------+-------+---------+---------+-----+

+ Detail: 
    * Instance: 
    +----------------------------------------+------------------------------+---------+-------+-----+------+-----+
    |                Instance                |            Module            | BRAM_18K| DSP48E|  FF |  LUT | URAM|
    +----------------------------------------+------------------------------+---------+-------+-----+------+-----+
    |grp_cordic_circ_apfixed_13_3_0_s_fu_64  |cordic_circ_apfixed_13_3_0_s  |        0|      0|  141|  1498|    0|
    +----------------------------------------+------------------------------+---------+-------+-----+------+-----+
    |Total                                   |                              |        0|      0|  141|  1498|    0|
    +----------------------------------------+------------------------------+---------+-------+-----+------+-----+

    * DSP48E: 
    +----------------------------------------------+-------------------------------------------+--------------+
    |                   Instance                   |                   Module                  |  Expression  |
    +----------------------------------------------+-------------------------------------------+--------------+
    |myproject_mac_mulsub_6ns_14ns_18ns_20_1_0_U3  |myproject_mac_mulsub_6ns_14ns_18ns_20_1_0  | i0 - i1 * i2 |
    |myproject_mul_mul_11ns_19ns_29_1_0_U2         |myproject_mul_mul_11ns_19ns_29_1_0         |    i0 * i1   |
    +----------------------------------------------+-------------------------------------------+--------------+

    * Memory: 
    N/A

    * FIFO: 
    N/A

    * Expression: 
    +------------------------+----------+-------+---+----+------------+------------+
    |      Variable Name     | Operation| DSP48E| FF| LUT| Bitwidth P0| Bitwidth P1|
    +------------------------+----------+-------+---+----+------------+------------+
    |inabs_V_fu_75_p2        |     -    |      0|  0|  18|           1|          11|
    |ret_V_47_fu_156_p2      |     -    |      0|  0|  20|          12|          13|
    |sub_ln1253_fu_210_p2    |     -    |      0|  0|  21|           1|          14|
    |sub_ln703_fu_251_p2     |     -    |      0|  0|  15|           1|           7|
    |and_ln879_fu_238_p2     |    and   |      0|  0|   2|           1|           1|
    |icmp_ln251_fu_172_p2    |   icmp   |      0|  0|   8|           2|           2|
    |icmp_ln879_1_fu_191_p2  |   icmp   |      0|  0|   8|           2|           1|
    |icmp_ln879_fu_134_p2    |   icmp   |      0|  0|   8|           2|           1|
    |sign0_V_fu_69_p2        |   icmp   |      0|  0|  13|          11|           1|
    |or_ln251_fu_177_p2      |    or    |      0|  0|   2|           1|           1|
    |p_Val2_54_fu_243_p3     |  select  |      0|  0|   7|           1|           7|
    |p_Val2_55_fu_256_p3     |  select  |      0|  0|   7|           1|           7|
    |p_Val2_s_fu_81_p3       |  select  |      0|  0|  11|           1|          11|
    |select_ln879_fu_226_p3  |  select  |      0|  0|   7|           1|           7|
    |z_V_1_fu_183_p3         |  select  |      0|  0|  12|           1|          12|
    |xor_ln879_fu_233_p2     |    xor   |      0|  0|   2|           1|           2|
    +------------------------+----------+-------+---+----+------------+------------+
    |Total                   |          |      0|  0| 161|          40|          98|
    +------------------------+----------+-------+---+----+------------+------------+

    * Multiplexer: 
    +-----------+----+-----------+-----+-----------+
    |    Name   | LUT| Input Size| Bits| Total Bits|
    +-----------+----+-----------+-----+-----------+
    |ap_return  |   9|          2|    7|         14|
    +-----------+----+-----------+-----+-----------+
    |Total      |   9|          2|    7|         14|
    +-----------+----+-----------+-----+-----------+

    * Register: 
    +----------------------+----+----+-----+-----------+
    |         Name         | FF | LUT| Bits| Const Bits|
    +----------------------+----+----+-----+-----------+
    |ap_ce_reg             |   1|   0|    1|          0|
    |ap_return_int_reg     |   7|   0|    7|          0|
    |icmp_ln879_1_reg_312  |   1|   0|    1|          0|
    |icmp_ln879_reg_302    |   1|   0|    1|          0|
    |in_V_int_reg          |  11|   0|   11|          0|
    |k_V_reg_295           |   2|   0|    2|          0|
    |p_Val2_54_reg_318     |   7|   0|    7|          0|
    |p_Val2_s_reg_285      |  11|   0|   11|          0|
    |ret_V_reg_290         |   6|   0|    6|          0|
    |sign0_V_reg_280       |   1|   0|    1|          0|
    |z_V_1_reg_307         |  12|   0|   12|          0|
    |icmp_ln879_1_reg_312  |  64|  32|    1|          0|
    |icmp_ln879_reg_302    |  64|  32|    1|          0|
    |sign0_V_reg_280       |  64|  32|    1|          0|
    +----------------------+----+----+-----+-----------+
    |Total                 | 252|  96|   63|          0|
    +----------------------+----+----+-----+-----------+



================================================================
== Interface
================================================================
* Summary: 
+-----------+-----+-----+------------+-----------------------+--------------+
| RTL Ports | Dir | Bits|  Protocol  |     Source Object     |    C Type    |
+-----------+-----+-----+------------+-----------------------+--------------+
|ap_clk     |  in |    1| ap_ctrl_hs | generic_sincos<11, 6> | return value |
|ap_rst     |  in |    1| ap_ctrl_hs | generic_sincos<11, 6> | return value |
|ap_return  | out |    7| ap_ctrl_hs | generic_sincos<11, 6> | return value |
|ap_ce      |  in |    1| ap_ctrl_hs | generic_sincos<11, 6> | return value |
|in_V       |  in |   11|   ap_none  |          in_V         |    scalar    |
+-----------+-----+-----+------------+-----------------------+--------------+

