

================================================================
== Vivado HLS Report for 'generic_sincos_9_6_s'
================================================================
* Date:           Thu Feb 23 14:21:54 2023

* Version:        2020.1 (Build 2897737 on Wed May 27 20:21:37 MDT 2020)
* Project:        myproject_prj
* Solution:       solution1
* Product family: virtexuplus
* Target device:  xcvu9p-flga2577-2-e


================================================================
== Performance Estimates
================================================================
+ Timing: 
    * Summary: 
    +--------+---------+----------+------------+
    |  Clock |  Target | Estimated| Uncertainty|
    +--------+---------+----------+------------+
    |ap_clk  | 5.00 ns | 4.307 ns |   0.62 ns  |
    +--------+---------+----------+------------+

+ Latency: 
    * Summary: 
    +---------+---------+-----------+-----------+-----+-----+----------+
    |  Latency (cycles) |   Latency (absolute)  |  Interval | Pipeline |
    |   min   |   max   |    min    |    max    | min | max |   Type   |
    +---------+---------+-----------+-----------+-----+-----+----------+
    |        6|        6| 30.000 ns | 30.000 ns |    1|    1| function |
    +---------+---------+-----------+-----------+-----+-----+----------+

    + Detail: 
        * Instance: 
        N/A

        * Loop: 
        N/A

============================================================
+ Verbose Summary: Synthesis Manager
============================================================
InlineROM: 1
ExposeGlobal: 0
============================================================
+ Verbose Summary: CDFG Model
============================================================
IsTopModel: 0
ResetActiveHigh: 1
IsCombinational: 0
IsDatapathOnly: 0
HasWiredReturn: 1
HasMFsm: 2
HasVarLatency: 0
IsPipeline: 1
IsRtlPipelined: 1
IsInstanceOverlapped: 0
IsDontTouch: 0
HasImplIP: 0
IsGatedGlobalClock: 0

+ Individual pipeline summary: 
  * Pipeline-0: initiation interval (II) = 1, depth = 7


============================================================
+ Verbose Summary: Schedule
============================================================
* Number of FSM states : 7
* Pipeline : 1
  Pipeline-0 : II = 1, D = 7, States = { 1 2 3 4 5 6 7 }
* Dataflow Pipeline: 0

* FSM state transitions: 
1 --> 2 
2 --> 3 
3 --> 4 
4 --> 5 
5 --> 6 
6 --> 7 
7 --> 

* FSM state operations: 

State 1 <SV = 0> <Delay = 3.55>
ST_1 : Operation 8 [1/1] (0.00ns)   --->   "%in_V_read = call i9 @_ssdm_op_Read.ap_auto.i9(i9 %in_V)" [/data/tools/Xilinx/Vivado/2020.1/common/technology/autopilot/hls_cordic_apfixed.h:230]   --->   Operation 8 'read' 'in_V_read' <Predicate = true> <Delay = 0.00>
ST_1 : Operation 9 [1/1] (0.59ns)   --->   "%sign0_V = icmp sgt i9 %in_V_read, 0" [/data/tools/Xilinx/Vivado/2020.1/common/technology/autopilot/hls_cordic_apfixed.h:230]   --->   Operation 9 'icmp' 'sign0_V' <Predicate = true> <Delay = 0.59> <Core = "Cmp">   --->   Core 25 'Cmp' <Latency = 0> <II = 1> <Delay = 0.34> <FuncUnit> <Opcode : 'icmp'> <InPorts = 2> <OutPorts = 1>
ST_1 : Operation 10 [1/1] (0.71ns)   --->   "%inabs_V = sub i9 0, %in_V_read" [/data/tools/Xilinx/Vivado/2020.1/common/technology/autopilot/hls_cordic_apfixed.h:237]   --->   Operation 10 'sub' 'inabs_V' <Predicate = true> <Delay = 0.71> <Core = "AddSub">   --->   Core 14 'AddSub' <Latency = 0> <II = 1> <Delay = 0.70> <FuncUnit> <Opcode : 'add' 'sub'> <InPorts = 2> <OutPorts = 1>
ST_1 : Operation 11 [1/1] (0.30ns)   --->   "%p_Val2_s = select i1 %sign0_V, i9 %in_V_read, i9 %inabs_V" [/data/tools/Xilinx/Vivado/2020.1/common/technology/autopilot/hls_cordic_apfixed.h:234]   --->   Operation 11 'select' 'p_Val2_s' <Predicate = true> <Delay = 0.30> <Core = "Sel">   --->   Core 26 'Sel' <Latency = 0> <II = 1> <Delay = 0.27> <FuncUnit> <Opcode : 'select'> <InPorts = 3> <OutPorts = 1>
ST_1 : Operation 12 [1/1] (0.00ns)   --->   "%r_V = zext i9 %p_Val2_s to i25" [/data/tools/Xilinx/Vivado/2020.1/common/technology/autopilot/hls_cordic_apfixed.h:64->/data/tools/Xilinx/Vivado/2020.1/common/technology/autopilot/hls_cordic_apfixed.h:243]   --->   Operation 12 'zext' 'r_V' <Predicate = true> <Delay = 0.00>
ST_1 : Operation 13 [1/1] (2.53ns) (root node of the DSP)   --->   "%r_V_31 = mul i25 %r_V, 41721" [/data/tools/Xilinx/Vivado/2020.1/common/technology/autopilot/hls_cordic_apfixed.h:64->/data/tools/Xilinx/Vivado/2020.1/common/technology/autopilot/hls_cordic_apfixed.h:243]   --->   Operation 13 'mul' 'r_V_31' <Predicate = true> <Delay = 2.53> <Core = "DSP48">   --->   Core 88 'DSP48' <Latency = 0> <II = 1> <Delay = 2.53> <IPBlock> <Opcode : 'mul' 'add' 'sub' 'select'> <InPorts = 2> <OutPorts = 1> <Sync> <CReg>
ST_1 : Operation 14 [1/1] (0.00ns)   --->   "%ret_V = call i6 @_ssdm_op_PartSelect.i6.i25.i32.i32(i25 %r_V_31, i32 19, i32 24)" [/data/tools/Xilinx/Vivado/2020.1/common/technology/autopilot/hls_cordic_apfixed.h:65->/data/tools/Xilinx/Vivado/2020.1/common/technology/autopilot/hls_cordic_apfixed.h:243]   --->   Operation 14 'partselect' 'ret_V' <Predicate = true> <Delay = 0.00>
ST_1 : Operation 15 [1/1] (0.00ns)   --->   "%k_V = call i2 @_ssdm_op_PartSelect.i2.i25.i32.i32(i25 %r_V_31, i32 19, i32 20)" [/data/tools/Xilinx/Vivado/2020.1/common/technology/autopilot/hls_cordic_apfixed.h:67->/data/tools/Xilinx/Vivado/2020.1/common/technology/autopilot/hls_cordic_apfixed.h:243]   --->   Operation 15 'partselect' 'k_V' <Predicate = true> <Delay = 0.00>

State 2 <SV = 1> <Delay = 3.57>
ST_2 : Operation 16 [1/1] (0.00ns)   --->   "%r_V_28 = zext i6 %ret_V to i17" [/data/tools/Xilinx/Vivado/2020.1/common/technology/autopilot/hls_cordic_apfixed.h:68->/data/tools/Xilinx/Vivado/2020.1/common/technology/autopilot/hls_cordic_apfixed.h:243]   --->   Operation 16 'zext' 'r_V_28' <Predicate = true> <Delay = 0.00>
ST_2 : Operation 17 [1/1] (0.49ns) (grouped into DSP with root node ret_V_41)   --->   "%r_V_32 = mul i17 %r_V_28, 1608" [/data/tools/Xilinx/Vivado/2020.1/common/technology/autopilot/hls_cordic_apfixed.h:68->/data/tools/Xilinx/Vivado/2020.1/common/technology/autopilot/hls_cordic_apfixed.h:243]   --->   Operation 17 'mul' 'r_V_32' <Predicate = true> <Delay = 0.49> <Core = "DSP48">   --->   Core 88 'DSP48' <Latency = 0> <II = 1> <Delay = 2.53> <IPBlock> <Opcode : 'mul' 'add' 'sub' 'select'> <InPorts = 2> <OutPorts = 1> <Sync> <CReg>
ST_2 : Operation 18 [1/1] (0.00ns)   --->   "%lhs_V = call i16 @_ssdm_op_BitConcatenate.i16.i9.i7(i9 %p_Val2_s, i7 0)" [/data/tools/Xilinx/Vivado/2020.1/common/technology/autopilot/hls_cordic_apfixed.h:68->/data/tools/Xilinx/Vivado/2020.1/common/technology/autopilot/hls_cordic_apfixed.h:243]   --->   Operation 18 'bitconcatenate' 'lhs_V' <Predicate = true> <Delay = 0.00>
ST_2 : Operation 19 [1/1] (0.00ns)   --->   "%zext_ln728 = zext i16 %lhs_V to i18" [/data/tools/Xilinx/Vivado/2020.1/common/technology/autopilot/hls_cordic_apfixed.h:68->/data/tools/Xilinx/Vivado/2020.1/common/technology/autopilot/hls_cordic_apfixed.h:243]   --->   Operation 19 'zext' 'zext_ln728' <Predicate = true> <Delay = 0.00>
ST_2 : Operation 20 [1/1] (0.00ns) (grouped into DSP with root node ret_V_41)   --->   "%rhs_V = zext i17 %r_V_32 to i18" [/data/tools/Xilinx/Vivado/2020.1/common/technology/autopilot/hls_cordic_apfixed.h:68->/data/tools/Xilinx/Vivado/2020.1/common/technology/autopilot/hls_cordic_apfixed.h:243]   --->   Operation 20 'zext' 'rhs_V' <Predicate = true> <Delay = 0.00>
ST_2 : Operation 21 [1/1] (2.03ns) (root node of the DSP)   --->   "%ret_V_41 = sub i18 %zext_ln728, %rhs_V" [/data/tools/Xilinx/Vivado/2020.1/common/technology/autopilot/hls_cordic_apfixed.h:68->/data/tools/Xilinx/Vivado/2020.1/common/technology/autopilot/hls_cordic_apfixed.h:243]   --->   Operation 21 'sub' 'ret_V_41' <Predicate = true> <Delay = 2.03> <Core = "DSP48">   --->   Core 88 'DSP48' <Latency = 0> <II = 1> <Delay = 2.53> <IPBlock> <Opcode : 'mul' 'add' 'sub' 'select'> <InPorts = 2> <OutPorts = 1> <Sync> <CReg>
ST_2 : Operation 22 [1/1] (0.00ns)   --->   "%p_Val2_48 = call i10 @_ssdm_op_PartSelect.i10.i18.i32.i32(i18 %ret_V_41, i32 1, i32 10)" [/data/tools/Xilinx/Vivado/2020.1/common/technology/autopilot/hls_cordic_apfixed.h:68->/data/tools/Xilinx/Vivado/2020.1/common/technology/autopilot/hls_cordic_apfixed.h:243]   --->   Operation 22 'partselect' 'p_Val2_48' <Predicate = true> <Delay = 0.00>
ST_2 : Operation 23 [1/1] (0.34ns)   --->   "%icmp_ln879 = icmp eq i2 %k_V, 1" [/data/tools/Xilinx/Vivado/2020.1/common/technology/autopilot/hls_cordic_apfixed.h:251]   --->   Operation 23 'icmp' 'icmp_ln879' <Predicate = true> <Delay = 0.34> <Core = "Cmp">   --->   Core 25 'Cmp' <Latency = 0> <II = 1> <Delay = 0.34> <FuncUnit> <Opcode : 'icmp'> <InPorts = 2> <OutPorts = 1>
ST_2 : Operation 24 [1/1] (0.00ns)   --->   "%rhs_V_10 = zext i10 %p_Val2_48 to i11" [/data/tools/Xilinx/Vivado/2020.1/common/technology/autopilot/hls_cordic_apfixed.h:257]   --->   Operation 24 'zext' 'rhs_V_10' <Predicate = true> <Delay = 0.00>
ST_2 : Operation 25 [1/1] (0.00ns) (grouped into LUT with out node z_V_1)   --->   "%trunc_ln708_s = call i9 @_ssdm_op_PartSelect.i9.i18.i32.i32(i18 %ret_V_41, i32 2, i32 10)" [/data/tools/Xilinx/Vivado/2020.1/common/technology/autopilot/hls_cordic_apfixed.h:257]   --->   Operation 25 'partselect' 'trunc_ln708_s' <Predicate = true> <Delay = 0.00>
ST_2 : Operation 26 [1/1] (0.00ns) (grouped into LUT with out node z_V_1)   --->   "%z_V = zext i9 %trunc_ln708_s to i10" [/data/tools/Xilinx/Vivado/2020.1/common/technology/autopilot/hls_cordic_apfixed.h:257]   --->   Operation 26 'zext' 'z_V' <Predicate = true> <Delay = 0.00>
ST_2 : Operation 27 [1/1] (0.73ns)   --->   "%ret_V_42 = sub i11 804, %rhs_V_10" [/data/tools/Xilinx/Vivado/2020.1/common/technology/autopilot/hls_cordic_apfixed.h:254]   --->   Operation 27 'sub' 'ret_V_42' <Predicate = true> <Delay = 0.73> <Core = "AddSub">   --->   Core 14 'AddSub' <Latency = 0> <II = 1> <Delay = 0.70> <FuncUnit> <Opcode : 'add' 'sub'> <InPorts = 2> <OutPorts = 1>
ST_2 : Operation 28 [1/1] (0.00ns) (grouped into LUT with out node z_V_1)   --->   "%trunc_ln708_15 = call i10 @_ssdm_op_PartSelect.i10.i11.i32.i32(i11 %ret_V_42, i32 1, i32 10)" [/data/tools/Xilinx/Vivado/2020.1/common/technology/autopilot/hls_cordic_apfixed.h:254]   --->   Operation 28 'partselect' 'trunc_ln708_15' <Predicate = true> <Delay = 0.00>
ST_2 : Operation 29 [1/1] (0.34ns)   --->   "%icmp_ln251 = icmp eq i2 %k_V, -1" [/data/tools/Xilinx/Vivado/2020.1/common/technology/autopilot/hls_cordic_apfixed.h:251]   --->   Operation 29 'icmp' 'icmp_ln251' <Predicate = true> <Delay = 0.34> <Core = "Cmp">   --->   Core 25 'Cmp' <Latency = 0> <II = 1> <Delay = 0.34> <FuncUnit> <Opcode : 'icmp'> <InPorts = 2> <OutPorts = 1>
ST_2 : Operation 30 [1/1] (0.00ns) (grouped into LUT with out node z_V_1)   --->   "%or_ln251 = or i1 %icmp_ln251, %icmp_ln879" [/data/tools/Xilinx/Vivado/2020.1/common/technology/autopilot/hls_cordic_apfixed.h:251]   --->   Operation 30 'or' 'or_ln251' <Predicate = true> <Delay = 0.00> <Core = "LogicGate">   --->   Core 27 'LogicGate' <Latency = 0> <II = 1> <Delay = 0.12> <FuncUnit> <Opcode : 'and' 'or' 'xor'> <InPorts = 2> <OutPorts = 1>
ST_2 : Operation 31 [1/1] (0.30ns) (out node of the LUT)   --->   "%z_V_1 = select i1 %or_ln251, i10 %trunc_ln708_15, i10 %z_V" [/data/tools/Xilinx/Vivado/2020.1/common/technology/autopilot/hls_cordic_apfixed.h:251]   --->   Operation 31 'select' 'z_V_1' <Predicate = true> <Delay = 0.30> <Core = "Sel">   --->   Core 26 'Sel' <Latency = 0> <II = 1> <Delay = 0.27> <FuncUnit> <Opcode : 'select'> <InPorts = 3> <OutPorts = 1>
ST_2 : Operation 32 [1/1] (0.34ns)   --->   "%icmp_ln879_1 = icmp eq i2 %k_V, 0" [/data/tools/Xilinx/Vivado/2020.1/common/technology/autopilot/hls_cordic_apfixed.h:274]   --->   Operation 32 'icmp' 'icmp_ln879_1' <Predicate = true> <Delay = 0.34> <Core = "Cmp">   --->   Core 25 'Cmp' <Latency = 0> <II = 1> <Delay = 0.34> <FuncUnit> <Opcode : 'icmp'> <InPorts = 2> <OutPorts = 1>

State 3 <SV = 2> <Delay = 4.27>
ST_3 : Operation 33 [4/4] (4.27ns)   --->   "%y_V = call fastcc i11 @"cordic_circ_apfixed<11, 3, 0>"(i10 %z_V_1)" [/data/tools/Xilinx/Vivado/2020.1/common/technology/autopilot/hls_cordic_apfixed.h:266]   --->   Operation 33 'call' 'y_V' <Predicate = true> <Delay = 4.27> <CoreType = "Generic">   --->   Core 0 '' <Latency = 0> <II = 1> <Delay = 1.00> <Generic> <Opcode : >

State 4 <SV = 3> <Delay = 4.30>
ST_4 : Operation 34 [3/4] (4.30ns)   --->   "%y_V = call fastcc i11 @"cordic_circ_apfixed<11, 3, 0>"(i10 %z_V_1)" [/data/tools/Xilinx/Vivado/2020.1/common/technology/autopilot/hls_cordic_apfixed.h:266]   --->   Operation 34 'call' 'y_V' <Predicate = true> <Delay = 4.30> <CoreType = "Generic">   --->   Core 0 '' <Latency = 0> <II = 1> <Delay = 1.00> <Generic> <Opcode : >

State 5 <SV = 4> <Delay = 4.30>
ST_5 : Operation 35 [2/4] (4.30ns)   --->   "%y_V = call fastcc i11 @"cordic_circ_apfixed<11, 3, 0>"(i10 %z_V_1)" [/data/tools/Xilinx/Vivado/2020.1/common/technology/autopilot/hls_cordic_apfixed.h:266]   --->   Operation 35 'call' 'y_V' <Predicate = true> <Delay = 4.30> <CoreType = "Generic">   --->   Core 0 '' <Latency = 0> <II = 1> <Delay = 1.00> <Generic> <Opcode : >

State 6 <SV = 5> <Delay = 3.37>
ST_6 : Operation 36 [1/4] (3.37ns)   --->   "%y_V = call fastcc i11 @"cordic_circ_apfixed<11, 3, 0>"(i10 %z_V_1)" [/data/tools/Xilinx/Vivado/2020.1/common/technology/autopilot/hls_cordic_apfixed.h:266]   --->   Operation 36 'call' 'y_V' <Predicate = true> <Delay = 3.37> <CoreType = "Generic">   --->   Core 0 '' <Latency = 0> <II = 1> <Delay = 1.00> <Generic> <Opcode : >
ST_6 : Operation 37 [1/1] (0.00ns)   --->   "%trunc_ln = call i5 @_ssdm_op_PartSelect.i5.i11.i32.i32(i11 %y_V, i32 5, i32 9)" [/data/tools/Xilinx/Vivado/2020.1/common/technology/autopilot/hls_cordic_apfixed.h:275]   --->   Operation 37 'partselect' 'trunc_ln' <Predicate = true> <Delay = 0.00>

State 7 <SV = 6> <Delay = 1.99>
ST_7 : Operation 38 [1/1] (0.00ns)   --->   "%zext_ln703 = zext i11 %y_V to i12" [/data/tools/Xilinx/Vivado/2020.1/common/technology/autopilot/hls_cordic_apfixed.h:283]   --->   Operation 38 'zext' 'zext_ln703' <Predicate = (!icmp_ln879_1)> <Delay = 0.00>
ST_7 : Operation 39 [1/1] (0.73ns)   --->   "%sub_ln1253 = sub i12 0, %zext_ln703" [/data/tools/Xilinx/Vivado/2020.1/common/technology/autopilot/hls_cordic_apfixed.h:283]   --->   Operation 39 'sub' 'sub_ln1253' <Predicate = (!icmp_ln879_1)> <Delay = 0.73> <Core = "AddSub">   --->   Core 14 'AddSub' <Latency = 0> <II = 1> <Delay = 0.70> <FuncUnit> <Opcode : 'add' 'sub'> <InPorts = 2> <OutPorts = 1>
ST_7 : Operation 40 [1/1] (0.00ns) (grouped into LUT with out node p_Val2_51)   --->   "%trunc_ln708_16 = call i5 @_ssdm_op_PartSelect.i5.i12.i32.i32(i12 %sub_ln1253, i32 5, i32 9)" [/data/tools/Xilinx/Vivado/2020.1/common/technology/autopilot/hls_cordic_apfixed.h:283]   --->   Operation 40 'partselect' 'trunc_ln708_16' <Predicate = (!icmp_ln879_1)> <Delay = 0.00>
ST_7 : Operation 41 [1/1] (0.00ns) (grouped into LUT with out node p_Val2_51)   --->   "%select_ln879 = select i1 %icmp_ln879_1, i5 %trunc_ln, i5 %trunc_ln708_16" [/data/tools/Xilinx/Vivado/2020.1/common/technology/autopilot/hls_cordic_apfixed.h:274]   --->   Operation 41 'select' 'select_ln879' <Predicate = true> <Delay = 0.00> <Core = "Sel">   --->   Core 26 'Sel' <Latency = 0> <II = 1> <Delay = 0.27> <FuncUnit> <Opcode : 'select'> <InPorts = 3> <OutPorts = 1>
ST_7 : Operation 42 [1/1] (0.00ns) (grouped into LUT with out node p_Val2_51)   --->   "%xor_ln879 = xor i1 %icmp_ln879_1, true" [/data/tools/Xilinx/Vivado/2020.1/common/technology/autopilot/hls_cordic_apfixed.h:274]   --->   Operation 42 'xor' 'xor_ln879' <Predicate = true> <Delay = 0.00> <Core = "LogicGate">   --->   Core 27 'LogicGate' <Latency = 0> <II = 1> <Delay = 0.12> <FuncUnit> <Opcode : 'and' 'or' 'xor'> <InPorts = 2> <OutPorts = 1>
ST_7 : Operation 43 [1/1] (0.00ns) (grouped into LUT with out node p_Val2_51)   --->   "%and_ln879 = and i1 %icmp_ln879, %xor_ln879" [/data/tools/Xilinx/Vivado/2020.1/common/technology/autopilot/hls_cordic_apfixed.h:251]   --->   Operation 43 'and' 'and_ln879' <Predicate = true> <Delay = 0.00> <Core = "LogicGate">   --->   Core 27 'LogicGate' <Latency = 0> <II = 1> <Delay = 0.12> <FuncUnit> <Opcode : 'and' 'or' 'xor'> <InPorts = 2> <OutPorts = 1>
ST_7 : Operation 44 [1/1] (0.27ns) (out node of the LUT)   --->   "%p_Val2_51 = select i1 %and_ln879, i5 %trunc_ln, i5 %select_ln879" [/data/tools/Xilinx/Vivado/2020.1/common/technology/autopilot/hls_cordic_apfixed.h:251]   --->   Operation 44 'select' 'p_Val2_51' <Predicate = true> <Delay = 0.27> <Core = "Sel">   --->   Core 26 'Sel' <Latency = 0> <II = 1> <Delay = 0.27> <FuncUnit> <Opcode : 'select'> <InPorts = 3> <OutPorts = 1>
ST_7 : Operation 45 [1/1] (0.70ns)   --->   "%sub_ln703 = sub i5 0, %p_Val2_51" [/data/tools/Xilinx/Vivado/2020.1/common/technology/autopilot/hls_cordic_apfixed.h:292]   --->   Operation 45 'sub' 'sub_ln703' <Predicate = (!sign0_V)> <Delay = 0.70> <Core = "AddSub">   --->   Core 14 'AddSub' <Latency = 0> <II = 1> <Delay = 0.70> <FuncUnit> <Opcode : 'add' 'sub'> <InPorts = 2> <OutPorts = 1>
ST_7 : Operation 46 [1/1] (0.27ns)   --->   "%p_Val2_52 = select i1 %sign0_V, i5 %p_Val2_51, i5 %sub_ln703" [/data/tools/Xilinx/Vivado/2020.1/common/technology/autopilot/hls_cordic_apfixed.h:291]   --->   Operation 46 'select' 'p_Val2_52' <Predicate = true> <Delay = 0.27> <Core = "Sel">   --->   Core 26 'Sel' <Latency = 0> <II = 1> <Delay = 0.27> <FuncUnit> <Opcode : 'select'> <InPorts = 3> <OutPorts = 1>
ST_7 : Operation 47 [1/1] (0.00ns)   --->   "ret i5 %p_Val2_52" [/data/tools/Xilinx/Vivado/2020.1/common/technology/autopilot/hls_cordic_apfixed.h:291]   --->   Operation 47 'ret' <Predicate = true> <Delay = 0.00>


============================================================
+ Verbose Summary: Timing violations
============================================================
Target clock period: 5ns, clock uncertainty: 0.625ns.

 <State 1>: 3.55ns
The critical path consists of the following:
	wire read on port 'in_V' (/data/tools/Xilinx/Vivado/2020.1/common/technology/autopilot/hls_cordic_apfixed.h:230) [2]  (0 ns)
	'sub' operation ('inabs.V', /data/tools/Xilinx/Vivado/2020.1/common/technology/autopilot/hls_cordic_apfixed.h:237) [4]  (0.715 ns)
	'select' operation ('__Val2__', /data/tools/Xilinx/Vivado/2020.1/common/technology/autopilot/hls_cordic_apfixed.h:234) [5]  (0.303 ns)
	'mul' operation of DSP[7] ('r.V', /data/tools/Xilinx/Vivado/2020.1/common/technology/autopilot/hls_cordic_apfixed.h:64->/data/tools/Xilinx/Vivado/2020.1/common/technology/autopilot/hls_cordic_apfixed.h:243) [7]  (2.53 ns)

 <State 2>: 3.57ns
The critical path consists of the following:
	'mul' operation of DSP[15] ('r.V', /data/tools/Xilinx/Vivado/2020.1/common/technology/autopilot/hls_cordic_apfixed.h:68->/data/tools/Xilinx/Vivado/2020.1/common/technology/autopilot/hls_cordic_apfixed.h:243) [11]  (0.494 ns)
	'sub' operation of DSP[15] ('ret.V', /data/tools/Xilinx/Vivado/2020.1/common/technology/autopilot/hls_cordic_apfixed.h:68->/data/tools/Xilinx/Vivado/2020.1/common/technology/autopilot/hls_cordic_apfixed.h:243) [15]  (2.04 ns)
	'sub' operation ('ret.V', /data/tools/Xilinx/Vivado/2020.1/common/technology/autopilot/hls_cordic_apfixed.h:254) [21]  (0.735 ns)
	'select' operation ('z.V', /data/tools/Xilinx/Vivado/2020.1/common/technology/autopilot/hls_cordic_apfixed.h:251) [25]  (0.303 ns)

 <State 3>: 4.27ns
The critical path consists of the following:
	'call' operation ('y.V', /data/tools/Xilinx/Vivado/2020.1/common/technology/autopilot/hls_cordic_apfixed.h:266) to 'cordic_circ_apfixed<11, 3, 0>' [26]  (4.27 ns)

 <State 4>: 4.31ns
The critical path consists of the following:
	'call' operation ('y.V', /data/tools/Xilinx/Vivado/2020.1/common/technology/autopilot/hls_cordic_apfixed.h:266) to 'cordic_circ_apfixed<11, 3, 0>' [26]  (4.31 ns)

 <State 5>: 4.31ns
The critical path consists of the following:
	'call' operation ('y.V', /data/tools/Xilinx/Vivado/2020.1/common/technology/autopilot/hls_cordic_apfixed.h:266) to 'cordic_circ_apfixed<11, 3, 0>' [26]  (4.31 ns)

 <State 6>: 3.38ns
The critical path consists of the following:
	'call' operation ('y.V', /data/tools/Xilinx/Vivado/2020.1/common/technology/autopilot/hls_cordic_apfixed.h:266) to 'cordic_circ_apfixed<11, 3, 0>' [26]  (3.38 ns)

 <State 7>: 2ns
The critical path consists of the following:
	'sub' operation ('sub_ln1253', /data/tools/Xilinx/Vivado/2020.1/common/technology/autopilot/hls_cordic_apfixed.h:283) [30]  (0.735 ns)
	'select' operation ('select_ln879', /data/tools/Xilinx/Vivado/2020.1/common/technology/autopilot/hls_cordic_apfixed.h:274) [32]  (0 ns)
	'select' operation ('__Val2__', /data/tools/Xilinx/Vivado/2020.1/common/technology/autopilot/hls_cordic_apfixed.h:251) [35]  (0.278 ns)
	'sub' operation ('sub_ln703', /data/tools/Xilinx/Vivado/2020.1/common/technology/autopilot/hls_cordic_apfixed.h:292) [36]  (0.707 ns)
	'select' operation ('__Val2__', /data/tools/Xilinx/Vivado/2020.1/common/technology/autopilot/hls_cordic_apfixed.h:291) [37]  (0.278 ns)


============================================================
+ Verbose Summary: Binding
============================================================
N/A
* FSMD analyzer results:
  - Output states:
 - Input state : 
  - Chain level:
	State 1
	State 2
	State 3
	State 4
	State 5
	State 6
	State 7


============================================================
+ Verbose Summary: Datapath Resource usage 
============================================================
N/A
