

================================================================
== Vivado HLS Report for 'myproject'
================================================================
* Date:           Thu Feb 23 14:38:28 2023

* Version:        2020.1 (Build 2897737 on Wed May 27 20:21:37 MDT 2020)
* Project:        myproject_prj
* Solution:       solution1
* Product family: virtexuplus
* Target device:  xcvu9p-flga2577-2-e


================================================================
== Performance Estimates
================================================================
+ Timing: 
    * Summary: 
    +--------+---------+----------+------------+
    |  Clock |  Target | Estimated| Uncertainty|
    +--------+---------+----------+------------+
    |ap_clk  | 5.00 ns | 4.340 ns |   0.62 ns  |
    +--------+---------+----------+------------+

+ Latency: 
    * Summary: 
    +---------+---------+-----------+-----------+-----+-----+----------+
    |  Latency (cycles) |   Latency (absolute)  |  Interval | Pipeline |
    |   min   |   max   |    min    |    max    | min | max |   Type   |
    +---------+---------+-----------+-----------+-----+-----+----------+
    |        8|        8| 40.000 ns | 40.000 ns |    1|    1| function |
    +---------+---------+-----------+-----------+-----+-----+----------+

    + Detail: 
        * Instance: 
        N/A

        * Loop: 
        N/A

============================================================
+ Verbose Summary: Synthesis Manager
============================================================
InlineROM: 1
ExposeGlobal: 0
============================================================
+ Verbose Summary: CDFG Model
============================================================
IsTopModel: 1
ResetActiveHigh: 1
IsCombinational: 0
IsDatapathOnly: 0
HasWiredReturn: 1
HasMFsm: 2
HasVarLatency: 0
IsPipeline: 1
IsRtlPipelined: 1
IsInstanceOverlapped: 0
IsDontTouch: 0
HasImplIP: 0
IsGatedGlobalClock: 0

+ Individual pipeline summary: 
  * Pipeline-0: initiation interval (II) = 1, depth = 9


============================================================
+ Verbose Summary: Schedule
============================================================
* Number of FSM states : 9
* Pipeline : 1
  Pipeline-0 : II = 1, D = 9, States = { 1 2 3 4 5 6 7 8 9 }
* Dataflow Pipeline: 0

* FSM state transitions: 
1 --> 2 
2 --> 3 
3 --> 4 
4 --> 5 
5 --> 6 
6 --> 7 
7 --> 8 
8 --> 9 
9 --> 

* FSM state operations: 

State 1 <SV = 0> <Delay = 3.35>
ST_1 : Operation 10 [1/1] (0.00ns)   --->   "%x_V_read = call i224 @_ssdm_op_Read.ap_vld.i224P(i224* %x_V)" [firmware/myproject.cpp:50]   --->   Operation 10 'read' 'x_V_read' <Predicate = true> <Delay = 0.00>
ST_1 : Operation 11 [1/1] (0.00ns)   --->   "%p_Val2_s = call i14 @_ssdm_op_PartSelect.i14.i224.i32.i32(i224 %x_V_read, i32 28, i32 41)" [firmware/myproject.cpp:50]   --->   Operation 11 'partselect' 'p_Val2_s' <Predicate = true> <Delay = 0.00>
ST_1 : Operation 12 [1/1] (0.00ns)   --->   "%p_Val2_11 = call i14 @_ssdm_op_PartSelect.i14.i224.i32.i32(i224 %x_V_read, i32 42, i32 55)" [firmware/myproject.cpp:50]   --->   Operation 12 'partselect' 'p_Val2_11' <Predicate = true> <Delay = 0.00>
ST_1 : Operation 13 [1/1] (0.00ns)   --->   "%sext_ln728 = sext i14 %p_Val2_11 to i22" [firmware/myproject.cpp:53]   --->   Operation 13 'sext' 'sext_ln728' <Predicate = true> <Delay = 0.00>
ST_1 : Operation 14 [1/1] (0.00ns)   --->   "%sext_ln1265 = sext i14 %p_Val2_11 to i15" [firmware/myproject.cpp:50]   --->   Operation 14 'sext' 'sext_ln1265' <Predicate = true> <Delay = 0.00>
ST_1 : Operation 15 [1/1] (0.00ns)   --->   "%p_Val2_1 = call i14 @_ssdm_op_PartSelect.i14.i224.i32.i32(i224 %x_V_read, i32 196, i32 209)" [firmware/myproject.cpp:50]   --->   Operation 15 'partselect' 'p_Val2_1' <Predicate = true> <Delay = 0.00>
ST_1 : Operation 16 [1/1] (0.00ns)   --->   "%sext_ln727 = sext i14 %p_Val2_1 to i22" [firmware/myproject.cpp:50]   --->   Operation 16 'sext' 'sext_ln727' <Predicate = true> <Delay = 0.00>
ST_1 : Operation 17 [1/1] (0.00ns)   --->   "%lhs_V_1 = call i22 @_ssdm_op_BitConcatenate.i22.i14.i8(i14 %p_Val2_1, i8 0)" [firmware/myproject.cpp:50]   --->   Operation 17 'bitconcatenate' 'lhs_V_1' <Predicate = true> <Delay = 0.00>
ST_1 : Operation 18 [1/1] (0.49ns) (grouped into DSP with root node ret_V_31)   --->   "%mul_ln1193 = mul i22 -159, %sext_ln728" [firmware/myproject.cpp:50]   --->   Operation 18 'mul' 'mul_ln1193' <Predicate = true> <Delay = 0.49> <Core = "DSP48">   --->   Core 88 'DSP48' <Latency = 0> <II = 1> <Delay = 2.53> <IPBlock> <Opcode : 'mul' 'add' 'sub' 'select'> <InPorts = 2> <OutPorts = 1> <Sync> <CReg>
ST_1 : Operation 19 [1/1] (2.03ns) (root node of the DSP)   --->   "%ret_V_31 = add i22 %mul_ln1193, %lhs_V_1" [firmware/myproject.cpp:50]   --->   Operation 19 'add' 'ret_V_31' <Predicate = true> <Delay = 2.03> <Core = "DSP48">   --->   Core 88 'DSP48' <Latency = 0> <II = 1> <Delay = 2.53> <IPBlock> <Opcode : 'mul' 'add' 'sub' 'select'> <InPorts = 2> <OutPorts = 1> <Sync> <CReg>
ST_1 : Operation 20 [1/1] (0.00ns)   --->   "%trunc_ln = call i14 @_ssdm_op_PartSelect.i14.i22.i32.i32(i22 %ret_V_31, i32 8, i32 21)" [firmware/myproject.cpp:50]   --->   Operation 20 'partselect' 'trunc_ln' <Predicate = true> <Delay = 0.00>
ST_1 : Operation 21 [1/1] (0.00ns)   --->   "%p_Val2_2 = call i14 @_ssdm_op_PartSelect.i14.i224.i32.i32(i224 %x_V_read, i32 56, i32 69)" [firmware/myproject.cpp:50]   --->   Operation 21 'partselect' 'p_Val2_2' <Predicate = true> <Delay = 0.00>
ST_1 : Operation 22 [1/1] (0.00ns)   --->   "%p_Val2_3 = call i14 @_ssdm_op_PartSelect.i14.i224.i32.i32(i224 %x_V_read, i32 210, i32 223)" [firmware/myproject.cpp:50]   --->   Operation 22 'partselect' 'p_Val2_3' <Predicate = true> <Delay = 0.00>
ST_1 : Operation 23 [1/1] (0.00ns)   --->   "%tmp_7 = call i13 @_ssdm_op_PartSelect.i13.i224.i32.i32(i224 %x_V_read, i32 42, i32 54)" [firmware/myproject.cpp:51]   --->   Operation 23 'partselect' 'tmp_7' <Predicate = true> <Delay = 0.00>
ST_1 : Operation 24 [1/1] (0.00ns)   --->   "%trunc_ln4 = call i22 @_ssdm_op_BitConcatenate.i22.i13.i9(i13 %tmp_7, i9 0)" [firmware/myproject.cpp:51]   --->   Operation 24 'bitconcatenate' 'trunc_ln4' <Predicate = true> <Delay = 0.00>
ST_1 : Operation 25 [1/1] (0.82ns)   --->   "%add_ln1192_7 = add i22 -13568, %trunc_ln4" [firmware/myproject.cpp:51]   --->   Operation 25 'add' 'add_ln1192_7' <Predicate = true> <Delay = 0.82> <Core = "AddSub">   --->   Core 14 'AddSub' <Latency = 0> <II = 1> <Delay = 0.94> <FuncUnit> <Opcode : 'add' 'sub'> <InPorts = 2> <OutPorts = 1>
ST_1 : Operation 26 [1/1] (0.00ns)   --->   "%trunc_ln708_5 = call i14 @_ssdm_op_PartSelect.i14.i22.i32.i32(i22 %add_ln1192_7, i32 8, i32 21)" [firmware/myproject.cpp:51]   --->   Operation 26 'partselect' 'trunc_ln708_5' <Predicate = true> <Delay = 0.00>
ST_1 : Operation 27 [4/4] (2.53ns)   --->   "%p_5 = call fastcc i10 @"sin_lut<ap_fixed<14, 6, 5, 3, 0> >"(i14 %trunc_ln708_5)" [firmware/myproject.cpp:51]   --->   Operation 27 'call' 'p_5' <Predicate = true> <Delay = 2.53> <CoreType = "Generic">   --->   Core 0 '' <Latency = 0> <II = 1> <Delay = 1.00> <Generic> <Opcode : >
ST_1 : Operation 28 [1/1] (0.00ns)   --->   "%r_V_11 = sext i14 %p_Val2_1 to i28" [firmware/myproject.cpp:52]   --->   Operation 28 'sext' 'r_V_11' <Predicate = true> <Delay = 0.00>
ST_1 : Operation 29 [1/1] (0.00ns)   --->   "%lhs_V_5 = sext i14 %p_Val2_1 to i15" [firmware/myproject.cpp:52]   --->   Operation 29 'sext' 'lhs_V_5' <Predicate = true> <Delay = 0.00>
ST_1 : Operation 30 [1/1] (0.00ns) (grouped into DSP with root node ret_V_16)   --->   "%sub_ln1193 = sub i15 %lhs_V_5, %sext_ln1265" [firmware/myproject.cpp:52]   --->   Operation 30 'sub' 'sub_ln1193' <Predicate = true> <Delay = 0.00> <Core = "DSP48">   --->   Core 88 'DSP48' <Latency = 0> <II = 1> <Delay = 2.53> <IPBlock> <Opcode : 'mul' 'add' 'sub' 'select'> <InPorts = 2> <OutPorts = 1> <Sync> <CReg>
ST_1 : Operation 31 [1/1] (0.00ns) (grouped into DSP with root node ret_V_16)   --->   "%sext_ln1193_1 = sext i15 %sub_ln1193 to i23" [firmware/myproject.cpp:52]   --->   Operation 31 'sext' 'sext_ln1193_1' <Predicate = true> <Delay = 0.00>
ST_1 : Operation 32 [1/1] (0.49ns) (grouped into DSP with root node ret_V_16)   --->   "%ret_V_40 = mul i23 163, %sext_ln1193_1" [firmware/myproject.cpp:52]   --->   Operation 32 'mul' 'ret_V_40' <Predicate = true> <Delay = 0.49> <Core = "DSP48">   --->   Core 88 'DSP48' <Latency = 0> <II = 1> <Delay = 2.53> <IPBlock> <Opcode : 'mul' 'add' 'sub' 'select'> <InPorts = 2> <OutPorts = 1> <Sync> <CReg>
ST_1 : Operation 33 [1/1] (2.03ns) (root node of the DSP)   --->   "%ret_V_16 = add i23 65536, %ret_V_40" [firmware/myproject.cpp:52]   --->   Operation 33 'add' 'ret_V_16' <Predicate = true> <Delay = 2.03> <Core = "DSP48">   --->   Core 88 'DSP48' <Latency = 0> <II = 1> <Delay = 2.53> <IPBlock> <Opcode : 'mul' 'add' 'sub' 'select'> <InPorts = 2> <OutPorts = 1> <Sync> <CReg>
ST_1 : Operation 34 [1/1] (2.53ns) (root node of the DSP)   --->   "%r_V_12 = mul i28 %r_V_11, %r_V_11" [firmware/myproject.cpp:53]   --->   Operation 34 'mul' 'r_V_12' <Predicate = true> <Delay = 2.53> <Core = "DSP48">   --->   Core 88 'DSP48' <Latency = 0> <II = 1> <Delay = 2.53> <IPBlock> <Opcode : 'mul' 'add' 'sub' 'select'> <InPorts = 2> <OutPorts = 1> <Sync> <CReg>
ST_1 : Operation 35 [1/1] (0.00ns) (grouped into TernaryAdder)   --->   "%add_ln1192_30 = add i22 -111104, %trunc_ln4" [firmware/myproject.cpp:54]   --->   Operation 35 'add' 'add_ln1192_30' <Predicate = true> <Delay = 0.00> <Core = "TAddSub">   --->   Core 83 'TAddSub' <Latency = 0> <II = 1> <Delay = 0.34> <IPBlock> <Opcode : 'add' 'sub'> <InPorts = 3> <OutPorts = 1> <Sync> <CReg>
ST_1 : Operation 36 [1/1] (0.69ns) (root node of TernaryAdder)   --->   "%add_ln1192_28 = add i22 %lhs_V_1, %add_ln1192_30" [firmware/myproject.cpp:54]   --->   Operation 36 'add' 'add_ln1192_28' <Predicate = true> <Delay = 0.69> <Core = "TAddSub">   --->   Core 83 'TAddSub' <Latency = 0> <II = 1> <Delay = 0.34> <IPBlock> <Opcode : 'add' 'sub'> <InPorts = 3> <OutPorts = 1> <Sync> <CReg>
ST_1 : Operation 37 [1/1] (0.00ns)   --->   "%trunc_ln708_12 = call i14 @_ssdm_op_PartSelect.i14.i22.i32.i32(i22 %add_ln1192_28, i32 8, i32 21)" [firmware/myproject.cpp:54]   --->   Operation 37 'partselect' 'trunc_ln708_12' <Predicate = true> <Delay = 0.00>
ST_1 : Operation 38 [4/4] (2.53ns)   --->   "%p_2 = call fastcc i10 @"sin_lut<ap_fixed<14, 6, 5, 3, 0> >"(i14 %trunc_ln708_12)" [firmware/myproject.cpp:54]   --->   Operation 38 'call' 'p_2' <Predicate = true> <Delay = 2.53> <CoreType = "Generic">   --->   Core 0 '' <Latency = 0> <II = 1> <Delay = 1.00> <Generic> <Opcode : >
ST_1 : Operation 39 [1/1] (0.49ns) (grouped into DSP with root node ret_V_26)   --->   "%mul_ln703_1 = mul i22 238, %sext_ln727" [firmware/myproject.cpp:54]   --->   Operation 39 'mul' 'mul_ln703_1' <Predicate = true> <Delay = 0.49> <Core = "DSP48">   --->   Core 88 'DSP48' <Latency = 0> <II = 1> <Delay = 2.53> <IPBlock> <Opcode : 'mul' 'add' 'sub' 'select'> <InPorts = 2> <OutPorts = 1> <Sync> <CReg>
ST_1 : Operation 40 [1/1] (2.03ns) (root node of the DSP)   --->   "%ret_V_26 = add i22 65536, %mul_ln703_1" [firmware/myproject.cpp:54]   --->   Operation 40 'add' 'ret_V_26' <Predicate = true> <Delay = 2.03> <Core = "DSP48">   --->   Core 88 'DSP48' <Latency = 0> <II = 1> <Delay = 2.53> <IPBlock> <Opcode : 'mul' 'add' 'sub' 'select'> <InPorts = 2> <OutPorts = 1> <Sync> <CReg>

State 2 <SV = 1> <Delay = 4.33>
ST_2 : Operation 41 [4/4] (2.53ns)   --->   "%p_s = call fastcc i10 @"sin_lut<ap_fixed<14, 6, 5, 3, 0> >"(i14 %trunc_ln)" [firmware/myproject.cpp:50]   --->   Operation 41 'call' 'p_s' <Predicate = true> <Delay = 2.53> <CoreType = "Generic">   --->   Core 0 '' <Latency = 0> <II = 1> <Delay = 1.00> <Generic> <Opcode : >
ST_2 : Operation 42 [1/1] (0.00ns)   --->   "%r_V_3 = sext i14 %p_Val2_2 to i28" [firmware/myproject.cpp:50]   --->   Operation 42 'sext' 'r_V_3' <Predicate = true> <Delay = 0.00>
ST_2 : Operation 43 [1/1] (2.53ns) (root node of the DSP)   --->   "%r_V_4 = mul i28 %r_V_3, %r_V_3" [firmware/myproject.cpp:50]   --->   Operation 43 'mul' 'r_V_4' <Predicate = true> <Delay = 2.53> <Core = "DSP48">   --->   Core 88 'DSP48' <Latency = 0> <II = 1> <Delay = 2.53> <IPBlock> <Opcode : 'mul' 'add' 'sub' 'select'> <InPorts = 2> <OutPorts = 1> <Sync> <CReg>
ST_2 : Operation 44 [1/1] (0.00ns)   --->   "%sext_ln728_1 = sext i14 %p_Val2_s to i22" [firmware/myproject.cpp:52]   --->   Operation 44 'sext' 'sext_ln728_1' <Predicate = true> <Delay = 0.00>
ST_2 : Operation 45 [1/1] (2.53ns) (root node of the DSP)   --->   "%mul_ln1192_6 = mul i22 %sext_ln728_1, %sext_ln728_1" [firmware/myproject.cpp:51]   --->   Operation 45 'mul' 'mul_ln1192_6' <Predicate = true> <Delay = 2.53> <Core = "DSP48">   --->   Core 88 'DSP48' <Latency = 0> <II = 1> <Delay = 2.53> <IPBlock> <Opcode : 'mul' 'add' 'sub' 'select'> <InPorts = 2> <OutPorts = 1> <Sync> <CReg>
ST_2 : Operation 46 [3/4] (4.33ns)   --->   "%p_5 = call fastcc i10 @"sin_lut<ap_fixed<14, 6, 5, 3, 0> >"(i14 %trunc_ln708_5)" [firmware/myproject.cpp:51]   --->   Operation 46 'call' 'p_5' <Predicate = true> <Delay = 4.33> <CoreType = "Generic">   --->   Core 0 '' <Latency = 0> <II = 1> <Delay = 1.00> <Generic> <Opcode : >
ST_2 : Operation 47 [1/1] (0.00ns)   --->   "%sext_ln1118_11 = sext i23 %ret_V_16 to i46" [firmware/myproject.cpp:52]   --->   Operation 47 'sext' 'sext_ln1118_11' <Predicate = true> <Delay = 0.00>
ST_2 : Operation 48 [1/1] (2.56ns)   --->   "%mul_ln1118 = mul i46 %sext_ln1118_11, %sext_ln1118_11" [firmware/myproject.cpp:52]   --->   Operation 48 'mul' 'mul_ln1118' <Predicate = true> <Delay = 2.56> <Core = "Mul">   --->   Core 16 'Mul' <Latency = 0> <II = 1> <Delay = 3.14> <FuncUnit> <Opcode : 'mul'> <InPorts = 2> <OutPorts = 1>
ST_2 : Operation 49 [1/1] (0.00ns)   --->   "%sext_ln700_3 = sext i28 %r_V_12 to i30" [firmware/myproject.cpp:53]   --->   Operation 49 'sext' 'sext_ln700_3' <Predicate = true> <Delay = 0.00>
ST_2 : Operation 50 [1/1] (2.53ns) (root node of the DSP)   --->   "%mul_ln700_2 = mul i30 840, %sext_ln700_3" [firmware/myproject.cpp:53]   --->   Operation 50 'mul' 'mul_ln700_2' <Predicate = true> <Delay = 2.53> <Core = "DSP48">   --->   Core 88 'DSP48' <Latency = 0> <II = 1> <Delay = 2.53> <IPBlock> <Opcode : 'mul' 'add' 'sub' 'select'> <InPorts = 2> <OutPorts = 1> <Sync> <CReg>
ST_2 : Operation 51 [1/1] (2.53ns) (root node of the DSP)   --->   "%mul_ln700_3 = mul i22 840, %sext_ln727" [firmware/myproject.cpp:53]   --->   Operation 51 'mul' 'mul_ln700_3' <Predicate = true> <Delay = 2.53> <Core = "DSP48">   --->   Core 88 'DSP48' <Latency = 0> <II = 1> <Delay = 2.53> <IPBlock> <Opcode : 'mul' 'add' 'sub' 'select'> <InPorts = 2> <OutPorts = 1> <Sync> <CReg>
ST_2 : Operation 52 [1/1] (0.00ns)   --->   "%shl_ln1 = call i30 @_ssdm_op_BitConcatenate.i30.i22.i8(i22 %mul_ln700_3, i8 0)" [firmware/myproject.cpp:53]   --->   Operation 52 'bitconcatenate' 'shl_ln1' <Predicate = true> <Delay = 0.00>
ST_2 : Operation 53 [1/1] (0.00ns) (grouped into TernaryAdder)   --->   "%add_ln700 = add i30 %mul_ln700_2, %shl_ln1" [firmware/myproject.cpp:53]   --->   Operation 53 'add' 'add_ln700' <Predicate = true> <Delay = 0.00> <Core = "TAddSub">   --->   Core 83 'TAddSub' <Latency = 0> <II = 1> <Delay = 0.34> <IPBlock> <Opcode : 'add' 'sub'> <InPorts = 3> <OutPorts = 1> <Sync> <CReg>
ST_2 : Operation 54 [1/1] (2.53ns) (root node of the DSP)   --->   "%mul_ln728_4 = mul i22 1680, %sext_ln728" [firmware/myproject.cpp:53]   --->   Operation 54 'mul' 'mul_ln728_4' <Predicate = true> <Delay = 2.53> <Core = "DSP48">   --->   Core 88 'DSP48' <Latency = 0> <II = 1> <Delay = 2.53> <IPBlock> <Opcode : 'mul' 'add' 'sub' 'select'> <InPorts = 2> <OutPorts = 1> <Sync> <CReg>
ST_2 : Operation 55 [1/1] (0.00ns)   --->   "%rhs_V_5 = call i30 @_ssdm_op_BitConcatenate.i30.i22.i8(i22 %mul_ln728_4, i8 0)" [firmware/myproject.cpp:53]   --->   Operation 55 'bitconcatenate' 'rhs_V_5' <Predicate = true> <Delay = 0.00>
ST_2 : Operation 56 [1/1] (0.72ns) (root node of TernaryAdder)   --->   "%ret_V_42 = add i30 %add_ln700, %rhs_V_5" [firmware/myproject.cpp:53]   --->   Operation 56 'add' 'ret_V_42' <Predicate = true> <Delay = 0.72> <Core = "TAddSub">   --->   Core 83 'TAddSub' <Latency = 0> <II = 1> <Delay = 0.34> <IPBlock> <Opcode : 'add' 'sub'> <InPorts = 3> <OutPorts = 1> <Sync> <CReg>
ST_2 : Operation 57 [1/1] (0.00ns)   --->   "%trunc_ln708_s = call i14 @_ssdm_op_PartSelect.i14.i30.i32.i32(i30 %ret_V_42, i32 16, i32 29)" [firmware/myproject.cpp:53]   --->   Operation 57 'partselect' 'trunc_ln708_s' <Predicate = true> <Delay = 0.00>
ST_2 : Operation 58 [3/4] (4.33ns)   --->   "%p_2 = call fastcc i10 @"sin_lut<ap_fixed<14, 6, 5, 3, 0> >"(i14 %trunc_ln708_12)" [firmware/myproject.cpp:54]   --->   Operation 58 'call' 'p_2' <Predicate = true> <Delay = 4.33> <CoreType = "Generic">   --->   Core 0 '' <Latency = 0> <II = 1> <Delay = 1.00> <Generic> <Opcode : >
ST_2 : Operation 59 [1/1] (0.00ns)   --->   "%sext_ln1118_16 = sext i22 %ret_V_26 to i44" [firmware/myproject.cpp:54]   --->   Operation 59 'sext' 'sext_ln1118_16' <Predicate = true> <Delay = 0.00>
ST_2 : Operation 60 [1/1] (2.51ns)   --->   "%mul_ln1118_5 = mul i44 %sext_ln1118_16, %sext_ln1118_16" [firmware/myproject.cpp:54]   --->   Operation 60 'mul' 'mul_ln1118_5' <Predicate = true> <Delay = 2.51> <Core = "Mul">   --->   Core 16 'Mul' <Latency = 0> <II = 1> <Delay = 3.14> <FuncUnit> <Opcode : 'mul'> <InPorts = 2> <OutPorts = 1>
ST_2 : Operation 61 [1/1] (0.49ns) (grouped into DSP with root node ret_V_47)   --->   "%mul_ln1192_8 = mul i22 %sext_ln728, %sext_ln728" [firmware/myproject.cpp:54]   --->   Operation 61 'mul' 'mul_ln1192_8' <Predicate = true> <Delay = 0.49> <Core = "DSP48">   --->   Core 88 'DSP48' <Latency = 0> <II = 1> <Delay = 2.53> <IPBlock> <Opcode : 'mul' 'add' 'sub' 'select'> <InPorts = 2> <OutPorts = 1> <Sync> <CReg>
ST_2 : Operation 62 [1/1] (2.03ns) (root node of the DSP)   --->   "%ret_V_47 = add i22 -33792, %mul_ln1192_8" [firmware/myproject.cpp:54]   --->   Operation 62 'add' 'ret_V_47' <Predicate = true> <Delay = 2.03> <Core = "DSP48">   --->   Core 88 'DSP48' <Latency = 0> <II = 1> <Delay = 2.53> <IPBlock> <Opcode : 'mul' 'add' 'sub' 'select'> <InPorts = 2> <OutPorts = 1> <Sync> <CReg>
ST_2 : Operation 63 [1/1] (0.00ns)   --->   "%trunc_ln708_14 = call i14 @_ssdm_op_PartSelect.i14.i22.i32.i32(i22 %ret_V_47, i32 8, i32 21)" [firmware/myproject.cpp:54]   --->   Operation 63 'partselect' 'trunc_ln708_14' <Predicate = true> <Delay = 0.00>

State 3 <SV = 2> <Delay = 4.33>
ST_3 : Operation 64 [3/4] (4.33ns)   --->   "%p_s = call fastcc i10 @"sin_lut<ap_fixed<14, 6, 5, 3, 0> >"(i14 %trunc_ln)" [firmware/myproject.cpp:50]   --->   Operation 64 'call' 'p_s' <Predicate = true> <Delay = 4.33> <CoreType = "Generic">   --->   Core 0 '' <Latency = 0> <II = 1> <Delay = 1.00> <Generic> <Opcode : >
ST_3 : Operation 65 [1/1] (0.00ns)   --->   "%sext_ln1192 = sext i14 %p_Val2_s to i30" [firmware/myproject.cpp:50]   --->   Operation 65 'sext' 'sext_ln1192' <Predicate = true> <Delay = 0.00>
ST_3 : Operation 66 [1/1] (0.00ns)   --->   "%sext_ln1192_1 = sext i28 %r_V_4 to i30" [firmware/myproject.cpp:50]   --->   Operation 66 'sext' 'sext_ln1192_1' <Predicate = true> <Delay = 0.00>
ST_3 : Operation 67 [1/1] (2.53ns) (root node of the DSP)   --->   "%mul_ln1192 = mul i30 %sext_ln1192, %sext_ln1192_1" [firmware/myproject.cpp:50]   --->   Operation 67 'mul' 'mul_ln1192' <Predicate = true> <Delay = 2.53> <Core = "DSP48">   --->   Core 88 'DSP48' <Latency = 0> <II = 1> <Delay = 2.53> <IPBlock> <Opcode : 'mul' 'add' 'sub' 'select'> <InPorts = 2> <OutPorts = 1> <Sync> <CReg>
ST_3 : Operation 68 [1/1] (0.00ns)   --->   "%lhs_V_2 = call i30 @_ssdm_op_BitConcatenate.i30.i14.i16(i14 %p_Val2_3, i16 0)" [firmware/myproject.cpp:50]   --->   Operation 68 'bitconcatenate' 'lhs_V_2' <Predicate = true> <Delay = 0.00>
ST_3 : Operation 69 [1/1] (0.86ns)   --->   "%ret_V_32 = add i30 %mul_ln1192, %lhs_V_2" [firmware/myproject.cpp:50]   --->   Operation 69 'add' 'ret_V_32' <Predicate = true> <Delay = 0.86> <Core = "AddSub">   --->   Core 14 'AddSub' <Latency = 0> <II = 1> <Delay = 0.94> <FuncUnit> <Opcode : 'add' 'sub'> <InPorts = 2> <OutPorts = 1>
ST_3 : Operation 70 [1/1] (0.00ns)   --->   "%trunc_ln708_1 = call i14 @_ssdm_op_PartSelect.i14.i30.i32.i32(i30 %ret_V_32, i32 16, i32 29)" [firmware/myproject.cpp:50]   --->   Operation 70 'partselect' 'trunc_ln708_1' <Predicate = true> <Delay = 0.00>
ST_3 : Operation 71 [4/4] (2.53ns)   --->   "%p_Val2_6 = call fastcc i10 @"sin_lut<ap_fixed<14, 6, 5, 3, 0> >"(i14 %p_Val2_s)" [firmware/myproject.cpp:51]   --->   Operation 71 'call' 'p_Val2_6' <Predicate = true> <Delay = 2.53> <CoreType = "Generic">   --->   Core 0 '' <Latency = 0> <II = 1> <Delay = 1.00> <Generic> <Opcode : >
ST_3 : Operation 72 [1/1] (0.00ns)   --->   "%lhs_V_3 = call i22 @_ssdm_op_BitConcatenate.i22.i14.i8(i14 %p_Val2_3, i8 0)" [firmware/myproject.cpp:51]   --->   Operation 72 'bitconcatenate' 'lhs_V_3' <Predicate = true> <Delay = 0.00>
ST_3 : Operation 73 [1/1] (0.82ns)   --->   "%add_ln1192_8 = add i22 %mul_ln1192_6, %lhs_V_3" [firmware/myproject.cpp:51]   --->   Operation 73 'add' 'add_ln1192_8' <Predicate = true> <Delay = 0.82> <Core = "AddSub">   --->   Core 14 'AddSub' <Latency = 0> <II = 1> <Delay = 0.94> <FuncUnit> <Opcode : 'add' 'sub'> <InPorts = 2> <OutPorts = 1>
ST_3 : Operation 74 [1/1] (0.00ns)   --->   "%rhs_V_1 = call i22 @_ssdm_op_BitConcatenate.i22.i14.i8(i14 %p_Val2_11, i8 0)" [firmware/myproject.cpp:51]   --->   Operation 74 'bitconcatenate' 'rhs_V_1' <Predicate = true> <Delay = 0.00>
ST_3 : Operation 75 [1/1] (0.00ns) (grouped into TernaryAdder)   --->   "%sub_ln1192 = sub i22 %add_ln1192_8, %rhs_V_1" [firmware/myproject.cpp:51]   --->   Operation 75 'sub' 'sub_ln1192' <Predicate = true> <Delay = 0.00> <Core = "TAddSub">   --->   Core 83 'TAddSub' <Latency = 0> <II = 1> <Delay = 0.34> <IPBlock> <Opcode : 'add' 'sub'> <InPorts = 3> <OutPorts = 1> <Sync> <CReg>
ST_3 : Operation 76 [1/1] (0.69ns) (root node of TernaryAdder)   --->   "%ret_V_36 = add i22 -101888, %sub_ln1192" [firmware/myproject.cpp:51]   --->   Operation 76 'add' 'ret_V_36' <Predicate = true> <Delay = 0.69> <Core = "TAddSub">   --->   Core 83 'TAddSub' <Latency = 0> <II = 1> <Delay = 0.34> <IPBlock> <Opcode : 'add' 'sub'> <InPorts = 3> <OutPorts = 1> <Sync> <CReg>
ST_3 : Operation 77 [1/1] (0.00ns)   --->   "%trunc_ln708_4 = call i14 @_ssdm_op_PartSelect.i14.i22.i32.i32(i22 %ret_V_36, i32 8, i32 21)" [firmware/myproject.cpp:51]   --->   Operation 77 'partselect' 'trunc_ln708_4' <Predicate = true> <Delay = 0.00>
ST_3 : Operation 78 [4/4] (2.53ns)   --->   "%p_Val2_s_28 = call fastcc i10 @"sin_lut<ap_fixed<14, 6, 5, 3, 0> >"(i14 %trunc_ln708_4)" [firmware/myproject.cpp:51]   --->   Operation 78 'call' 'p_Val2_s_28' <Predicate = true> <Delay = 2.53> <CoreType = "Generic">   --->   Core 0 '' <Latency = 0> <II = 1> <Delay = 1.00> <Generic> <Opcode : >
ST_3 : Operation 79 [2/4] (4.33ns)   --->   "%p_5 = call fastcc i10 @"sin_lut<ap_fixed<14, 6, 5, 3, 0> >"(i14 %trunc_ln708_5)" [firmware/myproject.cpp:51]   --->   Operation 79 'call' 'p_5' <Predicate = true> <Delay = 4.33> <CoreType = "Generic">   --->   Core 0 '' <Latency = 0> <II = 1> <Delay = 1.00> <Generic> <Opcode : >
ST_3 : Operation 80 [4/4] (2.53ns)   --->   "%p_6 = call fastcc i10 @"sin_lut<ap_fixed<14, 6, 5, 3, 0> >"(i14 %p_Val2_1)" [firmware/myproject.cpp:51]   --->   Operation 80 'call' 'p_6' <Predicate = true> <Delay = 2.53> <CoreType = "Generic">   --->   Core 0 '' <Latency = 0> <II = 1> <Delay = 1.00> <Generic> <Opcode : >
ST_3 : Operation 81 [1/1] (0.82ns)   --->   "%ret_V_39 = add i22 -72448, %mul_ln1192_6" [firmware/myproject.cpp:52]   --->   Operation 81 'add' 'ret_V_39' <Predicate = true> <Delay = 0.82> <Core = "AddSub">   --->   Core 14 'AddSub' <Latency = 0> <II = 1> <Delay = 0.94> <FuncUnit> <Opcode : 'add' 'sub'> <InPorts = 2> <OutPorts = 1>
ST_3 : Operation 82 [1/1] (0.00ns)   --->   "%trunc_ln708_7 = call i14 @_ssdm_op_PartSelect.i14.i22.i32.i32(i22 %ret_V_39, i32 8, i32 21)" [firmware/myproject.cpp:52]   --->   Operation 82 'partselect' 'trunc_ln708_7' <Predicate = true> <Delay = 0.00>
ST_3 : Operation 83 [4/4] (2.53ns)   --->   "%p_7 = call fastcc i10 @"sin_lut<ap_fixed<14, 6, 5, 3, 0> >"(i14 %trunc_ln708_7)" [firmware/myproject.cpp:52]   --->   Operation 83 'call' 'p_7' <Predicate = true> <Delay = 2.53> <CoreType = "Generic">   --->   Core 0 '' <Latency = 0> <II = 1> <Delay = 1.00> <Generic> <Opcode : >
ST_3 : Operation 84 [1/1] (3.75ns)   --->   "%r_V_22 = mul i46 627, %mul_ln1118" [firmware/myproject.cpp:52]   --->   Operation 84 'mul' 'r_V_22' <Predicate = true> <Delay = 3.75> <Core = "Mul">   --->   Core 16 'Mul' <Latency = 0> <II = 1> <Delay = 3.14> <FuncUnit> <Opcode : 'mul'> <InPorts = 2> <OutPorts = 1>
ST_3 : Operation 85 [1/1] (0.00ns)   --->   "%trunc_ln708_8 = call i14 @_ssdm_op_PartSelect.i14.i46.i32.i32(i46 %r_V_22, i32 32, i32 45)" [firmware/myproject.cpp:52]   --->   Operation 85 'partselect' 'trunc_ln708_8' <Predicate = true> <Delay = 0.00>
ST_3 : Operation 86 [1/1] (0.76ns)   --->   "%add_ln703 = add i14 -179, %p_Val2_11" [firmware/myproject.cpp:53]   --->   Operation 86 'add' 'add_ln703' <Predicate = true> <Delay = 0.76> <Core = "AddSub">   --->   Core 14 'AddSub' <Latency = 0> <II = 1> <Delay = 0.94> <FuncUnit> <Opcode : 'add' 'sub'> <InPorts = 2> <OutPorts = 1>
ST_3 : Operation 87 [4/4] (2.53ns)   --->   "%p_9 = call fastcc i10 @"sin_lut<ap_fixed<14, 6, 5, 3, 0> >"(i14 %add_ln703)" [firmware/myproject.cpp:53]   --->   Operation 87 'call' 'p_9' <Predicate = true> <Delay = 2.53> <CoreType = "Generic">   --->   Core 0 '' <Latency = 0> <II = 1> <Delay = 1.00> <Generic> <Opcode : >
ST_3 : Operation 88 [4/4] (2.53ns)   --->   "%p_1 = call fastcc i10 @"sin_lut<ap_fixed<14, 6, 5, 3, 0> >"(i14 %trunc_ln708_s)" [firmware/myproject.cpp:53]   --->   Operation 88 'call' 'p_1' <Predicate = true> <Delay = 2.53> <CoreType = "Generic">   --->   Core 0 '' <Latency = 0> <II = 1> <Delay = 1.00> <Generic> <Opcode : >
ST_3 : Operation 89 [1/1] (0.76ns)   --->   "%add_ln703_1 = add i14 %p_Val2_3, %p_Val2_11" [firmware/myproject.cpp:53]   --->   Operation 89 'add' 'add_ln703_1' <Predicate = true> <Delay = 0.76> <Core = "AddSub">   --->   Core 14 'AddSub' <Latency = 0> <II = 1> <Delay = 0.94> <FuncUnit> <Opcode : 'add' 'sub'> <InPorts = 2> <OutPorts = 1>
ST_3 : Operation 90 [4/4] (2.53ns)   --->   "%p_Val2_8 = call fastcc i10 @"sin_lut<ap_fixed<14, 6, 5, 3, 0> >"(i14 %add_ln703_1)" [firmware/myproject.cpp:53]   --->   Operation 90 'call' 'p_Val2_8' <Predicate = true> <Delay = 2.53> <CoreType = "Generic">   --->   Core 0 '' <Latency = 0> <II = 1> <Delay = 1.00> <Generic> <Opcode : >
ST_3 : Operation 91 [2/4] (4.33ns)   --->   "%p_2 = call fastcc i10 @"sin_lut<ap_fixed<14, 6, 5, 3, 0> >"(i14 %trunc_ln708_12)" [firmware/myproject.cpp:54]   --->   Operation 91 'call' 'p_2' <Predicate = true> <Delay = 4.33> <CoreType = "Generic">   --->   Core 0 '' <Latency = 0> <II = 1> <Delay = 1.00> <Generic> <Opcode : >
ST_3 : Operation 92 [1/1] (0.00ns)   --->   "%sext_ln1118_17 = sext i44 %mul_ln1118_5 to i46" [firmware/myproject.cpp:54]   --->   Operation 92 'sext' 'sext_ln1118_17' <Predicate = true> <Delay = 0.00>
ST_3 : Operation 93 [1/1] (3.68ns)   --->   "%r_V_27 = mul i46 1175, %sext_ln1118_17" [firmware/myproject.cpp:54]   --->   Operation 93 'mul' 'r_V_27' <Predicate = true> <Delay = 3.68> <Core = "Mul">   --->   Core 16 'Mul' <Latency = 0> <II = 1> <Delay = 3.14> <FuncUnit> <Opcode : 'mul'> <InPorts = 2> <OutPorts = 1>
ST_3 : Operation 94 [1/1] (0.00ns)   --->   "%trunc_ln708_13 = call i14 @_ssdm_op_PartSelect.i14.i46.i32.i32(i46 %r_V_27, i32 32, i32 45)" [firmware/myproject.cpp:54]   --->   Operation 94 'partselect' 'trunc_ln708_13' <Predicate = true> <Delay = 0.00>
ST_3 : Operation 95 [4/4] (2.53ns)   --->   "%p_Val2_7 = call fastcc i10 @"sin_lut<ap_fixed<14, 6, 5, 3, 0> >"(i14 %trunc_ln708_14)" [firmware/myproject.cpp:54]   --->   Operation 95 'call' 'p_Val2_7' <Predicate = true> <Delay = 2.53> <CoreType = "Generic">   --->   Core 0 '' <Latency = 0> <II = 1> <Delay = 1.00> <Generic> <Opcode : >

State 4 <SV = 3> <Delay = 4.33>
ST_4 : Operation 96 [2/4] (4.33ns)   --->   "%p_s = call fastcc i10 @"sin_lut<ap_fixed<14, 6, 5, 3, 0> >"(i14 %trunc_ln)" [firmware/myproject.cpp:50]   --->   Operation 96 'call' 'p_s' <Predicate = true> <Delay = 4.33> <CoreType = "Generic">   --->   Core 0 '' <Latency = 0> <II = 1> <Delay = 1.00> <Generic> <Opcode : >
ST_4 : Operation 97 [4/4] (2.53ns)   --->   "%p_Val2_4 = call fastcc i10 @"sin_lut<ap_fixed<14, 6, 5, 3, 0> >"(i14 %trunc_ln708_1)" [firmware/myproject.cpp:50]   --->   Operation 97 'call' 'p_Val2_4' <Predicate = true> <Delay = 2.53> <CoreType = "Generic">   --->   Core 0 '' <Latency = 0> <II = 1> <Delay = 1.00> <Generic> <Opcode : >
ST_4 : Operation 98 [1/1] (2.53ns) (root node of the DSP)   --->   "%mul_ln1192_2 = mul i22 199, %sext_ln728_1" [firmware/myproject.cpp:50]   --->   Operation 98 'mul' 'mul_ln1192_2' <Predicate = true> <Delay = 2.53> <Core = "DSP48">   --->   Core 88 'DSP48' <Latency = 0> <II = 1> <Delay = 2.53> <IPBlock> <Opcode : 'mul' 'add' 'sub' 'select'> <InPorts = 2> <OutPorts = 1> <Sync> <CReg>
ST_4 : Operation 99 [3/4] (4.33ns)   --->   "%p_Val2_6 = call fastcc i10 @"sin_lut<ap_fixed<14, 6, 5, 3, 0> >"(i14 %p_Val2_s)" [firmware/myproject.cpp:51]   --->   Operation 99 'call' 'p_Val2_6' <Predicate = true> <Delay = 4.33> <CoreType = "Generic">   --->   Core 0 '' <Latency = 0> <II = 1> <Delay = 1.00> <Generic> <Opcode : >
ST_4 : Operation 100 [3/4] (4.33ns)   --->   "%p_Val2_s_28 = call fastcc i10 @"sin_lut<ap_fixed<14, 6, 5, 3, 0> >"(i14 %trunc_ln708_4)" [firmware/myproject.cpp:51]   --->   Operation 100 'call' 'p_Val2_s_28' <Predicate = true> <Delay = 4.33> <CoreType = "Generic">   --->   Core 0 '' <Latency = 0> <II = 1> <Delay = 1.00> <Generic> <Opcode : >
ST_4 : Operation 101 [1/4] (2.86ns)   --->   "%p_5 = call fastcc i10 @"sin_lut<ap_fixed<14, 6, 5, 3, 0> >"(i14 %trunc_ln708_5)" [firmware/myproject.cpp:51]   --->   Operation 101 'call' 'p_5' <Predicate = true> <Delay = 2.86> <CoreType = "Generic">   --->   Core 0 '' <Latency = 0> <II = 1> <Delay = 1.00> <Generic> <Opcode : >
ST_4 : Operation 102 [3/4] (4.33ns)   --->   "%p_6 = call fastcc i10 @"sin_lut<ap_fixed<14, 6, 5, 3, 0> >"(i14 %p_Val2_1)" [firmware/myproject.cpp:51]   --->   Operation 102 'call' 'p_6' <Predicate = true> <Delay = 4.33> <CoreType = "Generic">   --->   Core 0 '' <Latency = 0> <II = 1> <Delay = 1.00> <Generic> <Opcode : >
ST_4 : Operation 103 [3/4] (4.33ns)   --->   "%p_7 = call fastcc i10 @"sin_lut<ap_fixed<14, 6, 5, 3, 0> >"(i14 %trunc_ln708_7)" [firmware/myproject.cpp:52]   --->   Operation 103 'call' 'p_7' <Predicate = true> <Delay = 4.33> <CoreType = "Generic">   --->   Core 0 '' <Latency = 0> <II = 1> <Delay = 1.00> <Generic> <Opcode : >
ST_4 : Operation 104 [4/4] (2.53ns)   --->   "%p_8 = call fastcc i10 @"sin_lut<ap_fixed<14, 6, 5, 3, 0> >"(i14 %trunc_ln708_8)" [firmware/myproject.cpp:52]   --->   Operation 104 'call' 'p_8' <Predicate = true> <Delay = 2.53> <CoreType = "Generic">   --->   Core 0 '' <Latency = 0> <II = 1> <Delay = 1.00> <Generic> <Opcode : >
ST_4 : Operation 105 [3/4] (4.33ns)   --->   "%p_9 = call fastcc i10 @"sin_lut<ap_fixed<14, 6, 5, 3, 0> >"(i14 %add_ln703)" [firmware/myproject.cpp:53]   --->   Operation 105 'call' 'p_9' <Predicate = true> <Delay = 4.33> <CoreType = "Generic">   --->   Core 0 '' <Latency = 0> <II = 1> <Delay = 1.00> <Generic> <Opcode : >
ST_4 : Operation 106 [3/4] (4.33ns)   --->   "%p_1 = call fastcc i10 @"sin_lut<ap_fixed<14, 6, 5, 3, 0> >"(i14 %trunc_ln708_s)" [firmware/myproject.cpp:53]   --->   Operation 106 'call' 'p_1' <Predicate = true> <Delay = 4.33> <CoreType = "Generic">   --->   Core 0 '' <Latency = 0> <II = 1> <Delay = 1.00> <Generic> <Opcode : >
ST_4 : Operation 107 [3/4] (4.33ns)   --->   "%p_Val2_8 = call fastcc i10 @"sin_lut<ap_fixed<14, 6, 5, 3, 0> >"(i14 %add_ln703_1)" [firmware/myproject.cpp:53]   --->   Operation 107 'call' 'p_Val2_8' <Predicate = true> <Delay = 4.33> <CoreType = "Generic">   --->   Core 0 '' <Latency = 0> <II = 1> <Delay = 1.00> <Generic> <Opcode : >
ST_4 : Operation 108 [1/1] (0.00ns)   --->   "%shl_ln1118_3 = call i20 @_ssdm_op_BitConcatenate.i20.i14.i6(i14 %p_Val2_3, i6 0)" [firmware/myproject.cpp:54]   --->   Operation 108 'bitconcatenate' 'shl_ln1118_3' <Predicate = true> <Delay = 0.00>
ST_4 : Operation 109 [1/1] (0.00ns)   --->   "%sext_ln1118_13 = sext i20 %shl_ln1118_3 to i21" [firmware/myproject.cpp:54]   --->   Operation 109 'sext' 'sext_ln1118_13' <Predicate = true> <Delay = 0.00>
ST_4 : Operation 110 [1/1] (0.00ns)   --->   "%shl_ln1118_4 = call i16 @_ssdm_op_BitConcatenate.i16.i14.i2(i14 %p_Val2_3, i2 0)" [firmware/myproject.cpp:54]   --->   Operation 110 'bitconcatenate' 'shl_ln1118_4' <Predicate = true> <Delay = 0.00>
ST_4 : Operation 111 [1/1] (0.00ns)   --->   "%sext_ln1118_14 = sext i16 %shl_ln1118_4 to i21" [firmware/myproject.cpp:54]   --->   Operation 111 'sext' 'sext_ln1118_14' <Predicate = true> <Delay = 0.00>
ST_4 : Operation 112 [1/1] (0.80ns)   --->   "%r_V_24 = sub i21 %sext_ln1118_13, %sext_ln1118_14" [firmware/myproject.cpp:54]   --->   Operation 112 'sub' 'r_V_24' <Predicate = true> <Delay = 0.80> <Core = "AddSub">   --->   Core 14 'AddSub' <Latency = 0> <II = 1> <Delay = 0.94> <FuncUnit> <Opcode : 'add' 'sub'> <InPorts = 2> <OutPorts = 1>
ST_4 : Operation 113 [1/1] (0.00ns)   --->   "%trunc_ln708_11 = call i13 @_ssdm_op_PartSelect.i13.i21.i32.i32(i21 %r_V_24, i32 8, i32 20)" [firmware/myproject.cpp:54]   --->   Operation 113 'partselect' 'trunc_ln708_11' <Predicate = true> <Delay = 0.00>
ST_4 : Operation 114 [1/1] (0.00ns)   --->   "%sext_ln708 = sext i13 %trunc_ln708_11 to i14" [firmware/myproject.cpp:54]   --->   Operation 114 'sext' 'sext_ln708' <Predicate = true> <Delay = 0.00>
ST_4 : Operation 115 [4/4] (2.53ns)   --->   "%p_Val2_9 = call fastcc i10 @"sin_lut<ap_fixed<14, 6, 5, 3, 0> >"(i14 %sext_ln708)" [firmware/myproject.cpp:54]   --->   Operation 115 'call' 'p_Val2_9' <Predicate = true> <Delay = 2.53> <CoreType = "Generic">   --->   Core 0 '' <Latency = 0> <II = 1> <Delay = 1.00> <Generic> <Opcode : >
ST_4 : Operation 116 [1/4] (2.86ns)   --->   "%p_2 = call fastcc i10 @"sin_lut<ap_fixed<14, 6, 5, 3, 0> >"(i14 %trunc_ln708_12)" [firmware/myproject.cpp:54]   --->   Operation 116 'call' 'p_2' <Predicate = true> <Delay = 2.86> <CoreType = "Generic">   --->   Core 0 '' <Latency = 0> <II = 1> <Delay = 1.00> <Generic> <Opcode : >
ST_4 : Operation 117 [4/4] (2.53ns)   --->   "%p_Val2_10 = call fastcc i10 @"sin_lut<ap_fixed<14, 6, 5, 3, 0> >"(i14 %trunc_ln708_13)" [firmware/myproject.cpp:54]   --->   Operation 117 'call' 'p_Val2_10' <Predicate = true> <Delay = 2.53> <CoreType = "Generic">   --->   Core 0 '' <Latency = 0> <II = 1> <Delay = 1.00> <Generic> <Opcode : >
ST_4 : Operation 118 [3/4] (4.33ns)   --->   "%p_Val2_7 = call fastcc i10 @"sin_lut<ap_fixed<14, 6, 5, 3, 0> >"(i14 %trunc_ln708_14)" [firmware/myproject.cpp:54]   --->   Operation 118 'call' 'p_Val2_7' <Predicate = true> <Delay = 4.33> <CoreType = "Generic">   --->   Core 0 '' <Latency = 0> <II = 1> <Delay = 1.00> <Generic> <Opcode : >

State 5 <SV = 4> <Delay = 4.33>
ST_5 : Operation 119 [1/4] (2.86ns)   --->   "%p_s = call fastcc i10 @"sin_lut<ap_fixed<14, 6, 5, 3, 0> >"(i14 %trunc_ln)" [firmware/myproject.cpp:50]   --->   Operation 119 'call' 'p_s' <Predicate = true> <Delay = 2.86> <CoreType = "Generic">   --->   Core 0 '' <Latency = 0> <II = 1> <Delay = 1.00> <Generic> <Opcode : >
ST_5 : Operation 120 [3/4] (4.33ns)   --->   "%p_Val2_4 = call fastcc i10 @"sin_lut<ap_fixed<14, 6, 5, 3, 0> >"(i14 %trunc_ln708_1)" [firmware/myproject.cpp:50]   --->   Operation 120 'call' 'p_Val2_4' <Predicate = true> <Delay = 4.33> <CoreType = "Generic">   --->   Core 0 '' <Latency = 0> <II = 1> <Delay = 1.00> <Generic> <Opcode : >
ST_5 : Operation 121 [1/1] (0.00ns)   --->   "%sext_ln1192_4 = sext i14 %p_Val2_3 to i22" [firmware/myproject.cpp:50]   --->   Operation 121 'sext' 'sext_ln1192_4' <Predicate = true> <Delay = 0.00>
ST_5 : Operation 122 [1/1] (0.49ns) (grouped into DSP with root node add_ln1192_4)   --->   "%mul_ln1192_1 = mul i22 -199, %sext_ln1192_4" [firmware/myproject.cpp:50]   --->   Operation 122 'mul' 'mul_ln1192_1' <Predicate = true> <Delay = 0.49> <Core = "DSP48">   --->   Core 88 'DSP48' <Latency = 0> <II = 1> <Delay = 2.53> <IPBlock> <Opcode : 'mul' 'add' 'sub' 'select'> <InPorts = 2> <OutPorts = 1> <Sync> <CReg>
ST_5 : Operation 123 [1/1] (2.03ns) (root node of the DSP)   --->   "%add_ln1192_4 = add i22 %mul_ln1192_2, %mul_ln1192_1" [firmware/myproject.cpp:50]   --->   Operation 123 'add' 'add_ln1192_4' <Predicate = true> <Delay = 2.03> <Core = "DSP48">   --->   Core 88 'DSP48' <Latency = 0> <II = 1> <Delay = 2.53> <IPBlock> <Opcode : 'mul' 'add' 'sub' 'select'> <InPorts = 2> <OutPorts = 1> <Sync> <CReg>
ST_5 : Operation 124 [1/1] (0.82ns)   --->   "%ret_V_34 = add i22 50432, %add_ln1192_4" [firmware/myproject.cpp:50]   --->   Operation 124 'add' 'ret_V_34' <Predicate = true> <Delay = 0.82> <Core = "AddSub">   --->   Core 14 'AddSub' <Latency = 0> <II = 1> <Delay = 0.94> <FuncUnit> <Opcode : 'add' 'sub'> <InPorts = 2> <OutPorts = 1>
ST_5 : Operation 125 [1/1] (0.00ns)   --->   "%trunc_ln708_2 = call i14 @_ssdm_op_PartSelect.i14.i22.i32.i32(i22 %ret_V_34, i32 8, i32 21)" [firmware/myproject.cpp:50]   --->   Operation 125 'partselect' 'trunc_ln708_2' <Predicate = true> <Delay = 0.00>
ST_5 : Operation 126 [2/4] (4.33ns)   --->   "%p_Val2_6 = call fastcc i10 @"sin_lut<ap_fixed<14, 6, 5, 3, 0> >"(i14 %p_Val2_s)" [firmware/myproject.cpp:51]   --->   Operation 126 'call' 'p_Val2_6' <Predicate = true> <Delay = 4.33> <CoreType = "Generic">   --->   Core 0 '' <Latency = 0> <II = 1> <Delay = 1.00> <Generic> <Opcode : >
ST_5 : Operation 127 [2/4] (4.33ns)   --->   "%p_Val2_s_28 = call fastcc i10 @"sin_lut<ap_fixed<14, 6, 5, 3, 0> >"(i14 %trunc_ln708_4)" [firmware/myproject.cpp:51]   --->   Operation 127 'call' 'p_Val2_s_28' <Predicate = true> <Delay = 4.33> <CoreType = "Generic">   --->   Core 0 '' <Latency = 0> <II = 1> <Delay = 1.00> <Generic> <Opcode : >
ST_5 : Operation 128 [2/4] (4.33ns)   --->   "%p_6 = call fastcc i10 @"sin_lut<ap_fixed<14, 6, 5, 3, 0> >"(i14 %p_Val2_1)" [firmware/myproject.cpp:51]   --->   Operation 128 'call' 'p_6' <Predicate = true> <Delay = 4.33> <CoreType = "Generic">   --->   Core 0 '' <Latency = 0> <II = 1> <Delay = 1.00> <Generic> <Opcode : >
ST_5 : Operation 129 [2/4] (4.33ns)   --->   "%p_7 = call fastcc i10 @"sin_lut<ap_fixed<14, 6, 5, 3, 0> >"(i14 %trunc_ln708_7)" [firmware/myproject.cpp:52]   --->   Operation 129 'call' 'p_7' <Predicate = true> <Delay = 4.33> <CoreType = "Generic">   --->   Core 0 '' <Latency = 0> <II = 1> <Delay = 1.00> <Generic> <Opcode : >
ST_5 : Operation 130 [3/4] (4.33ns)   --->   "%p_8 = call fastcc i10 @"sin_lut<ap_fixed<14, 6, 5, 3, 0> >"(i14 %trunc_ln708_8)" [firmware/myproject.cpp:52]   --->   Operation 130 'call' 'p_8' <Predicate = true> <Delay = 4.33> <CoreType = "Generic">   --->   Core 0 '' <Latency = 0> <II = 1> <Delay = 1.00> <Generic> <Opcode : >
ST_5 : Operation 131 [2/4] (4.33ns)   --->   "%p_9 = call fastcc i10 @"sin_lut<ap_fixed<14, 6, 5, 3, 0> >"(i14 %add_ln703)" [firmware/myproject.cpp:53]   --->   Operation 131 'call' 'p_9' <Predicate = true> <Delay = 4.33> <CoreType = "Generic">   --->   Core 0 '' <Latency = 0> <II = 1> <Delay = 1.00> <Generic> <Opcode : >
ST_5 : Operation 132 [2/4] (4.33ns)   --->   "%p_1 = call fastcc i10 @"sin_lut<ap_fixed<14, 6, 5, 3, 0> >"(i14 %trunc_ln708_s)" [firmware/myproject.cpp:53]   --->   Operation 132 'call' 'p_1' <Predicate = true> <Delay = 4.33> <CoreType = "Generic">   --->   Core 0 '' <Latency = 0> <II = 1> <Delay = 1.00> <Generic> <Opcode : >
ST_5 : Operation 133 [2/4] (4.33ns)   --->   "%p_Val2_8 = call fastcc i10 @"sin_lut<ap_fixed<14, 6, 5, 3, 0> >"(i14 %add_ln703_1)" [firmware/myproject.cpp:53]   --->   Operation 133 'call' 'p_Val2_8' <Predicate = true> <Delay = 4.33> <CoreType = "Generic">   --->   Core 0 '' <Latency = 0> <II = 1> <Delay = 1.00> <Generic> <Opcode : >
ST_5 : Operation 134 [3/4] (4.33ns)   --->   "%p_Val2_9 = call fastcc i10 @"sin_lut<ap_fixed<14, 6, 5, 3, 0> >"(i14 %sext_ln708)" [firmware/myproject.cpp:54]   --->   Operation 134 'call' 'p_Val2_9' <Predicate = true> <Delay = 4.33> <CoreType = "Generic">   --->   Core 0 '' <Latency = 0> <II = 1> <Delay = 1.00> <Generic> <Opcode : >
ST_5 : Operation 135 [3/4] (4.33ns)   --->   "%p_Val2_10 = call fastcc i10 @"sin_lut<ap_fixed<14, 6, 5, 3, 0> >"(i14 %trunc_ln708_13)" [firmware/myproject.cpp:54]   --->   Operation 135 'call' 'p_Val2_10' <Predicate = true> <Delay = 4.33> <CoreType = "Generic">   --->   Core 0 '' <Latency = 0> <II = 1> <Delay = 1.00> <Generic> <Opcode : >
ST_5 : Operation 136 [2/4] (4.33ns)   --->   "%p_Val2_7 = call fastcc i10 @"sin_lut<ap_fixed<14, 6, 5, 3, 0> >"(i14 %trunc_ln708_14)" [firmware/myproject.cpp:54]   --->   Operation 136 'call' 'p_Val2_7' <Predicate = true> <Delay = 4.33> <CoreType = "Generic">   --->   Core 0 '' <Latency = 0> <II = 1> <Delay = 1.00> <Generic> <Opcode : >
ST_5 : Operation 137 [1/1] (0.76ns)   --->   "%add_ln703_2 = add i14 377, %p_Val2_1" [firmware/myproject.cpp:54]   --->   Operation 137 'add' 'add_ln703_2' <Predicate = true> <Delay = 0.76> <Core = "AddSub">   --->   Core 14 'AddSub' <Latency = 0> <II = 1> <Delay = 0.94> <FuncUnit> <Opcode : 'add' 'sub'> <InPorts = 2> <OutPorts = 1>
ST_5 : Operation 138 [4/4] (2.53ns)   --->   "%p_0 = call fastcc i10 @"sin_lut<ap_fixed<14, 6, 5, 3, 0> >"(i14 %add_ln703_2)" [firmware/myproject.cpp:54]   --->   Operation 138 'call' 'p_0' <Predicate = true> <Delay = 2.53> <CoreType = "Generic">   --->   Core 0 '' <Latency = 0> <II = 1> <Delay = 1.00> <Generic> <Opcode : >

State 6 <SV = 5> <Delay = 4.33>
ST_6 : Operation 139 [1/1] (0.00ns)   --->   "%lhs_V = sext i14 %p_Val2_s to i15" [firmware/myproject.cpp:50]   --->   Operation 139 'sext' 'lhs_V' <Predicate = true> <Delay = 0.00>
ST_6 : Operation 140 [1/1] (0.00ns) (grouped into DSP with root node r_V_1)   --->   "%ret_V = add nsw i15 -236, %lhs_V" [firmware/myproject.cpp:50]   --->   Operation 140 'add' 'ret_V' <Predicate = true> <Delay = 0.00> <Core = "DSP48">   --->   Core 88 'DSP48' <Latency = 0> <II = 1> <Delay = 2.53> <IPBlock> <Opcode : 'mul' 'add' 'sub' 'select'> <InPorts = 2> <OutPorts = 1> <Sync> <CReg>
ST_6 : Operation 141 [1/1] (0.00ns) (grouped into DSP with root node r_V_1)   --->   "%r_V = sext i15 %ret_V to i30" [firmware/myproject.cpp:50]   --->   Operation 141 'sext' 'r_V' <Predicate = true> <Delay = 0.00>
ST_6 : Operation 142 [1/1] (2.53ns) (root node of the DSP)   --->   "%r_V_1 = mul i30 %r_V, %r_V" [firmware/myproject.cpp:50]   --->   Operation 142 'mul' 'r_V_1' <Predicate = true> <Delay = 2.53> <Core = "DSP48">   --->   Core 88 'DSP48' <Latency = 0> <II = 1> <Delay = 2.53> <IPBlock> <Opcode : 'mul' 'add' 'sub' 'select'> <InPorts = 2> <OutPorts = 1> <Sync> <CReg>
ST_6 : Operation 143 [1/1] (0.00ns)   --->   "%sext_ln1118 = sext i30 %r_V_1 to i33" [firmware/myproject.cpp:50]   --->   Operation 143 'sext' 'sext_ln1118' <Predicate = true> <Delay = 0.00>
ST_6 : Operation 144 [1/1] (0.00ns)   --->   "%trunc_ln1193 = trunc i30 %r_V_1 to i28" [firmware/myproject.cpp:50]   --->   Operation 144 'trunc' 'trunc_ln1193' <Predicate = true> <Delay = 0.00>
ST_6 : Operation 145 [1/1] (0.00ns)   --->   "%p_shl = call i33 @_ssdm_op_BitConcatenate.i33.i28.i5(i28 %trunc_ln1193, i5 0)" [firmware/myproject.cpp:50]   --->   Operation 145 'bitconcatenate' 'p_shl' <Predicate = true> <Delay = 0.00>
ST_6 : Operation 146 [1/1] (0.00ns) (grouped into TernaryAdder)   --->   "%sub_ln1193_1 = sub i33 %sext_ln1118, %p_shl" [firmware/myproject.cpp:50]   --->   Operation 146 'sub' 'sub_ln1193_1' <Predicate = true> <Delay = 0.00> <Core = "TAddSub">   --->   Core 83 'TAddSub' <Latency = 0> <II = 1> <Delay = 0.34> <IPBlock> <Opcode : 'add' 'sub'> <InPorts = 3> <OutPorts = 1> <Sync> <CReg>
ST_6 : Operation 147 [1/1] (0.73ns) (root node of TernaryAdder)   --->   "%ret_V_1 = add i33 7274496, %sub_ln1193_1" [firmware/myproject.cpp:50]   --->   Operation 147 'add' 'ret_V_1' <Predicate = true> <Delay = 0.73> <Core = "TAddSub">   --->   Core 83 'TAddSub' <Latency = 0> <II = 1> <Delay = 0.34> <IPBlock> <Opcode : 'add' 'sub'> <InPorts = 3> <OutPorts = 1> <Sync> <CReg>
ST_6 : Operation 148 [1/1] (0.00ns)   --->   "%sext_ln1116 = sext i10 %p_s to i20" [firmware/myproject.cpp:50]   --->   Operation 148 'sext' 'sext_ln1116' <Predicate = true> <Delay = 0.00>
ST_6 : Operation 149 [1/1] (0.49ns) (grouped into DSP with root node ret_V_3)   --->   "%r_V_18 = mul i20 %sext_ln1116, %sext_ln1116" [firmware/myproject.cpp:50]   --->   Operation 149 'mul' 'r_V_18' <Predicate = true> <Delay = 0.49> <Core = "DSP48">   --->   Core 88 'DSP48' <Latency = 0> <II = 1> <Delay = 2.53> <IPBlock> <Opcode : 'mul' 'add' 'sub' 'select'> <InPorts = 2> <OutPorts = 1> <Sync> <CReg>
ST_6 : Operation 150 [1/1] (2.03ns) (root node of the DSP)   --->   "%ret_V_3 = add i20 -8448, %r_V_18" [firmware/myproject.cpp:50]   --->   Operation 150 'add' 'ret_V_3' <Predicate = true> <Delay = 2.03> <Core = "DSP48">   --->   Core 88 'DSP48' <Latency = 0> <II = 1> <Delay = 2.53> <IPBlock> <Opcode : 'mul' 'add' 'sub' 'select'> <InPorts = 2> <OutPorts = 1> <Sync> <CReg>
ST_6 : Operation 151 [2/4] (4.33ns)   --->   "%p_Val2_4 = call fastcc i10 @"sin_lut<ap_fixed<14, 6, 5, 3, 0> >"(i14 %trunc_ln708_1)" [firmware/myproject.cpp:50]   --->   Operation 151 'call' 'p_Val2_4' <Predicate = true> <Delay = 4.33> <CoreType = "Generic">   --->   Core 0 '' <Latency = 0> <II = 1> <Delay = 1.00> <Generic> <Opcode : >
ST_6 : Operation 152 [4/4] (2.53ns)   --->   "%p_Val2_5 = call fastcc i10 @"sin_lut<ap_fixed<14, 6, 5, 3, 0> >"(i14 %trunc_ln708_2)" [firmware/myproject.cpp:50]   --->   Operation 152 'call' 'p_Val2_5' <Predicate = true> <Delay = 2.53> <CoreType = "Generic">   --->   Core 0 '' <Latency = 0> <II = 1> <Delay = 1.00> <Generic> <Opcode : >
ST_6 : Operation 153 [1/4] (2.86ns)   --->   "%p_Val2_6 = call fastcc i10 @"sin_lut<ap_fixed<14, 6, 5, 3, 0> >"(i14 %p_Val2_s)" [firmware/myproject.cpp:51]   --->   Operation 153 'call' 'p_Val2_6' <Predicate = true> <Delay = 2.86> <CoreType = "Generic">   --->   Core 0 '' <Latency = 0> <II = 1> <Delay = 1.00> <Generic> <Opcode : >
ST_6 : Operation 154 [1/4] (2.86ns)   --->   "%p_Val2_s_28 = call fastcc i10 @"sin_lut<ap_fixed<14, 6, 5, 3, 0> >"(i14 %trunc_ln708_4)" [firmware/myproject.cpp:51]   --->   Operation 154 'call' 'p_Val2_s_28' <Predicate = true> <Delay = 2.86> <CoreType = "Generic">   --->   Core 0 '' <Latency = 0> <II = 1> <Delay = 1.00> <Generic> <Opcode : >
ST_6 : Operation 155 [1/1] (0.00ns)   --->   "%sext_ln1118_2 = sext i14 %p_Val2_3 to i23" [firmware/myproject.cpp:51]   --->   Operation 155 'sext' 'sext_ln1118_2' <Predicate = true> <Delay = 0.00>
ST_6 : Operation 156 [1/1] (0.00ns)   --->   "%r_V_19 = call i17 @_ssdm_op_BitConcatenate.i17.i14.i3(i14 %p_Val2_3, i3 0)" [firmware/myproject.cpp:51]   --->   Operation 156 'bitconcatenate' 'r_V_19' <Predicate = true> <Delay = 0.00>
ST_6 : Operation 157 [1/1] (0.00ns)   --->   "%sext_ln1118_3 = sext i17 %r_V_19 to i20" [firmware/myproject.cpp:51]   --->   Operation 157 'sext' 'sext_ln1118_3' <Predicate = true> <Delay = 0.00>
ST_6 : Operation 158 [1/1] (0.00ns)   --->   "%sext_ln703_3 = sext i10 %p_5 to i18" [firmware/myproject.cpp:51]   --->   Operation 158 'sext' 'sext_ln703_3' <Predicate = true> <Delay = 0.00>
ST_6 : Operation 159 [1/1] (0.49ns) (grouped into DSP with root node ret_V_37)   --->   "%mul_ln703 = mul i18 77, %sext_ln703_3" [firmware/myproject.cpp:51]   --->   Operation 159 'mul' 'mul_ln703' <Predicate = true> <Delay = 0.49> <Core = "DSP48">   --->   Core 88 'DSP48' <Latency = 0> <II = 1> <Delay = 2.53> <IPBlock> <Opcode : 'mul' 'add' 'sub' 'select'> <InPorts = 2> <OutPorts = 1> <Sync> <CReg>
ST_6 : Operation 160 [1/1] (0.00ns)   --->   "%sext_ln1192_5 = sext i17 %r_V_19 to i18" [firmware/myproject.cpp:51]   --->   Operation 160 'sext' 'sext_ln1192_5' <Predicate = true> <Delay = 0.00>
ST_6 : Operation 161 [1/1] (2.03ns) (root node of the DSP)   --->   "%ret_V_37 = add i18 %sext_ln1192_5, %mul_ln703" [firmware/myproject.cpp:51]   --->   Operation 161 'add' 'ret_V_37' <Predicate = true> <Delay = 2.03> <Core = "DSP48">   --->   Core 88 'DSP48' <Latency = 0> <II = 1> <Delay = 2.53> <IPBlock> <Opcode : 'mul' 'add' 'sub' 'select'> <InPorts = 2> <OutPorts = 1> <Sync> <CReg>
ST_6 : Operation 162 [1/4] (2.86ns)   --->   "%p_6 = call fastcc i10 @"sin_lut<ap_fixed<14, 6, 5, 3, 0> >"(i14 %p_Val2_1)" [firmware/myproject.cpp:51]   --->   Operation 162 'call' 'p_6' <Predicate = true> <Delay = 2.86> <CoreType = "Generic">   --->   Core 0 '' <Latency = 0> <II = 1> <Delay = 1.00> <Generic> <Opcode : >
ST_6 : Operation 163 [1/1] (0.00ns)   --->   "%sext_ln1118_4 = sext i14 %p_Val2_1 to i21" [firmware/myproject.cpp:52]   --->   Operation 163 'sext' 'sext_ln1118_4' <Predicate = true> <Delay = 0.00>
ST_6 : Operation 164 [1/1] (2.53ns) (root node of the DSP)   --->   "%r_V_7 = mul i23 137, %sext_ln1118_2" [firmware/myproject.cpp:52]   --->   Operation 164 'mul' 'r_V_7' <Predicate = true> <Delay = 2.53> <Core = "DSP48">   --->   Core 88 'DSP48' <Latency = 0> <II = 1> <Delay = 2.53> <IPBlock> <Opcode : 'mul' 'add' 'sub' 'select'> <InPorts = 2> <OutPorts = 1> <Sync> <CReg>
ST_6 : Operation 165 [1/1] (0.00ns)   --->   "%shl_ln = call i19 @_ssdm_op_BitConcatenate.i19.i14.i5(i14 %p_Val2_3, i5 0)" [firmware/myproject.cpp:52]   --->   Operation 165 'bitconcatenate' 'shl_ln' <Predicate = true> <Delay = 0.00>
ST_6 : Operation 166 [1/1] (0.00ns)   --->   "%sext_ln1118_5 = sext i19 %shl_ln to i20" [firmware/myproject.cpp:52]   --->   Operation 166 'sext' 'sext_ln1118_5' <Predicate = true> <Delay = 0.00>
ST_6 : Operation 167 [1/1] (0.00ns) (grouped into TernaryAdder)   --->   "%r_V_20 = sub i20 %sext_ln1118_5, %sext_ln1118_3" [firmware/myproject.cpp:52]   --->   Operation 167 'sub' 'r_V_20' <Predicate = true> <Delay = 0.00> <Core = "TAddSub">   --->   Core 83 'TAddSub' <Latency = 0> <II = 1> <Delay = 0.34> <IPBlock> <Opcode : 'add' 'sub'> <InPorts = 3> <OutPorts = 1> <Sync> <CReg>
ST_6 : Operation 168 [1/4] (2.86ns)   --->   "%p_7 = call fastcc i10 @"sin_lut<ap_fixed<14, 6, 5, 3, 0> >"(i14 %trunc_ln708_7)" [firmware/myproject.cpp:52]   --->   Operation 168 'call' 'p_7' <Predicate = true> <Delay = 2.86> <CoreType = "Generic">   --->   Core 0 '' <Latency = 0> <II = 1> <Delay = 1.00> <Generic> <Opcode : >
ST_6 : Operation 169 [1/1] (0.00ns)   --->   "%tmp_9 = call i15 @_ssdm_op_BitConcatenate.i15.i10.i5(i10 %p_7, i5 0)" [firmware/myproject.cpp:52]   --->   Operation 169 'bitconcatenate' 'tmp_9' <Predicate = true> <Delay = 0.00>
ST_6 : Operation 170 [1/1] (0.00ns)   --->   "%sext_ln1118_6 = sext i15 %tmp_9 to i16" [firmware/myproject.cpp:52]   --->   Operation 170 'sext' 'sext_ln1118_6' <Predicate = true> <Delay = 0.00>
ST_6 : Operation 171 [1/1] (0.00ns)   --->   "%tmp_s = call i13 @_ssdm_op_BitConcatenate.i13.i10.i3(i10 %p_7, i3 0)" [firmware/myproject.cpp:52]   --->   Operation 171 'bitconcatenate' 'tmp_s' <Predicate = true> <Delay = 0.00>
ST_6 : Operation 172 [1/1] (0.00ns)   --->   "%sext_ln1118_7 = sext i13 %tmp_s to i16" [firmware/myproject.cpp:52]   --->   Operation 172 'sext' 'sext_ln1118_7' <Predicate = true> <Delay = 0.00>
ST_6 : Operation 173 [1/1] (0.77ns)   --->   "%r_V_21 = sub i16 %sext_ln1118_6, %sext_ln1118_7" [firmware/myproject.cpp:52]   --->   Operation 173 'sub' 'r_V_21' <Predicate = true> <Delay = 0.77> <Core = "AddSub">   --->   Core 14 'AddSub' <Latency = 0> <II = 1> <Delay = 0.94> <FuncUnit> <Opcode : 'add' 'sub'> <InPorts = 2> <OutPorts = 1>
ST_6 : Operation 174 [1/1] (0.00ns)   --->   "%sext_ln1118_8 = sext i16 %r_V_21 to i20" [firmware/myproject.cpp:52]   --->   Operation 174 'sext' 'sext_ln1118_8' <Predicate = true> <Delay = 0.00>
ST_6 : Operation 175 [1/1] (0.68ns) (root node of TernaryAdder)   --->   "%add_ln1192_12 = add i20 %r_V_20, %sext_ln1118_8" [firmware/myproject.cpp:52]   --->   Operation 175 'add' 'add_ln1192_12' <Predicate = true> <Delay = 0.68> <Core = "TAddSub">   --->   Core 83 'TAddSub' <Latency = 0> <II = 1> <Delay = 0.34> <IPBlock> <Opcode : 'add' 'sub'> <InPorts = 3> <OutPorts = 1> <Sync> <CReg>
ST_6 : Operation 176 [1/1] (2.53ns) (root node of the DSP)   --->   "%mul_ln728 = mul i21 -70, %sext_ln1118_4" [firmware/myproject.cpp:52]   --->   Operation 176 'mul' 'mul_ln728' <Predicate = true> <Delay = 2.53> <Core = "DSP48">   --->   Core 88 'DSP48' <Latency = 0> <II = 1> <Delay = 2.53> <IPBlock> <Opcode : 'mul' 'add' 'sub' 'select'> <InPorts = 2> <OutPorts = 1> <Sync> <CReg>
ST_6 : Operation 177 [2/4] (4.33ns)   --->   "%p_8 = call fastcc i10 @"sin_lut<ap_fixed<14, 6, 5, 3, 0> >"(i14 %trunc_ln708_8)" [firmware/myproject.cpp:52]   --->   Operation 177 'call' 'p_8' <Predicate = true> <Delay = 4.33> <CoreType = "Generic">   --->   Core 0 '' <Latency = 0> <II = 1> <Delay = 1.00> <Generic> <Opcode : >
ST_6 : Operation 178 [1/4] (2.86ns)   --->   "%p_9 = call fastcc i10 @"sin_lut<ap_fixed<14, 6, 5, 3, 0> >"(i14 %add_ln703)" [firmware/myproject.cpp:53]   --->   Operation 178 'call' 'p_9' <Predicate = true> <Delay = 2.86> <CoreType = "Generic">   --->   Core 0 '' <Latency = 0> <II = 1> <Delay = 1.00> <Generic> <Opcode : >
ST_6 : Operation 179 [1/4] (2.86ns)   --->   "%p_1 = call fastcc i10 @"sin_lut<ap_fixed<14, 6, 5, 3, 0> >"(i14 %trunc_ln708_s)" [firmware/myproject.cpp:53]   --->   Operation 179 'call' 'p_1' <Predicate = true> <Delay = 2.86> <CoreType = "Generic">   --->   Core 0 '' <Latency = 0> <II = 1> <Delay = 1.00> <Generic> <Opcode : >
ST_6 : Operation 180 [1/1] (0.00ns)   --->   "%rhs_V_6 = sext i14 %p_Val2_3 to i15" [firmware/myproject.cpp:53]   --->   Operation 180 'sext' 'rhs_V_6' <Predicate = true> <Delay = 0.00>
ST_6 : Operation 181 [1/1] (0.76ns)   --->   "%ret_V_43 = add nsw i15 %lhs_V_5, %rhs_V_6" [firmware/myproject.cpp:53]   --->   Operation 181 'add' 'ret_V_43' <Predicate = true> <Delay = 0.76> <Core = "AddSub">   --->   Core 14 'AddSub' <Latency = 0> <II = 1> <Delay = 0.94> <FuncUnit> <Opcode : 'add' 'sub'> <InPorts = 2> <OutPorts = 1>
ST_6 : Operation 182 [1/4] (2.86ns)   --->   "%p_Val2_8 = call fastcc i10 @"sin_lut<ap_fixed<14, 6, 5, 3, 0> >"(i14 %add_ln703_1)" [firmware/myproject.cpp:53]   --->   Operation 182 'call' 'p_Val2_8' <Predicate = true> <Delay = 2.86> <CoreType = "Generic">   --->   Core 0 '' <Latency = 0> <II = 1> <Delay = 1.00> <Generic> <Opcode : >
ST_6 : Operation 183 [2/4] (4.33ns)   --->   "%p_Val2_9 = call fastcc i10 @"sin_lut<ap_fixed<14, 6, 5, 3, 0> >"(i14 %sext_ln708)" [firmware/myproject.cpp:54]   --->   Operation 183 'call' 'p_Val2_9' <Predicate = true> <Delay = 4.33> <CoreType = "Generic">   --->   Core 0 '' <Latency = 0> <II = 1> <Delay = 1.00> <Generic> <Opcode : >
ST_6 : Operation 184 [2/4] (4.33ns)   --->   "%p_Val2_10 = call fastcc i10 @"sin_lut<ap_fixed<14, 6, 5, 3, 0> >"(i14 %trunc_ln708_13)" [firmware/myproject.cpp:54]   --->   Operation 184 'call' 'p_Val2_10' <Predicate = true> <Delay = 4.33> <CoreType = "Generic">   --->   Core 0 '' <Latency = 0> <II = 1> <Delay = 1.00> <Generic> <Opcode : >
ST_6 : Operation 185 [1/4] (2.86ns)   --->   "%p_Val2_7 = call fastcc i10 @"sin_lut<ap_fixed<14, 6, 5, 3, 0> >"(i14 %trunc_ln708_14)" [firmware/myproject.cpp:54]   --->   Operation 185 'call' 'p_Val2_7' <Predicate = true> <Delay = 2.86> <CoreType = "Generic">   --->   Core 0 '' <Latency = 0> <II = 1> <Delay = 1.00> <Generic> <Opcode : >
ST_6 : Operation 186 [3/4] (4.33ns)   --->   "%p_0 = call fastcc i10 @"sin_lut<ap_fixed<14, 6, 5, 3, 0> >"(i14 %add_ln703_2)" [firmware/myproject.cpp:54]   --->   Operation 186 'call' 'p_0' <Predicate = true> <Delay = 4.33> <CoreType = "Generic">   --->   Core 0 '' <Latency = 0> <II = 1> <Delay = 1.00> <Generic> <Opcode : >

State 7 <SV = 6> <Delay = 4.33>
ST_7 : Operation 187 [1/1] (0.00ns)   --->   "%sext_ln700 = sext i33 %ret_V_1 to i52" [firmware/myproject.cpp:50]   --->   Operation 187 'sext' 'sext_ln700' <Predicate = true> <Delay = 0.00>
ST_7 : Operation 188 [1/1] (0.00ns)   --->   "%sext_ln700_1 = sext i20 %ret_V_3 to i52" [firmware/myproject.cpp:50]   --->   Operation 188 'sext' 'sext_ln700_1' <Predicate = true> <Delay = 0.00>
ST_7 : Operation 189 [1/1] (3.14ns)   --->   "%mul_ln700 = mul i52 %sext_ln700_1, %sext_ln700" [firmware/myproject.cpp:50]   --->   Operation 189 'mul' 'mul_ln700' <Predicate = true> <Delay = 3.14> <Core = "Mul">   --->   Core 16 'Mul' <Latency = 0> <II = 1> <Delay = 3.14> <FuncUnit> <Opcode : 'mul'> <InPorts = 2> <OutPorts = 1>
ST_7 : Operation 190 [1/4] (2.86ns)   --->   "%p_Val2_4 = call fastcc i10 @"sin_lut<ap_fixed<14, 6, 5, 3, 0> >"(i14 %trunc_ln708_1)" [firmware/myproject.cpp:50]   --->   Operation 190 'call' 'p_Val2_4' <Predicate = true> <Delay = 2.86> <CoreType = "Generic">   --->   Core 0 '' <Latency = 0> <II = 1> <Delay = 1.00> <Generic> <Opcode : >
ST_7 : Operation 191 [1/1] (0.00ns)   --->   "%sext_ln1192_2 = sext i14 %p_Val2_2 to i15" [firmware/myproject.cpp:50]   --->   Operation 191 'sext' 'sext_ln1192_2' <Predicate = true> <Delay = 0.00>
ST_7 : Operation 192 [1/1] (0.00ns)   --->   "%sext_ln1192_3 = sext i10 %p_Val2_4 to i15" [firmware/myproject.cpp:50]   --->   Operation 192 'sext' 'sext_ln1192_3' <Predicate = true> <Delay = 0.00>
ST_7 : Operation 193 [1/1] (0.00ns) (grouped into TernaryAdder)   --->   "%ret_V_33 = sub i15 %sext_ln1192_3, %sext_ln1192_2" [firmware/myproject.cpp:50]   --->   Operation 193 'sub' 'ret_V_33' <Predicate = true> <Delay = 0.00> <Core = "TAddSub">   --->   Core 83 'TAddSub' <Latency = 0> <II = 1> <Delay = 0.34> <IPBlock> <Opcode : 'add' 'sub'> <InPorts = 3> <OutPorts = 1> <Sync> <CReg>
ST_7 : Operation 194 [1/1] (0.69ns) (root node of TernaryAdder)   --->   "%add_ln1192 = add i15 1001, %ret_V_33" [firmware/myproject.cpp:50]   --->   Operation 194 'add' 'add_ln1192' <Predicate = true> <Delay = 0.69> <Core = "TAddSub">   --->   Core 83 'TAddSub' <Latency = 0> <II = 1> <Delay = 0.34> <IPBlock> <Opcode : 'add' 'sub'> <InPorts = 3> <OutPorts = 1> <Sync> <CReg>
ST_7 : Operation 195 [3/4] (4.33ns)   --->   "%p_Val2_5 = call fastcc i10 @"sin_lut<ap_fixed<14, 6, 5, 3, 0> >"(i14 %trunc_ln708_2)" [firmware/myproject.cpp:50]   --->   Operation 195 'call' 'p_Val2_5' <Predicate = true> <Delay = 4.33> <CoreType = "Generic">   --->   Core 0 '' <Latency = 0> <II = 1> <Delay = 1.00> <Generic> <Opcode : >
ST_7 : Operation 196 [1/1] (0.00ns)   --->   "%sext_ln703 = sext i10 %p_Val2_6 to i11" [firmware/myproject.cpp:51]   --->   Operation 196 'sext' 'sext_ln703' <Predicate = true> <Delay = 0.00>
ST_7 : Operation 197 [1/1] (0.00ns) (grouped into DSP with root node r_V_5)   --->   "%ret_V_8 = add i11 -352, %sext_ln703" [firmware/myproject.cpp:51]   --->   Operation 197 'add' 'ret_V_8' <Predicate = true> <Delay = 0.00> <Core = "DSP48">   --->   Core 88 'DSP48' <Latency = 0> <II = 1> <Delay = 2.53> <IPBlock> <Opcode : 'mul' 'add' 'sub' 'select'> <InPorts = 2> <OutPorts = 1> <Sync> <CReg>
ST_7 : Operation 198 [1/1] (0.00ns)   --->   "%sext_ln703_1 = sext i10 %p_Val2_s_28 to i11" [firmware/myproject.cpp:51]   --->   Operation 198 'sext' 'sext_ln703_1' <Predicate = true> <Delay = 0.00>
ST_7 : Operation 199 [1/1] (0.72ns)   --->   "%ret_V_10 = add i11 -237, %sext_ln703_1" [firmware/myproject.cpp:51]   --->   Operation 199 'add' 'ret_V_10' <Predicate = true> <Delay = 0.72> <Core = "AddSub">   --->   Core 14 'AddSub' <Latency = 0> <II = 1> <Delay = 0.94> <FuncUnit> <Opcode : 'add' 'sub'> <InPorts = 2> <OutPorts = 1>
ST_7 : Operation 200 [1/1] (0.00ns) (grouped into DSP with root node r_V_5)   --->   "%sext_ln1116_2 = sext i11 %ret_V_8 to i22" [firmware/myproject.cpp:51]   --->   Operation 200 'sext' 'sext_ln1116_2' <Predicate = true> <Delay = 0.00>
ST_7 : Operation 201 [1/1] (0.00ns)   --->   "%sext_ln1118_1 = sext i11 %ret_V_10 to i22" [firmware/myproject.cpp:51]   --->   Operation 201 'sext' 'sext_ln1118_1' <Predicate = true> <Delay = 0.00>
ST_7 : Operation 202 [1/1] (2.53ns) (root node of the DSP)   --->   "%r_V_5 = mul i22 %sext_ln1116_2, %sext_ln1118_1" [firmware/myproject.cpp:51]   --->   Operation 202 'mul' 'r_V_5' <Predicate = true> <Delay = 2.53> <Core = "DSP48">   --->   Core 88 'DSP48' <Latency = 0> <II = 1> <Delay = 2.53> <IPBlock> <Opcode : 'mul' 'add' 'sub' 'select'> <InPorts = 2> <OutPorts = 1> <Sync> <CReg>
ST_7 : Operation 203 [1/1] (0.00ns)   --->   "%sext_ln1192_9 = sext i23 %r_V_7 to i38" [firmware/myproject.cpp:52]   --->   Operation 203 'sext' 'sext_ln1192_9' <Predicate = true> <Delay = 0.00>
ST_7 : Operation 204 [1/1] (0.00ns)   --->   "%sext_ln1192_10 = sext i20 %add_ln1192_12 to i38" [firmware/myproject.cpp:52]   --->   Operation 204 'sext' 'sext_ln1192_10' <Predicate = true> <Delay = 0.00>
ST_7 : Operation 205 [1/1] (2.56ns)   --->   "%mul_ln1192_5 = mul i38 %sext_ln1192_9, %sext_ln1192_10" [firmware/myproject.cpp:52]   --->   Operation 205 'mul' 'mul_ln1192_5' <Predicate = true> <Delay = 2.56> <Core = "Mul">   --->   Core 16 'Mul' <Latency = 0> <II = 1> <Delay = 3.14> <FuncUnit> <Opcode : 'mul'> <InPorts = 2> <OutPorts = 1>
ST_7 : Operation 206 [1/1] (0.00ns)   --->   "%lhs_V_4 = call i37 @_ssdm_op_BitConcatenate.i37.i21.i16(i21 %mul_ln728, i16 0)" [firmware/myproject.cpp:52]   --->   Operation 206 'bitconcatenate' 'lhs_V_4' <Predicate = true> <Delay = 0.00>
ST_7 : Operation 207 [1/1] (0.00ns)   --->   "%sext_ln1192_11 = sext i37 %lhs_V_4 to i38" [firmware/myproject.cpp:52]   --->   Operation 207 'sext' 'sext_ln1192_11' <Predicate = true> <Delay = 0.00>
ST_7 : Operation 208 [1/1] (0.94ns)   --->   "%sub_ln1192_1 = sub i38 %sext_ln1192_11, %mul_ln1192_5" [firmware/myproject.cpp:52]   --->   Operation 208 'sub' 'sub_ln1192_1' <Predicate = true> <Delay = 0.94> <Core = "AddSub">   --->   Core 14 'AddSub' <Latency = 0> <II = 1> <Delay = 0.94> <FuncUnit> <Opcode : 'add' 'sub'> <InPorts = 2> <OutPorts = 1>
ST_7 : Operation 209 [1/1] (2.53ns) (root node of the DSP)   --->   "%mul_ln728_1 = mul i22 141, %sext_ln728_1" [firmware/myproject.cpp:52]   --->   Operation 209 'mul' 'mul_ln728_1' <Predicate = true> <Delay = 2.53> <Core = "DSP48">   --->   Core 88 'DSP48' <Latency = 0> <II = 1> <Delay = 2.53> <IPBlock> <Opcode : 'mul' 'add' 'sub' 'select'> <InPorts = 2> <OutPorts = 1> <Sync> <CReg>
ST_7 : Operation 210 [1/1] (0.00ns)   --->   "%rhs_V_2 = call i38 @_ssdm_op_BitConcatenate.i38.i22.i16(i22 %mul_ln728_1, i16 0)" [firmware/myproject.cpp:52]   --->   Operation 210 'bitconcatenate' 'rhs_V_2' <Predicate = true> <Delay = 0.00>
ST_7 : Operation 211 [1/1] (0.00ns) (grouped into TernaryAdder)   --->   "%add_ln1192_16 = add i38 %sub_ln1192_1, %rhs_V_2" [firmware/myproject.cpp:52]   --->   Operation 211 'add' 'add_ln1192_16' <Predicate = true> <Delay = 0.00> <Core = "TAddSub">   --->   Core 83 'TAddSub' <Latency = 0> <II = 1> <Delay = 0.34> <IPBlock> <Opcode : 'add' 'sub'> <InPorts = 3> <OutPorts = 1> <Sync> <CReg>
ST_7 : Operation 212 [1/1] (0.00ns)   --->   "%sext_ln1118_9 = sext i10 %p_6 to i20" [firmware/myproject.cpp:52]   --->   Operation 212 'sext' 'sext_ln1118_9' <Predicate = true> <Delay = 0.00>
ST_7 : Operation 213 [1/1] (0.00ns)   --->   "%sext_ln728_3 = sext i10 %p_6 to i19" [firmware/myproject.cpp:52]   --->   Operation 213 'sext' 'sext_ln728_3' <Predicate = true> <Delay = 0.00>
ST_7 : Operation 214 [1/1] (1.70ns)   --->   "%mul_ln728_2 = mul i19 138, %sext_ln728_3" [firmware/myproject.cpp:52]   --->   Operation 214 'mul' 'mul_ln728_2' <Predicate = true> <Delay = 1.70> <Core = "Mul">   --->   Core 16 'Mul' <Latency = 0> <II = 1> <Delay = 3.14> <FuncUnit> <Opcode : 'mul'> <InPorts = 2> <OutPorts = 1>
ST_7 : Operation 215 [1/1] (0.00ns)   --->   "%tmp = call i35 @_ssdm_op_BitConcatenate.i35.i19.i16(i19 %mul_ln728_2, i16 0)" [firmware/myproject.cpp:52]   --->   Operation 215 'bitconcatenate' 'tmp' <Predicate = true> <Delay = 0.00>
ST_7 : Operation 216 [1/1] (0.00ns)   --->   "%rhs_V_3 = sext i35 %tmp to i38" [firmware/myproject.cpp:52]   --->   Operation 216 'sext' 'rhs_V_3' <Predicate = true> <Delay = 0.00>
ST_7 : Operation 217 [1/1] (0.75ns) (root node of TernaryAdder)   --->   "%add_ln1192_17 = add i38 %add_ln1192_16, %rhs_V_3" [firmware/myproject.cpp:52]   --->   Operation 217 'add' 'add_ln1192_17' <Predicate = true> <Delay = 0.75> <Core = "TAddSub">   --->   Core 83 'TAddSub' <Latency = 0> <II = 1> <Delay = 0.34> <IPBlock> <Opcode : 'add' 'sub'> <InPorts = 3> <OutPorts = 1> <Sync> <CReg>
ST_7 : Operation 218 [1/4] (2.86ns)   --->   "%p_8 = call fastcc i10 @"sin_lut<ap_fixed<14, 6, 5, 3, 0> >"(i14 %trunc_ln708_8)" [firmware/myproject.cpp:52]   --->   Operation 218 'call' 'p_8' <Predicate = true> <Delay = 2.86> <CoreType = "Generic">   --->   Core 0 '' <Latency = 0> <II = 1> <Delay = 1.00> <Generic> <Opcode : >
ST_7 : Operation 219 [1/1] (0.00ns)   --->   "%sext_ln1116_5 = sext i10 %p_9 to i11" [firmware/myproject.cpp:53]   --->   Operation 219 'sext' 'sext_ln1116_5' <Predicate = true> <Delay = 0.00>
ST_7 : Operation 220 [1/1] (0.00ns)   --->   "%sext_ln1192_15 = sext i10 %p_1 to i11" [firmware/myproject.cpp:53]   --->   Operation 220 'sext' 'sext_ln1192_15' <Predicate = true> <Delay = 0.00>
ST_7 : Operation 221 [1/1] (0.00ns) (grouped into DSP with root node ret_V_19)   --->   "%add_ln1192_22 = add i11 %sext_ln1116_5, %sext_ln1192_15" [firmware/myproject.cpp:53]   --->   Operation 221 'add' 'add_ln1192_22' <Predicate = true> <Delay = 0.00> <Core = "DSP48">   --->   Core 88 'DSP48' <Latency = 0> <II = 1> <Delay = 2.53> <IPBlock> <Opcode : 'mul' 'add' 'sub' 'select'> <InPorts = 2> <OutPorts = 1> <Sync> <CReg>
ST_7 : Operation 222 [1/1] (0.00ns) (grouped into DSP with root node ret_V_19)   --->   "%sext_ln1192_17 = sext i11 %add_ln1192_22 to i17" [firmware/myproject.cpp:53]   --->   Operation 222 'sext' 'sext_ln1192_17' <Predicate = true> <Delay = 0.00>
ST_7 : Operation 223 [1/1] (0.49ns) (grouped into DSP with root node ret_V_19)   --->   "%mul_ln1192_11 = mul i17 45, %sext_ln1192_17" [firmware/myproject.cpp:53]   --->   Operation 223 'mul' 'mul_ln1192_11' <Predicate = true> <Delay = 0.49> <Core = "DSP48">   --->   Core 88 'DSP48' <Latency = 0> <II = 1> <Delay = 2.53> <IPBlock> <Opcode : 'mul' 'add' 'sub' 'select'> <InPorts = 2> <OutPorts = 1> <Sync> <CReg>
ST_7 : Operation 224 [1/1] (2.03ns) (root node of the DSP)   --->   "%ret_V_19 = add i17 -1280, %mul_ln1192_11" [firmware/myproject.cpp:53]   --->   Operation 224 'add' 'ret_V_19' <Predicate = true> <Delay = 2.03> <Core = "DSP48">   --->   Core 88 'DSP48' <Latency = 0> <II = 1> <Delay = 2.53> <IPBlock> <Opcode : 'mul' 'add' 'sub' 'select'> <InPorts = 2> <OutPorts = 1> <Sync> <CReg>
ST_7 : Operation 225 [1/1] (0.49ns) (grouped into DSP with root node ret_V_44)   --->   "%r_V_23 = mul i20 %sext_ln1118_9, %sext_ln1118_9" [firmware/myproject.cpp:53]   --->   Operation 225 'mul' 'r_V_23' <Predicate = true> <Delay = 0.49> <Core = "DSP48">   --->   Core 88 'DSP48' <Latency = 0> <II = 1> <Delay = 2.53> <IPBlock> <Opcode : 'mul' 'add' 'sub' 'select'> <InPorts = 2> <OutPorts = 1> <Sync> <CReg>
ST_7 : Operation 226 [1/1] (0.00ns) (grouped into DSP with root node ret_V_44)   --->   "%sext_ln1118_12 = sext i20 %r_V_23 to i24" [firmware/myproject.cpp:53]   --->   Operation 226 'sext' 'sext_ln1118_12' <Predicate = true> <Delay = 0.00>
ST_7 : Operation 227 [1/1] (0.00ns)   --->   "%lhs_V_6 = call i23 @_ssdm_op_BitConcatenate.i23.i15.i8(i15 %ret_V_43, i8 0)" [firmware/myproject.cpp:53]   --->   Operation 227 'bitconcatenate' 'lhs_V_6' <Predicate = true> <Delay = 0.00>
ST_7 : Operation 228 [1/1] (0.00ns)   --->   "%sext_ln728_7 = sext i23 %lhs_V_6 to i24" [firmware/myproject.cpp:53]   --->   Operation 228 'sext' 'sext_ln728_7' <Predicate = true> <Delay = 0.00>
ST_7 : Operation 229 [1/1] (2.03ns) (root node of the DSP)   --->   "%ret_V_44 = add i24 %sext_ln1118_12, %sext_ln728_7" [firmware/myproject.cpp:53]   --->   Operation 229 'add' 'ret_V_44' <Predicate = true> <Delay = 2.03> <Core = "DSP48">   --->   Core 88 'DSP48' <Latency = 0> <II = 1> <Delay = 2.53> <IPBlock> <Opcode : 'mul' 'add' 'sub' 'select'> <InPorts = 2> <OutPorts = 1> <Sync> <CReg>
ST_7 : Operation 230 [1/1] (0.00ns)   --->   "%tmp_1 = call i18 @_ssdm_op_BitConcatenate.i18.i10.i8(i10 %p_Val2_8, i8 0)" [firmware/myproject.cpp:53]   --->   Operation 230 'bitconcatenate' 'tmp_1' <Predicate = true> <Delay = 0.00>
ST_7 : Operation 231 [1/1] (0.00ns)   --->   "%sext_ln1192_18 = sext i18 %tmp_1 to i24" [firmware/myproject.cpp:53]   --->   Operation 231 'sext' 'sext_ln1192_18' <Predicate = true> <Delay = 0.00>
ST_7 : Operation 232 [1/1] (0.00ns) (grouped into TernaryAdder)   --->   "%ret_V_45 = add i24 %ret_V_44, %sext_ln1192_18" [firmware/myproject.cpp:53]   --->   Operation 232 'add' 'ret_V_45' <Predicate = true> <Delay = 0.00> <Core = "TAddSub">   --->   Core 83 'TAddSub' <Latency = 0> <II = 1> <Delay = 0.34> <IPBlock> <Opcode : 'add' 'sub'> <InPorts = 3> <OutPorts = 1> <Sync> <CReg>
ST_7 : Operation 233 [1/1] (0.70ns) (root node of TernaryAdder)   --->   "%ret_V_23 = add i24 -243712, %ret_V_45" [firmware/myproject.cpp:53]   --->   Operation 233 'add' 'ret_V_23' <Predicate = true> <Delay = 0.70> <Core = "TAddSub">   --->   Core 83 'TAddSub' <Latency = 0> <II = 1> <Delay = 0.34> <IPBlock> <Opcode : 'add' 'sub'> <InPorts = 3> <OutPorts = 1> <Sync> <CReg>
ST_7 : Operation 234 [1/4] (2.86ns)   --->   "%p_Val2_9 = call fastcc i10 @"sin_lut<ap_fixed<14, 6, 5, 3, 0> >"(i14 %sext_ln708)" [firmware/myproject.cpp:54]   --->   Operation 234 'call' 'p_Val2_9' <Predicate = true> <Delay = 2.86> <CoreType = "Generic">   --->   Core 0 '' <Latency = 0> <II = 1> <Delay = 1.00> <Generic> <Opcode : >
ST_7 : Operation 235 [1/4] (2.86ns)   --->   "%p_Val2_10 = call fastcc i10 @"sin_lut<ap_fixed<14, 6, 5, 3, 0> >"(i14 %trunc_ln708_13)" [firmware/myproject.cpp:54]   --->   Operation 235 'call' 'p_Val2_10' <Predicate = true> <Delay = 2.86> <CoreType = "Generic">   --->   Core 0 '' <Latency = 0> <II = 1> <Delay = 1.00> <Generic> <Opcode : >
ST_7 : Operation 236 [1/1] (0.00ns)   --->   "%sext_ln703_5 = sext i10 %p_Val2_10 to i11" [firmware/myproject.cpp:54]   --->   Operation 236 'sext' 'sext_ln703_5' <Predicate = true> <Delay = 0.00>
ST_7 : Operation 237 [1/1] (0.00ns)   --->   "%sext_ln703_6 = sext i10 %p_Val2_7 to i11" [firmware/myproject.cpp:54]   --->   Operation 237 'sext' 'sext_ln703_6' <Predicate = true> <Delay = 0.00>
ST_7 : Operation 238 [1/1] (0.72ns)   --->   "%ret_V_48 = sub i11 %sext_ln703_5, %sext_ln703_6" [firmware/myproject.cpp:54]   --->   Operation 238 'sub' 'ret_V_48' <Predicate = true> <Delay = 0.72> <Core = "AddSub">   --->   Core 14 'AddSub' <Latency = 0> <II = 1> <Delay = 0.94> <FuncUnit> <Opcode : 'add' 'sub'> <InPorts = 2> <OutPorts = 1>
ST_7 : Operation 239 [2/4] (4.33ns)   --->   "%p_0 = call fastcc i10 @"sin_lut<ap_fixed<14, 6, 5, 3, 0> >"(i14 %add_ln703_2)" [firmware/myproject.cpp:54]   --->   Operation 239 'call' 'p_0' <Predicate = true> <Delay = 4.33> <CoreType = "Generic">   --->   Core 0 '' <Latency = 0> <II = 1> <Delay = 1.00> <Generic> <Opcode : >

State 8 <SV = 7> <Delay = 4.33>
ST_8 : Operation 240 [1/1] (0.00ns)   --->   "%sext_ln700_4 = sext i52 %mul_ln700 to i54" [firmware/myproject.cpp:50]   --->   Operation 240 'sext' 'sext_ln700_4' <Predicate = true> <Delay = 0.00>
ST_8 : Operation 241 [1/1] (0.00ns)   --->   "%sext_ln700_2 = sext i15 %add_ln1192 to i54" [firmware/myproject.cpp:50]   --->   Operation 241 'sext' 'sext_ln700_2' <Predicate = true> <Delay = 0.00>
ST_8 : Operation 242 [1/1] (3.75ns)   --->   "%mul_ln700_1 = mul i54 %sext_ln700_2, %sext_ln700_4" [firmware/myproject.cpp:50]   --->   Operation 242 'mul' 'mul_ln700_1' <Predicate = true> <Delay = 3.75> <Core = "Mul">   --->   Core 16 'Mul' <Latency = 0> <II = 1> <Delay = 3.14> <FuncUnit> <Opcode : 'mul'> <InPorts = 2> <OutPorts = 1>
ST_8 : Operation 243 [2/4] (4.33ns)   --->   "%p_Val2_5 = call fastcc i10 @"sin_lut<ap_fixed<14, 6, 5, 3, 0> >"(i14 %trunc_ln708_2)" [firmware/myproject.cpp:50]   --->   Operation 243 'call' 'p_Val2_5' <Predicate = true> <Delay = 4.33> <CoreType = "Generic">   --->   Core 0 '' <Latency = 0> <II = 1> <Delay = 1.00> <Generic> <Opcode : >
ST_8 : Operation 244 [1/1] (0.79ns)   --->   "%ret_V_12 = add i18 -5376, %ret_V_37" [firmware/myproject.cpp:51]   --->   Operation 244 'add' 'ret_V_12' <Predicate = true> <Delay = 0.79> <Core = "AddSub">   --->   Core 14 'AddSub' <Latency = 0> <II = 1> <Delay = 0.94> <FuncUnit> <Opcode : 'add' 'sub'> <InPorts = 2> <OutPorts = 1>
ST_8 : Operation 245 [1/1] (0.00ns)   --->   "%sext_ln1192_6 = sext i22 %r_V_5 to i42" [firmware/myproject.cpp:51]   --->   Operation 245 'sext' 'sext_ln1192_6' <Predicate = true> <Delay = 0.00>
ST_8 : Operation 246 [1/1] (0.00ns)   --->   "%sext_ln1192_7 = sext i18 %ret_V_12 to i42" [firmware/myproject.cpp:51]   --->   Operation 246 'sext' 'sext_ln1192_7' <Predicate = true> <Delay = 0.00>
ST_8 : Operation 247 [1/1] (2.53ns) (root node of the DSP)   --->   "%mul_ln1192_3 = mul i42 %sext_ln1192_6, %sext_ln1192_7" [firmware/myproject.cpp:51]   --->   Operation 247 'mul' 'mul_ln1192_3' <Predicate = true> <Delay = 2.53> <Core = "DSP48">   --->   Core 88 'DSP48' <Latency = 0> <II = 1> <Delay = 2.53> <IPBlock> <Opcode : 'mul' 'add' 'sub' 'select'> <InPorts = 2> <OutPorts = 1> <Sync> <CReg>
ST_8 : Operation 248 [1/1] (0.00ns)   --->   "%sext_ln728_5 = sext i10 %p_8 to i19" [firmware/myproject.cpp:52]   --->   Operation 248 'sext' 'sext_ln728_5' <Predicate = true> <Delay = 0.00>
ST_8 : Operation 249 [1/1] (1.70ns)   --->   "%mul_ln728_3 = mul i19 138, %sext_ln728_5" [firmware/myproject.cpp:52]   --->   Operation 249 'mul' 'mul_ln728_3' <Predicate = true> <Delay = 1.70> <Core = "Mul">   --->   Core 16 'Mul' <Latency = 0> <II = 1> <Delay = 3.14> <FuncUnit> <Opcode : 'mul'> <InPorts = 2> <OutPorts = 1>
ST_8 : Operation 250 [1/1] (0.00ns)   --->   "%tmp_10 = call i35 @_ssdm_op_BitConcatenate.i35.i19.i16(i19 %mul_ln728_3, i16 0)" [firmware/myproject.cpp:52]   --->   Operation 250 'bitconcatenate' 'tmp_10' <Predicate = true> <Delay = 0.00>
ST_8 : Operation 251 [1/1] (0.00ns)   --->   "%rhs_V_4 = sext i35 %tmp_10 to i38" [firmware/myproject.cpp:52]   --->   Operation 251 'sext' 'rhs_V_4' <Predicate = true> <Delay = 0.00>
ST_8 : Operation 252 [1/1] (0.00ns) (grouped into TernaryAdder)   --->   "%add_ln1192_19 = add i38 %add_ln1192_17, %rhs_V_4" [firmware/myproject.cpp:52]   --->   Operation 252 'add' 'add_ln1192_19' <Predicate = true> <Delay = 0.00> <Core = "TAddSub">   --->   Core 83 'TAddSub' <Latency = 0> <II = 1> <Delay = 0.34> <IPBlock> <Opcode : 'add' 'sub'> <InPorts = 3> <OutPorts = 1> <Sync> <CReg>
ST_8 : Operation 253 [1/1] (0.75ns) (root node of TernaryAdder)   --->   "%ret_V_41 = add i38 -2818572288, %add_ln1192_19" [firmware/myproject.cpp:52]   --->   Operation 253 'add' 'ret_V_41' <Predicate = true> <Delay = 0.75> <Core = "TAddSub">   --->   Core 83 'TAddSub' <Latency = 0> <II = 1> <Delay = 0.34> <IPBlock> <Opcode : 'add' 'sub'> <InPorts = 3> <OutPorts = 1> <Sync> <CReg>
ST_8 : Operation 254 [1/1] (0.00ns)   --->   "%trunc_ln708_9 = call i14 @_ssdm_op_PartSelect.i14.i38.i32.i32(i38 %ret_V_41, i32 24, i32 37)" [firmware/myproject.cpp:52]   --->   Operation 254 'partselect' 'trunc_ln708_9' <Predicate = true> <Delay = 0.00>
ST_8 : Operation 255 [1/1] (0.00ns)   --->   "%sext_ln1192_12 = sext i17 %ret_V_19 to i38" [firmware/myproject.cpp:53]   --->   Operation 255 'sext' 'sext_ln1192_12' <Predicate = true> <Delay = 0.00>
ST_8 : Operation 256 [1/1] (0.00ns)   --->   "%sext_ln1192_13 = sext i24 %ret_V_23 to i38" [firmware/myproject.cpp:53]   --->   Operation 256 'sext' 'sext_ln1192_13' <Predicate = true> <Delay = 0.00>
ST_8 : Operation 257 [1/1] (0.49ns) (grouped into DSP with root node ret_V_46)   --->   "%mul_ln1192_7 = mul i38 %sext_ln1192_12, %sext_ln1192_13" [firmware/myproject.cpp:53]   --->   Operation 257 'mul' 'mul_ln1192_7' <Predicate = true> <Delay = 0.49> <Core = "DSP48">   --->   Core 88 'DSP48' <Latency = 0> <II = 1> <Delay = 2.53> <IPBlock> <Opcode : 'mul' 'add' 'sub' 'select'> <InPorts = 2> <OutPorts = 1> <Sync> <CReg>
ST_8 : Operation 258 [1/1] (2.03ns) (root node of the DSP)   --->   "%ret_V_46 = add i38 -4076863488, %mul_ln1192_7" [firmware/myproject.cpp:53]   --->   Operation 258 'add' 'ret_V_46' <Predicate = true> <Delay = 2.03> <Core = "DSP48">   --->   Core 88 'DSP48' <Latency = 0> <II = 1> <Delay = 2.53> <IPBlock> <Opcode : 'mul' 'add' 'sub' 'select'> <InPorts = 2> <OutPorts = 1> <Sync> <CReg>
ST_8 : Operation 259 [1/1] (0.00ns)   --->   "%trunc_ln708_10 = call i14 @_ssdm_op_PartSelect.i14.i38.i32.i32(i38 %ret_V_46, i32 24, i32 37)" [firmware/myproject.cpp:53]   --->   Operation 259 'partselect' 'trunc_ln708_10' <Predicate = true> <Delay = 0.00>
ST_8 : Operation 260 [1/1] (0.00ns)   --->   "%sext_ln1253 = sext i10 %p_Val2_9 to i11" [firmware/myproject.cpp:54]   --->   Operation 260 'sext' 'sext_ln1253' <Predicate = true> <Delay = 0.00>
ST_8 : Operation 261 [1/1] (0.72ns)   --->   "%r_V_25 = sub i11 0, %sext_ln1253" [firmware/myproject.cpp:54]   --->   Operation 261 'sub' 'r_V_25' <Predicate = true> <Delay = 0.72> <Core = "AddSub">   --->   Core 14 'AddSub' <Latency = 0> <II = 1> <Delay = 0.94> <FuncUnit> <Opcode : 'add' 'sub'> <InPorts = 2> <OutPorts = 1>
ST_8 : Operation 262 [1/1] (0.00ns)   --->   "%sext_ln1116_3 = sext i10 %p_2 to i20" [firmware/myproject.cpp:54]   --->   Operation 262 'sext' 'sext_ln1116_3' <Predicate = true> <Delay = 0.00>
ST_8 : Operation 263 [1/1] (1.70ns)   --->   "%r_V_26 = mul i20 %sext_ln1116_3, %sext_ln1116_3" [firmware/myproject.cpp:54]   --->   Operation 263 'mul' 'r_V_26' <Predicate = true> <Delay = 1.70> <Core = "Mul">   --->   Core 16 'Mul' <Latency = 0> <II = 1> <Delay = 3.14> <FuncUnit> <Opcode : 'mul'> <InPorts = 2> <OutPorts = 1>
ST_8 : Operation 264 [1/1] (0.00ns)   --->   "%sext_ln1118_15 = sext i20 %r_V_26 to i21" [firmware/myproject.cpp:54]   --->   Operation 264 'sext' 'sext_ln1118_15' <Predicate = true> <Delay = 0.00>
ST_8 : Operation 265 [1/1] (0.00ns)   --->   "%tmp_11 = call i19 @_ssdm_op_BitConcatenate.i19.i11.i8(i11 %r_V_25, i8 0)" [firmware/myproject.cpp:54]   --->   Operation 265 'bitconcatenate' 'tmp_11' <Predicate = true> <Delay = 0.00>
ST_8 : Operation 266 [1/1] (0.00ns)   --->   "%sext_ln700_5 = sext i19 %tmp_11 to i21" [firmware/myproject.cpp:54]   --->   Operation 266 'sext' 'sext_ln700_5' <Predicate = true> <Delay = 0.00>
ST_8 : Operation 267 [1/1] (0.00ns) (grouped into DSP with root node mul_ln1192_9)   --->   "%ret_V_25 = add i21 %sext_ln1118_15, %sext_ln700_5" [firmware/myproject.cpp:54]   --->   Operation 267 'add' 'ret_V_25' <Predicate = true> <Delay = 0.00> <Core = "DSP48">   --->   Core 88 'DSP48' <Latency = 0> <II = 1> <Delay = 2.53> <IPBlock> <Opcode : 'mul' 'add' 'sub' 'select'> <InPorts = 2> <OutPorts = 1> <Sync> <CReg>
ST_8 : Operation 268 [1/1] (0.00ns)   --->   "%sext_ln703_7 = sext i11 %ret_V_48 to i12" [firmware/myproject.cpp:54]   --->   Operation 268 'sext' 'sext_ln703_7' <Predicate = true> <Delay = 0.00>
ST_8 : Operation 269 [1/1] (0.73ns)   --->   "%ret_V_29 = add i12 58, %sext_ln703_7" [firmware/myproject.cpp:54]   --->   Operation 269 'add' 'ret_V_29' <Predicate = true> <Delay = 0.73> <Core = "AddSub">   --->   Core 14 'AddSub' <Latency = 0> <II = 1> <Delay = 0.94> <FuncUnit> <Opcode : 'add' 'sub'> <InPorts = 2> <OutPorts = 1>
ST_8 : Operation 270 [1/1] (0.00ns) (grouped into DSP with root node mul_ln1192_9)   --->   "%sext_ln1192_19 = sext i21 %ret_V_25 to i33" [firmware/myproject.cpp:54]   --->   Operation 270 'sext' 'sext_ln1192_19' <Predicate = true> <Delay = 0.00>
ST_8 : Operation 271 [1/1] (0.00ns)   --->   "%sext_ln1192_20 = sext i12 %ret_V_29 to i33" [firmware/myproject.cpp:54]   --->   Operation 271 'sext' 'sext_ln1192_20' <Predicate = true> <Delay = 0.00>
ST_8 : Operation 272 [1/1] (2.53ns) (root node of the DSP)   --->   "%mul_ln1192_9 = mul i33 %sext_ln1192_20, %sext_ln1192_19" [firmware/myproject.cpp:54]   --->   Operation 272 'mul' 'mul_ln1192_9' <Predicate = true> <Delay = 2.53> <Core = "DSP48">   --->   Core 88 'DSP48' <Latency = 0> <II = 1> <Delay = 2.53> <IPBlock> <Opcode : 'mul' 'add' 'sub' 'select'> <InPorts = 2> <OutPorts = 1> <Sync> <CReg>
ST_8 : Operation 273 [1/4] (2.86ns)   --->   "%p_0 = call fastcc i10 @"sin_lut<ap_fixed<14, 6, 5, 3, 0> >"(i14 %add_ln703_2)" [firmware/myproject.cpp:54]   --->   Operation 273 'call' 'p_0' <Predicate = true> <Delay = 2.86> <CoreType = "Generic">   --->   Core 0 '' <Latency = 0> <II = 1> <Delay = 1.00> <Generic> <Opcode : >

State 9 <SV = 8> <Delay = 4.33>
ST_9 : Operation 274 [1/1] (0.00ns)   --->   "call void (...)* @_ssdm_op_SpecBitsMap(i14* %y_4_V), !map !197"   --->   Operation 274 'specbitsmap' <Predicate = true> <Delay = 0.00>
ST_9 : Operation 275 [1/1] (0.00ns)   --->   "call void (...)* @_ssdm_op_SpecBitsMap(i14* %y_3_V), !map !203"   --->   Operation 275 'specbitsmap' <Predicate = true> <Delay = 0.00>
ST_9 : Operation 276 [1/1] (0.00ns)   --->   "call void (...)* @_ssdm_op_SpecBitsMap(i14* %y_2_V), !map !209"   --->   Operation 276 'specbitsmap' <Predicate = true> <Delay = 0.00>
ST_9 : Operation 277 [1/1] (0.00ns)   --->   "call void (...)* @_ssdm_op_SpecBitsMap(i14* %y_1_V), !map !215"   --->   Operation 277 'specbitsmap' <Predicate = true> <Delay = 0.00>
ST_9 : Operation 278 [1/1] (0.00ns)   --->   "call void (...)* @_ssdm_op_SpecBitsMap(i14* %y_0_V), !map !221"   --->   Operation 278 'specbitsmap' <Predicate = true> <Delay = 0.00>
ST_9 : Operation 279 [1/1] (0.00ns)   --->   "call void (...)* @_ssdm_op_SpecBitsMap(i224* %x_V), !map !227"   --->   Operation 279 'specbitsmap' <Predicate = true> <Delay = 0.00>
ST_9 : Operation 280 [1/1] (0.00ns)   --->   "call void (...)* @_ssdm_op_SpecTopModule([10 x i8]* @myproject_str) nounwind"   --->   Operation 280 'spectopmodule' <Predicate = true> <Delay = 0.00>
ST_9 : Operation 281 [1/1] (0.00ns)   --->   "call void (...)* @_ssdm_op_SpecInterface(i224* %x_V, [7 x i8]* @p_str2, i32 0, i32 0, [1 x i8]* @p_str1, i32 0, i32 0, [1 x i8]* @p_str1, [1 x i8]* @p_str1, [1 x i8]* @p_str1, i32 0, i32 0, i32 0, i32 0, [1 x i8]* @p_str1, [1 x i8]* @p_str1) nounwind"   --->   Operation 281 'specinterface' <Predicate = true> <Delay = 0.00>
ST_9 : Operation 282 [1/1] (0.00ns)   --->   "call void (...)* @_ssdm_op_SpecInterface(i14* %y_0_V, i14* %y_1_V, i14* %y_2_V, i14* %y_3_V, i14* %y_4_V, [7 x i8]* @p_str2, i32 0, i32 0, [1 x i8]* @p_str1, i32 0, i32 0, [1 x i8]* @p_str1, [1 x i8]* @p_str1, [1 x i8]* @p_str1, i32 0, i32 0, i32 0, i32 0, [1 x i8]* @p_str1, [1 x i8]* @p_str1) nounwind" [firmware/myproject.cpp:32]   --->   Operation 282 'specinterface' <Predicate = true> <Delay = 0.00>
ST_9 : Operation 283 [1/1] (0.00ns)   --->   "call void (...)* @_ssdm_op_SpecPipeline(i32 -1, i32 1, i32 1, i32 0, [1 x i8]* @p_str1) nounwind" [firmware/myproject.cpp:33]   --->   Operation 283 'specpipeline' <Predicate = true> <Delay = 0.00>
ST_9 : Operation 284 [1/4] (2.86ns)   --->   "%p_Val2_5 = call fastcc i10 @"sin_lut<ap_fixed<14, 6, 5, 3, 0> >"(i14 %trunc_ln708_2)" [firmware/myproject.cpp:50]   --->   Operation 284 'call' 'p_Val2_5' <Predicate = true> <Delay = 2.86> <CoreType = "Generic">   --->   Core 0 '' <Latency = 0> <II = 1> <Delay = 1.00> <Generic> <Opcode : >
ST_9 : Operation 285 [1/1] (0.00ns)   --->   "%tmp_3 = call i50 @_ssdm_op_BitConcatenate.i50.i10.i40(i10 %p_Val2_5, i40 0)" [firmware/myproject.cpp:50]   --->   Operation 285 'bitconcatenate' 'tmp_3' <Predicate = true> <Delay = 0.00>
ST_9 : Operation 286 [1/1] (0.00ns)   --->   "%rhs_V = sext i50 %tmp_3 to i54" [firmware/myproject.cpp:50]   --->   Operation 286 'sext' 'rhs_V' <Predicate = true> <Delay = 0.00>
ST_9 : Operation 287 [1/1] (1.01ns)   --->   "%ret_V_35 = sub i54 %mul_ln700_1, %rhs_V" [firmware/myproject.cpp:50]   --->   Operation 287 'sub' 'ret_V_35' <Predicate = true> <Delay = 1.01> <Core = "AddSub">   --->   Core 14 'AddSub' <Latency = 0> <II = 1> <Delay = 0.94> <FuncUnit> <Opcode : 'add' 'sub'> <InPorts = 2> <OutPorts = 1>
ST_9 : Operation 288 [1/1] (0.00ns)   --->   "%trunc_ln708_3 = call i14 @_ssdm_op_PartSelect.i14.i54.i32.i32(i54 %ret_V_35, i32 40, i32 53)" [firmware/myproject.cpp:50]   --->   Operation 288 'partselect' 'trunc_ln708_3' <Predicate = true> <Delay = 0.00>
ST_9 : Operation 289 [1/1] (0.00ns)   --->   "call void @_ssdm_op_Write.ap_vld.i14P(i14* %y_0_V, i14 %trunc_ln708_3)" [firmware/myproject.cpp:50]   --->   Operation 289 'write' <Predicate = true> <Delay = 0.00>
ST_9 : Operation 290 [1/1] (0.00ns)   --->   "%sext_ln1192_14 = sext i42 %mul_ln1192_3 to i46" [firmware/myproject.cpp:51]   --->   Operation 290 'sext' 'sext_ln1192_14' <Predicate = true> <Delay = 0.00>
ST_9 : Operation 291 [1/1] (0.00ns)   --->   "%sext_ln1192_8 = sext i10 %p_6 to i46" [firmware/myproject.cpp:51]   --->   Operation 291 'sext' 'sext_ln1192_8' <Predicate = true> <Delay = 0.00>
ST_9 : Operation 292 [1/1] (3.38ns)   --->   "%mul_ln1192_4 = mul i46 %sext_ln1192_8, %sext_ln1192_14" [firmware/myproject.cpp:51]   --->   Operation 292 'mul' 'mul_ln1192_4' <Predicate = true> <Delay = 3.38> <Core = "Mul">   --->   Core 16 'Mul' <Latency = 0> <II = 1> <Delay = 3.14> <FuncUnit> <Opcode : 'mul'> <InPorts = 2> <OutPorts = 1>
ST_9 : Operation 293 [1/1] (0.95ns)   --->   "%ret_V_38 = add i46 -932007903232, %mul_ln1192_4" [firmware/myproject.cpp:51]   --->   Operation 293 'add' 'ret_V_38' <Predicate = true> <Delay = 0.95> <Core = "AddSub">   --->   Core 14 'AddSub' <Latency = 0> <II = 1> <Delay = 0.94> <FuncUnit> <Opcode : 'add' 'sub'> <InPorts = 2> <OutPorts = 1>
ST_9 : Operation 294 [1/1] (0.00ns)   --->   "%trunc_ln708_6 = call i14 @_ssdm_op_PartSelect.i14.i46.i32.i32(i46 %ret_V_38, i32 32, i32 45)" [firmware/myproject.cpp:51]   --->   Operation 294 'partselect' 'trunc_ln708_6' <Predicate = true> <Delay = 0.00>
ST_9 : Operation 295 [1/1] (0.00ns)   --->   "call void @_ssdm_op_Write.ap_vld.i14P(i14* %y_1_V, i14 %trunc_ln708_6)" [firmware/myproject.cpp:51]   --->   Operation 295 'write' <Predicate = true> <Delay = 0.00>
ST_9 : Operation 296 [1/1] (0.00ns)   --->   "call void @_ssdm_op_Write.ap_vld.i14P(i14* %y_2_V, i14 %trunc_ln708_9)" [firmware/myproject.cpp:52]   --->   Operation 296 'write' <Predicate = true> <Delay = 0.00>
ST_9 : Operation 297 [1/1] (0.00ns)   --->   "call void @_ssdm_op_Write.ap_vld.i14P(i14* %y_3_V, i14 %trunc_ln708_10)" [firmware/myproject.cpp:53]   --->   Operation 297 'write' <Predicate = true> <Delay = 0.00>
ST_9 : Operation 298 [1/1] (0.00ns)   --->   "%sext_ln1192_21 = sext i33 %mul_ln1192_9 to i38" [firmware/myproject.cpp:54]   --->   Operation 298 'sext' 'sext_ln1192_21' <Predicate = true> <Delay = 0.00>
ST_9 : Operation 299 [1/1] (0.00ns)   --->   "%sext_ln1192_16 = sext i10 %p_0 to i38" [firmware/myproject.cpp:54]   --->   Operation 299 'sext' 'sext_ln1192_16' <Predicate = true> <Delay = 0.00>
ST_9 : Operation 300 [1/1] (3.14ns)   --->   "%mul_ln1192_10 = mul i38 %sext_ln1192_16, %sext_ln1192_21" [firmware/myproject.cpp:54]   --->   Operation 300 'mul' 'mul_ln1192_10' <Predicate = true> <Delay = 3.14> <Core = "Mul">   --->   Core 16 'Mul' <Latency = 0> <II = 1> <Delay = 3.14> <FuncUnit> <Opcode : 'mul'> <InPorts = 2> <OutPorts = 1>
ST_9 : Operation 301 [1/1] (0.94ns)   --->   "%ret_V_49 = add i38 -3657433088, %mul_ln1192_10" [firmware/myproject.cpp:54]   --->   Operation 301 'add' 'ret_V_49' <Predicate = true> <Delay = 0.94> <Core = "AddSub">   --->   Core 14 'AddSub' <Latency = 0> <II = 1> <Delay = 0.94> <FuncUnit> <Opcode : 'add' 'sub'> <InPorts = 2> <OutPorts = 1>
ST_9 : Operation 302 [1/1] (0.00ns)   --->   "%trunc_ln708_15 = call i14 @_ssdm_op_PartSelect.i14.i38.i32.i32(i38 %ret_V_49, i32 24, i32 37)" [firmware/myproject.cpp:54]   --->   Operation 302 'partselect' 'trunc_ln708_15' <Predicate = true> <Delay = 0.00>
ST_9 : Operation 303 [1/1] (0.00ns)   --->   "call void @_ssdm_op_Write.ap_vld.i14P(i14* %y_4_V, i14 %trunc_ln708_15)" [firmware/myproject.cpp:54]   --->   Operation 303 'write' <Predicate = true> <Delay = 0.00>
ST_9 : Operation 304 [1/1] (0.00ns)   --->   "ret void" [firmware/myproject.cpp:56]   --->   Operation 304 'ret' <Predicate = true> <Delay = 0.00>


============================================================
+ Verbose Summary: Timing violations
============================================================
Target clock period: 5ns, clock uncertainty: 0.625ns.

 <State 1>: 3.35ns
The critical path consists of the following:
	wire read on port 'x_V' (firmware/myproject.cpp:50) [21]  (0 ns)
	'add' operation ('add_ln1192_7', firmware/myproject.cpp:51) [100]  (0.821 ns)
	'call' operation ('p_5', firmware/myproject.cpp:51) to 'sin_lut<ap_fixed<14, 6, 5, 3, 0> >' [102]  (2.53 ns)

 <State 2>: 4.34ns
The critical path consists of the following:
	'call' operation ('p_5', firmware/myproject.cpp:51) to 'sin_lut<ap_fixed<14, 6, 5, 3, 0> >' [102]  (4.34 ns)

 <State 3>: 4.34ns
The critical path consists of the following:
	'call' operation ('p_s', firmware/myproject.cpp:50) to 'sin_lut<ap_fixed<14, 6, 5, 3, 0> >' [41]  (4.34 ns)

 <State 4>: 4.34ns
The critical path consists of the following:
	'call' operation ('p_s', firmware/myproject.cpp:50) to 'sin_lut<ap_fixed<14, 6, 5, 3, 0> >' [41]  (4.34 ns)

 <State 5>: 4.34ns
The critical path consists of the following:
	'call' operation ('p_Val2_4', firmware/myproject.cpp:50) to 'sin_lut<ap_fixed<14, 6, 5, 3, 0> >' [59]  (4.34 ns)

 <State 6>: 4.34ns
The critical path consists of the following:
	'call' operation ('p_Val2_4', firmware/myproject.cpp:50) to 'sin_lut<ap_fixed<14, 6, 5, 3, 0> >' [59]  (4.34 ns)

 <State 7>: 4.34ns
The critical path consists of the following:
	'call' operation ('p_Val2_5', firmware/myproject.cpp:50) to 'sin_lut<ap_fixed<14, 6, 5, 3, 0> >' [73]  (4.34 ns)

 <State 8>: 4.34ns
The critical path consists of the following:
	'call' operation ('p_Val2_5', firmware/myproject.cpp:50) to 'sin_lut<ap_fixed<14, 6, 5, 3, 0> >' [73]  (4.34 ns)

 <State 9>: 4.34ns
The critical path consists of the following:
	'mul' operation ('mul_ln1192_4', firmware/myproject.cpp:51) [114]  (3.38 ns)
	'add' operation ('ret.V', firmware/myproject.cpp:51) [115]  (0.96 ns)


============================================================
+ Verbose Summary: Binding
============================================================
N/A
* FSMD analyzer results:
  - Output states:
 - Input state : 
  - Chain level:
	State 1
	State 2
	State 3
	State 4
	State 5
	State 6
	State 7
	State 8
	State 9


============================================================
+ Verbose Summary: Datapath Resource usage 
============================================================
N/A
