
****** Vivado(TM) HLS - High-Level Synthesis from C, C++ and SystemC v2020.1 (64-bit)
  **** SW Build 2902540 on Wed May 27 19:54:35 MDT 2020
  **** IP Build 2902112 on Wed May 27 22:43:36 MDT 2020
    ** Copyright 1986-2020 Xilinx, Inc. All Rights Reserved.

source /data/tools/Xilinx/Vivado/2020.1/scripts/vivado_hls/hls.tcl -notrace
INFO: [HLS 200-10] Running '/data/tools/Xilinx/Vivado/2020.1/bin/unwrapped/lnx64.o/vivado_hls'
INFO: [HLS 200-10] For user 'htsoi' on host 'uwlogin.cern.ch' (Linux_x86_64 version 3.10.0-1160.36.2.el7.x86_64) on Thu Feb 23 14:56:20 EST 2023
INFO: [HLS 200-10] On os "CentOS Linux release 7.9.2009 (Core) "
INFO: [HLS 200-10] In directory '/afs/cern.ch/work/h/htsoi/sr/hls-feb23-sin-userlut-ap_fixed<14,6>'
Sourcing Tcl script 'build_prj.tcl'
INFO: [HLS 200-10] Creating and opening project '/afs/cern.ch/work/h/htsoi/sr/hls-feb23-sin-userlut-ap_fixed<14,6>/myproject_prj'.
INFO: [HLS 200-10] Adding design file 'firmware/myproject.cpp' to the project
INFO: [HLS 200-10] Adding test bench file 'myproject_test.cpp' to the project
INFO: [HLS 200-10] Adding test bench file 'firmware/weights' to the project
INFO: [HLS 200-10] Adding test bench file 'tb_data' to the project
INFO: [HLS 200-10] Creating and opening solution '/afs/cern.ch/work/h/htsoi/sr/hls-feb23-sin-userlut-ap_fixed<14,6>/myproject_prj/solution1'.
INFO: [HLS 200-10] Cleaning up the solution database.
INFO: [XFORM 203-101] Allowed max sub elements number after partition is 4096.
INFO: [XFORM 203-1161] The maximum of name length is set into 60.
INFO: [HLS 200-10] Setting target device to 'xcvu9p-flga2577-2-e'
INFO: [SYN 201-201] Setting up clock 'default' with a period of 5ns.
***** C/RTL SYNTHESIS *****
INFO: [SCHED 204-61] Option 'relax_ii_for_timing' is enabled, will increase II to preserve clock frequency constraints.
INFO: [HLS 200-10] Analyzing design file 'firmware/myproject.cpp' ... 
INFO: [HLS 200-111] Finished Linking Time (s): cpu = 00:01:11 ; elapsed = 00:01:15 . Memory (MB): peak = 1653.012 ; gain = 1227.961 ; free physical = 48247 ; free virtual = 83044
INFO: [HLS 200-111] Finished Checking Pragmas Time (s): cpu = 00:01:11 ; elapsed = 00:01:15 . Memory (MB): peak = 1653.012 ; gain = 1227.961 ; free physical = 48247 ; free virtual = 83044
INFO: [HLS 200-10] Starting code transformations ...
INFO: [HLS 200-111] Finished Standard Transforms Time (s): cpu = 00:01:15 ; elapsed = 00:01:20 . Memory (MB): peak = 1653.012 ; gain = 1227.961 ; free physical = 48460 ; free virtual = 83253
INFO: [HLS 200-10] Checking synthesizability ...
INFO: [HLS 200-111] Finished Checking Synthesizability Time (s): cpu = 00:01:16 ; elapsed = 00:01:21 . Memory (MB): peak = 1653.012 ; gain = 1227.961 ; free physical = 48397 ; free virtual = 83210
INFO: [XFORM 203-131] Reshaping array 'x.V' (firmware/myproject.cpp:25) in dimension 1 completely.
INFO: [XFORM 203-101] Partitioning array 'y.V' (firmware/myproject.cpp:26) in dimension 1 completely.
INFO: [XFORM 203-401] Performing if-conversion on hyperblock from (firmware/nnet_utils/nnet_types.h:54:22) to (firmware/nnet_utils/nnet_types.h:57:9) in function 'nnet::lookup_table<ap_fixed<14, 6, (ap_q_mode)5, (ap_o_mode)3, 0>, 1024u, &(ap_fixed<14, 6, (ap_q_mode)5, (ap_o_mode)3, 0> nnet::sin<ap_fixed<14, 6, (ap_q_mode)5, (ap_o_mode)3, 0> >(ap_fixed<14, 6, (ap_q_mode)5, (ap_o_mode)3, 0>))>::operator()'... converting 5 basic blocks.
INFO: [HLS 200-111] Finished Pre-synthesis Time (s): cpu = 00:01:17 ; elapsed = 00:01:22 . Memory (MB): peak = 1653.012 ; gain = 1227.961 ; free physical = 48298 ; free virtual = 83133
WARNING: [XFORM 203-631] Renaming function 'nnet::lookup_table<ap_fixed<14, 6, (ap_q_mode)5, (ap_o_mode)3, 0>, 1024u, &(ap_fixed<14, 6, (ap_q_mode)5, (ap_o_mode)3, 0> nnet::sin<ap_fixed<14, 6, (ap_q_mode)5, (ap_o_mode)3, 0> >(ap_fixed<14, 6, (ap_q_mode)5, (ap_o_mode)3, 0>))>::operator()' to 'operator()' (firmware/nnet_utils/nnet_types.h:54:9)
INFO: [HLS 200-111] Finished Architecture Synthesis Time (s): cpu = 00:01:17 ; elapsed = 00:01:23 . Memory (MB): peak = 1653.012 ; gain = 1227.961 ; free physical = 48159 ; free virtual = 82978
INFO: [HLS 200-10] Starting hardware synthesis ...
INFO: [HLS 200-10] Synthesizing 'myproject' ...
WARNING: [SYN 201-103] Legalizing function name 'operator()' to 'operator_s'.
INFO: [HLS 200-10] ----------------------------------------------------------------
INFO: [HLS 200-42] -- Implementing module 'operator_s' 
INFO: [HLS 200-10] ----------------------------------------------------------------
INFO: [SCHED 204-11] Starting scheduling ...
INFO: [SCHED 204-61] Pipelining function 'operator()'.
INFO: [SCHED 204-61] Pipelining result : Target II = 1, Final II = 1, Depth = 2.
INFO: [SCHED 204-11] Finished scheduling.
INFO: [HLS 200-111]  Elapsed time: 83.29 seconds; current allocated memory: 388.898 MB.
INFO: [BIND 205-100] Starting micro-architecture generation ...
INFO: [BIND 205-101] Performing variable lifetime analysis.
INFO: [BIND 205-101] Exploring resource sharing.
INFO: [BIND 205-101] Binding ...
INFO: [BIND 205-100] Finished micro-architecture generation.
INFO: [HLS 200-111]  Elapsed time: 0.05 seconds; current allocated memory: 389.040 MB.
INFO: [HLS 200-10] ----------------------------------------------------------------
INFO: [HLS 200-42] -- Implementing module 'myproject' 
INFO: [HLS 200-10] ----------------------------------------------------------------
INFO: [SCHED 204-11] Starting scheduling ...
INFO: [SCHED 204-61] Pipelining function 'myproject'.
INFO: [SCHED 204-61] Pipelining result : Target II = 1, Final II = 1, Depth = 7.
INFO: [SCHED 204-11] Finished scheduling.
INFO: [HLS 200-111]  Elapsed time: 0.41 seconds; current allocated memory: 389.822 MB.
INFO: [BIND 205-100] Starting micro-architecture generation ...
INFO: [BIND 205-101] Performing variable lifetime analysis.
INFO: [BIND 205-101] Exploring resource sharing.
INFO: [BIND 205-101] Binding ...
INFO: [BIND 205-100] Finished micro-architecture generation.
INFO: [HLS 200-111]  Elapsed time: 0.36 seconds; current allocated memory: 390.812 MB.
INFO: [HLS 200-10] ----------------------------------------------------------------
INFO: [HLS 200-10] -- Generating RTL for module 'operator_s' 
INFO: [HLS 200-10] ----------------------------------------------------------------
INFO: [RTGEN 206-100] Finished creating RTL model for 'operator_s'.
INFO: [HLS 200-111]  Elapsed time: 0.58 seconds; current allocated memory: 391.342 MB.
INFO: [HLS 200-10] ----------------------------------------------------------------
INFO: [HLS 200-10] -- Generating RTL for module 'myproject' 
INFO: [HLS 200-10] ----------------------------------------------------------------
INFO: [RTGEN 206-500] Setting interface mode on port 'myproject/x_V' to 'ap_vld'.
INFO: [RTGEN 206-500] Setting interface mode on port 'myproject/y_0_V' to 'ap_vld'.
INFO: [RTGEN 206-500] Setting interface mode on port 'myproject/y_1_V' to 'ap_vld'.
INFO: [RTGEN 206-500] Setting interface mode on port 'myproject/y_2_V' to 'ap_vld'.
INFO: [RTGEN 206-500] Setting interface mode on port 'myproject/y_3_V' to 'ap_vld'.
INFO: [RTGEN 206-500] Setting interface mode on port 'myproject/y_4_V' to 'ap_vld'.
INFO: [RTGEN 206-500] Setting interface mode on function 'myproject' to 'ap_ctrl_hs'.
INFO: [RTGEN 206-100] Generating core module 'myproject_am_addmul_10s_9s_10s_21_1_1': 1 instance(s).
INFO: [RTGEN 206-100] Generating core module 'myproject_am_addmul_18s_18s_11s_31_1_1': 1 instance(s).
INFO: [RTGEN 206-100] Generating core module 'myproject_am_addmul_9s_14s_30_1_1': 1 instance(s).
INFO: [RTGEN 206-100] Generating core module 'myproject_ama_addmuladd_9s_9s_7ns_12s_16_1_1': 1 instance(s).
INFO: [RTGEN 206-100] Generating core module 'myproject_ama_submuladd_14s_14s_9ns_18ns_23_1_1': 1 instance(s).
INFO: [RTGEN 206-100] Generating core module 'myproject_mac_muladd_14s_14s_17s_22_1_1': 1 instance(s).
INFO: [RTGEN 206-100] Generating core module 'myproject_mac_muladd_16s_24s_33s_38_1_1': 1 instance(s).
INFO: [RTGEN 206-100] Generating core module 'myproject_mac_muladd_17s_9s_17s_18_1_1': 1 instance(s).
INFO: [RTGEN 206-100] Generating core module 'myproject_mac_muladd_9ns_14s_18ns_22_1_1': 1 instance(s).
INFO: [RTGEN 206-100] Generating core module 'myproject_mac_muladd_9s_14s_22ns_22_1_1': 1 instance(s).
INFO: [RTGEN 206-100] Generating core module 'myproject_mac_muladd_9s_14s_22s_22_1_1': 1 instance(s).
INFO: [RTGEN 206-100] Generating core module 'myproject_mac_muladd_9s_9s_15s_18_1_1': 1 instance(s).
INFO: [RTGEN 206-100] Generating core module 'myproject_mac_muladd_9s_9s_23s_24_1_1': 1 instance(s).
INFO: [RTGEN 206-100] Generating core module 'myproject_mul_mul_11ns_14s_22_1_1': 1 instance(s).
INFO: [RTGEN 206-100] Generating core module 'myproject_mul_mul_11ns_28s_30_1_1': 1 instance(s).
INFO: [RTGEN 206-100] Generating core module 'myproject_mul_mul_12ns_14s_22_1_1': 1 instance(s).
INFO: [RTGEN 206-100] Generating core module 'myproject_mul_mul_14s_14s_22_1_1': 1 instance(s).
INFO: [RTGEN 206-100] Generating core module 'myproject_mul_mul_14s_14s_28_1_1': 2 instance(s).
INFO: [RTGEN 206-100] Generating core module 'myproject_mul_mul_14s_28s_30_1_1': 1 instance(s).
INFO: [RTGEN 206-100] Generating core module 'myproject_mul_mul_21s_18s_40_1_1': 1 instance(s).
INFO: [RTGEN 206-100] Generating core module 'myproject_mul_mul_8s_14s_21_1_1': 1 instance(s).
INFO: [RTGEN 206-100] Generating core module 'myproject_mul_mul_9ns_14s_22_1_1': 2 instance(s).
INFO: [RTGEN 206-100] Generating core module 'myproject_mul_mul_9ns_14s_23_1_1': 1 instance(s).
INFO: [RTGEN 206-100] Finished creating RTL model for 'myproject'.
INFO: [HLS 200-111]  Elapsed time: 0.36 seconds; current allocated memory: 394.255 MB.
INFO: [HLS 200-789] **** Estimated Fmax: 234.13 MHz
INFO: [RTMG 210-279] Implementing memory 'operator_s_sin_lut_samples_V_rom' using auto ROMs.
INFO: [HLS 200-111] Finished generating all RTL models Time (s): cpu = 00:01:21 ; elapsed = 00:01:36 . Memory (MB): peak = 1653.012 ; gain = 1227.961 ; free physical = 48259 ; free virtual = 83088
INFO: [VHDL 208-304] Generating VHDL RTL for myproject.
INFO: [VLOG 209-307] Generating Verilog RTL for myproject.
***** C/RTL SYNTHESIS COMPLETED IN 0h1m32s *****
INFO: [HLS 200-112] Total elapsed time: 95.74 seconds; peak allocated memory: 394.255 MB.
INFO: [Common 17-206] Exiting vivado_hls at Thu Feb 23 14:57:55 2023...
