

================================================================
== Vivado HLS Report for 'generic_sincos_9_6_s'
================================================================
* Date:           Thu Feb 23 14:22:00 2023

* Version:        2020.1 (Build 2897737 on Wed May 27 20:21:37 MDT 2020)
* Project:        myproject_prj
* Solution:       solution1
* Product family: virtexuplus
* Target device:  xcvu9p-flga2577-2-e


================================================================
== Performance Estimates
================================================================
+ Timing: 
    * Summary: 
    +--------+---------+----------+------------+
    |  Clock |  Target | Estimated| Uncertainty|
    +--------+---------+----------+------------+
    |ap_clk  | 5.00 ns | 4.307 ns |   0.62 ns  |
    +--------+---------+----------+------------+

+ Latency: 
    * Summary: 
    +---------+---------+-----------+-----------+-----+-----+----------+
    |  Latency (cycles) |   Latency (absolute)  |  Interval | Pipeline |
    |   min   |   max   |    min    |    max    | min | max |   Type   |
    +---------+---------+-----------+-----------+-----+-----+----------+
    |        6|        6| 30.000 ns | 30.000 ns |    1|    1| function |
    +---------+---------+-----------+-----------+-----+-----+----------+

    + Detail: 
        * Instance: 
        +----------------------------------------+------------------------------+---------+---------+-----------+-----------+-----+-----+----------+
        |                                        |                              |  Latency (cycles) |   Latency (absolute)  |  Interval | Pipeline |
        |                Instance                |            Module            |   min   |   max   |    min    |    max    | min | max |   Type   |
        +----------------------------------------+------------------------------+---------+---------+-----------+-----------+-----+-----+----------+
        |grp_cordic_circ_apfixed_11_3_0_s_fu_66  |cordic_circ_apfixed_11_3_0_s  |        2|        2| 10.000 ns | 10.000 ns |    1|    1| function |
        +----------------------------------------+------------------------------+---------+---------+-----------+-----------+-----+-----+----------+

        * Loop: 
        N/A



================================================================
== Utilization Estimates
================================================================
* Summary: 
+---------------------+---------+-------+---------+---------+-----+
|         Name        | BRAM_18K| DSP48E|    FF   |   LUT   | URAM|
+---------------------+---------+-------+---------+---------+-----+
|DSP                  |        -|      2|        -|        -|    -|
|Expression           |        -|      -|        0|      145|    -|
|FIFO                 |        -|      -|        -|        -|    -|
|Instance             |        -|      -|       79|     1135|    -|
|Memory               |        -|      -|        -|        -|    -|
|Multiplexer          |        -|      -|        -|        9|    -|
|Register             |        0|      -|      253|       96|    -|
+---------------------+---------+-------+---------+---------+-----+
|Total                |        0|      2|      332|     1385|    0|
+---------------------+---------+-------+---------+---------+-----+
|Available SLR        |     1440|   2280|   788160|   394080|  320|
+---------------------+---------+-------+---------+---------+-----+
|Utilization SLR (%)  |        0|   ~0  |    ~0   |    ~0   |    0|
+---------------------+---------+-------+---------+---------+-----+
|Available            |     4320|   6840|  2364480|  1182240|  960|
+---------------------+---------+-------+---------+---------+-----+
|Utilization (%)      |        0|   ~0  |    ~0   |    ~0   |    0|
+---------------------+---------+-------+---------+---------+-----+

+ Detail: 
    * Instance: 
    +----------------------------------------+------------------------------+---------+-------+----+------+-----+
    |                Instance                |            Module            | BRAM_18K| DSP48E| FF |  LUT | URAM|
    +----------------------------------------+------------------------------+---------+-------+----+------+-----+
    |grp_cordic_circ_apfixed_11_3_0_s_fu_66  |cordic_circ_apfixed_11_3_0_s  |        0|      0|  79|  1135|    0|
    +----------------------------------------+------------------------------+---------+-------+----+------+-----+
    |Total                                   |                              |        0|      0|  79|  1135|    0|
    +----------------------------------------+------------------------------+---------+-------+----+------+-----+

    * DSP48E: 
    +----------------------------------------------+-------------------------------------------+--------------+
    |                   Instance                   |                   Module                  |  Expression  |
    +----------------------------------------------+-------------------------------------------+--------------+
    |myproject_mac_mulsub_6ns_12ns_16ns_18_1_0_U3  |myproject_mac_mulsub_6ns_12ns_16ns_18_1_0  | i0 - i1 * i2 |
    |myproject_mul_mul_9ns_17ns_25_1_0_U2          |myproject_mul_mul_9ns_17ns_25_1_0          |    i0 * i1   |
    +----------------------------------------------+-------------------------------------------+--------------+

    * Memory: 
    N/A

    * FIFO: 
    N/A

    * Expression: 
    +------------------------+----------+-------+---+----+------------+------------+
    |      Variable Name     | Operation| DSP48E| FF| LUT| Bitwidth P0| Bitwidth P1|
    +------------------------+----------+-------+---+----+------------+------------+
    |inabs_V_fu_77_p2        |     -    |      0|  0|  16|           1|           9|
    |ret_V_42_fu_158_p2      |     -    |      0|  0|  18|          10|          11|
    |sub_ln1253_fu_211_p2    |     -    |      0|  0|  19|           1|          12|
    |sub_ln703_fu_250_p2     |     -    |      0|  0|  15|           1|           5|
    |and_ln879_fu_238_p2     |    and   |      0|  0|   2|           1|           1|
    |icmp_ln251_fu_174_p2    |   icmp   |      0|  0|   8|           2|           2|
    |icmp_ln879_1_fu_193_p2  |   icmp   |      0|  0|   8|           2|           1|
    |icmp_ln879_fu_136_p2    |   icmp   |      0|  0|   8|           2|           1|
    |sign0_V_fu_71_p2        |   icmp   |      0|  0|  13|           9|           1|
    |or_ln251_fu_179_p2      |    or    |      0|  0|   2|           1|           1|
    |p_Val2_51_fu_243_p3     |  select  |      0|  0|   5|           1|           5|
    |p_Val2_52_fu_256_p3     |  select  |      0|  0|   5|           1|           5|
    |p_Val2_s_fu_83_p3       |  select  |      0|  0|   9|           1|           9|
    |select_ln879_fu_227_p3  |  select  |      0|  0|   5|           1|           5|
    |z_V_1_fu_185_p3         |  select  |      0|  0|  10|           1|          10|
    |xor_ln879_fu_233_p2     |    xor   |      0|  0|   2|           1|           2|
    +------------------------+----------+-------+---+----+------------+------------+
    |Total                   |          |      0|  0| 145|          36|          80|
    +------------------------+----------+-------+---+----+------------+------------+

    * Multiplexer: 
    +-----------+----+-----------+-----+-----------+
    |    Name   | LUT| Input Size| Bits| Total Bits|
    +-----------+----+-----------+-----+-----------+
    |ap_return  |   9|          2|    5|         10|
    +-----------+----+-----------+-----+-----------+
    |Total      |   9|          2|    5|         10|
    +-----------+----+-----------+-----+-----------+

    * Register: 
    +----------------------+----+----+-----+-----------+
    |         Name         | FF | LUT| Bits| Const Bits|
    +----------------------+----+----+-----+-----------+
    |ap_ce_reg             |   1|   0|    1|          0|
    |ap_return_int_reg     |   5|   0|    5|          0|
    |icmp_ln879_1_reg_313  |   1|   0|    1|          0|
    |icmp_ln879_reg_303    |   1|   0|    1|          0|
    |in_V_int_reg          |   9|   0|    9|          0|
    |k_V_reg_296           |   2|   0|    2|          0|
    |p_Val2_s_reg_286      |   9|   0|    9|          0|
    |ret_V_reg_291         |   6|   0|    6|          0|
    |sign0_V_reg_281       |   1|   0|    1|          0|
    |trunc_ln_reg_324      |   5|   0|    5|          0|
    |y_V_reg_319           |  11|   0|   11|          0|
    |z_V_1_reg_308         |  10|   0|   10|          0|
    |icmp_ln879_1_reg_313  |  64|  32|    1|          0|
    |icmp_ln879_reg_303    |  64|  32|    1|          0|
    |sign0_V_reg_281       |  64|  32|    1|          0|
    +----------------------+----+----+-----+-----------+
    |Total                 | 253|  96|   64|          0|
    +----------------------+----+----+-----+-----------+



================================================================
== Interface
================================================================
* Summary: 
+-----------+-----+-----+------------+----------------------+--------------+
| RTL Ports | Dir | Bits|  Protocol  |     Source Object    |    C Type    |
+-----------+-----+-----+------------+----------------------+--------------+
|ap_clk     |  in |    1| ap_ctrl_hs | generic_sincos<9, 6> | return value |
|ap_rst     |  in |    1| ap_ctrl_hs | generic_sincos<9, 6> | return value |
|ap_return  | out |    5| ap_ctrl_hs | generic_sincos<9, 6> | return value |
|ap_ce      |  in |    1| ap_ctrl_hs | generic_sincos<9, 6> | return value |
|in_V       |  in |    9|   ap_none  |         in_V         |    scalar    |
+-----------+-----+-----+------------+----------------------+--------------+

