

================================================================
== Vivado HLS Report for 'myproject'
================================================================
* Date:           Sun Feb 26 11:20:57 2023

* Version:        2020.1 (Build 2897737 on Wed May 27 20:21:37 MDT 2020)
* Project:        myproject_prj
* Solution:       solution1
* Product family: virtexuplus
* Target device:  xcvu9p-flga2577-2-e


================================================================
== Performance Estimates
================================================================
+ Timing: 
    * Summary: 
    +--------+---------+----------+------------+
    |  Clock |  Target | Estimated| Uncertainty|
    +--------+---------+----------+------------+
    |ap_clk  | 5.00 ns | 4.294 ns |   0.62 ns  |
    +--------+---------+----------+------------+

+ Latency: 
    * Summary: 
    +---------+---------+-----------+-----------+-----+-----+----------+
    |  Latency (cycles) |   Latency (absolute)  |  Interval | Pipeline |
    |   min   |   max   |    min    |    max    | min | max |   Type   |
    +---------+---------+-----------+-----------+-----+-----+----------+
    |        7|        7| 35.000 ns | 35.000 ns |    1|    1| function |
    +---------+---------+-----------+-----------+-----+-----+----------+

    + Detail: 
        * Instance: 
        N/A

        * Loop: 
        N/A

============================================================
+ Verbose Summary: Synthesis Manager
============================================================
InlineROM: 1
ExposeGlobal: 0
============================================================
+ Verbose Summary: CDFG Model
============================================================
IsTopModel: 1
ResetActiveHigh: 1
IsCombinational: 0
IsDatapathOnly: 0
HasWiredReturn: 1
HasMFsm: 2
HasVarLatency: 0
IsPipeline: 1
IsRtlPipelined: 1
IsInstanceOverlapped: 0
IsDontTouch: 0
HasImplIP: 0
IsGatedGlobalClock: 0

+ Individual pipeline summary: 
  * Pipeline-0: initiation interval (II) = 1, depth = 8


============================================================
+ Verbose Summary: Schedule
============================================================
* Number of FSM states : 8
* Pipeline : 1
  Pipeline-0 : II = 1, D = 8, States = { 1 2 3 4 5 6 7 8 }
* Dataflow Pipeline: 0

* FSM state transitions: 
1 --> 2 
2 --> 3 
3 --> 4 
4 --> 5 
5 --> 6 
6 --> 7 
7 --> 8 
8 --> 

* FSM state operations: 

State 1 <SV = 0> <Delay = 3.97>
ST_1 : Operation 9 [1/1] (0.00ns)   --->   "%x_V_read = call i224 @_ssdm_op_Read.ap_vld.i224P(i224* %x_V)" [firmware/myproject.cpp:50]   --->   Operation 9 'read' 'x_V_read' <Predicate = true> <Delay = 0.00>
ST_1 : Operation 10 [1/1] (0.00ns)   --->   "%p_Val2_7 = call i14 @_ssdm_op_PartSelect.i14.i224.i32.i32(i224 %x_V_read, i32 196, i32 209)" [firmware/myproject.cpp:50]   --->   Operation 10 'partselect' 'p_Val2_7' <Predicate = true> <Delay = 0.00>
ST_1 : Operation 11 [1/1] (0.00ns)   --->   "%p_Val2_1 = call i14 @_ssdm_op_PartSelect.i14.i224.i32.i32(i224 %x_V_read, i32 56, i32 69)" [firmware/myproject.cpp:50]   --->   Operation 11 'partselect' 'p_Val2_1' <Predicate = true> <Delay = 0.00>
ST_1 : Operation 12 [1/1] (0.00ns)   --->   "%p_Val2_s = call i14 @_ssdm_op_PartSelect.i14.i224.i32.i32(i224 %x_V_read, i32 210, i32 223)" [firmware/myproject.cpp:50]   --->   Operation 12 'partselect' 'p_Val2_s' <Predicate = true> <Delay = 0.00>
ST_1 : Operation 13 [1/1] (0.00ns)   --->   "%sext_ln1118_2 = sext i14 %p_Val2_s to i22" [firmware/myproject.cpp:50]   --->   Operation 13 'sext' 'sext_ln1118_2' <Predicate = true> <Delay = 0.00>
ST_1 : Operation 14 [1/1] (0.76ns)   --->   "%add_ln703 = add i14 %p_Val2_1, %p_Val2_s" [firmware/myproject.cpp:50]   --->   Operation 14 'add' 'add_ln703' <Predicate = true> <Delay = 0.76> <Core = "AddSub">   --->   Core 14 'AddSub' <Latency = 0> <II = 1> <Delay = 1.15> <FuncUnit> <Opcode : 'add' 'sub'> <InPorts = 2> <OutPorts = 1>
ST_1 : Operation 15 [1/1] (0.00ns)   --->   "%p_Val2_6 = call i14 @_ssdm_op_PartSelect.i14.i224.i32.i32(i224 %x_V_read, i32 28, i32 41)" [firmware/myproject.cpp:50]   --->   Operation 15 'partselect' 'p_Val2_6' <Predicate = true> <Delay = 0.00>
ST_1 : Operation 16 [2/2] (3.97ns)   --->   "%p_s = call fastcc i9 @"operator()"(i14 %p_Val2_6)" [firmware/myproject.cpp:50]   --->   Operation 16 'call' 'p_s' <Predicate = true> <Delay = 3.97> <CoreType = "Generic">   --->   Core 0 '' <Latency = 0> <II = 1> <Delay = 1.00> <Generic> <Opcode : >
ST_1 : Operation 17 [1/1] (2.53ns) (root node of the DSP)   --->   "%mul_ln1192_1 = mul i22 %sext_ln1118_2, -181" [firmware/myproject.cpp:50]   --->   Operation 17 'mul' 'mul_ln1192_1' <Predicate = true> <Delay = 2.53> <Core = "DSP48">   --->   Core 88 'DSP48' <Latency = 0> <II = 1> <Delay = 2.53> <IPBlock> <Opcode : 'mul' 'add' 'sub' 'select'> <InPorts = 2> <OutPorts = 1> <Sync> <CReg>
ST_1 : Operation 18 [1/1] (0.00ns)   --->   "%trunc_ln51 = trunc i224 %x_V_read to i14" [firmware/myproject.cpp:51]   --->   Operation 18 'trunc' 'trunc_ln51' <Predicate = true> <Delay = 0.00>
ST_1 : Operation 19 [2/2] (3.97ns)   --->   "%p_Val2_s_20 = call fastcc i7 @"operator().1"(i14 %trunc_ln51)" [firmware/myproject.cpp:51]   --->   Operation 19 'call' 'p_Val2_s_20' <Predicate = true> <Delay = 3.97> <CoreType = "Generic">   --->   Core 0 '' <Latency = 0> <II = 1> <Delay = 1.00> <Generic> <Opcode : >
ST_1 : Operation 20 [1/1] (0.76ns)   --->   "%sub_ln703_1 = sub i14 %p_Val2_7, %p_Val2_1" [firmware/myproject.cpp:51]   --->   Operation 20 'sub' 'sub_ln703_1' <Predicate = true> <Delay = 0.76> <Core = "AddSub">   --->   Core 14 'AddSub' <Latency = 0> <II = 1> <Delay = 1.15> <FuncUnit> <Opcode : 'add' 'sub'> <InPorts = 2> <OutPorts = 1>
ST_1 : Operation 21 [1/1] (0.76ns)   --->   "%add_ln703_2 = add i14 %p_Val2_6, -99" [firmware/myproject.cpp:51]   --->   Operation 21 'add' 'add_ln703_2' <Predicate = true> <Delay = 0.76> <Core = "AddSub">   --->   Core 14 'AddSub' <Latency = 0> <II = 1> <Delay = 1.15> <FuncUnit> <Opcode : 'add' 'sub'> <InPorts = 2> <OutPorts = 1>
ST_1 : Operation 22 [1/1] (0.00ns)   --->   "%p_Val2_13 = call i14 @_ssdm_op_PartSelect.i14.i224.i32.i32(i224 %x_V_read, i32 42, i32 55)" [firmware/myproject.cpp:51]   --->   Operation 22 'partselect' 'p_Val2_13' <Predicate = true> <Delay = 0.00>
ST_1 : Operation 23 [1/1] (2.53ns) (root node of the DSP)   --->   "%r_V_32 = mul i22 %sext_ln1118_2, 98" [firmware/myproject.cpp:51]   --->   Operation 23 'mul' 'r_V_32' <Predicate = true> <Delay = 2.53> <Core = "DSP48">   --->   Core 88 'DSP48' <Latency = 0> <II = 1> <Delay = 2.53> <IPBlock> <Opcode : 'mul' 'add' 'sub' 'select'> <InPorts = 2> <OutPorts = 1> <Sync> <CReg>
ST_1 : Operation 24 [1/1] (0.00ns)   --->   "%trunc_ln708_2 = call i14 @_ssdm_op_PartSelect.i14.i22.i32.i32(i22 %r_V_32, i32 8, i32 21)" [firmware/myproject.cpp:51]   --->   Operation 24 'partselect' 'trunc_ln708_2' <Predicate = true> <Delay = 0.00>
ST_1 : Operation 25 [2/2] (3.97ns)   --->   "%p_Val2_26 = call fastcc i9 @"operator()"(i14 %p_Val2_13)" [firmware/myproject.cpp:53]   --->   Operation 25 'call' 'p_Val2_26' <Predicate = true> <Delay = 3.97> <CoreType = "Generic">   --->   Core 0 '' <Latency = 0> <II = 1> <Delay = 1.00> <Generic> <Opcode : >

State 2 <SV = 1> <Delay = 4.07>
ST_2 : Operation 26 [1/1] (0.00ns)   --->   "%sext_ln703 = sext i14 %p_Val2_7 to i24" [firmware/myproject.cpp:53]   --->   Operation 26 'sext' 'sext_ln703' <Predicate = true> <Delay = 0.00>
ST_2 : Operation 27 [1/1] (0.00ns)   --->   "%lhs_V_2 = sext i14 %p_Val2_7 to i15" [firmware/myproject.cpp:50]   --->   Operation 27 'sext' 'lhs_V_2' <Predicate = true> <Delay = 0.00>
ST_2 : Operation 28 [1/1] (0.00ns)   --->   "%rhs_V_2 = sext i14 %p_Val2_1 to i15" [firmware/myproject.cpp:50]   --->   Operation 28 'sext' 'rhs_V_2' <Predicate = true> <Delay = 0.00>
ST_2 : Operation 29 [1/1] (0.76ns)   --->   "%ret_V_37 = sub i15 %lhs_V_2, %rhs_V_2" [firmware/myproject.cpp:50]   --->   Operation 29 'sub' 'ret_V_37' <Predicate = true> <Delay = 0.76> <Core = "AddSub">   --->   Core 14 'AddSub' <Latency = 0> <II = 1> <Delay = 1.15> <FuncUnit> <Opcode : 'add' 'sub'> <InPorts = 2> <OutPorts = 1>
ST_2 : Operation 30 [2/2] (3.97ns)   --->   "%p_0 = call fastcc i7 @"operator().1"(i14 %add_ln703)" [firmware/myproject.cpp:50]   --->   Operation 30 'call' 'p_0' <Predicate = true> <Delay = 3.97> <CoreType = "Generic">   --->   Core 0 '' <Latency = 0> <II = 1> <Delay = 1.00> <Generic> <Opcode : >
ST_2 : Operation 31 [1/2] (1.15ns)   --->   "%p_s = call fastcc i9 @"operator()"(i14 %p_Val2_6)" [firmware/myproject.cpp:50]   --->   Operation 31 'call' 'p_s' <Predicate = true> <Delay = 1.15> <CoreType = "Generic">   --->   Core 0 '' <Latency = 0> <II = 1> <Delay = 1.00> <Generic> <Opcode : >
ST_2 : Operation 32 [1/1] (0.00ns)   --->   "%sext_ln1192 = sext i14 %p_Val2_6 to i22" [firmware/myproject.cpp:50]   --->   Operation 32 'sext' 'sext_ln1192' <Predicate = true> <Delay = 0.00>
ST_2 : Operation 33 [1/1] (0.49ns) (grouped into DSP with root node add_ln1192)   --->   "%mul_ln1192 = mul i22 %sext_ln1192, 181" [firmware/myproject.cpp:50]   --->   Operation 33 'mul' 'mul_ln1192' <Predicate = true> <Delay = 0.49> <Core = "DSP48">   --->   Core 88 'DSP48' <Latency = 0> <II = 1> <Delay = 2.53> <IPBlock> <Opcode : 'mul' 'add' 'sub' 'select'> <InPorts = 2> <OutPorts = 1> <Sync> <CReg>
ST_2 : Operation 34 [1/1] (2.03ns) (root node of the DSP)   --->   "%add_ln1192 = add i22 %mul_ln1192_1, %mul_ln1192" [firmware/myproject.cpp:50]   --->   Operation 34 'add' 'add_ln1192' <Predicate = true> <Delay = 2.03> <Core = "DSP48">   --->   Core 88 'DSP48' <Latency = 0> <II = 1> <Delay = 2.53> <IPBlock> <Opcode : 'mul' 'add' 'sub' 'select'> <InPorts = 2> <OutPorts = 1> <Sync> <CReg>
ST_2 : Operation 35 [1/1] (0.82ns)   --->   "%ret_V_33 = add i22 %add_ln1192, 51200" [firmware/myproject.cpp:50]   --->   Operation 35 'add' 'ret_V_33' <Predicate = true> <Delay = 0.82> <Core = "AddSub">   --->   Core 14 'AddSub' <Latency = 0> <II = 1> <Delay = 1.15> <FuncUnit> <Opcode : 'add' 'sub'> <InPorts = 2> <OutPorts = 1>
ST_2 : Operation 36 [1/1] (0.00ns)   --->   "%trunc_ln = call i14 @_ssdm_op_PartSelect.i14.i22.i32.i32(i22 %ret_V_33, i32 8, i32 21)" [firmware/myproject.cpp:50]   --->   Operation 36 'partselect' 'trunc_ln' <Predicate = true> <Delay = 0.00>
ST_2 : Operation 37 [1/2] (1.15ns)   --->   "%p_Val2_s_20 = call fastcc i7 @"operator().1"(i14 %trunc_ln51)" [firmware/myproject.cpp:51]   --->   Operation 37 'call' 'p_Val2_s_20' <Predicate = true> <Delay = 1.15> <CoreType = "Generic">   --->   Core 0 '' <Latency = 0> <II = 1> <Delay = 1.00> <Generic> <Opcode : >
ST_2 : Operation 38 [2/2] (3.97ns)   --->   "%p_4 = call fastcc i7 @"operator().1"(i14 %sub_ln703_1)" [firmware/myproject.cpp:51]   --->   Operation 38 'call' 'p_4' <Predicate = true> <Delay = 3.97> <CoreType = "Generic">   --->   Core 0 '' <Latency = 0> <II = 1> <Delay = 1.00> <Generic> <Opcode : >
ST_2 : Operation 39 [2/2] (3.97ns)   --->   "%p_Val2_12 = call fastcc i9 @"operator()"(i14 %add_ln703_2)" [firmware/myproject.cpp:51]   --->   Operation 39 'call' 'p_Val2_12' <Predicate = true> <Delay = 3.97> <CoreType = "Generic">   --->   Core 0 '' <Latency = 0> <II = 1> <Delay = 1.00> <Generic> <Opcode : >
ST_2 : Operation 40 [2/2] (3.97ns)   --->   "%p_Val2_14 = call fastcc i7 @"operator().1"(i14 %p_Val2_13)" [firmware/myproject.cpp:51]   --->   Operation 40 'call' 'p_Val2_14' <Predicate = true> <Delay = 3.97> <CoreType = "Generic">   --->   Core 0 '' <Latency = 0> <II = 1> <Delay = 1.00> <Generic> <Opcode : >
ST_2 : Operation 41 [2/2] (3.97ns)   --->   "%p_Val2_16 = call fastcc i9 @"operator()"(i14 %trunc_ln708_2)" [firmware/myproject.cpp:51]   --->   Operation 41 'call' 'p_Val2_16' <Predicate = true> <Delay = 3.97> <CoreType = "Generic">   --->   Core 0 '' <Latency = 0> <II = 1> <Delay = 1.00> <Generic> <Opcode : >
ST_2 : Operation 42 [2/2] (3.97ns)   --->   "%p_8 = call fastcc i7 @"operator().1"(i14 %p_Val2_6)" [firmware/myproject.cpp:51]   --->   Operation 42 'call' 'p_8' <Predicate = true> <Delay = 3.97> <CoreType = "Generic">   --->   Core 0 '' <Latency = 0> <II = 1> <Delay = 1.00> <Generic> <Opcode : >
ST_2 : Operation 43 [1/1] (0.00ns)   --->   "%r_V_12 = sext i14 %p_Val2_13 to i28" [firmware/myproject.cpp:52]   --->   Operation 43 'sext' 'r_V_12' <Predicate = true> <Delay = 0.00>
ST_2 : Operation 44 [1/1] (0.00ns)   --->   "%sext_ln1116_3 = sext i14 %p_Val2_13 to i22" [firmware/myproject.cpp:52]   --->   Operation 44 'sext' 'sext_ln1116_3' <Predicate = true> <Delay = 0.00>
ST_2 : Operation 45 [1/1] (2.53ns) (root node of the DSP)   --->   "%r_V_13 = mul i28 %r_V_12, %r_V_12" [firmware/myproject.cpp:52]   --->   Operation 45 'mul' 'r_V_13' <Predicate = true> <Delay = 2.53> <Core = "DSP48">   --->   Core 88 'DSP48' <Latency = 0> <II = 1> <Delay = 2.53> <IPBlock> <Opcode : 'mul' 'add' 'sub' 'select'> <InPorts = 2> <OutPorts = 1> <Sync> <CReg>
ST_2 : Operation 46 [1/1] (0.00ns)   --->   "%lhs_V_3 = sext i15 %ret_V_37 to i16" [firmware/myproject.cpp:52]   --->   Operation 46 'sext' 'lhs_V_3' <Predicate = true> <Delay = 0.00>
ST_2 : Operation 47 [1/1] (0.77ns)   --->   "%ret_V_14 = add nsw i16 %lhs_V_3, 140" [firmware/myproject.cpp:52]   --->   Operation 47 'add' 'ret_V_14' <Predicate = true> <Delay = 0.77> <Core = "AddSub">   --->   Core 14 'AddSub' <Latency = 0> <II = 1> <Delay = 1.15> <FuncUnit> <Opcode : 'add' 'sub'> <InPorts = 2> <OutPorts = 1>
ST_2 : Operation 48 [1/1] (0.00ns)   --->   "%r_V_15 = sext i16 %ret_V_14 to i32" [firmware/myproject.cpp:52]   --->   Operation 48 'sext' 'r_V_15' <Predicate = true> <Delay = 0.00>
ST_2 : Operation 49 [1/1] (2.53ns) (root node of the DSP)   --->   "%r_V_16 = mul nsw i32 %r_V_15, %r_V_15" [firmware/myproject.cpp:52]   --->   Operation 49 'mul' 'r_V_16' <Predicate = true> <Delay = 2.53> <Core = "DSP48">   --->   Core 88 'DSP48' <Latency = 0> <II = 1> <Delay = 2.53> <IPBlock> <Opcode : 'mul' 'add' 'sub' 'select'> <InPorts = 2> <OutPorts = 1> <Sync> <CReg>
ST_2 : Operation 50 [1/1] (2.53ns) (root node of the DSP)   --->   "%mul_ln728 = mul i22 %sext_ln1118_2, -174" [firmware/myproject.cpp:53]   --->   Operation 50 'mul' 'mul_ln728' <Predicate = true> <Delay = 2.53> <Core = "DSP48">   --->   Core 88 'DSP48' <Latency = 0> <II = 1> <Delay = 2.53> <IPBlock> <Opcode : 'mul' 'add' 'sub' 'select'> <InPorts = 2> <OutPorts = 1> <Sync> <CReg>
ST_2 : Operation 51 [1/2] (1.15ns)   --->   "%p_Val2_26 = call fastcc i9 @"operator()"(i14 %p_Val2_13)" [firmware/myproject.cpp:53]   --->   Operation 51 'call' 'p_Val2_26' <Predicate = true> <Delay = 1.15> <CoreType = "Generic">   --->   Core 0 '' <Latency = 0> <II = 1> <Delay = 1.00> <Generic> <Opcode : >
ST_2 : Operation 52 [1/1] (0.00ns)   --->   "%sext_ln703_4 = sext i9 %p_Val2_26 to i10" [firmware/myproject.cpp:53]   --->   Operation 52 'sext' 'sext_ln703_4' <Predicate = true> <Delay = 0.00>
ST_2 : Operation 53 [1/1] (0.71ns)   --->   "%ret_V_19 = add i10 %sext_ln703_4, 109" [firmware/myproject.cpp:53]   --->   Operation 53 'add' 'ret_V_19' <Predicate = true> <Delay = 0.71> <Core = "AddSub">   --->   Core 14 'AddSub' <Latency = 0> <II = 1> <Delay = 1.15> <FuncUnit> <Opcode : 'add' 'sub'> <InPorts = 2> <OutPorts = 1>
ST_2 : Operation 54 [1/1] (0.49ns) (grouped into DSP with root node ret_V_42)   --->   "%mul_ln1192_5 = mul i22 %sext_ln1116_3, 604" [firmware/myproject.cpp:53]   --->   Operation 54 'mul' 'mul_ln1192_5' <Predicate = true> <Delay = 0.49> <Core = "DSP48">   --->   Core 88 'DSP48' <Latency = 0> <II = 1> <Delay = 2.53> <IPBlock> <Opcode : 'mul' 'add' 'sub' 'select'> <InPorts = 2> <OutPorts = 1> <Sync> <CReg>
ST_2 : Operation 55 [1/1] (2.03ns) (root node of the DSP)   --->   "%ret_V_42 = add i22 %mul_ln1192_5, 55808" [firmware/myproject.cpp:53]   --->   Operation 55 'add' 'ret_V_42' <Predicate = true> <Delay = 2.03> <Core = "DSP48">   --->   Core 88 'DSP48' <Latency = 0> <II = 1> <Delay = 2.53> <IPBlock> <Opcode : 'mul' 'add' 'sub' 'select'> <InPorts = 2> <OutPorts = 1> <Sync> <CReg>
ST_2 : Operation 56 [1/1] (0.00ns)   --->   "%trunc_ln708_6 = call i14 @_ssdm_op_PartSelect.i14.i22.i32.i32(i22 %ret_V_42, i32 8, i32 21)" [firmware/myproject.cpp:53]   --->   Operation 56 'partselect' 'trunc_ln708_6' <Predicate = true> <Delay = 0.00>
ST_2 : Operation 57 [1/1] (0.49ns) (grouped into DSP with root node ret_V_23)   --->   "%mul_ln703 = mul i24 %sext_ln703, 604" [firmware/myproject.cpp:53]   --->   Operation 57 'mul' 'mul_ln703' <Predicate = true> <Delay = 0.49> <Core = "DSP48">   --->   Core 88 'DSP48' <Latency = 0> <II = 1> <Delay = 2.53> <IPBlock> <Opcode : 'mul' 'add' 'sub' 'select'> <InPorts = 2> <OutPorts = 1> <Sync> <CReg>
ST_2 : Operation 58 [1/1] (2.03ns) (root node of the DSP)   --->   "%ret_V_23 = add i24 %mul_ln703, 289536" [firmware/myproject.cpp:53]   --->   Operation 58 'add' 'ret_V_23' <Predicate = true> <Delay = 2.03> <Core = "DSP48">   --->   Core 88 'DSP48' <Latency = 0> <II = 1> <Delay = 2.53> <IPBlock> <Opcode : 'mul' 'add' 'sub' 'select'> <InPorts = 2> <OutPorts = 1> <Sync> <CReg>
ST_2 : Operation 59 [1/1] (0.49ns) (grouped into DSP with root node ret_V_45)   --->   "%mul_ln1192_8 = mul i22 %sext_ln1116_3, 733" [firmware/myproject.cpp:54]   --->   Operation 59 'mul' 'mul_ln1192_8' <Predicate = true> <Delay = 0.49> <Core = "DSP48">   --->   Core 88 'DSP48' <Latency = 0> <II = 1> <Delay = 2.53> <IPBlock> <Opcode : 'mul' 'add' 'sub' 'select'> <InPorts = 2> <OutPorts = 1> <Sync> <CReg>
ST_2 : Operation 60 [1/1] (2.03ns) (root node of the DSP)   --->   "%ret_V_45 = add i22 %mul_ln1192_8, 11264" [firmware/myproject.cpp:54]   --->   Operation 60 'add' 'ret_V_45' <Predicate = true> <Delay = 2.03> <Core = "DSP48">   --->   Core 88 'DSP48' <Latency = 0> <II = 1> <Delay = 2.53> <IPBlock> <Opcode : 'mul' 'add' 'sub' 'select'> <InPorts = 2> <OutPorts = 1> <Sync> <CReg>
ST_2 : Operation 61 [1/1] (0.00ns)   --->   "%trunc_ln708_9 = call i14 @_ssdm_op_PartSelect.i14.i22.i32.i32(i22 %ret_V_45, i32 8, i32 21)" [firmware/myproject.cpp:54]   --->   Operation 61 'partselect' 'trunc_ln708_9' <Predicate = true> <Delay = 0.00>

State 3 <SV = 2> <Delay = 4.23>
ST_3 : Operation 62 [1/1] (0.00ns)   --->   "%sext_ln700 = sext i14 %p_Val2_7 to i22" [firmware/myproject.cpp:54]   --->   Operation 62 'sext' 'sext_ln700' <Predicate = true> <Delay = 0.00>
ST_3 : Operation 63 [1/1] (0.00ns)   --->   "%sext_ln1118 = sext i14 %p_Val2_1 to i21" [firmware/myproject.cpp:50]   --->   Operation 63 'sext' 'sext_ln1118' <Predicate = true> <Delay = 0.00>
ST_3 : Operation 64 [1/1] (0.00ns)   --->   "%sext_ln1193_1 = sext i15 %ret_V_37 to i21" [firmware/myproject.cpp:50]   --->   Operation 64 'sext' 'sext_ln1193_1' <Predicate = true> <Delay = 0.00>
ST_3 : Operation 65 [1/1] (2.53ns) (root node of the DSP)   --->   "%ret_V_31 = mul i21 %sext_ln1193_1, 46" [firmware/myproject.cpp:50]   --->   Operation 65 'mul' 'ret_V_31' <Predicate = true> <Delay = 2.53> <Core = "DSP48">   --->   Core 88 'DSP48' <Latency = 0> <II = 1> <Delay = 2.53> <IPBlock> <Opcode : 'mul' 'add' 'sub' 'select'> <InPorts = 2> <OutPorts = 1> <Sync> <CReg>
ST_3 : Operation 66 [1/1] (0.00ns)   --->   "%r_V_5 = sext i14 %p_Val2_s to i28" [firmware/myproject.cpp:50]   --->   Operation 66 'sext' 'r_V_5' <Predicate = true> <Delay = 0.00>
ST_3 : Operation 67 [1/1] (0.00ns)   --->   "%r_V = sext i14 %p_Val2_s to i15" [firmware/myproject.cpp:50]   --->   Operation 67 'sext' 'r_V' <Predicate = true> <Delay = 0.00>
ST_3 : Operation 68 [1/2] (1.15ns)   --->   "%p_0 = call fastcc i7 @"operator().1"(i14 %add_ln703)" [firmware/myproject.cpp:50]   --->   Operation 68 'call' 'p_0' <Predicate = true> <Delay = 1.15> <CoreType = "Generic">   --->   Core 0 '' <Latency = 0> <II = 1> <Delay = 1.00> <Generic> <Opcode : >
ST_3 : Operation 69 [1/1] (0.00ns)   --->   "%sext_ln1193_2 = sext i7 %p_0 to i15" [firmware/myproject.cpp:50]   --->   Operation 69 'sext' 'sext_ln1193_2' <Predicate = true> <Delay = 0.00>
ST_3 : Operation 70 [1/1] (0.00ns) (grouped into DSP with root node ret_V_32)   --->   "%sub_ln1193_1 = sub i15 %r_V, %sext_ln1193_2" [firmware/myproject.cpp:50]   --->   Operation 70 'sub' 'sub_ln1193_1' <Predicate = true> <Delay = 0.00> <Core = "DSP48">   --->   Core 88 'DSP48' <Latency = 0> <II = 1> <Delay = 2.53> <IPBlock> <Opcode : 'mul' 'add' 'sub' 'select'> <InPorts = 2> <OutPorts = 1> <Sync> <CReg>
ST_3 : Operation 71 [1/1] (0.00ns) (grouped into DSP with root node ret_V_32)   --->   "%sext_ln700_1 = sext i15 %sub_ln1193_1 to i19" [firmware/myproject.cpp:50]   --->   Operation 71 'sext' 'sext_ln700_1' <Predicate = true> <Delay = 0.00>
ST_3 : Operation 72 [1/1] (0.49ns) (grouped into DSP with root node ret_V_32)   --->   "%mul_ln700_5 = mul i19 %sext_ln700_1, 22" [firmware/myproject.cpp:50]   --->   Operation 72 'mul' 'mul_ln700_5' <Predicate = true> <Delay = 0.49> <Core = "DSP48">   --->   Core 88 'DSP48' <Latency = 0> <II = 1> <Delay = 2.53> <IPBlock> <Opcode : 'mul' 'add' 'sub' 'select'> <InPorts = 2> <OutPorts = 1> <Sync> <CReg>
ST_3 : Operation 73 [1/1] (0.00ns)   --->   "%sext_ln1118_4 = sext i9 %p_s to i18" [firmware/myproject.cpp:50]   --->   Operation 73 'sext' 'sext_ln1118_4' <Predicate = true> <Delay = 0.00>
ST_3 : Operation 74 [1/1] (0.00ns)   --->   "%sext_ln1118_5 = sext i9 %p_s to i15" [firmware/myproject.cpp:50]   --->   Operation 74 'sext' 'sext_ln1118_5' <Predicate = true> <Delay = 0.00>
ST_3 : Operation 75 [1/1] (1.46ns)   --->   "%r_V_28 = mul i15 %sext_ln1118_5, 22" [firmware/myproject.cpp:50]   --->   Operation 75 'mul' 'r_V_28' <Predicate = true> <Delay = 1.46> <Core = "Mul">   --->   Core 16 'Mul' <Latency = 0> <II = 1> <Delay = 3.68> <FuncUnit> <Opcode : 'mul'> <InPorts = 2> <OutPorts = 1>
ST_3 : Operation 76 [1/1] (0.00ns)   --->   "%sext_ln1192_1 = sext i15 %r_V_28 to i19" [firmware/myproject.cpp:50]   --->   Operation 76 'sext' 'sext_ln1192_1' <Predicate = true> <Delay = 0.00>
ST_3 : Operation 77 [1/1] (2.03ns) (root node of the DSP)   --->   "%ret_V_32 = add i19 %mul_ln700_5, %sext_ln1192_1" [firmware/myproject.cpp:50]   --->   Operation 77 'add' 'ret_V_32' <Predicate = true> <Delay = 2.03> <Core = "DSP48">   --->   Core 88 'DSP48' <Latency = 0> <II = 1> <Delay = 2.53> <IPBlock> <Opcode : 'mul' 'add' 'sub' 'select'> <InPorts = 2> <OutPorts = 1> <Sync> <CReg>
ST_3 : Operation 78 [1/1] (0.00ns)   --->   "%r_V_8 = sext i14 %p_Val2_6 to i28" [firmware/myproject.cpp:50]   --->   Operation 78 'sext' 'r_V_8' <Predicate = true> <Delay = 0.00>
ST_3 : Operation 79 [2/2] (3.97ns)   --->   "%p_1 = call fastcc i9 @"operator()"(i14 %trunc_ln)" [firmware/myproject.cpp:50]   --->   Operation 79 'call' 'p_1' <Predicate = true> <Delay = 3.97> <CoreType = "Generic">   --->   Core 0 '' <Latency = 0> <II = 1> <Delay = 1.00> <Generic> <Opcode : >
ST_3 : Operation 80 [1/1] (0.00ns) (grouped into TernaryAdder)   --->   "%sub_ln703 = sub i14 %p_Val2_7, %p_Val2_6" [firmware/myproject.cpp:50]   --->   Operation 80 'sub' 'sub_ln703' <Predicate = true> <Delay = 0.00> <Core = "TAddSub">   --->   Core 83 'TAddSub' <Latency = 0> <II = 1> <Delay = 0.41> <IPBlock> <Opcode : 'add' 'sub'> <InPorts = 3> <OutPorts = 1> <Sync> <CReg>
ST_3 : Operation 81 [1/1] (0.71ns) (root node of TernaryAdder)   --->   "%add_ln703_1 = add i14 %sub_ln703, 74" [firmware/myproject.cpp:50]   --->   Operation 81 'add' 'add_ln703_1' <Predicate = true> <Delay = 0.71> <Core = "TAddSub">   --->   Core 83 'TAddSub' <Latency = 0> <II = 1> <Delay = 0.41> <IPBlock> <Opcode : 'add' 'sub'> <InPorts = 3> <OutPorts = 1> <Sync> <CReg>
ST_3 : Operation 82 [1/1] (0.76ns)   --->   "%r_V_30 = sub i15 0, %r_V" [firmware/myproject.cpp:51]   --->   Operation 82 'sub' 'r_V_30' <Predicate = true> <Delay = 0.76> <Core = "AddSub">   --->   Core 14 'AddSub' <Latency = 0> <II = 1> <Delay = 1.15> <FuncUnit> <Opcode : 'add' 'sub'> <InPorts = 2> <OutPorts = 1>
ST_3 : Operation 83 [1/1] (0.00ns)   --->   "%sext_ln703_1 = sext i7 %p_Val2_s_20 to i15" [firmware/myproject.cpp:51]   --->   Operation 83 'sext' 'sext_ln703_1' <Predicate = true> <Delay = 0.00>
ST_3 : Operation 84 [1/1] (0.00ns) (grouped into TernaryAdder)   --->   "%ret_V_35 = sub i15 %r_V_30, %sext_ln703_1" [firmware/myproject.cpp:51]   --->   Operation 84 'sub' 'ret_V_35' <Predicate = true> <Delay = 0.00> <Core = "TAddSub">   --->   Core 83 'TAddSub' <Latency = 0> <II = 1> <Delay = 0.41> <IPBlock> <Opcode : 'add' 'sub'> <InPorts = 3> <OutPorts = 1> <Sync> <CReg>
ST_3 : Operation 85 [1/1] (0.69ns) (root node of TernaryAdder)   --->   "%ret_V = add i15 %ret_V_35, 830" [firmware/myproject.cpp:51]   --->   Operation 85 'add' 'ret_V' <Predicate = true> <Delay = 0.69> <Core = "TAddSub">   --->   Core 83 'TAddSub' <Latency = 0> <II = 1> <Delay = 0.41> <IPBlock> <Opcode : 'add' 'sub'> <InPorts = 3> <OutPorts = 1> <Sync> <CReg>
ST_3 : Operation 86 [1/2] (1.15ns)   --->   "%p_4 = call fastcc i7 @"operator().1"(i14 %sub_ln703_1)" [firmware/myproject.cpp:51]   --->   Operation 86 'call' 'p_4' <Predicate = true> <Delay = 1.15> <CoreType = "Generic">   --->   Core 0 '' <Latency = 0> <II = 1> <Delay = 1.00> <Generic> <Opcode : >
ST_3 : Operation 87 [1/1] (0.00ns)   --->   "%sext_ln728 = sext i15 %ret_V to i21" [firmware/myproject.cpp:51]   --->   Operation 87 'sext' 'sext_ln728' <Predicate = true> <Delay = 0.00>
ST_3 : Operation 88 [1/1] (0.00ns)   --->   "%sext_ln728_1 = sext i7 %p_4 to i21" [firmware/myproject.cpp:51]   --->   Operation 88 'sext' 'sext_ln728_1' <Predicate = true> <Delay = 0.00>
ST_3 : Operation 89 [1/1] (0.49ns) (grouped into DSP with root node ret_V_9)   --->   "%mul_ln728_1 = mul i21 %sext_ln728, %sext_ln728_1" [firmware/myproject.cpp:51]   --->   Operation 89 'mul' 'mul_ln728_1' <Predicate = true> <Delay = 0.49> <Core = "DSP48">   --->   Core 88 'DSP48' <Latency = 0> <II = 1> <Delay = 2.53> <IPBlock> <Opcode : 'mul' 'add' 'sub' 'select'> <InPorts = 2> <OutPorts = 1> <Sync> <CReg>
ST_3 : Operation 90 [1/2] (1.15ns)   --->   "%p_Val2_12 = call fastcc i9 @"operator()"(i14 %add_ln703_2)" [firmware/myproject.cpp:51]   --->   Operation 90 'call' 'p_Val2_12' <Predicate = true> <Delay = 1.15> <CoreType = "Generic">   --->   Core 0 '' <Latency = 0> <II = 1> <Delay = 1.00> <Generic> <Opcode : >
ST_3 : Operation 91 [1/1] (0.00ns)   --->   "%tmp_2 = call i17 @_ssdm_op_BitConcatenate.i17.i9.i8(i9 %p_Val2_12, i8 0)" [firmware/myproject.cpp:51]   --->   Operation 91 'bitconcatenate' 'tmp_2' <Predicate = true> <Delay = 0.00>
ST_3 : Operation 92 [1/1] (0.00ns)   --->   "%sext_ln1193_3 = sext i17 %tmp_2 to i21" [firmware/myproject.cpp:51]   --->   Operation 92 'sext' 'sext_ln1193_3' <Predicate = true> <Delay = 0.00>
ST_3 : Operation 93 [1/1] (2.03ns) (root node of the DSP)   --->   "%ret_V_9 = sub i21 %mul_ln728_1, %sext_ln1193_3" [firmware/myproject.cpp:51]   --->   Operation 93 'sub' 'ret_V_9' <Predicate = true> <Delay = 2.03> <Core = "DSP48">   --->   Core 88 'DSP48' <Latency = 0> <II = 1> <Delay = 2.53> <IPBlock> <Opcode : 'mul' 'add' 'sub' 'select'> <InPorts = 2> <OutPorts = 1> <Sync> <CReg>
ST_3 : Operation 94 [1/2] (1.15ns)   --->   "%p_Val2_14 = call fastcc i7 @"operator().1"(i14 %p_Val2_13)" [firmware/myproject.cpp:51]   --->   Operation 94 'call' 'p_Val2_14' <Predicate = true> <Delay = 1.15> <CoreType = "Generic">   --->   Core 0 '' <Latency = 0> <II = 1> <Delay = 1.00> <Generic> <Opcode : >
ST_3 : Operation 95 [1/1] (0.00ns)   --->   "%sext_ln1116_1 = sext i7 %p_Val2_14 to i14" [firmware/myproject.cpp:51]   --->   Operation 95 'sext' 'sext_ln1116_1' <Predicate = true> <Delay = 0.00>
ST_3 : Operation 96 [1/1] (1.27ns)   --->   "%r_V_31 = mul i14 %sext_ln1116_1, %sext_ln1116_1" [firmware/myproject.cpp:51]   --->   Operation 96 'mul' 'r_V_31' <Predicate = true> <Delay = 1.27> <Core = "Mul">   --->   Core 16 'Mul' <Latency = 0> <II = 1> <Delay = 3.68> <FuncUnit> <Opcode : 'mul'> <InPorts = 2> <OutPorts = 1>
ST_3 : Operation 97 [1/2] (1.15ns)   --->   "%p_Val2_16 = call fastcc i9 @"operator()"(i14 %trunc_ln708_2)" [firmware/myproject.cpp:51]   --->   Operation 97 'call' 'p_Val2_16' <Predicate = true> <Delay = 1.15> <CoreType = "Generic">   --->   Core 0 '' <Latency = 0> <II = 1> <Delay = 1.00> <Generic> <Opcode : >
ST_3 : Operation 98 [1/2] (1.15ns)   --->   "%p_8 = call fastcc i7 @"operator().1"(i14 %p_Val2_6)" [firmware/myproject.cpp:51]   --->   Operation 98 'call' 'p_8' <Predicate = true> <Delay = 1.15> <CoreType = "Generic">   --->   Core 0 '' <Latency = 0> <II = 1> <Delay = 1.00> <Generic> <Opcode : >
ST_3 : Operation 99 [2/2] (3.97ns)   --->   "%p_9 = call fastcc i9 @"operator()"(i14 %p_Val2_7)" [firmware/myproject.cpp:51]   --->   Operation 99 'call' 'p_9' <Predicate = true> <Delay = 3.97> <CoreType = "Generic">   --->   Core 0 '' <Latency = 0> <II = 1> <Delay = 1.00> <Generic> <Opcode : >
ST_3 : Operation 100 [1/1] (0.76ns)   --->   "%add_ln703_3 = add i14 %p_Val2_13, -14" [firmware/myproject.cpp:51]   --->   Operation 100 'add' 'add_ln703_3' <Predicate = true> <Delay = 0.76> <Core = "AddSub">   --->   Core 14 'AddSub' <Latency = 0> <II = 1> <Delay = 1.15> <FuncUnit> <Opcode : 'add' 'sub'> <InPorts = 2> <OutPorts = 1>
ST_3 : Operation 101 [1/1] (2.53ns) (root node of the DSP)   --->   "%r_V_6 = mul i28 %r_V_5, %r_V_5" [firmware/myproject.cpp:52]   --->   Operation 101 'mul' 'r_V_6' <Predicate = true> <Delay = 2.53> <Core = "DSP48">   --->   Core 88 'DSP48' <Latency = 0> <II = 1> <Delay = 2.53> <IPBlock> <Opcode : 'mul' 'add' 'sub' 'select'> <InPorts = 2> <OutPorts = 1> <Sync> <CReg>
ST_3 : Operation 102 [1/1] (0.00ns)   --->   "%trunc_ln1118 = trunc i28 %r_V_6 to i26" [firmware/myproject.cpp:52]   --->   Operation 102 'trunc' 'trunc_ln1118' <Predicate = true> <Delay = 0.00>
ST_3 : Operation 103 [1/1] (0.00ns)   --->   "%shl_ln1118_1 = call i30 @_ssdm_op_BitConcatenate.i30.i28.i2(i28 %r_V_6, i2 0)" [firmware/myproject.cpp:52]   --->   Operation 103 'bitconcatenate' 'shl_ln1118_1' <Predicate = true> <Delay = 0.00>
ST_3 : Operation 104 [1/1] (0.00ns)   --->   "%tmp_7 = call i30 @_ssdm_op_BitConcatenate.i30.i26.i4(i26 %trunc_ln1118, i4 0)" [firmware/myproject.cpp:52]   --->   Operation 104 'bitconcatenate' 'tmp_7' <Predicate = true> <Delay = 0.00>
ST_3 : Operation 105 [1/1] (0.00ns)   --->   "%shl_ln1118_2 = call i18 @_ssdm_op_BitConcatenate.i18.i14.i4(i14 %p_Val2_s, i4 0)" [firmware/myproject.cpp:52]   --->   Operation 105 'bitconcatenate' 'shl_ln1118_2' <Predicate = true> <Delay = 0.00>
ST_3 : Operation 106 [1/1] (0.00ns)   --->   "%sext_ln1118_10 = sext i18 %shl_ln1118_2 to i19" [firmware/myproject.cpp:52]   --->   Operation 106 'sext' 'sext_ln1118_10' <Predicate = true> <Delay = 0.00>
ST_3 : Operation 107 [1/1] (0.00ns)   --->   "%shl_ln1118_3 = call i16 @_ssdm_op_BitConcatenate.i16.i14.i2(i14 %p_Val2_s, i2 0)" [firmware/myproject.cpp:52]   --->   Operation 107 'bitconcatenate' 'shl_ln1118_3' <Predicate = true> <Delay = 0.00>
ST_3 : Operation 108 [1/1] (0.00ns)   --->   "%sext_ln1118_11 = sext i16 %shl_ln1118_3 to i19" [firmware/myproject.cpp:52]   --->   Operation 108 'sext' 'sext_ln1118_11' <Predicate = true> <Delay = 0.00>
ST_3 : Operation 109 [1/1] (0.79ns)   --->   "%r_V_33 = sub i19 %sext_ln1118_10, %sext_ln1118_11" [firmware/myproject.cpp:52]   --->   Operation 109 'sub' 'r_V_33' <Predicate = true> <Delay = 0.79> <Core = "AddSub">   --->   Core 14 'AddSub' <Latency = 0> <II = 1> <Delay = 1.15> <FuncUnit> <Opcode : 'add' 'sub'> <InPorts = 2> <OutPorts = 1>
ST_3 : Operation 110 [1/1] (0.00ns)   --->   "%rhs_V_1 = call i27 @_ssdm_op_BitConcatenate.i27.i19.i8(i19 %r_V_33, i8 0)" [firmware/myproject.cpp:52]   --->   Operation 110 'bitconcatenate' 'rhs_V_1' <Predicate = true> <Delay = 0.00>
ST_3 : Operation 111 [1/1] (0.00ns)   --->   "%sext_ln1192_9 = sext i27 %rhs_V_1 to i30" [firmware/myproject.cpp:52]   --->   Operation 111 'sext' 'sext_ln1192_9' <Predicate = true> <Delay = 0.00>
ST_3 : Operation 112 [1/1] (0.00ns) (grouped into TernaryAdder)   --->   "%sub_ln1192 = sub i30 %shl_ln1118_1, %tmp_7" [firmware/myproject.cpp:52]   --->   Operation 112 'sub' 'sub_ln1192' <Predicate = true> <Delay = 0.00> <Core = "TAddSub">   --->   Core 83 'TAddSub' <Latency = 0> <II = 1> <Delay = 0.41> <IPBlock> <Opcode : 'add' 'sub'> <InPorts = 3> <OutPorts = 1> <Sync> <CReg>
ST_3 : Operation 113 [1/1] (2.53ns) (root node of the DSP)   --->   "%r_V_9 = mul i28 %r_V_8, %r_V_8" [firmware/myproject.cpp:52]   --->   Operation 113 'mul' 'r_V_9' <Predicate = true> <Delay = 2.53> <Core = "DSP48">   --->   Core 88 'DSP48' <Latency = 0> <II = 1> <Delay = 2.53> <IPBlock> <Opcode : 'mul' 'add' 'sub' 'select'> <InPorts = 2> <OutPorts = 1> <Sync> <CReg>
ST_3 : Operation 114 [1/1] (0.00ns)   --->   "%shl_ln1118_4 = call i32 @_ssdm_op_BitConcatenate.i32.i28.i4(i28 %r_V_9, i4 0)" [firmware/myproject.cpp:52]   --->   Operation 114 'bitconcatenate' 'shl_ln1118_4' <Predicate = true> <Delay = 0.00>
ST_3 : Operation 115 [1/1] (0.00ns)   --->   "%shl_ln1118_5 = call i30 @_ssdm_op_BitConcatenate.i30.i28.i2(i28 %r_V_9, i2 0)" [firmware/myproject.cpp:52]   --->   Operation 115 'bitconcatenate' 'shl_ln1118_5' <Predicate = true> <Delay = 0.00>
ST_3 : Operation 116 [1/1] (0.00ns)   --->   "%sext_ln1118_12 = sext i30 %shl_ln1118_5 to i32" [firmware/myproject.cpp:52]   --->   Operation 116 'sext' 'sext_ln1118_12' <Predicate = true> <Delay = 0.00>
ST_3 : Operation 117 [1/1] (0.88ns)   --->   "%r_V_10 = sub i32 %shl_ln1118_4, %sext_ln1118_12" [firmware/myproject.cpp:52]   --->   Operation 117 'sub' 'r_V_10' <Predicate = true> <Delay = 0.88> <Core = "AddSub">   --->   Core 14 'AddSub' <Latency = 0> <II = 1> <Delay = 1.15> <FuncUnit> <Opcode : 'add' 'sub'> <InPorts = 2> <OutPorts = 1>
ST_3 : Operation 118 [1/1] (0.00ns)   --->   "%sext_ln1118_13 = sext i7 %p_8 to i21" [firmware/myproject.cpp:52]   --->   Operation 118 'sext' 'sext_ln1118_13' <Predicate = true> <Delay = 0.00>
ST_3 : Operation 119 [1/1] (0.49ns) (grouped into DSP with root node ret_V_12)   --->   "%r_V_34 = mul i21 %sext_ln1118, %sext_ln1118_13" [firmware/myproject.cpp:52]   --->   Operation 119 'mul' 'r_V_34' <Predicate = true> <Delay = 0.49> <Core = "DSP48">   --->   Core 88 'DSP48' <Latency = 0> <II = 1> <Delay = 2.53> <IPBlock> <Opcode : 'mul' 'add' 'sub' 'select'> <InPorts = 2> <OutPorts = 1> <Sync> <CReg>
ST_3 : Operation 120 [1/1] (0.00ns) (grouped into DSP with root node ret_V_12)   --->   "%sext_ln1118_14 = sext i21 %r_V_34 to i23" [firmware/myproject.cpp:52]   --->   Operation 120 'sext' 'sext_ln1118_14' <Predicate = true> <Delay = 0.00>
ST_3 : Operation 121 [1/1] (0.00ns)   --->   "%lhs_V_1 = call i22 @_ssdm_op_BitConcatenate.i22.i14.i8(i14 %p_Val2_s, i8 0)" [firmware/myproject.cpp:52]   --->   Operation 121 'bitconcatenate' 'lhs_V_1' <Predicate = true> <Delay = 0.00>
ST_3 : Operation 122 [1/1] (0.00ns)   --->   "%sext_ln728_2 = sext i22 %lhs_V_1 to i23" [firmware/myproject.cpp:52]   --->   Operation 122 'sext' 'sext_ln728_2' <Predicate = true> <Delay = 0.00>
ST_3 : Operation 123 [1/1] (2.03ns) (root node of the DSP)   --->   "%ret_V_12 = add i23 %sext_ln728_2, %sext_ln1118_14" [firmware/myproject.cpp:52]   --->   Operation 123 'add' 'ret_V_12' <Predicate = true> <Delay = 2.03> <Core = "DSP48">   --->   Core 88 'DSP48' <Latency = 0> <II = 1> <Delay = 2.53> <IPBlock> <Opcode : 'mul' 'add' 'sub' 'select'> <InPorts = 2> <OutPorts = 1> <Sync> <CReg>
ST_3 : Operation 124 [1/1] (0.72ns) (root node of TernaryAdder)   --->   "%add_ln700_1 = add i30 %sext_ln1192_9, %sub_ln1192" [firmware/myproject.cpp:52]   --->   Operation 124 'add' 'add_ln700_1' <Predicate = true> <Delay = 0.72> <Core = "TAddSub">   --->   Core 83 'TAddSub' <Latency = 0> <II = 1> <Delay = 0.41> <IPBlock> <Opcode : 'add' 'sub'> <InPorts = 3> <OutPorts = 1> <Sync> <CReg>
ST_3 : Operation 125 [1/1] (0.00ns)   --->   "%rhs_V_3 = sext i14 %p_Val2_13 to i15" [firmware/myproject.cpp:52]   --->   Operation 125 'sext' 'rhs_V_3' <Predicate = true> <Delay = 0.00>
ST_3 : Operation 126 [1/1] (0.00ns)   --->   "%shl_ln1118_6 = call i32 @_ssdm_op_BitConcatenate.i32.i28.i4(i28 %r_V_13, i4 0)" [firmware/myproject.cpp:52]   --->   Operation 126 'bitconcatenate' 'shl_ln1118_6' <Predicate = true> <Delay = 0.00>
ST_3 : Operation 127 [1/1] (0.00ns)   --->   "%shl_ln1118_7 = call i30 @_ssdm_op_BitConcatenate.i30.i28.i2(i28 %r_V_13, i2 0)" [firmware/myproject.cpp:52]   --->   Operation 127 'bitconcatenate' 'shl_ln1118_7' <Predicate = true> <Delay = 0.00>
ST_3 : Operation 128 [1/1] (0.00ns)   --->   "%sext_ln1118_15 = sext i30 %shl_ln1118_7 to i32" [firmware/myproject.cpp:52]   --->   Operation 128 'sext' 'sext_ln1118_15' <Predicate = true> <Delay = 0.00>
ST_3 : Operation 129 [1/1] (0.88ns)   --->   "%r_V_14 = sub i32 %shl_ln1118_6, %sext_ln1118_15" [firmware/myproject.cpp:52]   --->   Operation 129 'sub' 'r_V_14' <Predicate = true> <Delay = 0.88> <Core = "AddSub">   --->   Core 14 'AddSub' <Latency = 0> <II = 1> <Delay = 1.15> <FuncUnit> <Opcode : 'add' 'sub'> <InPorts = 2> <OutPorts = 1>
ST_3 : Operation 130 [1/1] (0.00ns)   --->   "%sext_ln1116_6 = sext i32 %r_V_14 to i60" [firmware/myproject.cpp:52]   --->   Operation 130 'sext' 'sext_ln1116_6' <Predicate = true> <Delay = 0.00>
ST_3 : Operation 131 [1/1] (0.00ns)   --->   "%sext_ln1118_16 = sext i32 %r_V_16 to i60" [firmware/myproject.cpp:52]   --->   Operation 131 'sext' 'sext_ln1118_16' <Predicate = true> <Delay = 0.00>
ST_3 : Operation 132 [1/1] (3.17ns)   --->   "%r_V_17 = mul i60 %sext_ln1116_6, %sext_ln1118_16" [firmware/myproject.cpp:52]   --->   Operation 132 'mul' 'r_V_17' <Predicate = true> <Delay = 3.17> <Core = "Mul">   --->   Core 16 'Mul' <Latency = 0> <II = 1> <Delay = 3.68> <FuncUnit> <Opcode : 'mul'> <InPorts = 2> <OutPorts = 1>
ST_3 : Operation 133 [1/1] (1.46ns)   --->   "%r_V_18 = mul i18 %sext_ln1118_4, %sext_ln1118_4" [firmware/myproject.cpp:52]   --->   Operation 133 'mul' 'r_V_18' <Predicate = true> <Delay = 1.46> <Core = "Mul">   --->   Core 16 'Mul' <Latency = 0> <II = 1> <Delay = 3.68> <FuncUnit> <Opcode : 'mul'> <InPorts = 2> <OutPorts = 1>
ST_3 : Operation 134 [1/1] (0.76ns)   --->   "%ret_V_38 = sub i15 %lhs_V_2, %rhs_V_3" [firmware/myproject.cpp:52]   --->   Operation 134 'sub' 'ret_V_38' <Predicate = true> <Delay = 0.76> <Core = "AddSub">   --->   Core 14 'AddSub' <Latency = 0> <II = 1> <Delay = 1.15> <FuncUnit> <Opcode : 'add' 'sub'> <InPorts = 2> <OutPorts = 1>
ST_3 : Operation 135 [1/1] (0.00ns)   --->   "%lhs_V_4 = sext i15 %ret_V_38 to i16" [firmware/myproject.cpp:52]   --->   Operation 135 'sext' 'lhs_V_4' <Predicate = true> <Delay = 0.00>
ST_3 : Operation 136 [1/1] (0.77ns)   --->   "%ret_V_16 = add nsw i16 %lhs_V_4, 178" [firmware/myproject.cpp:52]   --->   Operation 136 'add' 'ret_V_16' <Predicate = true> <Delay = 0.77> <Core = "AddSub">   --->   Core 14 'AddSub' <Latency = 0> <II = 1> <Delay = 1.15> <FuncUnit> <Opcode : 'add' 'sub'> <InPorts = 2> <OutPorts = 1>
ST_3 : Operation 137 [1/1] (0.00ns)   --->   "%sext_ln1118_17 = sext i16 %ret_V_16 to i22" [firmware/myproject.cpp:52]   --->   Operation 137 'sext' 'sext_ln1118_17' <Predicate = true> <Delay = 0.00>
ST_3 : Operation 138 [1/1] (0.00ns)   --->   "%lhs_V_5 = call i22 @_ssdm_op_BitConcatenate.i22.i14.i8(i14 %p_Val2_6, i8 0)" [firmware/myproject.cpp:52]   --->   Operation 138 'bitconcatenate' 'lhs_V_5' <Predicate = true> <Delay = 0.00>
ST_3 : Operation 139 [1/1] (0.49ns) (grouped into DSP with root node ret_V_39)   --->   "%mul_ln1193 = mul i22 %sext_ln1118_17, %sext_ln1118_17" [firmware/myproject.cpp:52]   --->   Operation 139 'mul' 'mul_ln1193' <Predicate = true> <Delay = 0.49> <Core = "DSP48">   --->   Core 88 'DSP48' <Latency = 0> <II = 1> <Delay = 2.53> <IPBlock> <Opcode : 'mul' 'add' 'sub' 'select'> <InPorts = 2> <OutPorts = 1> <Sync> <CReg>
ST_3 : Operation 140 [1/1] (2.03ns) (root node of the DSP)   --->   "%ret_V_39 = sub i22 %lhs_V_5, %mul_ln1193" [firmware/myproject.cpp:52]   --->   Operation 140 'sub' 'ret_V_39' <Predicate = true> <Delay = 2.03> <Core = "DSP48">   --->   Core 88 'DSP48' <Latency = 0> <II = 1> <Delay = 2.53> <IPBlock> <Opcode : 'mul' 'add' 'sub' 'select'> <InPorts = 2> <OutPorts = 1> <Sync> <CReg>
ST_3 : Operation 141 [1/1] (0.00ns)   --->   "%trunc_ln708_4 = call i14 @_ssdm_op_PartSelect.i14.i22.i32.i32(i22 %ret_V_39, i32 8, i32 21)" [firmware/myproject.cpp:52]   --->   Operation 141 'partselect' 'trunc_ln708_4' <Predicate = true> <Delay = 0.00>
ST_3 : Operation 142 [1/1] (0.00ns)   --->   "%sext_ln1116_7 = sext i10 %ret_V_19 to i20" [firmware/myproject.cpp:53]   --->   Operation 142 'sext' 'sext_ln1116_7' <Predicate = true> <Delay = 0.00>
ST_3 : Operation 143 [1/1] (1.70ns)   --->   "%r_V_19 = mul i20 %sext_ln1116_7, %sext_ln1116_7" [firmware/myproject.cpp:53]   --->   Operation 143 'mul' 'r_V_19' <Predicate = true> <Delay = 1.70> <Core = "Mul">   --->   Core 16 'Mul' <Latency = 0> <II = 1> <Delay = 3.68> <FuncUnit> <Opcode : 'mul'> <InPorts = 2> <OutPorts = 1>
ST_3 : Operation 144 [1/1] (0.00ns)   --->   "%sext_ln728_4 = sext i20 %r_V_19 to i29" [firmware/myproject.cpp:53]   --->   Operation 144 'sext' 'sext_ln728_4' <Predicate = true> <Delay = 0.00>
ST_3 : Operation 145 [1/1] (0.00ns)   --->   "%lhs_V_6 = call i30 @_ssdm_op_BitConcatenate.i30.i22.i8(i22 %mul_ln728, i8 0)" [firmware/myproject.cpp:53]   --->   Operation 145 'bitconcatenate' 'lhs_V_6' <Predicate = true> <Delay = 0.00>
ST_3 : Operation 146 [1/1] (0.00ns)   --->   "%sext_ln728_5 = sext i30 %lhs_V_6 to i31" [firmware/myproject.cpp:53]   --->   Operation 146 'sext' 'sext_ln728_5' <Predicate = true> <Delay = 0.00>
ST_3 : Operation 147 [1/1] (0.49ns) (grouped into DSP with root node ret_V_41)   --->   "%mul_ln1193_1 = mul i29 %sext_ln728_4, -174" [firmware/myproject.cpp:53]   --->   Operation 147 'mul' 'mul_ln1193_1' <Predicate = true> <Delay = 0.49> <Core = "DSP48">   --->   Core 88 'DSP48' <Latency = 0> <II = 1> <Delay = 2.53> <IPBlock> <Opcode : 'mul' 'add' 'sub' 'select'> <InPorts = 2> <OutPorts = 1> <Sync> <CReg>
ST_3 : Operation 148 [1/1] (0.00ns) (grouped into DSP with root node ret_V_41)   --->   "%sext_ln1193 = sext i29 %mul_ln1193_1 to i31" [firmware/myproject.cpp:53]   --->   Operation 148 'sext' 'sext_ln1193' <Predicate = true> <Delay = 0.00>
ST_3 : Operation 149 [1/1] (2.03ns) (root node of the DSP)   --->   "%ret_V_41 = add i31 %sext_ln728_5, %sext_ln1193" [firmware/myproject.cpp:53]   --->   Operation 149 'add' 'ret_V_41' <Predicate = true> <Delay = 2.03> <Core = "DSP48">   --->   Core 88 'DSP48' <Latency = 0> <II = 1> <Delay = 2.53> <IPBlock> <Opcode : 'mul' 'add' 'sub' 'select'> <InPorts = 2> <OutPorts = 1> <Sync> <CReg>
ST_3 : Operation 150 [2/2] (3.97ns)   --->   "%p_5 = call fastcc i7 @"operator().1"(i14 %trunc_ln708_6)" [firmware/myproject.cpp:53]   --->   Operation 150 'call' 'p_5' <Predicate = true> <Delay = 3.97> <CoreType = "Generic">   --->   Core 0 '' <Latency = 0> <II = 1> <Delay = 1.00> <Generic> <Opcode : >
ST_3 : Operation 151 [1/1] (0.00ns)   --->   "%sext_ln700_8 = sext i14 %p_Val2_7 to i30" [firmware/myproject.cpp:53]   --->   Operation 151 'sext' 'sext_ln700_8' <Predicate = true> <Delay = 0.00>
ST_3 : Operation 152 [1/1] (0.00ns)   --->   "%sext_ln700_9 = sext i24 %ret_V_23 to i30" [firmware/myproject.cpp:53]   --->   Operation 152 'sext' 'sext_ln700_9' <Predicate = true> <Delay = 0.00>
ST_3 : Operation 153 [1/1] (0.49ns) (grouped into DSP with root node ret_V_43)   --->   "%mul_ln700_3 = mul i30 %sext_ln700_9, %sext_ln700_8" [firmware/myproject.cpp:53]   --->   Operation 153 'mul' 'mul_ln700_3' <Predicate = true> <Delay = 0.49> <Core = "DSP48">   --->   Core 88 'DSP48' <Latency = 0> <II = 1> <Delay = 2.53> <IPBlock> <Opcode : 'mul' 'add' 'sub' 'select'> <InPorts = 2> <OutPorts = 1> <Sync> <CReg>
ST_3 : Operation 154 [1/1] (0.00ns)   --->   "%rhs_V_5 = call i30 @_ssdm_op_BitConcatenate.i30.i14.i16(i14 %p_Val2_13, i16 0)" [firmware/myproject.cpp:53]   --->   Operation 154 'bitconcatenate' 'rhs_V_5' <Predicate = true> <Delay = 0.00>
ST_3 : Operation 155 [1/1] (2.03ns) (root node of the DSP)   --->   "%ret_V_43 = add i30 %rhs_V_5, %mul_ln700_3" [firmware/myproject.cpp:53]   --->   Operation 155 'add' 'ret_V_43' <Predicate = true> <Delay = 2.03> <Core = "DSP48">   --->   Core 88 'DSP48' <Latency = 0> <II = 1> <Delay = 2.53> <IPBlock> <Opcode : 'mul' 'add' 'sub' 'select'> <InPorts = 2> <OutPorts = 1> <Sync> <CReg>
ST_3 : Operation 156 [1/1] (0.00ns)   --->   "%trunc_ln708_7 = call i14 @_ssdm_op_PartSelect.i14.i30.i32.i32(i30 %ret_V_43, i32 16, i32 29)" [firmware/myproject.cpp:53]   --->   Operation 156 'partselect' 'trunc_ln708_7' <Predicate = true> <Delay = 0.00>
ST_3 : Operation 157 [2/2] (3.97ns)   --->   "%p_7 = call fastcc i7 @"operator().1"(i14 %trunc_ln708_9)" [firmware/myproject.cpp:54]   --->   Operation 157 'call' 'p_7' <Predicate = true> <Delay = 3.97> <CoreType = "Generic">   --->   Core 0 '' <Latency = 0> <II = 1> <Delay = 1.00> <Generic> <Opcode : >
ST_3 : Operation 158 [1/1] (0.00ns) (grouped into DSP with root node ret_V_46)   --->   "%add_ln1192_18 = add i15 %r_V, %rhs_V_3" [firmware/myproject.cpp:54]   --->   Operation 158 'add' 'add_ln1192_18' <Predicate = true> <Delay = 0.00> <Core = "DSP48">   --->   Core 88 'DSP48' <Latency = 0> <II = 1> <Delay = 2.53> <IPBlock> <Opcode : 'mul' 'add' 'sub' 'select'> <InPorts = 2> <OutPorts = 1> <Sync> <CReg>
ST_3 : Operation 159 [1/1] (0.00ns) (grouped into DSP with root node ret_V_46)   --->   "%sext_ln1192_16 = sext i15 %add_ln1192_18 to i22" [firmware/myproject.cpp:54]   --->   Operation 159 'sext' 'sext_ln1192_16' <Predicate = true> <Delay = 0.00>
ST_3 : Operation 160 [1/1] (0.49ns) (grouped into DSP with root node ret_V_46)   --->   "%mul_ln1192_9 = mul i22 %sext_ln1192_16, 113" [firmware/myproject.cpp:54]   --->   Operation 160 'mul' 'mul_ln1192_9' <Predicate = true> <Delay = 0.49> <Core = "DSP48">   --->   Core 88 'DSP48' <Latency = 0> <II = 1> <Delay = 2.53> <IPBlock> <Opcode : 'mul' 'add' 'sub' 'select'> <InPorts = 2> <OutPorts = 1> <Sync> <CReg>
ST_3 : Operation 161 [1/1] (2.03ns) (root node of the DSP)   --->   "%ret_V_46 = add i22 %mul_ln1192_9, 25088" [firmware/myproject.cpp:54]   --->   Operation 161 'add' 'ret_V_46' <Predicate = true> <Delay = 2.03> <Core = "DSP48">   --->   Core 88 'DSP48' <Latency = 0> <II = 1> <Delay = 2.53> <IPBlock> <Opcode : 'mul' 'add' 'sub' 'select'> <InPorts = 2> <OutPorts = 1> <Sync> <CReg>
ST_3 : Operation 162 [1/1] (0.00ns)   --->   "%trunc_ln708_s = call i14 @_ssdm_op_PartSelect.i14.i22.i32.i32(i22 %ret_V_46, i32 8, i32 21)" [firmware/myproject.cpp:54]   --->   Operation 162 'partselect' 'trunc_ln708_s' <Predicate = true> <Delay = 0.00>
ST_3 : Operation 163 [1/1] (0.49ns) (grouped into DSP with root node ret_V_47)   --->   "%mul_ln700_4 = mul i22 %sext_ln700, 1251" [firmware/myproject.cpp:54]   --->   Operation 163 'mul' 'mul_ln700_4' <Predicate = true> <Delay = 0.49> <Core = "DSP48">   --->   Core 88 'DSP48' <Latency = 0> <II = 1> <Delay = 2.53> <IPBlock> <Opcode : 'mul' 'add' 'sub' 'select'> <InPorts = 2> <OutPorts = 1> <Sync> <CReg>
ST_3 : Operation 164 [1/1] (0.00ns)   --->   "%rhs_V_6 = call i22 @_ssdm_op_BitConcatenate.i22.i14.i8(i14 %p_Val2_13, i8 0)" [firmware/myproject.cpp:54]   --->   Operation 164 'bitconcatenate' 'rhs_V_6' <Predicate = true> <Delay = 0.00>
ST_3 : Operation 165 [1/1] (2.03ns) (root node of the DSP)   --->   "%ret_V_47 = add i22 %rhs_V_6, %mul_ln700_4" [firmware/myproject.cpp:54]   --->   Operation 165 'add' 'ret_V_47' <Predicate = true> <Delay = 2.03> <Core = "DSP48">   --->   Core 88 'DSP48' <Latency = 0> <II = 1> <Delay = 2.53> <IPBlock> <Opcode : 'mul' 'add' 'sub' 'select'> <InPorts = 2> <OutPorts = 1> <Sync> <CReg>
ST_3 : Operation 166 [1/1] (0.00ns)   --->   "%trunc_ln708_3 = call i14 @_ssdm_op_PartSelect.i14.i22.i32.i32(i22 %ret_V_47, i32 8, i32 21)" [firmware/myproject.cpp:54]   --->   Operation 166 'partselect' 'trunc_ln708_3' <Predicate = true> <Delay = 0.00>

State 4 <SV = 3> <Delay = 4.12>
ST_4 : Operation 167 [1/1] (0.00ns)   --->   "%sext_ln1192_2 = sext i19 %ret_V_32 to i20" [firmware/myproject.cpp:50]   --->   Operation 167 'sext' 'sext_ln1192_2' <Predicate = true> <Delay = 0.00>
ST_4 : Operation 168 [1/1] (0.00ns) (grouped into DSP with root node add_ln700)   --->   "%ret_V_5 = add i20 %sext_ln1192_2, -79872" [firmware/myproject.cpp:50]   --->   Operation 168 'add' 'ret_V_5' <Predicate = true> <Delay = 0.00> <Core = "DSP48">   --->   Core 88 'DSP48' <Latency = 0> <II = 1> <Delay = 2.53> <IPBlock> <Opcode : 'mul' 'add' 'sub' 'select'> <InPorts = 2> <OutPorts = 1> <Sync> <CReg>
ST_4 : Operation 169 [1/2] (1.15ns)   --->   "%p_1 = call fastcc i9 @"operator()"(i14 %trunc_ln)" [firmware/myproject.cpp:50]   --->   Operation 169 'call' 'p_1' <Predicate = true> <Delay = 1.15> <CoreType = "Generic">   --->   Core 0 '' <Latency = 0> <II = 1> <Delay = 1.00> <Generic> <Opcode : >
ST_4 : Operation 170 [1/1] (0.00ns) (grouped into DSP with root node add_ln700)   --->   "%sext_ln700_2 = sext i20 %ret_V_5 to i29" [firmware/myproject.cpp:50]   --->   Operation 170 'sext' 'sext_ln700_2' <Predicate = true> <Delay = 0.00>
ST_4 : Operation 171 [1/1] (0.00ns)   --->   "%sext_ln700_10 = sext i9 %p_1 to i29" [firmware/myproject.cpp:50]   --->   Operation 171 'sext' 'sext_ln700_10' <Predicate = true> <Delay = 0.00>
ST_4 : Operation 172 [1/1] (0.49ns) (grouped into DSP with root node add_ln700)   --->   "%mul_ln700 = mul i29 %sext_ln700_2, %sext_ln700_10" [firmware/myproject.cpp:50]   --->   Operation 172 'mul' 'mul_ln700' <Predicate = true> <Delay = 0.49> <Core = "DSP48">   --->   Core 88 'DSP48' <Latency = 0> <II = 1> <Delay = 2.53> <IPBlock> <Opcode : 'mul' 'add' 'sub' 'select'> <InPorts = 2> <OutPorts = 1> <Sync> <CReg>
ST_4 : Operation 173 [1/1] (0.00ns) (grouped into DSP with root node add_ln700)   --->   "%sext_ln700_11 = sext i29 %mul_ln700 to i30" [firmware/myproject.cpp:50]   --->   Operation 173 'sext' 'sext_ln700_11' <Predicate = true> <Delay = 0.00>
ST_4 : Operation 174 [1/1] (0.00ns)   --->   "%lhs_V = call i29 @_ssdm_op_BitConcatenate.i29.i21.i8(i21 %ret_V_31, i8 0)" [firmware/myproject.cpp:50]   --->   Operation 174 'bitconcatenate' 'lhs_V' <Predicate = true> <Delay = 0.00>
ST_4 : Operation 175 [1/1] (0.00ns)   --->   "%sext_ln700_3 = sext i29 %lhs_V to i30" [firmware/myproject.cpp:50]   --->   Operation 175 'sext' 'sext_ln700_3' <Predicate = true> <Delay = 0.00>
ST_4 : Operation 176 [1/1] (2.03ns) (root node of the DSP)   --->   "%add_ln700 = add i30 %sext_ln700_3, %sext_ln700_11" [firmware/myproject.cpp:50]   --->   Operation 176 'add' 'add_ln700' <Predicate = true> <Delay = 2.03> <Core = "DSP48">   --->   Core 88 'DSP48' <Latency = 0> <II = 1> <Delay = 2.53> <IPBlock> <Opcode : 'mul' 'add' 'sub' 'select'> <InPorts = 2> <OutPorts = 1> <Sync> <CReg>
ST_4 : Operation 177 [2/2] (3.97ns)   --->   "%p_2 = call fastcc i9 @"operator()"(i14 %add_ln703_1)" [firmware/myproject.cpp:50]   --->   Operation 177 'call' 'p_2' <Predicate = true> <Delay = 3.97> <CoreType = "Generic">   --->   Core 0 '' <Latency = 0> <II = 1> <Delay = 1.00> <Generic> <Opcode : >
ST_4 : Operation 178 [1/1] (0.00ns)   --->   "%sext_ln1118_7 = sext i14 %r_V_31 to i18" [firmware/myproject.cpp:51]   --->   Operation 178 'sext' 'sext_ln1118_7' <Predicate = true> <Delay = 0.00>
ST_4 : Operation 179 [1/1] (0.00ns)   --->   "%tmp_3 = call i17 @_ssdm_op_BitConcatenate.i17.i9.i8(i9 %p_Val2_16, i8 0)" [firmware/myproject.cpp:51]   --->   Operation 179 'bitconcatenate' 'tmp_3' <Predicate = true> <Delay = 0.00>
ST_4 : Operation 180 [1/1] (0.00ns)   --->   "%sext_ln1193_4 = sext i17 %tmp_3 to i18" [firmware/myproject.cpp:51]   --->   Operation 180 'sext' 'sext_ln1193_4' <Predicate = true> <Delay = 0.00>
ST_4 : Operation 181 [1/1] (0.79ns)   --->   "%ret_V_10 = sub i18 %sext_ln1118_7, %sext_ln1193_4" [firmware/myproject.cpp:51]   --->   Operation 181 'sub' 'ret_V_10' <Predicate = true> <Delay = 0.79> <Core = "AddSub">   --->   Core 14 'AddSub' <Latency = 0> <II = 1> <Delay = 1.15> <FuncUnit> <Opcode : 'add' 'sub'> <InPorts = 2> <OutPorts = 1>
ST_4 : Operation 182 [1/1] (0.00ns)   --->   "%sext_ln1118_8 = sext i21 %ret_V_9 to i42" [firmware/myproject.cpp:51]   --->   Operation 182 'sext' 'sext_ln1118_8' <Predicate = true> <Delay = 0.00>
ST_4 : Operation 183 [1/1] (0.00ns)   --->   "%sext_ln1118_9 = sext i18 %ret_V_10 to i42" [firmware/myproject.cpp:51]   --->   Operation 183 'sext' 'sext_ln1118_9' <Predicate = true> <Delay = 0.00>
ST_4 : Operation 184 [1/1] (2.53ns) (root node of the DSP)   --->   "%r_V_4 = mul i42 %sext_ln1118_8, %sext_ln1118_9" [firmware/myproject.cpp:51]   --->   Operation 184 'mul' 'r_V_4' <Predicate = true> <Delay = 2.53> <Core = "DSP48">   --->   Core 88 'DSP48' <Latency = 0> <II = 1> <Delay = 2.53> <IPBlock> <Opcode : 'mul' 'add' 'sub' 'select'> <InPorts = 2> <OutPorts = 1> <Sync> <CReg>
ST_4 : Operation 185 [1/2] (1.15ns)   --->   "%p_9 = call fastcc i9 @"operator()"(i14 %p_Val2_7)" [firmware/myproject.cpp:51]   --->   Operation 185 'call' 'p_9' <Predicate = true> <Delay = 1.15> <CoreType = "Generic">   --->   Core 0 '' <Latency = 0> <II = 1> <Delay = 1.00> <Generic> <Opcode : >
ST_4 : Operation 186 [2/2] (3.97ns)   --->   "%p_3 = call fastcc i9 @"operator()"(i14 %add_ln703_3)" [firmware/myproject.cpp:51]   --->   Operation 186 'call' 'p_3' <Predicate = true> <Delay = 3.97> <CoreType = "Generic">   --->   Core 0 '' <Latency = 0> <II = 1> <Delay = 1.00> <Generic> <Opcode : >
ST_4 : Operation 187 [1/1] (0.00ns)   --->   "%sext_ln700_4 = sext i32 %r_V_10 to i46" [firmware/myproject.cpp:52]   --->   Operation 187 'sext' 'sext_ln700_4' <Predicate = true> <Delay = 0.00>
ST_4 : Operation 188 [1/1] (0.00ns)   --->   "%sext_ln700_5 = sext i23 %ret_V_12 to i46" [firmware/myproject.cpp:52]   --->   Operation 188 'sext' 'sext_ln700_5' <Predicate = true> <Delay = 0.00>
ST_4 : Operation 189 [1/1] (3.17ns)   --->   "%mul_ln700_1 = mul i46 %sext_ln700_4, %sext_ln700_5" [firmware/myproject.cpp:52]   --->   Operation 189 'mul' 'mul_ln700_1' <Predicate = true> <Delay = 3.17> <Core = "Mul">   --->   Core 16 'Mul' <Latency = 0> <II = 1> <Delay = 3.68> <FuncUnit> <Opcode : 'mul'> <InPorts = 2> <OutPorts = 1>
ST_4 : Operation 190 [1/1] (0.00ns)   --->   "%shl_ln1 = call i46 @_ssdm_op_BitConcatenate.i46.i30.i16(i30 %add_ln700_1, i16 0)" [firmware/myproject.cpp:52]   --->   Operation 190 'bitconcatenate' 'shl_ln1' <Predicate = true> <Delay = 0.00>
ST_4 : Operation 191 [1/1] (0.95ns)   --->   "%sub_ln700 = sub i46 %shl_ln1, %mul_ln700_1" [firmware/myproject.cpp:52]   --->   Operation 191 'sub' 'sub_ln700' <Predicate = true> <Delay = 0.95> <Core = "AddSub">   --->   Core 14 'AddSub' <Latency = 0> <II = 1> <Delay = 1.15> <FuncUnit> <Opcode : 'add' 'sub'> <InPorts = 2> <OutPorts = 1>
ST_4 : Operation 192 [1/1] (0.00ns)   --->   "%sext_ln700_6 = sext i60 %r_V_17 to i62" [firmware/myproject.cpp:52]   --->   Operation 192 'sext' 'sext_ln700_6' <Predicate = true> <Delay = 0.00>
ST_4 : Operation 193 [1/1] (0.00ns)   --->   "%sext_ln700_7 = sext i18 %r_V_18 to i62" [firmware/myproject.cpp:52]   --->   Operation 193 'sext' 'sext_ln700_7' <Predicate = true> <Delay = 0.00>
ST_4 : Operation 194 [1/1] (3.85ns)   --->   "%mul_ln700_2 = mul i62 %sext_ln700_6, %sext_ln700_7" [firmware/myproject.cpp:52]   --->   Operation 194 'mul' 'mul_ln700_2' <Predicate = true> <Delay = 3.85> <Core = "Mul">   --->   Core 16 'Mul' <Latency = 0> <II = 1> <Delay = 3.68> <FuncUnit> <Opcode : 'mul'> <InPorts = 2> <OutPorts = 1>
ST_4 : Operation 195 [2/2] (3.97ns)   --->   "%p_Val2_24 = call fastcc i9 @"operator()"(i14 %trunc_ln708_4)" [firmware/myproject.cpp:52]   --->   Operation 195 'call' 'p_Val2_24' <Predicate = true> <Delay = 3.97> <CoreType = "Generic">   --->   Core 0 '' <Latency = 0> <II = 1> <Delay = 1.00> <Generic> <Opcode : >
ST_4 : Operation 196 [1/1] (0.87ns)   --->   "%ret_V_21 = add i31 %ret_V_41, 28049408" [firmware/myproject.cpp:53]   --->   Operation 196 'add' 'ret_V_21' <Predicate = true> <Delay = 0.87> <Core = "AddSub">   --->   Core 14 'AddSub' <Latency = 0> <II = 1> <Delay = 1.15> <FuncUnit> <Opcode : 'add' 'sub'> <InPorts = 2> <OutPorts = 1>
ST_4 : Operation 197 [1/1] (0.00ns)   --->   "%sext_ln1118_18 = sext i31 %ret_V_21 to i46" [firmware/myproject.cpp:53]   --->   Operation 197 'sext' 'sext_ln1118_18' <Predicate = true> <Delay = 0.00>
ST_4 : Operation 198 [1/1] (0.00ns)   --->   "%sext_ln1118_19 = sext i14 %r_V_31 to i46" [firmware/myproject.cpp:53]   --->   Operation 198 'sext' 'sext_ln1118_19' <Predicate = true> <Delay = 0.00>
ST_4 : Operation 199 [1/1] (3.09ns)   --->   "%r_V_20 = mul i46 %sext_ln1118_18, %sext_ln1118_19" [firmware/myproject.cpp:53]   --->   Operation 199 'mul' 'r_V_20' <Predicate = true> <Delay = 3.09> <Core = "Mul">   --->   Core 16 'Mul' <Latency = 0> <II = 1> <Delay = 3.68> <FuncUnit> <Opcode : 'mul'> <InPorts = 2> <OutPorts = 1>
ST_4 : Operation 200 [1/2] (1.15ns)   --->   "%p_5 = call fastcc i7 @"operator().1"(i14 %trunc_ln708_6)" [firmware/myproject.cpp:53]   --->   Operation 200 'call' 'p_5' <Predicate = true> <Delay = 1.15> <CoreType = "Generic">   --->   Core 0 '' <Latency = 0> <II = 1> <Delay = 1.00> <Generic> <Opcode : >
ST_4 : Operation 201 [1/1] (0.00ns)   --->   "%sext_ln1116_8 = sext i7 %p_5 to i14" [firmware/myproject.cpp:53]   --->   Operation 201 'sext' 'sext_ln1116_8' <Predicate = true> <Delay = 0.00>
ST_4 : Operation 202 [1/1] (1.27ns)   --->   "%r_V_21 = mul i14 %sext_ln1116_8, %sext_ln1116_8" [firmware/myproject.cpp:53]   --->   Operation 202 'mul' 'r_V_21' <Predicate = true> <Delay = 1.27> <Core = "Mul">   --->   Core 16 'Mul' <Latency = 0> <II = 1> <Delay = 3.68> <FuncUnit> <Opcode : 'mul'> <InPorts = 2> <OutPorts = 1>
ST_4 : Operation 203 [2/2] (3.97ns)   --->   "%p_6 = call fastcc i7 @"operator().1"(i14 %trunc_ln708_7)" [firmware/myproject.cpp:53]   --->   Operation 203 'call' 'p_6' <Predicate = true> <Delay = 3.97> <CoreType = "Generic">   --->   Core 0 '' <Latency = 0> <II = 1> <Delay = 1.00> <Generic> <Opcode : >
ST_4 : Operation 204 [1/1] (0.00ns)   --->   "%sext_ln1192_15 = sext i7 %p_Val2_14 to i8" [firmware/myproject.cpp:54]   --->   Operation 204 'sext' 'sext_ln1192_15' <Predicate = true> <Delay = 0.00>
ST_4 : Operation 205 [1/1] (0.70ns)   --->   "%ret_V_26 = add i8 %sext_ln1192_15, 121" [firmware/myproject.cpp:54]   --->   Operation 205 'add' 'ret_V_26' <Predicate = true> <Delay = 0.70> <Core = "AddSub">   --->   Core 14 'AddSub' <Latency = 0> <II = 1> <Delay = 1.15> <FuncUnit> <Opcode : 'add' 'sub'> <InPorts = 2> <OutPorts = 1>
ST_4 : Operation 206 [1/2] (1.15ns)   --->   "%p_7 = call fastcc i7 @"operator().1"(i14 %trunc_ln708_9)" [firmware/myproject.cpp:54]   --->   Operation 206 'call' 'p_7' <Predicate = true> <Delay = 1.15> <CoreType = "Generic">   --->   Core 0 '' <Latency = 0> <II = 1> <Delay = 1.00> <Generic> <Opcode : >
ST_4 : Operation 207 [2/2] (3.97ns)   --->   "%p_10 = call fastcc i7 @"operator().1"(i14 %trunc_ln708_s)" [firmware/myproject.cpp:54]   --->   Operation 207 'call' 'p_10' <Predicate = true> <Delay = 3.97> <CoreType = "Generic">   --->   Core 0 '' <Latency = 0> <II = 1> <Delay = 1.00> <Generic> <Opcode : >
ST_4 : Operation 208 [2/2] (3.97ns)   --->   "%p_11 = call fastcc i9 @"operator()"(i14 %trunc_ln708_3)" [firmware/myproject.cpp:54]   --->   Operation 208 'call' 'p_11' <Predicate = true> <Delay = 3.97> <CoreType = "Generic">   --->   Core 0 '' <Latency = 0> <II = 1> <Delay = 1.00> <Generic> <Opcode : >

State 5 <SV = 4> <Delay = 4.08>
ST_5 : Operation 209 [1/2] (1.15ns)   --->   "%p_2 = call fastcc i9 @"operator()"(i14 %add_ln703_1)" [firmware/myproject.cpp:50]   --->   Operation 209 'call' 'p_2' <Predicate = true> <Delay = 1.15> <CoreType = "Generic">   --->   Core 0 '' <Latency = 0> <II = 1> <Delay = 1.00> <Generic> <Opcode : >
ST_5 : Operation 210 [1/1] (0.00ns)   --->   "%sext_ln1116 = sext i9 %p_2 to i18" [firmware/myproject.cpp:50]   --->   Operation 210 'sext' 'sext_ln1116' <Predicate = true> <Delay = 0.00>
ST_5 : Operation 211 [1/1] (1.46ns)   --->   "%r_V_29 = mul i18 %sext_ln1116, %sext_ln1116" [firmware/myproject.cpp:50]   --->   Operation 211 'mul' 'r_V_29' <Predicate = true> <Delay = 1.46> <Core = "Mul">   --->   Core 16 'Mul' <Latency = 0> <II = 1> <Delay = 3.68> <FuncUnit> <Opcode : 'mul'> <InPorts = 2> <OutPorts = 1>
ST_5 : Operation 212 [1/1] (0.00ns)   --->   "%tmp_1 = call i26 @_ssdm_op_BitConcatenate.i26.i18.i8(i18 %r_V_29, i8 0)" [firmware/myproject.cpp:50]   --->   Operation 212 'bitconcatenate' 'tmp_1' <Predicate = true> <Delay = 0.00>
ST_5 : Operation 213 [1/1] (0.00ns)   --->   "%rhs_V = sext i26 %tmp_1 to i30" [firmware/myproject.cpp:50]   --->   Operation 213 'sext' 'rhs_V' <Predicate = true> <Delay = 0.00>
ST_5 : Operation 214 [1/1] (0.86ns)   --->   "%ret_V_34 = add i30 %rhs_V, %add_ln700" [firmware/myproject.cpp:50]   --->   Operation 214 'add' 'ret_V_34' <Predicate = true> <Delay = 0.86> <Core = "AddSub">   --->   Core 14 'AddSub' <Latency = 0> <II = 1> <Delay = 1.15> <FuncUnit> <Opcode : 'add' 'sub'> <InPorts = 2> <OutPorts = 1>
ST_5 : Operation 215 [1/1] (0.00ns)   --->   "%trunc_ln708_1 = call i14 @_ssdm_op_PartSelect.i14.i30.i32.i32(i30 %ret_V_34, i32 16, i32 29)" [firmware/myproject.cpp:50]   --->   Operation 215 'partselect' 'trunc_ln708_1' <Predicate = true> <Delay = 0.00>
ST_5 : Operation 216 [1/1] (0.00ns)   --->   "%sext_ln1192_3 = sext i42 %r_V_4 to i49" [firmware/myproject.cpp:51]   --->   Operation 216 'sext' 'sext_ln1192_3' <Predicate = true> <Delay = 0.00>
ST_5 : Operation 217 [1/1] (0.00ns)   --->   "%sext_ln1192_4 = sext i7 %p_8 to i49" [firmware/myproject.cpp:51]   --->   Operation 217 'sext' 'sext_ln1192_4' <Predicate = true> <Delay = 0.00>
ST_5 : Operation 218 [1/1] (3.31ns)   --->   "%mul_ln1192_2 = mul i49 %sext_ln1192_3, %sext_ln1192_4" [firmware/myproject.cpp:51]   --->   Operation 218 'mul' 'mul_ln1192_2' <Predicate = true> <Delay = 3.31> <Core = "Mul">   --->   Core 16 'Mul' <Latency = 0> <II = 1> <Delay = 3.68> <FuncUnit> <Opcode : 'mul'> <InPorts = 2> <OutPorts = 1>
ST_5 : Operation 219 [1/2] (1.15ns)   --->   "%p_3 = call fastcc i9 @"operator()"(i14 %add_ln703_3)" [firmware/myproject.cpp:51]   --->   Operation 219 'call' 'p_3' <Predicate = true> <Delay = 1.15> <CoreType = "Generic">   --->   Core 0 '' <Latency = 0> <II = 1> <Delay = 1.00> <Generic> <Opcode : >
ST_5 : Operation 220 [1/1] (0.00ns)   --->   "%shl_ln700_1 = call i62 @_ssdm_op_BitConcatenate.i62.i46.i16(i46 %sub_ln700, i16 0)" [firmware/myproject.cpp:52]   --->   Operation 220 'bitconcatenate' 'shl_ln700_1' <Predicate = true> <Delay = 0.00>
ST_5 : Operation 221 [1/1] (0.00ns) (grouped into TernaryAdder)   --->   "%sub_ln700_1 = sub i62 %shl_ln700_1, %mul_ln700_2" [firmware/myproject.cpp:52]   --->   Operation 221 'sub' 'sub_ln700_1' <Predicate = true> <Delay = 0.00> <Core = "TAddSub">   --->   Core 83 'TAddSub' <Latency = 0> <II = 1> <Delay = 0.41> <IPBlock> <Opcode : 'add' 'sub'> <InPorts = 3> <OutPorts = 1> <Sync> <CReg>
ST_5 : Operation 222 [1/2] (1.15ns)   --->   "%p_Val2_24 = call fastcc i9 @"operator()"(i14 %trunc_ln708_4)" [firmware/myproject.cpp:52]   --->   Operation 222 'call' 'p_Val2_24' <Predicate = true> <Delay = 1.15> <CoreType = "Generic">   --->   Core 0 '' <Latency = 0> <II = 1> <Delay = 1.00> <Generic> <Opcode : >
ST_5 : Operation 223 [1/1] (0.00ns)   --->   "%tmp_9 = call i57 @_ssdm_op_BitConcatenate.i57.i9.i48(i9 %p_Val2_24, i48 0)" [firmware/myproject.cpp:52]   --->   Operation 223 'bitconcatenate' 'tmp_9' <Predicate = true> <Delay = 0.00>
ST_5 : Operation 224 [1/1] (0.00ns)   --->   "%rhs_V_4 = sext i57 %tmp_9 to i62" [firmware/myproject.cpp:52]   --->   Operation 224 'sext' 'rhs_V_4' <Predicate = true> <Delay = 0.00>
ST_5 : Operation 225 [1/1] (0.83ns) (root node of TernaryAdder)   --->   "%ret_V_40 = add i62 %rhs_V_4, %sub_ln700_1" [firmware/myproject.cpp:52]   --->   Operation 225 'add' 'ret_V_40' <Predicate = true> <Delay = 0.83> <Core = "TAddSub">   --->   Core 83 'TAddSub' <Latency = 0> <II = 1> <Delay = 0.41> <IPBlock> <Opcode : 'add' 'sub'> <InPorts = 3> <OutPorts = 1> <Sync> <CReg>
ST_5 : Operation 226 [1/1] (0.00ns)   --->   "%trunc_ln708_5 = call i14 @_ssdm_op_PartSelect.i14.i62.i32.i32(i62 %ret_V_40, i32 48, i32 61)" [firmware/myproject.cpp:52]   --->   Operation 226 'partselect' 'trunc_ln708_5' <Predicate = true> <Delay = 0.00>
ST_5 : Operation 227 [1/1] (0.00ns)   --->   "%sext_ln1192_10 = sext i46 %r_V_20 to i55" [firmware/myproject.cpp:53]   --->   Operation 227 'sext' 'sext_ln1192_10' <Predicate = true> <Delay = 0.00>
ST_5 : Operation 228 [1/1] (0.00ns)   --->   "%sext_ln1192_11 = sext i14 %r_V_21 to i55" [firmware/myproject.cpp:53]   --->   Operation 228 'sext' 'sext_ln1192_11' <Predicate = true> <Delay = 0.00>
ST_5 : Operation 229 [1/1] (3.76ns)   --->   "%mul_ln1192_6 = mul i55 %sext_ln1192_10, %sext_ln1192_11" [firmware/myproject.cpp:53]   --->   Operation 229 'mul' 'mul_ln1192_6' <Predicate = true> <Delay = 3.76> <Core = "Mul">   --->   Core 16 'Mul' <Latency = 0> <II = 1> <Delay = 3.68> <FuncUnit> <Opcode : 'mul'> <InPorts = 2> <OutPorts = 1>
ST_5 : Operation 230 [1/2] (1.15ns)   --->   "%p_6 = call fastcc i7 @"operator().1"(i14 %trunc_ln708_7)" [firmware/myproject.cpp:53]   --->   Operation 230 'call' 'p_6' <Predicate = true> <Delay = 1.15> <CoreType = "Generic">   --->   Core 0 '' <Latency = 0> <II = 1> <Delay = 1.00> <Generic> <Opcode : >
ST_5 : Operation 231 [1/1] (0.00ns)   --->   "%sext_ln1116_9 = sext i7 %p_6 to i14" [firmware/myproject.cpp:53]   --->   Operation 231 'sext' 'sext_ln1116_9' <Predicate = true> <Delay = 0.00>
ST_5 : Operation 232 [1/1] (1.27ns)   --->   "%r_V_22 = mul i14 %sext_ln1116_9, %sext_ln1116_9" [firmware/myproject.cpp:53]   --->   Operation 232 'mul' 'r_V_22' <Predicate = true> <Delay = 1.27> <Core = "Mul">   --->   Core 16 'Mul' <Latency = 0> <II = 1> <Delay = 3.68> <FuncUnit> <Opcode : 'mul'> <InPorts = 2> <OutPorts = 1>
ST_5 : Operation 233 [1/1] (0.00ns)   --->   "%zext_ln1118 = zext i8 %ret_V_26 to i16" [firmware/myproject.cpp:54]   --->   Operation 233 'zext' 'zext_ln1118' <Predicate = true> <Delay = 0.00>
ST_5 : Operation 234 [1/1] (1.55ns)   --->   "%r_V_23 = mul i16 %zext_ln1118, %zext_ln1118" [firmware/myproject.cpp:54]   --->   Operation 234 'mul' 'r_V_23' <Predicate = true> <Delay = 1.55> <Core = "Mul">   --->   Core 16 'Mul' <Latency = 0> <II = 1> <Delay = 3.68> <FuncUnit> <Opcode : 'mul'> <InPorts = 2> <OutPorts = 1>
ST_5 : Operation 235 [1/1] (0.00ns)   --->   "%sext_ln1116_10 = sext i7 %p_7 to i14" [firmware/myproject.cpp:54]   --->   Operation 235 'sext' 'sext_ln1116_10' <Predicate = true> <Delay = 0.00>
ST_5 : Operation 236 [1/1] (1.27ns)   --->   "%r_V_24 = mul i14 %sext_ln1116_10, %sext_ln1116_10" [firmware/myproject.cpp:54]   --->   Operation 236 'mul' 'r_V_24' <Predicate = true> <Delay = 1.27> <Core = "Mul">   --->   Core 16 'Mul' <Latency = 0> <II = 1> <Delay = 3.68> <FuncUnit> <Opcode : 'mul'> <InPorts = 2> <OutPorts = 1>
ST_5 : Operation 237 [1/1] (0.00ns)   --->   "%zext_ln1118_1 = zext i16 %r_V_23 to i32" [firmware/myproject.cpp:54]   --->   Operation 237 'zext' 'zext_ln1118_1' <Predicate = true> <Delay = 0.00>
ST_5 : Operation 238 [1/1] (0.00ns)   --->   "%sext_ln1118_20 = sext i14 %r_V_24 to i32" [firmware/myproject.cpp:54]   --->   Operation 238 'sext' 'sext_ln1118_20' <Predicate = true> <Delay = 0.00>
ST_5 : Operation 239 [1/1] (2.53ns) (root node of the DSP)   --->   "%r_V_25 = mul i32 %zext_ln1118_1, %sext_ln1118_20" [firmware/myproject.cpp:54]   --->   Operation 239 'mul' 'r_V_25' <Predicate = true> <Delay = 2.53> <Core = "DSP48">   --->   Core 88 'DSP48' <Latency = 0> <II = 1> <Delay = 2.53> <IPBlock> <Opcode : 'mul' 'add' 'sub' 'select'> <InPorts = 2> <OutPorts = 1> <Sync> <CReg>
ST_5 : Operation 240 [1/2] (1.15ns)   --->   "%p_10 = call fastcc i7 @"operator().1"(i14 %trunc_ln708_s)" [firmware/myproject.cpp:54]   --->   Operation 240 'call' 'p_10' <Predicate = true> <Delay = 1.15> <CoreType = "Generic">   --->   Core 0 '' <Latency = 0> <II = 1> <Delay = 1.00> <Generic> <Opcode : >
ST_5 : Operation 241 [1/2] (1.15ns)   --->   "%p_11 = call fastcc i9 @"operator()"(i14 %trunc_ln708_3)" [firmware/myproject.cpp:54]   --->   Operation 241 'call' 'p_11' <Predicate = true> <Delay = 1.15> <CoreType = "Generic">   --->   Core 0 '' <Latency = 0> <II = 1> <Delay = 1.00> <Generic> <Opcode : >

State 6 <SV = 5> <Delay = 4.29>
ST_6 : Operation 242 [1/1] (0.00ns)   --->   "%sext_ln1192_5 = sext i49 %mul_ln1192_2 to i51" [firmware/myproject.cpp:51]   --->   Operation 242 'sext' 'sext_ln1192_5' <Predicate = true> <Delay = 0.00>
ST_6 : Operation 243 [1/1] (0.00ns)   --->   "%sext_ln1192_6 = sext i9 %p_9 to i51" [firmware/myproject.cpp:51]   --->   Operation 243 'sext' 'sext_ln1192_6' <Predicate = true> <Delay = 0.00>
ST_6 : Operation 244 [1/1] (3.75ns)   --->   "%mul_ln1192_3 = mul i51 %sext_ln1192_5, %sext_ln1192_6" [firmware/myproject.cpp:51]   --->   Operation 244 'mul' 'mul_ln1192_3' <Predicate = true> <Delay = 3.75> <Core = "Mul">   --->   Core 16 'Mul' <Latency = 0> <II = 1> <Delay = 3.68> <FuncUnit> <Opcode : 'mul'> <InPorts = 2> <OutPorts = 1>
ST_6 : Operation 245 [1/1] (0.00ns)   --->   "%sext_ln1192_12 = sext i55 %mul_ln1192_6 to i67" [firmware/myproject.cpp:53]   --->   Operation 245 'sext' 'sext_ln1192_12' <Predicate = true> <Delay = 0.00>
ST_6 : Operation 246 [1/1] (0.00ns)   --->   "%sext_ln1192_13 = sext i14 %r_V_22 to i67" [firmware/myproject.cpp:53]   --->   Operation 246 'sext' 'sext_ln1192_13' <Predicate = true> <Delay = 0.00>
ST_6 : Operation 247 [1/1] (3.79ns)   --->   "%mul_ln1192_7 = mul i67 %sext_ln1192_12, %sext_ln1192_13" [firmware/myproject.cpp:53]   --->   Operation 247 'mul' 'mul_ln1192_7' <Predicate = true> <Delay = 3.79> <Core = "Mul">   --->   Core 16 'Mul' <Latency = 0> <II = 1> <Delay = 3.68> <FuncUnit> <Opcode : 'mul'> <InPorts = 2> <OutPorts = 1>
ST_6 : Operation 248 [1/1] (0.00ns)   --->   "%sext_ln1116_11 = sext i7 %p_10 to i14" [firmware/myproject.cpp:54]   --->   Operation 248 'sext' 'sext_ln1116_11' <Predicate = true> <Delay = 0.00>
ST_6 : Operation 249 [1/1] (1.27ns)   --->   "%r_V_26 = mul i14 %sext_ln1116_11, %sext_ln1116_11" [firmware/myproject.cpp:54]   --->   Operation 249 'mul' 'r_V_26' <Predicate = true> <Delay = 1.27> <Core = "Mul">   --->   Core 16 'Mul' <Latency = 0> <II = 1> <Delay = 3.68> <FuncUnit> <Opcode : 'mul'> <InPorts = 2> <OutPorts = 1>
ST_6 : Operation 250 [1/1] (0.00ns)   --->   "%sext_ln1192_17 = sext i32 %r_V_25 to i46" [firmware/myproject.cpp:54]   --->   Operation 250 'sext' 'sext_ln1192_17' <Predicate = true> <Delay = 0.00>
ST_6 : Operation 251 [1/1] (0.00ns)   --->   "%sext_ln1192_18 = sext i14 %r_V_26 to i46" [firmware/myproject.cpp:54]   --->   Operation 251 'sext' 'sext_ln1192_18' <Predicate = true> <Delay = 0.00>
ST_6 : Operation 252 [1/1] (3.02ns)   --->   "%mul_ln1192_10 = mul i46 %sext_ln1192_17, %sext_ln1192_18" [firmware/myproject.cpp:54]   --->   Operation 252 'mul' 'mul_ln1192_10' <Predicate = true> <Delay = 3.02> <Core = "Mul">   --->   Core 16 'Mul' <Latency = 0> <II = 1> <Delay = 3.68> <FuncUnit> <Opcode : 'mul'> <InPorts = 2> <OutPorts = 1>
ST_6 : Operation 253 [1/1] (0.00ns)   --->   "%sext_ln1116_12 = sext i9 %p_11 to i18" [firmware/myproject.cpp:54]   --->   Operation 253 'sext' 'sext_ln1116_12' <Predicate = true> <Delay = 0.00>
ST_6 : Operation 254 [1/1] (1.46ns)   --->   "%r_V_27 = mul i18 %sext_ln1116_12, %sext_ln1116_12" [firmware/myproject.cpp:54]   --->   Operation 254 'mul' 'r_V_27' <Predicate = true> <Delay = 1.46> <Core = "Mul">   --->   Core 16 'Mul' <Latency = 0> <II = 1> <Delay = 3.68> <FuncUnit> <Opcode : 'mul'> <InPorts = 2> <OutPorts = 1>

State 7 <SV = 6> <Delay = 3.74>
ST_7 : Operation 255 [1/1] (0.00ns)   --->   "%sext_ln1192_7 = sext i51 %mul_ln1192_3 to i59" [firmware/myproject.cpp:51]   --->   Operation 255 'sext' 'sext_ln1192_7' <Predicate = true> <Delay = 0.00>
ST_7 : Operation 256 [1/1] (0.00ns)   --->   "%sext_ln1192_8 = sext i9 %p_3 to i59" [firmware/myproject.cpp:51]   --->   Operation 256 'sext' 'sext_ln1192_8' <Predicate = true> <Delay = 0.00>
ST_7 : Operation 257 [1/1] (3.74ns)   --->   "%mul_ln1192_4 = mul i59 %sext_ln1192_7, %sext_ln1192_8" [firmware/myproject.cpp:51]   --->   Operation 257 'mul' 'mul_ln1192_4' <Predicate = true> <Delay = 3.74> <Core = "Mul">   --->   Core 16 'Mul' <Latency = 0> <II = 1> <Delay = 3.68> <FuncUnit> <Opcode : 'mul'> <InPorts = 2> <OutPorts = 1>
ST_7 : Operation 258 [1/1] (0.00ns)   --->   "%sext_ln1192_14 = sext i67 %mul_ln1192_7 to i73" [firmware/myproject.cpp:53]   --->   Operation 258 'sext' 'sext_ln1192_14' <Predicate = true> <Delay = 0.00>
ST_7 : Operation 259 [1/1] (1.19ns)   --->   "%ret_V_44 = add i73 %sext_ln1192_14, -4519452298058840145920" [firmware/myproject.cpp:53]   --->   Operation 259 'add' 'ret_V_44' <Predicate = true> <Delay = 1.19> <Core = "AddSub">   --->   Core 14 'AddSub' <Latency = 0> <II = 1> <Delay = 1.15> <FuncUnit> <Opcode : 'add' 'sub'> <InPorts = 2> <OutPorts = 1>
ST_7 : Operation 260 [1/1] (0.00ns)   --->   "%tmp_8 = call i9 @_ssdm_op_PartSelect.i9.i73.i32.i32(i73 %ret_V_44, i32 64, i32 72)" [firmware/myproject.cpp:53]   --->   Operation 260 'partselect' 'tmp_8' <Predicate = true> <Delay = 0.00>
ST_7 : Operation 261 [1/1] (0.00ns)   --->   "%sext_ln1192_19 = sext i46 %mul_ln1192_10 to i57" [firmware/myproject.cpp:54]   --->   Operation 261 'sext' 'sext_ln1192_19' <Predicate = true> <Delay = 0.00>
ST_7 : Operation 262 [1/1] (0.00ns)   --->   "%sext_ln1192_20 = sext i18 %r_V_27 to i57" [firmware/myproject.cpp:54]   --->   Operation 262 'sext' 'sext_ln1192_20' <Predicate = true> <Delay = 0.00>
ST_7 : Operation 263 [1/1] (3.68ns)   --->   "%mul_ln1192_11 = mul i57 %sext_ln1192_19, %sext_ln1192_20" [firmware/myproject.cpp:54]   --->   Operation 263 'mul' 'mul_ln1192_11' <Predicate = true> <Delay = 3.68> <Core = "Mul">   --->   Core 16 'Mul' <Latency = 0> <II = 1> <Delay = 3.68> <FuncUnit> <Opcode : 'mul'> <InPorts = 2> <OutPorts = 1>

State 8 <SV = 7> <Delay = 1.15>
ST_8 : Operation 264 [1/1] (0.00ns)   --->   "call void (...)* @_ssdm_op_SpecBitsMap(i14* %y_4_V), !map !282"   --->   Operation 264 'specbitsmap' <Predicate = true> <Delay = 0.00>
ST_8 : Operation 265 [1/1] (0.00ns)   --->   "call void (...)* @_ssdm_op_SpecBitsMap(i14* %y_3_V), !map !288"   --->   Operation 265 'specbitsmap' <Predicate = true> <Delay = 0.00>
ST_8 : Operation 266 [1/1] (0.00ns)   --->   "call void (...)* @_ssdm_op_SpecBitsMap(i14* %y_2_V), !map !294"   --->   Operation 266 'specbitsmap' <Predicate = true> <Delay = 0.00>
ST_8 : Operation 267 [1/1] (0.00ns)   --->   "call void (...)* @_ssdm_op_SpecBitsMap(i14* %y_1_V), !map !300"   --->   Operation 267 'specbitsmap' <Predicate = true> <Delay = 0.00>
ST_8 : Operation 268 [1/1] (0.00ns)   --->   "call void (...)* @_ssdm_op_SpecBitsMap(i14* %y_0_V), !map !306"   --->   Operation 268 'specbitsmap' <Predicate = true> <Delay = 0.00>
ST_8 : Operation 269 [1/1] (0.00ns)   --->   "call void (...)* @_ssdm_op_SpecBitsMap(i224* %x_V), !map !312"   --->   Operation 269 'specbitsmap' <Predicate = true> <Delay = 0.00>
ST_8 : Operation 270 [1/1] (0.00ns)   --->   "call void (...)* @_ssdm_op_SpecTopModule([10 x i8]* @myproject_str) nounwind"   --->   Operation 270 'spectopmodule' <Predicate = true> <Delay = 0.00>
ST_8 : Operation 271 [1/1] (0.00ns)   --->   "call void (...)* @_ssdm_op_SpecInterface(i224* %x_V, [7 x i8]* @p_str4, i32 0, i32 0, [1 x i8]* @p_str3, i32 0, i32 0, [1 x i8]* @p_str3, [1 x i8]* @p_str3, [1 x i8]* @p_str3, i32 0, i32 0, i32 0, i32 0, [1 x i8]* @p_str3, [1 x i8]* @p_str3) nounwind"   --->   Operation 271 'specinterface' <Predicate = true> <Delay = 0.00>
ST_8 : Operation 272 [1/1] (0.00ns)   --->   "call void (...)* @_ssdm_op_SpecInterface(i14* %y_0_V, i14* %y_1_V, i14* %y_2_V, i14* %y_3_V, i14* %y_4_V, [7 x i8]* @p_str4, i32 0, i32 0, [1 x i8]* @p_str3, i32 0, i32 0, [1 x i8]* @p_str3, [1 x i8]* @p_str3, [1 x i8]* @p_str3, i32 0, i32 0, i32 0, i32 0, [1 x i8]* @p_str3, [1 x i8]* @p_str3) nounwind" [firmware/myproject.cpp:32]   --->   Operation 272 'specinterface' <Predicate = true> <Delay = 0.00>
ST_8 : Operation 273 [1/1] (0.00ns)   --->   "call void (...)* @_ssdm_op_SpecPipeline(i32 -1, i32 1, i32 1, i32 0, [1 x i8]* @p_str3) nounwind" [firmware/myproject.cpp:33]   --->   Operation 273 'specpipeline' <Predicate = true> <Delay = 0.00>
ST_8 : Operation 274 [1/1] (0.00ns)   --->   "call void @_ssdm_op_Write.ap_vld.i14P(i14* %y_0_V, i14 %trunc_ln708_1)" [firmware/myproject.cpp:50]   --->   Operation 274 'write' <Predicate = true> <Delay = 0.00>
ST_8 : Operation 275 [1/1] (1.07ns)   --->   "%ret_V_36 = add i59 %mul_ln1192_4, -63050394783186944" [firmware/myproject.cpp:51]   --->   Operation 275 'add' 'ret_V_36' <Predicate = true> <Delay = 1.07> <Core = "AddSub">   --->   Core 14 'AddSub' <Latency = 0> <II = 1> <Delay = 1.15> <FuncUnit> <Opcode : 'add' 'sub'> <InPorts = 2> <OutPorts = 1>
ST_8 : Operation 276 [1/1] (0.00ns)   --->   "%tmp = call i11 @_ssdm_op_PartSelect.i11.i59.i32.i32(i59 %ret_V_36, i32 48, i32 58)" [firmware/myproject.cpp:51]   --->   Operation 276 'partselect' 'tmp' <Predicate = true> <Delay = 0.00>
ST_8 : Operation 277 [1/1] (0.00ns)   --->   "%sext_ln708 = sext i11 %tmp to i14" [firmware/myproject.cpp:51]   --->   Operation 277 'sext' 'sext_ln708' <Predicate = true> <Delay = 0.00>
ST_8 : Operation 278 [1/1] (0.00ns)   --->   "call void @_ssdm_op_Write.ap_vld.i14P(i14* %y_1_V, i14 %sext_ln708)" [firmware/myproject.cpp:51]   --->   Operation 278 'write' <Predicate = true> <Delay = 0.00>
ST_8 : Operation 279 [1/1] (0.00ns)   --->   "call void @_ssdm_op_Write.ap_vld.i14P(i14* %y_2_V, i14 %trunc_ln708_5)" [firmware/myproject.cpp:52]   --->   Operation 279 'write' <Predicate = true> <Delay = 0.00>
ST_8 : Operation 280 [1/1] (0.00ns)   --->   "%sext_ln708_1 = sext i9 %tmp_8 to i14" [firmware/myproject.cpp:53]   --->   Operation 280 'sext' 'sext_ln708_1' <Predicate = true> <Delay = 0.00>
ST_8 : Operation 281 [1/1] (0.00ns)   --->   "call void @_ssdm_op_Write.ap_vld.i14P(i14* %y_3_V, i14 %sext_ln708_1)" [firmware/myproject.cpp:53]   --->   Operation 281 'write' <Predicate = true> <Delay = 0.00>
ST_8 : Operation 282 [1/1] (0.00ns)   --->   "%sext_ln1192_21 = sext i57 %mul_ln1192_11 to i65" [firmware/myproject.cpp:54]   --->   Operation 282 'sext' 'sext_ln1192_21' <Predicate = true> <Delay = 0.00>
ST_8 : Operation 283 [1/1] (1.15ns)   --->   "%ret_V_48 = add i65 %sext_ln1192_21, -18014398509481984000" [firmware/myproject.cpp:54]   --->   Operation 283 'add' 'ret_V_48' <Predicate = true> <Delay = 1.15> <Core = "AddSub">   --->   Core 14 'AddSub' <Latency = 0> <II = 1> <Delay = 1.15> <FuncUnit> <Opcode : 'add' 'sub'> <InPorts = 2> <OutPorts = 1>
ST_8 : Operation 284 [1/1] (0.00ns)   --->   "%tmp_10 = call i9 @_ssdm_op_PartSelect.i9.i65.i32.i32(i65 %ret_V_48, i32 56, i32 64)" [firmware/myproject.cpp:54]   --->   Operation 284 'partselect' 'tmp_10' <Predicate = true> <Delay = 0.00>
ST_8 : Operation 285 [1/1] (0.00ns)   --->   "%sext_ln708_2 = sext i9 %tmp_10 to i14" [firmware/myproject.cpp:54]   --->   Operation 285 'sext' 'sext_ln708_2' <Predicate = true> <Delay = 0.00>
ST_8 : Operation 286 [1/1] (0.00ns)   --->   "call void @_ssdm_op_Write.ap_vld.i14P(i14* %y_4_V, i14 %sext_ln708_2)" [firmware/myproject.cpp:54]   --->   Operation 286 'write' <Predicate = true> <Delay = 0.00>
ST_8 : Operation 287 [1/1] (0.00ns)   --->   "ret void" [firmware/myproject.cpp:56]   --->   Operation 287 'ret' <Predicate = true> <Delay = 0.00>


============================================================
+ Verbose Summary: Timing violations
============================================================
Target clock period: 5ns, clock uncertainty: 0.625ns.

 <State 1>: 3.98ns
The critical path consists of the following:
	wire read on port 'x_V' (firmware/myproject.cpp:50) [21]  (0 ns)
	'call' operation ('p_s', firmware/myproject.cpp:50) to 'operator()' [43]  (3.98 ns)

 <State 2>: 4.07ns
The critical path consists of the following:
	'sub' operation ('ret.V', firmware/myproject.cpp:50) [29]  (0.765 ns)
	'add' operation ('ret.V', firmware/myproject.cpp:52) [161]  (0.775 ns)
	'mul' operation of DSP[163] ('r.V', firmware/myproject.cpp:52) [163]  (2.53 ns)

 <State 3>: 4.23ns
The critical path consists of the following:
	'mul' operation ('r.V', firmware/myproject.cpp:53) [192]  (1.7 ns)
	'mul' operation of DSP[198] ('mul_ln1193_1', firmware/myproject.cpp:53) [196]  (0.494 ns)
	'add' operation of DSP[198] ('ret.V', firmware/myproject.cpp:53) [198]  (2.04 ns)

 <State 4>: 4.13ns
The critical path consists of the following:
	'mul' operation ('mul_ln700_1', firmware/myproject.cpp:52) [148]  (3.17 ns)
	'sub' operation ('sub_ln700', firmware/myproject.cpp:52) [151]  (0.96 ns)

 <State 5>: 4.08ns
The critical path consists of the following:
	'mul' operation ('r.V', firmware/myproject.cpp:54) [234]  (1.55 ns)
	'mul' operation of DSP[243] ('r.V', firmware/myproject.cpp:54) [243]  (2.53 ns)

 <State 6>: 4.29ns
The critical path consists of the following:
	'mul' operation ('r.V', firmware/myproject.cpp:54) [251]  (1.27 ns)
	'mul' operation ('mul_ln1192_10', firmware/myproject.cpp:54) [254]  (3.02 ns)

 <State 7>: 3.74ns
The critical path consists of the following:
	'mul' operation ('mul_ln1192_4', firmware/myproject.cpp:51) [118]  (3.74 ns)

 <State 8>: 1.15ns
The critical path consists of the following:
	'add' operation ('ret.V', firmware/myproject.cpp:54) [266]  (1.15 ns)


============================================================
+ Verbose Summary: Binding
============================================================
N/A
* FSMD analyzer results:
  - Output states:
 - Input state : 
  - Chain level:
	State 1
	State 2
	State 3
	State 4
	State 5
	State 6
	State 7
	State 8


============================================================
+ Verbose Summary: Datapath Resource usage 
============================================================
N/A
