

================================================================
== Vivado HLS Report for 'myproject'
================================================================
* Date:           Thu Feb 23 14:50:18 2023

* Version:        2020.1 (Build 2897737 on Wed May 27 20:21:37 MDT 2020)
* Project:        myproject_prj
* Solution:       solution1
* Product family: virtexuplus
* Target device:  xcvu9p-flga2577-2-e


================================================================
== Performance Estimates
================================================================
+ Timing: 
    * Summary: 
    +--------+---------+----------+------------+
    |  Clock |  Target | Estimated| Uncertainty|
    +--------+---------+----------+------------+
    |ap_clk  | 5.00 ns | 2.344 ns |   0.62 ns  |
    +--------+---------+----------+------------+

+ Latency: 
    * Summary: 
    +---------+---------+----------+----------+-----+-----+----------+
    |  Latency (cycles) |  Latency (absolute) |  Interval | Pipeline |
    |   min   |   max   |    min   |    max   | min | max |   Type   |
    +---------+---------+----------+----------+-----+-----+----------+
    |        0|        0|   0 ns   |   0 ns   |    1|    1| function |
    +---------+---------+----------+----------+-----+-----+----------+

    + Detail: 
        * Instance: 
        N/A

        * Loop: 
        N/A



================================================================
== Utilization Estimates
================================================================
* Summary: 
+---------------------+---------+-------+---------+---------+-----+
|         Name        | BRAM_18K| DSP48E|    FF   |   LUT   | URAM|
+---------------------+---------+-------+---------+---------+-----+
|DSP                  |        -|      -|        -|        -|    -|
|Expression           |        -|      -|        0|      191|    -|
|FIFO                 |        -|      -|        -|        -|    -|
|Instance             |        -|      -|        -|        -|    -|
|Memory               |        -|      -|        -|        -|    -|
|Multiplexer          |        -|      -|        -|       36|    -|
|Register             |        -|      -|      130|        -|    -|
+---------------------+---------+-------+---------+---------+-----+
|Total                |        0|      0|      130|      227|    0|
+---------------------+---------+-------+---------+---------+-----+
|Available SLR        |     1440|   2280|   788160|   394080|  320|
+---------------------+---------+-------+---------+---------+-----+
|Utilization SLR (%)  |        0|      0|    ~0   |    ~0   |    0|
+---------------------+---------+-------+---------+---------+-----+
|Available            |     4320|   6840|  2364480|  1182240|  960|
+---------------------+---------+-------+---------+---------+-----+
|Utilization (%)      |        0|      0|    ~0   |    ~0   |    0|
+---------------------+---------+-------+---------+---------+-----+

+ Detail: 
    * Instance: 
    N/A

    * DSP48E: 
    N/A

    * Memory: 
    N/A

    * FIFO: 
    N/A

    * Expression: 
    +------------------------+----------+-------+---+----+------------+------------+
    |      Variable Name     | Operation| DSP48E| FF| LUT| Bitwidth P0| Bitwidth P1|
    +------------------------+----------+-------+---+----+------------+------------+
    |add_ln1192_4_fu_329_p2  |     +    |      0|  0|  19|          12|           3|
    |add_ln1192_fu_187_p2    |     +    |      0|  0|  18|           9|           4|
    |add_ln700_fu_209_p2     |     +    |      0|  0|  20|          13|          13|
    |ret_V_1_fu_227_p2       |     +    |      0|  0|  25|          18|          12|
    |ret_V_2_fu_284_p2       |     +    |      0|  0|  18|          14|          14|
    |ret_V_3_fu_290_p2       |     +    |      0|  0|  18|          14|          10|
    |ret_V_4_fu_311_p2       |     +    |      0|  0|  16|           9|           9|
    |r_V_fu_244_p2           |     -    |      0|  0|  16|           1|           9|
    |ret_V_5_fu_343_p2       |     -    |      0|  0|  21|           6|          14|
    |ret_V_fu_181_p2         |     -    |      0|  0|  18|           3|           9|
    |ap_block_state1         |    or    |      0|  0|   2|           1|           1|
    +------------------------+----------+-------+---+----+------------+------------+
    |Total                   |          |      0|  0| 191|         100|          98|
    +------------------------+----------+-------+---+----+------------+------------+

    * Multiplexer: 
    +-------------------+----+-----------+-----+-----------+
    |        Name       | LUT| Input Size| Bits| Total Bits|
    +-------------------+----+-----------+-----+-----------+
    |x_V_ap_vld_in_sig  |   9|          2|    1|          2|
    |x_V_ap_vld_preg    |   9|          2|    1|          2|
    |x_V_blk_n          |   9|          2|    1|          2|
    |x_V_in_sig         |   9|          2|  128|        256|
    +-------------------+----+-----------+-----+-----------+
    |Total              |  36|          8|  131|        262|
    +-------------------+----+-----------+-----+-----------+

    * Register: 
    +-----------------+-----+----+-----+-----------+
    |       Name      |  FF | LUT| Bits| Const Bits|
    +-----------------+-----+----+-----+-----------+
    |ap_CS_fsm        |    1|   0|    1|          0|
    |x_V_ap_vld_preg  |    1|   0|    1|          0|
    |x_V_preg         |  128|   0|  128|          0|
    +-----------------+-----+----+-----+-----------+
    |Total            |  130|   0|  130|          0|
    +-----------------+-----+----+-----+-----------+



================================================================
== Interface
================================================================
* Summary: 
+--------------+-----+-----+------------+--------------+--------------+
|   RTL Ports  | Dir | Bits|  Protocol  | Source Object|    C Type    |
+--------------+-----+-----+------------+--------------+--------------+
|ap_clk        |  in |    1| ap_ctrl_hs |   myproject  | return value |
|ap_rst        |  in |    1| ap_ctrl_hs |   myproject  | return value |
|ap_start      |  in |    1| ap_ctrl_hs |   myproject  | return value |
|ap_done       | out |    1| ap_ctrl_hs |   myproject  | return value |
|ap_idle       | out |    1| ap_ctrl_hs |   myproject  | return value |
|ap_ready      | out |    1| ap_ctrl_hs |   myproject  | return value |
|x_V           |  in |  128|   ap_vld   |      x_V     |    pointer   |
|x_V_ap_vld    |  in |    1|   ap_vld   |      x_V     |    pointer   |
|y_0_V         | out |    8|   ap_vld   |     y_0_V    |    pointer   |
|y_0_V_ap_vld  | out |    1|   ap_vld   |     y_0_V    |    pointer   |
|y_1_V         | out |    8|   ap_vld   |     y_1_V    |    pointer   |
|y_1_V_ap_vld  | out |    1|   ap_vld   |     y_1_V    |    pointer   |
|y_2_V         | out |    8|   ap_vld   |     y_2_V    |    pointer   |
|y_2_V_ap_vld  | out |    1|   ap_vld   |     y_2_V    |    pointer   |
|y_3_V         | out |    8|   ap_vld   |     y_3_V    |    pointer   |
|y_3_V_ap_vld  | out |    1|   ap_vld   |     y_3_V    |    pointer   |
|y_4_V         | out |    8|   ap_vld   |     y_4_V    |    pointer   |
|y_4_V_ap_vld  | out |    1|   ap_vld   |     y_4_V    |    pointer   |
+--------------+-----+-----+------------+--------------+--------------+

