

================================================================
== Vivado HLS Report for 'generic_sincos_11_6_s'
================================================================
* Date:           Sun Feb 26 11:04:48 2023

* Version:        2020.1 (Build 2897737 on Wed May 27 20:21:37 MDT 2020)
* Project:        myproject_prj
* Solution:       solution1
* Product family: virtexuplus
* Target device:  xcvu9p-flga2577-2-e


================================================================
== Performance Estimates
================================================================
+ Timing: 
    * Summary: 
    +--------+---------+----------+------------+
    |  Clock |  Target | Estimated| Uncertainty|
    +--------+---------+----------+------------+
    |ap_clk  | 5.00 ns | 4.218 ns |   0.62 ns  |
    +--------+---------+----------+------------+

+ Latency: 
    * Summary: 
    +---------+---------+-----------+-----------+-----+-----+----------+
    |  Latency (cycles) |   Latency (absolute)  |  Interval | Pipeline |
    |   min   |   max   |    min    |    max    | min | max |   Type   |
    +---------+---------+-----------+-----------+-----+-----+----------+
    |        7|        7| 35.000 ns | 35.000 ns |    1|    1| function |
    +---------+---------+-----------+-----------+-----+-----+----------+

    + Detail: 
        * Instance: 
        +----------------------------------------+------------------------------+---------+---------+-----------+-----------+-----+-----+----------+
        |                                        |                              |  Latency (cycles) |   Latency (absolute)  |  Interval | Pipeline |
        |                Instance                |            Module            |   min   |   max   |    min    |    max    | min | max |   Type   |
        +----------------------------------------+------------------------------+---------+---------+-----------+-----------+-----+-----+----------+
        |grp_cordic_circ_apfixed_13_3_0_s_fu_68  |cordic_circ_apfixed_13_3_0_s  |        3|        3| 15.000 ns | 15.000 ns |    1|    1| function |
        +----------------------------------------+------------------------------+---------+---------+-----------+-----------+-----+-----+----------+

        * Loop: 
        N/A



================================================================
== Utilization Estimates
================================================================
* Summary: 
+---------------------+---------+-------+---------+---------+-----+
|         Name        | BRAM_18K| DSP48E|    FF   |   LUT   | URAM|
+---------------------+---------+-------+---------+---------+-----+
|DSP                  |        -|      2|        -|        -|    -|
|Expression           |        -|      -|        0|      214|    -|
|FIFO                 |        -|      -|        -|        -|    -|
|Instance             |        -|      -|      141|     1560|    -|
|Memory               |        -|      -|        -|        -|    -|
|Multiplexer          |        -|      -|        -|       18|    -|
|Register             |        0|      -|      285|       96|    -|
+---------------------+---------+-------+---------+---------+-----+
|Total                |        0|      2|      426|     1888|    0|
+---------------------+---------+-------+---------+---------+-----+
|Available SLR        |     1440|   2280|   788160|   394080|  320|
+---------------------+---------+-------+---------+---------+-----+
|Utilization SLR (%)  |        0|   ~0  |    ~0   |    ~0   |    0|
+---------------------+---------+-------+---------+---------+-----+
|Available            |     4320|   6840|  2364480|  1182240|  960|
+---------------------+---------+-------+---------+---------+-----+
|Utilization (%)      |        0|   ~0  |    ~0   |    ~0   |    0|
+---------------------+---------+-------+---------+---------+-----+

+ Detail: 
    * Instance: 
    +----------------------------------------+------------------------------+---------+-------+-----+------+-----+
    |                Instance                |            Module            | BRAM_18K| DSP48E|  FF |  LUT | URAM|
    +----------------------------------------+------------------------------+---------+-------+-----+------+-----+
    |grp_cordic_circ_apfixed_13_3_0_s_fu_68  |cordic_circ_apfixed_13_3_0_s  |        0|      0|  141|  1560|    0|
    +----------------------------------------+------------------------------+---------+-------+-----+------+-----+
    |Total                                   |                              |        0|      0|  141|  1560|    0|
    +----------------------------------------+------------------------------+---------+-------+-----+------+-----+

    * DSP48E: 
    +----------------------------------------------+-------------------------------------------+--------------+
    |                   Instance                   |                   Module                  |  Expression  |
    +----------------------------------------------+-------------------------------------------+--------------+
    |myproject_mac_mulsub_14ns_6ns_18ns_20_1_0_U3  |myproject_mac_mulsub_14ns_6ns_18ns_20_1_0  | i0 - i1 * i2 |
    |myproject_mul_mul_19ns_11ns_29_1_0_U2         |myproject_mul_mul_19ns_11ns_29_1_0         |    i0 * i1   |
    +----------------------------------------------+-------------------------------------------+--------------+

    * Memory: 
    N/A

    * FIFO: 
    N/A

    * Expression: 
    +--------------------------+----------+-------+---+----+------------+------------+
    |       Variable Name      | Operation| DSP48E| FF| LUT| Bitwidth P0| Bitwidth P1|
    +--------------------------+----------+-------+---+----+------------+------------+
    |inabs_V_fu_79_p2          |     -    |      0|  0|  18|           1|          11|
    |r_V_65_fu_221_p2          |     -    |      0|  0|  19|           1|          12|
    |r_V_66_fu_237_p2          |     -    |      0|  0|  19|           1|          12|
    |ret_V_49_fu_160_p2        |     -    |      0|  0|  20|          12|          13|
    |sub_ln703_fu_334_p2       |     -    |      0|  0|  15|           1|           7|
    |and_ln879_1_fu_298_p2     |    and   |      0|  0|   2|           1|           1|
    |and_ln879_fu_275_p2       |    and   |      0|  0|   2|           1|           1|
    |icmp_ln251_fu_176_p2      |   icmp   |      0|  0|   8|           2|           2|
    |icmp_ln879_1_fu_253_p2    |   icmp   |      0|  0|   8|           2|           1|
    |icmp_ln879_2_fu_258_p2    |   icmp   |      0|  0|   9|           2|           3|
    |icmp_ln879_fu_138_p2      |   icmp   |      0|  0|   8|           2|           1|
    |sign0_V_fu_73_p2          |   icmp   |      0|  0|  13|          11|           1|
    |or_ln251_fu_181_p2        |    or    |      0|  0|   2|           1|           1|
    |or_ln879_fu_287_p2        |    or    |      0|  0|   2|           1|           1|
    |p_Val2_53_fu_304_p3       |  select  |      0|  0|   7|           1|           7|
    |p_Val2_54_fu_340_p3       |  select  |      0|  0|   7|           1|           7|
    |p_Val2_s_fu_85_p3         |  select  |      0|  0|  11|           1|          11|
    |select_ln879_1_fu_280_p3  |  select  |      0|  0|   7|           1|           7|
    |select_ln879_3_fu_320_p3  |  select  |      0|  0|   7|           1|           7|
    |select_ln879_4_fu_327_p3  |  select  |      0|  0|   7|           1|           7|
    |select_ln879_fu_263_p3    |  select  |      0|  0|   7|           1|           7|
    |z_V_1_fu_187_p3           |  select  |      0|  0|  12|           1|          12|
    |xor_ln879_1_fu_292_p2     |    xor   |      0|  0|   2|           1|           2|
    |xor_ln879_fu_269_p2       |    xor   |      0|  0|   2|           1|           2|
    +--------------------------+----------+-------+---+----+------------+------------+
    |Total                     |          |      0|  0| 214|          49|         136|
    +--------------------------+----------+-------+---+----+------------+------------+

    * Multiplexer: 
    +-------------+----+-----------+-----+-----------+
    |     Name    | LUT| Input Size| Bits| Total Bits|
    +-------------+----+-----------+-----+-----------+
    |ap_return_0  |   9|          2|    7|         14|
    |ap_return_1  |   9|          2|    7|         14|
    +-------------+----+-----------+-----+-----------+
    |Total        |  18|          4|   14|         28|
    +-------------+----+-----------+-----+-----------+

    * Register: 
    +------------------------+----+----+-----+-----------+
    |          Name          | FF | LUT| Bits| Const Bits|
    +------------------------+----+----+-----+-----------+
    |ap_ce_reg               |   1|   0|    1|          0|
    |ap_return_0_int_reg     |   7|   0|    7|          0|
    |ap_return_1_int_reg     |   7|   0|    7|          0|
    |icmp_ln879_reg_400      |   1|   0|    1|          0|
    |in_V_int_reg            |  11|   0|   11|          0|
    |k_V_reg_392             |   2|   0|    2|          0|
    |p_Val2_s_reg_382        |  11|   0|   11|          0|
    |ret_V_reg_387           |   6|   0|    6|          0|
    |sign0_V_reg_377         |   1|   0|    1|          0|
    |trunc_ln1_reg_416       |   7|   0|    7|          0|
    |trunc_ln708_13_reg_422  |   7|   0|    7|          0|
    |trunc_ln708_14_reg_428  |   7|   0|    7|          0|
    |x_V_reg_411             |  13|   0|   13|          0|
    |z_V_1_reg_406           |  12|   0|   12|          0|
    |icmp_ln879_reg_400      |  64|  32|    1|          0|
    |k_V_reg_392             |  64|  32|    2|          0|
    |sign0_V_reg_377         |  64|  32|    1|          0|
    +------------------------+----+----+-----+-----------+
    |Total                   | 285|  96|   97|          0|
    +------------------------+----+----+-----+-----------+



================================================================
== Interface
================================================================
* Summary: 
+-------------+-----+-----+------------+-----------------------+--------------+
|  RTL Ports  | Dir | Bits|  Protocol  |     Source Object     |    C Type    |
+-------------+-----+-----+------------+-----------------------+--------------+
|ap_clk       |  in |    1| ap_ctrl_hs | generic_sincos<11, 6> | return value |
|ap_rst       |  in |    1| ap_ctrl_hs | generic_sincos<11, 6> | return value |
|ap_return_0  | out |    7| ap_ctrl_hs | generic_sincos<11, 6> | return value |
|ap_return_1  | out |    7| ap_ctrl_hs | generic_sincos<11, 6> | return value |
|ap_ce        |  in |    1| ap_ctrl_hs | generic_sincos<11, 6> | return value |
|in_V         |  in |   11|   ap_none  |          in_V         |    scalar    |
+-------------+-----+-----+------------+-----------------------+--------------+

