

================================================================
== Vivado HLS Report for 'cordic_circ_apfixed_16_3_0_s'
================================================================
* Date:           Sun Feb 26 11:16:20 2023

* Version:        2020.1 (Build 2897737 on Wed May 27 20:21:37 MDT 2020)
* Project:        myproject_prj
* Solution:       solution1
* Product family: virtexuplus
* Target device:  xcvu9p-flga2577-2-e


================================================================
== Performance Estimates
================================================================
+ Timing: 
    * Summary: 
    +--------+---------+----------+------------+
    |  Clock |  Target | Estimated| Uncertainty|
    +--------+---------+----------+------------+
    |ap_clk  | 5.00 ns | 4.349 ns |   0.62 ns  |
    +--------+---------+----------+------------+

+ Latency: 
    * Summary: 
    +---------+---------+-----------+-----------+-----+-----+----------+
    |  Latency (cycles) |   Latency (absolute)  |  Interval | Pipeline |
    |   min   |   max   |    min    |    max    | min | max |   Type   |
    +---------+---------+-----------+-----------+-----+-----+----------+
    |        3|        3| 15.000 ns | 15.000 ns |    1|    1| function |
    +---------+---------+-----------+-----------+-----+-----+----------+

    + Detail: 
        * Instance: 
        N/A

        * Loop: 
        N/A

============================================================
+ Verbose Summary: Synthesis Manager
============================================================
InlineROM: 1
ExposeGlobal: 0
============================================================
+ Verbose Summary: CDFG Model
============================================================
IsTopModel: 0
ResetActiveHigh: 1
IsCombinational: 0
IsDatapathOnly: 0
HasWiredReturn: 1
HasMFsm: 2
HasVarLatency: 0
IsPipeline: 1
IsRtlPipelined: 1
IsInstanceOverlapped: 0
IsDontTouch: 0
HasImplIP: 0
IsGatedGlobalClock: 0

+ Individual pipeline summary: 
  * Pipeline-0: initiation interval (II) = 1, depth = 4


============================================================
+ Verbose Summary: Schedule
============================================================
* Number of FSM states : 4
* Pipeline : 1
  Pipeline-0 : II = 1, D = 4, States = { 1 2 3 4 }
* Dataflow Pipeline: 0

* FSM state transitions: 
1 --> 2 
2 --> 3 
3 --> 4 
4 --> 

* FSM state operations: 

State 1 <SV = 0> <Delay = 4.34>
ST_1 : Operation 5 [1/1] (0.00ns)   --->   "%z_V_read_1 = call i15 @_ssdm_op_Read.ap_auto.i15(i15 %z_V_read)"   --->   Operation 5 'read' 'z_V_read_1' <Predicate = true> <Delay = 0.00>
ST_1 : Operation 6 [1/1] (0.00ns) (grouped into LUT with out node add_ln101)   --->   "%z_V_read_cast = sext i15 %z_V_read_1 to i16"   --->   Operation 6 'sext' 'z_V_read_cast' <Predicate = true> <Delay = 0.00>
ST_1 : Operation 7 [1/1] (0.00ns)   --->   "%tmp = call i1 @_ssdm_op_BitSelect.i1.i15.i32(i15 %z_V_read_1, i32 14)" [/data/tools/Xilinx/Vivado/2020.1/common/technology/autopilot/hls_cordic_apfixed.h:101]   --->   Operation 7 'bitselect' 'tmp' <Predicate = true> <Delay = 0.00>
ST_1 : Operation 8 [1/1] (0.00ns) (grouped into LUT with out node add_ln101)   --->   "%select_ln101 = select i1 %tmp, i16 6433, i16 -6433" [/data/tools/Xilinx/Vivado/2020.1/common/technology/autopilot/hls_cordic_apfixed.h:101]   --->   Operation 8 'select' 'select_ln101' <Predicate = true> <Delay = 0.00> <Core = "Sel">   --->   Core 26 'Sel' <Latency = 0> <II = 1> <Delay = 0.29> <FuncUnit> <Opcode : 'select'> <InPorts = 3> <OutPorts = 1>
ST_1 : Operation 9 [1/1] (0.77ns) (out node of the LUT)   --->   "%add_ln101 = add i16 %z_V_read_cast, %select_ln101" [/data/tools/Xilinx/Vivado/2020.1/common/technology/autopilot/hls_cordic_apfixed.h:101]   --->   Operation 9 'add' 'add_ln101' <Predicate = true> <Delay = 0.77> <Core = "AddSub">   --->   Core 14 'AddSub' <Latency = 0> <II = 1> <Delay = 0.78> <FuncUnit> <Opcode : 'add' 'sub'> <InPorts = 2> <OutPorts = 1>
ST_1 : Operation 10 [1/1] (0.00ns)   --->   "%tmp_1 = call i1 @_ssdm_op_BitSelect.i1.i16.i32(i16 %add_ln101, i32 15)" [/data/tools/Xilinx/Vivado/2020.1/common/technology/autopilot/hls_cordic_apfixed.h:101]   --->   Operation 10 'bitselect' 'tmp_1' <Predicate = true> <Delay = 0.00>
ST_1 : Operation 11 [1/1] (0.00ns) (grouped into LUT with out node select_ln101_3)   --->   "%select_ln203 = select i1 %tmp, i13 2487, i13 -731" [/data/tools/Xilinx/Vivado/2020.1/common/technology/autopilot/hls_cordic_apfixed.h:102]   --->   Operation 11 'select' 'select_ln203' <Predicate = true> <Delay = 0.00> <Core = "Sel">   --->   Core 26 'Sel' <Latency = 0> <II = 1> <Delay = 0.29> <FuncUnit> <Opcode : 'select'> <InPorts = 3> <OutPorts = 1>
ST_1 : Operation 12 [1/1] (0.00ns) (grouped into LUT with out node select_ln101_2)   --->   "%select_ln203_1 = select i1 %tmp, i14 -7461, i14 2487" [/data/tools/Xilinx/Vivado/2020.1/common/technology/autopilot/hls_cordic_apfixed.h:103]   --->   Operation 12 'select' 'select_ln203_1' <Predicate = true> <Delay = 0.00> <Core = "Sel">   --->   Core 26 'Sel' <Latency = 0> <II = 1> <Delay = 0.29> <FuncUnit> <Opcode : 'select'> <InPorts = 3> <OutPorts = 1>
ST_1 : Operation 13 [1/1] (0.00ns) (grouped into LUT with out node select_ln101_3)   --->   "%select_ln203_2 = select i1 %tmp, i13 -731, i13 2487" [/data/tools/Xilinx/Vivado/2020.1/common/technology/autopilot/hls_cordic_apfixed.h:102]   --->   Operation 13 'select' 'select_ln203_2' <Predicate = true> <Delay = 0.00> <Core = "Sel">   --->   Core 26 'Sel' <Latency = 0> <II = 1> <Delay = 0.29> <FuncUnit> <Opcode : 'select'> <InPorts = 3> <OutPorts = 1>
ST_1 : Operation 14 [1/1] (0.00ns) (grouped into LUT with out node select_ln101_2)   --->   "%select_ln203_3 = select i1 %tmp, i14 -2487, i14 7461" [/data/tools/Xilinx/Vivado/2020.1/common/technology/autopilot/hls_cordic_apfixed.h:103]   --->   Operation 14 'select' 'select_ln203_3' <Predicate = true> <Delay = 0.00> <Core = "Sel">   --->   Core 26 'Sel' <Latency = 0> <II = 1> <Delay = 0.29> <FuncUnit> <Opcode : 'select'> <InPorts = 3> <OutPorts = 1>
ST_1 : Operation 15 [1/1] (0.00ns)   --->   "%tmp_2 = call i1 @_ssdm_op_BitSelect.i1.i16.i32(i16 %add_ln101, i32 15)" [/data/tools/Xilinx/Vivado/2020.1/common/technology/autopilot/hls_cordic_apfixed.h:101]   --->   Operation 15 'bitselect' 'tmp_2' <Predicate = true> <Delay = 0.00>
ST_1 : Operation 16 [1/1] (0.34ns)   --->   "%select_ln101_1 = select i1 %tmp_2, i16 7596, i16 0" [/data/tools/Xilinx/Vivado/2020.1/common/technology/autopilot/hls_cordic_apfixed.h:101]   --->   Operation 16 'select' 'select_ln101_1' <Predicate = true> <Delay = 0.34> <Core = "Sel">   --->   Core 26 'Sel' <Latency = 0> <II = 1> <Delay = 0.29> <FuncUnit> <Opcode : 'select'> <InPorts = 3> <OutPorts = 1>
ST_1 : Operation 17 [1/1] (0.00ns) (grouped into TernaryAdder)   --->   "%add_ln101_1 = add i16 -3798, %add_ln101" [/data/tools/Xilinx/Vivado/2020.1/common/technology/autopilot/hls_cordic_apfixed.h:101]   --->   Operation 17 'add' 'add_ln101_1' <Predicate = true> <Delay = 0.00> <Core = "TAddSub">   --->   Core 83 'TAddSub' <Latency = 0> <II = 1> <Delay = 0.33> <IPBlock> <Opcode : 'add' 'sub'> <InPorts = 3> <OutPorts = 1> <Sync> <CReg>
ST_1 : Operation 18 [1/1] (0.67ns) (root node of TernaryAdder)   --->   "%add_ln101_2 = add i16 %select_ln101_1, %add_ln101_1" [/data/tools/Xilinx/Vivado/2020.1/common/technology/autopilot/hls_cordic_apfixed.h:101]   --->   Operation 18 'add' 'add_ln101_2' <Predicate = true> <Delay = 0.67> <Core = "TAddSub">   --->   Core 83 'TAddSub' <Latency = 0> <II = 1> <Delay = 0.33> <IPBlock> <Opcode : 'add' 'sub'> <InPorts = 3> <OutPorts = 1> <Sync> <CReg>
ST_1 : Operation 19 [1/1] (0.34ns) (out node of the LUT)   --->   "%select_ln101_2 = select i1 %tmp_1, i14 %select_ln203_1, i14 %select_ln203_3" [/data/tools/Xilinx/Vivado/2020.1/common/technology/autopilot/hls_cordic_apfixed.h:101]   --->   Operation 19 'select' 'select_ln101_2' <Predicate = true> <Delay = 0.34> <Core = "Sel">   --->   Core 26 'Sel' <Latency = 0> <II = 1> <Delay = 0.29> <FuncUnit> <Opcode : 'select'> <InPorts = 3> <OutPorts = 1>
ST_1 : Operation 20 [1/1] (0.00ns)   --->   "%sext_ln101 = sext i14 %select_ln101_2 to i15" [/data/tools/Xilinx/Vivado/2020.1/common/technology/autopilot/hls_cordic_apfixed.h:101]   --->   Operation 20 'sext' 'sext_ln101' <Predicate = true> <Delay = 0.00>
ST_1 : Operation 21 [1/1] (0.32ns) (out node of the LUT)   --->   "%select_ln101_3 = select i1 %tmp_1, i13 %select_ln203, i13 %select_ln203_2" [/data/tools/Xilinx/Vivado/2020.1/common/technology/autopilot/hls_cordic_apfixed.h:101]   --->   Operation 21 'select' 'select_ln101_3' <Predicate = true> <Delay = 0.32> <Core = "Sel">   --->   Core 26 'Sel' <Latency = 0> <II = 1> <Delay = 0.29> <FuncUnit> <Opcode : 'select'> <InPorts = 3> <OutPorts = 1>
ST_1 : Operation 22 [1/1] (0.00ns)   --->   "%zext_ln1333_2 = zext i13 %select_ln101_3 to i14" [/data/tools/Xilinx/Vivado/2020.1/common/technology/autopilot/hls_cordic_apfixed.h:97]   --->   Operation 22 'zext' 'zext_ln1333_2' <Predicate = true> <Delay = 0.00>
ST_1 : Operation 23 [1/1] (0.00ns)   --->   "%lshr_ln = call i11 @_ssdm_op_PartSelect.i11.i13.i32.i32(i13 %select_ln101_3, i32 2, i32 12)" [/data/tools/Xilinx/Vivado/2020.1/common/technology/autopilot/hls_cordic_apfixed.h:97]   --->   Operation 23 'partselect' 'lshr_ln' <Predicate = true> <Delay = 0.00>
ST_1 : Operation 24 [1/1] (0.00ns)   --->   "%zext_ln1333 = zext i11 %lshr_ln to i15" [/data/tools/Xilinx/Vivado/2020.1/common/technology/autopilot/hls_cordic_apfixed.h:98]   --->   Operation 24 'zext' 'zext_ln1333' <Predicate = true> <Delay = 0.00>
ST_1 : Operation 25 [1/1] (0.00ns)   --->   "%tmp_3 = call i12 @_ssdm_op_PartSelect.i12.i14.i32.i32(i14 %select_ln101_2, i32 2, i32 13)" [/data/tools/Xilinx/Vivado/2020.1/common/technology/autopilot/hls_cordic_apfixed.h:101]   --->   Operation 25 'partselect' 'tmp_3' <Predicate = true> <Delay = 0.00>
ST_1 : Operation 26 [1/1] (0.00ns)   --->   "%sext_ln101_1 = sext i12 %tmp_3 to i14" [/data/tools/Xilinx/Vivado/2020.1/common/technology/autopilot/hls_cordic_apfixed.h:101]   --->   Operation 26 'sext' 'sext_ln101_1' <Predicate = true> <Delay = 0.00>
ST_1 : Operation 27 [1/1] (0.00ns)   --->   "%tmp_4 = call i1 @_ssdm_op_BitSelect.i1.i16.i32(i16 %add_ln101_2, i32 15)" [/data/tools/Xilinx/Vivado/2020.1/common/technology/autopilot/hls_cordic_apfixed.h:101]   --->   Operation 27 'bitselect' 'tmp_4' <Predicate = true> <Delay = 0.00>
ST_1 : Operation 28 [1/1] (0.75ns)   --->   "%add_ln203 = add i14 %sext_ln101_1, %zext_ln1333_2" [/data/tools/Xilinx/Vivado/2020.1/common/technology/autopilot/hls_cordic_apfixed.h:102]   --->   Operation 28 'add' 'add_ln203' <Predicate = true> <Delay = 0.75> <Core = "AddSub">   --->   Core 14 'AddSub' <Latency = 0> <II = 1> <Delay = 0.78> <FuncUnit> <Opcode : 'add' 'sub'> <InPorts = 2> <OutPorts = 1>
ST_1 : Operation 29 [1/1] (0.76ns)   --->   "%sub_ln203 = sub i15 %sext_ln101, %zext_ln1333" [/data/tools/Xilinx/Vivado/2020.1/common/technology/autopilot/hls_cordic_apfixed.h:103]   --->   Operation 29 'sub' 'sub_ln203' <Predicate = true> <Delay = 0.76> <Core = "AddSub">   --->   Core 14 'AddSub' <Latency = 0> <II = 1> <Delay = 0.78> <FuncUnit> <Opcode : 'add' 'sub'> <InPorts = 2> <OutPorts = 1>
ST_1 : Operation 30 [1/1] (0.75ns)   --->   "%sub_ln203_1 = sub i14 %zext_ln1333_2, %sext_ln101_1" [/data/tools/Xilinx/Vivado/2020.1/common/technology/autopilot/hls_cordic_apfixed.h:102]   --->   Operation 30 'sub' 'sub_ln203_1' <Predicate = true> <Delay = 0.75> <Core = "AddSub">   --->   Core 14 'AddSub' <Latency = 0> <II = 1> <Delay = 0.78> <FuncUnit> <Opcode : 'add' 'sub'> <InPorts = 2> <OutPorts = 1>
ST_1 : Operation 31 [1/1] (0.76ns)   --->   "%add_ln203_1 = add i15 %zext_ln1333, %sext_ln101" [/data/tools/Xilinx/Vivado/2020.1/common/technology/autopilot/hls_cordic_apfixed.h:103]   --->   Operation 31 'add' 'add_ln203_1' <Predicate = true> <Delay = 0.76> <Core = "AddSub">   --->   Core 14 'AddSub' <Latency = 0> <II = 1> <Delay = 0.78> <FuncUnit> <Opcode : 'add' 'sub'> <InPorts = 2> <OutPorts = 1>
ST_1 : Operation 32 [1/1] (0.00ns)   --->   "%tmp_5 = call i1 @_ssdm_op_BitSelect.i1.i16.i32(i16 %add_ln101_2, i32 15)" [/data/tools/Xilinx/Vivado/2020.1/common/technology/autopilot/hls_cordic_apfixed.h:101]   --->   Operation 32 'bitselect' 'tmp_5' <Predicate = true> <Delay = 0.00>
ST_1 : Operation 33 [1/1] (0.32ns)   --->   "%select_ln101_4 = select i1 %tmp_5, i16 4012, i16 0" [/data/tools/Xilinx/Vivado/2020.1/common/technology/autopilot/hls_cordic_apfixed.h:101]   --->   Operation 33 'select' 'select_ln101_4' <Predicate = true> <Delay = 0.32> <Core = "Sel">   --->   Core 26 'Sel' <Latency = 0> <II = 1> <Delay = 0.29> <FuncUnit> <Opcode : 'select'> <InPorts = 3> <OutPorts = 1>
ST_1 : Operation 34 [1/1] (0.00ns) (grouped into TernaryAdder)   --->   "%add_ln101_3 = add i16 -2006, %add_ln101_2" [/data/tools/Xilinx/Vivado/2020.1/common/technology/autopilot/hls_cordic_apfixed.h:101]   --->   Operation 34 'add' 'add_ln101_3' <Predicate = true> <Delay = 0.00> <Core = "TAddSub">   --->   Core 83 'TAddSub' <Latency = 0> <II = 1> <Delay = 0.33> <IPBlock> <Opcode : 'add' 'sub'> <InPorts = 3> <OutPorts = 1> <Sync> <CReg>
ST_1 : Operation 35 [1/1] (0.67ns) (root node of TernaryAdder)   --->   "%add_ln101_4 = add i16 %select_ln101_4, %add_ln101_3" [/data/tools/Xilinx/Vivado/2020.1/common/technology/autopilot/hls_cordic_apfixed.h:101]   --->   Operation 35 'add' 'add_ln101_4' <Predicate = true> <Delay = 0.67> <Core = "TAddSub">   --->   Core 83 'TAddSub' <Latency = 0> <II = 1> <Delay = 0.33> <IPBlock> <Opcode : 'add' 'sub'> <InPorts = 3> <OutPorts = 1> <Sync> <CReg>
ST_1 : Operation 36 [1/1] (0.29ns)   --->   "%select_ln101_5 = select i1 %tmp_4, i15 %sub_ln203, i15 %add_ln203_1" [/data/tools/Xilinx/Vivado/2020.1/common/technology/autopilot/hls_cordic_apfixed.h:101]   --->   Operation 36 'select' 'select_ln101_5' <Predicate = true> <Delay = 0.29> <Core = "Sel">   --->   Core 26 'Sel' <Latency = 0> <II = 1> <Delay = 0.29> <FuncUnit> <Opcode : 'select'> <InPorts = 3> <OutPorts = 1>
ST_1 : Operation 37 [1/1] (0.34ns)   --->   "%select_ln101_6 = select i1 %tmp_4, i14 %add_ln203, i14 %sub_ln203_1" [/data/tools/Xilinx/Vivado/2020.1/common/technology/autopilot/hls_cordic_apfixed.h:101]   --->   Operation 37 'select' 'select_ln101_6' <Predicate = true> <Delay = 0.34> <Core = "Sel">   --->   Core 26 'Sel' <Latency = 0> <II = 1> <Delay = 0.29> <FuncUnit> <Opcode : 'select'> <InPorts = 3> <OutPorts = 1>
ST_1 : Operation 38 [1/1] (0.00ns)   --->   "%zext_ln101 = zext i14 %select_ln101_6 to i15" [/data/tools/Xilinx/Vivado/2020.1/common/technology/autopilot/hls_cordic_apfixed.h:101]   --->   Operation 38 'zext' 'zext_ln101' <Predicate = true> <Delay = 0.00>
ST_1 : Operation 39 [1/1] (0.00ns)   --->   "%tmp_6 = call i11 @_ssdm_op_PartSelect.i11.i14.i32.i32(i14 %select_ln101_6, i32 3, i32 13)" [/data/tools/Xilinx/Vivado/2020.1/common/technology/autopilot/hls_cordic_apfixed.h:97]   --->   Operation 39 'partselect' 'tmp_6' <Predicate = true> <Delay = 0.00>
ST_1 : Operation 40 [1/1] (0.00ns)   --->   "%zext_ln1333_1 = zext i11 %tmp_6 to i15" [/data/tools/Xilinx/Vivado/2020.1/common/technology/autopilot/hls_cordic_apfixed.h:98]   --->   Operation 40 'zext' 'zext_ln1333_1' <Predicate = true> <Delay = 0.00>
ST_1 : Operation 41 [1/1] (0.00ns)   --->   "%tmp_7 = call i12 @_ssdm_op_PartSelect.i12.i15.i32.i32(i15 %select_ln101_5, i32 3, i32 14)" [/data/tools/Xilinx/Vivado/2020.1/common/technology/autopilot/hls_cordic_apfixed.h:101]   --->   Operation 41 'partselect' 'tmp_7' <Predicate = true> <Delay = 0.00>
ST_1 : Operation 42 [1/1] (0.00ns)   --->   "%sext_ln101_3 = sext i12 %tmp_7 to i15" [/data/tools/Xilinx/Vivado/2020.1/common/technology/autopilot/hls_cordic_apfixed.h:101]   --->   Operation 42 'sext' 'sext_ln101_3' <Predicate = true> <Delay = 0.00>
ST_1 : Operation 43 [1/1] (0.00ns)   --->   "%tmp_8 = call i1 @_ssdm_op_BitSelect.i1.i16.i32(i16 %add_ln101_4, i32 15)" [/data/tools/Xilinx/Vivado/2020.1/common/technology/autopilot/hls_cordic_apfixed.h:101]   --->   Operation 43 'bitselect' 'tmp_8' <Predicate = true> <Delay = 0.00>
ST_1 : Operation 44 [1/1] (0.76ns)   --->   "%add_ln203_2 = add i15 %sext_ln101_3, %zext_ln101" [/data/tools/Xilinx/Vivado/2020.1/common/technology/autopilot/hls_cordic_apfixed.h:102]   --->   Operation 44 'add' 'add_ln203_2' <Predicate = true> <Delay = 0.76> <Core = "AddSub">   --->   Core 14 'AddSub' <Latency = 0> <II = 1> <Delay = 0.78> <FuncUnit> <Opcode : 'add' 'sub'> <InPorts = 2> <OutPorts = 1>
ST_1 : Operation 45 [1/1] (0.77ns)   --->   "%sub_ln203_2 = sub i15 %select_ln101_5, %zext_ln1333_1" [/data/tools/Xilinx/Vivado/2020.1/common/technology/autopilot/hls_cordic_apfixed.h:103]   --->   Operation 45 'sub' 'sub_ln203_2' <Predicate = true> <Delay = 0.77> <Core = "AddSub">   --->   Core 14 'AddSub' <Latency = 0> <II = 1> <Delay = 0.78> <FuncUnit> <Opcode : 'add' 'sub'> <InPorts = 2> <OutPorts = 1>
ST_1 : Operation 46 [1/1] (0.76ns)   --->   "%sub_ln203_3 = sub i15 %zext_ln101, %sext_ln101_3" [/data/tools/Xilinx/Vivado/2020.1/common/technology/autopilot/hls_cordic_apfixed.h:102]   --->   Operation 46 'sub' 'sub_ln203_3' <Predicate = true> <Delay = 0.76> <Core = "AddSub">   --->   Core 14 'AddSub' <Latency = 0> <II = 1> <Delay = 0.78> <FuncUnit> <Opcode : 'add' 'sub'> <InPorts = 2> <OutPorts = 1>
ST_1 : Operation 47 [1/1] (0.77ns)   --->   "%add_ln203_3 = add i15 %zext_ln1333_1, %select_ln101_5" [/data/tools/Xilinx/Vivado/2020.1/common/technology/autopilot/hls_cordic_apfixed.h:103]   --->   Operation 47 'add' 'add_ln203_3' <Predicate = true> <Delay = 0.77> <Core = "AddSub">   --->   Core 14 'AddSub' <Latency = 0> <II = 1> <Delay = 0.78> <FuncUnit> <Opcode : 'add' 'sub'> <InPorts = 2> <OutPorts = 1>
ST_1 : Operation 48 [1/1] (0.00ns)   --->   "%tmp_9 = call i1 @_ssdm_op_BitSelect.i1.i16.i32(i16 %add_ln101_4, i32 15)" [/data/tools/Xilinx/Vivado/2020.1/common/technology/autopilot/hls_cordic_apfixed.h:101]   --->   Operation 48 'bitselect' 'tmp_9' <Predicate = true> <Delay = 0.00>
ST_1 : Operation 49 [1/1] (0.29ns)   --->   "%select_ln101_7 = select i1 %tmp_9, i16 2036, i16 0" [/data/tools/Xilinx/Vivado/2020.1/common/technology/autopilot/hls_cordic_apfixed.h:101]   --->   Operation 49 'select' 'select_ln101_7' <Predicate = true> <Delay = 0.29> <Core = "Sel">   --->   Core 26 'Sel' <Latency = 0> <II = 1> <Delay = 0.29> <FuncUnit> <Opcode : 'select'> <InPorts = 3> <OutPorts = 1>
ST_1 : Operation 50 [1/1] (0.00ns) (grouped into TernaryAdder)   --->   "%add_ln101_5 = add i16 -1018, %add_ln101_4" [/data/tools/Xilinx/Vivado/2020.1/common/technology/autopilot/hls_cordic_apfixed.h:101]   --->   Operation 50 'add' 'add_ln101_5' <Predicate = true> <Delay = 0.00> <Core = "TAddSub">   --->   Core 83 'TAddSub' <Latency = 0> <II = 1> <Delay = 0.33> <IPBlock> <Opcode : 'add' 'sub'> <InPorts = 3> <OutPorts = 1> <Sync> <CReg>
ST_1 : Operation 51 [1/1] (0.67ns) (root node of TernaryAdder)   --->   "%add_ln101_6 = add i16 %select_ln101_7, %add_ln101_5" [/data/tools/Xilinx/Vivado/2020.1/common/technology/autopilot/hls_cordic_apfixed.h:101]   --->   Operation 51 'add' 'add_ln101_6' <Predicate = true> <Delay = 0.67> <Core = "TAddSub">   --->   Core 83 'TAddSub' <Latency = 0> <II = 1> <Delay = 0.33> <IPBlock> <Opcode : 'add' 'sub'> <InPorts = 3> <OutPorts = 1> <Sync> <CReg>
ST_1 : Operation 52 [1/1] (0.29ns)   --->   "%select_ln101_8 = select i1 %tmp_8, i15 %sub_ln203_2, i15 %add_ln203_3" [/data/tools/Xilinx/Vivado/2020.1/common/technology/autopilot/hls_cordic_apfixed.h:101]   --->   Operation 52 'select' 'select_ln101_8' <Predicate = true> <Delay = 0.29> <Core = "Sel">   --->   Core 26 'Sel' <Latency = 0> <II = 1> <Delay = 0.29> <FuncUnit> <Opcode : 'select'> <InPorts = 3> <OutPorts = 1>
ST_1 : Operation 53 [1/1] (0.29ns)   --->   "%select_ln101_9 = select i1 %tmp_8, i15 %add_ln203_2, i15 %sub_ln203_3" [/data/tools/Xilinx/Vivado/2020.1/common/technology/autopilot/hls_cordic_apfixed.h:101]   --->   Operation 53 'select' 'select_ln101_9' <Predicate = true> <Delay = 0.29> <Core = "Sel">   --->   Core 26 'Sel' <Latency = 0> <II = 1> <Delay = 0.29> <FuncUnit> <Opcode : 'select'> <InPorts = 3> <OutPorts = 1>
ST_1 : Operation 54 [1/1] (0.00ns)   --->   "%tmp_10 = call i11 @_ssdm_op_PartSelect.i11.i15.i32.i32(i15 %select_ln101_9, i32 4, i32 14)" [/data/tools/Xilinx/Vivado/2020.1/common/technology/autopilot/hls_cordic_apfixed.h:97]   --->   Operation 54 'partselect' 'tmp_10' <Predicate = true> <Delay = 0.00>
ST_1 : Operation 55 [1/1] (0.00ns)   --->   "%sext_ln1333 = sext i11 %tmp_10 to i15" [/data/tools/Xilinx/Vivado/2020.1/common/technology/autopilot/hls_cordic_apfixed.h:98]   --->   Operation 55 'sext' 'sext_ln1333' <Predicate = true> <Delay = 0.00>
ST_1 : Operation 56 [1/1] (0.00ns)   --->   "%tmp_11 = call i11 @_ssdm_op_PartSelect.i11.i15.i32.i32(i15 %select_ln101_8, i32 4, i32 14)" [/data/tools/Xilinx/Vivado/2020.1/common/technology/autopilot/hls_cordic_apfixed.h:101]   --->   Operation 56 'partselect' 'tmp_11' <Predicate = true> <Delay = 0.00>
ST_1 : Operation 57 [1/1] (0.00ns)   --->   "%sext_ln101_4 = sext i11 %tmp_11 to i15" [/data/tools/Xilinx/Vivado/2020.1/common/technology/autopilot/hls_cordic_apfixed.h:101]   --->   Operation 57 'sext' 'sext_ln101_4' <Predicate = true> <Delay = 0.00>
ST_1 : Operation 58 [1/1] (0.00ns)   --->   "%tmp_12 = call i1 @_ssdm_op_BitSelect.i1.i16.i32(i16 %add_ln101_6, i32 15)" [/data/tools/Xilinx/Vivado/2020.1/common/technology/autopilot/hls_cordic_apfixed.h:101]   --->   Operation 58 'bitselect' 'tmp_12' <Predicate = true> <Delay = 0.00>
ST_1 : Operation 59 [1/1] (0.77ns)   --->   "%add_ln203_4 = add i15 %sext_ln101_4, %select_ln101_9" [/data/tools/Xilinx/Vivado/2020.1/common/technology/autopilot/hls_cordic_apfixed.h:102]   --->   Operation 59 'add' 'add_ln203_4' <Predicate = true> <Delay = 0.77> <Core = "AddSub">   --->   Core 14 'AddSub' <Latency = 0> <II = 1> <Delay = 0.78> <FuncUnit> <Opcode : 'add' 'sub'> <InPorts = 2> <OutPorts = 1>
ST_1 : Operation 60 [1/1] (0.77ns)   --->   "%sub_ln203_4 = sub i15 %select_ln101_8, %sext_ln1333" [/data/tools/Xilinx/Vivado/2020.1/common/technology/autopilot/hls_cordic_apfixed.h:103]   --->   Operation 60 'sub' 'sub_ln203_4' <Predicate = true> <Delay = 0.77> <Core = "AddSub">   --->   Core 14 'AddSub' <Latency = 0> <II = 1> <Delay = 0.78> <FuncUnit> <Opcode : 'add' 'sub'> <InPorts = 2> <OutPorts = 1>
ST_1 : Operation 61 [1/1] (0.77ns)   --->   "%sub_ln203_15 = sub i15 %select_ln101_9, %sext_ln101_4" [/data/tools/Xilinx/Vivado/2020.1/common/technology/autopilot/hls_cordic_apfixed.h:102]   --->   Operation 61 'sub' 'sub_ln203_15' <Predicate = true> <Delay = 0.77> <Core = "AddSub">   --->   Core 14 'AddSub' <Latency = 0> <II = 1> <Delay = 0.78> <FuncUnit> <Opcode : 'add' 'sub'> <InPorts = 2> <OutPorts = 1>
ST_1 : Operation 62 [1/1] (0.77ns)   --->   "%add_ln203_14 = add i15 %sext_ln1333, %select_ln101_8" [/data/tools/Xilinx/Vivado/2020.1/common/technology/autopilot/hls_cordic_apfixed.h:103]   --->   Operation 62 'add' 'add_ln203_14' <Predicate = true> <Delay = 0.77> <Core = "AddSub">   --->   Core 14 'AddSub' <Latency = 0> <II = 1> <Delay = 0.78> <FuncUnit> <Opcode : 'add' 'sub'> <InPorts = 2> <OutPorts = 1>
ST_1 : Operation 63 [1/1] (0.00ns)   --->   "%tmp_13 = call i1 @_ssdm_op_BitSelect.i1.i16.i32(i16 %add_ln101_6, i32 15)" [/data/tools/Xilinx/Vivado/2020.1/common/technology/autopilot/hls_cordic_apfixed.h:101]   --->   Operation 63 'bitselect' 'tmp_13' <Predicate = true> <Delay = 0.00>
ST_1 : Operation 64 [1/1] (0.30ns)   --->   "%select_ln101_10 = select i1 %tmp_13, i16 1022, i16 0" [/data/tools/Xilinx/Vivado/2020.1/common/technology/autopilot/hls_cordic_apfixed.h:101]   --->   Operation 64 'select' 'select_ln101_10' <Predicate = true> <Delay = 0.30> <Core = "Sel">   --->   Core 26 'Sel' <Latency = 0> <II = 1> <Delay = 0.29> <FuncUnit> <Opcode : 'select'> <InPorts = 3> <OutPorts = 1>
ST_1 : Operation 65 [1/1] (0.29ns)   --->   "%select_ln101_11 = select i1 %tmp_12, i15 %sub_ln203_4, i15 %add_ln203_14" [/data/tools/Xilinx/Vivado/2020.1/common/technology/autopilot/hls_cordic_apfixed.h:101]   --->   Operation 65 'select' 'select_ln101_11' <Predicate = true> <Delay = 0.29> <Core = "Sel">   --->   Core 26 'Sel' <Latency = 0> <II = 1> <Delay = 0.29> <FuncUnit> <Opcode : 'select'> <InPorts = 3> <OutPorts = 1>
ST_1 : Operation 66 [1/1] (0.29ns)   --->   "%select_ln101_12 = select i1 %tmp_12, i15 %add_ln203_4, i15 %sub_ln203_15" [/data/tools/Xilinx/Vivado/2020.1/common/technology/autopilot/hls_cordic_apfixed.h:101]   --->   Operation 66 'select' 'select_ln101_12' <Predicate = true> <Delay = 0.29> <Core = "Sel">   --->   Core 26 'Sel' <Latency = 0> <II = 1> <Delay = 0.29> <FuncUnit> <Opcode : 'select'> <InPorts = 3> <OutPorts = 1>
ST_1 : Operation 67 [1/1] (0.00ns)   --->   "%tmp_14 = call i10 @_ssdm_op_PartSelect.i10.i15.i32.i32(i15 %select_ln101_12, i32 5, i32 14)" [/data/tools/Xilinx/Vivado/2020.1/common/technology/autopilot/hls_cordic_apfixed.h:97]   --->   Operation 67 'partselect' 'tmp_14' <Predicate = true> <Delay = 0.00>
ST_1 : Operation 68 [1/1] (0.00ns)   --->   "%tmp_15 = call i10 @_ssdm_op_PartSelect.i10.i15.i32.i32(i15 %select_ln101_11, i32 5, i32 14)" [/data/tools/Xilinx/Vivado/2020.1/common/technology/autopilot/hls_cordic_apfixed.h:101]   --->   Operation 68 'partselect' 'tmp_15' <Predicate = true> <Delay = 0.00>

State 2 <SV = 1> <Delay = 4.27>
ST_2 : Operation 69 [1/1] (0.00ns) (grouped into TernaryAdder)   --->   "%add_ln101_7 = add i16 -511, %add_ln101_6" [/data/tools/Xilinx/Vivado/2020.1/common/technology/autopilot/hls_cordic_apfixed.h:101]   --->   Operation 69 'add' 'add_ln101_7' <Predicate = true> <Delay = 0.00> <Core = "TAddSub">   --->   Core 83 'TAddSub' <Latency = 0> <II = 1> <Delay = 0.33> <IPBlock> <Opcode : 'add' 'sub'> <InPorts = 3> <OutPorts = 1> <Sync> <CReg>
ST_2 : Operation 70 [1/1] (0.67ns) (root node of TernaryAdder)   --->   "%add_ln101_8 = add i16 %select_ln101_10, %add_ln101_7" [/data/tools/Xilinx/Vivado/2020.1/common/technology/autopilot/hls_cordic_apfixed.h:101]   --->   Operation 70 'add' 'add_ln101_8' <Predicate = true> <Delay = 0.67> <Core = "TAddSub">   --->   Core 83 'TAddSub' <Latency = 0> <II = 1> <Delay = 0.33> <IPBlock> <Opcode : 'add' 'sub'> <InPorts = 3> <OutPorts = 1> <Sync> <CReg>
ST_2 : Operation 71 [1/1] (0.00ns)   --->   "%sext_ln101_2 = sext i15 %select_ln101_11 to i16" [/data/tools/Xilinx/Vivado/2020.1/common/technology/autopilot/hls_cordic_apfixed.h:101]   --->   Operation 71 'sext' 'sext_ln101_2' <Predicate = true> <Delay = 0.00>
ST_2 : Operation 72 [1/1] (0.00ns)   --->   "%sext_ln1371 = sext i10 %tmp_14 to i16" [/data/tools/Xilinx/Vivado/2020.1/common/technology/autopilot/hls_cordic_apfixed.h:97]   --->   Operation 72 'sext' 'sext_ln1371' <Predicate = true> <Delay = 0.00>
ST_2 : Operation 73 [1/1] (0.00ns)   --->   "%sext_ln101_5 = sext i10 %tmp_15 to i15" [/data/tools/Xilinx/Vivado/2020.1/common/technology/autopilot/hls_cordic_apfixed.h:101]   --->   Operation 73 'sext' 'sext_ln101_5' <Predicate = true> <Delay = 0.00>
ST_2 : Operation 74 [1/1] (0.00ns)   --->   "%tmp_16 = call i1 @_ssdm_op_BitSelect.i1.i16.i32(i16 %add_ln101_8, i32 15)" [/data/tools/Xilinx/Vivado/2020.1/common/technology/autopilot/hls_cordic_apfixed.h:101]   --->   Operation 74 'bitselect' 'tmp_16' <Predicate = true> <Delay = 0.00>
ST_2 : Operation 75 [1/1] (0.77ns)   --->   "%add_ln203_5 = add i15 %sext_ln101_5, %select_ln101_12" [/data/tools/Xilinx/Vivado/2020.1/common/technology/autopilot/hls_cordic_apfixed.h:102]   --->   Operation 75 'add' 'add_ln203_5' <Predicate = true> <Delay = 0.77> <Core = "AddSub">   --->   Core 14 'AddSub' <Latency = 0> <II = 1> <Delay = 0.78> <FuncUnit> <Opcode : 'add' 'sub'> <InPorts = 2> <OutPorts = 1>
ST_2 : Operation 76 [1/1] (0.77ns)   --->   "%sub_ln203_5 = sub i16 %sext_ln101_2, %sext_ln1371" [/data/tools/Xilinx/Vivado/2020.1/common/technology/autopilot/hls_cordic_apfixed.h:103]   --->   Operation 76 'sub' 'sub_ln203_5' <Predicate = true> <Delay = 0.77> <Core = "AddSub">   --->   Core 14 'AddSub' <Latency = 0> <II = 1> <Delay = 0.78> <FuncUnit> <Opcode : 'add' 'sub'> <InPorts = 2> <OutPorts = 1>
ST_2 : Operation 77 [1/1] (0.77ns)   --->   "%sub_ln203_16 = sub i15 %select_ln101_12, %sext_ln101_5" [/data/tools/Xilinx/Vivado/2020.1/common/technology/autopilot/hls_cordic_apfixed.h:102]   --->   Operation 77 'sub' 'sub_ln203_16' <Predicate = true> <Delay = 0.77> <Core = "AddSub">   --->   Core 14 'AddSub' <Latency = 0> <II = 1> <Delay = 0.78> <FuncUnit> <Opcode : 'add' 'sub'> <InPorts = 2> <OutPorts = 1>
ST_2 : Operation 78 [1/1] (0.77ns)   --->   "%add_ln203_16 = add i16 %sext_ln1371, %sext_ln101_2" [/data/tools/Xilinx/Vivado/2020.1/common/technology/autopilot/hls_cordic_apfixed.h:103]   --->   Operation 78 'add' 'add_ln203_16' <Predicate = true> <Delay = 0.77> <Core = "AddSub">   --->   Core 14 'AddSub' <Latency = 0> <II = 1> <Delay = 0.78> <FuncUnit> <Opcode : 'add' 'sub'> <InPorts = 2> <OutPorts = 1>
ST_2 : Operation 79 [1/1] (0.00ns)   --->   "%tmp_17 = call i1 @_ssdm_op_BitSelect.i1.i16.i32(i16 %add_ln101_8, i32 15)" [/data/tools/Xilinx/Vivado/2020.1/common/technology/autopilot/hls_cordic_apfixed.h:101]   --->   Operation 79 'bitselect' 'tmp_17' <Predicate = true> <Delay = 0.00>
ST_2 : Operation 80 [1/1] (0.30ns)   --->   "%select_ln101_13 = select i1 %tmp_17, i16 510, i16 0" [/data/tools/Xilinx/Vivado/2020.1/common/technology/autopilot/hls_cordic_apfixed.h:101]   --->   Operation 80 'select' 'select_ln101_13' <Predicate = true> <Delay = 0.30> <Core = "Sel">   --->   Core 26 'Sel' <Latency = 0> <II = 1> <Delay = 0.29> <FuncUnit> <Opcode : 'select'> <InPorts = 3> <OutPorts = 1>
ST_2 : Operation 81 [1/1] (0.00ns) (grouped into TernaryAdder)   --->   "%add_ln101_9 = add i16 -255, %add_ln101_8" [/data/tools/Xilinx/Vivado/2020.1/common/technology/autopilot/hls_cordic_apfixed.h:101]   --->   Operation 81 'add' 'add_ln101_9' <Predicate = true> <Delay = 0.00> <Core = "TAddSub">   --->   Core 83 'TAddSub' <Latency = 0> <II = 1> <Delay = 0.33> <IPBlock> <Opcode : 'add' 'sub'> <InPorts = 3> <OutPorts = 1> <Sync> <CReg>
ST_2 : Operation 82 [1/1] (0.67ns) (root node of TernaryAdder)   --->   "%add_ln101_10 = add i16 %select_ln101_13, %add_ln101_9" [/data/tools/Xilinx/Vivado/2020.1/common/technology/autopilot/hls_cordic_apfixed.h:101]   --->   Operation 82 'add' 'add_ln101_10' <Predicate = true> <Delay = 0.67> <Core = "TAddSub">   --->   Core 83 'TAddSub' <Latency = 0> <II = 1> <Delay = 0.33> <IPBlock> <Opcode : 'add' 'sub'> <InPorts = 3> <OutPorts = 1> <Sync> <CReg>
ST_2 : Operation 83 [1/1] (0.24ns)   --->   "%select_ln101_14 = select i1 %tmp_16, i16 %sub_ln203_5, i16 %add_ln203_16" [/data/tools/Xilinx/Vivado/2020.1/common/technology/autopilot/hls_cordic_apfixed.h:101]   --->   Operation 83 'select' 'select_ln101_14' <Predicate = true> <Delay = 0.24> <Core = "Sel">   --->   Core 26 'Sel' <Latency = 0> <II = 1> <Delay = 0.29> <FuncUnit> <Opcode : 'select'> <InPorts = 3> <OutPorts = 1>
ST_2 : Operation 84 [1/1] (0.29ns)   --->   "%select_ln101_15 = select i1 %tmp_16, i15 %add_ln203_5, i15 %sub_ln203_16" [/data/tools/Xilinx/Vivado/2020.1/common/technology/autopilot/hls_cordic_apfixed.h:101]   --->   Operation 84 'select' 'select_ln101_15' <Predicate = true> <Delay = 0.29> <Core = "Sel">   --->   Core 26 'Sel' <Latency = 0> <II = 1> <Delay = 0.29> <FuncUnit> <Opcode : 'select'> <InPorts = 3> <OutPorts = 1>
ST_2 : Operation 85 [1/1] (0.00ns)   --->   "%tmp_18 = call i9 @_ssdm_op_PartSelect.i9.i15.i32.i32(i15 %select_ln101_15, i32 6, i32 14)" [/data/tools/Xilinx/Vivado/2020.1/common/technology/autopilot/hls_cordic_apfixed.h:97]   --->   Operation 85 'partselect' 'tmp_18' <Predicate = true> <Delay = 0.00>
ST_2 : Operation 86 [1/1] (0.00ns)   --->   "%sext_ln1371_1 = sext i9 %tmp_18 to i16" [/data/tools/Xilinx/Vivado/2020.1/common/technology/autopilot/hls_cordic_apfixed.h:97]   --->   Operation 86 'sext' 'sext_ln1371_1' <Predicate = true> <Delay = 0.00>
ST_2 : Operation 87 [1/1] (0.00ns)   --->   "%tmp_19 = call i10 @_ssdm_op_PartSelect.i10.i16.i32.i32(i16 %select_ln101_14, i32 6, i32 15)" [/data/tools/Xilinx/Vivado/2020.1/common/technology/autopilot/hls_cordic_apfixed.h:101]   --->   Operation 87 'partselect' 'tmp_19' <Predicate = true> <Delay = 0.00>
ST_2 : Operation 88 [1/1] (0.00ns)   --->   "%sext_ln101_6 = sext i10 %tmp_19 to i15" [/data/tools/Xilinx/Vivado/2020.1/common/technology/autopilot/hls_cordic_apfixed.h:101]   --->   Operation 88 'sext' 'sext_ln101_6' <Predicate = true> <Delay = 0.00>
ST_2 : Operation 89 [1/1] (0.00ns)   --->   "%tmp_20 = call i1 @_ssdm_op_BitSelect.i1.i16.i32(i16 %add_ln101_10, i32 15)" [/data/tools/Xilinx/Vivado/2020.1/common/technology/autopilot/hls_cordic_apfixed.h:101]   --->   Operation 89 'bitselect' 'tmp_20' <Predicate = true> <Delay = 0.00>
ST_2 : Operation 90 [1/1] (0.77ns)   --->   "%add_ln203_6 = add i15 %sext_ln101_6, %select_ln101_15" [/data/tools/Xilinx/Vivado/2020.1/common/technology/autopilot/hls_cordic_apfixed.h:102]   --->   Operation 90 'add' 'add_ln203_6' <Predicate = true> <Delay = 0.77> <Core = "AddSub">   --->   Core 14 'AddSub' <Latency = 0> <II = 1> <Delay = 0.78> <FuncUnit> <Opcode : 'add' 'sub'> <InPorts = 2> <OutPorts = 1>
ST_2 : Operation 91 [1/1] (0.78ns)   --->   "%sub_ln203_6 = sub i16 %select_ln101_14, %sext_ln1371_1" [/data/tools/Xilinx/Vivado/2020.1/common/technology/autopilot/hls_cordic_apfixed.h:103]   --->   Operation 91 'sub' 'sub_ln203_6' <Predicate = true> <Delay = 0.78> <Core = "AddSub">   --->   Core 14 'AddSub' <Latency = 0> <II = 1> <Delay = 0.78> <FuncUnit> <Opcode : 'add' 'sub'> <InPorts = 2> <OutPorts = 1>
ST_2 : Operation 92 [1/1] (0.77ns)   --->   "%sub_ln203_17 = sub i15 %select_ln101_15, %sext_ln101_6" [/data/tools/Xilinx/Vivado/2020.1/common/technology/autopilot/hls_cordic_apfixed.h:102]   --->   Operation 92 'sub' 'sub_ln203_17' <Predicate = true> <Delay = 0.77> <Core = "AddSub">   --->   Core 14 'AddSub' <Latency = 0> <II = 1> <Delay = 0.78> <FuncUnit> <Opcode : 'add' 'sub'> <InPorts = 2> <OutPorts = 1>
ST_2 : Operation 93 [1/1] (0.78ns)   --->   "%add_ln203_17 = add i16 %sext_ln1371_1, %select_ln101_14" [/data/tools/Xilinx/Vivado/2020.1/common/technology/autopilot/hls_cordic_apfixed.h:103]   --->   Operation 93 'add' 'add_ln203_17' <Predicate = true> <Delay = 0.78> <Core = "AddSub">   --->   Core 14 'AddSub' <Latency = 0> <II = 1> <Delay = 0.78> <FuncUnit> <Opcode : 'add' 'sub'> <InPorts = 2> <OutPorts = 1>
ST_2 : Operation 94 [1/1] (0.00ns)   --->   "%tmp_21 = call i1 @_ssdm_op_BitSelect.i1.i16.i32(i16 %add_ln101_10, i32 15)" [/data/tools/Xilinx/Vivado/2020.1/common/technology/autopilot/hls_cordic_apfixed.h:101]   --->   Operation 94 'bitselect' 'tmp_21' <Predicate = true> <Delay = 0.00>
ST_2 : Operation 95 [1/1] (0.30ns)   --->   "%select_ln101_16 = select i1 %tmp_21, i16 254, i16 0" [/data/tools/Xilinx/Vivado/2020.1/common/technology/autopilot/hls_cordic_apfixed.h:101]   --->   Operation 95 'select' 'select_ln101_16' <Predicate = true> <Delay = 0.30> <Core = "Sel">   --->   Core 26 'Sel' <Latency = 0> <II = 1> <Delay = 0.29> <FuncUnit> <Opcode : 'select'> <InPorts = 3> <OutPorts = 1>
ST_2 : Operation 96 [1/1] (0.00ns) (grouped into TernaryAdder)   --->   "%add_ln101_11 = add i16 -127, %add_ln101_10" [/data/tools/Xilinx/Vivado/2020.1/common/technology/autopilot/hls_cordic_apfixed.h:101]   --->   Operation 96 'add' 'add_ln101_11' <Predicate = true> <Delay = 0.00> <Core = "TAddSub">   --->   Core 83 'TAddSub' <Latency = 0> <II = 1> <Delay = 0.33> <IPBlock> <Opcode : 'add' 'sub'> <InPorts = 3> <OutPorts = 1> <Sync> <CReg>
ST_2 : Operation 97 [1/1] (0.67ns) (root node of TernaryAdder)   --->   "%add_ln101_12 = add i16 %select_ln101_16, %add_ln101_11" [/data/tools/Xilinx/Vivado/2020.1/common/technology/autopilot/hls_cordic_apfixed.h:101]   --->   Operation 97 'add' 'add_ln101_12' <Predicate = true> <Delay = 0.67> <Core = "TAddSub">   --->   Core 83 'TAddSub' <Latency = 0> <II = 1> <Delay = 0.33> <IPBlock> <Opcode : 'add' 'sub'> <InPorts = 3> <OutPorts = 1> <Sync> <CReg>
ST_2 : Operation 98 [1/1] (0.24ns)   --->   "%select_ln101_17 = select i1 %tmp_20, i16 %sub_ln203_6, i16 %add_ln203_17" [/data/tools/Xilinx/Vivado/2020.1/common/technology/autopilot/hls_cordic_apfixed.h:101]   --->   Operation 98 'select' 'select_ln101_17' <Predicate = true> <Delay = 0.24> <Core = "Sel">   --->   Core 26 'Sel' <Latency = 0> <II = 1> <Delay = 0.29> <FuncUnit> <Opcode : 'select'> <InPorts = 3> <OutPorts = 1>
ST_2 : Operation 99 [1/1] (0.29ns)   --->   "%select_ln101_18 = select i1 %tmp_20, i15 %add_ln203_6, i15 %sub_ln203_17" [/data/tools/Xilinx/Vivado/2020.1/common/technology/autopilot/hls_cordic_apfixed.h:101]   --->   Operation 99 'select' 'select_ln101_18' <Predicate = true> <Delay = 0.29> <Core = "Sel">   --->   Core 26 'Sel' <Latency = 0> <II = 1> <Delay = 0.29> <FuncUnit> <Opcode : 'select'> <InPorts = 3> <OutPorts = 1>
ST_2 : Operation 100 [1/1] (0.00ns)   --->   "%tmp_22 = call i8 @_ssdm_op_PartSelect.i8.i15.i32.i32(i15 %select_ln101_18, i32 7, i32 14)" [/data/tools/Xilinx/Vivado/2020.1/common/technology/autopilot/hls_cordic_apfixed.h:97]   --->   Operation 100 'partselect' 'tmp_22' <Predicate = true> <Delay = 0.00>
ST_2 : Operation 101 [1/1] (0.00ns)   --->   "%sext_ln1371_2 = sext i8 %tmp_22 to i16" [/data/tools/Xilinx/Vivado/2020.1/common/technology/autopilot/hls_cordic_apfixed.h:97]   --->   Operation 101 'sext' 'sext_ln1371_2' <Predicate = true> <Delay = 0.00>
ST_2 : Operation 102 [1/1] (0.00ns)   --->   "%tmp_23 = call i9 @_ssdm_op_PartSelect.i9.i16.i32.i32(i16 %select_ln101_17, i32 7, i32 15)" [/data/tools/Xilinx/Vivado/2020.1/common/technology/autopilot/hls_cordic_apfixed.h:101]   --->   Operation 102 'partselect' 'tmp_23' <Predicate = true> <Delay = 0.00>
ST_2 : Operation 103 [1/1] (0.00ns)   --->   "%sext_ln101_7 = sext i9 %tmp_23 to i15" [/data/tools/Xilinx/Vivado/2020.1/common/technology/autopilot/hls_cordic_apfixed.h:101]   --->   Operation 103 'sext' 'sext_ln101_7' <Predicate = true> <Delay = 0.00>
ST_2 : Operation 104 [1/1] (0.00ns)   --->   "%tmp_24 = call i1 @_ssdm_op_BitSelect.i1.i16.i32(i16 %add_ln101_12, i32 15)" [/data/tools/Xilinx/Vivado/2020.1/common/technology/autopilot/hls_cordic_apfixed.h:101]   --->   Operation 104 'bitselect' 'tmp_24' <Predicate = true> <Delay = 0.00>
ST_2 : Operation 105 [1/1] (0.77ns)   --->   "%add_ln203_7 = add i15 %sext_ln101_7, %select_ln101_18" [/data/tools/Xilinx/Vivado/2020.1/common/technology/autopilot/hls_cordic_apfixed.h:102]   --->   Operation 105 'add' 'add_ln203_7' <Predicate = true> <Delay = 0.77> <Core = "AddSub">   --->   Core 14 'AddSub' <Latency = 0> <II = 1> <Delay = 0.78> <FuncUnit> <Opcode : 'add' 'sub'> <InPorts = 2> <OutPorts = 1>
ST_2 : Operation 106 [1/1] (0.78ns)   --->   "%sub_ln203_7 = sub i16 %select_ln101_17, %sext_ln1371_2" [/data/tools/Xilinx/Vivado/2020.1/common/technology/autopilot/hls_cordic_apfixed.h:103]   --->   Operation 106 'sub' 'sub_ln203_7' <Predicate = true> <Delay = 0.78> <Core = "AddSub">   --->   Core 14 'AddSub' <Latency = 0> <II = 1> <Delay = 0.78> <FuncUnit> <Opcode : 'add' 'sub'> <InPorts = 2> <OutPorts = 1>
ST_2 : Operation 107 [1/1] (0.77ns)   --->   "%sub_ln203_18 = sub i15 %select_ln101_18, %sext_ln101_7" [/data/tools/Xilinx/Vivado/2020.1/common/technology/autopilot/hls_cordic_apfixed.h:102]   --->   Operation 107 'sub' 'sub_ln203_18' <Predicate = true> <Delay = 0.77> <Core = "AddSub">   --->   Core 14 'AddSub' <Latency = 0> <II = 1> <Delay = 0.78> <FuncUnit> <Opcode : 'add' 'sub'> <InPorts = 2> <OutPorts = 1>
ST_2 : Operation 108 [1/1] (0.78ns)   --->   "%add_ln203_18 = add i16 %sext_ln1371_2, %select_ln101_17" [/data/tools/Xilinx/Vivado/2020.1/common/technology/autopilot/hls_cordic_apfixed.h:103]   --->   Operation 108 'add' 'add_ln203_18' <Predicate = true> <Delay = 0.78> <Core = "AddSub">   --->   Core 14 'AddSub' <Latency = 0> <II = 1> <Delay = 0.78> <FuncUnit> <Opcode : 'add' 'sub'> <InPorts = 2> <OutPorts = 1>
ST_2 : Operation 109 [1/1] (0.00ns)   --->   "%tmp_25 = call i1 @_ssdm_op_BitSelect.i1.i16.i32(i16 %add_ln101_12, i32 15)" [/data/tools/Xilinx/Vivado/2020.1/common/technology/autopilot/hls_cordic_apfixed.h:101]   --->   Operation 109 'bitselect' 'tmp_25' <Predicate = true> <Delay = 0.00>
ST_2 : Operation 110 [1/1] (0.30ns)   --->   "%select_ln101_19 = select i1 %tmp_25, i16 126, i16 0" [/data/tools/Xilinx/Vivado/2020.1/common/technology/autopilot/hls_cordic_apfixed.h:101]   --->   Operation 110 'select' 'select_ln101_19' <Predicate = true> <Delay = 0.30> <Core = "Sel">   --->   Core 26 'Sel' <Latency = 0> <II = 1> <Delay = 0.29> <FuncUnit> <Opcode : 'select'> <InPorts = 3> <OutPorts = 1>
ST_2 : Operation 111 [1/1] (0.00ns) (grouped into TernaryAdder)   --->   "%add_ln101_13 = add i16 -63, %add_ln101_12" [/data/tools/Xilinx/Vivado/2020.1/common/technology/autopilot/hls_cordic_apfixed.h:101]   --->   Operation 111 'add' 'add_ln101_13' <Predicate = true> <Delay = 0.00> <Core = "TAddSub">   --->   Core 83 'TAddSub' <Latency = 0> <II = 1> <Delay = 0.33> <IPBlock> <Opcode : 'add' 'sub'> <InPorts = 3> <OutPorts = 1> <Sync> <CReg>
ST_2 : Operation 112 [1/1] (0.67ns) (root node of TernaryAdder)   --->   "%add_ln101_14 = add i16 %select_ln101_19, %add_ln101_13" [/data/tools/Xilinx/Vivado/2020.1/common/technology/autopilot/hls_cordic_apfixed.h:101]   --->   Operation 112 'add' 'add_ln101_14' <Predicate = true> <Delay = 0.67> <Core = "TAddSub">   --->   Core 83 'TAddSub' <Latency = 0> <II = 1> <Delay = 0.33> <IPBlock> <Opcode : 'add' 'sub'> <InPorts = 3> <OutPorts = 1> <Sync> <CReg>
ST_2 : Operation 113 [1/1] (0.24ns)   --->   "%select_ln101_20 = select i1 %tmp_24, i16 %sub_ln203_7, i16 %add_ln203_18" [/data/tools/Xilinx/Vivado/2020.1/common/technology/autopilot/hls_cordic_apfixed.h:101]   --->   Operation 113 'select' 'select_ln101_20' <Predicate = true> <Delay = 0.24> <Core = "Sel">   --->   Core 26 'Sel' <Latency = 0> <II = 1> <Delay = 0.29> <FuncUnit> <Opcode : 'select'> <InPorts = 3> <OutPorts = 1>
ST_2 : Operation 114 [1/1] (0.29ns)   --->   "%select_ln101_21 = select i1 %tmp_24, i15 %add_ln203_7, i15 %sub_ln203_18" [/data/tools/Xilinx/Vivado/2020.1/common/technology/autopilot/hls_cordic_apfixed.h:101]   --->   Operation 114 'select' 'select_ln101_21' <Predicate = true> <Delay = 0.29> <Core = "Sel">   --->   Core 26 'Sel' <Latency = 0> <II = 1> <Delay = 0.29> <FuncUnit> <Opcode : 'select'> <InPorts = 3> <OutPorts = 1>
ST_2 : Operation 115 [1/1] (0.00ns)   --->   "%tmp_26 = call i7 @_ssdm_op_PartSelect.i7.i15.i32.i32(i15 %select_ln101_21, i32 8, i32 14)" [/data/tools/Xilinx/Vivado/2020.1/common/technology/autopilot/hls_cordic_apfixed.h:97]   --->   Operation 115 'partselect' 'tmp_26' <Predicate = true> <Delay = 0.00>
ST_2 : Operation 116 [1/1] (0.00ns)   --->   "%sext_ln1371_3 = sext i7 %tmp_26 to i16" [/data/tools/Xilinx/Vivado/2020.1/common/technology/autopilot/hls_cordic_apfixed.h:97]   --->   Operation 116 'sext' 'sext_ln1371_3' <Predicate = true> <Delay = 0.00>
ST_2 : Operation 117 [1/1] (0.00ns)   --->   "%tmp_27 = call i8 @_ssdm_op_PartSelect.i8.i16.i32.i32(i16 %select_ln101_20, i32 8, i32 15)" [/data/tools/Xilinx/Vivado/2020.1/common/technology/autopilot/hls_cordic_apfixed.h:101]   --->   Operation 117 'partselect' 'tmp_27' <Predicate = true> <Delay = 0.00>
ST_2 : Operation 118 [1/1] (0.00ns)   --->   "%sext_ln101_8 = sext i8 %tmp_27 to i15" [/data/tools/Xilinx/Vivado/2020.1/common/technology/autopilot/hls_cordic_apfixed.h:101]   --->   Operation 118 'sext' 'sext_ln101_8' <Predicate = true> <Delay = 0.00>
ST_2 : Operation 119 [1/1] (0.00ns)   --->   "%tmp_28 = call i1 @_ssdm_op_BitSelect.i1.i16.i32(i16 %add_ln101_14, i32 15)" [/data/tools/Xilinx/Vivado/2020.1/common/technology/autopilot/hls_cordic_apfixed.h:101]   --->   Operation 119 'bitselect' 'tmp_28' <Predicate = true> <Delay = 0.00>
ST_2 : Operation 120 [1/1] (0.77ns)   --->   "%add_ln203_8 = add i15 %sext_ln101_8, %select_ln101_21" [/data/tools/Xilinx/Vivado/2020.1/common/technology/autopilot/hls_cordic_apfixed.h:102]   --->   Operation 120 'add' 'add_ln203_8' <Predicate = true> <Delay = 0.77> <Core = "AddSub">   --->   Core 14 'AddSub' <Latency = 0> <II = 1> <Delay = 0.78> <FuncUnit> <Opcode : 'add' 'sub'> <InPorts = 2> <OutPorts = 1>
ST_2 : Operation 121 [1/1] (0.78ns)   --->   "%sub_ln203_8 = sub i16 %select_ln101_20, %sext_ln1371_3" [/data/tools/Xilinx/Vivado/2020.1/common/technology/autopilot/hls_cordic_apfixed.h:103]   --->   Operation 121 'sub' 'sub_ln203_8' <Predicate = true> <Delay = 0.78> <Core = "AddSub">   --->   Core 14 'AddSub' <Latency = 0> <II = 1> <Delay = 0.78> <FuncUnit> <Opcode : 'add' 'sub'> <InPorts = 2> <OutPorts = 1>
ST_2 : Operation 122 [1/1] (0.77ns)   --->   "%sub_ln203_19 = sub i15 %select_ln101_21, %sext_ln101_8" [/data/tools/Xilinx/Vivado/2020.1/common/technology/autopilot/hls_cordic_apfixed.h:102]   --->   Operation 122 'sub' 'sub_ln203_19' <Predicate = true> <Delay = 0.77> <Core = "AddSub">   --->   Core 14 'AddSub' <Latency = 0> <II = 1> <Delay = 0.78> <FuncUnit> <Opcode : 'add' 'sub'> <InPorts = 2> <OutPorts = 1>
ST_2 : Operation 123 [1/1] (0.78ns)   --->   "%add_ln203_19 = add i16 %sext_ln1371_3, %select_ln101_20" [/data/tools/Xilinx/Vivado/2020.1/common/technology/autopilot/hls_cordic_apfixed.h:103]   --->   Operation 123 'add' 'add_ln203_19' <Predicate = true> <Delay = 0.78> <Core = "AddSub">   --->   Core 14 'AddSub' <Latency = 0> <II = 1> <Delay = 0.78> <FuncUnit> <Opcode : 'add' 'sub'> <InPorts = 2> <OutPorts = 1>
ST_2 : Operation 124 [1/1] (0.00ns)   --->   "%tmp_29 = call i1 @_ssdm_op_BitSelect.i1.i16.i32(i16 %add_ln101_14, i32 15)" [/data/tools/Xilinx/Vivado/2020.1/common/technology/autopilot/hls_cordic_apfixed.h:101]   --->   Operation 124 'bitselect' 'tmp_29' <Predicate = true> <Delay = 0.00>
ST_2 : Operation 125 [1/1] (0.30ns)   --->   "%select_ln101_22 = select i1 %tmp_29, i16 62, i16 0" [/data/tools/Xilinx/Vivado/2020.1/common/technology/autopilot/hls_cordic_apfixed.h:101]   --->   Operation 125 'select' 'select_ln101_22' <Predicate = true> <Delay = 0.30> <Core = "Sel">   --->   Core 26 'Sel' <Latency = 0> <II = 1> <Delay = 0.29> <FuncUnit> <Opcode : 'select'> <InPorts = 3> <OutPorts = 1>
ST_2 : Operation 126 [1/1] (0.24ns)   --->   "%select_ln101_23 = select i1 %tmp_28, i16 %sub_ln203_8, i16 %add_ln203_19" [/data/tools/Xilinx/Vivado/2020.1/common/technology/autopilot/hls_cordic_apfixed.h:101]   --->   Operation 126 'select' 'select_ln101_23' <Predicate = true> <Delay = 0.24> <Core = "Sel">   --->   Core 26 'Sel' <Latency = 0> <II = 1> <Delay = 0.29> <FuncUnit> <Opcode : 'select'> <InPorts = 3> <OutPorts = 1>
ST_2 : Operation 127 [1/1] (0.29ns)   --->   "%select_ln101_24 = select i1 %tmp_28, i15 %add_ln203_8, i15 %sub_ln203_19" [/data/tools/Xilinx/Vivado/2020.1/common/technology/autopilot/hls_cordic_apfixed.h:101]   --->   Operation 127 'select' 'select_ln101_24' <Predicate = true> <Delay = 0.29> <Core = "Sel">   --->   Core 26 'Sel' <Latency = 0> <II = 1> <Delay = 0.29> <FuncUnit> <Opcode : 'select'> <InPorts = 3> <OutPorts = 1>
ST_2 : Operation 128 [1/1] (0.00ns)   --->   "%tmp_30 = call i6 @_ssdm_op_PartSelect.i6.i15.i32.i32(i15 %select_ln101_24, i32 9, i32 14)" [/data/tools/Xilinx/Vivado/2020.1/common/technology/autopilot/hls_cordic_apfixed.h:97]   --->   Operation 128 'partselect' 'tmp_30' <Predicate = true> <Delay = 0.00>
ST_2 : Operation 129 [1/1] (0.00ns)   --->   "%tmp_31 = call i7 @_ssdm_op_PartSelect.i7.i16.i32.i32(i16 %select_ln101_23, i32 9, i32 15)" [/data/tools/Xilinx/Vivado/2020.1/common/technology/autopilot/hls_cordic_apfixed.h:101]   --->   Operation 129 'partselect' 'tmp_31' <Predicate = true> <Delay = 0.00>

State 3 <SV = 2> <Delay = 4.27>
ST_3 : Operation 130 [1/1] (0.00ns) (grouped into TernaryAdder)   --->   "%add_ln101_15 = add i16 -31, %add_ln101_14" [/data/tools/Xilinx/Vivado/2020.1/common/technology/autopilot/hls_cordic_apfixed.h:101]   --->   Operation 130 'add' 'add_ln101_15' <Predicate = true> <Delay = 0.00> <Core = "TAddSub">   --->   Core 83 'TAddSub' <Latency = 0> <II = 1> <Delay = 0.33> <IPBlock> <Opcode : 'add' 'sub'> <InPorts = 3> <OutPorts = 1> <Sync> <CReg>
ST_3 : Operation 131 [1/1] (0.67ns) (root node of TernaryAdder)   --->   "%add_ln101_16 = add i16 %select_ln101_22, %add_ln101_15" [/data/tools/Xilinx/Vivado/2020.1/common/technology/autopilot/hls_cordic_apfixed.h:101]   --->   Operation 131 'add' 'add_ln101_16' <Predicate = true> <Delay = 0.67> <Core = "TAddSub">   --->   Core 83 'TAddSub' <Latency = 0> <II = 1> <Delay = 0.33> <IPBlock> <Opcode : 'add' 'sub'> <InPorts = 3> <OutPorts = 1> <Sync> <CReg>
ST_3 : Operation 132 [1/1] (0.00ns)   --->   "%sext_ln1371_4 = sext i6 %tmp_30 to i16" [/data/tools/Xilinx/Vivado/2020.1/common/technology/autopilot/hls_cordic_apfixed.h:97]   --->   Operation 132 'sext' 'sext_ln1371_4' <Predicate = true> <Delay = 0.00>
ST_3 : Operation 133 [1/1] (0.00ns)   --->   "%sext_ln101_9 = sext i7 %tmp_31 to i15" [/data/tools/Xilinx/Vivado/2020.1/common/technology/autopilot/hls_cordic_apfixed.h:101]   --->   Operation 133 'sext' 'sext_ln101_9' <Predicate = true> <Delay = 0.00>
ST_3 : Operation 134 [1/1] (0.00ns)   --->   "%tmp_32 = call i1 @_ssdm_op_BitSelect.i1.i16.i32(i16 %add_ln101_16, i32 15)" [/data/tools/Xilinx/Vivado/2020.1/common/technology/autopilot/hls_cordic_apfixed.h:101]   --->   Operation 134 'bitselect' 'tmp_32' <Predicate = true> <Delay = 0.00>
ST_3 : Operation 135 [1/1] (0.77ns)   --->   "%add_ln203_9 = add i15 %sext_ln101_9, %select_ln101_24" [/data/tools/Xilinx/Vivado/2020.1/common/technology/autopilot/hls_cordic_apfixed.h:102]   --->   Operation 135 'add' 'add_ln203_9' <Predicate = true> <Delay = 0.77> <Core = "AddSub">   --->   Core 14 'AddSub' <Latency = 0> <II = 1> <Delay = 0.78> <FuncUnit> <Opcode : 'add' 'sub'> <InPorts = 2> <OutPorts = 1>
ST_3 : Operation 136 [1/1] (0.78ns)   --->   "%sub_ln203_9 = sub i16 %select_ln101_23, %sext_ln1371_4" [/data/tools/Xilinx/Vivado/2020.1/common/technology/autopilot/hls_cordic_apfixed.h:103]   --->   Operation 136 'sub' 'sub_ln203_9' <Predicate = true> <Delay = 0.78> <Core = "AddSub">   --->   Core 14 'AddSub' <Latency = 0> <II = 1> <Delay = 0.78> <FuncUnit> <Opcode : 'add' 'sub'> <InPorts = 2> <OutPorts = 1>
ST_3 : Operation 137 [1/1] (0.77ns)   --->   "%sub_ln203_20 = sub i15 %select_ln101_24, %sext_ln101_9" [/data/tools/Xilinx/Vivado/2020.1/common/technology/autopilot/hls_cordic_apfixed.h:102]   --->   Operation 137 'sub' 'sub_ln203_20' <Predicate = true> <Delay = 0.77> <Core = "AddSub">   --->   Core 14 'AddSub' <Latency = 0> <II = 1> <Delay = 0.78> <FuncUnit> <Opcode : 'add' 'sub'> <InPorts = 2> <OutPorts = 1>
ST_3 : Operation 138 [1/1] (0.78ns)   --->   "%add_ln203_20 = add i16 %sext_ln1371_4, %select_ln101_23" [/data/tools/Xilinx/Vivado/2020.1/common/technology/autopilot/hls_cordic_apfixed.h:103]   --->   Operation 138 'add' 'add_ln203_20' <Predicate = true> <Delay = 0.78> <Core = "AddSub">   --->   Core 14 'AddSub' <Latency = 0> <II = 1> <Delay = 0.78> <FuncUnit> <Opcode : 'add' 'sub'> <InPorts = 2> <OutPorts = 1>
ST_3 : Operation 139 [1/1] (0.00ns)   --->   "%tmp_33 = call i1 @_ssdm_op_BitSelect.i1.i16.i32(i16 %add_ln101_16, i32 15)" [/data/tools/Xilinx/Vivado/2020.1/common/technology/autopilot/hls_cordic_apfixed.h:101]   --->   Operation 139 'bitselect' 'tmp_33' <Predicate = true> <Delay = 0.00>
ST_3 : Operation 140 [1/1] (0.29ns)   --->   "%select_ln101_25 = select i1 %tmp_33, i16 30, i16 0" [/data/tools/Xilinx/Vivado/2020.1/common/technology/autopilot/hls_cordic_apfixed.h:101]   --->   Operation 140 'select' 'select_ln101_25' <Predicate = true> <Delay = 0.29> <Core = "Sel">   --->   Core 26 'Sel' <Latency = 0> <II = 1> <Delay = 0.29> <FuncUnit> <Opcode : 'select'> <InPorts = 3> <OutPorts = 1>
ST_3 : Operation 141 [1/1] (0.00ns) (grouped into TernaryAdder)   --->   "%add_ln101_17 = add i16 -15, %add_ln101_16" [/data/tools/Xilinx/Vivado/2020.1/common/technology/autopilot/hls_cordic_apfixed.h:101]   --->   Operation 141 'add' 'add_ln101_17' <Predicate = true> <Delay = 0.00> <Core = "TAddSub">   --->   Core 83 'TAddSub' <Latency = 0> <II = 1> <Delay = 0.33> <IPBlock> <Opcode : 'add' 'sub'> <InPorts = 3> <OutPorts = 1> <Sync> <CReg>
ST_3 : Operation 142 [1/1] (0.67ns) (root node of TernaryAdder)   --->   "%add_ln101_18 = add i16 %select_ln101_25, %add_ln101_17" [/data/tools/Xilinx/Vivado/2020.1/common/technology/autopilot/hls_cordic_apfixed.h:101]   --->   Operation 142 'add' 'add_ln101_18' <Predicate = true> <Delay = 0.67> <Core = "TAddSub">   --->   Core 83 'TAddSub' <Latency = 0> <II = 1> <Delay = 0.33> <IPBlock> <Opcode : 'add' 'sub'> <InPorts = 3> <OutPorts = 1> <Sync> <CReg>
ST_3 : Operation 143 [1/1] (0.24ns)   --->   "%select_ln101_26 = select i1 %tmp_32, i16 %sub_ln203_9, i16 %add_ln203_20" [/data/tools/Xilinx/Vivado/2020.1/common/technology/autopilot/hls_cordic_apfixed.h:101]   --->   Operation 143 'select' 'select_ln101_26' <Predicate = true> <Delay = 0.24> <Core = "Sel">   --->   Core 26 'Sel' <Latency = 0> <II = 1> <Delay = 0.29> <FuncUnit> <Opcode : 'select'> <InPorts = 3> <OutPorts = 1>
ST_3 : Operation 144 [1/1] (0.29ns)   --->   "%select_ln101_27 = select i1 %tmp_32, i15 %add_ln203_9, i15 %sub_ln203_20" [/data/tools/Xilinx/Vivado/2020.1/common/technology/autopilot/hls_cordic_apfixed.h:101]   --->   Operation 144 'select' 'select_ln101_27' <Predicate = true> <Delay = 0.29> <Core = "Sel">   --->   Core 26 'Sel' <Latency = 0> <II = 1> <Delay = 0.29> <FuncUnit> <Opcode : 'select'> <InPorts = 3> <OutPorts = 1>
ST_3 : Operation 145 [1/1] (0.00ns)   --->   "%tmp_34 = call i5 @_ssdm_op_PartSelect.i5.i15.i32.i32(i15 %select_ln101_27, i32 10, i32 14)" [/data/tools/Xilinx/Vivado/2020.1/common/technology/autopilot/hls_cordic_apfixed.h:97]   --->   Operation 145 'partselect' 'tmp_34' <Predicate = true> <Delay = 0.00>
ST_3 : Operation 146 [1/1] (0.00ns)   --->   "%sext_ln1371_5 = sext i5 %tmp_34 to i16" [/data/tools/Xilinx/Vivado/2020.1/common/technology/autopilot/hls_cordic_apfixed.h:97]   --->   Operation 146 'sext' 'sext_ln1371_5' <Predicate = true> <Delay = 0.00>
ST_3 : Operation 147 [1/1] (0.00ns)   --->   "%tmp_35 = call i6 @_ssdm_op_PartSelect.i6.i16.i32.i32(i16 %select_ln101_26, i32 10, i32 15)" [/data/tools/Xilinx/Vivado/2020.1/common/technology/autopilot/hls_cordic_apfixed.h:101]   --->   Operation 147 'partselect' 'tmp_35' <Predicate = true> <Delay = 0.00>
ST_3 : Operation 148 [1/1] (0.00ns)   --->   "%sext_ln101_10 = sext i6 %tmp_35 to i15" [/data/tools/Xilinx/Vivado/2020.1/common/technology/autopilot/hls_cordic_apfixed.h:101]   --->   Operation 148 'sext' 'sext_ln101_10' <Predicate = true> <Delay = 0.00>
ST_3 : Operation 149 [1/1] (0.00ns)   --->   "%tmp_36 = call i1 @_ssdm_op_BitSelect.i1.i16.i32(i16 %add_ln101_18, i32 15)" [/data/tools/Xilinx/Vivado/2020.1/common/technology/autopilot/hls_cordic_apfixed.h:101]   --->   Operation 149 'bitselect' 'tmp_36' <Predicate = true> <Delay = 0.00>
ST_3 : Operation 150 [1/1] (0.77ns)   --->   "%add_ln203_10 = add i15 %sext_ln101_10, %select_ln101_27" [/data/tools/Xilinx/Vivado/2020.1/common/technology/autopilot/hls_cordic_apfixed.h:102]   --->   Operation 150 'add' 'add_ln203_10' <Predicate = true> <Delay = 0.77> <Core = "AddSub">   --->   Core 14 'AddSub' <Latency = 0> <II = 1> <Delay = 0.78> <FuncUnit> <Opcode : 'add' 'sub'> <InPorts = 2> <OutPorts = 1>
ST_3 : Operation 151 [1/1] (0.78ns)   --->   "%sub_ln203_10 = sub i16 %select_ln101_26, %sext_ln1371_5" [/data/tools/Xilinx/Vivado/2020.1/common/technology/autopilot/hls_cordic_apfixed.h:103]   --->   Operation 151 'sub' 'sub_ln203_10' <Predicate = true> <Delay = 0.78> <Core = "AddSub">   --->   Core 14 'AddSub' <Latency = 0> <II = 1> <Delay = 0.78> <FuncUnit> <Opcode : 'add' 'sub'> <InPorts = 2> <OutPorts = 1>
ST_3 : Operation 152 [1/1] (0.77ns)   --->   "%sub_ln203_21 = sub i15 %select_ln101_27, %sext_ln101_10" [/data/tools/Xilinx/Vivado/2020.1/common/technology/autopilot/hls_cordic_apfixed.h:102]   --->   Operation 152 'sub' 'sub_ln203_21' <Predicate = true> <Delay = 0.77> <Core = "AddSub">   --->   Core 14 'AddSub' <Latency = 0> <II = 1> <Delay = 0.78> <FuncUnit> <Opcode : 'add' 'sub'> <InPorts = 2> <OutPorts = 1>
ST_3 : Operation 153 [1/1] (0.78ns)   --->   "%add_ln203_21 = add i16 %sext_ln1371_5, %select_ln101_26" [/data/tools/Xilinx/Vivado/2020.1/common/technology/autopilot/hls_cordic_apfixed.h:103]   --->   Operation 153 'add' 'add_ln203_21' <Predicate = true> <Delay = 0.78> <Core = "AddSub">   --->   Core 14 'AddSub' <Latency = 0> <II = 1> <Delay = 0.78> <FuncUnit> <Opcode : 'add' 'sub'> <InPorts = 2> <OutPorts = 1>
ST_3 : Operation 154 [1/1] (0.00ns)   --->   "%tmp_37 = call i1 @_ssdm_op_BitSelect.i1.i16.i32(i16 %add_ln101_18, i32 15)" [/data/tools/Xilinx/Vivado/2020.1/common/technology/autopilot/hls_cordic_apfixed.h:101]   --->   Operation 154 'bitselect' 'tmp_37' <Predicate = true> <Delay = 0.00>
ST_3 : Operation 155 [1/1] (0.27ns)   --->   "%select_ln101_28 = select i1 %tmp_37, i16 14, i16 0" [/data/tools/Xilinx/Vivado/2020.1/common/technology/autopilot/hls_cordic_apfixed.h:101]   --->   Operation 155 'select' 'select_ln101_28' <Predicate = true> <Delay = 0.27> <Core = "Sel">   --->   Core 26 'Sel' <Latency = 0> <II = 1> <Delay = 0.29> <FuncUnit> <Opcode : 'select'> <InPorts = 3> <OutPorts = 1>
ST_3 : Operation 156 [1/1] (0.00ns) (grouped into TernaryAdder)   --->   "%add_ln101_19 = add i16 -7, %add_ln101_18" [/data/tools/Xilinx/Vivado/2020.1/common/technology/autopilot/hls_cordic_apfixed.h:101]   --->   Operation 156 'add' 'add_ln101_19' <Predicate = true> <Delay = 0.00> <Core = "TAddSub">   --->   Core 83 'TAddSub' <Latency = 0> <II = 1> <Delay = 0.33> <IPBlock> <Opcode : 'add' 'sub'> <InPorts = 3> <OutPorts = 1> <Sync> <CReg>
ST_3 : Operation 157 [1/1] (0.67ns) (root node of TernaryAdder)   --->   "%add_ln101_20 = add i16 %select_ln101_28, %add_ln101_19" [/data/tools/Xilinx/Vivado/2020.1/common/technology/autopilot/hls_cordic_apfixed.h:101]   --->   Operation 157 'add' 'add_ln101_20' <Predicate = true> <Delay = 0.67> <Core = "TAddSub">   --->   Core 83 'TAddSub' <Latency = 0> <II = 1> <Delay = 0.33> <IPBlock> <Opcode : 'add' 'sub'> <InPorts = 3> <OutPorts = 1> <Sync> <CReg>
ST_3 : Operation 158 [1/1] (0.24ns)   --->   "%select_ln101_29 = select i1 %tmp_36, i16 %sub_ln203_10, i16 %add_ln203_21" [/data/tools/Xilinx/Vivado/2020.1/common/technology/autopilot/hls_cordic_apfixed.h:101]   --->   Operation 158 'select' 'select_ln101_29' <Predicate = true> <Delay = 0.24> <Core = "Sel">   --->   Core 26 'Sel' <Latency = 0> <II = 1> <Delay = 0.29> <FuncUnit> <Opcode : 'select'> <InPorts = 3> <OutPorts = 1>
ST_3 : Operation 159 [1/1] (0.29ns)   --->   "%select_ln101_30 = select i1 %tmp_36, i15 %add_ln203_10, i15 %sub_ln203_21" [/data/tools/Xilinx/Vivado/2020.1/common/technology/autopilot/hls_cordic_apfixed.h:101]   --->   Operation 159 'select' 'select_ln101_30' <Predicate = true> <Delay = 0.29> <Core = "Sel">   --->   Core 26 'Sel' <Latency = 0> <II = 1> <Delay = 0.29> <FuncUnit> <Opcode : 'select'> <InPorts = 3> <OutPorts = 1>
ST_3 : Operation 160 [1/1] (0.00ns)   --->   "%tmp_38 = call i4 @_ssdm_op_PartSelect.i4.i15.i32.i32(i15 %select_ln101_30, i32 11, i32 14)" [/data/tools/Xilinx/Vivado/2020.1/common/technology/autopilot/hls_cordic_apfixed.h:97]   --->   Operation 160 'partselect' 'tmp_38' <Predicate = true> <Delay = 0.00>
ST_3 : Operation 161 [1/1] (0.00ns)   --->   "%sext_ln1371_6 = sext i4 %tmp_38 to i16" [/data/tools/Xilinx/Vivado/2020.1/common/technology/autopilot/hls_cordic_apfixed.h:97]   --->   Operation 161 'sext' 'sext_ln1371_6' <Predicate = true> <Delay = 0.00>
ST_3 : Operation 162 [1/1] (0.00ns)   --->   "%tmp_39 = call i5 @_ssdm_op_PartSelect.i5.i16.i32.i32(i16 %select_ln101_29, i32 11, i32 15)" [/data/tools/Xilinx/Vivado/2020.1/common/technology/autopilot/hls_cordic_apfixed.h:101]   --->   Operation 162 'partselect' 'tmp_39' <Predicate = true> <Delay = 0.00>
ST_3 : Operation 163 [1/1] (0.00ns)   --->   "%sext_ln101_11 = sext i5 %tmp_39 to i15" [/data/tools/Xilinx/Vivado/2020.1/common/technology/autopilot/hls_cordic_apfixed.h:101]   --->   Operation 163 'sext' 'sext_ln101_11' <Predicate = true> <Delay = 0.00>
ST_3 : Operation 164 [1/1] (0.00ns)   --->   "%tmp_40 = call i1 @_ssdm_op_BitSelect.i1.i16.i32(i16 %add_ln101_20, i32 15)" [/data/tools/Xilinx/Vivado/2020.1/common/technology/autopilot/hls_cordic_apfixed.h:101]   --->   Operation 164 'bitselect' 'tmp_40' <Predicate = true> <Delay = 0.00>
ST_3 : Operation 165 [1/1] (0.77ns)   --->   "%add_ln203_11 = add i15 %sext_ln101_11, %select_ln101_30" [/data/tools/Xilinx/Vivado/2020.1/common/technology/autopilot/hls_cordic_apfixed.h:102]   --->   Operation 165 'add' 'add_ln203_11' <Predicate = true> <Delay = 0.77> <Core = "AddSub">   --->   Core 14 'AddSub' <Latency = 0> <II = 1> <Delay = 0.78> <FuncUnit> <Opcode : 'add' 'sub'> <InPorts = 2> <OutPorts = 1>
ST_3 : Operation 166 [1/1] (0.78ns)   --->   "%sub_ln203_11 = sub i16 %select_ln101_29, %sext_ln1371_6" [/data/tools/Xilinx/Vivado/2020.1/common/technology/autopilot/hls_cordic_apfixed.h:103]   --->   Operation 166 'sub' 'sub_ln203_11' <Predicate = true> <Delay = 0.78> <Core = "AddSub">   --->   Core 14 'AddSub' <Latency = 0> <II = 1> <Delay = 0.78> <FuncUnit> <Opcode : 'add' 'sub'> <InPorts = 2> <OutPorts = 1>
ST_3 : Operation 167 [1/1] (0.77ns)   --->   "%sub_ln203_22 = sub i15 %select_ln101_30, %sext_ln101_11" [/data/tools/Xilinx/Vivado/2020.1/common/technology/autopilot/hls_cordic_apfixed.h:102]   --->   Operation 167 'sub' 'sub_ln203_22' <Predicate = true> <Delay = 0.77> <Core = "AddSub">   --->   Core 14 'AddSub' <Latency = 0> <II = 1> <Delay = 0.78> <FuncUnit> <Opcode : 'add' 'sub'> <InPorts = 2> <OutPorts = 1>
ST_3 : Operation 168 [1/1] (0.78ns)   --->   "%add_ln203_22 = add i16 %sext_ln1371_6, %select_ln101_29" [/data/tools/Xilinx/Vivado/2020.1/common/technology/autopilot/hls_cordic_apfixed.h:103]   --->   Operation 168 'add' 'add_ln203_22' <Predicate = true> <Delay = 0.78> <Core = "AddSub">   --->   Core 14 'AddSub' <Latency = 0> <II = 1> <Delay = 0.78> <FuncUnit> <Opcode : 'add' 'sub'> <InPorts = 2> <OutPorts = 1>
ST_3 : Operation 169 [1/1] (0.00ns)   --->   "%tmp_41 = call i1 @_ssdm_op_BitSelect.i1.i16.i32(i16 %add_ln101_20, i32 15)" [/data/tools/Xilinx/Vivado/2020.1/common/technology/autopilot/hls_cordic_apfixed.h:101]   --->   Operation 169 'bitselect' 'tmp_41' <Predicate = true> <Delay = 0.00>
ST_3 : Operation 170 [1/1] (0.35ns)   --->   "%select_ln101_31 = select i1 %tmp_41, i16 6, i16 0" [/data/tools/Xilinx/Vivado/2020.1/common/technology/autopilot/hls_cordic_apfixed.h:101]   --->   Operation 170 'select' 'select_ln101_31' <Predicate = true> <Delay = 0.35> <Core = "Sel">   --->   Core 26 'Sel' <Latency = 0> <II = 1> <Delay = 0.29> <FuncUnit> <Opcode : 'select'> <InPorts = 3> <OutPorts = 1>
ST_3 : Operation 171 [1/1] (0.00ns) (grouped into TernaryAdder)   --->   "%add_ln101_21 = add i16 -3, %add_ln101_20" [/data/tools/Xilinx/Vivado/2020.1/common/technology/autopilot/hls_cordic_apfixed.h:101]   --->   Operation 171 'add' 'add_ln101_21' <Predicate = true> <Delay = 0.00> <Core = "TAddSub">   --->   Core 83 'TAddSub' <Latency = 0> <II = 1> <Delay = 0.33> <IPBlock> <Opcode : 'add' 'sub'> <InPorts = 3> <OutPorts = 1> <Sync> <CReg>
ST_3 : Operation 172 [1/1] (0.67ns) (root node of TernaryAdder)   --->   "%add_ln101_22 = add i16 %select_ln101_31, %add_ln101_21" [/data/tools/Xilinx/Vivado/2020.1/common/technology/autopilot/hls_cordic_apfixed.h:101]   --->   Operation 172 'add' 'add_ln101_22' <Predicate = true> <Delay = 0.67> <Core = "TAddSub">   --->   Core 83 'TAddSub' <Latency = 0> <II = 1> <Delay = 0.33> <IPBlock> <Opcode : 'add' 'sub'> <InPorts = 3> <OutPorts = 1> <Sync> <CReg>
ST_3 : Operation 173 [1/1] (0.24ns)   --->   "%select_ln101_32 = select i1 %tmp_40, i16 %sub_ln203_11, i16 %add_ln203_22" [/data/tools/Xilinx/Vivado/2020.1/common/technology/autopilot/hls_cordic_apfixed.h:101]   --->   Operation 173 'select' 'select_ln101_32' <Predicate = true> <Delay = 0.24> <Core = "Sel">   --->   Core 26 'Sel' <Latency = 0> <II = 1> <Delay = 0.29> <FuncUnit> <Opcode : 'select'> <InPorts = 3> <OutPorts = 1>
ST_3 : Operation 174 [1/1] (0.29ns)   --->   "%select_ln101_33 = select i1 %tmp_40, i15 %add_ln203_11, i15 %sub_ln203_22" [/data/tools/Xilinx/Vivado/2020.1/common/technology/autopilot/hls_cordic_apfixed.h:101]   --->   Operation 174 'select' 'select_ln101_33' <Predicate = true> <Delay = 0.29> <Core = "Sel">   --->   Core 26 'Sel' <Latency = 0> <II = 1> <Delay = 0.29> <FuncUnit> <Opcode : 'select'> <InPorts = 3> <OutPorts = 1>
ST_3 : Operation 175 [1/1] (0.00ns)   --->   "%tmp_42 = call i3 @_ssdm_op_PartSelect.i3.i15.i32.i32(i15 %select_ln101_33, i32 12, i32 14)" [/data/tools/Xilinx/Vivado/2020.1/common/technology/autopilot/hls_cordic_apfixed.h:97]   --->   Operation 175 'partselect' 'tmp_42' <Predicate = true> <Delay = 0.00>
ST_3 : Operation 176 [1/1] (0.00ns)   --->   "%sext_ln1371_7 = sext i3 %tmp_42 to i16" [/data/tools/Xilinx/Vivado/2020.1/common/technology/autopilot/hls_cordic_apfixed.h:97]   --->   Operation 176 'sext' 'sext_ln1371_7' <Predicate = true> <Delay = 0.00>
ST_3 : Operation 177 [1/1] (0.00ns)   --->   "%tmp_43 = call i4 @_ssdm_op_PartSelect.i4.i16.i32.i32(i16 %select_ln101_32, i32 12, i32 15)" [/data/tools/Xilinx/Vivado/2020.1/common/technology/autopilot/hls_cordic_apfixed.h:101]   --->   Operation 177 'partselect' 'tmp_43' <Predicate = true> <Delay = 0.00>
ST_3 : Operation 178 [1/1] (0.00ns)   --->   "%sext_ln101_12 = sext i4 %tmp_43 to i15" [/data/tools/Xilinx/Vivado/2020.1/common/technology/autopilot/hls_cordic_apfixed.h:101]   --->   Operation 178 'sext' 'sext_ln101_12' <Predicate = true> <Delay = 0.00>
ST_3 : Operation 179 [1/1] (0.00ns)   --->   "%tmp_44 = call i1 @_ssdm_op_BitSelect.i1.i16.i32(i16 %add_ln101_22, i32 15)" [/data/tools/Xilinx/Vivado/2020.1/common/technology/autopilot/hls_cordic_apfixed.h:101]   --->   Operation 179 'bitselect' 'tmp_44' <Predicate = true> <Delay = 0.00>
ST_3 : Operation 180 [1/1] (0.77ns)   --->   "%add_ln203_12 = add i15 %sext_ln101_12, %select_ln101_33" [/data/tools/Xilinx/Vivado/2020.1/common/technology/autopilot/hls_cordic_apfixed.h:102]   --->   Operation 180 'add' 'add_ln203_12' <Predicate = true> <Delay = 0.77> <Core = "AddSub">   --->   Core 14 'AddSub' <Latency = 0> <II = 1> <Delay = 0.78> <FuncUnit> <Opcode : 'add' 'sub'> <InPorts = 2> <OutPorts = 1>
ST_3 : Operation 181 [1/1] (0.78ns)   --->   "%sub_ln203_12 = sub i16 %select_ln101_32, %sext_ln1371_7" [/data/tools/Xilinx/Vivado/2020.1/common/technology/autopilot/hls_cordic_apfixed.h:103]   --->   Operation 181 'sub' 'sub_ln203_12' <Predicate = true> <Delay = 0.78> <Core = "AddSub">   --->   Core 14 'AddSub' <Latency = 0> <II = 1> <Delay = 0.78> <FuncUnit> <Opcode : 'add' 'sub'> <InPorts = 2> <OutPorts = 1>
ST_3 : Operation 182 [1/1] (0.77ns)   --->   "%sub_ln203_23 = sub i15 %select_ln101_33, %sext_ln101_12" [/data/tools/Xilinx/Vivado/2020.1/common/technology/autopilot/hls_cordic_apfixed.h:102]   --->   Operation 182 'sub' 'sub_ln203_23' <Predicate = true> <Delay = 0.77> <Core = "AddSub">   --->   Core 14 'AddSub' <Latency = 0> <II = 1> <Delay = 0.78> <FuncUnit> <Opcode : 'add' 'sub'> <InPorts = 2> <OutPorts = 1>
ST_3 : Operation 183 [1/1] (0.78ns)   --->   "%add_ln203_23 = add i16 %sext_ln1371_7, %select_ln101_32" [/data/tools/Xilinx/Vivado/2020.1/common/technology/autopilot/hls_cordic_apfixed.h:103]   --->   Operation 183 'add' 'add_ln203_23' <Predicate = true> <Delay = 0.78> <Core = "AddSub">   --->   Core 14 'AddSub' <Latency = 0> <II = 1> <Delay = 0.78> <FuncUnit> <Opcode : 'add' 'sub'> <InPorts = 2> <OutPorts = 1>
ST_3 : Operation 184 [1/1] (0.00ns)   --->   "%tmp_45 = call i1 @_ssdm_op_BitSelect.i1.i16.i32(i16 %add_ln101_22, i32 15)" [/data/tools/Xilinx/Vivado/2020.1/common/technology/autopilot/hls_cordic_apfixed.h:101]   --->   Operation 184 'bitselect' 'tmp_45' <Predicate = true> <Delay = 0.00>
ST_3 : Operation 185 [1/1] (0.24ns)   --->   "%select_ln101_35 = select i1 %tmp_44, i16 %sub_ln203_12, i16 %add_ln203_23" [/data/tools/Xilinx/Vivado/2020.1/common/technology/autopilot/hls_cordic_apfixed.h:101]   --->   Operation 185 'select' 'select_ln101_35' <Predicate = true> <Delay = 0.24> <Core = "Sel">   --->   Core 26 'Sel' <Latency = 0> <II = 1> <Delay = 0.29> <FuncUnit> <Opcode : 'select'> <InPorts = 3> <OutPorts = 1>
ST_3 : Operation 186 [1/1] (0.29ns)   --->   "%select_ln101_36 = select i1 %tmp_44, i15 %add_ln203_12, i15 %sub_ln203_23" [/data/tools/Xilinx/Vivado/2020.1/common/technology/autopilot/hls_cordic_apfixed.h:101]   --->   Operation 186 'select' 'select_ln101_36' <Predicate = true> <Delay = 0.29> <Core = "Sel">   --->   Core 26 'Sel' <Latency = 0> <II = 1> <Delay = 0.29> <FuncUnit> <Opcode : 'select'> <InPorts = 3> <OutPorts = 1>
ST_3 : Operation 187 [1/1] (0.00ns)   --->   "%tmp_46 = call i2 @_ssdm_op_PartSelect.i2.i15.i32.i32(i15 %select_ln101_36, i32 13, i32 14)" [/data/tools/Xilinx/Vivado/2020.1/common/technology/autopilot/hls_cordic_apfixed.h:97]   --->   Operation 187 'partselect' 'tmp_46' <Predicate = true> <Delay = 0.00>
ST_3 : Operation 188 [1/1] (0.00ns)   --->   "%tmp_47 = call i3 @_ssdm_op_PartSelect.i3.i16.i32.i32(i16 %select_ln101_35, i32 13, i32 15)" [/data/tools/Xilinx/Vivado/2020.1/common/technology/autopilot/hls_cordic_apfixed.h:101]   --->   Operation 188 'partselect' 'tmp_47' <Predicate = true> <Delay = 0.00>

State 4 <SV = 3> <Delay = 3.89>
ST_4 : Operation 189 [1/1] (0.27ns)   --->   "%select_ln101_34 = select i1 %tmp_45, i16 2, i16 0" [/data/tools/Xilinx/Vivado/2020.1/common/technology/autopilot/hls_cordic_apfixed.h:101]   --->   Operation 189 'select' 'select_ln101_34' <Predicate = true> <Delay = 0.27> <Core = "Sel">   --->   Core 26 'Sel' <Latency = 0> <II = 1> <Delay = 0.29> <FuncUnit> <Opcode : 'select'> <InPorts = 3> <OutPorts = 1>
ST_4 : Operation 190 [1/1] (0.00ns) (grouped into TernaryAdder)   --->   "%add_ln101_23 = add i16 -1, %add_ln101_22" [/data/tools/Xilinx/Vivado/2020.1/common/technology/autopilot/hls_cordic_apfixed.h:101]   --->   Operation 190 'add' 'add_ln101_23' <Predicate = true> <Delay = 0.00> <Core = "TAddSub">   --->   Core 83 'TAddSub' <Latency = 0> <II = 1> <Delay = 0.33> <IPBlock> <Opcode : 'add' 'sub'> <InPorts = 3> <OutPorts = 1> <Sync> <CReg>
ST_4 : Operation 191 [1/1] (0.67ns) (root node of TernaryAdder)   --->   "%add_ln101_24 = add i16 %select_ln101_34, %add_ln101_23" [/data/tools/Xilinx/Vivado/2020.1/common/technology/autopilot/hls_cordic_apfixed.h:101]   --->   Operation 191 'add' 'add_ln101_24' <Predicate = true> <Delay = 0.67> <Core = "TAddSub">   --->   Core 83 'TAddSub' <Latency = 0> <II = 1> <Delay = 0.33> <IPBlock> <Opcode : 'add' 'sub'> <InPorts = 3> <OutPorts = 1> <Sync> <CReg>
ST_4 : Operation 192 [1/1] (0.00ns)   --->   "%sext_ln1371_8 = sext i2 %tmp_46 to i16" [/data/tools/Xilinx/Vivado/2020.1/common/technology/autopilot/hls_cordic_apfixed.h:97]   --->   Operation 192 'sext' 'sext_ln1371_8' <Predicate = true> <Delay = 0.00>
ST_4 : Operation 193 [1/1] (0.00ns)   --->   "%sext_ln101_13 = sext i3 %tmp_47 to i15" [/data/tools/Xilinx/Vivado/2020.1/common/technology/autopilot/hls_cordic_apfixed.h:101]   --->   Operation 193 'sext' 'sext_ln101_13' <Predicate = true> <Delay = 0.00>
ST_4 : Operation 194 [1/1] (0.00ns)   --->   "%tmp_48 = call i1 @_ssdm_op_BitSelect.i1.i16.i32(i16 %add_ln101_24, i32 15)" [/data/tools/Xilinx/Vivado/2020.1/common/technology/autopilot/hls_cordic_apfixed.h:101]   --->   Operation 194 'bitselect' 'tmp_48' <Predicate = true> <Delay = 0.00>
ST_4 : Operation 195 [1/1] (0.77ns)   --->   "%add_ln203_13 = add i15 %sext_ln101_13, %select_ln101_36" [/data/tools/Xilinx/Vivado/2020.1/common/technology/autopilot/hls_cordic_apfixed.h:102]   --->   Operation 195 'add' 'add_ln203_13' <Predicate = true> <Delay = 0.77> <Core = "AddSub">   --->   Core 14 'AddSub' <Latency = 0> <II = 1> <Delay = 0.78> <FuncUnit> <Opcode : 'add' 'sub'> <InPorts = 2> <OutPorts = 1>
ST_4 : Operation 196 [1/1] (0.78ns)   --->   "%sub_ln203_13 = sub i16 %select_ln101_35, %sext_ln1371_8" [/data/tools/Xilinx/Vivado/2020.1/common/technology/autopilot/hls_cordic_apfixed.h:103]   --->   Operation 196 'sub' 'sub_ln203_13' <Predicate = true> <Delay = 0.78> <Core = "AddSub">   --->   Core 14 'AddSub' <Latency = 0> <II = 1> <Delay = 0.78> <FuncUnit> <Opcode : 'add' 'sub'> <InPorts = 2> <OutPorts = 1>
ST_4 : Operation 197 [1/1] (0.77ns)   --->   "%sub_ln203_24 = sub i15 %select_ln101_36, %sext_ln101_13" [/data/tools/Xilinx/Vivado/2020.1/common/technology/autopilot/hls_cordic_apfixed.h:102]   --->   Operation 197 'sub' 'sub_ln203_24' <Predicate = true> <Delay = 0.77> <Core = "AddSub">   --->   Core 14 'AddSub' <Latency = 0> <II = 1> <Delay = 0.78> <FuncUnit> <Opcode : 'add' 'sub'> <InPorts = 2> <OutPorts = 1>
ST_4 : Operation 198 [1/1] (0.78ns)   --->   "%add_ln203_24 = add i16 %sext_ln1371_8, %select_ln101_35" [/data/tools/Xilinx/Vivado/2020.1/common/technology/autopilot/hls_cordic_apfixed.h:103]   --->   Operation 198 'add' 'add_ln203_24' <Predicate = true> <Delay = 0.78> <Core = "AddSub">   --->   Core 14 'AddSub' <Latency = 0> <II = 1> <Delay = 0.78> <FuncUnit> <Opcode : 'add' 'sub'> <InPorts = 2> <OutPorts = 1>
ST_4 : Operation 199 [1/1] (0.24ns)   --->   "%select_ln101_37 = select i1 %tmp_48, i16 %sub_ln203_13, i16 %add_ln203_24" [/data/tools/Xilinx/Vivado/2020.1/common/technology/autopilot/hls_cordic_apfixed.h:101]   --->   Operation 199 'select' 'select_ln101_37' <Predicate = true> <Delay = 0.24> <Core = "Sel">   --->   Core 26 'Sel' <Latency = 0> <II = 1> <Delay = 0.29> <FuncUnit> <Opcode : 'select'> <InPorts = 3> <OutPorts = 1>
ST_4 : Operation 200 [1/1] (0.29ns)   --->   "%select_ln101_38 = select i1 %tmp_48, i15 %add_ln203_13, i15 %sub_ln203_24" [/data/tools/Xilinx/Vivado/2020.1/common/technology/autopilot/hls_cordic_apfixed.h:101]   --->   Operation 200 'select' 'select_ln101_38' <Predicate = true> <Delay = 0.29> <Core = "Sel">   --->   Core 26 'Sel' <Latency = 0> <II = 1> <Delay = 0.29> <FuncUnit> <Opcode : 'select'> <InPorts = 3> <OutPorts = 1>
ST_4 : Operation 201 [1/1] (0.00ns)   --->   "%tmp_49 = call i1 @_ssdm_op_BitSelect.i1.i15.i32(i15 %select_ln101_38, i32 14)" [/data/tools/Xilinx/Vivado/2020.1/common/technology/autopilot/hls_cordic_apfixed.h:97]   --->   Operation 201 'bitselect' 'tmp_49' <Predicate = true> <Delay = 0.00>
ST_4 : Operation 202 [1/1] (0.27ns)   --->   "%select_ln1371 = select i1 %tmp_49, i16 -1, i16 0" [/data/tools/Xilinx/Vivado/2020.1/common/technology/autopilot/hls_cordic_apfixed.h:97]   --->   Operation 202 'select' 'select_ln1371' <Predicate = true> <Delay = 0.27> <Core = "Sel">   --->   Core 26 'Sel' <Latency = 0> <II = 1> <Delay = 0.29> <FuncUnit> <Opcode : 'select'> <InPorts = 3> <OutPorts = 1>
ST_4 : Operation 203 [1/1] (0.00ns)   --->   "%tmp_50 = call i2 @_ssdm_op_PartSelect.i2.i16.i32.i32(i16 %select_ln101_37, i32 14, i32 15)" [/data/tools/Xilinx/Vivado/2020.1/common/technology/autopilot/hls_cordic_apfixed.h:102]   --->   Operation 203 'partselect' 'tmp_50' <Predicate = true> <Delay = 0.00>
ST_4 : Operation 204 [1/1] (0.00ns)   --->   "%sext_ln203 = sext i2 %tmp_50 to i15" [/data/tools/Xilinx/Vivado/2020.1/common/technology/autopilot/hls_cordic_apfixed.h:102]   --->   Operation 204 'sext' 'sext_ln203' <Predicate = true> <Delay = 0.00>
ST_4 : Operation 205 [1/1] (0.77ns)   --->   "%add_ln203_25 = add i15 %sext_ln203, %select_ln101_38" [/data/tools/Xilinx/Vivado/2020.1/common/technology/autopilot/hls_cordic_apfixed.h:102]   --->   Operation 205 'add' 'add_ln203_25' <Predicate = true> <Delay = 0.77> <Core = "AddSub">   --->   Core 14 'AddSub' <Latency = 0> <II = 1> <Delay = 0.78> <FuncUnit> <Opcode : 'add' 'sub'> <InPorts = 2> <OutPorts = 1>
ST_4 : Operation 206 [1/1] (0.78ns)   --->   "%sub_ln203_14 = sub i16 %select_ln101_37, %select_ln1371" [/data/tools/Xilinx/Vivado/2020.1/common/technology/autopilot/hls_cordic_apfixed.h:103]   --->   Operation 206 'sub' 'sub_ln203_14' <Predicate = true> <Delay = 0.78> <Core = "AddSub">   --->   Core 14 'AddSub' <Latency = 0> <II = 1> <Delay = 0.78> <FuncUnit> <Opcode : 'add' 'sub'> <InPorts = 2> <OutPorts = 1>
ST_4 : Operation 207 [1/1] (0.77ns)   --->   "%sub_ln203_25 = sub i15 %select_ln101_38, %sext_ln203" [/data/tools/Xilinx/Vivado/2020.1/common/technology/autopilot/hls_cordic_apfixed.h:102]   --->   Operation 207 'sub' 'sub_ln203_25' <Predicate = true> <Delay = 0.77> <Core = "AddSub">   --->   Core 14 'AddSub' <Latency = 0> <II = 1> <Delay = 0.78> <FuncUnit> <Opcode : 'add' 'sub'> <InPorts = 2> <OutPorts = 1>
ST_4 : Operation 208 [1/1] (0.78ns)   --->   "%add_ln203_26 = add i16 %select_ln1371, %select_ln101_37" [/data/tools/Xilinx/Vivado/2020.1/common/technology/autopilot/hls_cordic_apfixed.h:103]   --->   Operation 208 'add' 'add_ln203_26' <Predicate = true> <Delay = 0.78> <Core = "AddSub">   --->   Core 14 'AddSub' <Latency = 0> <II = 1> <Delay = 0.78> <FuncUnit> <Opcode : 'add' 'sub'> <InPorts = 2> <OutPorts = 1>
ST_4 : Operation 209 [1/1] (0.24ns)   --->   "%select_ln101_39 = select i1 %tmp_48, i16 %sub_ln203_14, i16 %add_ln203_26" [/data/tools/Xilinx/Vivado/2020.1/common/technology/autopilot/hls_cordic_apfixed.h:101]   --->   Operation 209 'select' 'select_ln101_39' <Predicate = true> <Delay = 0.24> <Core = "Sel">   --->   Core 26 'Sel' <Latency = 0> <II = 1> <Delay = 0.29> <FuncUnit> <Opcode : 'select'> <InPorts = 3> <OutPorts = 1>
ST_4 : Operation 210 [1/1] (0.29ns)   --->   "%select_ln101_40 = select i1 %tmp_48, i15 %add_ln203_25, i15 %sub_ln203_25" [/data/tools/Xilinx/Vivado/2020.1/common/technology/autopilot/hls_cordic_apfixed.h:101]   --->   Operation 210 'select' 'select_ln101_40' <Predicate = true> <Delay = 0.29> <Core = "Sel">   --->   Core 26 'Sel' <Latency = 0> <II = 1> <Delay = 0.29> <FuncUnit> <Opcode : 'select'> <InPorts = 3> <OutPorts = 1>
ST_4 : Operation 211 [1/1] (0.00ns)   --->   "%tmp_51 = call i1 @_ssdm_op_BitSelect.i1.i15.i32(i15 %select_ln101_40, i32 14)" [/data/tools/Xilinx/Vivado/2020.1/common/technology/autopilot/hls_cordic_apfixed.h:97]   --->   Operation 211 'bitselect' 'tmp_51' <Predicate = true> <Delay = 0.00>
ST_4 : Operation 212 [1/1] (0.27ns)   --->   "%select_ln1371_1 = select i1 %tmp_51, i16 -1, i16 0" [/data/tools/Xilinx/Vivado/2020.1/common/technology/autopilot/hls_cordic_apfixed.h:97]   --->   Operation 212 'select' 'select_ln1371_1' <Predicate = true> <Delay = 0.27> <Core = "Sel">   --->   Core 26 'Sel' <Latency = 0> <II = 1> <Delay = 0.29> <FuncUnit> <Opcode : 'select'> <InPorts = 3> <OutPorts = 1>
ST_4 : Operation 213 [1/1] (0.00ns)   --->   "%tmp_52 = call i1 @_ssdm_op_BitSelect.i1.i16.i32(i16 %select_ln101_39, i32 15)" [/data/tools/Xilinx/Vivado/2020.1/common/technology/autopilot/hls_cordic_apfixed.h:98]   --->   Operation 213 'bitselect' 'tmp_52' <Predicate = true> <Delay = 0.00>
ST_4 : Operation 214 [1/1] (0.27ns)   --->   "%select_ln1371_2 = select i1 %tmp_52, i15 -1, i15 0" [/data/tools/Xilinx/Vivado/2020.1/common/technology/autopilot/hls_cordic_apfixed.h:98]   --->   Operation 214 'select' 'select_ln1371_2' <Predicate = true> <Delay = 0.27> <Core = "Sel">   --->   Core 26 'Sel' <Latency = 0> <II = 1> <Delay = 0.29> <FuncUnit> <Opcode : 'select'> <InPorts = 3> <OutPorts = 1>
ST_4 : Operation 215 [1/1] (0.77ns)   --->   "%add_ln203_15 = add i15 %select_ln1371_2, %select_ln101_40" [/data/tools/Xilinx/Vivado/2020.1/common/technology/autopilot/hls_cordic_apfixed.h:102]   --->   Operation 215 'add' 'add_ln203_15' <Predicate = true> <Delay = 0.77> <Core = "AddSub">   --->   Core 14 'AddSub' <Latency = 0> <II = 1> <Delay = 0.78> <FuncUnit> <Opcode : 'add' 'sub'> <InPorts = 2> <OutPorts = 1>
ST_4 : Operation 216 [1/1] (0.78ns)   --->   "%sub_ln203_26 = sub i16 %select_ln101_39, %select_ln1371_1" [/data/tools/Xilinx/Vivado/2020.1/common/technology/autopilot/hls_cordic_apfixed.h:103]   --->   Operation 216 'sub' 'sub_ln203_26' <Predicate = true> <Delay = 0.78> <Core = "AddSub">   --->   Core 14 'AddSub' <Latency = 0> <II = 1> <Delay = 0.78> <FuncUnit> <Opcode : 'add' 'sub'> <InPorts = 2> <OutPorts = 1>
ST_4 : Operation 217 [1/1] (0.77ns)   --->   "%sub_ln203_27 = sub i15 %select_ln101_40, %select_ln1371_2" [/data/tools/Xilinx/Vivado/2020.1/common/technology/autopilot/hls_cordic_apfixed.h:102]   --->   Operation 217 'sub' 'sub_ln203_27' <Predicate = true> <Delay = 0.77> <Core = "AddSub">   --->   Core 14 'AddSub' <Latency = 0> <II = 1> <Delay = 0.78> <FuncUnit> <Opcode : 'add' 'sub'> <InPorts = 2> <OutPorts = 1>
ST_4 : Operation 218 [1/1] (0.78ns)   --->   "%add_ln203_27 = add i16 %select_ln1371_1, %select_ln101_39" [/data/tools/Xilinx/Vivado/2020.1/common/technology/autopilot/hls_cordic_apfixed.h:103]   --->   Operation 218 'add' 'add_ln203_27' <Predicate = true> <Delay = 0.78> <Core = "AddSub">   --->   Core 14 'AddSub' <Latency = 0> <II = 1> <Delay = 0.78> <FuncUnit> <Opcode : 'add' 'sub'> <InPorts = 2> <OutPorts = 1>
ST_4 : Operation 219 [1/1] (0.24ns)   --->   "%select_ln101_41 = select i1 %tmp_48, i16 %sub_ln203_26, i16 %add_ln203_27" [/data/tools/Xilinx/Vivado/2020.1/common/technology/autopilot/hls_cordic_apfixed.h:101]   --->   Operation 219 'select' 'select_ln101_41' <Predicate = true> <Delay = 0.24> <Core = "Sel">   --->   Core 26 'Sel' <Latency = 0> <II = 1> <Delay = 0.29> <FuncUnit> <Opcode : 'select'> <InPorts = 3> <OutPorts = 1>
ST_4 : Operation 220 [1/1] (0.29ns)   --->   "%select_ln101_42 = select i1 %tmp_48, i15 %add_ln203_15, i15 %sub_ln203_27" [/data/tools/Xilinx/Vivado/2020.1/common/technology/autopilot/hls_cordic_apfixed.h:101]   --->   Operation 220 'select' 'select_ln101_42' <Predicate = true> <Delay = 0.29> <Core = "Sel">   --->   Core 26 'Sel' <Latency = 0> <II = 1> <Delay = 0.29> <FuncUnit> <Opcode : 'select'> <InPorts = 3> <OutPorts = 1>
ST_4 : Operation 221 [1/1] (0.00ns)   --->   "%sext_ln101_14 = sext i15 %select_ln101_42 to i16" [/data/tools/Xilinx/Vivado/2020.1/common/technology/autopilot/hls_cordic_apfixed.h:101]   --->   Operation 221 'sext' 'sext_ln101_14' <Predicate = true> <Delay = 0.00>
ST_4 : Operation 222 [1/1] (0.00ns)   --->   "%newret = insertvalue { i16, i16 } undef, i16 %sext_ln101_14, 0" [/data/tools/Xilinx/Vivado/2020.1/common/technology/autopilot/hls_cordic_apfixed.h:101]   --->   Operation 222 'insertvalue' 'newret' <Predicate = true> <Delay = 0.00>
ST_4 : Operation 223 [1/1] (0.00ns)   --->   "%newret2 = insertvalue { i16, i16 } %newret, i16 %select_ln101_41, 1" [/data/tools/Xilinx/Vivado/2020.1/common/technology/autopilot/hls_cordic_apfixed.h:101]   --->   Operation 223 'insertvalue' 'newret2' <Predicate = true> <Delay = 0.00>
ST_4 : Operation 224 [1/1] (0.00ns)   --->   "ret { i16, i16 } %newret2" [/data/tools/Xilinx/Vivado/2020.1/common/technology/autopilot/hls_cordic_apfixed.h:101]   --->   Operation 224 'ret' <Predicate = true> <Delay = 0.00>


============================================================
+ Verbose Summary: Timing violations
============================================================
Target clock period: 5ns, clock uncertainty: 0.625ns.

 <State 1>: 4.35ns
The critical path consists of the following:
	wire read on port 'z_V_read' [2]  (0 ns)
	'add' operation ('add_ln101', /data/tools/Xilinx/Vivado/2020.1/common/technology/autopilot/hls_cordic_apfixed.h:101) [6]  (0.775 ns)
	'select' operation ('select_ln101_2', /data/tools/Xilinx/Vivado/2020.1/common/technology/autopilot/hls_cordic_apfixed.h:101) [16]  (0.342 ns)
	'add' operation ('add_ln203', /data/tools/Xilinx/Vivado/2020.1/common/technology/autopilot/hls_cordic_apfixed.h:102) [25]  (0.755 ns)
	'select' operation ('select_ln101_6', /data/tools/Xilinx/Vivado/2020.1/common/technology/autopilot/hls_cordic_apfixed.h:101) [34]  (0.342 ns)
	'sub' operation ('sub_ln203_2', /data/tools/Xilinx/Vivado/2020.1/common/technology/autopilot/hls_cordic_apfixed.h:103) [42]  (0.775 ns)
	'select' operation ('select_ln101_8', /data/tools/Xilinx/Vivado/2020.1/common/technology/autopilot/hls_cordic_apfixed.h:101) [49]  (0.292 ns)
	'sub' operation ('sub_ln203_4', /data/tools/Xilinx/Vivado/2020.1/common/technology/autopilot/hls_cordic_apfixed.h:103) [57]  (0.775 ns)
	'select' operation ('select_ln101_11', /data/tools/Xilinx/Vivado/2020.1/common/technology/autopilot/hls_cordic_apfixed.h:101) [64]  (0.292 ns)

 <State 2>: 4.27ns
The critical path consists of the following:
	'add' operation ('add_ln203_5', /data/tools/Xilinx/Vivado/2020.1/common/technology/autopilot/hls_cordic_apfixed.h:102) [72]  (0.775 ns)
	'select' operation ('select_ln101_15', /data/tools/Xilinx/Vivado/2020.1/common/technology/autopilot/hls_cordic_apfixed.h:101) [81]  (0.292 ns)
	'add' operation ('add_ln203_6', /data/tools/Xilinx/Vivado/2020.1/common/technology/autopilot/hls_cordic_apfixed.h:102) [87]  (0.775 ns)
	'select' operation ('select_ln101_18', /data/tools/Xilinx/Vivado/2020.1/common/technology/autopilot/hls_cordic_apfixed.h:101) [96]  (0.292 ns)
	'add' operation ('add_ln203_7', /data/tools/Xilinx/Vivado/2020.1/common/technology/autopilot/hls_cordic_apfixed.h:102) [102]  (0.775 ns)
	'select' operation ('select_ln101_21', /data/tools/Xilinx/Vivado/2020.1/common/technology/autopilot/hls_cordic_apfixed.h:101) [111]  (0.292 ns)
	'add' operation ('add_ln203_8', /data/tools/Xilinx/Vivado/2020.1/common/technology/autopilot/hls_cordic_apfixed.h:102) [117]  (0.775 ns)
	'select' operation ('select_ln101_24', /data/tools/Xilinx/Vivado/2020.1/common/technology/autopilot/hls_cordic_apfixed.h:101) [126]  (0.292 ns)

 <State 3>: 4.27ns
The critical path consists of the following:
	'add' operation ('add_ln203_9', /data/tools/Xilinx/Vivado/2020.1/common/technology/autopilot/hls_cordic_apfixed.h:102) [132]  (0.775 ns)
	'select' operation ('select_ln101_27', /data/tools/Xilinx/Vivado/2020.1/common/technology/autopilot/hls_cordic_apfixed.h:101) [141]  (0.292 ns)
	'add' operation ('add_ln203_10', /data/tools/Xilinx/Vivado/2020.1/common/technology/autopilot/hls_cordic_apfixed.h:102) [147]  (0.775 ns)
	'select' operation ('select_ln101_30', /data/tools/Xilinx/Vivado/2020.1/common/technology/autopilot/hls_cordic_apfixed.h:101) [156]  (0.292 ns)
	'add' operation ('add_ln203_11', /data/tools/Xilinx/Vivado/2020.1/common/technology/autopilot/hls_cordic_apfixed.h:102) [162]  (0.775 ns)
	'select' operation ('select_ln101_33', /data/tools/Xilinx/Vivado/2020.1/common/technology/autopilot/hls_cordic_apfixed.h:101) [171]  (0.292 ns)
	'add' operation ('add_ln203_12', /data/tools/Xilinx/Vivado/2020.1/common/technology/autopilot/hls_cordic_apfixed.h:102) [177]  (0.775 ns)
	'select' operation ('select_ln101_36', /data/tools/Xilinx/Vivado/2020.1/common/technology/autopilot/hls_cordic_apfixed.h:101) [186]  (0.292 ns)

 <State 4>: 3.9ns
The critical path consists of the following:
	'select' operation ('select_ln101_34', /data/tools/Xilinx/Vivado/2020.1/common/technology/autopilot/hls_cordic_apfixed.h:101) [182]  (0.278 ns)
	'add' operation ('add_ln101_24', /data/tools/Xilinx/Vivado/2020.1/common/technology/autopilot/hls_cordic_apfixed.h:101) [184]  (0.675 ns)
	'select' operation ('select_ln101_38', /data/tools/Xilinx/Vivado/2020.1/common/technology/autopilot/hls_cordic_apfixed.h:101) [197]  (0.292 ns)
	'select' operation ('select_ln1371', /data/tools/Xilinx/Vivado/2020.1/common/technology/autopilot/hls_cordic_apfixed.h:97) [199]  (0.278 ns)
	'sub' operation ('sub_ln203_14', /data/tools/Xilinx/Vivado/2020.1/common/technology/autopilot/hls_cordic_apfixed.h:103) [203]  (0.785 ns)
	'select' operation ('select_ln101_39', /data/tools/Xilinx/Vivado/2020.1/common/technology/autopilot/hls_cordic_apfixed.h:101) [206]  (0.243 ns)
	'select' operation ('select_ln1371_2', /data/tools/Xilinx/Vivado/2020.1/common/technology/autopilot/hls_cordic_apfixed.h:98) [211]  (0.278 ns)
	'add' operation ('add_ln203_15', /data/tools/Xilinx/Vivado/2020.1/common/technology/autopilot/hls_cordic_apfixed.h:102) [212]  (0.775 ns)
	'select' operation ('select_ln101_42', /data/tools/Xilinx/Vivado/2020.1/common/technology/autopilot/hls_cordic_apfixed.h:101) [217]  (0.292 ns)


============================================================
+ Verbose Summary: Binding
============================================================
N/A
* FSMD analyzer results:
  - Output states:
 - Input state : 
  - Chain level:
	State 1
	State 2
	State 3
	State 4


============================================================
+ Verbose Summary: Datapath Resource usage 
============================================================
N/A
