

================================================================
== Vivado HLS Report for 'cordic_circ_apfixed_12_3_0_s'
================================================================
* Date:           Sun Feb 26 10:59:19 2023

* Version:        2020.1 (Build 2897737 on Wed May 27 20:21:37 MDT 2020)
* Project:        myproject_prj
* Solution:       solution1
* Product family: virtexuplus
* Target device:  xcvu9p-flga2577-2-e


================================================================
== Performance Estimates
================================================================
+ Timing: 
    * Summary: 
    +--------+---------+----------+------------+
    |  Clock |  Target | Estimated| Uncertainty|
    +--------+---------+----------+------------+
    |ap_clk  | 5.00 ns | 4.249 ns |   0.62 ns  |
    +--------+---------+----------+------------+

+ Latency: 
    * Summary: 
    +---------+---------+-----------+-----------+-----+-----+----------+
    |  Latency (cycles) |   Latency (absolute)  |  Interval | Pipeline |
    |   min   |   max   |    min    |    max    | min | max |   Type   |
    +---------+---------+-----------+-----------+-----+-----+----------+
    |        2|        2| 10.000 ns | 10.000 ns |    1|    1| function |
    +---------+---------+-----------+-----------+-----+-----+----------+

    + Detail: 
        * Instance: 
        N/A

        * Loop: 
        N/A

============================================================
+ Verbose Summary: Synthesis Manager
============================================================
InlineROM: 1
ExposeGlobal: 0
============================================================
+ Verbose Summary: CDFG Model
============================================================
IsTopModel: 0
ResetActiveHigh: 1
IsCombinational: 0
IsDatapathOnly: 0
HasWiredReturn: 1
HasMFsm: 2
HasVarLatency: 0
IsPipeline: 1
IsRtlPipelined: 1
IsInstanceOverlapped: 0
IsDontTouch: 0
HasImplIP: 0
IsGatedGlobalClock: 0

+ Individual pipeline summary: 
  * Pipeline-0: initiation interval (II) = 1, depth = 3


============================================================
+ Verbose Summary: Schedule
============================================================
* Number of FSM states : 3
* Pipeline : 1
  Pipeline-0 : II = 1, D = 3, States = { 1 2 3 }
* Dataflow Pipeline: 0

* FSM state transitions: 
1 --> 2 
2 --> 3 
3 --> 

* FSM state operations: 

State 1 <SV = 0> <Delay = 4.22>
ST_1 : Operation 4 [1/1] (0.00ns)   --->   "%z_V_read_1 = call i11 @_ssdm_op_Read.ap_auto.i11(i11 %z_V_read)"   --->   Operation 4 'read' 'z_V_read_1' <Predicate = true> <Delay = 0.00>
ST_1 : Operation 5 [1/1] (0.00ns) (grouped into LUT with out node add_ln101)   --->   "%z_V_read_cast = sext i11 %z_V_read_1 to i12"   --->   Operation 5 'sext' 'z_V_read_cast' <Predicate = true> <Delay = 0.00>
ST_1 : Operation 6 [1/1] (0.00ns)   --->   "%tmp = call i1 @_ssdm_op_BitSelect.i1.i11.i32(i11 %z_V_read_1, i32 10)" [/data/tools/Xilinx/Vivado/2020.1/common/technology/autopilot/hls_cordic_apfixed.h:101]   --->   Operation 6 'bitselect' 'tmp' <Predicate = true> <Delay = 0.00>
ST_1 : Operation 7 [1/1] (0.00ns) (grouped into LUT with out node add_ln101)   --->   "%select_ln101 = select i1 %tmp, i12 402, i12 -402" [/data/tools/Xilinx/Vivado/2020.1/common/technology/autopilot/hls_cordic_apfixed.h:101]   --->   Operation 7 'select' 'select_ln101' <Predicate = true> <Delay = 0.00> <Core = "Sel">   --->   Core 26 'Sel' <Latency = 0> <II = 1> <Delay = 0.30> <FuncUnit> <Opcode : 'select'> <InPorts = 3> <OutPorts = 1>
ST_1 : Operation 8 [1/1] (0.73ns) (out node of the LUT)   --->   "%add_ln101 = add i12 %z_V_read_cast, %select_ln101" [/data/tools/Xilinx/Vivado/2020.1/common/technology/autopilot/hls_cordic_apfixed.h:101]   --->   Operation 8 'add' 'add_ln101' <Predicate = true> <Delay = 0.73> <Core = "AddSub">   --->   Core 14 'AddSub' <Latency = 0> <II = 1> <Delay = 0.74> <FuncUnit> <Opcode : 'add' 'sub'> <InPorts = 2> <OutPorts = 1>
ST_1 : Operation 9 [1/1] (0.00ns)   --->   "%tmp_1 = call i1 @_ssdm_op_BitSelect.i1.i12.i32(i12 %add_ln101, i32 11)" [/data/tools/Xilinx/Vivado/2020.1/common/technology/autopilot/hls_cordic_apfixed.h:101]   --->   Operation 9 'bitselect' 'tmp_1' <Predicate = true> <Delay = 0.00>
ST_1 : Operation 10 [1/1] (0.00ns) (grouped into LUT with out node select_ln101_3)   --->   "%select_ln203 = select i1 %tmp, i9 155, i9 -47" [/data/tools/Xilinx/Vivado/2020.1/common/technology/autopilot/hls_cordic_apfixed.h:102]   --->   Operation 10 'select' 'select_ln203' <Predicate = true> <Delay = 0.00> <Core = "Sel">   --->   Core 26 'Sel' <Latency = 0> <II = 1> <Delay = 0.30> <FuncUnit> <Opcode : 'select'> <InPorts = 3> <OutPorts = 1>
ST_1 : Operation 11 [1/1] (0.00ns) (grouped into LUT with out node select_ln101_2)   --->   "%select_ln203_1 = select i1 %tmp, i10 -465, i10 155" [/data/tools/Xilinx/Vivado/2020.1/common/technology/autopilot/hls_cordic_apfixed.h:103]   --->   Operation 11 'select' 'select_ln203_1' <Predicate = true> <Delay = 0.00> <Core = "Sel">   --->   Core 26 'Sel' <Latency = 0> <II = 1> <Delay = 0.30> <FuncUnit> <Opcode : 'select'> <InPorts = 3> <OutPorts = 1>
ST_1 : Operation 12 [1/1] (0.00ns) (grouped into LUT with out node select_ln101_3)   --->   "%select_ln203_2 = select i1 %tmp, i9 -47, i9 155" [/data/tools/Xilinx/Vivado/2020.1/common/technology/autopilot/hls_cordic_apfixed.h:102]   --->   Operation 12 'select' 'select_ln203_2' <Predicate = true> <Delay = 0.00> <Core = "Sel">   --->   Core 26 'Sel' <Latency = 0> <II = 1> <Delay = 0.30> <FuncUnit> <Opcode : 'select'> <InPorts = 3> <OutPorts = 1>
ST_1 : Operation 13 [1/1] (0.00ns) (grouped into LUT with out node select_ln101_2)   --->   "%select_ln203_3 = select i1 %tmp, i10 -155, i10 465" [/data/tools/Xilinx/Vivado/2020.1/common/technology/autopilot/hls_cordic_apfixed.h:103]   --->   Operation 13 'select' 'select_ln203_3' <Predicate = true> <Delay = 0.00> <Core = "Sel">   --->   Core 26 'Sel' <Latency = 0> <II = 1> <Delay = 0.30> <FuncUnit> <Opcode : 'select'> <InPorts = 3> <OutPorts = 1>
ST_1 : Operation 14 [1/1] (0.00ns)   --->   "%tmp_2 = call i1 @_ssdm_op_BitSelect.i1.i12.i32(i12 %add_ln101, i32 11)" [/data/tools/Xilinx/Vivado/2020.1/common/technology/autopilot/hls_cordic_apfixed.h:101]   --->   Operation 14 'bitselect' 'tmp_2' <Predicate = true> <Delay = 0.00>
ST_1 : Operation 15 [1/1] (0.30ns)   --->   "%select_ln101_1 = select i1 %tmp_2, i12 474, i12 0" [/data/tools/Xilinx/Vivado/2020.1/common/technology/autopilot/hls_cordic_apfixed.h:101]   --->   Operation 15 'select' 'select_ln101_1' <Predicate = true> <Delay = 0.30> <Core = "Sel">   --->   Core 26 'Sel' <Latency = 0> <II = 1> <Delay = 0.30> <FuncUnit> <Opcode : 'select'> <InPorts = 3> <OutPorts = 1>
ST_1 : Operation 16 [1/1] (0.00ns) (grouped into TernaryAdder)   --->   "%add_ln101_1 = add i12 -237, %add_ln101" [/data/tools/Xilinx/Vivado/2020.1/common/technology/autopilot/hls_cordic_apfixed.h:101]   --->   Operation 16 'add' 'add_ln101_1' <Predicate = true> <Delay = 0.00> <Core = "TAddSub">   --->   Core 83 'TAddSub' <Latency = 0> <II = 1> <Delay = 0.37> <IPBlock> <Opcode : 'add' 'sub'> <InPorts = 3> <OutPorts = 1> <Sync> <CReg>
ST_1 : Operation 17 [1/1] (0.75ns) (root node of TernaryAdder)   --->   "%add_ln101_2 = add i12 %select_ln101_1, %add_ln101_1" [/data/tools/Xilinx/Vivado/2020.1/common/technology/autopilot/hls_cordic_apfixed.h:101]   --->   Operation 17 'add' 'add_ln101_2' <Predicate = true> <Delay = 0.75> <Core = "TAddSub">   --->   Core 83 'TAddSub' <Latency = 0> <II = 1> <Delay = 0.37> <IPBlock> <Opcode : 'add' 'sub'> <InPorts = 3> <OutPorts = 1> <Sync> <CReg>
ST_1 : Operation 18 [1/1] (0.30ns) (out node of the LUT)   --->   "%select_ln101_2 = select i1 %tmp_1, i10 %select_ln203_1, i10 %select_ln203_3" [/data/tools/Xilinx/Vivado/2020.1/common/technology/autopilot/hls_cordic_apfixed.h:101]   --->   Operation 18 'select' 'select_ln101_2' <Predicate = true> <Delay = 0.30> <Core = "Sel">   --->   Core 26 'Sel' <Latency = 0> <II = 1> <Delay = 0.30> <FuncUnit> <Opcode : 'select'> <InPorts = 3> <OutPorts = 1>
ST_1 : Operation 19 [1/1] (0.00ns)   --->   "%sext_ln101 = sext i10 %select_ln101_2 to i11" [/data/tools/Xilinx/Vivado/2020.1/common/technology/autopilot/hls_cordic_apfixed.h:101]   --->   Operation 19 'sext' 'sext_ln101' <Predicate = true> <Delay = 0.00>
ST_1 : Operation 20 [1/1] (0.30ns) (out node of the LUT)   --->   "%select_ln101_3 = select i1 %tmp_1, i9 %select_ln203, i9 %select_ln203_2" [/data/tools/Xilinx/Vivado/2020.1/common/technology/autopilot/hls_cordic_apfixed.h:101]   --->   Operation 20 'select' 'select_ln101_3' <Predicate = true> <Delay = 0.30> <Core = "Sel">   --->   Core 26 'Sel' <Latency = 0> <II = 1> <Delay = 0.30> <FuncUnit> <Opcode : 'select'> <InPorts = 3> <OutPorts = 1>
ST_1 : Operation 21 [1/1] (0.00ns)   --->   "%zext_ln1333_2 = zext i9 %select_ln101_3 to i10" [/data/tools/Xilinx/Vivado/2020.1/common/technology/autopilot/hls_cordic_apfixed.h:97]   --->   Operation 21 'zext' 'zext_ln1333_2' <Predicate = true> <Delay = 0.00>
ST_1 : Operation 22 [1/1] (0.00ns)   --->   "%lshr_ln = call i7 @_ssdm_op_PartSelect.i7.i9.i32.i32(i9 %select_ln101_3, i32 2, i32 8)" [/data/tools/Xilinx/Vivado/2020.1/common/technology/autopilot/hls_cordic_apfixed.h:97]   --->   Operation 22 'partselect' 'lshr_ln' <Predicate = true> <Delay = 0.00>
ST_1 : Operation 23 [1/1] (0.00ns)   --->   "%zext_ln1333 = zext i7 %lshr_ln to i11" [/data/tools/Xilinx/Vivado/2020.1/common/technology/autopilot/hls_cordic_apfixed.h:98]   --->   Operation 23 'zext' 'zext_ln1333' <Predicate = true> <Delay = 0.00>
ST_1 : Operation 24 [1/1] (0.00ns)   --->   "%tmp_3 = call i8 @_ssdm_op_PartSelect.i8.i10.i32.i32(i10 %select_ln101_2, i32 2, i32 9)" [/data/tools/Xilinx/Vivado/2020.1/common/technology/autopilot/hls_cordic_apfixed.h:101]   --->   Operation 24 'partselect' 'tmp_3' <Predicate = true> <Delay = 0.00>
ST_1 : Operation 25 [1/1] (0.00ns)   --->   "%sext_ln101_1 = sext i8 %tmp_3 to i10" [/data/tools/Xilinx/Vivado/2020.1/common/technology/autopilot/hls_cordic_apfixed.h:101]   --->   Operation 25 'sext' 'sext_ln101_1' <Predicate = true> <Delay = 0.00>
ST_1 : Operation 26 [1/1] (0.00ns)   --->   "%tmp_4 = call i1 @_ssdm_op_BitSelect.i1.i12.i32(i12 %add_ln101_2, i32 11)" [/data/tools/Xilinx/Vivado/2020.1/common/technology/autopilot/hls_cordic_apfixed.h:101]   --->   Operation 26 'bitselect' 'tmp_4' <Predicate = true> <Delay = 0.00>
ST_1 : Operation 27 [1/1] (0.71ns)   --->   "%add_ln203 = add i10 %sext_ln101_1, %zext_ln1333_2" [/data/tools/Xilinx/Vivado/2020.1/common/technology/autopilot/hls_cordic_apfixed.h:102]   --->   Operation 27 'add' 'add_ln203' <Predicate = true> <Delay = 0.71> <Core = "AddSub">   --->   Core 14 'AddSub' <Latency = 0> <II = 1> <Delay = 0.74> <FuncUnit> <Opcode : 'add' 'sub'> <InPorts = 2> <OutPorts = 1>
ST_1 : Operation 28 [1/1] (0.72ns)   --->   "%sub_ln203 = sub i11 %sext_ln101, %zext_ln1333" [/data/tools/Xilinx/Vivado/2020.1/common/technology/autopilot/hls_cordic_apfixed.h:103]   --->   Operation 28 'sub' 'sub_ln203' <Predicate = true> <Delay = 0.72> <Core = "AddSub">   --->   Core 14 'AddSub' <Latency = 0> <II = 1> <Delay = 0.74> <FuncUnit> <Opcode : 'add' 'sub'> <InPorts = 2> <OutPorts = 1>
ST_1 : Operation 29 [1/1] (0.71ns)   --->   "%sub_ln203_1 = sub i10 %zext_ln1333_2, %sext_ln101_1" [/data/tools/Xilinx/Vivado/2020.1/common/technology/autopilot/hls_cordic_apfixed.h:102]   --->   Operation 29 'sub' 'sub_ln203_1' <Predicate = true> <Delay = 0.71> <Core = "AddSub">   --->   Core 14 'AddSub' <Latency = 0> <II = 1> <Delay = 0.74> <FuncUnit> <Opcode : 'add' 'sub'> <InPorts = 2> <OutPorts = 1>
ST_1 : Operation 30 [1/1] (0.72ns)   --->   "%add_ln203_1 = add i11 %zext_ln1333, %sext_ln101" [/data/tools/Xilinx/Vivado/2020.1/common/technology/autopilot/hls_cordic_apfixed.h:103]   --->   Operation 30 'add' 'add_ln203_1' <Predicate = true> <Delay = 0.72> <Core = "AddSub">   --->   Core 14 'AddSub' <Latency = 0> <II = 1> <Delay = 0.74> <FuncUnit> <Opcode : 'add' 'sub'> <InPorts = 2> <OutPorts = 1>
ST_1 : Operation 31 [1/1] (0.00ns)   --->   "%tmp_5 = call i1 @_ssdm_op_BitSelect.i1.i12.i32(i12 %add_ln101_2, i32 11)" [/data/tools/Xilinx/Vivado/2020.1/common/technology/autopilot/hls_cordic_apfixed.h:101]   --->   Operation 31 'bitselect' 'tmp_5' <Predicate = true> <Delay = 0.00>
ST_1 : Operation 32 [1/1] (0.30ns)   --->   "%select_ln101_4 = select i1 %tmp_5, i12 250, i12 0" [/data/tools/Xilinx/Vivado/2020.1/common/technology/autopilot/hls_cordic_apfixed.h:101]   --->   Operation 32 'select' 'select_ln101_4' <Predicate = true> <Delay = 0.30> <Core = "Sel">   --->   Core 26 'Sel' <Latency = 0> <II = 1> <Delay = 0.30> <FuncUnit> <Opcode : 'select'> <InPorts = 3> <OutPorts = 1>
ST_1 : Operation 33 [1/1] (0.00ns) (grouped into TernaryAdder)   --->   "%add_ln101_3 = add i12 -125, %add_ln101_2" [/data/tools/Xilinx/Vivado/2020.1/common/technology/autopilot/hls_cordic_apfixed.h:101]   --->   Operation 33 'add' 'add_ln101_3' <Predicate = true> <Delay = 0.00> <Core = "TAddSub">   --->   Core 83 'TAddSub' <Latency = 0> <II = 1> <Delay = 0.37> <IPBlock> <Opcode : 'add' 'sub'> <InPorts = 3> <OutPorts = 1> <Sync> <CReg>
ST_1 : Operation 34 [1/1] (0.75ns) (root node of TernaryAdder)   --->   "%add_ln101_4 = add i12 %select_ln101_4, %add_ln101_3" [/data/tools/Xilinx/Vivado/2020.1/common/technology/autopilot/hls_cordic_apfixed.h:101]   --->   Operation 34 'add' 'add_ln101_4' <Predicate = true> <Delay = 0.75> <Core = "TAddSub">   --->   Core 83 'TAddSub' <Latency = 0> <II = 1> <Delay = 0.37> <IPBlock> <Opcode : 'add' 'sub'> <InPorts = 3> <OutPorts = 1> <Sync> <CReg>
ST_1 : Operation 35 [1/1] (0.30ns)   --->   "%select_ln101_5 = select i1 %tmp_4, i11 %sub_ln203, i11 %add_ln203_1" [/data/tools/Xilinx/Vivado/2020.1/common/technology/autopilot/hls_cordic_apfixed.h:101]   --->   Operation 35 'select' 'select_ln101_5' <Predicate = true> <Delay = 0.30> <Core = "Sel">   --->   Core 26 'Sel' <Latency = 0> <II = 1> <Delay = 0.30> <FuncUnit> <Opcode : 'select'> <InPorts = 3> <OutPorts = 1>
ST_1 : Operation 36 [1/1] (0.30ns)   --->   "%select_ln101_6 = select i1 %tmp_4, i10 %add_ln203, i10 %sub_ln203_1" [/data/tools/Xilinx/Vivado/2020.1/common/technology/autopilot/hls_cordic_apfixed.h:101]   --->   Operation 36 'select' 'select_ln101_6' <Predicate = true> <Delay = 0.30> <Core = "Sel">   --->   Core 26 'Sel' <Latency = 0> <II = 1> <Delay = 0.30> <FuncUnit> <Opcode : 'select'> <InPorts = 3> <OutPorts = 1>
ST_1 : Operation 37 [1/1] (0.00ns)   --->   "%zext_ln101 = zext i10 %select_ln101_6 to i11" [/data/tools/Xilinx/Vivado/2020.1/common/technology/autopilot/hls_cordic_apfixed.h:101]   --->   Operation 37 'zext' 'zext_ln101' <Predicate = true> <Delay = 0.00>
ST_1 : Operation 38 [1/1] (0.00ns)   --->   "%tmp_6 = call i7 @_ssdm_op_PartSelect.i7.i10.i32.i32(i10 %select_ln101_6, i32 3, i32 9)" [/data/tools/Xilinx/Vivado/2020.1/common/technology/autopilot/hls_cordic_apfixed.h:97]   --->   Operation 38 'partselect' 'tmp_6' <Predicate = true> <Delay = 0.00>
ST_1 : Operation 39 [1/1] (0.00ns)   --->   "%zext_ln1333_1 = zext i7 %tmp_6 to i11" [/data/tools/Xilinx/Vivado/2020.1/common/technology/autopilot/hls_cordic_apfixed.h:98]   --->   Operation 39 'zext' 'zext_ln1333_1' <Predicate = true> <Delay = 0.00>
ST_1 : Operation 40 [1/1] (0.00ns)   --->   "%tmp_7 = call i8 @_ssdm_op_PartSelect.i8.i11.i32.i32(i11 %select_ln101_5, i32 3, i32 10)" [/data/tools/Xilinx/Vivado/2020.1/common/technology/autopilot/hls_cordic_apfixed.h:101]   --->   Operation 40 'partselect' 'tmp_7' <Predicate = true> <Delay = 0.00>
ST_1 : Operation 41 [1/1] (0.00ns)   --->   "%sext_ln101_3 = sext i8 %tmp_7 to i11" [/data/tools/Xilinx/Vivado/2020.1/common/technology/autopilot/hls_cordic_apfixed.h:101]   --->   Operation 41 'sext' 'sext_ln101_3' <Predicate = true> <Delay = 0.00>
ST_1 : Operation 42 [1/1] (0.00ns)   --->   "%tmp_8 = call i1 @_ssdm_op_BitSelect.i1.i12.i32(i12 %add_ln101_4, i32 11)" [/data/tools/Xilinx/Vivado/2020.1/common/technology/autopilot/hls_cordic_apfixed.h:101]   --->   Operation 42 'bitselect' 'tmp_8' <Predicate = true> <Delay = 0.00>
ST_1 : Operation 43 [1/1] (0.72ns)   --->   "%add_ln203_2 = add i11 %sext_ln101_3, %zext_ln101" [/data/tools/Xilinx/Vivado/2020.1/common/technology/autopilot/hls_cordic_apfixed.h:102]   --->   Operation 43 'add' 'add_ln203_2' <Predicate = true> <Delay = 0.72> <Core = "AddSub">   --->   Core 14 'AddSub' <Latency = 0> <II = 1> <Delay = 0.74> <FuncUnit> <Opcode : 'add' 'sub'> <InPorts = 2> <OutPorts = 1>
ST_1 : Operation 44 [1/1] (0.73ns)   --->   "%sub_ln203_2 = sub i11 %select_ln101_5, %zext_ln1333_1" [/data/tools/Xilinx/Vivado/2020.1/common/technology/autopilot/hls_cordic_apfixed.h:103]   --->   Operation 44 'sub' 'sub_ln203_2' <Predicate = true> <Delay = 0.73> <Core = "AddSub">   --->   Core 14 'AddSub' <Latency = 0> <II = 1> <Delay = 0.74> <FuncUnit> <Opcode : 'add' 'sub'> <InPorts = 2> <OutPorts = 1>
ST_1 : Operation 45 [1/1] (0.72ns)   --->   "%sub_ln203_3 = sub i11 %zext_ln101, %sext_ln101_3" [/data/tools/Xilinx/Vivado/2020.1/common/technology/autopilot/hls_cordic_apfixed.h:102]   --->   Operation 45 'sub' 'sub_ln203_3' <Predicate = true> <Delay = 0.72> <Core = "AddSub">   --->   Core 14 'AddSub' <Latency = 0> <II = 1> <Delay = 0.74> <FuncUnit> <Opcode : 'add' 'sub'> <InPorts = 2> <OutPorts = 1>
ST_1 : Operation 46 [1/1] (0.73ns)   --->   "%add_ln203_3 = add i11 %zext_ln1333_1, %select_ln101_5" [/data/tools/Xilinx/Vivado/2020.1/common/technology/autopilot/hls_cordic_apfixed.h:103]   --->   Operation 46 'add' 'add_ln203_3' <Predicate = true> <Delay = 0.73> <Core = "AddSub">   --->   Core 14 'AddSub' <Latency = 0> <II = 1> <Delay = 0.74> <FuncUnit> <Opcode : 'add' 'sub'> <InPorts = 2> <OutPorts = 1>
ST_1 : Operation 47 [1/1] (0.00ns)   --->   "%tmp_9 = call i1 @_ssdm_op_BitSelect.i1.i12.i32(i12 %add_ln101_4, i32 11)" [/data/tools/Xilinx/Vivado/2020.1/common/technology/autopilot/hls_cordic_apfixed.h:101]   --->   Operation 47 'bitselect' 'tmp_9' <Predicate = true> <Delay = 0.00>
ST_1 : Operation 48 [1/1] (0.30ns)   --->   "%select_ln101_7 = select i1 %tmp_9, i12 126, i12 0" [/data/tools/Xilinx/Vivado/2020.1/common/technology/autopilot/hls_cordic_apfixed.h:101]   --->   Operation 48 'select' 'select_ln101_7' <Predicate = true> <Delay = 0.30> <Core = "Sel">   --->   Core 26 'Sel' <Latency = 0> <II = 1> <Delay = 0.30> <FuncUnit> <Opcode : 'select'> <InPorts = 3> <OutPorts = 1>
ST_1 : Operation 49 [1/1] (0.00ns) (grouped into TernaryAdder)   --->   "%add_ln101_5 = add i12 -63, %add_ln101_4" [/data/tools/Xilinx/Vivado/2020.1/common/technology/autopilot/hls_cordic_apfixed.h:101]   --->   Operation 49 'add' 'add_ln101_5' <Predicate = true> <Delay = 0.00> <Core = "TAddSub">   --->   Core 83 'TAddSub' <Latency = 0> <II = 1> <Delay = 0.37> <IPBlock> <Opcode : 'add' 'sub'> <InPorts = 3> <OutPorts = 1> <Sync> <CReg>
ST_1 : Operation 50 [1/1] (0.75ns) (root node of TernaryAdder)   --->   "%add_ln101_6 = add i12 %select_ln101_7, %add_ln101_5" [/data/tools/Xilinx/Vivado/2020.1/common/technology/autopilot/hls_cordic_apfixed.h:101]   --->   Operation 50 'add' 'add_ln101_6' <Predicate = true> <Delay = 0.75> <Core = "TAddSub">   --->   Core 83 'TAddSub' <Latency = 0> <II = 1> <Delay = 0.37> <IPBlock> <Opcode : 'add' 'sub'> <InPorts = 3> <OutPorts = 1> <Sync> <CReg>
ST_1 : Operation 51 [1/1] (0.30ns)   --->   "%select_ln101_8 = select i1 %tmp_8, i11 %sub_ln203_2, i11 %add_ln203_3" [/data/tools/Xilinx/Vivado/2020.1/common/technology/autopilot/hls_cordic_apfixed.h:101]   --->   Operation 51 'select' 'select_ln101_8' <Predicate = true> <Delay = 0.30> <Core = "Sel">   --->   Core 26 'Sel' <Latency = 0> <II = 1> <Delay = 0.30> <FuncUnit> <Opcode : 'select'> <InPorts = 3> <OutPorts = 1>
ST_1 : Operation 52 [1/1] (0.30ns)   --->   "%select_ln101_9 = select i1 %tmp_8, i11 %add_ln203_2, i11 %sub_ln203_3" [/data/tools/Xilinx/Vivado/2020.1/common/technology/autopilot/hls_cordic_apfixed.h:101]   --->   Operation 52 'select' 'select_ln101_9' <Predicate = true> <Delay = 0.30> <Core = "Sel">   --->   Core 26 'Sel' <Latency = 0> <II = 1> <Delay = 0.30> <FuncUnit> <Opcode : 'select'> <InPorts = 3> <OutPorts = 1>
ST_1 : Operation 53 [1/1] (0.00ns)   --->   "%tmp_10 = call i7 @_ssdm_op_PartSelect.i7.i11.i32.i32(i11 %select_ln101_9, i32 4, i32 10)" [/data/tools/Xilinx/Vivado/2020.1/common/technology/autopilot/hls_cordic_apfixed.h:97]   --->   Operation 53 'partselect' 'tmp_10' <Predicate = true> <Delay = 0.00>
ST_1 : Operation 54 [1/1] (0.00ns)   --->   "%sext_ln1333 = sext i7 %tmp_10 to i11" [/data/tools/Xilinx/Vivado/2020.1/common/technology/autopilot/hls_cordic_apfixed.h:98]   --->   Operation 54 'sext' 'sext_ln1333' <Predicate = true> <Delay = 0.00>
ST_1 : Operation 55 [1/1] (0.00ns)   --->   "%tmp_11 = call i7 @_ssdm_op_PartSelect.i7.i11.i32.i32(i11 %select_ln101_8, i32 4, i32 10)" [/data/tools/Xilinx/Vivado/2020.1/common/technology/autopilot/hls_cordic_apfixed.h:101]   --->   Operation 55 'partselect' 'tmp_11' <Predicate = true> <Delay = 0.00>
ST_1 : Operation 56 [1/1] (0.00ns)   --->   "%sext_ln101_4 = sext i7 %tmp_11 to i11" [/data/tools/Xilinx/Vivado/2020.1/common/technology/autopilot/hls_cordic_apfixed.h:101]   --->   Operation 56 'sext' 'sext_ln101_4' <Predicate = true> <Delay = 0.00>
ST_1 : Operation 57 [1/1] (0.00ns)   --->   "%tmp_12 = call i1 @_ssdm_op_BitSelect.i1.i12.i32(i12 %add_ln101_6, i32 11)" [/data/tools/Xilinx/Vivado/2020.1/common/technology/autopilot/hls_cordic_apfixed.h:101]   --->   Operation 57 'bitselect' 'tmp_12' <Predicate = true> <Delay = 0.00>
ST_1 : Operation 58 [1/1] (0.73ns)   --->   "%add_ln203_4 = add i11 %sext_ln101_4, %select_ln101_9" [/data/tools/Xilinx/Vivado/2020.1/common/technology/autopilot/hls_cordic_apfixed.h:102]   --->   Operation 58 'add' 'add_ln203_4' <Predicate = true> <Delay = 0.73> <Core = "AddSub">   --->   Core 14 'AddSub' <Latency = 0> <II = 1> <Delay = 0.74> <FuncUnit> <Opcode : 'add' 'sub'> <InPorts = 2> <OutPorts = 1>
ST_1 : Operation 59 [1/1] (0.73ns)   --->   "%sub_ln203_4 = sub i11 %select_ln101_8, %sext_ln1333" [/data/tools/Xilinx/Vivado/2020.1/common/technology/autopilot/hls_cordic_apfixed.h:103]   --->   Operation 59 'sub' 'sub_ln203_4' <Predicate = true> <Delay = 0.73> <Core = "AddSub">   --->   Core 14 'AddSub' <Latency = 0> <II = 1> <Delay = 0.74> <FuncUnit> <Opcode : 'add' 'sub'> <InPorts = 2> <OutPorts = 1>
ST_1 : Operation 60 [1/1] (0.73ns)   --->   "%sub_ln203_12 = sub i11 %select_ln101_9, %sext_ln101_4" [/data/tools/Xilinx/Vivado/2020.1/common/technology/autopilot/hls_cordic_apfixed.h:102]   --->   Operation 60 'sub' 'sub_ln203_12' <Predicate = true> <Delay = 0.73> <Core = "AddSub">   --->   Core 14 'AddSub' <Latency = 0> <II = 1> <Delay = 0.74> <FuncUnit> <Opcode : 'add' 'sub'> <InPorts = 2> <OutPorts = 1>
ST_1 : Operation 61 [1/1] (0.73ns)   --->   "%add_ln203_12 = add i11 %sext_ln1333, %select_ln101_8" [/data/tools/Xilinx/Vivado/2020.1/common/technology/autopilot/hls_cordic_apfixed.h:103]   --->   Operation 61 'add' 'add_ln203_12' <Predicate = true> <Delay = 0.73> <Core = "AddSub">   --->   Core 14 'AddSub' <Latency = 0> <II = 1> <Delay = 0.74> <FuncUnit> <Opcode : 'add' 'sub'> <InPorts = 2> <OutPorts = 1>
ST_1 : Operation 62 [1/1] (0.00ns)   --->   "%tmp_13 = call i1 @_ssdm_op_BitSelect.i1.i12.i32(i12 %add_ln101_6, i32 11)" [/data/tools/Xilinx/Vivado/2020.1/common/technology/autopilot/hls_cordic_apfixed.h:101]   --->   Operation 62 'bitselect' 'tmp_13' <Predicate = true> <Delay = 0.00>
ST_1 : Operation 63 [1/1] (0.30ns)   --->   "%select_ln101_10 = select i1 %tmp_13, i12 62, i12 0" [/data/tools/Xilinx/Vivado/2020.1/common/technology/autopilot/hls_cordic_apfixed.h:101]   --->   Operation 63 'select' 'select_ln101_10' <Predicate = true> <Delay = 0.30> <Core = "Sel">   --->   Core 26 'Sel' <Latency = 0> <II = 1> <Delay = 0.30> <FuncUnit> <Opcode : 'select'> <InPorts = 3> <OutPorts = 1>
ST_1 : Operation 64 [1/1] (0.30ns)   --->   "%select_ln101_11 = select i1 %tmp_12, i11 %sub_ln203_4, i11 %add_ln203_12" [/data/tools/Xilinx/Vivado/2020.1/common/technology/autopilot/hls_cordic_apfixed.h:101]   --->   Operation 64 'select' 'select_ln101_11' <Predicate = true> <Delay = 0.30> <Core = "Sel">   --->   Core 26 'Sel' <Latency = 0> <II = 1> <Delay = 0.30> <FuncUnit> <Opcode : 'select'> <InPorts = 3> <OutPorts = 1>
ST_1 : Operation 65 [1/1] (0.30ns)   --->   "%select_ln101_12 = select i1 %tmp_12, i11 %add_ln203_4, i11 %sub_ln203_12" [/data/tools/Xilinx/Vivado/2020.1/common/technology/autopilot/hls_cordic_apfixed.h:101]   --->   Operation 65 'select' 'select_ln101_12' <Predicate = true> <Delay = 0.30> <Core = "Sel">   --->   Core 26 'Sel' <Latency = 0> <II = 1> <Delay = 0.30> <FuncUnit> <Opcode : 'select'> <InPorts = 3> <OutPorts = 1>
ST_1 : Operation 66 [1/1] (0.00ns)   --->   "%tmp_14 = call i6 @_ssdm_op_PartSelect.i6.i11.i32.i32(i11 %select_ln101_12, i32 5, i32 10)" [/data/tools/Xilinx/Vivado/2020.1/common/technology/autopilot/hls_cordic_apfixed.h:97]   --->   Operation 66 'partselect' 'tmp_14' <Predicate = true> <Delay = 0.00>
ST_1 : Operation 67 [1/1] (0.00ns)   --->   "%tmp_15 = call i6 @_ssdm_op_PartSelect.i6.i11.i32.i32(i11 %select_ln101_11, i32 5, i32 10)" [/data/tools/Xilinx/Vivado/2020.1/common/technology/autopilot/hls_cordic_apfixed.h:101]   --->   Operation 67 'partselect' 'tmp_15' <Predicate = true> <Delay = 0.00>

State 2 <SV = 1> <Delay = 4.24>
ST_2 : Operation 68 [1/1] (0.00ns) (grouped into TernaryAdder)   --->   "%add_ln101_7 = add i12 -31, %add_ln101_6" [/data/tools/Xilinx/Vivado/2020.1/common/technology/autopilot/hls_cordic_apfixed.h:101]   --->   Operation 68 'add' 'add_ln101_7' <Predicate = true> <Delay = 0.00> <Core = "TAddSub">   --->   Core 83 'TAddSub' <Latency = 0> <II = 1> <Delay = 0.37> <IPBlock> <Opcode : 'add' 'sub'> <InPorts = 3> <OutPorts = 1> <Sync> <CReg>
ST_2 : Operation 69 [1/1] (0.75ns) (root node of TernaryAdder)   --->   "%add_ln101_8 = add i12 %select_ln101_10, %add_ln101_7" [/data/tools/Xilinx/Vivado/2020.1/common/technology/autopilot/hls_cordic_apfixed.h:101]   --->   Operation 69 'add' 'add_ln101_8' <Predicate = true> <Delay = 0.75> <Core = "TAddSub">   --->   Core 83 'TAddSub' <Latency = 0> <II = 1> <Delay = 0.37> <IPBlock> <Opcode : 'add' 'sub'> <InPorts = 3> <OutPorts = 1> <Sync> <CReg>
ST_2 : Operation 70 [1/1] (0.00ns)   --->   "%sext_ln101_2 = sext i11 %select_ln101_11 to i12" [/data/tools/Xilinx/Vivado/2020.1/common/technology/autopilot/hls_cordic_apfixed.h:101]   --->   Operation 70 'sext' 'sext_ln101_2' <Predicate = true> <Delay = 0.00>
ST_2 : Operation 71 [1/1] (0.00ns)   --->   "%sext_ln1371 = sext i6 %tmp_14 to i12" [/data/tools/Xilinx/Vivado/2020.1/common/technology/autopilot/hls_cordic_apfixed.h:97]   --->   Operation 71 'sext' 'sext_ln1371' <Predicate = true> <Delay = 0.00>
ST_2 : Operation 72 [1/1] (0.00ns)   --->   "%sext_ln101_5 = sext i6 %tmp_15 to i11" [/data/tools/Xilinx/Vivado/2020.1/common/technology/autopilot/hls_cordic_apfixed.h:101]   --->   Operation 72 'sext' 'sext_ln101_5' <Predicate = true> <Delay = 0.00>
ST_2 : Operation 73 [1/1] (0.00ns)   --->   "%tmp_16 = call i1 @_ssdm_op_BitSelect.i1.i12.i32(i12 %add_ln101_8, i32 11)" [/data/tools/Xilinx/Vivado/2020.1/common/technology/autopilot/hls_cordic_apfixed.h:101]   --->   Operation 73 'bitselect' 'tmp_16' <Predicate = true> <Delay = 0.00>
ST_2 : Operation 74 [1/1] (0.73ns)   --->   "%add_ln203_5 = add i11 %sext_ln101_5, %select_ln101_12" [/data/tools/Xilinx/Vivado/2020.1/common/technology/autopilot/hls_cordic_apfixed.h:102]   --->   Operation 74 'add' 'add_ln203_5' <Predicate = true> <Delay = 0.73> <Core = "AddSub">   --->   Core 14 'AddSub' <Latency = 0> <II = 1> <Delay = 0.74> <FuncUnit> <Opcode : 'add' 'sub'> <InPorts = 2> <OutPorts = 1>
ST_2 : Operation 75 [1/1] (0.73ns)   --->   "%sub_ln203_5 = sub i12 %sext_ln101_2, %sext_ln1371" [/data/tools/Xilinx/Vivado/2020.1/common/technology/autopilot/hls_cordic_apfixed.h:103]   --->   Operation 75 'sub' 'sub_ln203_5' <Predicate = true> <Delay = 0.73> <Core = "AddSub">   --->   Core 14 'AddSub' <Latency = 0> <II = 1> <Delay = 0.74> <FuncUnit> <Opcode : 'add' 'sub'> <InPorts = 2> <OutPorts = 1>
ST_2 : Operation 76 [1/1] (0.73ns)   --->   "%sub_ln203_13 = sub i11 %select_ln101_12, %sext_ln101_5" [/data/tools/Xilinx/Vivado/2020.1/common/technology/autopilot/hls_cordic_apfixed.h:102]   --->   Operation 76 'sub' 'sub_ln203_13' <Predicate = true> <Delay = 0.73> <Core = "AddSub">   --->   Core 14 'AddSub' <Latency = 0> <II = 1> <Delay = 0.74> <FuncUnit> <Opcode : 'add' 'sub'> <InPorts = 2> <OutPorts = 1>
ST_2 : Operation 77 [1/1] (0.73ns)   --->   "%add_ln203_13 = add i12 %sext_ln1371, %sext_ln101_2" [/data/tools/Xilinx/Vivado/2020.1/common/technology/autopilot/hls_cordic_apfixed.h:103]   --->   Operation 77 'add' 'add_ln203_13' <Predicate = true> <Delay = 0.73> <Core = "AddSub">   --->   Core 14 'AddSub' <Latency = 0> <II = 1> <Delay = 0.74> <FuncUnit> <Opcode : 'add' 'sub'> <InPorts = 2> <OutPorts = 1>
ST_2 : Operation 78 [1/1] (0.00ns)   --->   "%tmp_17 = call i1 @_ssdm_op_BitSelect.i1.i12.i32(i12 %add_ln101_8, i32 11)" [/data/tools/Xilinx/Vivado/2020.1/common/technology/autopilot/hls_cordic_apfixed.h:101]   --->   Operation 78 'bitselect' 'tmp_17' <Predicate = true> <Delay = 0.00>
ST_2 : Operation 79 [1/1] (0.29ns)   --->   "%select_ln101_13 = select i1 %tmp_17, i12 30, i12 0" [/data/tools/Xilinx/Vivado/2020.1/common/technology/autopilot/hls_cordic_apfixed.h:101]   --->   Operation 79 'select' 'select_ln101_13' <Predicate = true> <Delay = 0.29> <Core = "Sel">   --->   Core 26 'Sel' <Latency = 0> <II = 1> <Delay = 0.30> <FuncUnit> <Opcode : 'select'> <InPorts = 3> <OutPorts = 1>
ST_2 : Operation 80 [1/1] (0.00ns) (grouped into TernaryAdder)   --->   "%add_ln101_9 = add i12 -15, %add_ln101_8" [/data/tools/Xilinx/Vivado/2020.1/common/technology/autopilot/hls_cordic_apfixed.h:101]   --->   Operation 80 'add' 'add_ln101_9' <Predicate = true> <Delay = 0.00> <Core = "TAddSub">   --->   Core 83 'TAddSub' <Latency = 0> <II = 1> <Delay = 0.37> <IPBlock> <Opcode : 'add' 'sub'> <InPorts = 3> <OutPorts = 1> <Sync> <CReg>
ST_2 : Operation 81 [1/1] (0.75ns) (root node of TernaryAdder)   --->   "%add_ln101_10 = add i12 %select_ln101_13, %add_ln101_9" [/data/tools/Xilinx/Vivado/2020.1/common/technology/autopilot/hls_cordic_apfixed.h:101]   --->   Operation 81 'add' 'add_ln101_10' <Predicate = true> <Delay = 0.75> <Core = "TAddSub">   --->   Core 83 'TAddSub' <Latency = 0> <II = 1> <Delay = 0.37> <IPBlock> <Opcode : 'add' 'sub'> <InPorts = 3> <OutPorts = 1> <Sync> <CReg>
ST_2 : Operation 82 [1/1] (0.29ns)   --->   "%select_ln101_14 = select i1 %tmp_16, i12 %sub_ln203_5, i12 %add_ln203_13" [/data/tools/Xilinx/Vivado/2020.1/common/technology/autopilot/hls_cordic_apfixed.h:101]   --->   Operation 82 'select' 'select_ln101_14' <Predicate = true> <Delay = 0.29> <Core = "Sel">   --->   Core 26 'Sel' <Latency = 0> <II = 1> <Delay = 0.30> <FuncUnit> <Opcode : 'select'> <InPorts = 3> <OutPorts = 1>
ST_2 : Operation 83 [1/1] (0.30ns)   --->   "%select_ln101_15 = select i1 %tmp_16, i11 %add_ln203_5, i11 %sub_ln203_13" [/data/tools/Xilinx/Vivado/2020.1/common/technology/autopilot/hls_cordic_apfixed.h:101]   --->   Operation 83 'select' 'select_ln101_15' <Predicate = true> <Delay = 0.30> <Core = "Sel">   --->   Core 26 'Sel' <Latency = 0> <II = 1> <Delay = 0.30> <FuncUnit> <Opcode : 'select'> <InPorts = 3> <OutPorts = 1>
ST_2 : Operation 84 [1/1] (0.00ns)   --->   "%tmp_18 = call i5 @_ssdm_op_PartSelect.i5.i11.i32.i32(i11 %select_ln101_15, i32 6, i32 10)" [/data/tools/Xilinx/Vivado/2020.1/common/technology/autopilot/hls_cordic_apfixed.h:97]   --->   Operation 84 'partselect' 'tmp_18' <Predicate = true> <Delay = 0.00>
ST_2 : Operation 85 [1/1] (0.00ns)   --->   "%sext_ln1371_1 = sext i5 %tmp_18 to i12" [/data/tools/Xilinx/Vivado/2020.1/common/technology/autopilot/hls_cordic_apfixed.h:97]   --->   Operation 85 'sext' 'sext_ln1371_1' <Predicate = true> <Delay = 0.00>
ST_2 : Operation 86 [1/1] (0.00ns)   --->   "%tmp_19 = call i6 @_ssdm_op_PartSelect.i6.i12.i32.i32(i12 %select_ln101_14, i32 6, i32 11)" [/data/tools/Xilinx/Vivado/2020.1/common/technology/autopilot/hls_cordic_apfixed.h:101]   --->   Operation 86 'partselect' 'tmp_19' <Predicate = true> <Delay = 0.00>
ST_2 : Operation 87 [1/1] (0.00ns)   --->   "%sext_ln101_6 = sext i6 %tmp_19 to i11" [/data/tools/Xilinx/Vivado/2020.1/common/technology/autopilot/hls_cordic_apfixed.h:101]   --->   Operation 87 'sext' 'sext_ln101_6' <Predicate = true> <Delay = 0.00>
ST_2 : Operation 88 [1/1] (0.00ns)   --->   "%tmp_20 = call i1 @_ssdm_op_BitSelect.i1.i12.i32(i12 %add_ln101_10, i32 11)" [/data/tools/Xilinx/Vivado/2020.1/common/technology/autopilot/hls_cordic_apfixed.h:101]   --->   Operation 88 'bitselect' 'tmp_20' <Predicate = true> <Delay = 0.00>
ST_2 : Operation 89 [1/1] (0.73ns)   --->   "%add_ln203_6 = add i11 %sext_ln101_6, %select_ln101_15" [/data/tools/Xilinx/Vivado/2020.1/common/technology/autopilot/hls_cordic_apfixed.h:102]   --->   Operation 89 'add' 'add_ln203_6' <Predicate = true> <Delay = 0.73> <Core = "AddSub">   --->   Core 14 'AddSub' <Latency = 0> <II = 1> <Delay = 0.74> <FuncUnit> <Opcode : 'add' 'sub'> <InPorts = 2> <OutPorts = 1>
ST_2 : Operation 90 [1/1] (0.74ns)   --->   "%sub_ln203_6 = sub i12 %select_ln101_14, %sext_ln1371_1" [/data/tools/Xilinx/Vivado/2020.1/common/technology/autopilot/hls_cordic_apfixed.h:103]   --->   Operation 90 'sub' 'sub_ln203_6' <Predicate = true> <Delay = 0.74> <Core = "AddSub">   --->   Core 14 'AddSub' <Latency = 0> <II = 1> <Delay = 0.74> <FuncUnit> <Opcode : 'add' 'sub'> <InPorts = 2> <OutPorts = 1>
ST_2 : Operation 91 [1/1] (0.73ns)   --->   "%sub_ln203_14 = sub i11 %select_ln101_15, %sext_ln101_6" [/data/tools/Xilinx/Vivado/2020.1/common/technology/autopilot/hls_cordic_apfixed.h:102]   --->   Operation 91 'sub' 'sub_ln203_14' <Predicate = true> <Delay = 0.73> <Core = "AddSub">   --->   Core 14 'AddSub' <Latency = 0> <II = 1> <Delay = 0.74> <FuncUnit> <Opcode : 'add' 'sub'> <InPorts = 2> <OutPorts = 1>
ST_2 : Operation 92 [1/1] (0.74ns)   --->   "%add_ln203_14 = add i12 %sext_ln1371_1, %select_ln101_14" [/data/tools/Xilinx/Vivado/2020.1/common/technology/autopilot/hls_cordic_apfixed.h:103]   --->   Operation 92 'add' 'add_ln203_14' <Predicate = true> <Delay = 0.74> <Core = "AddSub">   --->   Core 14 'AddSub' <Latency = 0> <II = 1> <Delay = 0.74> <FuncUnit> <Opcode : 'add' 'sub'> <InPorts = 2> <OutPorts = 1>
ST_2 : Operation 93 [1/1] (0.00ns)   --->   "%tmp_21 = call i1 @_ssdm_op_BitSelect.i1.i12.i32(i12 %add_ln101_10, i32 11)" [/data/tools/Xilinx/Vivado/2020.1/common/technology/autopilot/hls_cordic_apfixed.h:101]   --->   Operation 93 'bitselect' 'tmp_21' <Predicate = true> <Delay = 0.00>
ST_2 : Operation 94 [1/1] (0.27ns)   --->   "%select_ln101_16 = select i1 %tmp_21, i12 14, i12 0" [/data/tools/Xilinx/Vivado/2020.1/common/technology/autopilot/hls_cordic_apfixed.h:101]   --->   Operation 94 'select' 'select_ln101_16' <Predicate = true> <Delay = 0.27> <Core = "Sel">   --->   Core 26 'Sel' <Latency = 0> <II = 1> <Delay = 0.30> <FuncUnit> <Opcode : 'select'> <InPorts = 3> <OutPorts = 1>
ST_2 : Operation 95 [1/1] (0.00ns) (grouped into TernaryAdder)   --->   "%add_ln101_11 = add i12 -7, %add_ln101_10" [/data/tools/Xilinx/Vivado/2020.1/common/technology/autopilot/hls_cordic_apfixed.h:101]   --->   Operation 95 'add' 'add_ln101_11' <Predicate = true> <Delay = 0.00> <Core = "TAddSub">   --->   Core 83 'TAddSub' <Latency = 0> <II = 1> <Delay = 0.37> <IPBlock> <Opcode : 'add' 'sub'> <InPorts = 3> <OutPorts = 1> <Sync> <CReg>
ST_2 : Operation 96 [1/1] (0.75ns) (root node of TernaryAdder)   --->   "%add_ln101_12 = add i12 %select_ln101_16, %add_ln101_11" [/data/tools/Xilinx/Vivado/2020.1/common/technology/autopilot/hls_cordic_apfixed.h:101]   --->   Operation 96 'add' 'add_ln101_12' <Predicate = true> <Delay = 0.75> <Core = "TAddSub">   --->   Core 83 'TAddSub' <Latency = 0> <II = 1> <Delay = 0.37> <IPBlock> <Opcode : 'add' 'sub'> <InPorts = 3> <OutPorts = 1> <Sync> <CReg>
ST_2 : Operation 97 [1/1] (0.29ns)   --->   "%select_ln101_17 = select i1 %tmp_20, i12 %sub_ln203_6, i12 %add_ln203_14" [/data/tools/Xilinx/Vivado/2020.1/common/technology/autopilot/hls_cordic_apfixed.h:101]   --->   Operation 97 'select' 'select_ln101_17' <Predicate = true> <Delay = 0.29> <Core = "Sel">   --->   Core 26 'Sel' <Latency = 0> <II = 1> <Delay = 0.30> <FuncUnit> <Opcode : 'select'> <InPorts = 3> <OutPorts = 1>
ST_2 : Operation 98 [1/1] (0.30ns)   --->   "%select_ln101_18 = select i1 %tmp_20, i11 %add_ln203_6, i11 %sub_ln203_14" [/data/tools/Xilinx/Vivado/2020.1/common/technology/autopilot/hls_cordic_apfixed.h:101]   --->   Operation 98 'select' 'select_ln101_18' <Predicate = true> <Delay = 0.30> <Core = "Sel">   --->   Core 26 'Sel' <Latency = 0> <II = 1> <Delay = 0.30> <FuncUnit> <Opcode : 'select'> <InPorts = 3> <OutPorts = 1>
ST_2 : Operation 99 [1/1] (0.00ns)   --->   "%tmp_22 = call i4 @_ssdm_op_PartSelect.i4.i11.i32.i32(i11 %select_ln101_18, i32 7, i32 10)" [/data/tools/Xilinx/Vivado/2020.1/common/technology/autopilot/hls_cordic_apfixed.h:97]   --->   Operation 99 'partselect' 'tmp_22' <Predicate = true> <Delay = 0.00>
ST_2 : Operation 100 [1/1] (0.00ns)   --->   "%sext_ln1371_2 = sext i4 %tmp_22 to i12" [/data/tools/Xilinx/Vivado/2020.1/common/technology/autopilot/hls_cordic_apfixed.h:97]   --->   Operation 100 'sext' 'sext_ln1371_2' <Predicate = true> <Delay = 0.00>
ST_2 : Operation 101 [1/1] (0.00ns)   --->   "%tmp_23 = call i5 @_ssdm_op_PartSelect.i5.i12.i32.i32(i12 %select_ln101_17, i32 7, i32 11)" [/data/tools/Xilinx/Vivado/2020.1/common/technology/autopilot/hls_cordic_apfixed.h:101]   --->   Operation 101 'partselect' 'tmp_23' <Predicate = true> <Delay = 0.00>
ST_2 : Operation 102 [1/1] (0.00ns)   --->   "%sext_ln101_7 = sext i5 %tmp_23 to i11" [/data/tools/Xilinx/Vivado/2020.1/common/technology/autopilot/hls_cordic_apfixed.h:101]   --->   Operation 102 'sext' 'sext_ln101_7' <Predicate = true> <Delay = 0.00>
ST_2 : Operation 103 [1/1] (0.00ns)   --->   "%tmp_24 = call i1 @_ssdm_op_BitSelect.i1.i12.i32(i12 %add_ln101_12, i32 11)" [/data/tools/Xilinx/Vivado/2020.1/common/technology/autopilot/hls_cordic_apfixed.h:101]   --->   Operation 103 'bitselect' 'tmp_24' <Predicate = true> <Delay = 0.00>
ST_2 : Operation 104 [1/1] (0.73ns)   --->   "%add_ln203_7 = add i11 %sext_ln101_7, %select_ln101_18" [/data/tools/Xilinx/Vivado/2020.1/common/technology/autopilot/hls_cordic_apfixed.h:102]   --->   Operation 104 'add' 'add_ln203_7' <Predicate = true> <Delay = 0.73> <Core = "AddSub">   --->   Core 14 'AddSub' <Latency = 0> <II = 1> <Delay = 0.74> <FuncUnit> <Opcode : 'add' 'sub'> <InPorts = 2> <OutPorts = 1>
ST_2 : Operation 105 [1/1] (0.74ns)   --->   "%sub_ln203_7 = sub i12 %select_ln101_17, %sext_ln1371_2" [/data/tools/Xilinx/Vivado/2020.1/common/technology/autopilot/hls_cordic_apfixed.h:103]   --->   Operation 105 'sub' 'sub_ln203_7' <Predicate = true> <Delay = 0.74> <Core = "AddSub">   --->   Core 14 'AddSub' <Latency = 0> <II = 1> <Delay = 0.74> <FuncUnit> <Opcode : 'add' 'sub'> <InPorts = 2> <OutPorts = 1>
ST_2 : Operation 106 [1/1] (0.73ns)   --->   "%sub_ln203_15 = sub i11 %select_ln101_18, %sext_ln101_7" [/data/tools/Xilinx/Vivado/2020.1/common/technology/autopilot/hls_cordic_apfixed.h:102]   --->   Operation 106 'sub' 'sub_ln203_15' <Predicate = true> <Delay = 0.73> <Core = "AddSub">   --->   Core 14 'AddSub' <Latency = 0> <II = 1> <Delay = 0.74> <FuncUnit> <Opcode : 'add' 'sub'> <InPorts = 2> <OutPorts = 1>
ST_2 : Operation 107 [1/1] (0.74ns)   --->   "%add_ln203_15 = add i12 %sext_ln1371_2, %select_ln101_17" [/data/tools/Xilinx/Vivado/2020.1/common/technology/autopilot/hls_cordic_apfixed.h:103]   --->   Operation 107 'add' 'add_ln203_15' <Predicate = true> <Delay = 0.74> <Core = "AddSub">   --->   Core 14 'AddSub' <Latency = 0> <II = 1> <Delay = 0.74> <FuncUnit> <Opcode : 'add' 'sub'> <InPorts = 2> <OutPorts = 1>
ST_2 : Operation 108 [1/1] (0.00ns)   --->   "%tmp_25 = call i1 @_ssdm_op_BitSelect.i1.i12.i32(i12 %add_ln101_12, i32 11)" [/data/tools/Xilinx/Vivado/2020.1/common/technology/autopilot/hls_cordic_apfixed.h:101]   --->   Operation 108 'bitselect' 'tmp_25' <Predicate = true> <Delay = 0.00>
ST_2 : Operation 109 [1/1] (0.35ns)   --->   "%select_ln101_19 = select i1 %tmp_25, i12 6, i12 0" [/data/tools/Xilinx/Vivado/2020.1/common/technology/autopilot/hls_cordic_apfixed.h:101]   --->   Operation 109 'select' 'select_ln101_19' <Predicate = true> <Delay = 0.35> <Core = "Sel">   --->   Core 26 'Sel' <Latency = 0> <II = 1> <Delay = 0.30> <FuncUnit> <Opcode : 'select'> <InPorts = 3> <OutPorts = 1>
ST_2 : Operation 110 [1/1] (0.00ns) (grouped into TernaryAdder)   --->   "%add_ln101_13 = add i12 -3, %add_ln101_12" [/data/tools/Xilinx/Vivado/2020.1/common/technology/autopilot/hls_cordic_apfixed.h:101]   --->   Operation 110 'add' 'add_ln101_13' <Predicate = true> <Delay = 0.00> <Core = "TAddSub">   --->   Core 83 'TAddSub' <Latency = 0> <II = 1> <Delay = 0.37> <IPBlock> <Opcode : 'add' 'sub'> <InPorts = 3> <OutPorts = 1> <Sync> <CReg>
ST_2 : Operation 111 [1/1] (0.75ns) (root node of TernaryAdder)   --->   "%add_ln101_14 = add i12 %select_ln101_19, %add_ln101_13" [/data/tools/Xilinx/Vivado/2020.1/common/technology/autopilot/hls_cordic_apfixed.h:101]   --->   Operation 111 'add' 'add_ln101_14' <Predicate = true> <Delay = 0.75> <Core = "TAddSub">   --->   Core 83 'TAddSub' <Latency = 0> <II = 1> <Delay = 0.37> <IPBlock> <Opcode : 'add' 'sub'> <InPorts = 3> <OutPorts = 1> <Sync> <CReg>
ST_2 : Operation 112 [1/1] (0.29ns)   --->   "%select_ln101_20 = select i1 %tmp_24, i12 %sub_ln203_7, i12 %add_ln203_15" [/data/tools/Xilinx/Vivado/2020.1/common/technology/autopilot/hls_cordic_apfixed.h:101]   --->   Operation 112 'select' 'select_ln101_20' <Predicate = true> <Delay = 0.29> <Core = "Sel">   --->   Core 26 'Sel' <Latency = 0> <II = 1> <Delay = 0.30> <FuncUnit> <Opcode : 'select'> <InPorts = 3> <OutPorts = 1>
ST_2 : Operation 113 [1/1] (0.30ns)   --->   "%select_ln101_21 = select i1 %tmp_24, i11 %add_ln203_7, i11 %sub_ln203_15" [/data/tools/Xilinx/Vivado/2020.1/common/technology/autopilot/hls_cordic_apfixed.h:101]   --->   Operation 113 'select' 'select_ln101_21' <Predicate = true> <Delay = 0.30> <Core = "Sel">   --->   Core 26 'Sel' <Latency = 0> <II = 1> <Delay = 0.30> <FuncUnit> <Opcode : 'select'> <InPorts = 3> <OutPorts = 1>
ST_2 : Operation 114 [1/1] (0.00ns)   --->   "%tmp_26 = call i3 @_ssdm_op_PartSelect.i3.i11.i32.i32(i11 %select_ln101_21, i32 8, i32 10)" [/data/tools/Xilinx/Vivado/2020.1/common/technology/autopilot/hls_cordic_apfixed.h:97]   --->   Operation 114 'partselect' 'tmp_26' <Predicate = true> <Delay = 0.00>
ST_2 : Operation 115 [1/1] (0.00ns)   --->   "%sext_ln1371_3 = sext i3 %tmp_26 to i12" [/data/tools/Xilinx/Vivado/2020.1/common/technology/autopilot/hls_cordic_apfixed.h:97]   --->   Operation 115 'sext' 'sext_ln1371_3' <Predicate = true> <Delay = 0.00>
ST_2 : Operation 116 [1/1] (0.00ns)   --->   "%tmp_27 = call i4 @_ssdm_op_PartSelect.i4.i12.i32.i32(i12 %select_ln101_20, i32 8, i32 11)" [/data/tools/Xilinx/Vivado/2020.1/common/technology/autopilot/hls_cordic_apfixed.h:101]   --->   Operation 116 'partselect' 'tmp_27' <Predicate = true> <Delay = 0.00>
ST_2 : Operation 117 [1/1] (0.00ns)   --->   "%sext_ln101_8 = sext i4 %tmp_27 to i11" [/data/tools/Xilinx/Vivado/2020.1/common/technology/autopilot/hls_cordic_apfixed.h:101]   --->   Operation 117 'sext' 'sext_ln101_8' <Predicate = true> <Delay = 0.00>
ST_2 : Operation 118 [1/1] (0.00ns)   --->   "%tmp_28 = call i1 @_ssdm_op_BitSelect.i1.i12.i32(i12 %add_ln101_14, i32 11)" [/data/tools/Xilinx/Vivado/2020.1/common/technology/autopilot/hls_cordic_apfixed.h:101]   --->   Operation 118 'bitselect' 'tmp_28' <Predicate = true> <Delay = 0.00>
ST_2 : Operation 119 [1/1] (0.73ns)   --->   "%add_ln203_8 = add i11 %sext_ln101_8, %select_ln101_21" [/data/tools/Xilinx/Vivado/2020.1/common/technology/autopilot/hls_cordic_apfixed.h:102]   --->   Operation 119 'add' 'add_ln203_8' <Predicate = true> <Delay = 0.73> <Core = "AddSub">   --->   Core 14 'AddSub' <Latency = 0> <II = 1> <Delay = 0.74> <FuncUnit> <Opcode : 'add' 'sub'> <InPorts = 2> <OutPorts = 1>
ST_2 : Operation 120 [1/1] (0.74ns)   --->   "%sub_ln203_8 = sub i12 %select_ln101_20, %sext_ln1371_3" [/data/tools/Xilinx/Vivado/2020.1/common/technology/autopilot/hls_cordic_apfixed.h:103]   --->   Operation 120 'sub' 'sub_ln203_8' <Predicate = true> <Delay = 0.74> <Core = "AddSub">   --->   Core 14 'AddSub' <Latency = 0> <II = 1> <Delay = 0.74> <FuncUnit> <Opcode : 'add' 'sub'> <InPorts = 2> <OutPorts = 1>
ST_2 : Operation 121 [1/1] (0.73ns)   --->   "%sub_ln203_16 = sub i11 %select_ln101_21, %sext_ln101_8" [/data/tools/Xilinx/Vivado/2020.1/common/technology/autopilot/hls_cordic_apfixed.h:102]   --->   Operation 121 'sub' 'sub_ln203_16' <Predicate = true> <Delay = 0.73> <Core = "AddSub">   --->   Core 14 'AddSub' <Latency = 0> <II = 1> <Delay = 0.74> <FuncUnit> <Opcode : 'add' 'sub'> <InPorts = 2> <OutPorts = 1>
ST_2 : Operation 122 [1/1] (0.74ns)   --->   "%add_ln203_16 = add i12 %sext_ln1371_3, %select_ln101_20" [/data/tools/Xilinx/Vivado/2020.1/common/technology/autopilot/hls_cordic_apfixed.h:103]   --->   Operation 122 'add' 'add_ln203_16' <Predicate = true> <Delay = 0.74> <Core = "AddSub">   --->   Core 14 'AddSub' <Latency = 0> <II = 1> <Delay = 0.74> <FuncUnit> <Opcode : 'add' 'sub'> <InPorts = 2> <OutPorts = 1>
ST_2 : Operation 123 [1/1] (0.00ns)   --->   "%tmp_29 = call i1 @_ssdm_op_BitSelect.i1.i12.i32(i12 %add_ln101_14, i32 11)" [/data/tools/Xilinx/Vivado/2020.1/common/technology/autopilot/hls_cordic_apfixed.h:101]   --->   Operation 123 'bitselect' 'tmp_29' <Predicate = true> <Delay = 0.00>
ST_2 : Operation 124 [1/1] (0.29ns)   --->   "%select_ln101_23 = select i1 %tmp_28, i12 %sub_ln203_8, i12 %add_ln203_16" [/data/tools/Xilinx/Vivado/2020.1/common/technology/autopilot/hls_cordic_apfixed.h:101]   --->   Operation 124 'select' 'select_ln101_23' <Predicate = true> <Delay = 0.29> <Core = "Sel">   --->   Core 26 'Sel' <Latency = 0> <II = 1> <Delay = 0.30> <FuncUnit> <Opcode : 'select'> <InPorts = 3> <OutPorts = 1>
ST_2 : Operation 125 [1/1] (0.30ns)   --->   "%select_ln101_24 = select i1 %tmp_28, i11 %add_ln203_8, i11 %sub_ln203_16" [/data/tools/Xilinx/Vivado/2020.1/common/technology/autopilot/hls_cordic_apfixed.h:101]   --->   Operation 125 'select' 'select_ln101_24' <Predicate = true> <Delay = 0.30> <Core = "Sel">   --->   Core 26 'Sel' <Latency = 0> <II = 1> <Delay = 0.30> <FuncUnit> <Opcode : 'select'> <InPorts = 3> <OutPorts = 1>
ST_2 : Operation 126 [1/1] (0.00ns)   --->   "%tmp_30 = call i2 @_ssdm_op_PartSelect.i2.i11.i32.i32(i11 %select_ln101_24, i32 9, i32 10)" [/data/tools/Xilinx/Vivado/2020.1/common/technology/autopilot/hls_cordic_apfixed.h:97]   --->   Operation 126 'partselect' 'tmp_30' <Predicate = true> <Delay = 0.00>
ST_2 : Operation 127 [1/1] (0.00ns)   --->   "%tmp_31 = call i3 @_ssdm_op_PartSelect.i3.i12.i32.i32(i12 %select_ln101_23, i32 9, i32 11)" [/data/tools/Xilinx/Vivado/2020.1/common/technology/autopilot/hls_cordic_apfixed.h:101]   --->   Operation 127 'partselect' 'tmp_31' <Predicate = true> <Delay = 0.00>

State 3 <SV = 2> <Delay = 3.97>
ST_3 : Operation 128 [1/1] (0.27ns)   --->   "%select_ln101_22 = select i1 %tmp_29, i12 2, i12 0" [/data/tools/Xilinx/Vivado/2020.1/common/technology/autopilot/hls_cordic_apfixed.h:101]   --->   Operation 128 'select' 'select_ln101_22' <Predicate = true> <Delay = 0.27> <Core = "Sel">   --->   Core 26 'Sel' <Latency = 0> <II = 1> <Delay = 0.30> <FuncUnit> <Opcode : 'select'> <InPorts = 3> <OutPorts = 1>
ST_3 : Operation 129 [1/1] (0.00ns) (grouped into TernaryAdder)   --->   "%add_ln101_15 = add i12 -1, %add_ln101_14" [/data/tools/Xilinx/Vivado/2020.1/common/technology/autopilot/hls_cordic_apfixed.h:101]   --->   Operation 129 'add' 'add_ln101_15' <Predicate = true> <Delay = 0.00> <Core = "TAddSub">   --->   Core 83 'TAddSub' <Latency = 0> <II = 1> <Delay = 0.37> <IPBlock> <Opcode : 'add' 'sub'> <InPorts = 3> <OutPorts = 1> <Sync> <CReg>
ST_3 : Operation 130 [1/1] (0.75ns) (root node of TernaryAdder)   --->   "%add_ln101_16 = add i12 %select_ln101_22, %add_ln101_15" [/data/tools/Xilinx/Vivado/2020.1/common/technology/autopilot/hls_cordic_apfixed.h:101]   --->   Operation 130 'add' 'add_ln101_16' <Predicate = true> <Delay = 0.75> <Core = "TAddSub">   --->   Core 83 'TAddSub' <Latency = 0> <II = 1> <Delay = 0.37> <IPBlock> <Opcode : 'add' 'sub'> <InPorts = 3> <OutPorts = 1> <Sync> <CReg>
ST_3 : Operation 131 [1/1] (0.00ns)   --->   "%sext_ln1371_4 = sext i2 %tmp_30 to i12" [/data/tools/Xilinx/Vivado/2020.1/common/technology/autopilot/hls_cordic_apfixed.h:97]   --->   Operation 131 'sext' 'sext_ln1371_4' <Predicate = true> <Delay = 0.00>
ST_3 : Operation 132 [1/1] (0.00ns)   --->   "%sext_ln101_9 = sext i3 %tmp_31 to i11" [/data/tools/Xilinx/Vivado/2020.1/common/technology/autopilot/hls_cordic_apfixed.h:101]   --->   Operation 132 'sext' 'sext_ln101_9' <Predicate = true> <Delay = 0.00>
ST_3 : Operation 133 [1/1] (0.00ns)   --->   "%tmp_32 = call i1 @_ssdm_op_BitSelect.i1.i12.i32(i12 %add_ln101_16, i32 11)" [/data/tools/Xilinx/Vivado/2020.1/common/technology/autopilot/hls_cordic_apfixed.h:101]   --->   Operation 133 'bitselect' 'tmp_32' <Predicate = true> <Delay = 0.00>
ST_3 : Operation 134 [1/1] (0.73ns)   --->   "%add_ln203_9 = add i11 %sext_ln101_9, %select_ln101_24" [/data/tools/Xilinx/Vivado/2020.1/common/technology/autopilot/hls_cordic_apfixed.h:102]   --->   Operation 134 'add' 'add_ln203_9' <Predicate = true> <Delay = 0.73> <Core = "AddSub">   --->   Core 14 'AddSub' <Latency = 0> <II = 1> <Delay = 0.74> <FuncUnit> <Opcode : 'add' 'sub'> <InPorts = 2> <OutPorts = 1>
ST_3 : Operation 135 [1/1] (0.74ns)   --->   "%sub_ln203_9 = sub i12 %select_ln101_23, %sext_ln1371_4" [/data/tools/Xilinx/Vivado/2020.1/common/technology/autopilot/hls_cordic_apfixed.h:103]   --->   Operation 135 'sub' 'sub_ln203_9' <Predicate = true> <Delay = 0.74> <Core = "AddSub">   --->   Core 14 'AddSub' <Latency = 0> <II = 1> <Delay = 0.74> <FuncUnit> <Opcode : 'add' 'sub'> <InPorts = 2> <OutPorts = 1>
ST_3 : Operation 136 [1/1] (0.73ns)   --->   "%sub_ln203_17 = sub i11 %select_ln101_24, %sext_ln101_9" [/data/tools/Xilinx/Vivado/2020.1/common/technology/autopilot/hls_cordic_apfixed.h:102]   --->   Operation 136 'sub' 'sub_ln203_17' <Predicate = true> <Delay = 0.73> <Core = "AddSub">   --->   Core 14 'AddSub' <Latency = 0> <II = 1> <Delay = 0.74> <FuncUnit> <Opcode : 'add' 'sub'> <InPorts = 2> <OutPorts = 1>
ST_3 : Operation 137 [1/1] (0.74ns)   --->   "%add_ln203_17 = add i12 %sext_ln1371_4, %select_ln101_23" [/data/tools/Xilinx/Vivado/2020.1/common/technology/autopilot/hls_cordic_apfixed.h:103]   --->   Operation 137 'add' 'add_ln203_17' <Predicate = true> <Delay = 0.74> <Core = "AddSub">   --->   Core 14 'AddSub' <Latency = 0> <II = 1> <Delay = 0.74> <FuncUnit> <Opcode : 'add' 'sub'> <InPorts = 2> <OutPorts = 1>
ST_3 : Operation 138 [1/1] (0.29ns)   --->   "%select_ln101_25 = select i1 %tmp_32, i12 %sub_ln203_9, i12 %add_ln203_17" [/data/tools/Xilinx/Vivado/2020.1/common/technology/autopilot/hls_cordic_apfixed.h:101]   --->   Operation 138 'select' 'select_ln101_25' <Predicate = true> <Delay = 0.29> <Core = "Sel">   --->   Core 26 'Sel' <Latency = 0> <II = 1> <Delay = 0.30> <FuncUnit> <Opcode : 'select'> <InPorts = 3> <OutPorts = 1>
ST_3 : Operation 139 [1/1] (0.30ns)   --->   "%select_ln101_26 = select i1 %tmp_32, i11 %add_ln203_9, i11 %sub_ln203_17" [/data/tools/Xilinx/Vivado/2020.1/common/technology/autopilot/hls_cordic_apfixed.h:101]   --->   Operation 139 'select' 'select_ln101_26' <Predicate = true> <Delay = 0.30> <Core = "Sel">   --->   Core 26 'Sel' <Latency = 0> <II = 1> <Delay = 0.30> <FuncUnit> <Opcode : 'select'> <InPorts = 3> <OutPorts = 1>
ST_3 : Operation 140 [1/1] (0.00ns)   --->   "%tmp_33 = call i1 @_ssdm_op_BitSelect.i1.i11.i32(i11 %select_ln101_26, i32 10)" [/data/tools/Xilinx/Vivado/2020.1/common/technology/autopilot/hls_cordic_apfixed.h:97]   --->   Operation 140 'bitselect' 'tmp_33' <Predicate = true> <Delay = 0.00>
ST_3 : Operation 141 [1/1] (0.27ns)   --->   "%select_ln1371 = select i1 %tmp_33, i12 -1, i12 0" [/data/tools/Xilinx/Vivado/2020.1/common/technology/autopilot/hls_cordic_apfixed.h:97]   --->   Operation 141 'select' 'select_ln1371' <Predicate = true> <Delay = 0.27> <Core = "Sel">   --->   Core 26 'Sel' <Latency = 0> <II = 1> <Delay = 0.30> <FuncUnit> <Opcode : 'select'> <InPorts = 3> <OutPorts = 1>
ST_3 : Operation 142 [1/1] (0.00ns)   --->   "%tmp_34 = call i2 @_ssdm_op_PartSelect.i2.i12.i32.i32(i12 %select_ln101_25, i32 10, i32 11)" [/data/tools/Xilinx/Vivado/2020.1/common/technology/autopilot/hls_cordic_apfixed.h:102]   --->   Operation 142 'partselect' 'tmp_34' <Predicate = true> <Delay = 0.00>
ST_3 : Operation 143 [1/1] (0.00ns)   --->   "%sext_ln203 = sext i2 %tmp_34 to i11" [/data/tools/Xilinx/Vivado/2020.1/common/technology/autopilot/hls_cordic_apfixed.h:102]   --->   Operation 143 'sext' 'sext_ln203' <Predicate = true> <Delay = 0.00>
ST_3 : Operation 144 [1/1] (0.73ns)   --->   "%add_ln203_10 = add i11 %sext_ln203, %select_ln101_26" [/data/tools/Xilinx/Vivado/2020.1/common/technology/autopilot/hls_cordic_apfixed.h:102]   --->   Operation 144 'add' 'add_ln203_10' <Predicate = true> <Delay = 0.73> <Core = "AddSub">   --->   Core 14 'AddSub' <Latency = 0> <II = 1> <Delay = 0.74> <FuncUnit> <Opcode : 'add' 'sub'> <InPorts = 2> <OutPorts = 1>
ST_3 : Operation 145 [1/1] (0.74ns)   --->   "%sub_ln203_10 = sub i12 %select_ln101_25, %select_ln1371" [/data/tools/Xilinx/Vivado/2020.1/common/technology/autopilot/hls_cordic_apfixed.h:103]   --->   Operation 145 'sub' 'sub_ln203_10' <Predicate = true> <Delay = 0.74> <Core = "AddSub">   --->   Core 14 'AddSub' <Latency = 0> <II = 1> <Delay = 0.74> <FuncUnit> <Opcode : 'add' 'sub'> <InPorts = 2> <OutPorts = 1>
ST_3 : Operation 146 [1/1] (0.73ns)   --->   "%sub_ln203_18 = sub i11 %select_ln101_26, %sext_ln203" [/data/tools/Xilinx/Vivado/2020.1/common/technology/autopilot/hls_cordic_apfixed.h:102]   --->   Operation 146 'sub' 'sub_ln203_18' <Predicate = true> <Delay = 0.73> <Core = "AddSub">   --->   Core 14 'AddSub' <Latency = 0> <II = 1> <Delay = 0.74> <FuncUnit> <Opcode : 'add' 'sub'> <InPorts = 2> <OutPorts = 1>
ST_3 : Operation 147 [1/1] (0.74ns)   --->   "%add_ln203_18 = add i12 %select_ln1371, %select_ln101_25" [/data/tools/Xilinx/Vivado/2020.1/common/technology/autopilot/hls_cordic_apfixed.h:103]   --->   Operation 147 'add' 'add_ln203_18' <Predicate = true> <Delay = 0.74> <Core = "AddSub">   --->   Core 14 'AddSub' <Latency = 0> <II = 1> <Delay = 0.74> <FuncUnit> <Opcode : 'add' 'sub'> <InPorts = 2> <OutPorts = 1>
ST_3 : Operation 148 [1/1] (0.29ns)   --->   "%select_ln101_27 = select i1 %tmp_32, i12 %sub_ln203_10, i12 %add_ln203_18" [/data/tools/Xilinx/Vivado/2020.1/common/technology/autopilot/hls_cordic_apfixed.h:101]   --->   Operation 148 'select' 'select_ln101_27' <Predicate = true> <Delay = 0.29> <Core = "Sel">   --->   Core 26 'Sel' <Latency = 0> <II = 1> <Delay = 0.30> <FuncUnit> <Opcode : 'select'> <InPorts = 3> <OutPorts = 1>
ST_3 : Operation 149 [1/1] (0.30ns)   --->   "%select_ln101_28 = select i1 %tmp_32, i11 %add_ln203_10, i11 %sub_ln203_18" [/data/tools/Xilinx/Vivado/2020.1/common/technology/autopilot/hls_cordic_apfixed.h:101]   --->   Operation 149 'select' 'select_ln101_28' <Predicate = true> <Delay = 0.30> <Core = "Sel">   --->   Core 26 'Sel' <Latency = 0> <II = 1> <Delay = 0.30> <FuncUnit> <Opcode : 'select'> <InPorts = 3> <OutPorts = 1>
ST_3 : Operation 150 [1/1] (0.00ns)   --->   "%tmp_35 = call i1 @_ssdm_op_BitSelect.i1.i11.i32(i11 %select_ln101_28, i32 10)" [/data/tools/Xilinx/Vivado/2020.1/common/technology/autopilot/hls_cordic_apfixed.h:97]   --->   Operation 150 'bitselect' 'tmp_35' <Predicate = true> <Delay = 0.00>
ST_3 : Operation 151 [1/1] (0.27ns)   --->   "%select_ln1371_1 = select i1 %tmp_35, i12 -1, i12 0" [/data/tools/Xilinx/Vivado/2020.1/common/technology/autopilot/hls_cordic_apfixed.h:97]   --->   Operation 151 'select' 'select_ln1371_1' <Predicate = true> <Delay = 0.27> <Core = "Sel">   --->   Core 26 'Sel' <Latency = 0> <II = 1> <Delay = 0.30> <FuncUnit> <Opcode : 'select'> <InPorts = 3> <OutPorts = 1>
ST_3 : Operation 152 [1/1] (0.00ns)   --->   "%tmp_36 = call i1 @_ssdm_op_BitSelect.i1.i12.i32(i12 %select_ln101_27, i32 11)" [/data/tools/Xilinx/Vivado/2020.1/common/technology/autopilot/hls_cordic_apfixed.h:98]   --->   Operation 152 'bitselect' 'tmp_36' <Predicate = true> <Delay = 0.00>
ST_3 : Operation 153 [1/1] (0.27ns)   --->   "%select_ln1371_2 = select i1 %tmp_36, i11 -1, i11 0" [/data/tools/Xilinx/Vivado/2020.1/common/technology/autopilot/hls_cordic_apfixed.h:98]   --->   Operation 153 'select' 'select_ln1371_2' <Predicate = true> <Delay = 0.27> <Core = "Sel">   --->   Core 26 'Sel' <Latency = 0> <II = 1> <Delay = 0.30> <FuncUnit> <Opcode : 'select'> <InPorts = 3> <OutPorts = 1>
ST_3 : Operation 154 [1/1] (0.73ns)   --->   "%add_ln203_11 = add i11 %select_ln1371_2, %select_ln101_28" [/data/tools/Xilinx/Vivado/2020.1/common/technology/autopilot/hls_cordic_apfixed.h:102]   --->   Operation 154 'add' 'add_ln203_11' <Predicate = true> <Delay = 0.73> <Core = "AddSub">   --->   Core 14 'AddSub' <Latency = 0> <II = 1> <Delay = 0.74> <FuncUnit> <Opcode : 'add' 'sub'> <InPorts = 2> <OutPorts = 1>
ST_3 : Operation 155 [1/1] (0.74ns)   --->   "%sub_ln203_11 = sub i12 %select_ln101_27, %select_ln1371_1" [/data/tools/Xilinx/Vivado/2020.1/common/technology/autopilot/hls_cordic_apfixed.h:103]   --->   Operation 155 'sub' 'sub_ln203_11' <Predicate = true> <Delay = 0.74> <Core = "AddSub">   --->   Core 14 'AddSub' <Latency = 0> <II = 1> <Delay = 0.74> <FuncUnit> <Opcode : 'add' 'sub'> <InPorts = 2> <OutPorts = 1>
ST_3 : Operation 156 [1/1] (0.73ns)   --->   "%sub_ln203_19 = sub i11 %select_ln101_28, %select_ln1371_2" [/data/tools/Xilinx/Vivado/2020.1/common/technology/autopilot/hls_cordic_apfixed.h:102]   --->   Operation 156 'sub' 'sub_ln203_19' <Predicate = true> <Delay = 0.73> <Core = "AddSub">   --->   Core 14 'AddSub' <Latency = 0> <II = 1> <Delay = 0.74> <FuncUnit> <Opcode : 'add' 'sub'> <InPorts = 2> <OutPorts = 1>
ST_3 : Operation 157 [1/1] (0.74ns)   --->   "%add_ln203_19 = add i12 %select_ln1371_1, %select_ln101_27" [/data/tools/Xilinx/Vivado/2020.1/common/technology/autopilot/hls_cordic_apfixed.h:103]   --->   Operation 157 'add' 'add_ln203_19' <Predicate = true> <Delay = 0.74> <Core = "AddSub">   --->   Core 14 'AddSub' <Latency = 0> <II = 1> <Delay = 0.74> <FuncUnit> <Opcode : 'add' 'sub'> <InPorts = 2> <OutPorts = 1>
ST_3 : Operation 158 [1/1] (0.29ns)   --->   "%select_ln101_29 = select i1 %tmp_32, i12 %sub_ln203_11, i12 %add_ln203_19" [/data/tools/Xilinx/Vivado/2020.1/common/technology/autopilot/hls_cordic_apfixed.h:101]   --->   Operation 158 'select' 'select_ln101_29' <Predicate = true> <Delay = 0.29> <Core = "Sel">   --->   Core 26 'Sel' <Latency = 0> <II = 1> <Delay = 0.30> <FuncUnit> <Opcode : 'select'> <InPorts = 3> <OutPorts = 1>
ST_3 : Operation 159 [1/1] (0.30ns)   --->   "%select_ln101_30 = select i1 %tmp_32, i11 %add_ln203_11, i11 %sub_ln203_19" [/data/tools/Xilinx/Vivado/2020.1/common/technology/autopilot/hls_cordic_apfixed.h:101]   --->   Operation 159 'select' 'select_ln101_30' <Predicate = true> <Delay = 0.30> <Core = "Sel">   --->   Core 26 'Sel' <Latency = 0> <II = 1> <Delay = 0.30> <FuncUnit> <Opcode : 'select'> <InPorts = 3> <OutPorts = 1>
ST_3 : Operation 160 [1/1] (0.00ns)   --->   "%sext_ln101_10 = sext i11 %select_ln101_30 to i12" [/data/tools/Xilinx/Vivado/2020.1/common/technology/autopilot/hls_cordic_apfixed.h:101]   --->   Operation 160 'sext' 'sext_ln101_10' <Predicate = true> <Delay = 0.00>
ST_3 : Operation 161 [1/1] (0.00ns)   --->   "%newret = insertvalue { i12, i12 } undef, i12 %sext_ln101_10, 0" [/data/tools/Xilinx/Vivado/2020.1/common/technology/autopilot/hls_cordic_apfixed.h:101]   --->   Operation 161 'insertvalue' 'newret' <Predicate = true> <Delay = 0.00>
ST_3 : Operation 162 [1/1] (0.00ns)   --->   "%newret2 = insertvalue { i12, i12 } %newret, i12 %select_ln101_29, 1" [/data/tools/Xilinx/Vivado/2020.1/common/technology/autopilot/hls_cordic_apfixed.h:101]   --->   Operation 162 'insertvalue' 'newret2' <Predicate = true> <Delay = 0.00>
ST_3 : Operation 163 [1/1] (0.00ns)   --->   "ret { i12, i12 } %newret2" [/data/tools/Xilinx/Vivado/2020.1/common/technology/autopilot/hls_cordic_apfixed.h:101]   --->   Operation 163 'ret' <Predicate = true> <Delay = 0.00>


============================================================
+ Verbose Summary: Timing violations
============================================================
Target clock period: 5ns, clock uncertainty: 0.625ns.

 <State 1>: 4.22ns
The critical path consists of the following:
	wire read on port 'z_V_read' [2]  (0 ns)
	'select' operation ('select_ln101', /data/tools/Xilinx/Vivado/2020.1/common/technology/autopilot/hls_cordic_apfixed.h:101) [5]  (0 ns)
	'add' operation ('add_ln101', /data/tools/Xilinx/Vivado/2020.1/common/technology/autopilot/hls_cordic_apfixed.h:101) [6]  (0.735 ns)
	'select' operation ('select_ln101_1', /data/tools/Xilinx/Vivado/2020.1/common/technology/autopilot/hls_cordic_apfixed.h:101) [13]  (0.303 ns)
	'add' operation ('add_ln101_2', /data/tools/Xilinx/Vivado/2020.1/common/technology/autopilot/hls_cordic_apfixed.h:101) [15]  (0.756 ns)
	'select' operation ('select_ln101_4', /data/tools/Xilinx/Vivado/2020.1/common/technology/autopilot/hls_cordic_apfixed.h:101) [30]  (0.303 ns)
	'add' operation ('add_ln101_4', /data/tools/Xilinx/Vivado/2020.1/common/technology/autopilot/hls_cordic_apfixed.h:101) [32]  (0.756 ns)
	'select' operation ('select_ln101_7', /data/tools/Xilinx/Vivado/2020.1/common/technology/autopilot/hls_cordic_apfixed.h:101) [46]  (0.303 ns)
	'add' operation ('add_ln101_6', /data/tools/Xilinx/Vivado/2020.1/common/technology/autopilot/hls_cordic_apfixed.h:101) [48]  (0.756 ns)
	'select' operation ('select_ln101_10', /data/tools/Xilinx/Vivado/2020.1/common/technology/autopilot/hls_cordic_apfixed.h:101) [61]  (0.308 ns)

 <State 2>: 4.25ns
The critical path consists of the following:
	'add' operation ('add_ln101_7', /data/tools/Xilinx/Vivado/2020.1/common/technology/autopilot/hls_cordic_apfixed.h:101) [62]  (0 ns)
	'add' operation ('add_ln101_8', /data/tools/Xilinx/Vivado/2020.1/common/technology/autopilot/hls_cordic_apfixed.h:101) [63]  (0.756 ns)
	'select' operation ('select_ln101_13', /data/tools/Xilinx/Vivado/2020.1/common/technology/autopilot/hls_cordic_apfixed.h:101) [77]  (0.293 ns)
	'add' operation ('add_ln101_10', /data/tools/Xilinx/Vivado/2020.1/common/technology/autopilot/hls_cordic_apfixed.h:101) [79]  (0.756 ns)
	'select' operation ('select_ln101_16', /data/tools/Xilinx/Vivado/2020.1/common/technology/autopilot/hls_cordic_apfixed.h:101) [92]  (0.278 ns)
	'add' operation ('add_ln101_12', /data/tools/Xilinx/Vivado/2020.1/common/technology/autopilot/hls_cordic_apfixed.h:101) [94]  (0.756 ns)
	'select' operation ('select_ln101_19', /data/tools/Xilinx/Vivado/2020.1/common/technology/autopilot/hls_cordic_apfixed.h:101) [107]  (0.351 ns)
	'add' operation ('add_ln101_14', /data/tools/Xilinx/Vivado/2020.1/common/technology/autopilot/hls_cordic_apfixed.h:101) [109]  (0.756 ns)
	'select' operation ('select_ln101_24', /data/tools/Xilinx/Vivado/2020.1/common/technology/autopilot/hls_cordic_apfixed.h:101) [126]  (0.301 ns)

 <State 3>: 3.97ns
The critical path consists of the following:
	'select' operation ('select_ln101_22', /data/tools/Xilinx/Vivado/2020.1/common/technology/autopilot/hls_cordic_apfixed.h:101) [122]  (0.278 ns)
	'add' operation ('add_ln101_16', /data/tools/Xilinx/Vivado/2020.1/common/technology/autopilot/hls_cordic_apfixed.h:101) [124]  (0.756 ns)
	'select' operation ('select_ln101_26', /data/tools/Xilinx/Vivado/2020.1/common/technology/autopilot/hls_cordic_apfixed.h:101) [137]  (0.301 ns)
	'select' operation ('select_ln1371', /data/tools/Xilinx/Vivado/2020.1/common/technology/autopilot/hls_cordic_apfixed.h:97) [139]  (0.278 ns)
	'sub' operation ('sub_ln203_10', /data/tools/Xilinx/Vivado/2020.1/common/technology/autopilot/hls_cordic_apfixed.h:103) [143]  (0.745 ns)
	'select' operation ('select_ln101_27', /data/tools/Xilinx/Vivado/2020.1/common/technology/autopilot/hls_cordic_apfixed.h:101) [146]  (0.299 ns)
	'select' operation ('select_ln1371_2', /data/tools/Xilinx/Vivado/2020.1/common/technology/autopilot/hls_cordic_apfixed.h:98) [151]  (0.278 ns)
	'add' operation ('add_ln203_11', /data/tools/Xilinx/Vivado/2020.1/common/technology/autopilot/hls_cordic_apfixed.h:102) [152]  (0.735 ns)
	'select' operation ('select_ln101_30', /data/tools/Xilinx/Vivado/2020.1/common/technology/autopilot/hls_cordic_apfixed.h:101) [157]  (0.301 ns)


============================================================
+ Verbose Summary: Binding
============================================================
N/A
* FSMD analyzer results:
  - Output states:
 - Input state : 
  - Chain level:
	State 1
	State 2
	State 3


============================================================
+ Verbose Summary: Datapath Resource usage 
============================================================
N/A
