

================================================================
== Vivado HLS Report for 'generic_sincos_10_6_s'
================================================================
* Date:           Sun Feb 26 15:15:18 2023

* Version:        2020.1 (Build 2897737 on Wed May 27 20:21:37 MDT 2020)
* Project:        myproject_prj
* Solution:       solution1
* Product family: virtexuplus
* Target device:  xcvu9p-flga2577-2-e


================================================================
== Performance Estimates
================================================================
+ Timing: 
    * Summary: 
    +--------+---------+----------+------------+
    |  Clock |  Target | Estimated| Uncertainty|
    +--------+---------+----------+------------+
    |ap_clk  | 5.00 ns | 4.249 ns |   0.62 ns  |
    +--------+---------+----------+------------+

+ Latency: 
    * Summary: 
    +---------+---------+-----------+-----------+-----+-----+----------+
    |  Latency (cycles) |   Latency (absolute)  |  Interval | Pipeline |
    |   min   |   max   |    min    |    max    | min | max |   Type   |
    +---------+---------+-----------+-----------+-----+-----+----------+
    |        6|        6| 30.000 ns | 30.000 ns |    1|    1| function |
    +---------+---------+-----------+-----------+-----+-----+----------+

    + Detail: 
        * Instance: 
        +----------------------------------------+------------------------------+---------+---------+-----------+-----------+-----+-----+----------+
        |                                        |                              |  Latency (cycles) |   Latency (absolute)  |  Interval | Pipeline |
        |                Instance                |            Module            |   min   |   max   |    min    |    max    | min | max |   Type   |
        +----------------------------------------+------------------------------+---------+---------+-----------+-----------+-----+-----+----------+
        |grp_cordic_circ_apfixed_12_3_0_s_fu_70  |cordic_circ_apfixed_12_3_0_s  |        2|        2| 10.000 ns | 10.000 ns |    1|    1| function |
        +----------------------------------------+------------------------------+---------+---------+-----------+-----------+-----+-----+----------+

        * Loop: 
        N/A

============================================================
+ Verbose Summary: Synthesis Manager
============================================================
InlineROM: 1
ExposeGlobal: 0
============================================================
+ Verbose Summary: CDFG Model
============================================================
IsTopModel: 0
ResetActiveHigh: 1
IsCombinational: 0
IsDatapathOnly: 0
HasWiredReturn: 1
HasMFsm: 2
HasVarLatency: 0
IsPipeline: 1
IsRtlPipelined: 1
IsInstanceOverlapped: 0
IsDontTouch: 0
HasImplIP: 0
IsGatedGlobalClock: 0

+ Individual pipeline summary: 
  * Pipeline-0: initiation interval (II) = 1, depth = 7


============================================================
+ Verbose Summary: Schedule
============================================================
* Number of FSM states : 7
* Pipeline : 1
  Pipeline-0 : II = 1, D = 7, States = { 1 2 3 4 5 6 7 }
* Dataflow Pipeline: 0

* FSM state transitions: 
1 --> 2 
2 --> 3 
3 --> 4 
4 --> 5 
5 --> 6 
6 --> 7 
7 --> 

* FSM state operations: 

State 1 <SV = 0> <Delay = 3.56>
ST_1 : Operation 8 [1/1] (0.00ns)   --->   "%in_V_read = call i10 @_ssdm_op_Read.ap_auto.i10(i10 %in_V)" [/data/tools/Xilinx/Vivado/2020.1/common/technology/autopilot/hls_cordic_apfixed.h:230]   --->   Operation 8 'read' 'in_V_read' <Predicate = true> <Delay = 0.00>
ST_1 : Operation 9 [1/1] (0.60ns)   --->   "%sign0_V = icmp sgt i10 %in_V_read, 0" [/data/tools/Xilinx/Vivado/2020.1/common/technology/autopilot/hls_cordic_apfixed.h:230]   --->   Operation 9 'icmp' 'sign0_V' <Predicate = true> <Delay = 0.60> <Core = "Cmp">   --->   Core 25 'Cmp' <Latency = 0> <II = 1> <Delay = 0.34> <FuncUnit> <Opcode : 'icmp'> <InPorts = 2> <OutPorts = 1>
ST_1 : Operation 10 [1/1] (0.72ns)   --->   "%inabs_V = sub i10 0, %in_V_read" [/data/tools/Xilinx/Vivado/2020.1/common/technology/autopilot/hls_cordic_apfixed.h:237]   --->   Operation 10 'sub' 'inabs_V' <Predicate = true> <Delay = 0.72> <Core = "AddSub">   --->   Core 14 'AddSub' <Latency = 0> <II = 1> <Delay = 0.70> <FuncUnit> <Opcode : 'add' 'sub'> <InPorts = 2> <OutPorts = 1>
ST_1 : Operation 11 [1/1] (0.30ns)   --->   "%p_Val2_s = select i1 %sign0_V, i10 %in_V_read, i10 %inabs_V" [/data/tools/Xilinx/Vivado/2020.1/common/technology/autopilot/hls_cordic_apfixed.h:234]   --->   Operation 11 'select' 'p_Val2_s' <Predicate = true> <Delay = 0.30> <Core = "Sel">   --->   Core 26 'Sel' <Latency = 0> <II = 1> <Delay = 0.29> <FuncUnit> <Opcode : 'select'> <InPorts = 3> <OutPorts = 1>
ST_1 : Operation 12 [1/1] (0.00ns)   --->   "%r_V = zext i10 %p_Val2_s to i27" [/data/tools/Xilinx/Vivado/2020.1/common/technology/autopilot/hls_cordic_apfixed.h:64->/data/tools/Xilinx/Vivado/2020.1/common/technology/autopilot/hls_cordic_apfixed.h:243]   --->   Operation 12 'zext' 'r_V' <Predicate = true> <Delay = 0.00>
ST_1 : Operation 13 [1/1] (2.53ns) (root node of the DSP)   --->   "%r_V_48 = mul i27 83443, %r_V" [/data/tools/Xilinx/Vivado/2020.1/common/technology/autopilot/hls_cordic_apfixed.h:64->/data/tools/Xilinx/Vivado/2020.1/common/technology/autopilot/hls_cordic_apfixed.h:243]   --->   Operation 13 'mul' 'r_V_48' <Predicate = true> <Delay = 2.53> <Core = "DSP48">   --->   Core 88 'DSP48' <Latency = 0> <II = 1> <Delay = 2.53> <IPBlock> <Opcode : 'mul' 'add' 'sub' 'select'> <InPorts = 2> <OutPorts = 1> <Sync> <CReg>
ST_1 : Operation 14 [1/1] (0.00ns)   --->   "%ret_V = call i6 @_ssdm_op_PartSelect.i6.i27.i32.i32(i27 %r_V_48, i32 21, i32 26)" [/data/tools/Xilinx/Vivado/2020.1/common/technology/autopilot/hls_cordic_apfixed.h:65->/data/tools/Xilinx/Vivado/2020.1/common/technology/autopilot/hls_cordic_apfixed.h:243]   --->   Operation 14 'partselect' 'ret_V' <Predicate = true> <Delay = 0.00>
ST_1 : Operation 15 [1/1] (0.00ns)   --->   "%k_V = call i2 @_ssdm_op_PartSelect.i2.i27.i32.i32(i27 %r_V_48, i32 21, i32 22)" [/data/tools/Xilinx/Vivado/2020.1/common/technology/autopilot/hls_cordic_apfixed.h:67->/data/tools/Xilinx/Vivado/2020.1/common/technology/autopilot/hls_cordic_apfixed.h:243]   --->   Operation 15 'partselect' 'k_V' <Predicate = true> <Delay = 0.00>

State 2 <SV = 1> <Delay = 3.57>
ST_2 : Operation 16 [1/1] (0.00ns)   --->   "%r_V_43 = zext i6 %ret_V to i18" [/data/tools/Xilinx/Vivado/2020.1/common/technology/autopilot/hls_cordic_apfixed.h:68->/data/tools/Xilinx/Vivado/2020.1/common/technology/autopilot/hls_cordic_apfixed.h:243]   --->   Operation 16 'zext' 'r_V_43' <Predicate = true> <Delay = 0.00>
ST_2 : Operation 17 [1/1] (0.49ns) (grouped into DSP with root node ret_V_41)   --->   "%r_V_49 = mul i18 3216, %r_V_43" [/data/tools/Xilinx/Vivado/2020.1/common/technology/autopilot/hls_cordic_apfixed.h:68->/data/tools/Xilinx/Vivado/2020.1/common/technology/autopilot/hls_cordic_apfixed.h:243]   --->   Operation 17 'mul' 'r_V_49' <Predicate = true> <Delay = 0.49> <Core = "DSP48">   --->   Core 88 'DSP48' <Latency = 0> <II = 1> <Delay = 2.53> <IPBlock> <Opcode : 'mul' 'add' 'sub' 'select'> <InPorts = 2> <OutPorts = 1> <Sync> <CReg>
ST_2 : Operation 18 [1/1] (0.00ns)   --->   "%lhs_V = call i17 @_ssdm_op_BitConcatenate.i17.i10.i7(i10 %p_Val2_s, i7 0)" [/data/tools/Xilinx/Vivado/2020.1/common/technology/autopilot/hls_cordic_apfixed.h:68->/data/tools/Xilinx/Vivado/2020.1/common/technology/autopilot/hls_cordic_apfixed.h:243]   --->   Operation 18 'bitconcatenate' 'lhs_V' <Predicate = true> <Delay = 0.00>
ST_2 : Operation 19 [1/1] (0.00ns)   --->   "%zext_ln728 = zext i17 %lhs_V to i19" [/data/tools/Xilinx/Vivado/2020.1/common/technology/autopilot/hls_cordic_apfixed.h:68->/data/tools/Xilinx/Vivado/2020.1/common/technology/autopilot/hls_cordic_apfixed.h:243]   --->   Operation 19 'zext' 'zext_ln728' <Predicate = true> <Delay = 0.00>
ST_2 : Operation 20 [1/1] (0.00ns) (grouped into DSP with root node ret_V_41)   --->   "%rhs_V = zext i18 %r_V_49 to i19" [/data/tools/Xilinx/Vivado/2020.1/common/technology/autopilot/hls_cordic_apfixed.h:68->/data/tools/Xilinx/Vivado/2020.1/common/technology/autopilot/hls_cordic_apfixed.h:243]   --->   Operation 20 'zext' 'rhs_V' <Predicate = true> <Delay = 0.00>
ST_2 : Operation 21 [1/1] (2.03ns) (root node of the DSP)   --->   "%ret_V_41 = sub i19 %zext_ln728, %rhs_V" [/data/tools/Xilinx/Vivado/2020.1/common/technology/autopilot/hls_cordic_apfixed.h:68->/data/tools/Xilinx/Vivado/2020.1/common/technology/autopilot/hls_cordic_apfixed.h:243]   --->   Operation 21 'sub' 'ret_V_41' <Predicate = true> <Delay = 2.03> <Core = "DSP48">   --->   Core 88 'DSP48' <Latency = 0> <II = 1> <Delay = 2.53> <IPBlock> <Opcode : 'mul' 'add' 'sub' 'select'> <InPorts = 2> <OutPorts = 1> <Sync> <CReg>
ST_2 : Operation 22 [1/1] (0.00ns)   --->   "%p_Val2_43 = call i11 @_ssdm_op_PartSelect.i11.i19.i32.i32(i19 %ret_V_41, i32 1, i32 11)" [/data/tools/Xilinx/Vivado/2020.1/common/technology/autopilot/hls_cordic_apfixed.h:68->/data/tools/Xilinx/Vivado/2020.1/common/technology/autopilot/hls_cordic_apfixed.h:243]   --->   Operation 22 'partselect' 'p_Val2_43' <Predicate = true> <Delay = 0.00>
ST_2 : Operation 23 [1/1] (0.34ns)   --->   "%icmp_ln879 = icmp eq i2 %k_V, 1" [/data/tools/Xilinx/Vivado/2020.1/common/technology/autopilot/hls_cordic_apfixed.h:251]   --->   Operation 23 'icmp' 'icmp_ln879' <Predicate = true> <Delay = 0.34> <Core = "Cmp">   --->   Core 25 'Cmp' <Latency = 0> <II = 1> <Delay = 0.34> <FuncUnit> <Opcode : 'icmp'> <InPorts = 2> <OutPorts = 1>
ST_2 : Operation 24 [1/1] (0.00ns)   --->   "%rhs_V_5 = zext i11 %p_Val2_43 to i12" [/data/tools/Xilinx/Vivado/2020.1/common/technology/autopilot/hls_cordic_apfixed.h:257]   --->   Operation 24 'zext' 'rhs_V_5' <Predicate = true> <Delay = 0.00>
ST_2 : Operation 25 [1/1] (0.00ns) (grouped into LUT with out node z_V_1)   --->   "%trunc_ln708_s = call i10 @_ssdm_op_PartSelect.i10.i19.i32.i32(i19 %ret_V_41, i32 2, i32 11)" [/data/tools/Xilinx/Vivado/2020.1/common/technology/autopilot/hls_cordic_apfixed.h:257]   --->   Operation 25 'partselect' 'trunc_ln708_s' <Predicate = true> <Delay = 0.00>
ST_2 : Operation 26 [1/1] (0.00ns) (grouped into LUT with out node z_V_1)   --->   "%z_V = zext i10 %trunc_ln708_s to i11" [/data/tools/Xilinx/Vivado/2020.1/common/technology/autopilot/hls_cordic_apfixed.h:257]   --->   Operation 26 'zext' 'z_V' <Predicate = true> <Delay = 0.00>
ST_2 : Operation 27 [1/1] (0.74ns)   --->   "%ret_V_42 = sub i12 1608, %rhs_V_5" [/data/tools/Xilinx/Vivado/2020.1/common/technology/autopilot/hls_cordic_apfixed.h:254]   --->   Operation 27 'sub' 'ret_V_42' <Predicate = true> <Delay = 0.74> <Core = "AddSub">   --->   Core 14 'AddSub' <Latency = 0> <II = 1> <Delay = 0.70> <FuncUnit> <Opcode : 'add' 'sub'> <InPorts = 2> <OutPorts = 1>
ST_2 : Operation 28 [1/1] (0.00ns) (grouped into LUT with out node z_V_1)   --->   "%trunc_ln708_11 = call i11 @_ssdm_op_PartSelect.i11.i12.i32.i32(i12 %ret_V_42, i32 1, i32 11)" [/data/tools/Xilinx/Vivado/2020.1/common/technology/autopilot/hls_cordic_apfixed.h:254]   --->   Operation 28 'partselect' 'trunc_ln708_11' <Predicate = true> <Delay = 0.00>
ST_2 : Operation 29 [1/1] (0.34ns)   --->   "%icmp_ln251 = icmp eq i2 %k_V, -1" [/data/tools/Xilinx/Vivado/2020.1/common/technology/autopilot/hls_cordic_apfixed.h:251]   --->   Operation 29 'icmp' 'icmp_ln251' <Predicate = true> <Delay = 0.34> <Core = "Cmp">   --->   Core 25 'Cmp' <Latency = 0> <II = 1> <Delay = 0.34> <FuncUnit> <Opcode : 'icmp'> <InPorts = 2> <OutPorts = 1>
ST_2 : Operation 30 [1/1] (0.00ns) (grouped into LUT with out node z_V_1)   --->   "%or_ln251 = or i1 %icmp_ln251, %icmp_ln879" [/data/tools/Xilinx/Vivado/2020.1/common/technology/autopilot/hls_cordic_apfixed.h:251]   --->   Operation 30 'or' 'or_ln251' <Predicate = true> <Delay = 0.00> <Core = "LogicGate">   --->   Core 27 'LogicGate' <Latency = 0> <II = 1> <Delay = 0.12> <FuncUnit> <Opcode : 'and' 'or' 'xor'> <InPorts = 2> <OutPorts = 1>
ST_2 : Operation 31 [1/1] (0.30ns) (out node of the LUT)   --->   "%z_V_1 = select i1 %or_ln251, i11 %trunc_ln708_11, i11 %z_V" [/data/tools/Xilinx/Vivado/2020.1/common/technology/autopilot/hls_cordic_apfixed.h:251]   --->   Operation 31 'select' 'z_V_1' <Predicate = true> <Delay = 0.30> <Core = "Sel">   --->   Core 26 'Sel' <Latency = 0> <II = 1> <Delay = 0.29> <FuncUnit> <Opcode : 'select'> <InPorts = 3> <OutPorts = 1>

State 3 <SV = 2> <Delay = 4.22>
ST_3 : Operation 32 [4/4] (4.22ns)   --->   "%call_ret = call fastcc { i12, i12 } @"cordic_circ_apfixed<12, 3, 0>"(i11 %z_V_1)" [/data/tools/Xilinx/Vivado/2020.1/common/technology/autopilot/hls_cordic_apfixed.h:266]   --->   Operation 32 'call' 'call_ret' <Predicate = true> <Delay = 4.22> <CoreType = "Generic">   --->   Core 0 '' <Latency = 0> <II = 1> <Delay = 1.00> <Generic> <Opcode : >

State 4 <SV = 3> <Delay = 4.24>
ST_4 : Operation 33 [3/4] (4.24ns)   --->   "%call_ret = call fastcc { i12, i12 } @"cordic_circ_apfixed<12, 3, 0>"(i11 %z_V_1)" [/data/tools/Xilinx/Vivado/2020.1/common/technology/autopilot/hls_cordic_apfixed.h:266]   --->   Operation 33 'call' 'call_ret' <Predicate = true> <Delay = 4.24> <CoreType = "Generic">   --->   Core 0 '' <Latency = 0> <II = 1> <Delay = 1.00> <Generic> <Opcode : >

State 5 <SV = 4> <Delay = 4.24>
ST_5 : Operation 34 [2/4] (4.24ns)   --->   "%call_ret = call fastcc { i12, i12 } @"cordic_circ_apfixed<12, 3, 0>"(i11 %z_V_1)" [/data/tools/Xilinx/Vivado/2020.1/common/technology/autopilot/hls_cordic_apfixed.h:266]   --->   Operation 34 'call' 'call_ret' <Predicate = true> <Delay = 4.24> <CoreType = "Generic">   --->   Core 0 '' <Latency = 0> <II = 1> <Delay = 1.00> <Generic> <Opcode : >

State 6 <SV = 5> <Delay = 3.97>
ST_6 : Operation 35 [1/4] (3.97ns)   --->   "%call_ret = call fastcc { i12, i12 } @"cordic_circ_apfixed<12, 3, 0>"(i11 %z_V_1)" [/data/tools/Xilinx/Vivado/2020.1/common/technology/autopilot/hls_cordic_apfixed.h:266]   --->   Operation 35 'call' 'call_ret' <Predicate = true> <Delay = 3.97> <CoreType = "Generic">   --->   Core 0 '' <Latency = 0> <II = 1> <Delay = 1.00> <Generic> <Opcode : >
ST_6 : Operation 36 [1/1] (0.00ns)   --->   "%x_V = extractvalue { i12, i12 } %call_ret, 0" [/data/tools/Xilinx/Vivado/2020.1/common/technology/autopilot/hls_cordic_apfixed.h:266]   --->   Operation 36 'extractvalue' 'x_V' <Predicate = true> <Delay = 0.00>
ST_6 : Operation 37 [1/1] (0.00ns)   --->   "%y_V = extractvalue { i12, i12 } %call_ret, 1" [/data/tools/Xilinx/Vivado/2020.1/common/technology/autopilot/hls_cordic_apfixed.h:266]   --->   Operation 37 'extractvalue' 'y_V' <Predicate = true> <Delay = 0.00>
ST_6 : Operation 38 [1/1] (0.00ns)   --->   "%trunc_ln266 = trunc i12 %y_V to i11" [/data/tools/Xilinx/Vivado/2020.1/common/technology/autopilot/hls_cordic_apfixed.h:266]   --->   Operation 38 'trunc' 'trunc_ln266' <Predicate = true> <Delay = 0.00>
ST_6 : Operation 39 [1/1] (0.00ns)   --->   "%trunc_ln1 = call i6 @_ssdm_op_PartSelect.i6.i12.i32.i32(i12 %y_V, i32 5, i32 10)" [/data/tools/Xilinx/Vivado/2020.1/common/technology/autopilot/hls_cordic_apfixed.h:275]   --->   Operation 39 'partselect' 'trunc_ln1' <Predicate = true> <Delay = 0.00>
ST_6 : Operation 40 [1/1] (0.00ns)   --->   "%trunc_ln1253 = trunc i12 %x_V to i11" [/data/tools/Xilinx/Vivado/2020.1/common/technology/autopilot/hls_cordic_apfixed.h:280]   --->   Operation 40 'trunc' 'trunc_ln1253' <Predicate = true> <Delay = 0.00>

State 7 <SV = 6> <Delay = 2.32>
ST_7 : Operation 41 [1/1] (0.34ns)   --->   "%icmp_ln879_1 = icmp eq i2 %k_V, 0" [/data/tools/Xilinx/Vivado/2020.1/common/technology/autopilot/hls_cordic_apfixed.h:274]   --->   Operation 41 'icmp' 'icmp_ln879_1' <Predicate = true> <Delay = 0.34> <Core = "Cmp">   --->   Core 25 'Cmp' <Latency = 0> <II = 1> <Delay = 0.34> <FuncUnit> <Opcode : 'icmp'> <InPorts = 2> <OutPorts = 1>
ST_7 : Operation 42 [1/1] (0.73ns)   --->   "%r_V_50 = sub i11 0, %trunc_ln1253" [/data/tools/Xilinx/Vivado/2020.1/common/technology/autopilot/hls_cordic_apfixed.h:280]   --->   Operation 42 'sub' 'r_V_50' <Predicate = true> <Delay = 0.73> <Core = "AddSub">   --->   Core 14 'AddSub' <Latency = 0> <II = 1> <Delay = 0.70> <FuncUnit> <Opcode : 'add' 'sub'> <InPorts = 2> <OutPorts = 1>
ST_7 : Operation 43 [1/1] (0.00ns)   --->   "%trunc_ln708_12 = call i6 @_ssdm_op_PartSelect.i6.i11.i32.i32(i11 %r_V_50, i32 5, i32 10)" [/data/tools/Xilinx/Vivado/2020.1/common/technology/autopilot/hls_cordic_apfixed.h:280]   --->   Operation 43 'partselect' 'trunc_ln708_12' <Predicate = true> <Delay = 0.00>
ST_7 : Operation 44 [1/1] (0.34ns)   --->   "%icmp_ln879_2 = icmp eq i2 %k_V, -2" [/data/tools/Xilinx/Vivado/2020.1/common/technology/autopilot/hls_cordic_apfixed.h:282]   --->   Operation 44 'icmp' 'icmp_ln879_2' <Predicate = true> <Delay = 0.34> <Core = "Cmp">   --->   Core 25 'Cmp' <Latency = 0> <II = 1> <Delay = 0.34> <FuncUnit> <Opcode : 'icmp'> <InPorts = 2> <OutPorts = 1>
ST_7 : Operation 45 [1/1] (0.73ns)   --->   "%r_V_51 = sub i11 0, %trunc_ln266" [/data/tools/Xilinx/Vivado/2020.1/common/technology/autopilot/hls_cordic_apfixed.h:283]   --->   Operation 45 'sub' 'r_V_51' <Predicate = true> <Delay = 0.73> <Core = "AddSub">   --->   Core 14 'AddSub' <Latency = 0> <II = 1> <Delay = 0.70> <FuncUnit> <Opcode : 'add' 'sub'> <InPorts = 2> <OutPorts = 1>
ST_7 : Operation 46 [1/1] (0.00ns)   --->   "%trunc_ln708_13 = call i6 @_ssdm_op_PartSelect.i6.i11.i32.i32(i11 %r_V_51, i32 5, i32 10)" [/data/tools/Xilinx/Vivado/2020.1/common/technology/autopilot/hls_cordic_apfixed.h:283]   --->   Operation 46 'partselect' 'trunc_ln708_13' <Predicate = true> <Delay = 0.00>
ST_7 : Operation 47 [1/1] (0.00ns) (grouped into LUT with out node select_ln879_1)   --->   "%select_ln879 = select i1 %icmp_ln879_1, i6 %trunc_ln1, i6 %trunc_ln708_13" [/data/tools/Xilinx/Vivado/2020.1/common/technology/autopilot/hls_cordic_apfixed.h:274]   --->   Operation 47 'select' 'select_ln879' <Predicate = true> <Delay = 0.00> <Core = "Sel">   --->   Core 26 'Sel' <Latency = 0> <II = 1> <Delay = 0.29> <FuncUnit> <Opcode : 'select'> <InPorts = 3> <OutPorts = 1>
ST_7 : Operation 48 [1/1] (0.00ns) (grouped into LUT with out node and_ln879)   --->   "%xor_ln879 = xor i1 %icmp_ln879_1, true" [/data/tools/Xilinx/Vivado/2020.1/common/technology/autopilot/hls_cordic_apfixed.h:274]   --->   Operation 48 'xor' 'xor_ln879' <Predicate = true> <Delay = 0.00> <Core = "LogicGate">   --->   Core 27 'LogicGate' <Latency = 0> <II = 1> <Delay = 0.12> <FuncUnit> <Opcode : 'and' 'or' 'xor'> <InPorts = 2> <OutPorts = 1>
ST_7 : Operation 49 [1/1] (0.12ns) (out node of the LUT)   --->   "%and_ln879 = and i1 %icmp_ln879, %xor_ln879" [/data/tools/Xilinx/Vivado/2020.1/common/technology/autopilot/hls_cordic_apfixed.h:251]   --->   Operation 49 'and' 'and_ln879' <Predicate = true> <Delay = 0.12> <Core = "LogicGate">   --->   Core 27 'LogicGate' <Latency = 0> <II = 1> <Delay = 0.12> <FuncUnit> <Opcode : 'and' 'or' 'xor'> <InPorts = 2> <OutPorts = 1>
ST_7 : Operation 50 [1/1] (0.29ns) (out node of the LUT)   --->   "%select_ln879_1 = select i1 %and_ln879, i6 %trunc_ln1, i6 %select_ln879" [/data/tools/Xilinx/Vivado/2020.1/common/technology/autopilot/hls_cordic_apfixed.h:251]   --->   Operation 50 'select' 'select_ln879_1' <Predicate = true> <Delay = 0.29> <Core = "Sel">   --->   Core 26 'Sel' <Latency = 0> <II = 1> <Delay = 0.29> <FuncUnit> <Opcode : 'select'> <InPorts = 3> <OutPorts = 1>
ST_7 : Operation 51 [1/1] (0.00ns) (grouped into LUT with out node and_ln879_1)   --->   "%or_ln879 = or i1 %icmp_ln879_1, %icmp_ln879" [/data/tools/Xilinx/Vivado/2020.1/common/technology/autopilot/hls_cordic_apfixed.h:251]   --->   Operation 51 'or' 'or_ln879' <Predicate = true> <Delay = 0.00> <Core = "LogicGate">   --->   Core 27 'LogicGate' <Latency = 0> <II = 1> <Delay = 0.12> <FuncUnit> <Opcode : 'and' 'or' 'xor'> <InPorts = 2> <OutPorts = 1>
ST_7 : Operation 52 [1/1] (0.00ns) (grouped into LUT with out node and_ln879_1)   --->   "%xor_ln879_1 = xor i1 %or_ln879, true" [/data/tools/Xilinx/Vivado/2020.1/common/technology/autopilot/hls_cordic_apfixed.h:251]   --->   Operation 52 'xor' 'xor_ln879_1' <Predicate = true> <Delay = 0.00> <Core = "LogicGate">   --->   Core 27 'LogicGate' <Latency = 0> <II = 1> <Delay = 0.12> <FuncUnit> <Opcode : 'and' 'or' 'xor'> <InPorts = 2> <OutPorts = 1>
ST_7 : Operation 53 [1/1] (0.12ns) (out node of the LUT)   --->   "%and_ln879_1 = and i1 %icmp_ln879_2, %xor_ln879_1" [/data/tools/Xilinx/Vivado/2020.1/common/technology/autopilot/hls_cordic_apfixed.h:282]   --->   Operation 53 'and' 'and_ln879_1' <Predicate = true> <Delay = 0.12> <Core = "LogicGate">   --->   Core 27 'LogicGate' <Latency = 0> <II = 1> <Delay = 0.12> <FuncUnit> <Opcode : 'and' 'or' 'xor'> <InPorts = 2> <OutPorts = 1>
ST_7 : Operation 54 [1/1] (0.29ns) (out node of the LUT)   --->   "%p_Val2_49 = select i1 %and_ln879_1, i6 %trunc_ln708_13, i6 %select_ln879_1" [/data/tools/Xilinx/Vivado/2020.1/common/technology/autopilot/hls_cordic_apfixed.h:282]   --->   Operation 54 'select' 'p_Val2_49' <Predicate = true> <Delay = 0.29> <Core = "Sel">   --->   Core 26 'Sel' <Latency = 0> <II = 1> <Delay = 0.29> <FuncUnit> <Opcode : 'select'> <InPorts = 3> <OutPorts = 1>
ST_7 : Operation 55 [1/1] (0.00ns) (grouped into LUT with out node select_ln879_4)   --->   "%trunc_ln3 = call i6 @_ssdm_op_PartSelect.i6.i12.i32.i32(i12 %x_V, i32 5, i32 10)" [/data/tools/Xilinx/Vivado/2020.1/common/technology/autopilot/hls_cordic_apfixed.h:274]   --->   Operation 55 'partselect' 'trunc_ln3' <Predicate = true> <Delay = 0.00>
ST_7 : Operation 56 [1/1] (0.00ns) (grouped into LUT with out node select_ln879_4)   --->   "%select_ln879_3 = select i1 %and_ln879, i6 %trunc_ln708_12, i6 %trunc_ln3" [/data/tools/Xilinx/Vivado/2020.1/common/technology/autopilot/hls_cordic_apfixed.h:251]   --->   Operation 56 'select' 'select_ln879_3' <Predicate = true> <Delay = 0.00> <Core = "Sel">   --->   Core 26 'Sel' <Latency = 0> <II = 1> <Delay = 0.29> <FuncUnit> <Opcode : 'select'> <InPorts = 3> <OutPorts = 1>
ST_7 : Operation 57 [1/1] (0.29ns) (out node of the LUT)   --->   "%select_ln879_4 = select i1 %and_ln879_1, i6 %trunc_ln708_12, i6 %select_ln879_3" [/data/tools/Xilinx/Vivado/2020.1/common/technology/autopilot/hls_cordic_apfixed.h:282]   --->   Operation 57 'select' 'select_ln879_4' <Predicate = true> <Delay = 0.29> <Core = "Sel">   --->   Core 26 'Sel' <Latency = 0> <II = 1> <Delay = 0.29> <FuncUnit> <Opcode : 'select'> <InPorts = 3> <OutPorts = 1>
ST_7 : Operation 58 [1/1] (0.70ns)   --->   "%sub_ln703 = sub i6 0, %p_Val2_49" [/data/tools/Xilinx/Vivado/2020.1/common/technology/autopilot/hls_cordic_apfixed.h:292]   --->   Operation 58 'sub' 'sub_ln703' <Predicate = (!sign0_V)> <Delay = 0.70> <Core = "AddSub">   --->   Core 14 'AddSub' <Latency = 0> <II = 1> <Delay = 0.70> <FuncUnit> <Opcode : 'add' 'sub'> <InPorts = 2> <OutPorts = 1>
ST_7 : Operation 59 [1/1] (0.29ns)   --->   "%p_Val2_50 = select i1 %sign0_V, i6 %p_Val2_49, i6 %sub_ln703" [/data/tools/Xilinx/Vivado/2020.1/common/technology/autopilot/hls_cordic_apfixed.h:291]   --->   Operation 59 'select' 'p_Val2_50' <Predicate = true> <Delay = 0.29> <Core = "Sel">   --->   Core 26 'Sel' <Latency = 0> <II = 1> <Delay = 0.29> <FuncUnit> <Opcode : 'select'> <InPorts = 3> <OutPorts = 1>
ST_7 : Operation 60 [1/1] (0.00ns)   --->   "%mrv = insertvalue { i6, i6 } undef, i6 %p_Val2_50, 0" [/data/tools/Xilinx/Vivado/2020.1/common/technology/autopilot/hls_cordic_apfixed.h:293]   --->   Operation 60 'insertvalue' 'mrv' <Predicate = true> <Delay = 0.00>
ST_7 : Operation 61 [1/1] (0.00ns)   --->   "%mrv_1 = insertvalue { i6, i6 } %mrv, i6 %select_ln879_4, 1" [/data/tools/Xilinx/Vivado/2020.1/common/technology/autopilot/hls_cordic_apfixed.h:293]   --->   Operation 61 'insertvalue' 'mrv_1' <Predicate = true> <Delay = 0.00>
ST_7 : Operation 62 [1/1] (0.00ns)   --->   "ret { i6, i6 } %mrv_1" [/data/tools/Xilinx/Vivado/2020.1/common/technology/autopilot/hls_cordic_apfixed.h:293]   --->   Operation 62 'ret' <Predicate = true> <Delay = 0.00>


============================================================
+ Verbose Summary: Binding
============================================================
STG Binding: 
---------------- STG Properties BEGIN ----------------
- Is combinational: 0
- Is one-state seq: 0
- Is datapath-only: 1
- Is pipelined: 1
- Is top level: 0
Port [ Return ] is wired: 1; IO mode=ap_ctrl_hs:ce=0
Port [ in_V]:  wired=1; compound=0; hidden=0; nouse=0; global=0; static=0; extern=0; dir=0; type=0; pingpong=0; private_global=0; IO mode=ap_none:ce=0
---------------- STG Properties END ------------------

---------------- Datapath Model BEGIN ----------------

<LifeTime>
<method=bitvector/>
in_V_read      (read          ) [ 00000000]
sign0_V        (icmp          ) [ 01111111]
inabs_V        (sub           ) [ 00000000]
p_Val2_s       (select        ) [ 01100000]
r_V            (zext          ) [ 00000000]
r_V_48         (mul           ) [ 00000000]
ret_V          (partselect    ) [ 01100000]
k_V            (partselect    ) [ 01111111]
r_V_43         (zext          ) [ 00000000]
r_V_49         (mul           ) [ 00000000]
lhs_V          (bitconcatenate) [ 00000000]
zext_ln728     (zext          ) [ 00000000]
rhs_V          (zext          ) [ 00000000]
ret_V_41       (sub           ) [ 00000000]
p_Val2_43      (partselect    ) [ 00000000]
icmp_ln879     (icmp          ) [ 01011111]
rhs_V_5        (zext          ) [ 00000000]
trunc_ln708_s  (partselect    ) [ 00000000]
z_V            (zext          ) [ 00000000]
ret_V_42       (sub           ) [ 00000000]
trunc_ln708_11 (partselect    ) [ 00000000]
icmp_ln251     (icmp          ) [ 00000000]
or_ln251       (or            ) [ 00000000]
z_V_1          (select        ) [ 01011110]
call_ret       (call          ) [ 00000000]
x_V            (extractvalue  ) [ 01000001]
y_V            (extractvalue  ) [ 00000000]
trunc_ln266    (trunc         ) [ 01000001]
trunc_ln1      (partselect    ) [ 01000001]
trunc_ln1253   (trunc         ) [ 01000001]
icmp_ln879_1   (icmp          ) [ 00000000]
r_V_50         (sub           ) [ 00000000]
trunc_ln708_12 (partselect    ) [ 00000000]
icmp_ln879_2   (icmp          ) [ 00000000]
r_V_51         (sub           ) [ 00000000]
trunc_ln708_13 (partselect    ) [ 00000000]
select_ln879   (select        ) [ 00000000]
xor_ln879      (xor           ) [ 00000000]
and_ln879      (and           ) [ 00000000]
select_ln879_1 (select        ) [ 00000000]
or_ln879       (or            ) [ 00000000]
xor_ln879_1    (xor           ) [ 00000000]
and_ln879_1    (and           ) [ 00000000]
p_Val2_49      (select        ) [ 00000000]
trunc_ln3      (partselect    ) [ 00000000]
select_ln879_3 (select        ) [ 00000000]
select_ln879_4 (select        ) [ 00000000]
sub_ln703      (sub           ) [ 00000000]
p_Val2_50      (select        ) [ 00000000]
mrv            (insertvalue   ) [ 00000000]
mrv_1          (insertvalue   ) [ 00000000]
ret_ln293      (ret           ) [ 00000000]
</LifeTime>

<model>

<comp_list>
<comp id="0" class="1000" name="in_V">
<pin_list>
<pin id="1" dir="1" index="0" bw="1" slack="0"/>
</pin_list>
<bind>
<StgValue><ssdm name="in_V"/></StgValue>
</bind>
</comp>

<comp id="2" class="1001" name="const_2">
<pin_list>
<pin id="3" dir="1" index="0" bw="1" slack="0"/>
</pin_list>
<bind>
<StgValue><ssdm name="_ssdm_op_Read.ap_auto.i10"/></StgValue>
</bind>
</comp>

<comp id="4" class="1001" name="const_4">
<pin_list>
<pin id="5" dir="1" index="0" bw="1" slack="0"/>
</pin_list>
<bind>
<StgValue><ssdm name=""/></StgValue>
</bind>
</comp>

<comp id="6" class="1001" name="const_6">
<pin_list>
<pin id="7" dir="1" index="0" bw="1" slack="0"/>
</pin_list>
<bind>
<StgValue><ssdm name=""/></StgValue>
</bind>
</comp>

<comp id="8" class="1001" name="const_8">
<pin_list>
<pin id="9" dir="1" index="0" bw="1" slack="0"/>
</pin_list>
<bind>
<StgValue><ssdm name="_ssdm_op_PartSelect.i6.i27.i32.i32"/></StgValue>
</bind>
</comp>

<comp id="10" class="1001" name="const_10">
<pin_list>
<pin id="11" dir="1" index="0" bw="1" slack="0"/>
</pin_list>
<bind>
<StgValue><ssdm name=""/></StgValue>
</bind>
</comp>

<comp id="12" class="1001" name="const_12">
<pin_list>
<pin id="13" dir="1" index="0" bw="1" slack="0"/>
</pin_list>
<bind>
<StgValue><ssdm name=""/></StgValue>
</bind>
</comp>

<comp id="14" class="1001" name="const_14">
<pin_list>
<pin id="15" dir="1" index="0" bw="1" slack="0"/>
</pin_list>
<bind>
<StgValue><ssdm name="_ssdm_op_PartSelect.i2.i27.i32.i32"/></StgValue>
</bind>
</comp>

<comp id="16" class="1001" name="const_16">
<pin_list>
<pin id="17" dir="1" index="0" bw="1" slack="0"/>
</pin_list>
<bind>
<StgValue><ssdm name=""/></StgValue>
</bind>
</comp>

<comp id="18" class="1001" name="const_18">
<pin_list>
<pin id="19" dir="1" index="0" bw="1" slack="0"/>
</pin_list>
<bind>
<StgValue><ssdm name=""/></StgValue>
</bind>
</comp>

<comp id="20" class="1001" name="const_20">
<pin_list>
<pin id="21" dir="1" index="0" bw="1" slack="0"/>
</pin_list>
<bind>
<StgValue><ssdm name="_ssdm_op_BitConcatenate.i17.i10.i7"/></StgValue>
</bind>
</comp>

<comp id="22" class="1001" name="const_22">
<pin_list>
<pin id="23" dir="1" index="0" bw="1" slack="0"/>
</pin_list>
<bind>
<StgValue><ssdm name=""/></StgValue>
</bind>
</comp>

<comp id="24" class="1001" name="const_24">
<pin_list>
<pin id="25" dir="1" index="0" bw="1" slack="0"/>
</pin_list>
<bind>
<StgValue><ssdm name="_ssdm_op_PartSelect.i11.i19.i32.i32"/></StgValue>
</bind>
</comp>

<comp id="26" class="1001" name="const_26">
<pin_list>
<pin id="27" dir="1" index="0" bw="1" slack="0"/>
</pin_list>
<bind>
<StgValue><ssdm name=""/></StgValue>
</bind>
</comp>

<comp id="28" class="1001" name="const_28">
<pin_list>
<pin id="29" dir="1" index="0" bw="1" slack="0"/>
</pin_list>
<bind>
<StgValue><ssdm name=""/></StgValue>
</bind>
</comp>

<comp id="30" class="1001" name="const_30">
<pin_list>
<pin id="31" dir="1" index="0" bw="1" slack="0"/>
</pin_list>
<bind>
<StgValue><ssdm name=""/></StgValue>
</bind>
</comp>

<comp id="32" class="1001" name="const_32">
<pin_list>
<pin id="33" dir="1" index="0" bw="1" slack="0"/>
</pin_list>
<bind>
<StgValue><ssdm name="_ssdm_op_PartSelect.i10.i19.i32.i32"/></StgValue>
</bind>
</comp>

<comp id="34" class="1001" name="const_34">
<pin_list>
<pin id="35" dir="1" index="0" bw="1" slack="0"/>
</pin_list>
<bind>
<StgValue><ssdm name=""/></StgValue>
</bind>
</comp>

<comp id="36" class="1001" name="const_36">
<pin_list>
<pin id="37" dir="1" index="0" bw="1" slack="0"/>
</pin_list>
<bind>
<StgValue><ssdm name=""/></StgValue>
</bind>
</comp>

<comp id="38" class="1001" name="const_38">
<pin_list>
<pin id="39" dir="1" index="0" bw="1" slack="0"/>
</pin_list>
<bind>
<StgValue><ssdm name="_ssdm_op_PartSelect.i11.i12.i32.i32"/></StgValue>
</bind>
</comp>

<comp id="40" class="1001" name="const_40">
<pin_list>
<pin id="41" dir="1" index="0" bw="1" slack="0"/>
</pin_list>
<bind>
<StgValue><ssdm name=""/></StgValue>
</bind>
</comp>

<comp id="42" class="1001" name="const_42">
<pin_list>
<pin id="43" dir="1" index="0" bw="1" slack="0"/>
</pin_list>
<bind>
<StgValue><ssdm name="cordic_circ_apfixed<12, 3, 0>"/></StgValue>
</bind>
</comp>

<comp id="44" class="1001" name="const_44">
<pin_list>
<pin id="45" dir="1" index="0" bw="1" slack="0"/>
</pin_list>
<bind>
<StgValue><ssdm name="_ssdm_op_PartSelect.i6.i12.i32.i32"/></StgValue>
</bind>
</comp>

<comp id="46" class="1001" name="const_46">
<pin_list>
<pin id="47" dir="1" index="0" bw="1" slack="0"/>
</pin_list>
<bind>
<StgValue><ssdm name=""/></StgValue>
</bind>
</comp>

<comp id="48" class="1001" name="const_48">
<pin_list>
<pin id="49" dir="1" index="0" bw="1" slack="0"/>
</pin_list>
<bind>
<StgValue><ssdm name=""/></StgValue>
</bind>
</comp>

<comp id="50" class="1001" name="const_50">
<pin_list>
<pin id="51" dir="1" index="0" bw="1" slack="0"/>
</pin_list>
<bind>
<StgValue><ssdm name=""/></StgValue>
</bind>
</comp>

<comp id="52" class="1001" name="const_52">
<pin_list>
<pin id="53" dir="1" index="0" bw="1" slack="0"/>
</pin_list>
<bind>
<StgValue><ssdm name=""/></StgValue>
</bind>
</comp>

<comp id="54" class="1001" name="const_54">
<pin_list>
<pin id="55" dir="1" index="0" bw="1" slack="0"/>
</pin_list>
<bind>
<StgValue><ssdm name="_ssdm_op_PartSelect.i6.i11.i32.i32"/></StgValue>
</bind>
</comp>

<comp id="56" class="1001" name="const_56">
<pin_list>
<pin id="57" dir="1" index="0" bw="1" slack="0"/>
</pin_list>
<bind>
<StgValue><ssdm name=""/></StgValue>
</bind>
</comp>

<comp id="58" class="1001" name="const_58">
<pin_list>
<pin id="59" dir="1" index="0" bw="1" slack="0"/>
</pin_list>
<bind>
<StgValue><ssdm name=""/></StgValue>
</bind>
</comp>

<comp id="60" class="1001" name="const_60">
<pin_list>
<pin id="61" dir="1" index="0" bw="1" slack="0"/>
</pin_list>
<bind>
<StgValue><ssdm name=""/></StgValue>
</bind>
</comp>

<comp id="62" class="1001" name="const_62">
<pin_list>
<pin id="63" dir="1" index="0" bw="1" slack="0"/>
</pin_list>
<bind>
<StgValue><ssdm name=""/></StgValue>
</bind>
</comp>

<comp id="64" class="1004" name="in_V_read_read_fu_64">
<pin_list>
<pin id="65" dir="0" index="0" bw="10" slack="0"/>
<pin id="66" dir="0" index="1" bw="10" slack="0"/>
<pin id="67" dir="1" index="2" bw="10" slack="0"/>
</pin_list>
<bind>
<opcode="read(1150) " fcode="read"/>
<opset="in_V_read/1 "/>
</bind>
</comp>

<comp id="70" class="1004" name="grp_cordic_circ_apfixed_12_3_0_s_fu_70">
<pin_list>
<pin id="71" dir="0" index="0" bw="24" slack="0"/>
<pin id="72" dir="0" index="1" bw="11" slack="1"/>
<pin id="73" dir="1" index="2" bw="24" slack="0"/>
</pin_list>
<bind>
<opcode="call(48) " fcode="call"/>
<opset="call_ret/3 "/>
</bind>
</comp>

<comp id="75" class="1004" name="sign0_V_fu_75">
<pin_list>
<pin id="76" dir="0" index="0" bw="10" slack="0"/>
<pin id="77" dir="0" index="1" bw="1" slack="0"/>
<pin id="78" dir="1" index="2" bw="1" slack="0"/>
</pin_list>
<bind>
<opcode="icmp(45) " fcode="icmp"/>
<opset="sign0_V/1 "/>
</bind>
</comp>

<comp id="81" class="1004" name="inabs_V_fu_81">
<pin_list>
<pin id="82" dir="0" index="0" bw="1" slack="0"/>
<pin id="83" dir="0" index="1" bw="10" slack="0"/>
<pin id="84" dir="1" index="2" bw="10" slack="0"/>
</pin_list>
<bind>
<opcode="sub(10) " fcode="sub"/>
<opset="inabs_V/1 "/>
</bind>
</comp>

<comp id="87" class="1004" name="p_Val2_s_fu_87">
<pin_list>
<pin id="88" dir="0" index="0" bw="1" slack="0"/>
<pin id="89" dir="0" index="1" bw="10" slack="0"/>
<pin id="90" dir="0" index="2" bw="10" slack="0"/>
<pin id="91" dir="1" index="3" bw="10" slack="0"/>
</pin_list>
<bind>
<opcode="select(49) " fcode="select"/>
<opset="p_Val2_s/1 "/>
</bind>
</comp>

<comp id="95" class="1004" name="r_V_fu_95">
<pin_list>
<pin id="96" dir="0" index="0" bw="10" slack="0"/>
<pin id="97" dir="1" index="1" bw="27" slack="0"/>
</pin_list>
<bind>
<opcode="zext(34) " fcode="zext"/>
<opset="r_V/1 "/>
</bind>
</comp>

<comp id="99" class="1004" name="ret_V_fu_99">
<pin_list>
<pin id="100" dir="0" index="0" bw="6" slack="0"/>
<pin id="101" dir="0" index="1" bw="27" slack="0"/>
<pin id="102" dir="0" index="2" bw="6" slack="0"/>
<pin id="103" dir="0" index="3" bw="6" slack="0"/>
<pin id="104" dir="1" index="4" bw="6" slack="1"/>
</pin_list>
<bind>
<opcode="partselect(1002) " fcode="partselect"/>
<opset="ret_V/1 "/>
</bind>
</comp>

<comp id="108" class="1004" name="k_V_fu_108">
<pin_list>
<pin id="109" dir="0" index="0" bw="2" slack="0"/>
<pin id="110" dir="0" index="1" bw="27" slack="0"/>
<pin id="111" dir="0" index="2" bw="6" slack="0"/>
<pin id="112" dir="0" index="3" bw="6" slack="0"/>
<pin id="113" dir="1" index="4" bw="2" slack="1"/>
</pin_list>
<bind>
<opcode="partselect(1002) " fcode="partselect"/>
<opset="k_V/1 "/>
</bind>
</comp>

<comp id="117" class="1004" name="r_V_43_fu_117">
<pin_list>
<pin id="118" dir="0" index="0" bw="6" slack="1"/>
<pin id="119" dir="1" index="1" bw="18" slack="0"/>
</pin_list>
<bind>
<opcode="zext(34) " fcode="zext"/>
<opset="r_V_43/2 "/>
</bind>
</comp>

<comp id="120" class="1004" name="lhs_V_fu_120">
<pin_list>
<pin id="121" dir="0" index="0" bw="17" slack="0"/>
<pin id="122" dir="0" index="1" bw="10" slack="1"/>
<pin id="123" dir="0" index="2" bw="1" slack="0"/>
<pin id="124" dir="1" index="3" bw="17" slack="0"/>
</pin_list>
<bind>
<opcode="bitconcatenate(1004) " fcode="bitconcatenate"/>
<opset="lhs_V/2 "/>
</bind>
</comp>

<comp id="127" class="1004" name="zext_ln728_fu_127">
<pin_list>
<pin id="128" dir="0" index="0" bw="17" slack="0"/>
<pin id="129" dir="1" index="1" bw="19" slack="0"/>
</pin_list>
<bind>
<opcode="zext(34) " fcode="zext"/>
<opset="zext_ln728/2 "/>
</bind>
</comp>

<comp id="131" class="1004" name="p_Val2_43_fu_131">
<pin_list>
<pin id="132" dir="0" index="0" bw="11" slack="0"/>
<pin id="133" dir="0" index="1" bw="19" slack="0"/>
<pin id="134" dir="0" index="2" bw="1" slack="0"/>
<pin id="135" dir="0" index="3" bw="5" slack="0"/>
<pin id="136" dir="1" index="4" bw="11" slack="0"/>
</pin_list>
<bind>
<opcode="partselect(1002) " fcode="partselect"/>
<opset="p_Val2_43/2 "/>
</bind>
</comp>

<comp id="140" class="1004" name="icmp_ln879_fu_140">
<pin_list>
<pin id="141" dir="0" index="0" bw="2" slack="1"/>
<pin id="142" dir="0" index="1" bw="1" slack="0"/>
<pin id="143" dir="1" index="2" bw="1" slack="0"/>
</pin_list>
<bind>
<opcode="icmp(45) " fcode="icmp"/>
<opset="icmp_ln879/2 "/>
</bind>
</comp>

<comp id="145" class="1004" name="rhs_V_5_fu_145">
<pin_list>
<pin id="146" dir="0" index="0" bw="11" slack="0"/>
<pin id="147" dir="1" index="1" bw="12" slack="0"/>
</pin_list>
<bind>
<opcode="zext(34) " fcode="zext"/>
<opset="rhs_V_5/2 "/>
</bind>
</comp>

<comp id="149" class="1004" name="trunc_ln708_s_fu_149">
<pin_list>
<pin id="150" dir="0" index="0" bw="10" slack="0"/>
<pin id="151" dir="0" index="1" bw="19" slack="0"/>
<pin id="152" dir="0" index="2" bw="3" slack="0"/>
<pin id="153" dir="0" index="3" bw="5" slack="0"/>
<pin id="154" dir="1" index="4" bw="10" slack="0"/>
</pin_list>
<bind>
<opcode="partselect(1002) " fcode="partselect"/>
<opset="trunc_ln708_s/2 "/>
</bind>
</comp>

<comp id="158" class="1004" name="z_V_fu_158">
<pin_list>
<pin id="159" dir="0" index="0" bw="10" slack="0"/>
<pin id="160" dir="1" index="1" bw="11" slack="0"/>
</pin_list>
<bind>
<opcode="zext(34) " fcode="zext"/>
<opset="z_V/2 "/>
</bind>
</comp>

<comp id="162" class="1004" name="ret_V_42_fu_162">
<pin_list>
<pin id="163" dir="0" index="0" bw="12" slack="0"/>
<pin id="164" dir="0" index="1" bw="11" slack="0"/>
<pin id="165" dir="1" index="2" bw="12" slack="0"/>
</pin_list>
<bind>
<opcode="sub(10) " fcode="sub"/>
<opset="ret_V_42/2 "/>
</bind>
</comp>

<comp id="168" class="1004" name="trunc_ln708_11_fu_168">
<pin_list>
<pin id="169" dir="0" index="0" bw="11" slack="0"/>
<pin id="170" dir="0" index="1" bw="12" slack="0"/>
<pin id="171" dir="0" index="2" bw="1" slack="0"/>
<pin id="172" dir="0" index="3" bw="5" slack="0"/>
<pin id="173" dir="1" index="4" bw="11" slack="0"/>
</pin_list>
<bind>
<opcode="partselect(1002) " fcode="partselect"/>
<opset="trunc_ln708_11/2 "/>
</bind>
</comp>

<comp id="178" class="1004" name="icmp_ln251_fu_178">
<pin_list>
<pin id="179" dir="0" index="0" bw="2" slack="1"/>
<pin id="180" dir="0" index="1" bw="1" slack="0"/>
<pin id="181" dir="1" index="2" bw="1" slack="0"/>
</pin_list>
<bind>
<opcode="icmp(45) " fcode="icmp"/>
<opset="icmp_ln251/2 "/>
</bind>
</comp>

<comp id="183" class="1004" name="or_ln251_fu_183">
<pin_list>
<pin id="184" dir="0" index="0" bw="1" slack="0"/>
<pin id="185" dir="0" index="1" bw="1" slack="0"/>
<pin id="186" dir="1" index="2" bw="1" slack="0"/>
</pin_list>
<bind>
<opcode="or(24) " fcode="or"/>
<opset="or_ln251/2 "/>
</bind>
</comp>

<comp id="189" class="1004" name="z_V_1_fu_189">
<pin_list>
<pin id="190" dir="0" index="0" bw="1" slack="0"/>
<pin id="191" dir="0" index="1" bw="11" slack="0"/>
<pin id="192" dir="0" index="2" bw="10" slack="0"/>
<pin id="193" dir="1" index="3" bw="11" slack="1"/>
</pin_list>
<bind>
<opcode="select(49) " fcode="select"/>
<opset="z_V_1/2 "/>
</bind>
</comp>

<comp id="197" class="1004" name="x_V_fu_197">
<pin_list>
<pin id="198" dir="0" index="0" bw="24" slack="0"/>
<pin id="199" dir="1" index="1" bw="12" slack="0"/>
</pin_list>
<bind>
<opcode="extractvalue(56) " fcode="extractvalue"/>
<opset="x_V/6 "/>
</bind>
</comp>

<comp id="201" class="1004" name="y_V_fu_201">
<pin_list>
<pin id="202" dir="0" index="0" bw="24" slack="0"/>
<pin id="203" dir="1" index="1" bw="12" slack="0"/>
</pin_list>
<bind>
<opcode="extractvalue(56) " fcode="extractvalue"/>
<opset="y_V/6 "/>
</bind>
</comp>

<comp id="205" class="1004" name="trunc_ln266_fu_205">
<pin_list>
<pin id="206" dir="0" index="0" bw="12" slack="0"/>
<pin id="207" dir="1" index="1" bw="11" slack="1"/>
</pin_list>
<bind>
<opcode="trunc(33) " fcode="trunc"/>
<opset="trunc_ln266/6 "/>
</bind>
</comp>

<comp id="209" class="1004" name="trunc_ln1_fu_209">
<pin_list>
<pin id="210" dir="0" index="0" bw="6" slack="0"/>
<pin id="211" dir="0" index="1" bw="12" slack="0"/>
<pin id="212" dir="0" index="2" bw="4" slack="0"/>
<pin id="213" dir="0" index="3" bw="5" slack="0"/>
<pin id="214" dir="1" index="4" bw="6" slack="1"/>
</pin_list>
<bind>
<opcode="partselect(1002) " fcode="partselect"/>
<opset="trunc_ln1/6 "/>
</bind>
</comp>

<comp id="219" class="1004" name="trunc_ln1253_fu_219">
<pin_list>
<pin id="220" dir="0" index="0" bw="12" slack="0"/>
<pin id="221" dir="1" index="1" bw="11" slack="1"/>
</pin_list>
<bind>
<opcode="trunc(33) " fcode="trunc"/>
<opset="trunc_ln1253/6 "/>
</bind>
</comp>

<comp id="223" class="1004" name="icmp_ln879_1_fu_223">
<pin_list>
<pin id="224" dir="0" index="0" bw="2" slack="6"/>
<pin id="225" dir="0" index="1" bw="1" slack="0"/>
<pin id="226" dir="1" index="2" bw="1" slack="0"/>
</pin_list>
<bind>
<opcode="icmp(45) " fcode="icmp"/>
<opset="icmp_ln879_1/7 "/>
</bind>
</comp>

<comp id="228" class="1004" name="r_V_50_fu_228">
<pin_list>
<pin id="229" dir="0" index="0" bw="1" slack="0"/>
<pin id="230" dir="0" index="1" bw="11" slack="1"/>
<pin id="231" dir="1" index="2" bw="11" slack="0"/>
</pin_list>
<bind>
<opcode="sub(10) " fcode="sub"/>
<opset="r_V_50/7 "/>
</bind>
</comp>

<comp id="233" class="1004" name="trunc_ln708_12_fu_233">
<pin_list>
<pin id="234" dir="0" index="0" bw="6" slack="0"/>
<pin id="235" dir="0" index="1" bw="11" slack="0"/>
<pin id="236" dir="0" index="2" bw="4" slack="0"/>
<pin id="237" dir="0" index="3" bw="5" slack="0"/>
<pin id="238" dir="1" index="4" bw="6" slack="0"/>
</pin_list>
<bind>
<opcode="partselect(1002) " fcode="partselect"/>
<opset="trunc_ln708_12/7 "/>
</bind>
</comp>

<comp id="243" class="1004" name="icmp_ln879_2_fu_243">
<pin_list>
<pin id="244" dir="0" index="0" bw="2" slack="6"/>
<pin id="245" dir="0" index="1" bw="2" slack="0"/>
<pin id="246" dir="1" index="2" bw="1" slack="0"/>
</pin_list>
<bind>
<opcode="icmp(45) " fcode="icmp"/>
<opset="icmp_ln879_2/7 "/>
</bind>
</comp>

<comp id="248" class="1004" name="r_V_51_fu_248">
<pin_list>
<pin id="249" dir="0" index="0" bw="1" slack="0"/>
<pin id="250" dir="0" index="1" bw="11" slack="1"/>
<pin id="251" dir="1" index="2" bw="11" slack="0"/>
</pin_list>
<bind>
<opcode="sub(10) " fcode="sub"/>
<opset="r_V_51/7 "/>
</bind>
</comp>

<comp id="253" class="1004" name="trunc_ln708_13_fu_253">
<pin_list>
<pin id="254" dir="0" index="0" bw="6" slack="0"/>
<pin id="255" dir="0" index="1" bw="11" slack="0"/>
<pin id="256" dir="0" index="2" bw="4" slack="0"/>
<pin id="257" dir="0" index="3" bw="5" slack="0"/>
<pin id="258" dir="1" index="4" bw="6" slack="0"/>
</pin_list>
<bind>
<opcode="partselect(1002) " fcode="partselect"/>
<opset="trunc_ln708_13/7 "/>
</bind>
</comp>

<comp id="263" class="1004" name="select_ln879_fu_263">
<pin_list>
<pin id="264" dir="0" index="0" bw="1" slack="0"/>
<pin id="265" dir="0" index="1" bw="6" slack="1"/>
<pin id="266" dir="0" index="2" bw="6" slack="0"/>
<pin id="267" dir="1" index="3" bw="6" slack="0"/>
</pin_list>
<bind>
<opcode="select(49) " fcode="select"/>
<opset="select_ln879/7 "/>
</bind>
</comp>

<comp id="270" class="1004" name="xor_ln879_fu_270">
<pin_list>
<pin id="271" dir="0" index="0" bw="1" slack="0"/>
<pin id="272" dir="0" index="1" bw="1" slack="0"/>
<pin id="273" dir="1" index="2" bw="1" slack="0"/>
</pin_list>
<bind>
<opcode="xor(25) " fcode="xor"/>
<opset="xor_ln879/7 "/>
</bind>
</comp>

<comp id="276" class="1004" name="and_ln879_fu_276">
<pin_list>
<pin id="277" dir="0" index="0" bw="1" slack="5"/>
<pin id="278" dir="0" index="1" bw="1" slack="0"/>
<pin id="279" dir="1" index="2" bw="1" slack="0"/>
</pin_list>
<bind>
<opcode="and(23) " fcode="and"/>
<opset="and_ln879/7 "/>
</bind>
</comp>

<comp id="281" class="1004" name="select_ln879_1_fu_281">
<pin_list>
<pin id="282" dir="0" index="0" bw="1" slack="0"/>
<pin id="283" dir="0" index="1" bw="6" slack="1"/>
<pin id="284" dir="0" index="2" bw="6" slack="0"/>
<pin id="285" dir="1" index="3" bw="6" slack="0"/>
</pin_list>
<bind>
<opcode="select(49) " fcode="select"/>
<opset="select_ln879_1/7 "/>
</bind>
</comp>

<comp id="288" class="1004" name="or_ln879_fu_288">
<pin_list>
<pin id="289" dir="0" index="0" bw="1" slack="0"/>
<pin id="290" dir="0" index="1" bw="1" slack="5"/>
<pin id="291" dir="1" index="2" bw="1" slack="0"/>
</pin_list>
<bind>
<opcode="or(24) " fcode="or"/>
<opset="or_ln879/7 "/>
</bind>
</comp>

<comp id="293" class="1004" name="xor_ln879_1_fu_293">
<pin_list>
<pin id="294" dir="0" index="0" bw="1" slack="0"/>
<pin id="295" dir="0" index="1" bw="1" slack="0"/>
<pin id="296" dir="1" index="2" bw="1" slack="0"/>
</pin_list>
<bind>
<opcode="xor(25) " fcode="xor"/>
<opset="xor_ln879_1/7 "/>
</bind>
</comp>

<comp id="299" class="1004" name="and_ln879_1_fu_299">
<pin_list>
<pin id="300" dir="0" index="0" bw="1" slack="0"/>
<pin id="301" dir="0" index="1" bw="1" slack="0"/>
<pin id="302" dir="1" index="2" bw="1" slack="0"/>
</pin_list>
<bind>
<opcode="and(23) " fcode="and"/>
<opset="and_ln879_1/7 "/>
</bind>
</comp>

<comp id="305" class="1004" name="p_Val2_49_fu_305">
<pin_list>
<pin id="306" dir="0" index="0" bw="1" slack="0"/>
<pin id="307" dir="0" index="1" bw="6" slack="0"/>
<pin id="308" dir="0" index="2" bw="6" slack="0"/>
<pin id="309" dir="1" index="3" bw="6" slack="0"/>
</pin_list>
<bind>
<opcode="select(49) " fcode="select"/>
<opset="p_Val2_49/7 "/>
</bind>
</comp>

<comp id="313" class="1004" name="trunc_ln3_fu_313">
<pin_list>
<pin id="314" dir="0" index="0" bw="6" slack="0"/>
<pin id="315" dir="0" index="1" bw="12" slack="1"/>
<pin id="316" dir="0" index="2" bw="4" slack="0"/>
<pin id="317" dir="0" index="3" bw="5" slack="0"/>
<pin id="318" dir="1" index="4" bw="6" slack="0"/>
</pin_list>
<bind>
<opcode="partselect(1002) " fcode="partselect"/>
<opset="trunc_ln3/7 "/>
</bind>
</comp>

<comp id="322" class="1004" name="select_ln879_3_fu_322">
<pin_list>
<pin id="323" dir="0" index="0" bw="1" slack="0"/>
<pin id="324" dir="0" index="1" bw="6" slack="0"/>
<pin id="325" dir="0" index="2" bw="6" slack="0"/>
<pin id="326" dir="1" index="3" bw="6" slack="0"/>
</pin_list>
<bind>
<opcode="select(49) " fcode="select"/>
<opset="select_ln879_3/7 "/>
</bind>
</comp>

<comp id="330" class="1004" name="select_ln879_4_fu_330">
<pin_list>
<pin id="331" dir="0" index="0" bw="1" slack="0"/>
<pin id="332" dir="0" index="1" bw="6" slack="0"/>
<pin id="333" dir="0" index="2" bw="6" slack="0"/>
<pin id="334" dir="1" index="3" bw="6" slack="0"/>
</pin_list>
<bind>
<opcode="select(49) " fcode="select"/>
<opset="select_ln879_4/7 "/>
</bind>
</comp>

<comp id="338" class="1004" name="sub_ln703_fu_338">
<pin_list>
<pin id="339" dir="0" index="0" bw="1" slack="0"/>
<pin id="340" dir="0" index="1" bw="6" slack="0"/>
<pin id="341" dir="1" index="2" bw="6" slack="0"/>
</pin_list>
<bind>
<opcode="sub(10) " fcode="sub"/>
<opset="sub_ln703/7 "/>
</bind>
</comp>

<comp id="344" class="1004" name="p_Val2_50_fu_344">
<pin_list>
<pin id="345" dir="0" index="0" bw="1" slack="6"/>
<pin id="346" dir="0" index="1" bw="6" slack="0"/>
<pin id="347" dir="0" index="2" bw="6" slack="0"/>
<pin id="348" dir="1" index="3" bw="6" slack="0"/>
</pin_list>
<bind>
<opcode="select(49) " fcode="select"/>
<opset="p_Val2_50/7 "/>
</bind>
</comp>

<comp id="351" class="1004" name="mrv_fu_351">
<pin_list>
<pin id="352" dir="0" index="0" bw="12" slack="0"/>
<pin id="353" dir="0" index="1" bw="6" slack="0"/>
<pin id="354" dir="1" index="2" bw="12" slack="0"/>
</pin_list>
<bind>
<opcode="insertvalue(57) " fcode="insertvalue"/>
<opset="mrv/7 "/>
</bind>
</comp>

<comp id="357" class="1004" name="mrv_1_fu_357">
<pin_list>
<pin id="358" dir="0" index="0" bw="12" slack="0"/>
<pin id="359" dir="0" index="1" bw="6" slack="0"/>
<pin id="360" dir="1" index="2" bw="12" slack="2147483647"/>
</pin_list>
<bind>
<opcode="insertvalue(57) " fcode="insertvalue"/>
<opset="mrv_1/7 "/>
</bind>
</comp>

<comp id="363" class="1007" name="r_V_48_fu_363">
<pin_list>
<pin id="364" dir="0" index="0" bw="27" slack="0"/>
<pin id="365" dir="0" index="1" bw="10" slack="0"/>
<pin id="366" dir="1" index="2" bw="27" slack="0"/>
</pin_list>
<bind>
<opcode="mul(12) " fcode="mul"/>
<opset="r_V_48/1 "/>
</bind>
</comp>

<comp id="371" class="1007" name="grp_fu_371">
<pin_list>
<pin id="372" dir="0" index="0" bw="18" slack="0"/>
<pin id="373" dir="0" index="1" bw="6" slack="0"/>
<pin id="374" dir="0" index="2" bw="17" slack="0"/>
<pin id="375" dir="1" index="3" bw="19" slack="0"/>
</pin_list>
<bind>
<opcode="mulsub(1173) " fcode="mulsub"/>
<opset="r_V_49/2 rhs_V/2 ret_V_41/2 "/>
</bind>
</comp>

<comp id="381" class="1005" name="sign0_V_reg_381">
<pin_list>
<pin id="382" dir="0" index="0" bw="1" slack="6"/>
<pin id="383" dir="1" index="1" bw="1" slack="6"/>
</pin_list>
<bind>
<opset="sign0_V "/>
</bind>
</comp>

<comp id="386" class="1005" name="p_Val2_s_reg_386">
<pin_list>
<pin id="387" dir="0" index="0" bw="10" slack="1"/>
<pin id="388" dir="1" index="1" bw="10" slack="1"/>
</pin_list>
<bind>
<opset="p_Val2_s "/>
</bind>
</comp>

<comp id="391" class="1005" name="ret_V_reg_391">
<pin_list>
<pin id="392" dir="0" index="0" bw="6" slack="1"/>
<pin id="393" dir="1" index="1" bw="6" slack="1"/>
</pin_list>
<bind>
<opset="ret_V "/>
</bind>
</comp>

<comp id="396" class="1005" name="k_V_reg_396">
<pin_list>
<pin id="397" dir="0" index="0" bw="2" slack="1"/>
<pin id="398" dir="1" index="1" bw="2" slack="1"/>
</pin_list>
<bind>
<opset="k_V "/>
</bind>
</comp>

<comp id="404" class="1005" name="icmp_ln879_reg_404">
<pin_list>
<pin id="405" dir="0" index="0" bw="1" slack="5"/>
<pin id="406" dir="1" index="1" bw="1" slack="5"/>
</pin_list>
<bind>
<opset="icmp_ln879 "/>
</bind>
</comp>

<comp id="410" class="1005" name="z_V_1_reg_410">
<pin_list>
<pin id="411" dir="0" index="0" bw="11" slack="1"/>
<pin id="412" dir="1" index="1" bw="11" slack="1"/>
</pin_list>
<bind>
<opset="z_V_1 "/>
</bind>
</comp>

<comp id="415" class="1005" name="x_V_reg_415">
<pin_list>
<pin id="416" dir="0" index="0" bw="12" slack="1"/>
<pin id="417" dir="1" index="1" bw="12" slack="1"/>
</pin_list>
<bind>
<opset="x_V "/>
</bind>
</comp>

<comp id="420" class="1005" name="trunc_ln266_reg_420">
<pin_list>
<pin id="421" dir="0" index="0" bw="11" slack="1"/>
<pin id="422" dir="1" index="1" bw="11" slack="1"/>
</pin_list>
<bind>
<opset="trunc_ln266 "/>
</bind>
</comp>

<comp id="425" class="1005" name="trunc_ln1_reg_425">
<pin_list>
<pin id="426" dir="0" index="0" bw="6" slack="1"/>
<pin id="427" dir="1" index="1" bw="6" slack="1"/>
</pin_list>
<bind>
<opset="trunc_ln1 "/>
</bind>
</comp>

<comp id="431" class="1005" name="trunc_ln1253_reg_431">
<pin_list>
<pin id="432" dir="0" index="0" bw="11" slack="1"/>
<pin id="433" dir="1" index="1" bw="11" slack="1"/>
</pin_list>
<bind>
<opset="trunc_ln1253 "/>
</bind>
</comp>

</comp_list>

<net_list>
<net id="68"><net_src comp="2" pin="0"/><net_sink comp="64" pin=0"/></net>

<net id="69"><net_src comp="0" pin="0"/><net_sink comp="64" pin=1"/></net>

<net id="74"><net_src comp="42" pin="0"/><net_sink comp="70" pin=0"/></net>

<net id="79"><net_src comp="64" pin="2"/><net_sink comp="75" pin=0"/></net>

<net id="80"><net_src comp="4" pin="0"/><net_sink comp="75" pin=1"/></net>

<net id="85"><net_src comp="4" pin="0"/><net_sink comp="81" pin=0"/></net>

<net id="86"><net_src comp="64" pin="2"/><net_sink comp="81" pin=1"/></net>

<net id="92"><net_src comp="75" pin="2"/><net_sink comp="87" pin=0"/></net>

<net id="93"><net_src comp="64" pin="2"/><net_sink comp="87" pin=1"/></net>

<net id="94"><net_src comp="81" pin="2"/><net_sink comp="87" pin=2"/></net>

<net id="98"><net_src comp="87" pin="3"/><net_sink comp="95" pin=0"/></net>

<net id="105"><net_src comp="8" pin="0"/><net_sink comp="99" pin=0"/></net>

<net id="106"><net_src comp="10" pin="0"/><net_sink comp="99" pin=2"/></net>

<net id="107"><net_src comp="12" pin="0"/><net_sink comp="99" pin=3"/></net>

<net id="114"><net_src comp="14" pin="0"/><net_sink comp="108" pin=0"/></net>

<net id="115"><net_src comp="10" pin="0"/><net_sink comp="108" pin=2"/></net>

<net id="116"><net_src comp="16" pin="0"/><net_sink comp="108" pin=3"/></net>

<net id="125"><net_src comp="20" pin="0"/><net_sink comp="120" pin=0"/></net>

<net id="126"><net_src comp="22" pin="0"/><net_sink comp="120" pin=2"/></net>

<net id="130"><net_src comp="120" pin="3"/><net_sink comp="127" pin=0"/></net>

<net id="137"><net_src comp="24" pin="0"/><net_sink comp="131" pin=0"/></net>

<net id="138"><net_src comp="26" pin="0"/><net_sink comp="131" pin=2"/></net>

<net id="139"><net_src comp="28" pin="0"/><net_sink comp="131" pin=3"/></net>

<net id="144"><net_src comp="30" pin="0"/><net_sink comp="140" pin=1"/></net>

<net id="148"><net_src comp="131" pin="4"/><net_sink comp="145" pin=0"/></net>

<net id="155"><net_src comp="32" pin="0"/><net_sink comp="149" pin=0"/></net>

<net id="156"><net_src comp="34" pin="0"/><net_sink comp="149" pin=2"/></net>

<net id="157"><net_src comp="28" pin="0"/><net_sink comp="149" pin=3"/></net>

<net id="161"><net_src comp="149" pin="4"/><net_sink comp="158" pin=0"/></net>

<net id="166"><net_src comp="36" pin="0"/><net_sink comp="162" pin=0"/></net>

<net id="167"><net_src comp="145" pin="1"/><net_sink comp="162" pin=1"/></net>

<net id="174"><net_src comp="38" pin="0"/><net_sink comp="168" pin=0"/></net>

<net id="175"><net_src comp="162" pin="2"/><net_sink comp="168" pin=1"/></net>

<net id="176"><net_src comp="26" pin="0"/><net_sink comp="168" pin=2"/></net>

<net id="177"><net_src comp="28" pin="0"/><net_sink comp="168" pin=3"/></net>

<net id="182"><net_src comp="40" pin="0"/><net_sink comp="178" pin=1"/></net>

<net id="187"><net_src comp="178" pin="2"/><net_sink comp="183" pin=0"/></net>

<net id="188"><net_src comp="140" pin="2"/><net_sink comp="183" pin=1"/></net>

<net id="194"><net_src comp="183" pin="2"/><net_sink comp="189" pin=0"/></net>

<net id="195"><net_src comp="168" pin="4"/><net_sink comp="189" pin=1"/></net>

<net id="196"><net_src comp="158" pin="1"/><net_sink comp="189" pin=2"/></net>

<net id="200"><net_src comp="70" pin="2"/><net_sink comp="197" pin=0"/></net>

<net id="204"><net_src comp="70" pin="2"/><net_sink comp="201" pin=0"/></net>

<net id="208"><net_src comp="201" pin="1"/><net_sink comp="205" pin=0"/></net>

<net id="215"><net_src comp="44" pin="0"/><net_sink comp="209" pin=0"/></net>

<net id="216"><net_src comp="201" pin="1"/><net_sink comp="209" pin=1"/></net>

<net id="217"><net_src comp="46" pin="0"/><net_sink comp="209" pin=2"/></net>

<net id="218"><net_src comp="48" pin="0"/><net_sink comp="209" pin=3"/></net>

<net id="222"><net_src comp="197" pin="1"/><net_sink comp="219" pin=0"/></net>

<net id="227"><net_src comp="50" pin="0"/><net_sink comp="223" pin=1"/></net>

<net id="232"><net_src comp="52" pin="0"/><net_sink comp="228" pin=0"/></net>

<net id="239"><net_src comp="54" pin="0"/><net_sink comp="233" pin=0"/></net>

<net id="240"><net_src comp="228" pin="2"/><net_sink comp="233" pin=1"/></net>

<net id="241"><net_src comp="46" pin="0"/><net_sink comp="233" pin=2"/></net>

<net id="242"><net_src comp="48" pin="0"/><net_sink comp="233" pin=3"/></net>

<net id="247"><net_src comp="56" pin="0"/><net_sink comp="243" pin=1"/></net>

<net id="252"><net_src comp="52" pin="0"/><net_sink comp="248" pin=0"/></net>

<net id="259"><net_src comp="54" pin="0"/><net_sink comp="253" pin=0"/></net>

<net id="260"><net_src comp="248" pin="2"/><net_sink comp="253" pin=1"/></net>

<net id="261"><net_src comp="46" pin="0"/><net_sink comp="253" pin=2"/></net>

<net id="262"><net_src comp="48" pin="0"/><net_sink comp="253" pin=3"/></net>

<net id="268"><net_src comp="223" pin="2"/><net_sink comp="263" pin=0"/></net>

<net id="269"><net_src comp="253" pin="4"/><net_sink comp="263" pin=2"/></net>

<net id="274"><net_src comp="223" pin="2"/><net_sink comp="270" pin=0"/></net>

<net id="275"><net_src comp="58" pin="0"/><net_sink comp="270" pin=1"/></net>

<net id="280"><net_src comp="270" pin="2"/><net_sink comp="276" pin=1"/></net>

<net id="286"><net_src comp="276" pin="2"/><net_sink comp="281" pin=0"/></net>

<net id="287"><net_src comp="263" pin="3"/><net_sink comp="281" pin=2"/></net>

<net id="292"><net_src comp="223" pin="2"/><net_sink comp="288" pin=0"/></net>

<net id="297"><net_src comp="288" pin="2"/><net_sink comp="293" pin=0"/></net>

<net id="298"><net_src comp="58" pin="0"/><net_sink comp="293" pin=1"/></net>

<net id="303"><net_src comp="243" pin="2"/><net_sink comp="299" pin=0"/></net>

<net id="304"><net_src comp="293" pin="2"/><net_sink comp="299" pin=1"/></net>

<net id="310"><net_src comp="299" pin="2"/><net_sink comp="305" pin=0"/></net>

<net id="311"><net_src comp="253" pin="4"/><net_sink comp="305" pin=1"/></net>

<net id="312"><net_src comp="281" pin="3"/><net_sink comp="305" pin=2"/></net>

<net id="319"><net_src comp="44" pin="0"/><net_sink comp="313" pin=0"/></net>

<net id="320"><net_src comp="46" pin="0"/><net_sink comp="313" pin=2"/></net>

<net id="321"><net_src comp="48" pin="0"/><net_sink comp="313" pin=3"/></net>

<net id="327"><net_src comp="276" pin="2"/><net_sink comp="322" pin=0"/></net>

<net id="328"><net_src comp="233" pin="4"/><net_sink comp="322" pin=1"/></net>

<net id="329"><net_src comp="313" pin="4"/><net_sink comp="322" pin=2"/></net>

<net id="335"><net_src comp="299" pin="2"/><net_sink comp="330" pin=0"/></net>

<net id="336"><net_src comp="233" pin="4"/><net_sink comp="330" pin=1"/></net>

<net id="337"><net_src comp="322" pin="3"/><net_sink comp="330" pin=2"/></net>

<net id="342"><net_src comp="60" pin="0"/><net_sink comp="338" pin=0"/></net>

<net id="343"><net_src comp="305" pin="3"/><net_sink comp="338" pin=1"/></net>

<net id="349"><net_src comp="305" pin="3"/><net_sink comp="344" pin=1"/></net>

<net id="350"><net_src comp="338" pin="2"/><net_sink comp="344" pin=2"/></net>

<net id="355"><net_src comp="62" pin="0"/><net_sink comp="351" pin=0"/></net>

<net id="356"><net_src comp="344" pin="3"/><net_sink comp="351" pin=1"/></net>

<net id="361"><net_src comp="351" pin="2"/><net_sink comp="357" pin=0"/></net>

<net id="362"><net_src comp="330" pin="3"/><net_sink comp="357" pin=1"/></net>

<net id="367"><net_src comp="6" pin="0"/><net_sink comp="363" pin=0"/></net>

<net id="368"><net_src comp="95" pin="1"/><net_sink comp="363" pin=1"/></net>

<net id="369"><net_src comp="363" pin="2"/><net_sink comp="99" pin=1"/></net>

<net id="370"><net_src comp="363" pin="2"/><net_sink comp="108" pin=1"/></net>

<net id="376"><net_src comp="18" pin="0"/><net_sink comp="371" pin=0"/></net>

<net id="377"><net_src comp="117" pin="1"/><net_sink comp="371" pin=1"/></net>

<net id="378"><net_src comp="127" pin="1"/><net_sink comp="371" pin=2"/></net>

<net id="379"><net_src comp="371" pin="3"/><net_sink comp="131" pin=1"/></net>

<net id="380"><net_src comp="371" pin="3"/><net_sink comp="149" pin=1"/></net>

<net id="384"><net_src comp="75" pin="2"/><net_sink comp="381" pin=0"/></net>

<net id="385"><net_src comp="381" pin="1"/><net_sink comp="344" pin=0"/></net>

<net id="389"><net_src comp="87" pin="3"/><net_sink comp="386" pin=0"/></net>

<net id="390"><net_src comp="386" pin="1"/><net_sink comp="120" pin=1"/></net>

<net id="394"><net_src comp="99" pin="4"/><net_sink comp="391" pin=0"/></net>

<net id="395"><net_src comp="391" pin="1"/><net_sink comp="117" pin=0"/></net>

<net id="399"><net_src comp="108" pin="4"/><net_sink comp="396" pin=0"/></net>

<net id="400"><net_src comp="396" pin="1"/><net_sink comp="140" pin=0"/></net>

<net id="401"><net_src comp="396" pin="1"/><net_sink comp="178" pin=0"/></net>

<net id="402"><net_src comp="396" pin="1"/><net_sink comp="223" pin=0"/></net>

<net id="403"><net_src comp="396" pin="1"/><net_sink comp="243" pin=0"/></net>

<net id="407"><net_src comp="140" pin="2"/><net_sink comp="404" pin=0"/></net>

<net id="408"><net_src comp="404" pin="1"/><net_sink comp="276" pin=0"/></net>

<net id="409"><net_src comp="404" pin="1"/><net_sink comp="288" pin=1"/></net>

<net id="413"><net_src comp="189" pin="3"/><net_sink comp="410" pin=0"/></net>

<net id="414"><net_src comp="410" pin="1"/><net_sink comp="70" pin=1"/></net>

<net id="418"><net_src comp="197" pin="1"/><net_sink comp="415" pin=0"/></net>

<net id="419"><net_src comp="415" pin="1"/><net_sink comp="313" pin=1"/></net>

<net id="423"><net_src comp="205" pin="1"/><net_sink comp="420" pin=0"/></net>

<net id="424"><net_src comp="420" pin="1"/><net_sink comp="248" pin=1"/></net>

<net id="428"><net_src comp="209" pin="4"/><net_sink comp="425" pin=0"/></net>

<net id="429"><net_src comp="425" pin="1"/><net_sink comp="263" pin=1"/></net>

<net id="430"><net_src comp="425" pin="1"/><net_sink comp="281" pin=1"/></net>

<net id="434"><net_src comp="219" pin="1"/><net_sink comp="431" pin=0"/></net>

<net id="435"><net_src comp="431" pin="1"/><net_sink comp="228" pin=1"/></net>

</net_list>

</model> 
---------------- Datapath Model END ------------------

* FSMD analyzer results:
  - Output states:
 - Input state : 
	Port: generic_sincos<10, 6> : in_V | {1 }
  - Chain level:
	State 1
		p_Val2_s : 1
		r_V : 2
		r_V_48 : 3
		ret_V : 4
		k_V : 4
	State 2
		r_V_49 : 1
		zext_ln728 : 1
		rhs_V : 2
		ret_V_41 : 3
		p_Val2_43 : 4
		rhs_V_5 : 5
		trunc_ln708_s : 4
		z_V : 5
		ret_V_42 : 6
		trunc_ln708_11 : 7
		or_ln251 : 1
		z_V_1 : 8
	State 3
	State 4
	State 5
	State 6
		x_V : 1
		y_V : 1
		trunc_ln266 : 2
		trunc_ln1 : 2
		trunc_ln1253 : 2
	State 7
		trunc_ln708_12 : 1
		trunc_ln708_13 : 1
		select_ln879 : 2
		xor_ln879 : 1
		and_ln879 : 1
		select_ln879_1 : 3
		or_ln879 : 1
		xor_ln879_1 : 1
		and_ln879_1 : 1
		p_Val2_49 : 4
		select_ln879_3 : 1
		select_ln879_4 : 1
		sub_ln703 : 5
		p_Val2_50 : 6
		mrv : 7
		mrv_1 : 8
		ret_ln293 : 9


============================================================
+ Verbose Summary: Datapath Resource usage 
============================================================

* Functional unit list:
|----------|----------------------------------------|---------|---------|---------|
| Operation|             Functional Unit            |  DSP48E |    FF   |   LUT   |
|----------|----------------------------------------|---------|---------|---------|
|   call   | grp_cordic_circ_apfixed_12_3_0_s_fu_70 |    0    |    99   |   1413  |
|----------|----------------------------------------|---------|---------|---------|
|          |              inabs_V_fu_81             |    0    |    0    |    17   |
|          |             ret_V_42_fu_162            |    0    |    0    |    19   |
|    sub   |              r_V_50_fu_228             |    0    |    0    |    18   |
|          |              r_V_51_fu_248             |    0    |    0    |    18   |
|          |            sub_ln703_fu_338            |    0    |    0    |    15   |
|----------|----------------------------------------|---------|---------|---------|
|          |             p_Val2_s_fu_87             |    0    |    0    |    10   |
|          |              z_V_1_fu_189              |    0    |    0    |    11   |
|          |           select_ln879_fu_263          |    0    |    0    |    6    |
|  select  |          select_ln879_1_fu_281         |    0    |    0    |    6    |
|          |            p_Val2_49_fu_305            |    0    |    0    |    6    |
|          |          select_ln879_3_fu_322         |    0    |    0    |    6    |
|          |          select_ln879_4_fu_330         |    0    |    0    |    6    |
|          |            p_Val2_50_fu_344            |    0    |    0    |    6    |
|----------|----------------------------------------|---------|---------|---------|
|          |              sign0_V_fu_75             |    0    |    0    |    13   |
|          |            icmp_ln879_fu_140           |    0    |    0    |    8    |
|   icmp   |            icmp_ln251_fu_178           |    0    |    0    |    8    |
|          |           icmp_ln879_1_fu_223          |    0    |    0    |    8    |
|          |           icmp_ln879_2_fu_243          |    0    |    0    |    8    |
|----------|----------------------------------------|---------|---------|---------|
|    or    |             or_ln251_fu_183            |    0    |    0    |    2    |
|          |             or_ln879_fu_288            |    0    |    0    |    2    |
|----------|----------------------------------------|---------|---------|---------|
|    xor   |            xor_ln879_fu_270            |    0    |    0    |    2    |
|          |           xor_ln879_1_fu_293           |    0    |    0    |    2    |
|----------|----------------------------------------|---------|---------|---------|
|    and   |            and_ln879_fu_276            |    0    |    0    |    2    |
|          |           and_ln879_1_fu_299           |    0    |    0    |    2    |
|----------|----------------------------------------|---------|---------|---------|
|    mul   |              r_V_48_fu_363             |    1    |    0    |    0    |
|----------|----------------------------------------|---------|---------|---------|
|  mulsub  |               grp_fu_371               |    1    |    0    |    0    |
|----------|----------------------------------------|---------|---------|---------|
|   read   |          in_V_read_read_fu_64          |    0    |    0    |    0    |
|----------|----------------------------------------|---------|---------|---------|
|          |                r_V_fu_95               |    0    |    0    |    0    |
|          |              r_V_43_fu_117             |    0    |    0    |    0    |
|   zext   |            zext_ln728_fu_127           |    0    |    0    |    0    |
|          |             rhs_V_5_fu_145             |    0    |    0    |    0    |
|          |               z_V_fu_158               |    0    |    0    |    0    |
|----------|----------------------------------------|---------|---------|---------|
|          |               ret_V_fu_99              |    0    |    0    |    0    |
|          |               k_V_fu_108               |    0    |    0    |    0    |
|          |            p_Val2_43_fu_131            |    0    |    0    |    0    |
|          |          trunc_ln708_s_fu_149          |    0    |    0    |    0    |
|partselect|          trunc_ln708_11_fu_168         |    0    |    0    |    0    |
|          |            trunc_ln1_fu_209            |    0    |    0    |    0    |
|          |          trunc_ln708_12_fu_233         |    0    |    0    |    0    |
|          |          trunc_ln708_13_fu_253         |    0    |    0    |    0    |
|          |            trunc_ln3_fu_313            |    0    |    0    |    0    |
|----------|----------------------------------------|---------|---------|---------|
|bitconcatenate|              lhs_V_fu_120              |    0    |    0    |    0    |
|----------|----------------------------------------|---------|---------|---------|
|extractvalue|               x_V_fu_197               |    0    |    0    |    0    |
|          |               y_V_fu_201               |    0    |    0    |    0    |
|----------|----------------------------------------|---------|---------|---------|
|   trunc  |           trunc_ln266_fu_205           |    0    |    0    |    0    |
|          |           trunc_ln1253_fu_219          |    0    |    0    |    0    |
|----------|----------------------------------------|---------|---------|---------|
|insertvalue|               mrv_fu_351               |    0    |    0    |    0    |
|          |              mrv_1_fu_357              |    0    |    0    |    0    |
|----------|----------------------------------------|---------|---------|---------|
|   Total  |                                        |    2    |    99   |   1614  |
|----------|----------------------------------------|---------|---------|---------|

Memories:
N/A

* Register list:
+--------------------+--------+
|                    |   FF   |
+--------------------+--------+
| icmp_ln879_reg_404 |    1   |
|     k_V_reg_396    |    2   |
|  p_Val2_s_reg_386  |   10   |
|    ret_V_reg_391   |    6   |
|   sign0_V_reg_381  |    1   |
|trunc_ln1253_reg_431|   11   |
|  trunc_ln1_reg_425 |    6   |
| trunc_ln266_reg_420|   11   |
|     x_V_reg_415    |   12   |
|    z_V_1_reg_410   |   11   |
+--------------------+--------+
|        Total       |   71   |
+--------------------+--------+

* Multiplexer (MUX) list: 
|--------|------|------|------|--------|
|  Comp  |  Pin | Size |  BW  | S x BW |
|--------|------|------|------|--------|
|  Total |      |      |      |    0   |
|--------|------|------|------|--------|



* Summary:
+-----------+--------+--------+--------+
|           | DSP48E |   FF   |   LUT  |
+-----------+--------+--------+--------+
|  Function |    2   |   99   |  1614  |
|   Memory  |    -   |    -   |    -   |
|Multiplexer|    -   |    -   |    -   |
|  Register |    -   |   71   |    -   |
+-----------+--------+--------+--------+
|   Total   |    2   |   170  |  1614  |
+-----------+--------+--------+--------+
