

================================================================
== Vivado HLS Report for 'cordic_circ_apfixed_14_3_0_s'
================================================================
* Date:           Sun Feb 26 15:36:26 2023

* Version:        2020.1 (Build 2897737 on Wed May 27 20:21:37 MDT 2020)
* Project:        myproject_prj
* Solution:       solution1
* Product family: virtexuplus
* Target device:  xcvu9p-flga2577-2-e


================================================================
== Performance Estimates
================================================================
+ Timing: 
    * Summary: 
    +--------+---------+----------+------------+
    |  Clock |  Target | Estimated| Uncertainty|
    +--------+---------+----------+------------+
    |ap_clk  | 5.00 ns | 4.272 ns |   0.62 ns  |
    +--------+---------+----------+------------+

+ Latency: 
    * Summary: 
    +---------+---------+-----------+-----------+-----+-----+----------+
    |  Latency (cycles) |   Latency (absolute)  |  Interval | Pipeline |
    |   min   |   max   |    min    |    max    | min | max |   Type   |
    +---------+---------+-----------+-----------+-----+-----+----------+
    |        3|        3| 15.000 ns | 15.000 ns |    1|    1| function |
    +---------+---------+-----------+-----------+-----+-----+----------+

    + Detail: 
        * Instance: 
        N/A

        * Loop: 
        N/A



================================================================
== Utilization Estimates
================================================================
* Summary: 
+---------------------+---------+-------+---------+---------+-----+
|         Name        | BRAM_18K| DSP48E|    FF   |   LUT   | URAM|
+---------------------+---------+-------+---------+---------+-----+
|DSP                  |        -|      -|        -|        -|    -|
|Expression           |        -|      -|        0|     1826|    -|
|FIFO                 |        -|      -|        -|        -|    -|
|Instance             |        -|      -|        -|        -|    -|
|Memory               |        -|      -|        -|        -|    -|
|Multiplexer          |        -|      -|        -|        -|    -|
|Register             |        -|      -|      156|        -|    -|
+---------------------+---------+-------+---------+---------+-----+
|Total                |        0|      0|      156|     1826|    0|
+---------------------+---------+-------+---------+---------+-----+
|Available SLR        |     1440|   2280|   788160|   394080|  320|
+---------------------+---------+-------+---------+---------+-----+
|Utilization SLR (%)  |        0|      0|    ~0   |    ~0   |    0|
+---------------------+---------+-------+---------+---------+-----+
|Available            |     4320|   6840|  2364480|  1182240|  960|
+---------------------+---------+-------+---------+---------+-----+
|Utilization (%)      |        0|      0|    ~0   |    ~0   |    0|
+---------------------+---------+-------+---------+---------+-----+

+ Detail: 
    * Instance: 
    N/A

    * DSP48E: 
    N/A

    * Memory: 
    N/A

    * FIFO: 
    N/A

    * Expression: 
    +----------------------------+----------+-------+---+----+------------+------------+
    |        Variable Name       | Operation| DSP48E| FF| LUT| Bitwidth P0| Bitwidth P1|
    +----------------------------+----------+-------+---+----+------------+------------+
    |add_ln101_10_fu_657_p2      |     +    |      0|  0|  18|          14|          14|
    |add_ln101_11_fu_755_p2      |     +    |      0|  0|  18|           6|          14|
    |add_ln101_12_fu_761_p2      |     +    |      0|  0|  18|          14|          14|
    |add_ln101_13_fu_894_p2      |     +    |      0|  0|  18|           5|          14|
    |add_ln101_14_fu_899_p2      |     +    |      0|  0|  18|          14|          14|
    |add_ln101_15_fu_955_p2      |     +    |      0|  0|  18|           4|          14|
    |add_ln101_16_fu_961_p2      |     +    |      0|  0|  18|          14|          14|
    |add_ln101_17_fu_1059_p2     |     +    |      0|  0|  18|           3|          14|
    |add_ln101_18_fu_1065_p2     |     +    |      0|  0|  18|          14|          14|
    |add_ln101_19_fu_1163_p2     |     +    |      0|  0|  18|           2|          14|
    |add_ln101_1_fu_226_p2       |     +    |      0|  0|  18|          11|          14|
    |add_ln101_20_fu_1169_p2     |     +    |      0|  0|  18|          14|          14|
    |add_ln101_2_fu_232_p2       |     +    |      0|  0|  18|          14|          14|
    |add_ln101_3_fu_338_p2       |     +    |      0|  0|  18|          10|          14|
    |add_ln101_4_fu_344_p2       |     +    |      0|  0|  18|          14|          14|
    |add_ln101_5_fu_446_p2       |     +    |      0|  0|  18|           9|          14|
    |add_ln101_6_fu_452_p2       |     +    |      0|  0|  18|          14|          14|
    |add_ln101_7_fu_585_p2       |     +    |      0|  0|  18|           8|          14|
    |add_ln101_8_fu_590_p2       |     +    |      0|  0|  18|          14|          14|
    |add_ln101_9_fu_651_p2       |     +    |      0|  0|  18|           7|          14|
    |add_ln101_fu_164_p2         |     +    |      0|  0|  21|          14|          14|
    |add_ln203_10_fu_1123_p2     |     +    |      0|  0|  20|          13|          13|
    |add_ln203_11_fu_1225_p2     |     +    |      0|  0|  20|          13|          13|
    |add_ln203_12_fu_1289_p2     |     +    |      0|  0|  20|          13|          13|
    |add_ln203_13_fu_1359_p2     |     +    |      0|  0|  20|          13|          13|
    |add_ln203_14_fu_528_p2      |     +    |      0|  0|  20|          13|          13|
    |add_ln203_15_fu_629_p2      |     +    |      0|  0|  21|          14|          14|
    |add_ln203_16_fu_733_p2      |     +    |      0|  0|  21|          14|          14|
    |add_ln203_17_fu_837_p2      |     +    |      0|  0|  21|          14|          14|
    |add_ln203_18_fu_934_p2      |     +    |      0|  0|  21|          14|          14|
    |add_ln203_19_fu_1037_p2     |     +    |      0|  0|  21|          14|          14|
    |add_ln203_1_fu_316_p2       |     +    |      0|  0|  20|          13|          13|
    |add_ln203_20_fu_1141_p2     |     +    |      0|  0|  21|          14|          14|
    |add_ln203_21_fu_1240_p2     |     +    |      0|  0|  21|          14|          14|
    |add_ln203_22_fu_1307_p2     |     +    |      0|  0|  21|          14|          14|
    |add_ln203_23_fu_1377_p2     |     +    |      0|  0|  21|          14|          14|
    |add_ln203_2_fu_406_p2       |     +    |      0|  0|  20|          13|          13|
    |add_ln203_3_fu_424_p2       |     +    |      0|  0|  20|          13|          13|
    |add_ln203_4_fu_510_p2       |     +    |      0|  0|  20|          13|          13|
    |add_ln203_5_fu_613_p2       |     +    |      0|  0|  20|          13|          13|
    |add_ln203_6_fu_715_p2       |     +    |      0|  0|  20|          13|          13|
    |add_ln203_7_fu_819_p2       |     +    |      0|  0|  20|          13|          13|
    |add_ln203_8_fu_919_p2       |     +    |      0|  0|  20|          13|          13|
    |add_ln203_9_fu_1019_p2      |     +    |      0|  0|  20|          13|          13|
    |add_ln203_fu_298_p2         |     +    |      0|  0|  19|          12|          12|
    |sub_ln203_10_fu_1129_p2     |     -    |      0|  0|  21|          14|          14|
    |sub_ln203_11_fu_1230_p2     |     -    |      0|  0|  21|          14|          14|
    |sub_ln203_12_fu_1295_p2     |     -    |      0|  0|  21|          14|          14|
    |sub_ln203_13_fu_1365_p2     |     -    |      0|  0|  21|          14|          14|
    |sub_ln203_14_fu_522_p2      |     -    |      0|  0|  20|          13|          13|
    |sub_ln203_15_fu_624_p2      |     -    |      0|  0|  20|          13|          13|
    |sub_ln203_16_fu_727_p2      |     -    |      0|  0|  20|          13|          13|
    |sub_ln203_17_fu_831_p2      |     -    |      0|  0|  20|          13|          13|
    |sub_ln203_18_fu_929_p2      |     -    |      0|  0|  20|          13|          13|
    |sub_ln203_19_fu_1031_p2     |     -    |      0|  0|  20|          13|          13|
    |sub_ln203_1_fu_310_p2       |     -    |      0|  0|  19|          12|          12|
    |sub_ln203_20_fu_1135_p2     |     -    |      0|  0|  20|          13|          13|
    |sub_ln203_21_fu_1235_p2     |     -    |      0|  0|  20|          13|          13|
    |sub_ln203_22_fu_1301_p2     |     -    |      0|  0|  20|          13|          13|
    |sub_ln203_23_fu_1371_p2     |     -    |      0|  0|  20|          13|          13|
    |sub_ln203_2_fu_412_p2       |     -    |      0|  0|  20|          13|          13|
    |sub_ln203_3_fu_418_p2       |     -    |      0|  0|  20|          13|          13|
    |sub_ln203_4_fu_516_p2       |     -    |      0|  0|  20|          13|          13|
    |sub_ln203_5_fu_618_p2       |     -    |      0|  0|  21|          14|          14|
    |sub_ln203_6_fu_721_p2       |     -    |      0|  0|  21|          14|          14|
    |sub_ln203_7_fu_825_p2       |     -    |      0|  0|  21|          14|          14|
    |sub_ln203_8_fu_924_p2       |     -    |      0|  0|  21|          14|          14|
    |sub_ln203_9_fu_1025_p2      |     -    |      0|  0|  21|          14|          14|
    |sub_ln203_fu_304_p2         |     -    |      0|  0|  20|          13|          13|
    |select_ln101_10_fu_578_p3   |  select  |      0|  0|   8|           1|           8|
    |select_ln101_11_fu_542_p3   |  select  |      0|  0|  13|           1|          13|
    |select_ln101_12_fu_550_p3   |  select  |      0|  0|  13|           1|          13|
    |select_ln101_13_fu_643_p3   |  select  |      0|  0|   7|           1|           7|
    |select_ln101_14_fu_663_p3   |  select  |      0|  0|  14|           1|          14|
    |select_ln101_15_fu_671_p3   |  select  |      0|  0|  13|           1|          13|
    |select_ln101_16_fu_747_p3   |  select  |      0|  0|   6|           1|           6|
    |select_ln101_17_fu_767_p3   |  select  |      0|  0|  14|           1|          14|
    |select_ln101_18_fu_775_p3   |  select  |      0|  0|  13|           1|          13|
    |select_ln101_19_fu_887_p3   |  select  |      0|  0|   5|           1|           5|
    |select_ln101_1_fu_218_p3    |  select  |      0|  0|  11|           1|          11|
    |select_ln101_20_fu_851_p3   |  select  |      0|  0|  14|           1|          14|
    |select_ln101_21_fu_859_p3   |  select  |      0|  0|  13|           1|          13|
    |select_ln101_22_fu_947_p3   |  select  |      0|  0|   4|           1|           4|
    |select_ln101_23_fu_967_p3   |  select  |      0|  0|  14|           1|          14|
    |select_ln101_24_fu_975_p3   |  select  |      0|  0|  13|           1|          13|
    |select_ln101_25_fu_1051_p3  |  select  |      0|  0|   3|           1|           3|
    |select_ln101_26_fu_1071_p3  |  select  |      0|  0|  14|           1|          14|
    |select_ln101_27_fu_1079_p3  |  select  |      0|  0|  13|           1|          13|
    |select_ln101_28_fu_1155_p3  |  select  |      0|  0|   2|           1|           2|
    |select_ln101_29_fu_1175_p3  |  select  |      0|  0|  14|           1|          14|
    |select_ln101_2_fu_238_p3    |  select  |      0|  0|  12|           1|          12|
    |select_ln101_30_fu_1183_p3  |  select  |      0|  0|  13|           1|          13|
    |select_ln101_31_fu_1245_p3  |  select  |      0|  0|  14|           1|          14|
    |select_ln101_32_fu_1252_p3  |  select  |      0|  0|  13|           1|          13|
    |select_ln101_33_fu_1313_p3  |  select  |      0|  0|  14|           1|          14|
    |select_ln101_34_fu_1320_p3  |  select  |      0|  0|  13|           1|          13|
    |select_ln101_35_fu_1383_p3  |  select  |      0|  0|  14|           1|          14|
    |select_ln101_36_fu_1390_p3  |  select  |      0|  0|  13|           1|          13|
    |select_ln101_3_fu_250_p3    |  select  |      0|  0|  11|           1|          11|
    |select_ln101_4_fu_330_p3    |  select  |      0|  0|  10|           1|          10|
    |select_ln101_5_fu_350_p3    |  select  |      0|  0|  13|           1|          13|
    |select_ln101_6_fu_358_p3    |  select  |      0|  0|  12|           1|          12|
    |select_ln101_7_fu_438_p3    |  select  |      0|  0|   9|           1|           9|
    |select_ln101_8_fu_458_p3    |  select  |      0|  0|  13|           1|          13|
    |select_ln101_9_fu_466_p3    |  select  |      0|  0|  13|           1|          13|
    |select_ln101_fu_156_p3      |  select  |      0|  0|  12|           1|          11|
    |select_ln1371_1_fu_1335_p3  |  select  |      0|  0|   2|           1|           2|
    |select_ln1371_2_fu_1351_p3  |  select  |      0|  0|   2|           1|           2|
    |select_ln1371_fu_1267_p3    |  select  |      0|  0|   2|           1|           2|
    |select_ln203_1_fu_186_p3    |  select  |      0|  0|  12|           1|          12|
    |select_ln203_2_fu_194_p3    |  select  |      0|  0|  10|           1|           9|
    |select_ln203_3_fu_202_p3    |  select  |      0|  0|  11|           1|          11|
    |select_ln203_fu_178_p3      |  select  |      0|  0|  10|           1|          10|
    +----------------------------+----------+-------+---+----+------------+------------+
    |Total                       |          |      0|  0|1826|         903|        1401|
    +----------------------------+----------+-------+---+----+------------+------------+

    * Multiplexer: 
    N/A

    * Register: 
    +--------------------------+----+----+-----+-----------+
    |           Name           | FF | LUT| Bits| Const Bits|
    +--------------------------+----+----+-----+-----------+
    |add_ln101_12_reg_1444     |  14|   0|   14|          0|
    |add_ln101_6_reg_1413      |  14|   0|   14|          0|
    |select_ln101_11_reg_1423  |  13|   0|   13|          0|
    |select_ln101_12_reg_1428  |  13|   0|   13|          0|
    |select_ln101_20_reg_1454  |  14|   0|   14|          0|
    |select_ln101_21_reg_1460  |  13|   0|   13|          0|
    |select_ln101_29_reg_1476  |  14|   0|   14|          0|
    |select_ln101_30_reg_1482  |  13|   0|   13|          0|
    |tmp_13_reg_1418           |   1|   0|    1|          0|
    |tmp_14_reg_1434           |   8|   0|    8|          0|
    |tmp_15_reg_1439           |   8|   0|    8|          0|
    |tmp_25_reg_1449           |   1|   0|    1|          0|
    |tmp_26_reg_1466           |   5|   0|    5|          0|
    |tmp_27_reg_1471           |   6|   0|    6|          0|
    |tmp_38_reg_1488           |   2|   0|    2|          0|
    |tmp_39_reg_1493           |   3|   0|    3|          0|
    |tmp_40_reg_1498           |   1|   0|    1|          0|
    |z_V_read_int_reg          |  13|   0|   13|          0|
    +--------------------------+----+----+-----+-----------+
    |Total                     | 156|   0|  156|          0|
    +--------------------------+----+----+-----+-----------+



================================================================
== Interface
================================================================
* Summary: 
+-------------+-----+-----+------------+-------------------------------+--------------+
|  RTL Ports  | Dir | Bits|  Protocol  |         Source Object         |    C Type    |
+-------------+-----+-----+------------+-------------------------------+--------------+
|ap_clk       |  in |    1| ap_ctrl_hs | cordic_circ_apfixed<14, 3, 0> | return value |
|ap_rst       |  in |    1| ap_ctrl_hs | cordic_circ_apfixed<14, 3, 0> | return value |
|ap_return_0  | out |   14| ap_ctrl_hs | cordic_circ_apfixed<14, 3, 0> | return value |
|ap_return_1  | out |   14| ap_ctrl_hs | cordic_circ_apfixed<14, 3, 0> | return value |
|ap_ce        |  in |    1| ap_ctrl_hs | cordic_circ_apfixed<14, 3, 0> | return value |
|z_V_read     |  in |   13|   ap_none  |            z_V_read           |    scalar    |
+-------------+-----+-----+------------+-------------------------------+--------------+

