

================================================================
== Vivado HLS Report for 'cos_lut_ap_fixed_10_6_5_3_0_s'
================================================================
* Date:           Sun Feb 26 11:01:27 2023

* Version:        2020.1 (Build 2897737 on Wed May 27 20:21:37 MDT 2020)
* Project:        myproject_prj
* Solution:       solution1
* Product family: virtexuplus
* Target device:  xcvu9p-flga2577-2-e


================================================================
== Performance Estimates
================================================================
+ Timing: 
    * Summary: 
    +--------+---------+----------+------------+
    |  Clock |  Target | Estimated| Uncertainty|
    +--------+---------+----------+------------+
    |ap_clk  | 5.00 ns | 4.339 ns |   0.62 ns  |
    +--------+---------+----------+------------+

+ Latency: 
    * Summary: 
    +---------+---------+-----------+-----------+-----+-----+----------+
    |  Latency (cycles) |   Latency (absolute)  |  Interval | Pipeline |
    |   min   |   max   |    min    |    max    | min | max |   Type   |
    +---------+---------+-----------+-----------+-----+-----+----------+
    |        3|        3| 15.000 ns | 15.000 ns |    1|    1| function |
    +---------+---------+-----------+-----------+-----+-----+----------+

    + Detail: 
        * Instance: 
        N/A

        * Loop: 
        N/A



================================================================
== Utilization Estimates
================================================================
* Summary: 
+---------------------+---------+-------+---------+---------+-----+
|         Name        | BRAM_18K| DSP48E|    FF   |   LUT   | URAM|
+---------------------+---------+-------+---------+---------+-----+
|DSP                  |        -|      1|        -|        -|    -|
|Expression           |        -|      -|       40|      987|    -|
|FIFO                 |        -|      -|        -|        -|    -|
|Instance             |        -|      0|      520|      336|    -|
|Memory               |        2|      -|        0|        0|    -|
|Multiplexer          |        -|      -|        -|        -|    -|
|Register             |        0|      -|      134|       32|    -|
+---------------------+---------+-------+---------+---------+-----+
|Total                |        2|      1|      694|     1355|    0|
+---------------------+---------+-------+---------+---------+-----+
|Available SLR        |     1440|   2280|   788160|   394080|  320|
+---------------------+---------+-------+---------+---------+-----+
|Utilization SLR (%)  |    ~0   |   ~0  |    ~0   |    ~0   |    0|
+---------------------+---------+-------+---------+---------+-----+
|Available            |     4320|   6840|  2364480|  1182240|  960|
+---------------------+---------+-------+---------+---------+-----+
|Utilization (%)      |    ~0   |   ~0  |    ~0   |    ~0   |    0|
+---------------------+---------+-------+---------+---------+-----+

+ Detail: 
    * Instance: 
    +------------------------------------+--------------------------------+---------+-------+-----+----+-----+
    |              Instance              |             Module             | BRAM_18K| DSP48E|  FF | LUT| URAM|
    +------------------------------------+--------------------------------+---------+-------+-----+----+-----+
    |myproject_dcmp_64ns_64ns_1_2_1_U11  |myproject_dcmp_64ns_64ns_1_2_1  |        0|      0|  130|  84|    0|
    |myproject_dcmp_64ns_64ns_1_2_1_U12  |myproject_dcmp_64ns_64ns_1_2_1  |        0|      0|  130|  84|    0|
    |myproject_dcmp_64ns_64ns_1_2_1_U13  |myproject_dcmp_64ns_64ns_1_2_1  |        0|      0|  130|  84|    0|
    |myproject_dcmp_64ns_64ns_1_2_1_U14  |myproject_dcmp_64ns_64ns_1_2_1  |        0|      0|  130|  84|    0|
    +------------------------------------+--------------------------------+---------+-------+-----+----+-----+
    |Total                               |                                |        0|      0|  520| 336|    0|
    +------------------------------------+--------------------------------+---------+-------+-----+----+-----+

    * DSP48E: 
    +---------------------------------------+-----------------------------------+-----------+
    |                Instance               |               Module              | Expression|
    +---------------------------------------+-----------------------------------+-----------+
    |myproject_mul_mul_15ns_10s_25_1_1_U15  |myproject_mul_mul_15ns_10s_25_1_1  |  i0 * i1  |
    +---------------------------------------+-----------------------------------+-----------+

    * Memory: 
    +-------------+-----------------------------------------+---------+---+----+-----+------+-----+------+-------------+
    |    Memory   |                  Module                 | BRAM_18K| FF| LUT| URAM| Words| Bits| Banks| W*Bits*Banks|
    +-------------+-----------------------------------------+---------+---+----+-----+------+-----+------+-------------+
    |sincos1_0_U  |sin_lut_ap_fixed_10_6_5_3_0_s_sincos1_0  |        1|  0|   0|    0|   512|    5|     1|         2560|
    |sincos1_1_U  |sin_lut_ap_fixed_10_6_5_3_0_s_sincos1_1  |        1|  0|   0|    0|   512|    4|     1|         2048|
    +-------------+-----------------------------------------+---------+---+----+-----+------+-----+------+-------------+
    |Total        |                                         |        2|  0|   0|    0|  1024|    9|     2|         4608|
    +-------------+-----------------------------------------+---------+---+----+-----+------+-----+------+-------------+

    * FIFO: 
    N/A

    * Expression: 
    +-----------------------------+----------+-------+----+-----+------------+------------+
    |        Variable Name        | Operation| DSP48E| FF | LUT | Bitwidth P0| Bitwidth P1|
    +-----------------------------+----------+-------+----+-----+------------+------------+
    |add_ln147_fu_538_p2          |     +    |      0|   0|   11|           3|           3|
    |add_ln899_fu_319_p2          |     +    |      0|   0|   12|           4|           4|
    |add_ln908_fu_390_p2          |     +    |      0|   0|   39|           7|          32|
    |add_ln915_fu_463_p2          |     +    |      0|   0|   18|           1|          11|
    |lsb_index_fu_246_p2          |     +    |      0|   0|   39|           7|          32|
    |m_13_fu_430_p2               |     +    |      0|   0|   71|          64|          64|
    |sub_ln214_fu_365_p2          |     -    |      0|   0|   16|           1|           9|
    |sub_ln703_1_fu_577_p2        |     -    |      0|   0|   15|           1|           5|
    |sub_ln703_fu_567_p2          |     -    |      0|   0|   15|           1|           5|
    |sub_ln894_fu_236_p2          |     -    |      0|   0|   39|           3|          32|
    |sub_ln897_fu_272_p2          |     -    |      0|   0|   11|           2|           3|
    |sub_ln908_fu_405_p2          |     -    |      0|   0|   39|           6|          32|
    |sub_ln915_fu_458_p2          |     -    |      0|   0|   18|          10|          11|
    |a_fu_299_p2                  |    and   |      0|   0|    2|           1|           1|
    |and_ln146_fu_609_p2          |    and   |      0|   0|    2|           1|           1|
    |and_ln147_fu_615_p2          |    and   |      0|   0|    2|           1|           1|
    |and_ln148_1_fu_643_p2        |    and   |      0|   0|    2|           1|           1|
    |and_ln148_2_fu_649_p2        |    and   |      0|   0|    2|           1|           1|
    |and_ln148_fu_637_p2          |    and   |      0|   0|    2|           1|           1|
    |and_ln154_1_fu_661_p2        |    and   |      0|   0|    2|           1|           1|
    |and_ln154_fu_666_p2          |    and   |      0|   0|    2|           1|           1|
    |and_ln155_1_fu_677_p2        |    and   |      0|   0|    2|           1|           1|
    |and_ln155_fu_682_p2          |    and   |      0|   0|    2|           1|           1|
    |and_ln899_fu_332_p2          |    and   |      0|   0|    2|           1|           1|
    |ap_block_pp0_stage0_00001    |    and   |      0|   0|    2|           1|           1|
    |p_Result_17_fu_288_p2        |    and   |      0|   0|    4|           4|           4|
    |l_fu_224_p3                  |   cttz   |      0|  40|   36|          32|           0|
    |icmp_ln146_1_fu_588_p2       |   icmp   |      0|   0|    9|           3|           1|
    |icmp_ln146_2_fu_599_p2       |   icmp   |      0|   0|    9|           3|           3|
    |icmp_ln146_3_fu_604_p2       |   icmp   |      0|   0|    9|           3|           1|
    |icmp_ln146_fu_583_p2         |   icmp   |      0|   0|    9|           3|           3|
    |icmp_ln147_fu_553_p2         |   icmp   |      0|   0|    8|           2|           1|
    |icmp_ln148_1_fu_632_p2       |   icmp   |      0|   0|    9|           3|           2|
    |icmp_ln148_fu_627_p2         |   icmp   |      0|   0|    9|           3|           3|
    |icmp_ln885_fu_533_p2         |   icmp   |      0|   0|    9|           4|           1|
    |icmp_ln897_2_fu_293_p2       |   icmp   |      0|   0|    9|           4|           1|
    |icmp_ln897_fu_262_p2         |   icmp   |      0|   0|   20|          31|           1|
    |icmp_ln908_fu_352_p2         |   icmp   |      0|   0|   20|          32|           1|
    |icmp_ln924_2_fu_521_p2       |   icmp   |      0|   0|   29|          52|           1|
    |icmp_ln924_fu_515_p2         |   icmp   |      0|   0|   13|          11|           2|
    |lshr_ln897_fu_282_p2         |   lshr   |      0|   0|    9|           2|           4|
    |lshr_ln908_fu_395_p2         |   lshr   |      0|   0|   92|          32|          32|
    |ap_block_pp0_stage0_subdone  |    or    |      0|   0|    2|           1|           1|
    |or_ln146_fu_593_p2           |    or    |      0|   0|    2|           1|           1|
    |or_ln154_1_fu_655_p2         |    or    |      0|   0|    2|           1|           1|
    |or_ln154_2_fu_709_p2         |    or    |      0|   0|    2|           1|           1|
    |or_ln154_3_fu_735_p2         |    or    |      0|   0|    2|           1|           1|
    |or_ln154_fu_695_p2           |    or    |      0|   0|    2|           1|           1|
    |or_ln155_fu_671_p2           |    or    |      0|   0|    2|           1|           1|
    |or_ln899_fu_338_p2           |    or    |      0|   0|    2|           1|           1|
    |or_ln924_fu_527_p2           |    or    |      0|   0|    2|           1|           1|
    |ap_return                    |  select  |      0|   0|    6|           1|           6|
    |luTdex_V_2_fu_371_p3         |  select  |      0|   0|    9|           1|           9|
    |m_12_fu_420_p3               |  select  |      0|   0|   63|           1|          64|
    |select_ln154_1_fu_701_p3     |  select  |      0|   0|    6|           1|           6|
    |select_ln154_2_fu_715_p3     |  select  |      0|   0|    5|           1|           5|
    |select_ln154_3_fu_727_p3     |  select  |      0|   0|    6|           1|           6|
    |select_ln154_fu_687_p3       |  select  |      0|   0|    5|           1|           4|
    |select_ln915_fu_469_p3       |  select  |      0|   0|   11|           1|          11|
    |shl_ln908_fu_414_p2          |    shl   |      0|   0|  182|          64|          64|
    |ap_enable_pp0                |    xor   |      0|   0|    2|           1|           2|
    |xor_ln147_fu_621_p2          |    xor   |      0|   0|    2|           1|           2|
    |xor_ln899_fu_313_p2          |    xor   |      0|   0|    2|           1|           2|
    +-----------------------------+----------+-------+----+-----+------------+------------+
    |Total                        |          |      0|  40|  987|         430|         506|
    +-----------------------------+----------+-------+----+-----+------------+------------+

    * Multiplexer: 
    N/A

    * Register: 
    +---------------------------------+----+----+-----+-----------+
    |               Name              | FF | LUT| Bits| Const Bits|
    +---------------------------------+----+----+-----+-----------+
    |ap_CS_fsm                        |   1|   0|    1|          0|
    |ap_enable_reg_pp0_iter1          |   1|   0|    1|          0|
    |ap_enable_reg_pp0_iter2          |   1|   0|    1|          0|
    |ap_enable_reg_pp0_iter3          |   1|   0|    1|          0|
    |icmp_ln885_reg_840               |   1|   0|    1|          0|
    |icmp_ln908_reg_811               |   1|   0|    1|          0|
    |luTdex1_V_reg_769                |   1|   0|    1|          0|
    |luTdex1_V_reg_769_pp0_iter1_reg  |   1|   0|    1|          0|
    |octant_V_reg_774                 |   3|   0|    3|          0|
    |or_ln899_s_reg_806               |   1|   0|   32|         31|
    |or_ln924_reg_834                 |   1|   0|    1|          0|
    |p_Result_s_reg_790               |   4|   0|    4|          0|
    |p_Val2_60_reg_760                |   4|   0|    4|          0|
    |p_Val2_60_reg_760_pp0_iter1_reg  |   4|   0|    4|          0|
    |sub_ln894_reg_800                |  32|   0|   32|          0|
    |tmp_12_reg_785                   |   1|   0|    1|          0|
    |tmp_12_reg_785_pp0_iter1_reg     |   1|   0|    1|          0|
    |trunc_ln893_reg_795              |  11|   0|   11|          0|
    |octant_V_reg_774                 |  64|  32|    3|          0|
    +---------------------------------+----+----+-----+-----------+
    |Total                            | 134|  32|  104|         31|
    +---------------------------------+----+----+-----+-----------+



================================================================
== Interface
================================================================
* Summary: 
+-----------+-----+-----+------------+------------------------------------+--------------+
| RTL Ports | Dir | Bits|  Protocol  |            Source Object           |    C Type    |
+-----------+-----+-----+------------+------------------------------------+--------------+
|ap_clk     |  in |    1| ap_ctrl_hs | cos_lut<ap_fixed<10, 6, 5, 3, 0> > | return value |
|ap_rst     |  in |    1| ap_ctrl_hs | cos_lut<ap_fixed<10, 6, 5, 3, 0> > | return value |
|ap_start   |  in |    1| ap_ctrl_hs | cos_lut<ap_fixed<10, 6, 5, 3, 0> > | return value |
|ap_done    | out |    1| ap_ctrl_hs | cos_lut<ap_fixed<10, 6, 5, 3, 0> > | return value |
|ap_idle    | out |    1| ap_ctrl_hs | cos_lut<ap_fixed<10, 6, 5, 3, 0> > | return value |
|ap_ready   | out |    1| ap_ctrl_hs | cos_lut<ap_fixed<10, 6, 5, 3, 0> > | return value |
|ap_ce      |  in |    1| ap_ctrl_hs | cos_lut<ap_fixed<10, 6, 5, 3, 0> > | return value |
|ap_return  | out |    6| ap_ctrl_hs | cos_lut<ap_fixed<10, 6, 5, 3, 0> > | return value |
|input_V    |  in |   10|   ap_none  |               input_V              |    scalar    |
+-----------+-----+-----+------------+------------------------------------+--------------+

