==============================================================
Vivado(TM) HLS - High-Level Synthesis from C, C++ and SystemC v2020.1 (64-bit)
Copyright 1986-2020 Xilinx, Inc. All Rights Reserved.
==============================================================
INFO: [XFORM 203-101] Allowed max sub elements number after partition is 4096.
INFO: [XFORM 203-1161] The maximum of name length is set into 60.
INFO: [HLS 200-10] Setting target device to 'xcvu9p-flga2577-2-e'
INFO: [SYN 201-201] Setting up clock 'default' with a period of 5ns.
INFO: [SCHED 204-61] Option 'relax_ii_for_timing' is enabled, will increase II to preserve clock frequency constraints.
INFO: [HLS 200-10] Analyzing design file 'firmware/myproject.cpp' ... 
INFO: [HLS 200-111] Finished Linking Time (s): cpu = 00:01:09 ; elapsed = 00:01:13 . Memory (MB): peak = 1653.012 ; gain = 1227.961 ; free physical = 49569 ; free virtual = 83430
INFO: [HLS 200-111] Finished Checking Pragmas Time (s): cpu = 00:01:09 ; elapsed = 00:01:13 . Memory (MB): peak = 1653.012 ; gain = 1227.961 ; free physical = 49570 ; free virtual = 83431
INFO: [HLS 200-10] Starting code transformations ...
INFO: [HLS 200-111] Finished Standard Transforms Time (s): cpu = 00:01:12 ; elapsed = 00:01:17 . Memory (MB): peak = 1653.012 ; gain = 1227.961 ; free physical = 49440 ; free virtual = 83336
INFO: [HLS 200-10] Checking synthesizability ...
INFO: [XFORM 203-602] Inlining function 'cordic_apfixed::circ_range_redux<12, 6, 13>' into 'cordic_apfixed::generic_sincos<12, 6>' (/data/tools/Xilinx/Vivado/2020.1/common/technology/autopilot/hls_cordic_apfixed.h:243) automatically.
INFO: [HLS 200-111] Finished Checking Synthesizability Time (s): cpu = 00:01:13 ; elapsed = 00:01:18 . Memory (MB): peak = 1653.012 ; gain = 1227.961 ; free physical = 49399 ; free virtual = 83279
INFO: [XFORM 203-502] Unrolling all loops for pipelining in function 'cordic_apfixed::cordic_circ_apfixed<14, 3, 0>' (/data/tools/Xilinx/Vivado/2020.1/common/technology/autopilot/hls_cordic_apfixed.h:78).
WARNING: [XFORM 203-505] Ignored pipeline directive for loop 'Loop-1' (/data/tools/Xilinx/Vivado/2020.1/common/technology/autopilot/hls_cordic_apfixed.h:87) because its parent loop or function is pipelined.
INFO: [HLS 200-489] Unrolling loop 'Loop-1' (/data/tools/Xilinx/Vivado/2020.1/common/technology/autopilot/hls_cordic_apfixed.h:87) in function 'cordic_apfixed::cordic_circ_apfixed<14, 3, 0>' completely with a factor of 14.
INFO: [XFORM 203-131] Reshaping array 'x.V' (firmware/myproject.cpp:25) in dimension 1 completely.
INFO: [XFORM 203-101] Partitioning array 'y.V' (firmware/myproject.cpp:26) in dimension 1 completely.
INFO: [XFORM 203-602] Inlining function 'cordic_apfixed::circ_range_redux<12, 6, 13>' into 'cordic_apfixed::generic_sincos<12, 6>' (/data/tools/Xilinx/Vivado/2020.1/common/technology/autopilot/hls_cordic_apfixed.h:243) automatically.
INFO: [XFORM 203-602] Inlining function 'hls::sin<12, 6>' into 'myproject' (firmware/myproject.cpp:50) automatically.
INFO: [XFORM 203-401] Performing if-conversion on hyperblock from (/data/tools/Xilinx/Vivado/2020.1/common/technology/autopilot/hls_cordic_apfixed.h:230:25) in function 'cordic_apfixed::generic_sincos<12, 6>'... converting 9 basic blocks.
INFO: [XFORM 203-401] Performing if-conversion on hyperblock in function 'cordic_apfixed::cordic_circ_apfixed<14, 3, 0>'... converting 37 basic blocks.
INFO: [HLS 200-111] Finished Pre-synthesis Time (s): cpu = 00:01:14 ; elapsed = 00:01:20 . Memory (MB): peak = 1653.012 ; gain = 1227.961 ; free physical = 49296 ; free virtual = 83197
WARNING: [XFORM 203-631] Renaming function 'cordic_apfixed::generic_sincos<12, 6>' to 'generic_sincos<12, 6>' (/data/tools/Xilinx/Vivado/2020.1/common/technology/autopilot/hls_cordic_apfixed.h:64:8)
WARNING: [XFORM 203-631] Renaming function 'cordic_apfixed::cordic_circ_apfixed<14, 3, 0>' to 'cordic_circ_apfixed<14, 3, 0>' (/data/tools/Xilinx/Vivado/2020.1/common/technology/autopilot/hls_cordic_apfixed.h:79)
INFO: [HLS 200-111] Finished Architecture Synthesis Time (s): cpu = 00:01:14 ; elapsed = 00:01:20 . Memory (MB): peak = 1653.012 ; gain = 1227.961 ; free physical = 49255 ; free virtual = 83163
INFO: [HLS 200-10] Starting hardware synthesis ...
INFO: [HLS 200-10] Synthesizing 'myproject' ...
WARNING: [SYN 201-103] Legalizing function name 'cordic_circ_apfixed<14, 3, 0>' to 'cordic_circ_apfixed_14_3_0_s'.
WARNING: [SYN 201-103] Legalizing function name 'generic_sincos<12, 6>' to 'generic_sincos_12_6_s'.
INFO: [HLS 200-10] ----------------------------------------------------------------
INFO: [HLS 200-42] -- Implementing module 'cordic_circ_apfixed_14_3_0_s' 
INFO: [HLS 200-10] ----------------------------------------------------------------
INFO: [SCHED 204-11] Starting scheduling ...
INFO: [SCHED 204-61] Pipelining function 'cordic_circ_apfixed<14, 3, 0>'.
INFO: [SCHED 204-61] Pipelining result : Target II = 1, Final II = 1, Depth = 4.
INFO: [SCHED 204-11] Finished scheduling.
INFO: [HLS 200-111]  Elapsed time: 80.54 seconds; current allocated memory: 383.253 MB.
INFO: [BIND 205-100] Starting micro-architecture generation ...
INFO: [BIND 205-101] Performing variable lifetime analysis.
INFO: [BIND 205-101] Exploring resource sharing.
INFO: [BIND 205-101] Binding ...
INFO: [BIND 205-100] Finished micro-architecture generation.
INFO: [HLS 200-111]  Elapsed time: 0.2 seconds; current allocated memory: 383.997 MB.
INFO: [HLS 200-10] ----------------------------------------------------------------
INFO: [HLS 200-42] -- Implementing module 'generic_sincos_12_6_s' 
INFO: [HLS 200-10] ----------------------------------------------------------------
INFO: [SCHED 204-11] Starting scheduling ...
INFO: [SCHED 204-61] Pipelining function 'generic_sincos<12, 6>'.
INFO: [SCHED 204-61] Pipelining result : Target II = 1, Final II = 1, Depth = 8.
INFO: [SCHED 204-11] Finished scheduling.
INFO: [HLS 200-111]  Elapsed time: 0.41 seconds; current allocated memory: 384.275 MB.
INFO: [BIND 205-100] Starting micro-architecture generation ...
INFO: [BIND 205-101] Performing variable lifetime analysis.
INFO: [BIND 205-101] Exploring resource sharing.
INFO: [BIND 205-101] Binding ...
INFO: [BIND 205-100] Finished micro-architecture generation.
INFO: [HLS 200-111]  Elapsed time: 0.27 seconds; current allocated memory: 384.477 MB.
INFO: [HLS 200-10] ----------------------------------------------------------------
INFO: [HLS 200-42] -- Implementing module 'myproject' 
INFO: [HLS 200-10] ----------------------------------------------------------------
INFO: [SCHED 204-11] Starting scheduling ...
INFO: [SCHED 204-61] Pipelining function 'myproject'.
INFO: [SCHED 204-61] Pipelining result : Target II = 1, Final II = 1, Depth = 14.
INFO: [SCHED 204-11] Finished scheduling.
INFO: [HLS 200-111]  Elapsed time: 0.68 seconds; current allocated memory: 385.476 MB.
INFO: [BIND 205-100] Starting micro-architecture generation ...
INFO: [BIND 205-101] Performing variable lifetime analysis.
INFO: [BIND 205-101] Exploring resource sharing.
INFO: [BIND 205-101] Binding ...
INFO: [BIND 205-100] Finished micro-architecture generation.
INFO: [HLS 200-111]  Elapsed time: 1.56 seconds; current allocated memory: 387.389 MB.
INFO: [HLS 200-10] ----------------------------------------------------------------
INFO: [HLS 200-10] -- Generating RTL for module 'cordic_circ_apfixed_14_3_0_s' 
INFO: [HLS 200-10] ----------------------------------------------------------------
INFO: [RTGEN 206-100] Finished creating RTL model for 'cordic_circ_apfixed_14_3_0_s'.
INFO: [HLS 200-111]  Elapsed time: 6.47 seconds; current allocated memory: 390.705 MB.
INFO: [HLS 200-10] ----------------------------------------------------------------
INFO: [HLS 200-10] -- Generating RTL for module 'generic_sincos_12_6_s' 
INFO: [HLS 200-10] ----------------------------------------------------------------
INFO: [RTGEN 206-100] Generating core module 'myproject_mac_mulsub_6ns_15ns_19ns_21_1_0': 1 instance(s).
INFO: [RTGEN 206-100] Generating core module 'myproject_mul_mul_12ns_20ns_31_1_0': 1 instance(s).
INFO: [RTGEN 206-100] Finished creating RTL model for 'generic_sincos_12_6_s'.
INFO: [HLS 200-111]  Elapsed time: 1.29 seconds; current allocated memory: 394.264 MB.
INFO: [HLS 200-10] ----------------------------------------------------------------
INFO: [HLS 200-10] -- Generating RTL for module 'myproject' 
INFO: [HLS 200-10] ----------------------------------------------------------------
