

================================================================
== Vivado HLS Report for 'myproject'
================================================================
* Date:           Thu Feb 23 14:51:43 2023

* Version:        2020.1 (Build 2897737 on Wed May 27 20:21:37 MDT 2020)
* Project:        myproject_prj
* Solution:       solution1
* Product family: virtexuplus
* Target device:  xcvu9p-flga2577-2-e


================================================================
== Performance Estimates
================================================================
+ Timing: 
    * Summary: 
    +--------+---------+----------+------------+
    |  Clock |  Target | Estimated| Uncertainty|
    +--------+---------+----------+------------+
    |ap_clk  | 5.00 ns | 3.330 ns |   0.62 ns  |
    +--------+---------+----------+------------+

+ Latency: 
    * Summary: 
    +---------+---------+----------+----------+-----+-----+----------+
    |  Latency (cycles) |  Latency (absolute) |  Interval | Pipeline |
    |   min   |   max   |    min   |    max   | min | max |   Type   |
    +---------+---------+----------+----------+-----+-----+----------+
    |        0|        0|   0 ns   |   0 ns   |    1|    1| function |
    +---------+---------+----------+----------+-----+-----+----------+

    + Detail: 
        * Instance: 
        N/A

        * Loop: 
        N/A

============================================================
+ Verbose Summary: Synthesis Manager
============================================================
InlineROM: 1
ExposeGlobal: 0
============================================================
+ Verbose Summary: CDFG Model
============================================================
IsTopModel: 1
ResetActiveHigh: 1
IsCombinational: 0
IsDatapathOnly: 0
HasWiredReturn: 1
HasMFsm: 2
HasVarLatency: 0
IsPipeline: 1
IsRtlPipelined: 0
IsInstanceOverlapped: 0
IsDontTouch: 0
HasImplIP: 0
IsGatedGlobalClock: 0

+ Individual pipeline summary: 
  * Pipeline-0: initiation interval (II) = 1, depth = 1


============================================================
+ Verbose Summary: Schedule
============================================================
* Number of FSM states : 1
* Pipeline : 1
  Pipeline-0 : II = 1, D = 1, States = { 1 }
* Dataflow Pipeline: 0

* FSM state transitions: 
1 --> 

* FSM state operations: 

State 1 <SV = 0> <Delay = 3.33>
ST_1 : Operation 2 [1/1] (0.00ns)   --->   "call void (...)* @_ssdm_op_SpecBitsMap(i9* %y_4_V), !map !268"   --->   Operation 2 'specbitsmap' <Predicate = true> <Delay = 0.00>
ST_1 : Operation 3 [1/1] (0.00ns)   --->   "call void (...)* @_ssdm_op_SpecBitsMap(i9* %y_3_V), !map !274"   --->   Operation 3 'specbitsmap' <Predicate = true> <Delay = 0.00>
ST_1 : Operation 4 [1/1] (0.00ns)   --->   "call void (...)* @_ssdm_op_SpecBitsMap(i9* %y_2_V), !map !280"   --->   Operation 4 'specbitsmap' <Predicate = true> <Delay = 0.00>
ST_1 : Operation 5 [1/1] (0.00ns)   --->   "call void (...)* @_ssdm_op_SpecBitsMap(i9* %y_1_V), !map !286"   --->   Operation 5 'specbitsmap' <Predicate = true> <Delay = 0.00>
ST_1 : Operation 6 [1/1] (0.00ns)   --->   "call void (...)* @_ssdm_op_SpecBitsMap(i9* %y_0_V), !map !292"   --->   Operation 6 'specbitsmap' <Predicate = true> <Delay = 0.00>
ST_1 : Operation 7 [1/1] (0.00ns)   --->   "call void (...)* @_ssdm_op_SpecBitsMap(i144* %x_V), !map !298"   --->   Operation 7 'specbitsmap' <Predicate = true> <Delay = 0.00>
ST_1 : Operation 8 [1/1] (0.00ns)   --->   "call void (...)* @_ssdm_op_SpecTopModule([10 x i8]* @myproject_str) nounwind"   --->   Operation 8 'spectopmodule' <Predicate = true> <Delay = 0.00>
ST_1 : Operation 9 [1/1] (0.00ns)   --->   "call void (...)* @_ssdm_op_SpecInterface(i144* %x_V, [7 x i8]* @p_str3, i32 0, i32 0, [1 x i8]* @p_str2, i32 0, i32 0, [1 x i8]* @p_str2, [1 x i8]* @p_str2, [1 x i8]* @p_str2, i32 0, i32 0, i32 0, i32 0, [1 x i8]* @p_str2, [1 x i8]* @p_str2) nounwind"   --->   Operation 9 'specinterface' <Predicate = true> <Delay = 0.00>
ST_1 : Operation 10 [1/1] (0.00ns)   --->   "call void (...)* @_ssdm_op_SpecInterface(i9* %y_0_V, i9* %y_1_V, i9* %y_2_V, i9* %y_3_V, i9* %y_4_V, [7 x i8]* @p_str3, i32 0, i32 0, [1 x i8]* @p_str2, i32 0, i32 0, [1 x i8]* @p_str2, [1 x i8]* @p_str2, [1 x i8]* @p_str2, i32 0, i32 0, i32 0, i32 0, [1 x i8]* @p_str2, [1 x i8]* @p_str2) nounwind" [firmware/myproject.cpp:32]   --->   Operation 10 'specinterface' <Predicate = true> <Delay = 0.00>
ST_1 : Operation 11 [1/1] (0.00ns)   --->   "call void (...)* @_ssdm_op_SpecPipeline(i32 -1, i32 1, i32 1, i32 0, [1 x i8]* @p_str2) nounwind" [firmware/myproject.cpp:33]   --->   Operation 11 'specpipeline' <Predicate = true> <Delay = 0.00>
ST_1 : Operation 12 [1/1] (0.00ns)   --->   "%x_V_read = call i144 @_ssdm_op_Read.ap_vld.i144P(i144* %x_V)" [firmware/myproject.cpp:50]   --->   Operation 12 'read' 'x_V_read' <Predicate = true> <Delay = 0.00>
ST_1 : Operation 13 [1/1] (0.00ns)   --->   "%p_Val2_s = call i9 @_ssdm_op_PartSelect.i9.i144.i32.i32(i144 %x_V_read, i32 126, i32 134)" [firmware/myproject.cpp:50]   --->   Operation 13 'partselect' 'p_Val2_s' <Predicate = true> <Delay = 0.00>
ST_1 : Operation 14 [1/1] (0.00ns)   --->   "%p_Val2_1 = call i9 @_ssdm_op_PartSelect.i9.i144.i32.i32(i144 %x_V_read, i32 36, i32 44)" [firmware/myproject.cpp:50]   --->   Operation 14 'partselect' 'p_Val2_1' <Predicate = true> <Delay = 0.00>
ST_1 : Operation 15 [1/1] (0.00ns)   --->   "%p_Val2_2 = call i9 @_ssdm_op_PartSelect.i9.i144.i32.i32(i144 %x_V_read, i32 135, i32 143)" [firmware/myproject.cpp:50]   --->   Operation 15 'partselect' 'p_Val2_2' <Predicate = true> <Delay = 0.00>
ST_1 : Operation 16 [1/1] (0.00ns)   --->   "%sext_ln1192 = sext i9 %p_Val2_1 to i10" [firmware/myproject.cpp:50]   --->   Operation 16 'sext' 'sext_ln1192' <Predicate = true> <Delay = 0.00>
ST_1 : Operation 17 [1/1] (0.00ns) (grouped into TernaryAdder)   --->   "%ret_V = sub i10 -7, %sext_ln1192" [firmware/myproject.cpp:50]   --->   Operation 17 'sub' 'ret_V' <Predicate = true> <Delay = 0.00> <Core = "TAddSub">   --->   Core 83 'TAddSub' <Latency = 0> <II = 1> <Delay = 0.34> <IPBlock> <Opcode : 'add' 'sub'> <InPorts = 3> <OutPorts = 1> <Sync> <CReg>
ST_1 : Operation 18 [1/1] (0.79ns) (root node of TernaryAdder)   --->   "%add_ln1192 = add i10 %ret_V, 31" [firmware/myproject.cpp:50]   --->   Operation 18 'add' 'add_ln1192' <Predicate = true> <Delay = 0.79> <Core = "TAddSub">   --->   Core 83 'TAddSub' <Latency = 0> <II = 1> <Delay = 0.34> <IPBlock> <Opcode : 'add' 'sub'> <InPorts = 3> <OutPorts = 1> <Sync> <CReg>
ST_1 : Operation 19 [1/1] (0.00ns)   --->   "%sext_ln700 = sext i10 %add_ln1192 to i24" [firmware/myproject.cpp:50]   --->   Operation 19 'sext' 'sext_ln700' <Predicate = true> <Delay = 0.00>
ST_1 : Operation 20 [1/1] (0.49ns) (grouped into DSP with root node ret_V_1)   --->   "%mul_ln700 = mul i24 %sext_ln700, 6336" [firmware/myproject.cpp:50]   --->   Operation 20 'mul' 'mul_ln700' <Predicate = true> <Delay = 0.49> <Core = "DSP48">   --->   Core 88 'DSP48' <Latency = 0> <II = 1> <Delay = 2.53> <IPBlock> <Opcode : 'mul' 'add' 'sub' 'select'> <InPorts = 2> <OutPorts = 1> <Sync> <CReg>
ST_1 : Operation 21 [1/1] (2.03ns) (root node of the DSP)   --->   "%ret_V_1 = add i24 %mul_ln700, 229376" [firmware/myproject.cpp:50]   --->   Operation 21 'add' 'ret_V_1' <Predicate = true> <Delay = 2.03> <Core = "DSP48">   --->   Core 88 'DSP48' <Latency = 0> <II = 1> <Delay = 2.53> <IPBlock> <Opcode : 'mul' 'add' 'sub' 'select'> <InPorts = 2> <OutPorts = 1> <Sync> <CReg>
ST_1 : Operation 22 [1/1] (0.00ns)   --->   "%trunc_ln708_3 = call i9 @_ssdm_op_PartSelect.i9.i24.i32.i32(i24 %ret_V_1, i32 15, i32 23)" [firmware/myproject.cpp:50]   --->   Operation 22 'partselect' 'trunc_ln708_3' <Predicate = true> <Delay = 0.00>
ST_1 : Operation 23 [1/1] (0.00ns)   --->   "call void @_ssdm_op_Write.ap_vld.i9P(i9* %y_0_V, i9 %trunc_ln708_3)" [firmware/myproject.cpp:50]   --->   Operation 23 'write' <Predicate = true> <Delay = 0.00>
ST_1 : Operation 24 [1/1] (0.00ns)   --->   "call void @_ssdm_op_Write.ap_vld.i9P(i9* %y_1_V, i9 3)" [firmware/myproject.cpp:51]   --->   Operation 24 'write' <Predicate = true> <Delay = 0.00>
ST_1 : Operation 25 [1/1] (0.00ns)   --->   "%shl_ln1 = call i10 @_ssdm_op_BitConcatenate.i10.i9.i1(i9 %p_Val2_s, i1 false)" [firmware/myproject.cpp:52]   --->   Operation 25 'bitconcatenate' 'shl_ln1' <Predicate = true> <Delay = 0.00>
ST_1 : Operation 26 [1/1] (0.00ns)   --->   "%sext_ln1118 = sext i10 %shl_ln1 to i11" [firmware/myproject.cpp:52]   --->   Operation 26 'sext' 'sext_ln1118' <Predicate = true> <Delay = 0.00>
ST_1 : Operation 27 [1/1] (0.72ns)   --->   "%r_V = sub i11 0, %sext_ln1118" [firmware/myproject.cpp:52]   --->   Operation 27 'sub' 'r_V' <Predicate = true> <Delay = 0.72> <Core = "AddSub">   --->   Core 14 'AddSub' <Latency = 0> <II = 1> <Delay = 0.71> <FuncUnit> <Opcode : 'add' 'sub'> <InPorts = 2> <OutPorts = 1>
ST_1 : Operation 28 [1/1] (0.00ns)   --->   "%lhs_V_3 = call i17 @_ssdm_op_BitConcatenate.i17.i11.i6(i11 %r_V, i6 0)" [firmware/myproject.cpp:52]   --->   Operation 28 'bitconcatenate' 'lhs_V_3' <Predicate = true> <Delay = 0.00>
ST_1 : Operation 29 [1/1] (0.00ns)   --->   "%tmp_5 = call i9 @_ssdm_op_PartSelect.i9.i144.i32.i32(i144 %x_V_read, i32 18, i32 26)" [firmware/myproject.cpp:52]   --->   Operation 29 'partselect' 'tmp_5' <Predicate = true> <Delay = 0.00>
ST_1 : Operation 30 [1/1] (0.00ns)   --->   "%sext_ln703 = sext i17 %lhs_V_3 to i18" [firmware/myproject.cpp:52]   --->   Operation 30 'sext' 'sext_ln703' <Predicate = true> <Delay = 0.00>
ST_1 : Operation 31 [1/1] (0.00ns)   --->   "%rhs_V = call i17 @_ssdm_op_BitConcatenate.i17.i9.i8(i9 %tmp_5, i8 0)" [firmware/myproject.cpp:52]   --->   Operation 31 'bitconcatenate' 'rhs_V' <Predicate = true> <Delay = 0.00>
ST_1 : Operation 32 [1/1] (0.00ns)   --->   "%sext_ln728 = sext i17 %rhs_V to i18" [firmware/myproject.cpp:52]   --->   Operation 32 'sext' 'sext_ln728' <Predicate = true> <Delay = 0.00>
ST_1 : Operation 33 [1/1] (0.00ns) (grouped into TernaryAdder)   --->   "%ret_V_2 = add i18 %sext_ln728, %sext_ln703" [firmware/myproject.cpp:52]   --->   Operation 33 'add' 'ret_V_2' <Predicate = true> <Delay = 0.00> <Core = "TAddSub">   --->   Core 83 'TAddSub' <Latency = 0> <II = 1> <Delay = 0.34> <IPBlock> <Opcode : 'add' 'sub'> <InPorts = 3> <OutPorts = 1> <Sync> <CReg>
ST_1 : Operation 34 [1/1] (0.68ns) (root node of TernaryAdder)   --->   "%ret_V_3 = add i18 %ret_V_2, -6656" [firmware/myproject.cpp:52]   --->   Operation 34 'add' 'ret_V_3' <Predicate = true> <Delay = 0.68> <Core = "TAddSub">   --->   Core 83 'TAddSub' <Latency = 0> <II = 1> <Delay = 0.34> <IPBlock> <Opcode : 'add' 'sub'> <InPorts = 3> <OutPorts = 1> <Sync> <CReg>
ST_1 : Operation 35 [1/1] (0.00ns)   --->   "%trunc_ln708_9 = call i9 @_ssdm_op_PartSelect.i9.i18.i32.i32(i18 %ret_V_3, i32 9, i32 17)" [firmware/myproject.cpp:52]   --->   Operation 35 'partselect' 'trunc_ln708_9' <Predicate = true> <Delay = 0.00>
ST_1 : Operation 36 [1/1] (0.00ns)   --->   "call void @_ssdm_op_Write.ap_vld.i9P(i9* %y_2_V, i9 %trunc_ln708_9)" [firmware/myproject.cpp:52]   --->   Operation 36 'write' <Predicate = true> <Delay = 0.00>
ST_1 : Operation 37 [1/1] (0.00ns)   --->   "%lhs_V = sext i9 %p_Val2_s to i10" [firmware/myproject.cpp:53]   --->   Operation 37 'sext' 'lhs_V' <Predicate = true> <Delay = 0.00>
ST_1 : Operation 38 [1/1] (0.00ns)   --->   "%rhs_V_1 = sext i9 %p_Val2_2 to i10" [firmware/myproject.cpp:53]   --->   Operation 38 'sext' 'rhs_V_1' <Predicate = true> <Delay = 0.00>
ST_1 : Operation 39 [1/1] (0.71ns)   --->   "%ret_V_4 = add nsw i10 %rhs_V_1, %lhs_V" [firmware/myproject.cpp:53]   --->   Operation 39 'add' 'ret_V_4' <Predicate = true> <Delay = 0.71> <Core = "AddSub">   --->   Core 14 'AddSub' <Latency = 0> <II = 1> <Delay = 0.71> <FuncUnit> <Opcode : 'add' 'sub'> <InPorts = 2> <OutPorts = 1>
ST_1 : Operation 40 [1/1] (0.00ns)   --->   "%lhs_V_1 = call i13 @_ssdm_op_BitConcatenate.i13.i10.i3(i10 %ret_V_4, i3 0)" [firmware/myproject.cpp:53]   --->   Operation 40 'bitconcatenate' 'lhs_V_1' <Predicate = true> <Delay = 0.00>
ST_1 : Operation 41 [1/1] (0.00ns)   --->   "%sext_ln728_1 = sext i13 %lhs_V_1 to i14" [firmware/myproject.cpp:53]   --->   Operation 41 'sext' 'sext_ln728_1' <Predicate = true> <Delay = 0.00>
ST_1 : Operation 42 [1/1] (0.00ns) (grouped into DSP with root node ret_V_6)   --->   "%ret_V_5 = add i14 %sext_ln728_1, -7" [firmware/myproject.cpp:53]   --->   Operation 42 'add' 'ret_V_5' <Predicate = true> <Delay = 0.00> <Core = "DSP48">   --->   Core 88 'DSP48' <Latency = 0> <II = 1> <Delay = 2.53> <IPBlock> <Opcode : 'mul' 'add' 'sub' 'select'> <InPorts = 2> <OutPorts = 1> <Sync> <CReg>
ST_1 : Operation 43 [1/1] (0.00ns) (grouped into DSP with root node ret_V_6)   --->   "%sext_ln1192_1 = sext i14 %ret_V_5 to i18" [firmware/myproject.cpp:53]   --->   Operation 43 'sext' 'sext_ln1192_1' <Predicate = true> <Delay = 0.00>
ST_1 : Operation 44 [1/1] (0.49ns) (grouped into DSP with root node ret_V_6)   --->   "%mul_ln1192 = mul i18 %sext_ln1192_1, -22" [firmware/myproject.cpp:53]   --->   Operation 44 'mul' 'mul_ln1192' <Predicate = true> <Delay = 0.49> <Core = "DSP48">   --->   Core 88 'DSP48' <Latency = 0> <II = 1> <Delay = 2.53> <IPBlock> <Opcode : 'mul' 'add' 'sub' 'select'> <InPorts = 2> <OutPorts = 1> <Sync> <CReg>
ST_1 : Operation 45 [1/1] (2.03ns) (root node of the DSP)   --->   "%ret_V_6 = add i18 %mul_ln1192, 1184" [firmware/myproject.cpp:53]   --->   Operation 45 'add' 'ret_V_6' <Predicate = true> <Delay = 2.03> <Core = "DSP48">   --->   Core 88 'DSP48' <Latency = 0> <II = 1> <Delay = 2.53> <IPBlock> <Opcode : 'mul' 'add' 'sub' 'select'> <InPorts = 2> <OutPorts = 1> <Sync> <CReg>
ST_1 : Operation 46 [1/1] (0.00ns)   --->   "%trunc_ln708_s = call i9 @_ssdm_op_PartSelect.i9.i18.i32.i32(i18 %ret_V_6, i32 9, i32 17)" [firmware/myproject.cpp:53]   --->   Operation 46 'partselect' 'trunc_ln708_s' <Predicate = true> <Delay = 0.00>
ST_1 : Operation 47 [1/1] (0.00ns)   --->   "call void @_ssdm_op_Write.ap_vld.i9P(i9* %y_3_V, i9 %trunc_ln708_s)" [firmware/myproject.cpp:53]   --->   Operation 47 'write' <Predicate = true> <Delay = 0.00>
ST_1 : Operation 48 [1/1] (0.00ns)   --->   "call void @_ssdm_op_Write.ap_vld.i9P(i9* %y_4_V, i9 -9)" [firmware/myproject.cpp:54]   --->   Operation 48 'write' <Predicate = true> <Delay = 0.00>
ST_1 : Operation 49 [1/1] (0.00ns)   --->   "ret void" [firmware/myproject.cpp:56]   --->   Operation 49 'ret' <Predicate = true> <Delay = 0.00>


============================================================
+ Verbose Summary: Timing violations
============================================================
Target clock period: 5ns, clock uncertainty: 0.625ns.

 <State 1>: 3.33ns
The critical path consists of the following:
	wire read on port 'x_V' (firmware/myproject.cpp:50) [17]  (0 ns)
	'sub' operation ('ret.V', firmware/myproject.cpp:50) [22]  (0 ns)
	'add' operation ('add_ln1192', firmware/myproject.cpp:50) [23]  (0.797 ns)
	'mul' operation of DSP[26] ('mul_ln700', firmware/myproject.cpp:50) [25]  (0.494 ns)
	'add' operation of DSP[26] ('ret.V', firmware/myproject.cpp:50) [26]  (2.04 ns)


============================================================
+ Verbose Summary: Binding
============================================================
N/A
* FSMD analyzer results:
  - Output states:
 - Input state : 
  - Chain level:
	State 1


============================================================
+ Verbose Summary: Datapath Resource usage 
============================================================
N/A
